[2022-11-08T15:18:56.562+0000] {taskinstance.py:1165} INFO - Dependencies all met for <TaskInstance: our_first_dag_v5.first_task scheduled__2021-12-08T00:00:00+00:00 [queued]>
[2022-11-08T15:18:56.622+0000] {taskinstance.py:1165} INFO - Dependencies all met for <TaskInstance: our_first_dag_v5.first_task scheduled__2021-12-08T00:00:00+00:00 [queued]>
[2022-11-08T15:18:56.632+0000] {taskinstance.py:1362} INFO - 
--------------------------------------------------------------------------------
[2022-11-08T15:18:56.633+0000] {taskinstance.py:1363} INFO - Starting attempt 1 of 6
[2022-11-08T15:18:56.633+0000] {taskinstance.py:1364} INFO - 
--------------------------------------------------------------------------------
[2022-11-08T15:18:56.734+0000] {taskinstance.py:1383} INFO - Executing <Task(BashOperator): first_task> on 2021-12-08 00:00:00+00:00
[2022-11-08T15:18:56.755+0000] {standard_task_runner.py:55} INFO - Started process 2120 to run task
[2022-11-08T15:18:56.784+0000] {standard_task_runner.py:82} INFO - Running: ['***', 'tasks', 'run', 'our_first_dag_v5', 'first_task', 'scheduled__2021-12-08T00:00:00+00:00', '--job-id', '398', '--raw', '--subdir', 'DAGS_FOLDER/first_dag.py', '--cfg-path', '/tmp/tmpudx0r4hh']
[2022-11-08T15:18:56.803+0000] {standard_task_runner.py:83} INFO - Job 398: Subtask first_task
[2022-11-08T15:18:57.113+0000] {task_command.py:376} INFO - Running <TaskInstance: our_first_dag_v5.first_task scheduled__2021-12-08T00:00:00+00:00 [running]> on host ade0f1f4f3fb
[2022-11-08T15:18:57.366+0000] {taskinstance.py:1592} INFO - Exporting the following env vars:
AIRFLOW_CTX_DAG_OWNER=kshama
AIRFLOW_CTX_DAG_ID=our_first_dag_v5
AIRFLOW_CTX_TASK_ID=first_task
AIRFLOW_CTX_EXECUTION_DATE=2021-12-08T00:00:00+00:00
AIRFLOW_CTX_TRY_NUMBER=1
AIRFLOW_CTX_DAG_RUN_ID=scheduled__2021-12-08T00:00:00+00:00
[2022-11-08T15:18:57.367+0000] {subprocess.py:63} INFO - Tmp dir root location: 
 /tmp
[2022-11-08T15:18:57.378+0000] {subprocess.py:75} INFO - Running command: ['/bin/bash', '-c', 'echo hello world, this is the first task!']
[2022-11-08T15:18:57.432+0000] {subprocess.py:86} INFO - Output:
[2022-11-08T15:18:57.435+0000] {subprocess.py:93} INFO - hello world, this is the first task!
[2022-11-08T15:18:57.437+0000] {subprocess.py:97} INFO - Command exited with return code 0
[2022-11-08T15:18:57.526+0000] {taskinstance.py:1406} INFO - Marking task as SUCCESS. dag_id=our_first_dag_v5, task_id=first_task, execution_date=20211208T000000, start_date=20221108T151856, end_date=20221108T151857
[2022-11-08T15:18:57.641+0000] {local_task_job.py:164} INFO - Task exited with return code 0
[2022-11-08T15:18:57.933+0000] {local_task_job.py:273} INFO - 0 downstream tasks scheduled from follow-on schedule check
