[2022-11-08T15:24:55.511+0000] {taskinstance.py:1165} INFO - Dependencies all met for <TaskInstance: our_first_dag_v2.first_task scheduled__2022-02-18T00:00:00+00:00 [queued]>
[2022-11-08T15:24:55.541+0000] {taskinstance.py:1165} INFO - Dependencies all met for <TaskInstance: our_first_dag_v2.first_task scheduled__2022-02-18T00:00:00+00:00 [queued]>
[2022-11-08T15:24:55.550+0000] {taskinstance.py:1362} INFO - 
--------------------------------------------------------------------------------
[2022-11-08T15:24:55.551+0000] {taskinstance.py:1363} INFO - Starting attempt 1 of 6
[2022-11-08T15:24:55.551+0000] {taskinstance.py:1364} INFO - 
--------------------------------------------------------------------------------
[2022-11-08T15:24:55.767+0000] {taskinstance.py:1383} INFO - Executing <Task(BashOperator): first_task> on 2022-02-18 00:00:00+00:00
[2022-11-08T15:24:55.780+0000] {standard_task_runner.py:55} INFO - Started process 4712 to run task
[2022-11-08T15:24:55.791+0000] {standard_task_runner.py:82} INFO - Running: ['***', 'tasks', 'run', 'our_first_dag_v2', 'first_task', 'scheduled__2022-02-18T00:00:00+00:00', '--job-id', '1139', '--raw', '--subdir', 'DAGS_FOLDER/first_dag.py', '--cfg-path', '/tmp/tmpw6cm6er5']
[2022-11-08T15:24:55.797+0000] {standard_task_runner.py:83} INFO - Job 1139: Subtask first_task
[2022-11-08T15:24:56.017+0000] {task_command.py:376} INFO - Running <TaskInstance: our_first_dag_v2.first_task scheduled__2022-02-18T00:00:00+00:00 [running]> on host ade0f1f4f3fb
[2022-11-08T15:24:56.264+0000] {taskinstance.py:1592} INFO - Exporting the following env vars:
AIRFLOW_CTX_DAG_OWNER=kshama
AIRFLOW_CTX_DAG_ID=our_first_dag_v2
AIRFLOW_CTX_TASK_ID=first_task
AIRFLOW_CTX_EXECUTION_DATE=2022-02-18T00:00:00+00:00
AIRFLOW_CTX_TRY_NUMBER=1
AIRFLOW_CTX_DAG_RUN_ID=scheduled__2022-02-18T00:00:00+00:00
[2022-11-08T15:24:56.266+0000] {subprocess.py:63} INFO - Tmp dir root location: 
 /tmp
[2022-11-08T15:24:56.270+0000] {subprocess.py:75} INFO - Running command: ['/bin/bash', '-c', 'echo hello world, this is the first task!']
[2022-11-08T15:24:56.370+0000] {subprocess.py:86} INFO - Output:
[2022-11-08T15:24:56.380+0000] {subprocess.py:93} INFO - hello world, this is the first task!
[2022-11-08T15:24:56.384+0000] {subprocess.py:97} INFO - Command exited with return code 0
[2022-11-08T15:24:56.458+0000] {taskinstance.py:1406} INFO - Marking task as SUCCESS. dag_id=our_first_dag_v2, task_id=first_task, execution_date=20220218T000000, start_date=20221108T152455, end_date=20221108T152456
[2022-11-08T15:24:56.693+0000] {local_task_job.py:164} INFO - Task exited with return code 0
[2022-11-08T15:24:56.773+0000] {local_task_job.py:273} INFO - 1 downstream tasks scheduled from follow-on schedule check
