[2022-11-08T15:22:16.649+0000] {taskinstance.py:1165} INFO - Dependencies all met for <TaskInstance: our_first_dag_v2.second_task scheduled__2021-12-13T00:00:00+00:00 [queued]>
[2022-11-08T15:22:16.672+0000] {taskinstance.py:1165} INFO - Dependencies all met for <TaskInstance: our_first_dag_v2.second_task scheduled__2021-12-13T00:00:00+00:00 [queued]>
[2022-11-08T15:22:16.674+0000] {taskinstance.py:1362} INFO - 
--------------------------------------------------------------------------------
[2022-11-08T15:22:16.676+0000] {taskinstance.py:1363} INFO - Starting attempt 1 of 6
[2022-11-08T15:22:16.677+0000] {taskinstance.py:1364} INFO - 
--------------------------------------------------------------------------------
[2022-11-08T15:22:16.765+0000] {taskinstance.py:1383} INFO - Executing <Task(BashOperator): second_task> on 2021-12-13 00:00:00+00:00
[2022-11-08T15:22:16.775+0000] {standard_task_runner.py:55} INFO - Started process 3993 to run task
[2022-11-08T15:22:16.802+0000] {standard_task_runner.py:82} INFO - Running: ['***', 'tasks', 'run', 'our_first_dag_v2', 'second_task', 'scheduled__2021-12-13T00:00:00+00:00', '--job-id', '948', '--raw', '--subdir', 'DAGS_FOLDER/first_dag.py', '--cfg-path', '/tmp/tmpqo59i7bb']
[2022-11-08T15:22:16.810+0000] {standard_task_runner.py:83} INFO - Job 948: Subtask second_task
[2022-11-08T15:22:17.110+0000] {task_command.py:376} INFO - Running <TaskInstance: our_first_dag_v2.second_task scheduled__2021-12-13T00:00:00+00:00 [running]> on host ade0f1f4f3fb
[2022-11-08T15:22:17.465+0000] {taskinstance.py:1592} INFO - Exporting the following env vars:
AIRFLOW_CTX_DAG_OWNER=kshama
AIRFLOW_CTX_DAG_ID=our_first_dag_v2
AIRFLOW_CTX_TASK_ID=second_task
AIRFLOW_CTX_EXECUTION_DATE=2021-12-13T00:00:00+00:00
AIRFLOW_CTX_TRY_NUMBER=1
AIRFLOW_CTX_DAG_RUN_ID=scheduled__2021-12-13T00:00:00+00:00
[2022-11-08T15:22:17.466+0000] {subprocess.py:63} INFO - Tmp dir root location: 
 /tmp
[2022-11-08T15:22:17.467+0000] {subprocess.py:75} INFO - Running command: ['/bin/bash', '-c', 'echo hey, I am task2 and will be running after task1!']
[2022-11-08T15:22:17.496+0000] {subprocess.py:86} INFO - Output:
[2022-11-08T15:22:17.498+0000] {subprocess.py:93} INFO - hey, I am task2 and will be running after task1!
[2022-11-08T15:22:17.499+0000] {subprocess.py:97} INFO - Command exited with return code 0
[2022-11-08T15:22:17.561+0000] {taskinstance.py:1406} INFO - Marking task as SUCCESS. dag_id=our_first_dag_v2, task_id=second_task, execution_date=20211213T000000, start_date=20221108T152216, end_date=20221108T152217
[2022-11-08T15:22:17.614+0000] {local_task_job.py:164} INFO - Task exited with return code 0
[2022-11-08T15:22:17.668+0000] {local_task_job.py:273} INFO - 0 downstream tasks scheduled from follow-on schedule check
