[2022-11-08T16:08:59.314+0000] {processor.py:154} INFO - Started process (PID=9902) to work on /opt/airflow/dags/dag_with_API.py
[2022-11-08T16:08:59.315+0000] {processor.py:756} INFO - Processing file /opt/airflow/dags/dag_with_API.py for tasks to queue
[2022-11-08T16:08:59.316+0000] {logging_mixin.py:120} INFO - [2022-11-08T16:08:59.315+0000] {dagbag.py:537} INFO - Filling up the DagBag from /opt/airflow/dags/dag_with_API.py
[2022-11-08T16:08:59.339+0000] {logging_mixin.py:120} WARNING - /home/airflow/.local/lib/python3.7/site-packages/airflow/models/dag.py:3437 RemovedInAirflow3Warning: Param `schedule_interval` is deprecated and will be removed in a future release. Please use `schedule` instead.
[2022-11-08T16:08:59.344+0000] {logging_mixin.py:120} INFO - [2022-11-08T16:08:59.344+0000] {taskmixin.py:205} WARNING - Dependency <Task(_PythonDecoratedOperator): get_name>, greet already registered for DAG: dag_with_taskflow_api_v02
[2022-11-08T16:08:59.345+0000] {logging_mixin.py:120} INFO - [2022-11-08T16:08:59.345+0000] {taskmixin.py:205} WARNING - Dependency <Task(_PythonDecoratedOperator): greet>, get_name already registered for DAG: dag_with_taskflow_api_v02
[2022-11-08T16:08:59.350+0000] {processor.py:766} INFO - DAG(s) dict_keys(['dag_with_taskflow_api_v02']) retrieved from /opt/airflow/dags/dag_with_API.py
[2022-11-08T16:08:59.447+0000] {logging_mixin.py:120} INFO - [2022-11-08T16:08:59.447+0000] {manager.py:507} INFO - Created Permission View: can delete on DAG:dag_with_taskflow_api_v02
[2022-11-08T16:08:59.457+0000] {logging_mixin.py:120} INFO - [2022-11-08T16:08:59.456+0000] {manager.py:507} INFO - Created Permission View: can edit on DAG:dag_with_taskflow_api_v02
[2022-11-08T16:08:59.463+0000] {logging_mixin.py:120} INFO - [2022-11-08T16:08:59.463+0000] {manager.py:507} INFO - Created Permission View: can read on DAG:dag_with_taskflow_api_v02
[2022-11-08T16:08:59.464+0000] {logging_mixin.py:120} INFO - [2022-11-08T16:08:59.463+0000] {dag.py:2585} INFO - Sync 1 DAGs
[2022-11-08T16:08:59.474+0000] {logging_mixin.py:120} INFO - [2022-11-08T16:08:59.474+0000] {dag.py:2606} INFO - Creating ORM DAG for dag_with_taskflow_api_v02
[2022-11-08T16:08:59.484+0000] {logging_mixin.py:120} INFO - [2022-11-08T16:08:59.484+0000] {dag.py:3340} INFO - Setting next_dagrun for dag_with_taskflow_api_v02 to 2022-11-08T00:00:00+00:00, run_after=2022-11-09T00:00:00+00:00
[2022-11-08T16:08:59.498+0000] {processor.py:176} INFO - Processing /opt/airflow/dags/dag_with_API.py took 0.188 seconds
[2022-11-08T16:09:29.560+0000] {processor.py:154} INFO - Started process (PID=9944) to work on /opt/airflow/dags/dag_with_API.py
[2022-11-08T16:09:29.561+0000] {processor.py:756} INFO - Processing file /opt/airflow/dags/dag_with_API.py for tasks to queue
[2022-11-08T16:09:29.562+0000] {logging_mixin.py:120} INFO - [2022-11-08T16:09:29.561+0000] {dagbag.py:537} INFO - Filling up the DagBag from /opt/airflow/dags/dag_with_API.py
[2022-11-08T16:09:29.581+0000] {logging_mixin.py:120} WARNING - /home/airflow/.local/lib/python3.7/site-packages/airflow/models/dag.py:3437 RemovedInAirflow3Warning: Param `schedule_interval` is deprecated and will be removed in a future release. Please use `schedule` instead.
[2022-11-08T16:09:29.587+0000] {logging_mixin.py:120} INFO - [2022-11-08T16:09:29.587+0000] {taskmixin.py:205} WARNING - Dependency <Task(_PythonDecoratedOperator): get_name>, greet already registered for DAG: dag_with_taskflow_api_v02
[2022-11-08T16:09:29.587+0000] {logging_mixin.py:120} INFO - [2022-11-08T16:09:29.587+0000] {taskmixin.py:205} WARNING - Dependency <Task(_PythonDecoratedOperator): greet>, get_name already registered for DAG: dag_with_taskflow_api_v02
[2022-11-08T16:09:29.595+0000] {processor.py:766} INFO - DAG(s) dict_keys(['dag_with_taskflow_api_v02']) retrieved from /opt/airflow/dags/dag_with_API.py
[2022-11-08T16:09:29.644+0000] {logging_mixin.py:120} INFO - [2022-11-08T16:09:29.644+0000] {dag.py:2585} INFO - Sync 1 DAGs
[2022-11-08T16:09:29.673+0000] {logging_mixin.py:120} INFO - [2022-11-08T16:09:29.672+0000] {dag.py:3340} INFO - Setting next_dagrun for dag_with_taskflow_api_v02 to 2022-11-08T00:00:00+00:00, run_after=2022-11-09T00:00:00+00:00
[2022-11-08T16:09:29.695+0000] {processor.py:176} INFO - Processing /opt/airflow/dags/dag_with_API.py took 0.141 seconds
[2022-11-08T16:09:31.695+0000] {processor.py:154} INFO - Started process (PID=9949) to work on /opt/airflow/dags/dag_with_API.py
[2022-11-08T16:09:31.696+0000] {processor.py:756} INFO - Processing file /opt/airflow/dags/dag_with_API.py for tasks to queue
[2022-11-08T16:09:31.696+0000] {logging_mixin.py:120} INFO - [2022-11-08T16:09:31.696+0000] {dagbag.py:537} INFO - Filling up the DagBag from /opt/airflow/dags/dag_with_API.py
[2022-11-08T16:09:31.715+0000] {logging_mixin.py:120} WARNING - /home/airflow/.local/lib/python3.7/site-packages/airflow/models/dag.py:3437 RemovedInAirflow3Warning: Param `schedule_interval` is deprecated and will be removed in a future release. Please use `schedule` instead.
[2022-11-08T16:09:31.722+0000] {logging_mixin.py:120} INFO - [2022-11-08T16:09:31.721+0000] {taskmixin.py:205} WARNING - Dependency <Task(_PythonDecoratedOperator): get_name>, greet already registered for DAG: dag_with_taskflow_api_v02
[2022-11-08T16:09:31.722+0000] {logging_mixin.py:120} INFO - [2022-11-08T16:09:31.722+0000] {taskmixin.py:205} WARNING - Dependency <Task(_PythonDecoratedOperator): greet>, get_name already registered for DAG: dag_with_taskflow_api_v02
[2022-11-08T16:09:31.729+0000] {processor.py:766} INFO - DAG(s) dict_keys(['dag_with_taskflow_api_v02']) retrieved from /opt/airflow/dags/dag_with_API.py
[2022-11-08T16:09:31.770+0000] {logging_mixin.py:120} INFO - [2022-11-08T16:09:31.770+0000] {dag.py:2585} INFO - Sync 1 DAGs
[2022-11-08T16:09:31.798+0000] {logging_mixin.py:120} INFO - [2022-11-08T16:09:31.798+0000] {dag.py:3340} INFO - Setting next_dagrun for dag_with_taskflow_api_v02 to 2022-11-08T00:00:00+00:00, run_after=2022-11-09T00:00:00+00:00
[2022-11-08T16:09:31.824+0000] {processor.py:176} INFO - Processing /opt/airflow/dags/dag_with_API.py took 0.133 seconds
[2022-11-08T16:10:02.022+0000] {processor.py:154} INFO - Started process (PID=9991) to work on /opt/airflow/dags/dag_with_API.py
[2022-11-08T16:10:02.023+0000] {processor.py:756} INFO - Processing file /opt/airflow/dags/dag_with_API.py for tasks to queue
[2022-11-08T16:10:02.024+0000] {logging_mixin.py:120} INFO - [2022-11-08T16:10:02.024+0000] {dagbag.py:537} INFO - Filling up the DagBag from /opt/airflow/dags/dag_with_API.py
[2022-11-08T16:10:02.039+0000] {logging_mixin.py:120} WARNING - /home/airflow/.local/lib/python3.7/site-packages/airflow/models/dag.py:3437 RemovedInAirflow3Warning: Param `schedule_interval` is deprecated and will be removed in a future release. Please use `schedule` instead.
[2022-11-08T16:10:02.044+0000] {logging_mixin.py:120} INFO - [2022-11-08T16:10:02.044+0000] {taskmixin.py:205} WARNING - Dependency <Task(_PythonDecoratedOperator): get_name>, greet already registered for DAG: dag_with_taskflow_api_v02
[2022-11-08T16:10:02.044+0000] {logging_mixin.py:120} INFO - [2022-11-08T16:10:02.044+0000] {taskmixin.py:205} WARNING - Dependency <Task(_PythonDecoratedOperator): greet>, get_name already registered for DAG: dag_with_taskflow_api_v02
[2022-11-08T16:10:02.050+0000] {processor.py:766} INFO - DAG(s) dict_keys(['dag_with_taskflow_api_v02']) retrieved from /opt/airflow/dags/dag_with_API.py
[2022-11-08T16:10:02.118+0000] {logging_mixin.py:120} INFO - [2022-11-08T16:10:02.118+0000] {dag.py:2585} INFO - Sync 1 DAGs
[2022-11-08T16:10:02.140+0000] {logging_mixin.py:120} INFO - [2022-11-08T16:10:02.140+0000] {dag.py:3340} INFO - Setting next_dagrun for dag_with_taskflow_api_v02 to 2022-11-08T00:00:00+00:00, run_after=2022-11-09T00:00:00+00:00
[2022-11-08T16:10:02.157+0000] {processor.py:176} INFO - Processing /opt/airflow/dags/dag_with_API.py took 0.141 seconds
[2022-11-08T16:10:32.443+0000] {processor.py:154} INFO - Started process (PID=10034) to work on /opt/airflow/dags/dag_with_API.py
[2022-11-08T16:10:32.444+0000] {processor.py:756} INFO - Processing file /opt/airflow/dags/dag_with_API.py for tasks to queue
[2022-11-08T16:10:32.444+0000] {logging_mixin.py:120} INFO - [2022-11-08T16:10:32.444+0000] {dagbag.py:537} INFO - Filling up the DagBag from /opt/airflow/dags/dag_with_API.py
[2022-11-08T16:10:32.461+0000] {logging_mixin.py:120} WARNING - /home/airflow/.local/lib/python3.7/site-packages/airflow/models/dag.py:3437 RemovedInAirflow3Warning: Param `schedule_interval` is deprecated and will be removed in a future release. Please use `schedule` instead.
[2022-11-08T16:10:32.466+0000] {logging_mixin.py:120} INFO - [2022-11-08T16:10:32.466+0000] {taskmixin.py:205} WARNING - Dependency <Task(_PythonDecoratedOperator): get_name>, greet already registered for DAG: dag_with_taskflow_api_v02
[2022-11-08T16:10:32.466+0000] {logging_mixin.py:120} INFO - [2022-11-08T16:10:32.466+0000] {taskmixin.py:205} WARNING - Dependency <Task(_PythonDecoratedOperator): greet>, get_name already registered for DAG: dag_with_taskflow_api_v02
[2022-11-08T16:10:32.472+0000] {processor.py:766} INFO - DAG(s) dict_keys(['dag_with_taskflow_api_v02']) retrieved from /opt/airflow/dags/dag_with_API.py
[2022-11-08T16:10:32.504+0000] {logging_mixin.py:120} INFO - [2022-11-08T16:10:32.503+0000] {dag.py:2585} INFO - Sync 1 DAGs
[2022-11-08T16:10:32.529+0000] {logging_mixin.py:120} INFO - [2022-11-08T16:10:32.529+0000] {dag.py:3340} INFO - Setting next_dagrun for dag_with_taskflow_api_v02 to 2022-11-08T00:00:00+00:00, run_after=2022-11-09T00:00:00+00:00
[2022-11-08T16:10:32.546+0000] {processor.py:176} INFO - Processing /opt/airflow/dags/dag_with_API.py took 0.107 seconds
[2022-11-08T16:11:02.711+0000] {processor.py:154} INFO - Started process (PID=10076) to work on /opt/airflow/dags/dag_with_API.py
[2022-11-08T16:11:02.712+0000] {processor.py:756} INFO - Processing file /opt/airflow/dags/dag_with_API.py for tasks to queue
[2022-11-08T16:11:02.713+0000] {logging_mixin.py:120} INFO - [2022-11-08T16:11:02.712+0000] {dagbag.py:537} INFO - Filling up the DagBag from /opt/airflow/dags/dag_with_API.py
[2022-11-08T16:11:02.729+0000] {logging_mixin.py:120} WARNING - /home/airflow/.local/lib/python3.7/site-packages/airflow/models/dag.py:3437 RemovedInAirflow3Warning: Param `schedule_interval` is deprecated and will be removed in a future release. Please use `schedule` instead.
[2022-11-08T16:11:02.735+0000] {logging_mixin.py:120} INFO - [2022-11-08T16:11:02.734+0000] {taskmixin.py:205} WARNING - Dependency <Task(_PythonDecoratedOperator): get_name>, greet already registered for DAG: dag_with_taskflow_api_v02
[2022-11-08T16:11:02.735+0000] {logging_mixin.py:120} INFO - [2022-11-08T16:11:02.735+0000] {taskmixin.py:205} WARNING - Dependency <Task(_PythonDecoratedOperator): greet>, get_name already registered for DAG: dag_with_taskflow_api_v02
[2022-11-08T16:11:02.741+0000] {processor.py:766} INFO - DAG(s) dict_keys(['dag_with_taskflow_api_v02']) retrieved from /opt/airflow/dags/dag_with_API.py
[2022-11-08T16:11:02.775+0000] {logging_mixin.py:120} INFO - [2022-11-08T16:11:02.774+0000] {dag.py:2585} INFO - Sync 1 DAGs
[2022-11-08T16:11:02.799+0000] {logging_mixin.py:120} INFO - [2022-11-08T16:11:02.799+0000] {dag.py:3340} INFO - Setting next_dagrun for dag_with_taskflow_api_v02 to 2022-11-08T00:00:00+00:00, run_after=2022-11-09T00:00:00+00:00
[2022-11-08T16:11:02.819+0000] {processor.py:176} INFO - Processing /opt/airflow/dags/dag_with_API.py took 0.112 seconds
[2022-11-08T16:11:33.084+0000] {processor.py:154} INFO - Started process (PID=10115) to work on /opt/airflow/dags/dag_with_API.py
[2022-11-08T16:11:33.085+0000] {processor.py:756} INFO - Processing file /opt/airflow/dags/dag_with_API.py for tasks to queue
[2022-11-08T16:11:33.086+0000] {logging_mixin.py:120} INFO - [2022-11-08T16:11:33.086+0000] {dagbag.py:537} INFO - Filling up the DagBag from /opt/airflow/dags/dag_with_API.py
[2022-11-08T16:11:33.101+0000] {logging_mixin.py:120} WARNING - /home/airflow/.local/lib/python3.7/site-packages/airflow/models/dag.py:3437 RemovedInAirflow3Warning: Param `schedule_interval` is deprecated and will be removed in a future release. Please use `schedule` instead.
[2022-11-08T16:11:33.106+0000] {logging_mixin.py:120} INFO - [2022-11-08T16:11:33.106+0000] {taskmixin.py:205} WARNING - Dependency <Task(_PythonDecoratedOperator): get_name>, greet already registered for DAG: dag_with_taskflow_api_v02
[2022-11-08T16:11:33.106+0000] {logging_mixin.py:120} INFO - [2022-11-08T16:11:33.106+0000] {taskmixin.py:205} WARNING - Dependency <Task(_PythonDecoratedOperator): greet>, get_name already registered for DAG: dag_with_taskflow_api_v02
[2022-11-08T16:11:33.111+0000] {processor.py:766} INFO - DAG(s) dict_keys(['dag_with_taskflow_api_v02']) retrieved from /opt/airflow/dags/dag_with_API.py
[2022-11-08T16:11:33.142+0000] {logging_mixin.py:120} INFO - [2022-11-08T16:11:33.142+0000] {dag.py:2585} INFO - Sync 1 DAGs
[2022-11-08T16:11:33.163+0000] {logging_mixin.py:120} INFO - [2022-11-08T16:11:33.163+0000] {dag.py:3340} INFO - Setting next_dagrun for dag_with_taskflow_api_v02 to 2022-11-08T00:00:00+00:00, run_after=2022-11-09T00:00:00+00:00
[2022-11-08T16:11:33.177+0000] {processor.py:176} INFO - Processing /opt/airflow/dags/dag_with_API.py took 0.100 seconds
[2022-11-08T16:12:03.425+0000] {processor.py:154} INFO - Started process (PID=10157) to work on /opt/airflow/dags/dag_with_API.py
[2022-11-08T16:12:03.426+0000] {processor.py:756} INFO - Processing file /opt/airflow/dags/dag_with_API.py for tasks to queue
[2022-11-08T16:12:03.426+0000] {logging_mixin.py:120} INFO - [2022-11-08T16:12:03.426+0000] {dagbag.py:537} INFO - Filling up the DagBag from /opt/airflow/dags/dag_with_API.py
[2022-11-08T16:12:03.444+0000] {logging_mixin.py:120} WARNING - /home/airflow/.local/lib/python3.7/site-packages/airflow/models/dag.py:3437 RemovedInAirflow3Warning: Param `schedule_interval` is deprecated and will be removed in a future release. Please use `schedule` instead.
[2022-11-08T16:12:03.451+0000] {logging_mixin.py:120} INFO - [2022-11-08T16:12:03.451+0000] {taskmixin.py:205} WARNING - Dependency <Task(_PythonDecoratedOperator): get_name>, greet already registered for DAG: dag_with_taskflow_api_v02
[2022-11-08T16:12:03.452+0000] {logging_mixin.py:120} INFO - [2022-11-08T16:12:03.451+0000] {taskmixin.py:205} WARNING - Dependency <Task(_PythonDecoratedOperator): greet>, get_name already registered for DAG: dag_with_taskflow_api_v02
[2022-11-08T16:12:03.458+0000] {processor.py:766} INFO - DAG(s) dict_keys(['dag_with_taskflow_api_v02']) retrieved from /opt/airflow/dags/dag_with_API.py
[2022-11-08T16:12:03.494+0000] {logging_mixin.py:120} INFO - [2022-11-08T16:12:03.494+0000] {dag.py:2585} INFO - Sync 1 DAGs
[2022-11-08T16:12:03.518+0000] {logging_mixin.py:120} INFO - [2022-11-08T16:12:03.518+0000] {dag.py:3340} INFO - Setting next_dagrun for dag_with_taskflow_api_v02 to 2022-11-08T00:00:00+00:00, run_after=2022-11-09T00:00:00+00:00
[2022-11-08T16:12:03.536+0000] {processor.py:176} INFO - Processing /opt/airflow/dags/dag_with_API.py took 0.115 seconds
[2022-11-08T16:12:33.721+0000] {processor.py:154} INFO - Started process (PID=10199) to work on /opt/airflow/dags/dag_with_API.py
[2022-11-08T16:12:33.722+0000] {processor.py:756} INFO - Processing file /opt/airflow/dags/dag_with_API.py for tasks to queue
[2022-11-08T16:12:33.723+0000] {logging_mixin.py:120} INFO - [2022-11-08T16:12:33.723+0000] {dagbag.py:537} INFO - Filling up the DagBag from /opt/airflow/dags/dag_with_API.py
[2022-11-08T16:12:33.742+0000] {logging_mixin.py:120} WARNING - /home/airflow/.local/lib/python3.7/site-packages/airflow/models/dag.py:3437 RemovedInAirflow3Warning: Param `schedule_interval` is deprecated and will be removed in a future release. Please use `schedule` instead.
[2022-11-08T16:12:33.749+0000] {logging_mixin.py:120} INFO - [2022-11-08T16:12:33.749+0000] {taskmixin.py:205} WARNING - Dependency <Task(_PythonDecoratedOperator): get_name>, greet already registered for DAG: dag_with_taskflow_api_v02
[2022-11-08T16:12:33.750+0000] {logging_mixin.py:120} INFO - [2022-11-08T16:12:33.750+0000] {taskmixin.py:205} WARNING - Dependency <Task(_PythonDecoratedOperator): greet>, get_name already registered for DAG: dag_with_taskflow_api_v02
[2022-11-08T16:12:33.757+0000] {processor.py:766} INFO - DAG(s) dict_keys(['dag_with_taskflow_api_v02']) retrieved from /opt/airflow/dags/dag_with_API.py
[2022-11-08T16:12:33.803+0000] {logging_mixin.py:120} INFO - [2022-11-08T16:12:33.802+0000] {dag.py:2585} INFO - Sync 1 DAGs
[2022-11-08T16:12:33.831+0000] {logging_mixin.py:120} INFO - [2022-11-08T16:12:33.831+0000] {dag.py:3340} INFO - Setting next_dagrun for dag_with_taskflow_api_v02 to 2022-11-08T00:00:00+00:00, run_after=2022-11-09T00:00:00+00:00
[2022-11-08T16:12:33.851+0000] {processor.py:176} INFO - Processing /opt/airflow/dags/dag_with_API.py took 0.134 seconds
[2022-11-08T16:13:04.050+0000] {processor.py:154} INFO - Started process (PID=10241) to work on /opt/airflow/dags/dag_with_API.py
[2022-11-08T16:13:04.052+0000] {processor.py:756} INFO - Processing file /opt/airflow/dags/dag_with_API.py for tasks to queue
[2022-11-08T16:13:04.053+0000] {logging_mixin.py:120} INFO - [2022-11-08T16:13:04.053+0000] {dagbag.py:537} INFO - Filling up the DagBag from /opt/airflow/dags/dag_with_API.py
[2022-11-08T16:13:04.073+0000] {logging_mixin.py:120} WARNING - /home/airflow/.local/lib/python3.7/site-packages/airflow/models/dag.py:3437 RemovedInAirflow3Warning: Param `schedule_interval` is deprecated and will be removed in a future release. Please use `schedule` instead.
[2022-11-08T16:13:04.081+0000] {logging_mixin.py:120} INFO - [2022-11-08T16:13:04.080+0000] {taskmixin.py:205} WARNING - Dependency <Task(_PythonDecoratedOperator): get_name>, greet already registered for DAG: dag_with_taskflow_api_v02
[2022-11-08T16:13:04.081+0000] {logging_mixin.py:120} INFO - [2022-11-08T16:13:04.081+0000] {taskmixin.py:205} WARNING - Dependency <Task(_PythonDecoratedOperator): greet>, get_name already registered for DAG: dag_with_taskflow_api_v02
[2022-11-08T16:13:04.088+0000] {processor.py:766} INFO - DAG(s) dict_keys(['dag_with_taskflow_api_v02']) retrieved from /opt/airflow/dags/dag_with_API.py
[2022-11-08T16:13:04.129+0000] {logging_mixin.py:120} INFO - [2022-11-08T16:13:04.128+0000] {dag.py:2585} INFO - Sync 1 DAGs
[2022-11-08T16:13:04.150+0000] {logging_mixin.py:120} INFO - [2022-11-08T16:13:04.150+0000] {dag.py:3340} INFO - Setting next_dagrun for dag_with_taskflow_api_v02 to 2022-11-08T00:00:00+00:00, run_after=2022-11-09T00:00:00+00:00
[2022-11-08T16:13:04.167+0000] {processor.py:176} INFO - Processing /opt/airflow/dags/dag_with_API.py took 0.121 seconds
[2022-11-08T16:13:34.415+0000] {processor.py:154} INFO - Started process (PID=10274) to work on /opt/airflow/dags/dag_with_API.py
[2022-11-08T16:13:34.416+0000] {processor.py:756} INFO - Processing file /opt/airflow/dags/dag_with_API.py for tasks to queue
[2022-11-08T16:13:34.417+0000] {logging_mixin.py:120} INFO - [2022-11-08T16:13:34.417+0000] {dagbag.py:537} INFO - Filling up the DagBag from /opt/airflow/dags/dag_with_API.py
[2022-11-08T16:13:34.433+0000] {logging_mixin.py:120} WARNING - /home/airflow/.local/lib/python3.7/site-packages/airflow/models/dag.py:3437 RemovedInAirflow3Warning: Param `schedule_interval` is deprecated and will be removed in a future release. Please use `schedule` instead.
[2022-11-08T16:13:34.438+0000] {logging_mixin.py:120} INFO - [2022-11-08T16:13:34.438+0000] {taskmixin.py:205} WARNING - Dependency <Task(_PythonDecoratedOperator): get_name>, greet already registered for DAG: dag_with_taskflow_api_v02
[2022-11-08T16:13:34.438+0000] {logging_mixin.py:120} INFO - [2022-11-08T16:13:34.438+0000] {taskmixin.py:205} WARNING - Dependency <Task(_PythonDecoratedOperator): greet>, get_name already registered for DAG: dag_with_taskflow_api_v02
[2022-11-08T16:13:34.444+0000] {processor.py:766} INFO - DAG(s) dict_keys(['dag_with_taskflow_api_v02']) retrieved from /opt/airflow/dags/dag_with_API.py
[2022-11-08T16:13:34.479+0000] {logging_mixin.py:120} INFO - [2022-11-08T16:13:34.479+0000] {dag.py:2585} INFO - Sync 1 DAGs
[2022-11-08T16:13:34.499+0000] {logging_mixin.py:120} INFO - [2022-11-08T16:13:34.499+0000] {dag.py:3340} INFO - Setting next_dagrun for dag_with_taskflow_api_v02 to 2022-11-08T00:00:00+00:00, run_after=2022-11-09T00:00:00+00:00
[2022-11-08T16:13:34.515+0000] {processor.py:176} INFO - Processing /opt/airflow/dags/dag_with_API.py took 0.106 seconds
[2022-11-08T16:14:04.705+0000] {processor.py:154} INFO - Started process (PID=10316) to work on /opt/airflow/dags/dag_with_API.py
[2022-11-08T16:14:04.706+0000] {processor.py:756} INFO - Processing file /opt/airflow/dags/dag_with_API.py for tasks to queue
[2022-11-08T16:14:04.707+0000] {logging_mixin.py:120} INFO - [2022-11-08T16:14:04.707+0000] {dagbag.py:537} INFO - Filling up the DagBag from /opt/airflow/dags/dag_with_API.py
[2022-11-08T16:14:04.725+0000] {logging_mixin.py:120} WARNING - /home/airflow/.local/lib/python3.7/site-packages/airflow/models/dag.py:3437 RemovedInAirflow3Warning: Param `schedule_interval` is deprecated and will be removed in a future release. Please use `schedule` instead.
[2022-11-08T16:14:04.731+0000] {logging_mixin.py:120} INFO - [2022-11-08T16:14:04.731+0000] {taskmixin.py:205} WARNING - Dependency <Task(_PythonDecoratedOperator): get_name>, greet already registered for DAG: dag_with_taskflow_api_v02
[2022-11-08T16:14:04.732+0000] {logging_mixin.py:120} INFO - [2022-11-08T16:14:04.732+0000] {taskmixin.py:205} WARNING - Dependency <Task(_PythonDecoratedOperator): greet>, get_name already registered for DAG: dag_with_taskflow_api_v02
[2022-11-08T16:14:04.738+0000] {processor.py:766} INFO - DAG(s) dict_keys(['dag_with_taskflow_api_v02']) retrieved from /opt/airflow/dags/dag_with_API.py
[2022-11-08T16:14:04.777+0000] {logging_mixin.py:120} INFO - [2022-11-08T16:14:04.776+0000] {dag.py:2585} INFO - Sync 1 DAGs
[2022-11-08T16:14:04.800+0000] {logging_mixin.py:120} INFO - [2022-11-08T16:14:04.800+0000] {dag.py:3340} INFO - Setting next_dagrun for dag_with_taskflow_api_v02 to 2022-11-08T00:00:00+00:00, run_after=2022-11-09T00:00:00+00:00
[2022-11-08T16:14:04.822+0000] {processor.py:176} INFO - Processing /opt/airflow/dags/dag_with_API.py took 0.121 seconds
[2022-11-08T16:14:34.973+0000] {processor.py:154} INFO - Started process (PID=10358) to work on /opt/airflow/dags/dag_with_API.py
[2022-11-08T16:14:34.974+0000] {processor.py:756} INFO - Processing file /opt/airflow/dags/dag_with_API.py for tasks to queue
[2022-11-08T16:14:34.974+0000] {logging_mixin.py:120} INFO - [2022-11-08T16:14:34.974+0000] {dagbag.py:537} INFO - Filling up the DagBag from /opt/airflow/dags/dag_with_API.py
[2022-11-08T16:14:34.990+0000] {logging_mixin.py:120} WARNING - /home/airflow/.local/lib/python3.7/site-packages/airflow/models/dag.py:3437 RemovedInAirflow3Warning: Param `schedule_interval` is deprecated and will be removed in a future release. Please use `schedule` instead.
[2022-11-08T16:14:34.996+0000] {logging_mixin.py:120} INFO - [2022-11-08T16:14:34.995+0000] {taskmixin.py:205} WARNING - Dependency <Task(_PythonDecoratedOperator): get_name>, greet already registered for DAG: dag_with_taskflow_api_v02
[2022-11-08T16:14:34.996+0000] {logging_mixin.py:120} INFO - [2022-11-08T16:14:34.996+0000] {taskmixin.py:205} WARNING - Dependency <Task(_PythonDecoratedOperator): greet>, get_name already registered for DAG: dag_with_taskflow_api_v02
[2022-11-08T16:14:35.001+0000] {processor.py:766} INFO - DAG(s) dict_keys(['dag_with_taskflow_api_v02']) retrieved from /opt/airflow/dags/dag_with_API.py
[2022-11-08T16:14:35.035+0000] {logging_mixin.py:120} INFO - [2022-11-08T16:14:35.035+0000] {dag.py:2585} INFO - Sync 1 DAGs
[2022-11-08T16:14:35.058+0000] {logging_mixin.py:120} INFO - [2022-11-08T16:14:35.057+0000] {dag.py:3340} INFO - Setting next_dagrun for dag_with_taskflow_api_v02 to 2022-11-08T00:00:00+00:00, run_after=2022-11-09T00:00:00+00:00
[2022-11-08T16:14:35.074+0000] {processor.py:176} INFO - Processing /opt/airflow/dags/dag_with_API.py took 0.104 seconds
[2022-11-08T16:15:05.240+0000] {processor.py:154} INFO - Started process (PID=10400) to work on /opt/airflow/dags/dag_with_API.py
[2022-11-08T16:15:05.241+0000] {processor.py:756} INFO - Processing file /opt/airflow/dags/dag_with_API.py for tasks to queue
[2022-11-08T16:15:05.241+0000] {logging_mixin.py:120} INFO - [2022-11-08T16:15:05.241+0000] {dagbag.py:537} INFO - Filling up the DagBag from /opt/airflow/dags/dag_with_API.py
[2022-11-08T16:15:05.257+0000] {logging_mixin.py:120} WARNING - /home/airflow/.local/lib/python3.7/site-packages/airflow/models/dag.py:3437 RemovedInAirflow3Warning: Param `schedule_interval` is deprecated and will be removed in a future release. Please use `schedule` instead.
[2022-11-08T16:15:05.263+0000] {logging_mixin.py:120} INFO - [2022-11-08T16:15:05.262+0000] {taskmixin.py:205} WARNING - Dependency <Task(_PythonDecoratedOperator): get_name>, greet already registered for DAG: dag_with_taskflow_api_v02
[2022-11-08T16:15:05.263+0000] {logging_mixin.py:120} INFO - [2022-11-08T16:15:05.263+0000] {taskmixin.py:205} WARNING - Dependency <Task(_PythonDecoratedOperator): greet>, get_name already registered for DAG: dag_with_taskflow_api_v02
[2022-11-08T16:15:05.269+0000] {processor.py:766} INFO - DAG(s) dict_keys(['dag_with_taskflow_api_v02']) retrieved from /opt/airflow/dags/dag_with_API.py
[2022-11-08T16:15:05.304+0000] {logging_mixin.py:120} INFO - [2022-11-08T16:15:05.304+0000] {dag.py:2585} INFO - Sync 1 DAGs
[2022-11-08T16:15:05.327+0000] {logging_mixin.py:120} INFO - [2022-11-08T16:15:05.327+0000] {dag.py:3340} INFO - Setting next_dagrun for dag_with_taskflow_api_v02 to 2022-11-08T00:00:00+00:00, run_after=2022-11-09T00:00:00+00:00
[2022-11-08T16:15:05.342+0000] {processor.py:176} INFO - Processing /opt/airflow/dags/dag_with_API.py took 0.106 seconds
[2022-11-08T16:15:35.612+0000] {processor.py:154} INFO - Started process (PID=10433) to work on /opt/airflow/dags/dag_with_API.py
[2022-11-08T16:15:35.613+0000] {processor.py:756} INFO - Processing file /opt/airflow/dags/dag_with_API.py for tasks to queue
[2022-11-08T16:15:35.614+0000] {logging_mixin.py:120} INFO - [2022-11-08T16:15:35.614+0000] {dagbag.py:537} INFO - Filling up the DagBag from /opt/airflow/dags/dag_with_API.py
[2022-11-08T16:15:35.630+0000] {logging_mixin.py:120} WARNING - /home/airflow/.local/lib/python3.7/site-packages/airflow/models/dag.py:3437 RemovedInAirflow3Warning: Param `schedule_interval` is deprecated and will be removed in a future release. Please use `schedule` instead.
[2022-11-08T16:15:35.636+0000] {logging_mixin.py:120} INFO - [2022-11-08T16:15:35.636+0000] {taskmixin.py:205} WARNING - Dependency <Task(_PythonDecoratedOperator): get_name>, greet already registered for DAG: dag_with_taskflow_api_v02
[2022-11-08T16:15:35.636+0000] {logging_mixin.py:120} INFO - [2022-11-08T16:15:35.636+0000] {taskmixin.py:205} WARNING - Dependency <Task(_PythonDecoratedOperator): greet>, get_name already registered for DAG: dag_with_taskflow_api_v02
[2022-11-08T16:15:35.641+0000] {processor.py:766} INFO - DAG(s) dict_keys(['dag_with_taskflow_api_v02']) retrieved from /opt/airflow/dags/dag_with_API.py
[2022-11-08T16:15:35.676+0000] {logging_mixin.py:120} INFO - [2022-11-08T16:15:35.676+0000] {dag.py:2585} INFO - Sync 1 DAGs
[2022-11-08T16:15:35.698+0000] {logging_mixin.py:120} INFO - [2022-11-08T16:15:35.698+0000] {dag.py:3340} INFO - Setting next_dagrun for dag_with_taskflow_api_v02 to 2022-11-08T00:00:00+00:00, run_after=2022-11-09T00:00:00+00:00
[2022-11-08T16:15:35.714+0000] {processor.py:176} INFO - Processing /opt/airflow/dags/dag_with_API.py took 0.108 seconds
[2022-11-08T16:16:05.882+0000] {processor.py:154} INFO - Started process (PID=10475) to work on /opt/airflow/dags/dag_with_API.py
[2022-11-08T16:16:05.883+0000] {processor.py:756} INFO - Processing file /opt/airflow/dags/dag_with_API.py for tasks to queue
[2022-11-08T16:16:05.883+0000] {logging_mixin.py:120} INFO - [2022-11-08T16:16:05.883+0000] {dagbag.py:537} INFO - Filling up the DagBag from /opt/airflow/dags/dag_with_API.py
[2022-11-08T16:16:05.898+0000] {logging_mixin.py:120} WARNING - /home/airflow/.local/lib/python3.7/site-packages/airflow/models/dag.py:3437 RemovedInAirflow3Warning: Param `schedule_interval` is deprecated and will be removed in a future release. Please use `schedule` instead.
[2022-11-08T16:16:05.904+0000] {logging_mixin.py:120} INFO - [2022-11-08T16:16:05.903+0000] {taskmixin.py:205} WARNING - Dependency <Task(_PythonDecoratedOperator): get_name>, greet already registered for DAG: dag_with_taskflow_api_v02
[2022-11-08T16:16:05.904+0000] {logging_mixin.py:120} INFO - [2022-11-08T16:16:05.904+0000] {taskmixin.py:205} WARNING - Dependency <Task(_PythonDecoratedOperator): greet>, get_name already registered for DAG: dag_with_taskflow_api_v02
[2022-11-08T16:16:05.909+0000] {processor.py:766} INFO - DAG(s) dict_keys(['dag_with_taskflow_api_v02']) retrieved from /opt/airflow/dags/dag_with_API.py
[2022-11-08T16:16:05.946+0000] {logging_mixin.py:120} INFO - [2022-11-08T16:16:05.946+0000] {dag.py:2585} INFO - Sync 1 DAGs
[2022-11-08T16:16:05.966+0000] {logging_mixin.py:120} INFO - [2022-11-08T16:16:05.966+0000] {dag.py:3340} INFO - Setting next_dagrun for dag_with_taskflow_api_v02 to 2022-11-08T00:00:00+00:00, run_after=2022-11-09T00:00:00+00:00
[2022-11-08T16:16:05.981+0000] {processor.py:176} INFO - Processing /opt/airflow/dags/dag_with_API.py took 0.103 seconds
[2022-11-08T16:16:36.257+0000] {processor.py:154} INFO - Started process (PID=10518) to work on /opt/airflow/dags/dag_with_API.py
[2022-11-08T16:16:36.258+0000] {processor.py:756} INFO - Processing file /opt/airflow/dags/dag_with_API.py for tasks to queue
[2022-11-08T16:16:36.258+0000] {logging_mixin.py:120} INFO - [2022-11-08T16:16:36.258+0000] {dagbag.py:537} INFO - Filling up the DagBag from /opt/airflow/dags/dag_with_API.py
[2022-11-08T16:16:36.280+0000] {logging_mixin.py:120} WARNING - /home/airflow/.local/lib/python3.7/site-packages/airflow/models/dag.py:3437 RemovedInAirflow3Warning: Param `schedule_interval` is deprecated and will be removed in a future release. Please use `schedule` instead.
[2022-11-08T16:16:36.287+0000] {logging_mixin.py:120} INFO - [2022-11-08T16:16:36.287+0000] {taskmixin.py:205} WARNING - Dependency <Task(_PythonDecoratedOperator): get_name>, greet already registered for DAG: dag_with_taskflow_api_v02
[2022-11-08T16:16:36.287+0000] {logging_mixin.py:120} INFO - [2022-11-08T16:16:36.287+0000] {taskmixin.py:205} WARNING - Dependency <Task(_PythonDecoratedOperator): greet>, get_name already registered for DAG: dag_with_taskflow_api_v02
[2022-11-08T16:16:36.295+0000] {processor.py:766} INFO - DAG(s) dict_keys(['dag_with_taskflow_api_v02']) retrieved from /opt/airflow/dags/dag_with_API.py
[2022-11-08T16:16:36.329+0000] {logging_mixin.py:120} INFO - [2022-11-08T16:16:36.328+0000] {dag.py:2585} INFO - Sync 1 DAGs
[2022-11-08T16:16:36.348+0000] {logging_mixin.py:120} INFO - [2022-11-08T16:16:36.348+0000] {dag.py:3340} INFO - Setting next_dagrun for dag_with_taskflow_api_v02 to 2022-11-08T00:00:00+00:00, run_after=2022-11-09T00:00:00+00:00
[2022-11-08T16:16:36.363+0000] {processor.py:176} INFO - Processing /opt/airflow/dags/dag_with_API.py took 0.111 seconds
[2022-11-08T16:17:06.567+0000] {processor.py:154} INFO - Started process (PID=10560) to work on /opt/airflow/dags/dag_with_API.py
[2022-11-08T16:17:06.568+0000] {processor.py:756} INFO - Processing file /opt/airflow/dags/dag_with_API.py for tasks to queue
[2022-11-08T16:17:06.569+0000] {logging_mixin.py:120} INFO - [2022-11-08T16:17:06.569+0000] {dagbag.py:537} INFO - Filling up the DagBag from /opt/airflow/dags/dag_with_API.py
[2022-11-08T16:17:06.585+0000] {logging_mixin.py:120} WARNING - /home/airflow/.local/lib/python3.7/site-packages/airflow/models/dag.py:3437 RemovedInAirflow3Warning: Param `schedule_interval` is deprecated and will be removed in a future release. Please use `schedule` instead.
[2022-11-08T16:17:06.591+0000] {logging_mixin.py:120} INFO - [2022-11-08T16:17:06.591+0000] {taskmixin.py:205} WARNING - Dependency <Task(_PythonDecoratedOperator): get_name>, greet already registered for DAG: dag_with_taskflow_api_v02
[2022-11-08T16:17:06.591+0000] {logging_mixin.py:120} INFO - [2022-11-08T16:17:06.591+0000] {taskmixin.py:205} WARNING - Dependency <Task(_PythonDecoratedOperator): greet>, get_name already registered for DAG: dag_with_taskflow_api_v02
[2022-11-08T16:17:06.596+0000] {processor.py:766} INFO - DAG(s) dict_keys(['dag_with_taskflow_api_v02']) retrieved from /opt/airflow/dags/dag_with_API.py
[2022-11-08T16:17:06.630+0000] {logging_mixin.py:120} INFO - [2022-11-08T16:17:06.630+0000] {dag.py:2585} INFO - Sync 1 DAGs
[2022-11-08T16:17:06.649+0000] {logging_mixin.py:120} INFO - [2022-11-08T16:17:06.649+0000] {dag.py:3340} INFO - Setting next_dagrun for dag_with_taskflow_api_v02 to 2022-11-08T00:00:00+00:00, run_after=2022-11-09T00:00:00+00:00
[2022-11-08T16:17:06.666+0000] {processor.py:176} INFO - Processing /opt/airflow/dags/dag_with_API.py took 0.103 seconds
[2022-11-08T16:17:36.906+0000] {processor.py:154} INFO - Started process (PID=10593) to work on /opt/airflow/dags/dag_with_API.py
[2022-11-08T16:17:36.908+0000] {processor.py:756} INFO - Processing file /opt/airflow/dags/dag_with_API.py for tasks to queue
[2022-11-08T16:17:36.910+0000] {logging_mixin.py:120} INFO - [2022-11-08T16:17:36.909+0000] {dagbag.py:537} INFO - Filling up the DagBag from /opt/airflow/dags/dag_with_API.py
[2022-11-08T16:17:36.929+0000] {logging_mixin.py:120} WARNING - /home/airflow/.local/lib/python3.7/site-packages/airflow/models/dag.py:3437 RemovedInAirflow3Warning: Param `schedule_interval` is deprecated and will be removed in a future release. Please use `schedule` instead.
[2022-11-08T16:17:36.934+0000] {logging_mixin.py:120} INFO - [2022-11-08T16:17:36.934+0000] {taskmixin.py:205} WARNING - Dependency <Task(_PythonDecoratedOperator): get_name>, greet already registered for DAG: dag_with_taskflow_api_v02
[2022-11-08T16:17:36.935+0000] {logging_mixin.py:120} INFO - [2022-11-08T16:17:36.935+0000] {taskmixin.py:205} WARNING - Dependency <Task(_PythonDecoratedOperator): greet>, get_name already registered for DAG: dag_with_taskflow_api_v02
[2022-11-08T16:17:36.940+0000] {processor.py:766} INFO - DAG(s) dict_keys(['dag_with_taskflow_api_v02']) retrieved from /opt/airflow/dags/dag_with_API.py
[2022-11-08T16:17:36.973+0000] {logging_mixin.py:120} INFO - [2022-11-08T16:17:36.972+0000] {dag.py:2585} INFO - Sync 1 DAGs
[2022-11-08T16:17:36.995+0000] {logging_mixin.py:120} INFO - [2022-11-08T16:17:36.995+0000] {dag.py:3340} INFO - Setting next_dagrun for dag_with_taskflow_api_v02 to 2022-11-08T00:00:00+00:00, run_after=2022-11-09T00:00:00+00:00
[2022-11-08T16:17:37.010+0000] {processor.py:176} INFO - Processing /opt/airflow/dags/dag_with_API.py took 0.111 seconds
[2022-11-08T16:18:07.208+0000] {processor.py:154} INFO - Started process (PID=10636) to work on /opt/airflow/dags/dag_with_API.py
[2022-11-08T16:18:07.209+0000] {processor.py:756} INFO - Processing file /opt/airflow/dags/dag_with_API.py for tasks to queue
[2022-11-08T16:18:07.211+0000] {logging_mixin.py:120} INFO - [2022-11-08T16:18:07.210+0000] {dagbag.py:537} INFO - Filling up the DagBag from /opt/airflow/dags/dag_with_API.py
[2022-11-08T16:18:07.235+0000] {logging_mixin.py:120} WARNING - /home/airflow/.local/lib/python3.7/site-packages/airflow/models/dag.py:3437 RemovedInAirflow3Warning: Param `schedule_interval` is deprecated and will be removed in a future release. Please use `schedule` instead.
[2022-11-08T16:18:07.242+0000] {logging_mixin.py:120} INFO - [2022-11-08T16:18:07.242+0000] {taskmixin.py:205} WARNING - Dependency <Task(_PythonDecoratedOperator): get_name>, greet already registered for DAG: dag_with_taskflow_api_v02
[2022-11-08T16:18:07.243+0000] {logging_mixin.py:120} INFO - [2022-11-08T16:18:07.242+0000] {taskmixin.py:205} WARNING - Dependency <Task(_PythonDecoratedOperator): greet>, get_name already registered for DAG: dag_with_taskflow_api_v02
[2022-11-08T16:18:07.250+0000] {processor.py:766} INFO - DAG(s) dict_keys(['dag_with_taskflow_api_v02']) retrieved from /opt/airflow/dags/dag_with_API.py
[2022-11-08T16:18:07.300+0000] {logging_mixin.py:120} INFO - [2022-11-08T16:18:07.300+0000] {dag.py:2585} INFO - Sync 1 DAGs
[2022-11-08T16:18:07.333+0000] {logging_mixin.py:120} INFO - [2022-11-08T16:18:07.333+0000] {dag.py:3340} INFO - Setting next_dagrun for dag_with_taskflow_api_v02 to 2022-11-08T00:00:00+00:00, run_after=2022-11-09T00:00:00+00:00
[2022-11-08T16:18:07.360+0000] {processor.py:176} INFO - Processing /opt/airflow/dags/dag_with_API.py took 0.158 seconds
[2022-11-08T16:18:37.541+0000] {processor.py:154} INFO - Started process (PID=10678) to work on /opt/airflow/dags/dag_with_API.py
[2022-11-08T16:18:37.542+0000] {processor.py:756} INFO - Processing file /opt/airflow/dags/dag_with_API.py for tasks to queue
[2022-11-08T16:18:37.543+0000] {logging_mixin.py:120} INFO - [2022-11-08T16:18:37.543+0000] {dagbag.py:537} INFO - Filling up the DagBag from /opt/airflow/dags/dag_with_API.py
[2022-11-08T16:18:37.562+0000] {logging_mixin.py:120} WARNING - /home/airflow/.local/lib/python3.7/site-packages/airflow/models/dag.py:3437 RemovedInAirflow3Warning: Param `schedule_interval` is deprecated and will be removed in a future release. Please use `schedule` instead.
[2022-11-08T16:18:37.567+0000] {logging_mixin.py:120} INFO - [2022-11-08T16:18:37.567+0000] {taskmixin.py:205} WARNING - Dependency <Task(_PythonDecoratedOperator): get_name>, greet already registered for DAG: dag_with_taskflow_api_v02
[2022-11-08T16:18:37.567+0000] {logging_mixin.py:120} INFO - [2022-11-08T16:18:37.567+0000] {taskmixin.py:205} WARNING - Dependency <Task(_PythonDecoratedOperator): greet>, get_name already registered for DAG: dag_with_taskflow_api_v02
[2022-11-08T16:18:37.573+0000] {processor.py:766} INFO - DAG(s) dict_keys(['dag_with_taskflow_api_v02']) retrieved from /opt/airflow/dags/dag_with_API.py
[2022-11-08T16:18:37.613+0000] {logging_mixin.py:120} INFO - [2022-11-08T16:18:37.613+0000] {dag.py:2585} INFO - Sync 1 DAGs
[2022-11-08T16:18:37.636+0000] {logging_mixin.py:120} INFO - [2022-11-08T16:18:37.636+0000] {dag.py:3340} INFO - Setting next_dagrun for dag_with_taskflow_api_v02 to 2022-11-08T00:00:00+00:00, run_after=2022-11-09T00:00:00+00:00
[2022-11-08T16:18:37.658+0000] {processor.py:176} INFO - Processing /opt/airflow/dags/dag_with_API.py took 0.120 seconds
[2022-11-08T16:19:07.896+0000] {processor.py:154} INFO - Started process (PID=10720) to work on /opt/airflow/dags/dag_with_API.py
[2022-11-08T16:19:07.897+0000] {processor.py:756} INFO - Processing file /opt/airflow/dags/dag_with_API.py for tasks to queue
[2022-11-08T16:19:07.898+0000] {logging_mixin.py:120} INFO - [2022-11-08T16:19:07.898+0000] {dagbag.py:537} INFO - Filling up the DagBag from /opt/airflow/dags/dag_with_API.py
[2022-11-08T16:19:07.917+0000] {logging_mixin.py:120} WARNING - /home/airflow/.local/lib/python3.7/site-packages/airflow/models/dag.py:3437 RemovedInAirflow3Warning: Param `schedule_interval` is deprecated and will be removed in a future release. Please use `schedule` instead.
[2022-11-08T16:19:07.922+0000] {logging_mixin.py:120} INFO - [2022-11-08T16:19:07.922+0000] {taskmixin.py:205} WARNING - Dependency <Task(_PythonDecoratedOperator): get_name>, greet already registered for DAG: dag_with_taskflow_api_v02
[2022-11-08T16:19:07.923+0000] {logging_mixin.py:120} INFO - [2022-11-08T16:19:07.923+0000] {taskmixin.py:205} WARNING - Dependency <Task(_PythonDecoratedOperator): greet>, get_name already registered for DAG: dag_with_taskflow_api_v02
[2022-11-08T16:19:07.929+0000] {processor.py:766} INFO - DAG(s) dict_keys(['dag_with_taskflow_api_v02']) retrieved from /opt/airflow/dags/dag_with_API.py
[2022-11-08T16:19:07.968+0000] {logging_mixin.py:120} INFO - [2022-11-08T16:19:07.968+0000] {dag.py:2585} INFO - Sync 1 DAGs
[2022-11-08T16:19:07.994+0000] {logging_mixin.py:120} INFO - [2022-11-08T16:19:07.993+0000] {dag.py:3340} INFO - Setting next_dagrun for dag_with_taskflow_api_v02 to 2022-11-08T00:00:00+00:00, run_after=2022-11-09T00:00:00+00:00
[2022-11-08T16:19:08.012+0000] {processor.py:176} INFO - Processing /opt/airflow/dags/dag_with_API.py took 0.120 seconds
[2022-11-08T16:19:38.192+0000] {processor.py:154} INFO - Started process (PID=10753) to work on /opt/airflow/dags/dag_with_API.py
[2022-11-08T16:19:38.193+0000] {processor.py:756} INFO - Processing file /opt/airflow/dags/dag_with_API.py for tasks to queue
[2022-11-08T16:19:38.194+0000] {logging_mixin.py:120} INFO - [2022-11-08T16:19:38.194+0000] {dagbag.py:537} INFO - Filling up the DagBag from /opt/airflow/dags/dag_with_API.py
[2022-11-08T16:19:38.213+0000] {logging_mixin.py:120} WARNING - /home/airflow/.local/lib/python3.7/site-packages/airflow/models/dag.py:3437 RemovedInAirflow3Warning: Param `schedule_interval` is deprecated and will be removed in a future release. Please use `schedule` instead.
[2022-11-08T16:19:38.220+0000] {logging_mixin.py:120} INFO - [2022-11-08T16:19:38.219+0000] {taskmixin.py:205} WARNING - Dependency <Task(_PythonDecoratedOperator): get_name>, greet already registered for DAG: dag_with_taskflow_api_v02
[2022-11-08T16:19:38.220+0000] {logging_mixin.py:120} INFO - [2022-11-08T16:19:38.220+0000] {taskmixin.py:205} WARNING - Dependency <Task(_PythonDecoratedOperator): greet>, get_name already registered for DAG: dag_with_taskflow_api_v02
[2022-11-08T16:19:38.227+0000] {processor.py:766} INFO - DAG(s) dict_keys(['dag_with_taskflow_api_v02']) retrieved from /opt/airflow/dags/dag_with_API.py
[2022-11-08T16:19:38.266+0000] {logging_mixin.py:120} INFO - [2022-11-08T16:19:38.266+0000] {dag.py:2585} INFO - Sync 1 DAGs
[2022-11-08T16:19:38.290+0000] {logging_mixin.py:120} INFO - [2022-11-08T16:19:38.290+0000] {dag.py:3340} INFO - Setting next_dagrun for dag_with_taskflow_api_v02 to 2022-11-08T00:00:00+00:00, run_after=2022-11-09T00:00:00+00:00
[2022-11-08T16:19:38.311+0000] {processor.py:176} INFO - Processing /opt/airflow/dags/dag_with_API.py took 0.122 seconds
[2022-11-08T16:20:08.594+0000] {processor.py:154} INFO - Started process (PID=10796) to work on /opt/airflow/dags/dag_with_API.py
[2022-11-08T16:20:08.595+0000] {processor.py:756} INFO - Processing file /opt/airflow/dags/dag_with_API.py for tasks to queue
[2022-11-08T16:20:08.596+0000] {logging_mixin.py:120} INFO - [2022-11-08T16:20:08.596+0000] {dagbag.py:537} INFO - Filling up the DagBag from /opt/airflow/dags/dag_with_API.py
[2022-11-08T16:20:08.618+0000] {logging_mixin.py:120} WARNING - /home/airflow/.local/lib/python3.7/site-packages/airflow/models/dag.py:3437 RemovedInAirflow3Warning: Param `schedule_interval` is deprecated and will be removed in a future release. Please use `schedule` instead.
[2022-11-08T16:20:08.624+0000] {logging_mixin.py:120} INFO - [2022-11-08T16:20:08.624+0000] {taskmixin.py:205} WARNING - Dependency <Task(_PythonDecoratedOperator): get_name>, greet already registered for DAG: dag_with_taskflow_api_v02
[2022-11-08T16:20:08.624+0000] {logging_mixin.py:120} INFO - [2022-11-08T16:20:08.624+0000] {taskmixin.py:205} WARNING - Dependency <Task(_PythonDecoratedOperator): greet>, get_name already registered for DAG: dag_with_taskflow_api_v02
[2022-11-08T16:20:08.631+0000] {processor.py:766} INFO - DAG(s) dict_keys(['dag_with_taskflow_api_v02']) retrieved from /opt/airflow/dags/dag_with_API.py
[2022-11-08T16:20:08.676+0000] {logging_mixin.py:120} INFO - [2022-11-08T16:20:08.675+0000] {dag.py:2585} INFO - Sync 1 DAGs
[2022-11-08T16:20:08.712+0000] {logging_mixin.py:120} INFO - [2022-11-08T16:20:08.711+0000] {dag.py:3340} INFO - Setting next_dagrun for dag_with_taskflow_api_v02 to 2022-11-08T00:00:00+00:00, run_after=2022-11-09T00:00:00+00:00
[2022-11-08T16:20:08.741+0000] {processor.py:176} INFO - Processing /opt/airflow/dags/dag_with_API.py took 0.149 seconds
[2022-11-08T16:20:38.870+0000] {processor.py:154} INFO - Started process (PID=10838) to work on /opt/airflow/dags/dag_with_API.py
[2022-11-08T16:20:38.871+0000] {processor.py:756} INFO - Processing file /opt/airflow/dags/dag_with_API.py for tasks to queue
[2022-11-08T16:20:38.871+0000] {logging_mixin.py:120} INFO - [2022-11-08T16:20:38.871+0000] {dagbag.py:537} INFO - Filling up the DagBag from /opt/airflow/dags/dag_with_API.py
[2022-11-08T16:20:38.887+0000] {logging_mixin.py:120} WARNING - /home/airflow/.local/lib/python3.7/site-packages/airflow/models/dag.py:3437 RemovedInAirflow3Warning: Param `schedule_interval` is deprecated and will be removed in a future release. Please use `schedule` instead.
[2022-11-08T16:20:38.892+0000] {logging_mixin.py:120} INFO - [2022-11-08T16:20:38.892+0000] {taskmixin.py:205} WARNING - Dependency <Task(_PythonDecoratedOperator): get_name>, greet already registered for DAG: dag_with_taskflow_api_v02
[2022-11-08T16:20:38.893+0000] {logging_mixin.py:120} INFO - [2022-11-08T16:20:38.893+0000] {taskmixin.py:205} WARNING - Dependency <Task(_PythonDecoratedOperator): greet>, get_name already registered for DAG: dag_with_taskflow_api_v02
[2022-11-08T16:20:38.899+0000] {processor.py:766} INFO - DAG(s) dict_keys(['dag_with_taskflow_api_v02']) retrieved from /opt/airflow/dags/dag_with_API.py
[2022-11-08T16:20:38.936+0000] {logging_mixin.py:120} INFO - [2022-11-08T16:20:38.936+0000] {dag.py:2585} INFO - Sync 1 DAGs
[2022-11-08T16:20:38.962+0000] {logging_mixin.py:120} INFO - [2022-11-08T16:20:38.962+0000] {dag.py:3340} INFO - Setting next_dagrun for dag_with_taskflow_api_v02 to 2022-11-08T00:00:00+00:00, run_after=2022-11-09T00:00:00+00:00
[2022-11-08T16:20:38.980+0000] {processor.py:176} INFO - Processing /opt/airflow/dags/dag_with_API.py took 0.113 seconds
[2022-11-08T16:21:09.168+0000] {processor.py:154} INFO - Started process (PID=10880) to work on /opt/airflow/dags/dag_with_API.py
[2022-11-08T16:21:09.168+0000] {processor.py:756} INFO - Processing file /opt/airflow/dags/dag_with_API.py for tasks to queue
[2022-11-08T16:21:09.169+0000] {logging_mixin.py:120} INFO - [2022-11-08T16:21:09.169+0000] {dagbag.py:537} INFO - Filling up the DagBag from /opt/airflow/dags/dag_with_API.py
[2022-11-08T16:21:09.185+0000] {logging_mixin.py:120} WARNING - /home/airflow/.local/lib/python3.7/site-packages/airflow/models/dag.py:3437 RemovedInAirflow3Warning: Param `schedule_interval` is deprecated and will be removed in a future release. Please use `schedule` instead.
[2022-11-08T16:21:09.191+0000] {logging_mixin.py:120} INFO - [2022-11-08T16:21:09.191+0000] {taskmixin.py:205} WARNING - Dependency <Task(_PythonDecoratedOperator): get_name>, greet already registered for DAG: dag_with_taskflow_api_v02
[2022-11-08T16:21:09.191+0000] {logging_mixin.py:120} INFO - [2022-11-08T16:21:09.191+0000] {taskmixin.py:205} WARNING - Dependency <Task(_PythonDecoratedOperator): greet>, get_name already registered for DAG: dag_with_taskflow_api_v02
[2022-11-08T16:21:09.197+0000] {processor.py:766} INFO - DAG(s) dict_keys(['dag_with_taskflow_api_v02']) retrieved from /opt/airflow/dags/dag_with_API.py
[2022-11-08T16:21:09.235+0000] {logging_mixin.py:120} INFO - [2022-11-08T16:21:09.235+0000] {dag.py:2585} INFO - Sync 1 DAGs
[2022-11-08T16:21:09.260+0000] {logging_mixin.py:120} INFO - [2022-11-08T16:21:09.260+0000] {dag.py:3340} INFO - Setting next_dagrun for dag_with_taskflow_api_v02 to 2022-11-08T00:00:00+00:00, run_after=2022-11-09T00:00:00+00:00
[2022-11-08T16:21:09.279+0000] {processor.py:176} INFO - Processing /opt/airflow/dags/dag_with_API.py took 0.115 seconds
[2022-11-08T16:21:39.516+0000] {processor.py:154} INFO - Started process (PID=10913) to work on /opt/airflow/dags/dag_with_API.py
[2022-11-08T16:21:39.517+0000] {processor.py:756} INFO - Processing file /opt/airflow/dags/dag_with_API.py for tasks to queue
[2022-11-08T16:21:39.517+0000] {logging_mixin.py:120} INFO - [2022-11-08T16:21:39.517+0000] {dagbag.py:537} INFO - Filling up the DagBag from /opt/airflow/dags/dag_with_API.py
[2022-11-08T16:21:39.536+0000] {logging_mixin.py:120} WARNING - /home/airflow/.local/lib/python3.7/site-packages/airflow/models/dag.py:3437 RemovedInAirflow3Warning: Param `schedule_interval` is deprecated and will be removed in a future release. Please use `schedule` instead.
[2022-11-08T16:21:39.543+0000] {logging_mixin.py:120} INFO - [2022-11-08T16:21:39.543+0000] {taskmixin.py:205} WARNING - Dependency <Task(_PythonDecoratedOperator): get_name>, greet already registered for DAG: dag_with_taskflow_api_v02
[2022-11-08T16:21:39.544+0000] {logging_mixin.py:120} INFO - [2022-11-08T16:21:39.544+0000] {taskmixin.py:205} WARNING - Dependency <Task(_PythonDecoratedOperator): greet>, get_name already registered for DAG: dag_with_taskflow_api_v02
[2022-11-08T16:21:39.552+0000] {processor.py:766} INFO - DAG(s) dict_keys(['dag_with_taskflow_api_v02']) retrieved from /opt/airflow/dags/dag_with_API.py
[2022-11-08T16:21:39.600+0000] {logging_mixin.py:120} INFO - [2022-11-08T16:21:39.600+0000] {dag.py:2585} INFO - Sync 1 DAGs
[2022-11-08T16:21:39.636+0000] {logging_mixin.py:120} INFO - [2022-11-08T16:21:39.635+0000] {dag.py:3340} INFO - Setting next_dagrun for dag_with_taskflow_api_v02 to 2022-11-08T00:00:00+00:00, run_after=2022-11-09T00:00:00+00:00
[2022-11-08T16:21:39.660+0000] {processor.py:176} INFO - Processing /opt/airflow/dags/dag_with_API.py took 0.149 seconds
[2022-11-08T16:22:09.819+0000] {processor.py:154} INFO - Started process (PID=10956) to work on /opt/airflow/dags/dag_with_API.py
[2022-11-08T16:22:09.820+0000] {processor.py:756} INFO - Processing file /opt/airflow/dags/dag_with_API.py for tasks to queue
[2022-11-08T16:22:09.821+0000] {logging_mixin.py:120} INFO - [2022-11-08T16:22:09.821+0000] {dagbag.py:537} INFO - Filling up the DagBag from /opt/airflow/dags/dag_with_API.py
[2022-11-08T16:22:09.842+0000] {logging_mixin.py:120} WARNING - /home/airflow/.local/lib/python3.7/site-packages/airflow/models/dag.py:3437 RemovedInAirflow3Warning: Param `schedule_interval` is deprecated and will be removed in a future release. Please use `schedule` instead.
[2022-11-08T16:22:09.850+0000] {logging_mixin.py:120} INFO - [2022-11-08T16:22:09.850+0000] {taskmixin.py:205} WARNING - Dependency <Task(_PythonDecoratedOperator): get_name>, greet already registered for DAG: dag_with_taskflow_api_v02
[2022-11-08T16:22:09.850+0000] {logging_mixin.py:120} INFO - [2022-11-08T16:22:09.850+0000] {taskmixin.py:205} WARNING - Dependency <Task(_PythonDecoratedOperator): greet>, get_name already registered for DAG: dag_with_taskflow_api_v02
[2022-11-08T16:22:09.858+0000] {processor.py:766} INFO - DAG(s) dict_keys(['dag_with_taskflow_api_v02']) retrieved from /opt/airflow/dags/dag_with_API.py
[2022-11-08T16:22:09.895+0000] {logging_mixin.py:120} INFO - [2022-11-08T16:22:09.895+0000] {dag.py:2585} INFO - Sync 1 DAGs
[2022-11-08T16:22:09.922+0000] {logging_mixin.py:120} INFO - [2022-11-08T16:22:09.922+0000] {dag.py:3340} INFO - Setting next_dagrun for dag_with_taskflow_api_v02 to 2022-11-08T00:00:00+00:00, run_after=2022-11-09T00:00:00+00:00
[2022-11-08T16:22:09.939+0000] {processor.py:176} INFO - Processing /opt/airflow/dags/dag_with_API.py took 0.124 seconds
[2022-11-08T16:22:40.088+0000] {processor.py:154} INFO - Started process (PID=10998) to work on /opt/airflow/dags/dag_with_API.py
[2022-11-08T16:22:40.090+0000] {processor.py:756} INFO - Processing file /opt/airflow/dags/dag_with_API.py for tasks to queue
[2022-11-08T16:22:40.090+0000] {logging_mixin.py:120} INFO - [2022-11-08T16:22:40.090+0000] {dagbag.py:537} INFO - Filling up the DagBag from /opt/airflow/dags/dag_with_API.py
[2022-11-08T16:22:40.110+0000] {logging_mixin.py:120} WARNING - /home/airflow/.local/lib/python3.7/site-packages/airflow/models/dag.py:3437 RemovedInAirflow3Warning: Param `schedule_interval` is deprecated and will be removed in a future release. Please use `schedule` instead.
[2022-11-08T16:22:40.116+0000] {logging_mixin.py:120} INFO - [2022-11-08T16:22:40.116+0000] {taskmixin.py:205} WARNING - Dependency <Task(_PythonDecoratedOperator): get_name>, greet already registered for DAG: dag_with_taskflow_api_v02
[2022-11-08T16:22:40.116+0000] {logging_mixin.py:120} INFO - [2022-11-08T16:22:40.116+0000] {taskmixin.py:205} WARNING - Dependency <Task(_PythonDecoratedOperator): greet>, get_name already registered for DAG: dag_with_taskflow_api_v02
[2022-11-08T16:22:40.123+0000] {processor.py:766} INFO - DAG(s) dict_keys(['dag_with_taskflow_api_v02']) retrieved from /opt/airflow/dags/dag_with_API.py
[2022-11-08T16:22:40.166+0000] {logging_mixin.py:120} INFO - [2022-11-08T16:22:40.166+0000] {dag.py:2585} INFO - Sync 1 DAGs
[2022-11-08T16:22:40.194+0000] {logging_mixin.py:120} INFO - [2022-11-08T16:22:40.193+0000] {dag.py:3340} INFO - Setting next_dagrun for dag_with_taskflow_api_v02 to 2022-11-08T00:00:00+00:00, run_after=2022-11-09T00:00:00+00:00
[2022-11-08T16:22:40.212+0000] {processor.py:176} INFO - Processing /opt/airflow/dags/dag_with_API.py took 0.127 seconds
[2022-11-08T16:23:10.349+0000] {processor.py:154} INFO - Started process (PID=11040) to work on /opt/airflow/dags/dag_with_API.py
[2022-11-08T16:23:10.350+0000] {processor.py:756} INFO - Processing file /opt/airflow/dags/dag_with_API.py for tasks to queue
[2022-11-08T16:23:10.351+0000] {logging_mixin.py:120} INFO - [2022-11-08T16:23:10.351+0000] {dagbag.py:537} INFO - Filling up the DagBag from /opt/airflow/dags/dag_with_API.py
[2022-11-08T16:23:10.370+0000] {logging_mixin.py:120} WARNING - /home/airflow/.local/lib/python3.7/site-packages/airflow/models/dag.py:3437 RemovedInAirflow3Warning: Param `schedule_interval` is deprecated and will be removed in a future release. Please use `schedule` instead.
[2022-11-08T16:23:10.375+0000] {logging_mixin.py:120} INFO - [2022-11-08T16:23:10.375+0000] {taskmixin.py:205} WARNING - Dependency <Task(_PythonDecoratedOperator): get_name>, greet already registered for DAG: dag_with_taskflow_api_v02
[2022-11-08T16:23:10.375+0000] {logging_mixin.py:120} INFO - [2022-11-08T16:23:10.375+0000] {taskmixin.py:205} WARNING - Dependency <Task(_PythonDecoratedOperator): greet>, get_name already registered for DAG: dag_with_taskflow_api_v02
[2022-11-08T16:23:10.382+0000] {processor.py:766} INFO - DAG(s) dict_keys(['dag_with_taskflow_api_v02']) retrieved from /opt/airflow/dags/dag_with_API.py
[2022-11-08T16:23:10.416+0000] {logging_mixin.py:120} INFO - [2022-11-08T16:23:10.416+0000] {dag.py:2585} INFO - Sync 1 DAGs
[2022-11-08T16:23:10.441+0000] {logging_mixin.py:120} INFO - [2022-11-08T16:23:10.441+0000] {dag.py:3340} INFO - Setting next_dagrun for dag_with_taskflow_api_v02 to 2022-11-08T00:00:00+00:00, run_after=2022-11-09T00:00:00+00:00
[2022-11-08T16:23:10.461+0000] {processor.py:176} INFO - Processing /opt/airflow/dags/dag_with_API.py took 0.116 seconds
[2022-11-08T16:23:34.503+0000] {processor.py:154} INFO - Started process (PID=11068) to work on /opt/airflow/dags/dag_with_API.py
[2022-11-08T16:23:34.503+0000] {processor.py:756} INFO - Processing file /opt/airflow/dags/dag_with_API.py for tasks to queue
[2022-11-08T16:23:34.504+0000] {logging_mixin.py:120} INFO - [2022-11-08T16:23:34.504+0000] {dagbag.py:537} INFO - Filling up the DagBag from /opt/airflow/dags/dag_with_API.py
[2022-11-08T16:23:34.521+0000] {logging_mixin.py:120} WARNING - /home/airflow/.local/lib/python3.7/site-packages/airflow/models/dag.py:3437 RemovedInAirflow3Warning: Param `schedule_interval` is deprecated and will be removed in a future release. Please use `schedule` instead.
[2022-11-08T16:23:34.527+0000] {logging_mixin.py:120} INFO - [2022-11-08T16:23:34.527+0000] {taskmixin.py:205} WARNING - Dependency <Task(_PythonDecoratedOperator): get_name>, greet already registered for DAG: dag_with_taskflow_api_v02
[2022-11-08T16:23:34.527+0000] {logging_mixin.py:120} INFO - [2022-11-08T16:23:34.527+0000] {taskmixin.py:205} WARNING - Dependency <Task(_PythonDecoratedOperator): greet>, get_name already registered for DAG: dag_with_taskflow_api_v02
[2022-11-08T16:23:34.534+0000] {processor.py:766} INFO - DAG(s) dict_keys(['dag_with_taskflow_api_v02']) retrieved from /opt/airflow/dags/dag_with_API.py
[2022-11-08T16:23:34.571+0000] {logging_mixin.py:120} INFO - [2022-11-08T16:23:34.571+0000] {dag.py:2585} INFO - Sync 1 DAGs
[2022-11-08T16:23:34.592+0000] {logging_mixin.py:120} INFO - [2022-11-08T16:23:34.592+0000] {dag.py:3340} INFO - Setting next_dagrun for dag_with_taskflow_api_v02 to 2022-11-08T00:00:00+00:00, run_after=2022-11-09T00:00:00+00:00
[2022-11-08T16:23:34.612+0000] {processor.py:176} INFO - Processing /opt/airflow/dags/dag_with_API.py took 0.112 seconds
[2022-11-08T16:24:04.865+0000] {processor.py:154} INFO - Started process (PID=11110) to work on /opt/airflow/dags/dag_with_API.py
[2022-11-08T16:24:04.865+0000] {processor.py:756} INFO - Processing file /opt/airflow/dags/dag_with_API.py for tasks to queue
[2022-11-08T16:24:04.866+0000] {logging_mixin.py:120} INFO - [2022-11-08T16:24:04.866+0000] {dagbag.py:537} INFO - Filling up the DagBag from /opt/airflow/dags/dag_with_API.py
[2022-11-08T16:24:04.881+0000] {logging_mixin.py:120} WARNING - /home/airflow/.local/lib/python3.7/site-packages/airflow/models/dag.py:3437 RemovedInAirflow3Warning: Param `schedule_interval` is deprecated and will be removed in a future release. Please use `schedule` instead.
[2022-11-08T16:24:04.886+0000] {logging_mixin.py:120} INFO - [2022-11-08T16:24:04.886+0000] {taskmixin.py:205} WARNING - Dependency <Task(_PythonDecoratedOperator): get_name>, greet already registered for DAG: dag_with_taskflow_api_v02
[2022-11-08T16:24:04.886+0000] {logging_mixin.py:120} INFO - [2022-11-08T16:24:04.886+0000] {taskmixin.py:205} WARNING - Dependency <Task(_PythonDecoratedOperator): greet>, get_name already registered for DAG: dag_with_taskflow_api_v02
[2022-11-08T16:24:04.891+0000] {processor.py:766} INFO - DAG(s) dict_keys(['dag_with_taskflow_api_v02']) retrieved from /opt/airflow/dags/dag_with_API.py
[2022-11-08T16:24:04.921+0000] {logging_mixin.py:120} INFO - [2022-11-08T16:24:04.921+0000] {dag.py:2585} INFO - Sync 1 DAGs
[2022-11-08T16:24:04.942+0000] {logging_mixin.py:120} INFO - [2022-11-08T16:24:04.941+0000] {dag.py:3340} INFO - Setting next_dagrun for dag_with_taskflow_api_v02 to 2022-11-08T00:00:00+00:00, run_after=2022-11-09T00:00:00+00:00
[2022-11-08T16:24:04.956+0000] {processor.py:176} INFO - Processing /opt/airflow/dags/dag_with_API.py took 0.096 seconds
[2022-11-08T16:24:35.146+0000] {processor.py:154} INFO - Started process (PID=11153) to work on /opt/airflow/dags/dag_with_API.py
[2022-11-08T16:24:35.147+0000] {processor.py:756} INFO - Processing file /opt/airflow/dags/dag_with_API.py for tasks to queue
[2022-11-08T16:24:35.147+0000] {logging_mixin.py:120} INFO - [2022-11-08T16:24:35.147+0000] {dagbag.py:537} INFO - Filling up the DagBag from /opt/airflow/dags/dag_with_API.py
[2022-11-08T16:24:35.163+0000] {logging_mixin.py:120} WARNING - /home/airflow/.local/lib/python3.7/site-packages/airflow/models/dag.py:3437 RemovedInAirflow3Warning: Param `schedule_interval` is deprecated and will be removed in a future release. Please use `schedule` instead.
[2022-11-08T16:24:35.168+0000] {logging_mixin.py:120} INFO - [2022-11-08T16:24:35.168+0000] {taskmixin.py:205} WARNING - Dependency <Task(_PythonDecoratedOperator): get_name>, greet already registered for DAG: dag_with_taskflow_api_v02
[2022-11-08T16:24:35.168+0000] {logging_mixin.py:120} INFO - [2022-11-08T16:24:35.168+0000] {taskmixin.py:205} WARNING - Dependency <Task(_PythonDecoratedOperator): greet>, get_name already registered for DAG: dag_with_taskflow_api_v02
[2022-11-08T16:24:35.174+0000] {processor.py:766} INFO - DAG(s) dict_keys(['dag_with_taskflow_api_v02']) retrieved from /opt/airflow/dags/dag_with_API.py
[2022-11-08T16:24:35.209+0000] {logging_mixin.py:120} INFO - [2022-11-08T16:24:35.208+0000] {dag.py:2585} INFO - Sync 1 DAGs
[2022-11-08T16:24:35.234+0000] {logging_mixin.py:120} INFO - [2022-11-08T16:24:35.233+0000] {dag.py:3340} INFO - Setting next_dagrun for dag_with_taskflow_api_v02 to 2022-11-08T00:00:00+00:00, run_after=2022-11-09T00:00:00+00:00
[2022-11-08T16:24:35.251+0000] {processor.py:176} INFO - Processing /opt/airflow/dags/dag_with_API.py took 0.108 seconds
[2022-11-08T16:25:05.502+0000] {processor.py:154} INFO - Started process (PID=11186) to work on /opt/airflow/dags/dag_with_API.py
[2022-11-08T16:25:05.503+0000] {processor.py:756} INFO - Processing file /opt/airflow/dags/dag_with_API.py for tasks to queue
[2022-11-08T16:25:05.504+0000] {logging_mixin.py:120} INFO - [2022-11-08T16:25:05.504+0000] {dagbag.py:537} INFO - Filling up the DagBag from /opt/airflow/dags/dag_with_API.py
[2022-11-08T16:25:05.535+0000] {logging_mixin.py:120} WARNING - /home/airflow/.local/lib/python3.7/site-packages/airflow/models/dag.py:3437 RemovedInAirflow3Warning: Param `schedule_interval` is deprecated and will be removed in a future release. Please use `schedule` instead.
[2022-11-08T16:25:05.544+0000] {logging_mixin.py:120} INFO - [2022-11-08T16:25:05.544+0000] {taskmixin.py:205} WARNING - Dependency <Task(_PythonDecoratedOperator): get_name>, greet already registered for DAG: dag_with_taskflow_api_v02
[2022-11-08T16:25:05.545+0000] {logging_mixin.py:120} INFO - [2022-11-08T16:25:05.544+0000] {taskmixin.py:205} WARNING - Dependency <Task(_PythonDecoratedOperator): greet>, get_name already registered for DAG: dag_with_taskflow_api_v02
[2022-11-08T16:25:05.552+0000] {processor.py:766} INFO - DAG(s) dict_keys(['dag_with_taskflow_api_v02']) retrieved from /opt/airflow/dags/dag_with_API.py
[2022-11-08T16:25:05.587+0000] {logging_mixin.py:120} INFO - [2022-11-08T16:25:05.587+0000] {dag.py:2585} INFO - Sync 1 DAGs
[2022-11-08T16:25:05.607+0000] {logging_mixin.py:120} INFO - [2022-11-08T16:25:05.607+0000] {dag.py:3340} INFO - Setting next_dagrun for dag_with_taskflow_api_v02 to 2022-11-08T00:00:00+00:00, run_after=2022-11-09T00:00:00+00:00
[2022-11-08T16:25:05.620+0000] {processor.py:176} INFO - Processing /opt/airflow/dags/dag_with_API.py took 0.123 seconds
[2022-11-08T16:25:35.809+0000] {processor.py:154} INFO - Started process (PID=11228) to work on /opt/airflow/dags/dag_with_API.py
[2022-11-08T16:25:35.810+0000] {processor.py:756} INFO - Processing file /opt/airflow/dags/dag_with_API.py for tasks to queue
[2022-11-08T16:25:35.811+0000] {logging_mixin.py:120} INFO - [2022-11-08T16:25:35.811+0000] {dagbag.py:537} INFO - Filling up the DagBag from /opt/airflow/dags/dag_with_API.py
[2022-11-08T16:25:35.827+0000] {logging_mixin.py:120} WARNING - /home/airflow/.local/lib/python3.7/site-packages/airflow/models/dag.py:3437 RemovedInAirflow3Warning: Param `schedule_interval` is deprecated and will be removed in a future release. Please use `schedule` instead.
[2022-11-08T16:25:35.832+0000] {logging_mixin.py:120} INFO - [2022-11-08T16:25:35.832+0000] {taskmixin.py:205} WARNING - Dependency <Task(_PythonDecoratedOperator): get_name>, greet already registered for DAG: dag_with_taskflow_api_v02
[2022-11-08T16:25:35.832+0000] {logging_mixin.py:120} INFO - [2022-11-08T16:25:35.832+0000] {taskmixin.py:205} WARNING - Dependency <Task(_PythonDecoratedOperator): greet>, get_name already registered for DAG: dag_with_taskflow_api_v02
[2022-11-08T16:25:35.837+0000] {processor.py:766} INFO - DAG(s) dict_keys(['dag_with_taskflow_api_v02']) retrieved from /opt/airflow/dags/dag_with_API.py
[2022-11-08T16:25:35.869+0000] {logging_mixin.py:120} INFO - [2022-11-08T16:25:35.869+0000] {dag.py:2585} INFO - Sync 1 DAGs
[2022-11-08T16:25:35.888+0000] {logging_mixin.py:120} INFO - [2022-11-08T16:25:35.888+0000] {dag.py:3340} INFO - Setting next_dagrun for dag_with_taskflow_api_v02 to 2022-11-08T00:00:00+00:00, run_after=2022-11-09T00:00:00+00:00
[2022-11-08T16:25:35.903+0000] {processor.py:176} INFO - Processing /opt/airflow/dags/dag_with_API.py took 0.098 seconds
[2022-11-08T16:26:06.168+0000] {processor.py:154} INFO - Started process (PID=11270) to work on /opt/airflow/dags/dag_with_API.py
[2022-11-08T16:26:06.169+0000] {processor.py:756} INFO - Processing file /opt/airflow/dags/dag_with_API.py for tasks to queue
[2022-11-08T16:26:06.169+0000] {logging_mixin.py:120} INFO - [2022-11-08T16:26:06.169+0000] {dagbag.py:537} INFO - Filling up the DagBag from /opt/airflow/dags/dag_with_API.py
[2022-11-08T16:26:06.183+0000] {logging_mixin.py:120} WARNING - /home/airflow/.local/lib/python3.7/site-packages/airflow/models/dag.py:3437 RemovedInAirflow3Warning: Param `schedule_interval` is deprecated and will be removed in a future release. Please use `schedule` instead.
[2022-11-08T16:26:06.188+0000] {logging_mixin.py:120} INFO - [2022-11-08T16:26:06.188+0000] {taskmixin.py:205} WARNING - Dependency <Task(_PythonDecoratedOperator): get_name>, greet already registered for DAG: dag_with_taskflow_api_v02
[2022-11-08T16:26:06.188+0000] {logging_mixin.py:120} INFO - [2022-11-08T16:26:06.188+0000] {taskmixin.py:205} WARNING - Dependency <Task(_PythonDecoratedOperator): greet>, get_name already registered for DAG: dag_with_taskflow_api_v02
[2022-11-08T16:26:06.193+0000] {processor.py:766} INFO - DAG(s) dict_keys(['dag_with_taskflow_api_v02']) retrieved from /opt/airflow/dags/dag_with_API.py
[2022-11-08T16:26:06.224+0000] {logging_mixin.py:120} INFO - [2022-11-08T16:26:06.223+0000] {dag.py:2585} INFO - Sync 1 DAGs
[2022-11-08T16:26:06.244+0000] {logging_mixin.py:120} INFO - [2022-11-08T16:26:06.243+0000] {dag.py:3340} INFO - Setting next_dagrun for dag_with_taskflow_api_v02 to 2022-11-08T00:00:00+00:00, run_after=2022-11-09T00:00:00+00:00
[2022-11-08T16:26:06.259+0000] {processor.py:176} INFO - Processing /opt/airflow/dags/dag_with_API.py took 0.096 seconds
[2022-11-08T16:26:36.457+0000] {processor.py:154} INFO - Started process (PID=11311) to work on /opt/airflow/dags/dag_with_API.py
[2022-11-08T16:26:36.458+0000] {processor.py:756} INFO - Processing file /opt/airflow/dags/dag_with_API.py for tasks to queue
[2022-11-08T16:26:36.459+0000] {logging_mixin.py:120} INFO - [2022-11-08T16:26:36.459+0000] {dagbag.py:537} INFO - Filling up the DagBag from /opt/airflow/dags/dag_with_API.py
[2022-11-08T16:26:36.474+0000] {logging_mixin.py:120} WARNING - /home/airflow/.local/lib/python3.7/site-packages/airflow/models/dag.py:3437 RemovedInAirflow3Warning: Param `schedule_interval` is deprecated and will be removed in a future release. Please use `schedule` instead.
[2022-11-08T16:26:36.479+0000] {logging_mixin.py:120} INFO - [2022-11-08T16:26:36.479+0000] {taskmixin.py:205} WARNING - Dependency <Task(_PythonDecoratedOperator): get_name>, greet already registered for DAG: dag_with_taskflow_api_v02
[2022-11-08T16:26:36.479+0000] {logging_mixin.py:120} INFO - [2022-11-08T16:26:36.479+0000] {taskmixin.py:205} WARNING - Dependency <Task(_PythonDecoratedOperator): greet>, get_name already registered for DAG: dag_with_taskflow_api_v02
[2022-11-08T16:26:36.485+0000] {processor.py:766} INFO - DAG(s) dict_keys(['dag_with_taskflow_api_v02']) retrieved from /opt/airflow/dags/dag_with_API.py
[2022-11-08T16:26:36.519+0000] {logging_mixin.py:120} INFO - [2022-11-08T16:26:36.519+0000] {dag.py:2585} INFO - Sync 1 DAGs
[2022-11-08T16:26:36.541+0000] {logging_mixin.py:120} INFO - [2022-11-08T16:26:36.541+0000] {dag.py:3340} INFO - Setting next_dagrun for dag_with_taskflow_api_v02 to 2022-11-08T00:00:00+00:00, run_after=2022-11-09T00:00:00+00:00
[2022-11-08T16:26:36.559+0000] {processor.py:176} INFO - Processing /opt/airflow/dags/dag_with_API.py took 0.106 seconds
[2022-11-08T16:27:06.788+0000] {processor.py:154} INFO - Started process (PID=11344) to work on /opt/airflow/dags/dag_with_API.py
[2022-11-08T16:27:06.789+0000] {processor.py:756} INFO - Processing file /opt/airflow/dags/dag_with_API.py for tasks to queue
[2022-11-08T16:27:06.790+0000] {logging_mixin.py:120} INFO - [2022-11-08T16:27:06.790+0000] {dagbag.py:537} INFO - Filling up the DagBag from /opt/airflow/dags/dag_with_API.py
[2022-11-08T16:27:06.808+0000] {logging_mixin.py:120} WARNING - /home/airflow/.local/lib/python3.7/site-packages/airflow/models/dag.py:3437 RemovedInAirflow3Warning: Param `schedule_interval` is deprecated and will be removed in a future release. Please use `schedule` instead.
[2022-11-08T16:27:06.814+0000] {logging_mixin.py:120} INFO - [2022-11-08T16:27:06.814+0000] {taskmixin.py:205} WARNING - Dependency <Task(_PythonDecoratedOperator): get_name>, greet already registered for DAG: dag_with_taskflow_api_v02
[2022-11-08T16:27:06.814+0000] {logging_mixin.py:120} INFO - [2022-11-08T16:27:06.814+0000] {taskmixin.py:205} WARNING - Dependency <Task(_PythonDecoratedOperator): greet>, get_name already registered for DAG: dag_with_taskflow_api_v02
[2022-11-08T16:27:06.821+0000] {processor.py:766} INFO - DAG(s) dict_keys(['dag_with_taskflow_api_v02']) retrieved from /opt/airflow/dags/dag_with_API.py
[2022-11-08T16:27:06.859+0000] {logging_mixin.py:120} INFO - [2022-11-08T16:27:06.859+0000] {dag.py:2585} INFO - Sync 1 DAGs
[2022-11-08T16:27:06.883+0000] {logging_mixin.py:120} INFO - [2022-11-08T16:27:06.882+0000] {dag.py:3340} INFO - Setting next_dagrun for dag_with_taskflow_api_v02 to 2022-11-08T00:00:00+00:00, run_after=2022-11-09T00:00:00+00:00
[2022-11-08T16:27:06.899+0000] {processor.py:176} INFO - Processing /opt/airflow/dags/dag_with_API.py took 0.114 seconds
[2022-11-08T16:27:37.167+0000] {processor.py:154} INFO - Started process (PID=11386) to work on /opt/airflow/dags/dag_with_API.py
[2022-11-08T16:27:37.168+0000] {processor.py:756} INFO - Processing file /opt/airflow/dags/dag_with_API.py for tasks to queue
[2022-11-08T16:27:37.168+0000] {logging_mixin.py:120} INFO - [2022-11-08T16:27:37.168+0000] {dagbag.py:537} INFO - Filling up the DagBag from /opt/airflow/dags/dag_with_API.py
[2022-11-08T16:27:37.183+0000] {logging_mixin.py:120} WARNING - /home/airflow/.local/lib/python3.7/site-packages/airflow/models/dag.py:3437 RemovedInAirflow3Warning: Param `schedule_interval` is deprecated and will be removed in a future release. Please use `schedule` instead.
[2022-11-08T16:27:37.188+0000] {logging_mixin.py:120} INFO - [2022-11-08T16:27:37.188+0000] {taskmixin.py:205} WARNING - Dependency <Task(_PythonDecoratedOperator): get_name>, greet already registered for DAG: dag_with_taskflow_api_v02
[2022-11-08T16:27:37.188+0000] {logging_mixin.py:120} INFO - [2022-11-08T16:27:37.188+0000] {taskmixin.py:205} WARNING - Dependency <Task(_PythonDecoratedOperator): greet>, get_name already registered for DAG: dag_with_taskflow_api_v02
[2022-11-08T16:27:37.193+0000] {processor.py:766} INFO - DAG(s) dict_keys(['dag_with_taskflow_api_v02']) retrieved from /opt/airflow/dags/dag_with_API.py
[2022-11-08T16:27:37.222+0000] {logging_mixin.py:120} INFO - [2022-11-08T16:27:37.221+0000] {dag.py:2585} INFO - Sync 1 DAGs
[2022-11-08T16:27:37.241+0000] {logging_mixin.py:120} INFO - [2022-11-08T16:27:37.241+0000] {dag.py:3340} INFO - Setting next_dagrun for dag_with_taskflow_api_v02 to 2022-11-08T00:00:00+00:00, run_after=2022-11-09T00:00:00+00:00
[2022-11-08T16:27:37.256+0000] {processor.py:176} INFO - Processing /opt/airflow/dags/dag_with_API.py took 0.091 seconds
[2022-11-08T16:28:07.463+0000] {processor.py:154} INFO - Started process (PID=11428) to work on /opt/airflow/dags/dag_with_API.py
[2022-11-08T16:28:07.464+0000] {processor.py:756} INFO - Processing file /opt/airflow/dags/dag_with_API.py for tasks to queue
[2022-11-08T16:28:07.464+0000] {logging_mixin.py:120} INFO - [2022-11-08T16:28:07.464+0000] {dagbag.py:537} INFO - Filling up the DagBag from /opt/airflow/dags/dag_with_API.py
[2022-11-08T16:28:07.480+0000] {logging_mixin.py:120} WARNING - /home/airflow/.local/lib/python3.7/site-packages/airflow/models/dag.py:3437 RemovedInAirflow3Warning: Param `schedule_interval` is deprecated and will be removed in a future release. Please use `schedule` instead.
[2022-11-08T16:28:07.485+0000] {logging_mixin.py:120} INFO - [2022-11-08T16:28:07.485+0000] {taskmixin.py:205} WARNING - Dependency <Task(_PythonDecoratedOperator): get_name>, greet already registered for DAG: dag_with_taskflow_api_v02
[2022-11-08T16:28:07.485+0000] {logging_mixin.py:120} INFO - [2022-11-08T16:28:07.485+0000] {taskmixin.py:205} WARNING - Dependency <Task(_PythonDecoratedOperator): greet>, get_name already registered for DAG: dag_with_taskflow_api_v02
[2022-11-08T16:28:07.490+0000] {processor.py:766} INFO - DAG(s) dict_keys(['dag_with_taskflow_api_v02']) retrieved from /opt/airflow/dags/dag_with_API.py
[2022-11-08T16:28:07.522+0000] {logging_mixin.py:120} INFO - [2022-11-08T16:28:07.522+0000] {dag.py:2585} INFO - Sync 1 DAGs
[2022-11-08T16:28:07.542+0000] {logging_mixin.py:120} INFO - [2022-11-08T16:28:07.542+0000] {dag.py:3340} INFO - Setting next_dagrun for dag_with_taskflow_api_v02 to 2022-11-08T00:00:00+00:00, run_after=2022-11-09T00:00:00+00:00
[2022-11-08T16:28:07.556+0000] {processor.py:176} INFO - Processing /opt/airflow/dags/dag_with_API.py took 0.096 seconds
[2022-11-08T16:28:37.817+0000] {processor.py:154} INFO - Started process (PID=11470) to work on /opt/airflow/dags/dag_with_API.py
[2022-11-08T16:28:37.818+0000] {processor.py:756} INFO - Processing file /opt/airflow/dags/dag_with_API.py for tasks to queue
[2022-11-08T16:28:37.818+0000] {logging_mixin.py:120} INFO - [2022-11-08T16:28:37.818+0000] {dagbag.py:537} INFO - Filling up the DagBag from /opt/airflow/dags/dag_with_API.py
[2022-11-08T16:28:37.838+0000] {logging_mixin.py:120} WARNING - /home/airflow/.local/lib/python3.7/site-packages/airflow/models/dag.py:3437 RemovedInAirflow3Warning: Param `schedule_interval` is deprecated and will be removed in a future release. Please use `schedule` instead.
[2022-11-08T16:28:37.845+0000] {logging_mixin.py:120} INFO - [2022-11-08T16:28:37.844+0000] {taskmixin.py:205} WARNING - Dependency <Task(_PythonDecoratedOperator): get_name>, greet already registered for DAG: dag_with_taskflow_api_v02
[2022-11-08T16:28:37.845+0000] {logging_mixin.py:120} INFO - [2022-11-08T16:28:37.845+0000] {taskmixin.py:205} WARNING - Dependency <Task(_PythonDecoratedOperator): greet>, get_name already registered for DAG: dag_with_taskflow_api_v02
[2022-11-08T16:28:37.853+0000] {processor.py:766} INFO - DAG(s) dict_keys(['dag_with_taskflow_api_v02']) retrieved from /opt/airflow/dags/dag_with_API.py
[2022-11-08T16:28:37.901+0000] {logging_mixin.py:120} INFO - [2022-11-08T16:28:37.901+0000] {dag.py:2585} INFO - Sync 1 DAGs
[2022-11-08T16:28:37.931+0000] {logging_mixin.py:120} INFO - [2022-11-08T16:28:37.931+0000] {dag.py:3340} INFO - Setting next_dagrun for dag_with_taskflow_api_v02 to 2022-11-08T00:00:00+00:00, run_after=2022-11-09T00:00:00+00:00
[2022-11-08T16:28:37.953+0000] {processor.py:176} INFO - Processing /opt/airflow/dags/dag_with_API.py took 0.142 seconds
[2022-11-08T16:29:08.242+0000] {processor.py:154} INFO - Started process (PID=11503) to work on /opt/airflow/dags/dag_with_API.py
[2022-11-08T16:29:08.242+0000] {processor.py:756} INFO - Processing file /opt/airflow/dags/dag_with_API.py for tasks to queue
[2022-11-08T16:29:08.243+0000] {logging_mixin.py:120} INFO - [2022-11-08T16:29:08.243+0000] {dagbag.py:537} INFO - Filling up the DagBag from /opt/airflow/dags/dag_with_API.py
[2022-11-08T16:29:08.258+0000] {logging_mixin.py:120} WARNING - /home/airflow/.local/lib/python3.7/site-packages/airflow/models/dag.py:3437 RemovedInAirflow3Warning: Param `schedule_interval` is deprecated and will be removed in a future release. Please use `schedule` instead.
[2022-11-08T16:29:08.263+0000] {logging_mixin.py:120} INFO - [2022-11-08T16:29:08.263+0000] {taskmixin.py:205} WARNING - Dependency <Task(_PythonDecoratedOperator): get_name>, greet already registered for DAG: dag_with_taskflow_api_v02
[2022-11-08T16:29:08.263+0000] {logging_mixin.py:120} INFO - [2022-11-08T16:29:08.263+0000] {taskmixin.py:205} WARNING - Dependency <Task(_PythonDecoratedOperator): greet>, get_name already registered for DAG: dag_with_taskflow_api_v02
[2022-11-08T16:29:08.269+0000] {processor.py:766} INFO - DAG(s) dict_keys(['dag_with_taskflow_api_v02']) retrieved from /opt/airflow/dags/dag_with_API.py
[2022-11-08T16:29:08.302+0000] {logging_mixin.py:120} INFO - [2022-11-08T16:29:08.301+0000] {dag.py:2585} INFO - Sync 1 DAGs
[2022-11-08T16:29:08.326+0000] {logging_mixin.py:120} INFO - [2022-11-08T16:29:08.325+0000] {dag.py:3340} INFO - Setting next_dagrun for dag_with_taskflow_api_v02 to 2022-11-08T00:00:00+00:00, run_after=2022-11-09T00:00:00+00:00
[2022-11-08T16:29:08.344+0000] {processor.py:176} INFO - Processing /opt/airflow/dags/dag_with_API.py took 0.105 seconds
[2022-11-08T16:29:38.528+0000] {processor.py:154} INFO - Started process (PID=11545) to work on /opt/airflow/dags/dag_with_API.py
[2022-11-08T16:29:38.529+0000] {processor.py:756} INFO - Processing file /opt/airflow/dags/dag_with_API.py for tasks to queue
[2022-11-08T16:29:38.530+0000] {logging_mixin.py:120} INFO - [2022-11-08T16:29:38.529+0000] {dagbag.py:537} INFO - Filling up the DagBag from /opt/airflow/dags/dag_with_API.py
[2022-11-08T16:29:38.546+0000] {logging_mixin.py:120} WARNING - /home/airflow/.local/lib/python3.7/site-packages/airflow/models/dag.py:3437 RemovedInAirflow3Warning: Param `schedule_interval` is deprecated and will be removed in a future release. Please use `schedule` instead.
[2022-11-08T16:29:38.551+0000] {logging_mixin.py:120} INFO - [2022-11-08T16:29:38.551+0000] {taskmixin.py:205} WARNING - Dependency <Task(_PythonDecoratedOperator): get_name>, greet already registered for DAG: dag_with_taskflow_api_v02
[2022-11-08T16:29:38.552+0000] {logging_mixin.py:120} INFO - [2022-11-08T16:29:38.551+0000] {taskmixin.py:205} WARNING - Dependency <Task(_PythonDecoratedOperator): greet>, get_name already registered for DAG: dag_with_taskflow_api_v02
[2022-11-08T16:29:38.558+0000] {processor.py:766} INFO - DAG(s) dict_keys(['dag_with_taskflow_api_v02']) retrieved from /opt/airflow/dags/dag_with_API.py
[2022-11-08T16:29:38.594+0000] {logging_mixin.py:120} INFO - [2022-11-08T16:29:38.594+0000] {dag.py:2585} INFO - Sync 1 DAGs
[2022-11-08T16:29:38.616+0000] {logging_mixin.py:120} INFO - [2022-11-08T16:29:38.615+0000] {dag.py:3340} INFO - Setting next_dagrun for dag_with_taskflow_api_v02 to 2022-11-08T00:00:00+00:00, run_after=2022-11-09T00:00:00+00:00
[2022-11-08T16:29:38.631+0000] {processor.py:176} INFO - Processing /opt/airflow/dags/dag_with_API.py took 0.106 seconds
[2022-11-08T16:30:08.875+0000] {processor.py:154} INFO - Started process (PID=11587) to work on /opt/airflow/dags/dag_with_API.py
[2022-11-08T16:30:08.876+0000] {processor.py:756} INFO - Processing file /opt/airflow/dags/dag_with_API.py for tasks to queue
[2022-11-08T16:30:08.876+0000] {logging_mixin.py:120} INFO - [2022-11-08T16:30:08.876+0000] {dagbag.py:537} INFO - Filling up the DagBag from /opt/airflow/dags/dag_with_API.py
[2022-11-08T16:30:08.893+0000] {logging_mixin.py:120} WARNING - /home/airflow/.local/lib/python3.7/site-packages/airflow/models/dag.py:3437 RemovedInAirflow3Warning: Param `schedule_interval` is deprecated and will be removed in a future release. Please use `schedule` instead.
[2022-11-08T16:30:08.898+0000] {logging_mixin.py:120} INFO - [2022-11-08T16:30:08.898+0000] {taskmixin.py:205} WARNING - Dependency <Task(_PythonDecoratedOperator): get_name>, greet already registered for DAG: dag_with_taskflow_api_v02
[2022-11-08T16:30:08.898+0000] {logging_mixin.py:120} INFO - [2022-11-08T16:30:08.898+0000] {taskmixin.py:205} WARNING - Dependency <Task(_PythonDecoratedOperator): greet>, get_name already registered for DAG: dag_with_taskflow_api_v02
[2022-11-08T16:30:08.903+0000] {processor.py:766} INFO - DAG(s) dict_keys(['dag_with_taskflow_api_v02']) retrieved from /opt/airflow/dags/dag_with_API.py
[2022-11-08T16:30:08.932+0000] {logging_mixin.py:120} INFO - [2022-11-08T16:30:08.932+0000] {dag.py:2585} INFO - Sync 1 DAGs
[2022-11-08T16:30:08.957+0000] {logging_mixin.py:120} INFO - [2022-11-08T16:30:08.957+0000] {dag.py:3340} INFO - Setting next_dagrun for dag_with_taskflow_api_v02 to 2022-11-08T00:00:00+00:00, run_after=2022-11-09T00:00:00+00:00
[2022-11-08T16:30:08.978+0000] {processor.py:176} INFO - Processing /opt/airflow/dags/dag_with_API.py took 0.108 seconds
[2022-11-08T16:30:39.164+0000] {processor.py:154} INFO - Started process (PID=11628) to work on /opt/airflow/dags/dag_with_API.py
[2022-11-08T16:30:39.165+0000] {processor.py:756} INFO - Processing file /opt/airflow/dags/dag_with_API.py for tasks to queue
[2022-11-08T16:30:39.167+0000] {logging_mixin.py:120} INFO - [2022-11-08T16:30:39.166+0000] {dagbag.py:537} INFO - Filling up the DagBag from /opt/airflow/dags/dag_with_API.py
[2022-11-08T16:30:39.183+0000] {logging_mixin.py:120} WARNING - /home/airflow/.local/lib/python3.7/site-packages/airflow/models/dag.py:3437 RemovedInAirflow3Warning: Param `schedule_interval` is deprecated and will be removed in a future release. Please use `schedule` instead.
[2022-11-08T16:30:39.188+0000] {logging_mixin.py:120} INFO - [2022-11-08T16:30:39.187+0000] {taskmixin.py:205} WARNING - Dependency <Task(_PythonDecoratedOperator): get_name>, greet already registered for DAG: dag_with_taskflow_api_v02
[2022-11-08T16:30:39.188+0000] {logging_mixin.py:120} INFO - [2022-11-08T16:30:39.188+0000] {taskmixin.py:205} WARNING - Dependency <Task(_PythonDecoratedOperator): greet>, get_name already registered for DAG: dag_with_taskflow_api_v02
[2022-11-08T16:30:39.193+0000] {processor.py:766} INFO - DAG(s) dict_keys(['dag_with_taskflow_api_v02']) retrieved from /opt/airflow/dags/dag_with_API.py
[2022-11-08T16:30:39.223+0000] {logging_mixin.py:120} INFO - [2022-11-08T16:30:39.223+0000] {dag.py:2585} INFO - Sync 1 DAGs
[2022-11-08T16:30:39.243+0000] {logging_mixin.py:120} INFO - [2022-11-08T16:30:39.243+0000] {dag.py:3340} INFO - Setting next_dagrun for dag_with_taskflow_api_v02 to 2022-11-08T00:00:00+00:00, run_after=2022-11-09T00:00:00+00:00
[2022-11-08T16:30:39.257+0000] {processor.py:176} INFO - Processing /opt/airflow/dags/dag_with_API.py took 0.098 seconds
[2022-11-08T16:31:09.518+0000] {processor.py:154} INFO - Started process (PID=11660) to work on /opt/airflow/dags/dag_with_API.py
[2022-11-08T16:31:09.518+0000] {processor.py:756} INFO - Processing file /opt/airflow/dags/dag_with_API.py for tasks to queue
[2022-11-08T16:31:09.519+0000] {logging_mixin.py:120} INFO - [2022-11-08T16:31:09.519+0000] {dagbag.py:537} INFO - Filling up the DagBag from /opt/airflow/dags/dag_with_API.py
[2022-11-08T16:31:09.533+0000] {logging_mixin.py:120} WARNING - /home/airflow/.local/lib/python3.7/site-packages/airflow/models/dag.py:3437 RemovedInAirflow3Warning: Param `schedule_interval` is deprecated and will be removed in a future release. Please use `schedule` instead.
[2022-11-08T16:31:09.538+0000] {logging_mixin.py:120} INFO - [2022-11-08T16:31:09.538+0000] {taskmixin.py:205} WARNING - Dependency <Task(_PythonDecoratedOperator): get_name>, greet already registered for DAG: dag_with_taskflow_api_v02
[2022-11-08T16:31:09.539+0000] {logging_mixin.py:120} INFO - [2022-11-08T16:31:09.538+0000] {taskmixin.py:205} WARNING - Dependency <Task(_PythonDecoratedOperator): greet>, get_name already registered for DAG: dag_with_taskflow_api_v02
[2022-11-08T16:31:09.543+0000] {processor.py:766} INFO - DAG(s) dict_keys(['dag_with_taskflow_api_v02']) retrieved from /opt/airflow/dags/dag_with_API.py
[2022-11-08T16:31:09.573+0000] {logging_mixin.py:120} INFO - [2022-11-08T16:31:09.572+0000] {dag.py:2585} INFO - Sync 1 DAGs
[2022-11-08T16:31:09.593+0000] {logging_mixin.py:120} INFO - [2022-11-08T16:31:09.593+0000] {dag.py:3340} INFO - Setting next_dagrun for dag_with_taskflow_api_v02 to 2022-11-08T00:00:00+00:00, run_after=2022-11-09T00:00:00+00:00
[2022-11-08T16:31:09.608+0000] {processor.py:176} INFO - Processing /opt/airflow/dags/dag_with_API.py took 0.095 seconds
[2022-11-08T16:31:39.806+0000] {processor.py:154} INFO - Started process (PID=11702) to work on /opt/airflow/dags/dag_with_API.py
[2022-11-08T16:31:39.807+0000] {processor.py:756} INFO - Processing file /opt/airflow/dags/dag_with_API.py for tasks to queue
[2022-11-08T16:31:39.808+0000] {logging_mixin.py:120} INFO - [2022-11-08T16:31:39.808+0000] {dagbag.py:537} INFO - Filling up the DagBag from /opt/airflow/dags/dag_with_API.py
[2022-11-08T16:31:39.828+0000] {logging_mixin.py:120} WARNING - /home/airflow/.local/lib/python3.7/site-packages/airflow/models/dag.py:3437 RemovedInAirflow3Warning: Param `schedule_interval` is deprecated and will be removed in a future release. Please use `schedule` instead.
[2022-11-08T16:31:39.835+0000] {logging_mixin.py:120} INFO - [2022-11-08T16:31:39.834+0000] {taskmixin.py:205} WARNING - Dependency <Task(_PythonDecoratedOperator): get_name>, greet already registered for DAG: dag_with_taskflow_api_v02
[2022-11-08T16:31:39.835+0000] {logging_mixin.py:120} INFO - [2022-11-08T16:31:39.835+0000] {taskmixin.py:205} WARNING - Dependency <Task(_PythonDecoratedOperator): greet>, get_name already registered for DAG: dag_with_taskflow_api_v02
[2022-11-08T16:31:39.842+0000] {processor.py:766} INFO - DAG(s) dict_keys(['dag_with_taskflow_api_v02']) retrieved from /opt/airflow/dags/dag_with_API.py
[2022-11-08T16:31:39.886+0000] {logging_mixin.py:120} INFO - [2022-11-08T16:31:39.886+0000] {dag.py:2585} INFO - Sync 1 DAGs
[2022-11-08T16:31:39.915+0000] {logging_mixin.py:120} INFO - [2022-11-08T16:31:39.915+0000] {dag.py:3340} INFO - Setting next_dagrun for dag_with_taskflow_api_v02 to 2022-11-08T00:00:00+00:00, run_after=2022-11-09T00:00:00+00:00
[2022-11-08T16:31:39.935+0000] {processor.py:176} INFO - Processing /opt/airflow/dags/dag_with_API.py took 0.133 seconds
[2022-11-08T16:32:10.161+0000] {processor.py:154} INFO - Started process (PID=11743) to work on /opt/airflow/dags/dag_with_API.py
[2022-11-08T16:32:10.162+0000] {processor.py:756} INFO - Processing file /opt/airflow/dags/dag_with_API.py for tasks to queue
[2022-11-08T16:32:10.163+0000] {logging_mixin.py:120} INFO - [2022-11-08T16:32:10.163+0000] {dagbag.py:537} INFO - Filling up the DagBag from /opt/airflow/dags/dag_with_API.py
[2022-11-08T16:32:10.179+0000] {logging_mixin.py:120} WARNING - /home/airflow/.local/lib/python3.7/site-packages/airflow/models/dag.py:3437 RemovedInAirflow3Warning: Param `schedule_interval` is deprecated and will be removed in a future release. Please use `schedule` instead.
[2022-11-08T16:32:10.186+0000] {logging_mixin.py:120} INFO - [2022-11-08T16:32:10.185+0000] {taskmixin.py:205} WARNING - Dependency <Task(_PythonDecoratedOperator): get_name>, greet already registered for DAG: dag_with_taskflow_api_v02
[2022-11-08T16:32:10.186+0000] {logging_mixin.py:120} INFO - [2022-11-08T16:32:10.186+0000] {taskmixin.py:205} WARNING - Dependency <Task(_PythonDecoratedOperator): greet>, get_name already registered for DAG: dag_with_taskflow_api_v02
[2022-11-08T16:32:10.192+0000] {processor.py:766} INFO - DAG(s) dict_keys(['dag_with_taskflow_api_v02']) retrieved from /opt/airflow/dags/dag_with_API.py
[2022-11-08T16:32:10.233+0000] {logging_mixin.py:120} INFO - [2022-11-08T16:32:10.233+0000] {dag.py:2585} INFO - Sync 1 DAGs
[2022-11-08T16:32:10.256+0000] {logging_mixin.py:120} INFO - [2022-11-08T16:32:10.256+0000] {dag.py:3340} INFO - Setting next_dagrun for dag_with_taskflow_api_v02 to 2022-11-08T00:00:00+00:00, run_after=2022-11-09T00:00:00+00:00
[2022-11-08T16:32:10.271+0000] {processor.py:176} INFO - Processing /opt/airflow/dags/dag_with_API.py took 0.114 seconds
[2022-11-08T16:32:40.520+0000] {processor.py:154} INFO - Started process (PID=11785) to work on /opt/airflow/dags/dag_with_API.py
[2022-11-08T16:32:40.521+0000] {processor.py:756} INFO - Processing file /opt/airflow/dags/dag_with_API.py for tasks to queue
[2022-11-08T16:32:40.522+0000] {logging_mixin.py:120} INFO - [2022-11-08T16:32:40.522+0000] {dagbag.py:537} INFO - Filling up the DagBag from /opt/airflow/dags/dag_with_API.py
[2022-11-08T16:32:40.536+0000] {logging_mixin.py:120} WARNING - /home/airflow/.local/lib/python3.7/site-packages/airflow/models/dag.py:3437 RemovedInAirflow3Warning: Param `schedule_interval` is deprecated and will be removed in a future release. Please use `schedule` instead.
[2022-11-08T16:32:40.541+0000] {logging_mixin.py:120} INFO - [2022-11-08T16:32:40.541+0000] {taskmixin.py:205} WARNING - Dependency <Task(_PythonDecoratedOperator): get_name>, greet already registered for DAG: dag_with_taskflow_api_v02
[2022-11-08T16:32:40.542+0000] {logging_mixin.py:120} INFO - [2022-11-08T16:32:40.542+0000] {taskmixin.py:205} WARNING - Dependency <Task(_PythonDecoratedOperator): greet>, get_name already registered for DAG: dag_with_taskflow_api_v02
[2022-11-08T16:32:40.548+0000] {processor.py:766} INFO - DAG(s) dict_keys(['dag_with_taskflow_api_v02']) retrieved from /opt/airflow/dags/dag_with_API.py
[2022-11-08T16:32:40.580+0000] {logging_mixin.py:120} INFO - [2022-11-08T16:32:40.580+0000] {dag.py:2585} INFO - Sync 1 DAGs
[2022-11-08T16:32:40.599+0000] {logging_mixin.py:120} INFO - [2022-11-08T16:32:40.599+0000] {dag.py:3340} INFO - Setting next_dagrun for dag_with_taskflow_api_v02 to 2022-11-08T00:00:00+00:00, run_after=2022-11-09T00:00:00+00:00
[2022-11-08T16:32:40.613+0000] {processor.py:176} INFO - Processing /opt/airflow/dags/dag_with_API.py took 0.100 seconds
[2022-11-08T16:33:10.854+0000] {processor.py:154} INFO - Started process (PID=11818) to work on /opt/airflow/dags/dag_with_API.py
[2022-11-08T16:33:10.854+0000] {processor.py:756} INFO - Processing file /opt/airflow/dags/dag_with_API.py for tasks to queue
[2022-11-08T16:33:10.855+0000] {logging_mixin.py:120} INFO - [2022-11-08T16:33:10.855+0000] {dagbag.py:537} INFO - Filling up the DagBag from /opt/airflow/dags/dag_with_API.py
[2022-11-08T16:33:10.871+0000] {logging_mixin.py:120} WARNING - /home/airflow/.local/lib/python3.7/site-packages/airflow/models/dag.py:3437 RemovedInAirflow3Warning: Param `schedule_interval` is deprecated and will be removed in a future release. Please use `schedule` instead.
[2022-11-08T16:33:10.876+0000] {logging_mixin.py:120} INFO - [2022-11-08T16:33:10.876+0000] {taskmixin.py:205} WARNING - Dependency <Task(_PythonDecoratedOperator): get_name>, greet already registered for DAG: dag_with_taskflow_api_v02
[2022-11-08T16:33:10.876+0000] {logging_mixin.py:120} INFO - [2022-11-08T16:33:10.876+0000] {taskmixin.py:205} WARNING - Dependency <Task(_PythonDecoratedOperator): greet>, get_name already registered for DAG: dag_with_taskflow_api_v02
[2022-11-08T16:33:10.882+0000] {processor.py:766} INFO - DAG(s) dict_keys(['dag_with_taskflow_api_v02']) retrieved from /opt/airflow/dags/dag_with_API.py
[2022-11-08T16:33:10.914+0000] {logging_mixin.py:120} INFO - [2022-11-08T16:33:10.913+0000] {dag.py:2585} INFO - Sync 1 DAGs
[2022-11-08T16:33:10.934+0000] {logging_mixin.py:120} INFO - [2022-11-08T16:33:10.934+0000] {dag.py:3340} INFO - Setting next_dagrun for dag_with_taskflow_api_v02 to 2022-11-08T00:00:00+00:00, run_after=2022-11-09T00:00:00+00:00
[2022-11-08T16:33:10.948+0000] {processor.py:176} INFO - Processing /opt/airflow/dags/dag_with_API.py took 0.099 seconds
[2022-11-08T16:33:41.218+0000] {processor.py:154} INFO - Started process (PID=11860) to work on /opt/airflow/dags/dag_with_API.py
[2022-11-08T16:33:41.219+0000] {processor.py:756} INFO - Processing file /opt/airflow/dags/dag_with_API.py for tasks to queue
[2022-11-08T16:33:41.220+0000] {logging_mixin.py:120} INFO - [2022-11-08T16:33:41.219+0000] {dagbag.py:537} INFO - Filling up the DagBag from /opt/airflow/dags/dag_with_API.py
[2022-11-08T16:33:41.237+0000] {logging_mixin.py:120} WARNING - /home/airflow/.local/lib/python3.7/site-packages/airflow/models/dag.py:3437 RemovedInAirflow3Warning: Param `schedule_interval` is deprecated and will be removed in a future release. Please use `schedule` instead.
[2022-11-08T16:33:41.245+0000] {logging_mixin.py:120} INFO - [2022-11-08T16:33:41.244+0000] {taskmixin.py:205} WARNING - Dependency <Task(_PythonDecoratedOperator): get_name>, greet already registered for DAG: dag_with_taskflow_api_v02
[2022-11-08T16:33:41.245+0000] {logging_mixin.py:120} INFO - [2022-11-08T16:33:41.245+0000] {taskmixin.py:205} WARNING - Dependency <Task(_PythonDecoratedOperator): greet>, get_name already registered for DAG: dag_with_taskflow_api_v02
[2022-11-08T16:33:41.252+0000] {processor.py:766} INFO - DAG(s) dict_keys(['dag_with_taskflow_api_v02']) retrieved from /opt/airflow/dags/dag_with_API.py
[2022-11-08T16:33:41.289+0000] {logging_mixin.py:120} INFO - [2022-11-08T16:33:41.289+0000] {dag.py:2585} INFO - Sync 1 DAGs
[2022-11-08T16:33:41.314+0000] {logging_mixin.py:120} INFO - [2022-11-08T16:33:41.314+0000] {dag.py:3340} INFO - Setting next_dagrun for dag_with_taskflow_api_v02 to 2022-11-08T00:00:00+00:00, run_after=2022-11-09T00:00:00+00:00
[2022-11-08T16:33:41.330+0000] {processor.py:176} INFO - Processing /opt/airflow/dags/dag_with_API.py took 0.115 seconds
[2022-11-08T16:34:11.521+0000] {processor.py:154} INFO - Started process (PID=11902) to work on /opt/airflow/dags/dag_with_API.py
[2022-11-08T16:34:11.522+0000] {processor.py:756} INFO - Processing file /opt/airflow/dags/dag_with_API.py for tasks to queue
[2022-11-08T16:34:11.522+0000] {logging_mixin.py:120} INFO - [2022-11-08T16:34:11.522+0000] {dagbag.py:537} INFO - Filling up the DagBag from /opt/airflow/dags/dag_with_API.py
[2022-11-08T16:34:11.537+0000] {logging_mixin.py:120} WARNING - /home/airflow/.local/lib/python3.7/site-packages/airflow/models/dag.py:3437 RemovedInAirflow3Warning: Param `schedule_interval` is deprecated and will be removed in a future release. Please use `schedule` instead.
[2022-11-08T16:34:11.542+0000] {logging_mixin.py:120} INFO - [2022-11-08T16:34:11.541+0000] {taskmixin.py:205} WARNING - Dependency <Task(_PythonDecoratedOperator): get_name>, greet already registered for DAG: dag_with_taskflow_api_v02
[2022-11-08T16:34:11.542+0000] {logging_mixin.py:120} INFO - [2022-11-08T16:34:11.542+0000] {taskmixin.py:205} WARNING - Dependency <Task(_PythonDecoratedOperator): greet>, get_name already registered for DAG: dag_with_taskflow_api_v02
[2022-11-08T16:34:11.547+0000] {processor.py:766} INFO - DAG(s) dict_keys(['dag_with_taskflow_api_v02']) retrieved from /opt/airflow/dags/dag_with_API.py
[2022-11-08T16:34:11.580+0000] {logging_mixin.py:120} INFO - [2022-11-08T16:34:11.580+0000] {dag.py:2585} INFO - Sync 1 DAGs
[2022-11-08T16:34:11.601+0000] {logging_mixin.py:120} INFO - [2022-11-08T16:34:11.600+0000] {dag.py:3340} INFO - Setting next_dagrun for dag_with_taskflow_api_v02 to 2022-11-08T00:00:00+00:00, run_after=2022-11-09T00:00:00+00:00
[2022-11-08T16:34:11.615+0000] {processor.py:176} INFO - Processing /opt/airflow/dags/dag_with_API.py took 0.097 seconds
