[2022-11-08T15:17:35.753+0000] {taskinstance.py:1165} INFO - Dependencies all met for <TaskInstance: our_first_dag_v5.thrid_task scheduled__2021-08-16T00:00:00+00:00 [queued]>
[2022-11-08T15:17:35.776+0000] {taskinstance.py:1165} INFO - Dependencies all met for <TaskInstance: our_first_dag_v5.thrid_task scheduled__2021-08-16T00:00:00+00:00 [queued]>
[2022-11-08T15:17:35.779+0000] {taskinstance.py:1362} INFO - 
--------------------------------------------------------------------------------
[2022-11-08T15:17:35.779+0000] {taskinstance.py:1363} INFO - Starting attempt 1 of 6
[2022-11-08T15:17:35.783+0000] {taskinstance.py:1364} INFO - 
--------------------------------------------------------------------------------
[2022-11-08T15:17:35.837+0000] {taskinstance.py:1383} INFO - Executing <Task(BashOperator): thrid_task> on 2021-08-16 00:00:00+00:00
[2022-11-08T15:17:35.848+0000] {standard_task_runner.py:55} INFO - Started process 1021 to run task
[2022-11-08T15:17:35.891+0000] {standard_task_runner.py:82} INFO - Running: ['***', 'tasks', 'run', 'our_first_dag_v5', 'thrid_task', 'scheduled__2021-08-16T00:00:00+00:00', '--job-id', '56', '--raw', '--subdir', 'DAGS_FOLDER/first_dag.py', '--cfg-path', '/tmp/tmpt8j0vh2p']
[2022-11-08T15:17:35.894+0000] {standard_task_runner.py:83} INFO - Job 56: Subtask thrid_task
[2022-11-08T15:17:36.027+0000] {task_command.py:376} INFO - Running <TaskInstance: our_first_dag_v5.thrid_task scheduled__2021-08-16T00:00:00+00:00 [running]> on host ade0f1f4f3fb
[2022-11-08T15:17:36.149+0000] {taskinstance.py:1592} INFO - Exporting the following env vars:
AIRFLOW_CTX_DAG_OWNER=kshama
AIRFLOW_CTX_DAG_ID=our_first_dag_v5
AIRFLOW_CTX_TASK_ID=thrid_task
AIRFLOW_CTX_EXECUTION_DATE=2021-08-16T00:00:00+00:00
AIRFLOW_CTX_TRY_NUMBER=1
AIRFLOW_CTX_DAG_RUN_ID=scheduled__2021-08-16T00:00:00+00:00
[2022-11-08T15:17:36.150+0000] {subprocess.py:63} INFO - Tmp dir root location: 
 /tmp
[2022-11-08T15:17:36.150+0000] {subprocess.py:75} INFO - Running command: ['/bin/bash', '-c', 'echo hey, I am task3 and will be running after task1 at the same time as task2!']
[2022-11-08T15:17:36.170+0000] {subprocess.py:86} INFO - Output:
[2022-11-08T15:17:36.175+0000] {subprocess.py:93} INFO - hey, I am task3 and will be running after task1 at the same time as task2!
[2022-11-08T15:17:36.193+0000] {subprocess.py:97} INFO - Command exited with return code 0
[2022-11-08T15:17:36.256+0000] {taskinstance.py:1406} INFO - Marking task as SUCCESS. dag_id=our_first_dag_v5, task_id=thrid_task, execution_date=20210816T000000, start_date=20221108T151735, end_date=20221108T151736
[2022-11-08T15:17:36.335+0000] {local_task_job.py:164} INFO - Task exited with return code 0
[2022-11-08T15:17:36.389+0000] {local_task_job.py:273} INFO - 0 downstream tasks scheduled from follow-on schedule check
