[2022-11-08T15:22:17.666+0000] {taskinstance.py:1165} INFO - Dependencies all met for <TaskInstance: our_first_dag_v2.second_task scheduled__2021-12-14T00:00:00+00:00 [queued]>
[2022-11-08T15:22:17.695+0000] {taskinstance.py:1165} INFO - Dependencies all met for <TaskInstance: our_first_dag_v2.second_task scheduled__2021-12-14T00:00:00+00:00 [queued]>
[2022-11-08T15:22:17.696+0000] {taskinstance.py:1362} INFO - 
--------------------------------------------------------------------------------
[2022-11-08T15:22:17.696+0000] {taskinstance.py:1363} INFO - Starting attempt 1 of 6
[2022-11-08T15:22:17.696+0000] {taskinstance.py:1364} INFO - 
--------------------------------------------------------------------------------
[2022-11-08T15:22:17.758+0000] {taskinstance.py:1383} INFO - Executing <Task(BashOperator): second_task> on 2021-12-14 00:00:00+00:00
[2022-11-08T15:22:17.767+0000] {standard_task_runner.py:55} INFO - Started process 4014 to run task
[2022-11-08T15:22:17.774+0000] {standard_task_runner.py:82} INFO - Running: ['***', 'tasks', 'run', 'our_first_dag_v2', 'second_task', 'scheduled__2021-12-14T00:00:00+00:00', '--job-id', '954', '--raw', '--subdir', 'DAGS_FOLDER/first_dag.py', '--cfg-path', '/tmp/tmpzw5m67qg']
[2022-11-08T15:22:17.799+0000] {standard_task_runner.py:83} INFO - Job 954: Subtask second_task
[2022-11-08T15:22:17.977+0000] {task_command.py:376} INFO - Running <TaskInstance: our_first_dag_v2.second_task scheduled__2021-12-14T00:00:00+00:00 [running]> on host ade0f1f4f3fb
[2022-11-08T15:22:18.175+0000] {taskinstance.py:1592} INFO - Exporting the following env vars:
AIRFLOW_CTX_DAG_OWNER=kshama
AIRFLOW_CTX_DAG_ID=our_first_dag_v2
AIRFLOW_CTX_TASK_ID=second_task
AIRFLOW_CTX_EXECUTION_DATE=2021-12-14T00:00:00+00:00
AIRFLOW_CTX_TRY_NUMBER=1
AIRFLOW_CTX_DAG_RUN_ID=scheduled__2021-12-14T00:00:00+00:00
[2022-11-08T15:22:18.179+0000] {subprocess.py:63} INFO - Tmp dir root location: 
 /tmp
[2022-11-08T15:22:18.179+0000] {subprocess.py:75} INFO - Running command: ['/bin/bash', '-c', 'echo hey, I am task2 and will be running after task1!']
[2022-11-08T15:22:18.217+0000] {subprocess.py:86} INFO - Output:
[2022-11-08T15:22:18.219+0000] {subprocess.py:93} INFO - hey, I am task2 and will be running after task1!
[2022-11-08T15:22:18.220+0000] {subprocess.py:97} INFO - Command exited with return code 0
[2022-11-08T15:22:18.294+0000] {taskinstance.py:1406} INFO - Marking task as SUCCESS. dag_id=our_first_dag_v2, task_id=second_task, execution_date=20211214T000000, start_date=20221108T152217, end_date=20221108T152218
[2022-11-08T15:22:18.360+0000] {local_task_job.py:164} INFO - Task exited with return code 0
[2022-11-08T15:22:18.399+0000] {local_task_job.py:273} INFO - 0 downstream tasks scheduled from follow-on schedule check
