[2022-11-08T15:21:21.144+0000] {taskinstance.py:1165} INFO - Dependencies all met for <TaskInstance: our_first_dag_v2.first_task scheduled__2021-09-26T00:00:00+00:00 [queued]>
[2022-11-08T15:21:21.202+0000] {taskinstance.py:1165} INFO - Dependencies all met for <TaskInstance: our_first_dag_v2.first_task scheduled__2021-09-26T00:00:00+00:00 [queued]>
[2022-11-08T15:21:21.206+0000] {taskinstance.py:1362} INFO - 
--------------------------------------------------------------------------------
[2022-11-08T15:21:21.207+0000] {taskinstance.py:1363} INFO - Starting attempt 1 of 6
[2022-11-08T15:21:21.207+0000] {taskinstance.py:1364} INFO - 
--------------------------------------------------------------------------------
[2022-11-08T15:21:21.412+0000] {taskinstance.py:1383} INFO - Executing <Task(BashOperator): first_task> on 2021-09-26 00:00:00+00:00
[2022-11-08T15:21:21.421+0000] {standard_task_runner.py:55} INFO - Started process 3201 to run task
[2022-11-08T15:21:21.437+0000] {standard_task_runner.py:82} INFO - Running: ['***', 'tasks', 'run', 'our_first_dag_v2', 'first_task', 'scheduled__2021-09-26T00:00:00+00:00', '--job-id', '699', '--raw', '--subdir', 'DAGS_FOLDER/first_dag.py', '--cfg-path', '/tmp/tmpfezn5a8j']
[2022-11-08T15:21:21.459+0000] {standard_task_runner.py:83} INFO - Job 699: Subtask first_task
[2022-11-08T15:21:21.661+0000] {task_command.py:376} INFO - Running <TaskInstance: our_first_dag_v2.first_task scheduled__2021-09-26T00:00:00+00:00 [running]> on host ade0f1f4f3fb
[2022-11-08T15:21:21.905+0000] {taskinstance.py:1592} INFO - Exporting the following env vars:
AIRFLOW_CTX_DAG_OWNER=kshama
AIRFLOW_CTX_DAG_ID=our_first_dag_v2
AIRFLOW_CTX_TASK_ID=first_task
AIRFLOW_CTX_EXECUTION_DATE=2021-09-26T00:00:00+00:00
AIRFLOW_CTX_TRY_NUMBER=1
AIRFLOW_CTX_DAG_RUN_ID=scheduled__2021-09-26T00:00:00+00:00
[2022-11-08T15:21:21.906+0000] {subprocess.py:63} INFO - Tmp dir root location: 
 /tmp
[2022-11-08T15:21:21.907+0000] {subprocess.py:75} INFO - Running command: ['/bin/bash', '-c', 'echo hello world, this is the first task!']
[2022-11-08T15:21:21.940+0000] {subprocess.py:86} INFO - Output:
[2022-11-08T15:21:21.952+0000] {subprocess.py:93} INFO - hello world, this is the first task!
[2022-11-08T15:21:21.952+0000] {subprocess.py:97} INFO - Command exited with return code 0
[2022-11-08T15:21:22.027+0000] {taskinstance.py:1406} INFO - Marking task as SUCCESS. dag_id=our_first_dag_v2, task_id=first_task, execution_date=20210926T000000, start_date=20221108T152121, end_date=20221108T152122
[2022-11-08T15:21:22.099+0000] {local_task_job.py:164} INFO - Task exited with return code 0
[2022-11-08T15:21:22.151+0000] {local_task_job.py:273} INFO - 1 downstream tasks scheduled from follow-on schedule check
