[2022-11-08T15:25:59.356+0000] {taskinstance.py:1165} INFO - Dependencies all met for <TaskInstance: our_first_dag_v2.first_task scheduled__2022-05-06T00:00:00+00:00 [queued]>
[2022-11-08T15:25:59.390+0000] {taskinstance.py:1165} INFO - Dependencies all met for <TaskInstance: our_first_dag_v2.first_task scheduled__2022-05-06T00:00:00+00:00 [queued]>
[2022-11-08T15:25:59.392+0000] {taskinstance.py:1362} INFO - 
--------------------------------------------------------------------------------
[2022-11-08T15:25:59.392+0000] {taskinstance.py:1363} INFO - Starting attempt 1 of 6
[2022-11-08T15:25:59.397+0000] {taskinstance.py:1364} INFO - 
--------------------------------------------------------------------------------
[2022-11-08T15:25:59.510+0000] {taskinstance.py:1383} INFO - Executing <Task(BashOperator): first_task> on 2022-05-06 00:00:00+00:00
[2022-11-08T15:25:59.519+0000] {standard_task_runner.py:55} INFO - Started process 5453 to run task
[2022-11-08T15:25:59.547+0000] {standard_task_runner.py:82} INFO - Running: ['***', 'tasks', 'run', 'our_first_dag_v2', 'first_task', 'scheduled__2022-05-06T00:00:00+00:00', '--job-id', '1367', '--raw', '--subdir', 'DAGS_FOLDER/first_dag.py', '--cfg-path', '/tmp/tmpb08b_gru']
[2022-11-08T15:25:59.553+0000] {standard_task_runner.py:83} INFO - Job 1367: Subtask first_task
[2022-11-08T15:25:59.700+0000] {task_command.py:376} INFO - Running <TaskInstance: our_first_dag_v2.first_task scheduled__2022-05-06T00:00:00+00:00 [running]> on host ade0f1f4f3fb
[2022-11-08T15:25:59.896+0000] {taskinstance.py:1592} INFO - Exporting the following env vars:
AIRFLOW_CTX_DAG_OWNER=kshama
AIRFLOW_CTX_DAG_ID=our_first_dag_v2
AIRFLOW_CTX_TASK_ID=first_task
AIRFLOW_CTX_EXECUTION_DATE=2022-05-06T00:00:00+00:00
AIRFLOW_CTX_TRY_NUMBER=1
AIRFLOW_CTX_DAG_RUN_ID=scheduled__2022-05-06T00:00:00+00:00
[2022-11-08T15:25:59.897+0000] {subprocess.py:63} INFO - Tmp dir root location: 
 /tmp
[2022-11-08T15:25:59.901+0000] {subprocess.py:75} INFO - Running command: ['/bin/bash', '-c', 'echo hello world, this is the first task!']
[2022-11-08T15:25:59.940+0000] {subprocess.py:86} INFO - Output:
[2022-11-08T15:25:59.946+0000] {subprocess.py:93} INFO - hello world, this is the first task!
[2022-11-08T15:25:59.951+0000] {subprocess.py:97} INFO - Command exited with return code 0
[2022-11-08T15:26:00.035+0000] {taskinstance.py:1406} INFO - Marking task as SUCCESS. dag_id=our_first_dag_v2, task_id=first_task, execution_date=20220506T000000, start_date=20221108T152559, end_date=20221108T152600
[2022-11-08T15:26:00.157+0000] {local_task_job.py:164} INFO - Task exited with return code 0
[2022-11-08T15:26:00.352+0000] {local_task_job.py:273} INFO - 0 downstream tasks scheduled from follow-on schedule check
