[2022-11-08T15:25:39.532+0000] {taskinstance.py:1165} INFO - Dependencies all met for <TaskInstance: our_first_dag_v2.thrid_task scheduled__2022-04-09T00:00:00+00:00 [queued]>
[2022-11-08T15:25:39.546+0000] {taskinstance.py:1165} INFO - Dependencies all met for <TaskInstance: our_first_dag_v2.thrid_task scheduled__2022-04-09T00:00:00+00:00 [queued]>
[2022-11-08T15:25:39.549+0000] {taskinstance.py:1362} INFO - 
--------------------------------------------------------------------------------
[2022-11-08T15:25:39.550+0000] {taskinstance.py:1363} INFO - Starting attempt 1 of 6
[2022-11-08T15:25:39.551+0000] {taskinstance.py:1364} INFO - 
--------------------------------------------------------------------------------
[2022-11-08T15:25:39.597+0000] {taskinstance.py:1383} INFO - Executing <Task(BashOperator): thrid_task> on 2022-04-09 00:00:00+00:00
[2022-11-08T15:25:39.604+0000] {standard_task_runner.py:55} INFO - Started process 5205 to run task
[2022-11-08T15:25:39.627+0000] {standard_task_runner.py:82} INFO - Running: ['***', 'tasks', 'run', 'our_first_dag_v2', 'thrid_task', 'scheduled__2022-04-09T00:00:00+00:00', '--job-id', '1290', '--raw', '--subdir', 'DAGS_FOLDER/first_dag.py', '--cfg-path', '/tmp/tmpfq5sizf5']
[2022-11-08T15:25:39.635+0000] {standard_task_runner.py:83} INFO - Job 1290: Subtask thrid_task
[2022-11-08T15:25:39.812+0000] {task_command.py:376} INFO - Running <TaskInstance: our_first_dag_v2.thrid_task scheduled__2022-04-09T00:00:00+00:00 [running]> on host ade0f1f4f3fb
[2022-11-08T15:25:40.035+0000] {taskinstance.py:1592} INFO - Exporting the following env vars:
AIRFLOW_CTX_DAG_OWNER=kshama
AIRFLOW_CTX_DAG_ID=our_first_dag_v2
AIRFLOW_CTX_TASK_ID=thrid_task
AIRFLOW_CTX_EXECUTION_DATE=2022-04-09T00:00:00+00:00
AIRFLOW_CTX_TRY_NUMBER=1
AIRFLOW_CTX_DAG_RUN_ID=scheduled__2022-04-09T00:00:00+00:00
[2022-11-08T15:25:40.037+0000] {subprocess.py:63} INFO - Tmp dir root location: 
 /tmp
[2022-11-08T15:25:40.040+0000] {subprocess.py:75} INFO - Running command: ['/bin/bash', '-c', 'echo hey, I am task3 and will be running after task1 at the same time as task2!']
[2022-11-08T15:25:40.129+0000] {subprocess.py:86} INFO - Output:
[2022-11-08T15:25:40.141+0000] {subprocess.py:93} INFO - hey, I am task3 and will be running after task1 at the same time as task2!
[2022-11-08T15:25:40.143+0000] {subprocess.py:97} INFO - Command exited with return code 0
[2022-11-08T15:25:40.253+0000] {taskinstance.py:1406} INFO - Marking task as SUCCESS. dag_id=our_first_dag_v2, task_id=thrid_task, execution_date=20220409T000000, start_date=20221108T152539, end_date=20221108T152540
[2022-11-08T15:25:40.354+0000] {local_task_job.py:164} INFO - Task exited with return code 0
[2022-11-08T15:25:40.440+0000] {local_task_job.py:273} INFO - 0 downstream tasks scheduled from follow-on schedule check
