[2022-11-08T15:25:40.118+0000] {taskinstance.py:1165} INFO - Dependencies all met for <TaskInstance: our_first_dag_v2.thrid_task scheduled__2022-04-11T00:00:00+00:00 [queued]>
[2022-11-08T15:25:40.178+0000] {taskinstance.py:1165} INFO - Dependencies all met for <TaskInstance: our_first_dag_v2.thrid_task scheduled__2022-04-11T00:00:00+00:00 [queued]>
[2022-11-08T15:25:40.180+0000] {taskinstance.py:1362} INFO - 
--------------------------------------------------------------------------------
[2022-11-08T15:25:40.183+0000] {taskinstance.py:1363} INFO - Starting attempt 1 of 6
[2022-11-08T15:25:40.184+0000] {taskinstance.py:1364} INFO - 
--------------------------------------------------------------------------------
[2022-11-08T15:25:40.290+0000] {taskinstance.py:1383} INFO - Executing <Task(BashOperator): thrid_task> on 2022-04-11 00:00:00+00:00
[2022-11-08T15:25:40.304+0000] {standard_task_runner.py:55} INFO - Started process 5216 to run task
[2022-11-08T15:25:40.350+0000] {standard_task_runner.py:82} INFO - Running: ['***', 'tasks', 'run', 'our_first_dag_v2', 'thrid_task', 'scheduled__2022-04-11T00:00:00+00:00', '--job-id', '1294', '--raw', '--subdir', 'DAGS_FOLDER/first_dag.py', '--cfg-path', '/tmp/tmp1avyfopf']
[2022-11-08T15:25:40.362+0000] {standard_task_runner.py:83} INFO - Job 1294: Subtask thrid_task
[2022-11-08T15:25:40.629+0000] {task_command.py:376} INFO - Running <TaskInstance: our_first_dag_v2.thrid_task scheduled__2022-04-11T00:00:00+00:00 [running]> on host ade0f1f4f3fb
[2022-11-08T15:25:40.874+0000] {taskinstance.py:1592} INFO - Exporting the following env vars:
AIRFLOW_CTX_DAG_OWNER=kshama
AIRFLOW_CTX_DAG_ID=our_first_dag_v2
AIRFLOW_CTX_TASK_ID=thrid_task
AIRFLOW_CTX_EXECUTION_DATE=2022-04-11T00:00:00+00:00
AIRFLOW_CTX_TRY_NUMBER=1
AIRFLOW_CTX_DAG_RUN_ID=scheduled__2022-04-11T00:00:00+00:00
[2022-11-08T15:25:40.876+0000] {subprocess.py:63} INFO - Tmp dir root location: 
 /tmp
[2022-11-08T15:25:40.881+0000] {subprocess.py:75} INFO - Running command: ['/bin/bash', '-c', 'echo hey, I am task3 and will be running after task1 at the same time as task2!']
[2022-11-08T15:25:40.921+0000] {subprocess.py:86} INFO - Output:
[2022-11-08T15:25:40.923+0000] {subprocess.py:93} INFO - hey, I am task3 and will be running after task1 at the same time as task2!
[2022-11-08T15:25:40.924+0000] {subprocess.py:97} INFO - Command exited with return code 0
[2022-11-08T15:25:40.996+0000] {taskinstance.py:1406} INFO - Marking task as SUCCESS. dag_id=our_first_dag_v2, task_id=thrid_task, execution_date=20220411T000000, start_date=20221108T152540, end_date=20221108T152540
[2022-11-08T15:25:41.137+0000] {local_task_job.py:164} INFO - Task exited with return code 0
[2022-11-08T15:25:41.245+0000] {local_task_job.py:273} INFO - 0 downstream tasks scheduled from follow-on schedule check
