[2022-11-08T15:25:45.646+0000] {taskinstance.py:1165} INFO - Dependencies all met for <TaskInstance: our_first_dag_v2.second_task scheduled__2022-04-18T00:00:00+00:00 [queued]>
[2022-11-08T15:25:45.671+0000] {taskinstance.py:1165} INFO - Dependencies all met for <TaskInstance: our_first_dag_v2.second_task scheduled__2022-04-18T00:00:00+00:00 [queued]>
[2022-11-08T15:25:45.680+0000] {taskinstance.py:1362} INFO - 
--------------------------------------------------------------------------------
[2022-11-08T15:25:45.681+0000] {taskinstance.py:1363} INFO - Starting attempt 1 of 6
[2022-11-08T15:25:45.682+0000] {taskinstance.py:1364} INFO - 
--------------------------------------------------------------------------------
[2022-11-08T15:25:45.713+0000] {taskinstance.py:1383} INFO - Executing <Task(BashOperator): second_task> on 2022-04-18 00:00:00+00:00
[2022-11-08T15:25:45.736+0000] {standard_task_runner.py:55} INFO - Started process 5300 to run task
[2022-11-08T15:25:45.746+0000] {standard_task_runner.py:82} INFO - Running: ['***', 'tasks', 'run', 'our_first_dag_v2', 'second_task', 'scheduled__2022-04-18T00:00:00+00:00', '--job-id', '1319', '--raw', '--subdir', 'DAGS_FOLDER/first_dag.py', '--cfg-path', '/tmp/tmphyy0sxh0']
[2022-11-08T15:25:45.750+0000] {standard_task_runner.py:83} INFO - Job 1319: Subtask second_task
[2022-11-08T15:25:45.890+0000] {task_command.py:376} INFO - Running <TaskInstance: our_first_dag_v2.second_task scheduled__2022-04-18T00:00:00+00:00 [running]> on host ade0f1f4f3fb
[2022-11-08T15:25:46.028+0000] {taskinstance.py:1592} INFO - Exporting the following env vars:
AIRFLOW_CTX_DAG_OWNER=kshama
AIRFLOW_CTX_DAG_ID=our_first_dag_v2
AIRFLOW_CTX_TASK_ID=second_task
AIRFLOW_CTX_EXECUTION_DATE=2022-04-18T00:00:00+00:00
AIRFLOW_CTX_TRY_NUMBER=1
AIRFLOW_CTX_DAG_RUN_ID=scheduled__2022-04-18T00:00:00+00:00
[2022-11-08T15:25:46.030+0000] {subprocess.py:63} INFO - Tmp dir root location: 
 /tmp
[2022-11-08T15:25:46.032+0000] {subprocess.py:75} INFO - Running command: ['/bin/bash', '-c', 'echo hey, I am task2 and will be running after task1!']
[2022-11-08T15:25:46.057+0000] {subprocess.py:86} INFO - Output:
[2022-11-08T15:25:46.061+0000] {subprocess.py:93} INFO - hey, I am task2 and will be running after task1!
[2022-11-08T15:25:46.062+0000] {subprocess.py:97} INFO - Command exited with return code 0
[2022-11-08T15:25:46.104+0000] {taskinstance.py:1406} INFO - Marking task as SUCCESS. dag_id=our_first_dag_v2, task_id=second_task, execution_date=20220418T000000, start_date=20221108T152545, end_date=20221108T152546
[2022-11-08T15:25:46.195+0000] {local_task_job.py:164} INFO - Task exited with return code 0
[2022-11-08T15:25:46.234+0000] {local_task_job.py:273} INFO - 0 downstream tasks scheduled from follow-on schedule check
