[2022-11-08T15:27:48.603+0000] {taskinstance.py:1165} INFO - Dependencies all met for <TaskInstance: our_first_dag_v2.first_task scheduled__2022-09-24T00:00:00+00:00 [queued]>
[2022-11-08T15:27:48.666+0000] {taskinstance.py:1165} INFO - Dependencies all met for <TaskInstance: our_first_dag_v2.first_task scheduled__2022-09-24T00:00:00+00:00 [queued]>
[2022-11-08T15:27:48.671+0000] {taskinstance.py:1362} INFO - 
--------------------------------------------------------------------------------
[2022-11-08T15:27:48.682+0000] {taskinstance.py:1363} INFO - Starting attempt 1 of 6
[2022-11-08T15:27:48.687+0000] {taskinstance.py:1364} INFO - 
--------------------------------------------------------------------------------
[2022-11-08T15:27:48.745+0000] {taskinstance.py:1383} INFO - Executing <Task(BashOperator): first_task> on 2022-09-24 00:00:00+00:00
[2022-11-08T15:27:48.775+0000] {standard_task_runner.py:55} INFO - Started process 6813 to run task
[2022-11-08T15:27:48.810+0000] {standard_task_runner.py:82} INFO - Running: ['***', 'tasks', 'run', 'our_first_dag_v2', 'first_task', 'scheduled__2022-09-24T00:00:00+00:00', '--job-id', '1790', '--raw', '--subdir', 'DAGS_FOLDER/first_dag.py', '--cfg-path', '/tmp/tmpkc1kbr8k']
[2022-11-08T15:27:48.822+0000] {standard_task_runner.py:83} INFO - Job 1790: Subtask first_task
[2022-11-08T15:27:49.054+0000] {task_command.py:376} INFO - Running <TaskInstance: our_first_dag_v2.first_task scheduled__2022-09-24T00:00:00+00:00 [running]> on host ade0f1f4f3fb
[2022-11-08T15:27:49.228+0000] {taskinstance.py:1592} INFO - Exporting the following env vars:
AIRFLOW_CTX_DAG_OWNER=kshama
AIRFLOW_CTX_DAG_ID=our_first_dag_v2
AIRFLOW_CTX_TASK_ID=first_task
AIRFLOW_CTX_EXECUTION_DATE=2022-09-24T00:00:00+00:00
AIRFLOW_CTX_TRY_NUMBER=1
AIRFLOW_CTX_DAG_RUN_ID=scheduled__2022-09-24T00:00:00+00:00
[2022-11-08T15:27:49.235+0000] {subprocess.py:63} INFO - Tmp dir root location: 
 /tmp
[2022-11-08T15:27:49.236+0000] {subprocess.py:75} INFO - Running command: ['/bin/bash', '-c', 'echo hello world, this is the first task!']
[2022-11-08T15:27:49.294+0000] {subprocess.py:86} INFO - Output:
[2022-11-08T15:27:49.299+0000] {subprocess.py:93} INFO - hello world, this is the first task!
[2022-11-08T15:27:49.300+0000] {subprocess.py:97} INFO - Command exited with return code 0
[2022-11-08T15:27:49.369+0000] {taskinstance.py:1406} INFO - Marking task as SUCCESS. dag_id=our_first_dag_v2, task_id=first_task, execution_date=20220924T000000, start_date=20221108T152748, end_date=20221108T152749
[2022-11-08T15:27:49.467+0000] {local_task_job.py:164} INFO - Task exited with return code 0
[2022-11-08T15:27:49.521+0000] {local_task_job.py:273} INFO - 1 downstream tasks scheduled from follow-on schedule check
