[2022-11-08T15:22:26.018+0000] {taskinstance.py:1165} INFO - Dependencies all met for <TaskInstance: our_first_dag_v2.first_task scheduled__2022-01-01T00:00:00+00:00 [queued]>
[2022-11-08T15:22:26.066+0000] {taskinstance.py:1165} INFO - Dependencies all met for <TaskInstance: our_first_dag_v2.first_task scheduled__2022-01-01T00:00:00+00:00 [queued]>
[2022-11-08T15:22:26.068+0000] {taskinstance.py:1362} INFO - 
--------------------------------------------------------------------------------
[2022-11-08T15:22:26.072+0000] {taskinstance.py:1363} INFO - Starting attempt 1 of 6
[2022-11-08T15:22:26.072+0000] {taskinstance.py:1364} INFO - 
--------------------------------------------------------------------------------
[2022-11-08T15:22:26.122+0000] {taskinstance.py:1383} INFO - Executing <Task(BashOperator): first_task> on 2022-01-01 00:00:00+00:00
[2022-11-08T15:22:26.142+0000] {standard_task_runner.py:55} INFO - Started process 4130 to run task
[2022-11-08T15:22:26.161+0000] {standard_task_runner.py:82} INFO - Running: ['***', 'tasks', 'run', 'our_first_dag_v2', 'first_task', 'scheduled__2022-01-01T00:00:00+00:00', '--job-id', '992', '--raw', '--subdir', 'DAGS_FOLDER/first_dag.py', '--cfg-path', '/tmp/tmpf7lsb7ew']
[2022-11-08T15:22:26.171+0000] {standard_task_runner.py:83} INFO - Job 992: Subtask first_task
[2022-11-08T15:22:26.446+0000] {task_command.py:376} INFO - Running <TaskInstance: our_first_dag_v2.first_task scheduled__2022-01-01T00:00:00+00:00 [running]> on host ade0f1f4f3fb
[2022-11-08T15:22:26.599+0000] {taskinstance.py:1592} INFO - Exporting the following env vars:
AIRFLOW_CTX_DAG_OWNER=kshama
AIRFLOW_CTX_DAG_ID=our_first_dag_v2
AIRFLOW_CTX_TASK_ID=first_task
AIRFLOW_CTX_EXECUTION_DATE=2022-01-01T00:00:00+00:00
AIRFLOW_CTX_TRY_NUMBER=1
AIRFLOW_CTX_DAG_RUN_ID=scheduled__2022-01-01T00:00:00+00:00
[2022-11-08T15:22:26.602+0000] {subprocess.py:63} INFO - Tmp dir root location: 
 /tmp
[2022-11-08T15:22:26.603+0000] {subprocess.py:75} INFO - Running command: ['/bin/bash', '-c', 'echo hello world, this is the first task!']
[2022-11-08T15:22:26.628+0000] {subprocess.py:86} INFO - Output:
[2022-11-08T15:22:26.632+0000] {subprocess.py:93} INFO - hello world, this is the first task!
[2022-11-08T15:22:26.633+0000] {subprocess.py:97} INFO - Command exited with return code 0
[2022-11-08T15:22:26.696+0000] {taskinstance.py:1406} INFO - Marking task as SUCCESS. dag_id=our_first_dag_v2, task_id=first_task, execution_date=20220101T000000, start_date=20221108T152226, end_date=20221108T152226
[2022-11-08T15:22:26.748+0000] {local_task_job.py:164} INFO - Task exited with return code 0
[2022-11-08T15:22:26.793+0000] {local_task_job.py:273} INFO - 1 downstream tasks scheduled from follow-on schedule check
