[2022-11-08T15:18:04.526+0000] {taskinstance.py:1165} INFO - Dependencies all met for <TaskInstance: our_first_dag_v5.second_task scheduled__2021-09-21T00:00:00+00:00 [queued]>
[2022-11-08T15:18:04.550+0000] {taskinstance.py:1165} INFO - Dependencies all met for <TaskInstance: our_first_dag_v5.second_task scheduled__2021-09-21T00:00:00+00:00 [queued]>
[2022-11-08T15:18:04.551+0000] {taskinstance.py:1362} INFO - 
--------------------------------------------------------------------------------
[2022-11-08T15:18:04.552+0000] {taskinstance.py:1363} INFO - Starting attempt 1 of 6
[2022-11-08T15:18:04.552+0000] {taskinstance.py:1364} INFO - 
--------------------------------------------------------------------------------
[2022-11-08T15:18:04.786+0000] {taskinstance.py:1383} INFO - Executing <Task(BashOperator): second_task> on 2021-09-21 00:00:00+00:00
[2022-11-08T15:18:04.800+0000] {standard_task_runner.py:55} INFO - Started process 1412 to run task
[2022-11-08T15:18:04.809+0000] {standard_task_runner.py:82} INFO - Running: ['***', 'tasks', 'run', 'our_first_dag_v5', 'second_task', 'scheduled__2021-09-21T00:00:00+00:00', '--job-id', '179', '--raw', '--subdir', 'DAGS_FOLDER/first_dag.py', '--cfg-path', '/tmp/tmpfeddb02i']
[2022-11-08T15:18:04.831+0000] {standard_task_runner.py:83} INFO - Job 179: Subtask second_task
[2022-11-08T15:18:05.028+0000] {task_command.py:376} INFO - Running <TaskInstance: our_first_dag_v5.second_task scheduled__2021-09-21T00:00:00+00:00 [running]> on host ade0f1f4f3fb
[2022-11-08T15:18:05.249+0000] {taskinstance.py:1592} INFO - Exporting the following env vars:
AIRFLOW_CTX_DAG_OWNER=kshama
AIRFLOW_CTX_DAG_ID=our_first_dag_v5
AIRFLOW_CTX_TASK_ID=second_task
AIRFLOW_CTX_EXECUTION_DATE=2021-09-21T00:00:00+00:00
AIRFLOW_CTX_TRY_NUMBER=1
AIRFLOW_CTX_DAG_RUN_ID=scheduled__2021-09-21T00:00:00+00:00
[2022-11-08T15:18:05.251+0000] {subprocess.py:63} INFO - Tmp dir root location: 
 /tmp
[2022-11-08T15:18:05.251+0000] {subprocess.py:75} INFO - Running command: ['/bin/bash', '-c', 'echo hey, I am task2 and will be running after task1!']
[2022-11-08T15:18:05.300+0000] {subprocess.py:86} INFO - Output:
[2022-11-08T15:18:05.316+0000] {subprocess.py:93} INFO - hey, I am task2 and will be running after task1!
[2022-11-08T15:18:05.321+0000] {subprocess.py:97} INFO - Command exited with return code 0
[2022-11-08T15:18:05.410+0000] {taskinstance.py:1406} INFO - Marking task as SUCCESS. dag_id=our_first_dag_v5, task_id=second_task, execution_date=20210921T000000, start_date=20221108T151804, end_date=20221108T151805
[2022-11-08T15:18:05.594+0000] {local_task_job.py:164} INFO - Task exited with return code 0
[2022-11-08T15:18:05.659+0000] {local_task_job.py:273} INFO - 0 downstream tasks scheduled from follow-on schedule check
