[2022-11-08T15:17:28.917+0000] {taskinstance.py:1165} INFO - Dependencies all met for <TaskInstance: our_first_dag_v5.second_task scheduled__2021-08-01T00:00:00+00:00 [queued]>
[2022-11-08T15:17:28.957+0000] {taskinstance.py:1165} INFO - Dependencies all met for <TaskInstance: our_first_dag_v5.second_task scheduled__2021-08-01T00:00:00+00:00 [queued]>
[2022-11-08T15:17:28.957+0000] {taskinstance.py:1362} INFO - 
--------------------------------------------------------------------------------
[2022-11-08T15:17:28.958+0000] {taskinstance.py:1363} INFO - Starting attempt 1 of 6
[2022-11-08T15:17:28.962+0000] {taskinstance.py:1364} INFO - 
--------------------------------------------------------------------------------
[2022-11-08T15:17:28.990+0000] {taskinstance.py:1383} INFO - Executing <Task(BashOperator): second_task> on 2021-08-01 00:00:00+00:00
[2022-11-08T15:17:28.996+0000] {standard_task_runner.py:55} INFO - Started process 950 to run task
[2022-11-08T15:17:29.024+0000] {standard_task_runner.py:82} INFO - Running: ['***', 'tasks', 'run', 'our_first_dag_v5', 'second_task', 'scheduled__2021-08-01T00:00:00+00:00', '--job-id', '29', '--raw', '--subdir', 'DAGS_FOLDER/first_dag.py', '--cfg-path', '/tmp/tmpxht2kvuz']
[2022-11-08T15:17:29.048+0000] {standard_task_runner.py:83} INFO - Job 29: Subtask second_task
[2022-11-08T15:17:29.275+0000] {task_command.py:376} INFO - Running <TaskInstance: our_first_dag_v5.second_task scheduled__2021-08-01T00:00:00+00:00 [running]> on host ade0f1f4f3fb
[2022-11-08T15:17:29.507+0000] {taskinstance.py:1592} INFO - Exporting the following env vars:
AIRFLOW_CTX_DAG_OWNER=kshama
AIRFLOW_CTX_DAG_ID=our_first_dag_v5
AIRFLOW_CTX_TASK_ID=second_task
AIRFLOW_CTX_EXECUTION_DATE=2021-08-01T00:00:00+00:00
AIRFLOW_CTX_TRY_NUMBER=1
AIRFLOW_CTX_DAG_RUN_ID=scheduled__2021-08-01T00:00:00+00:00
[2022-11-08T15:17:29.513+0000] {subprocess.py:63} INFO - Tmp dir root location: 
 /tmp
[2022-11-08T15:17:29.519+0000] {subprocess.py:75} INFO - Running command: ['/bin/bash', '-c', 'echo hey, I am task2 and will be running after task1!']
[2022-11-08T15:17:29.573+0000] {subprocess.py:86} INFO - Output:
[2022-11-08T15:17:29.576+0000] {subprocess.py:93} INFO - hey, I am task2 and will be running after task1!
[2022-11-08T15:17:29.577+0000] {subprocess.py:97} INFO - Command exited with return code 0
[2022-11-08T15:17:29.634+0000] {taskinstance.py:1406} INFO - Marking task as SUCCESS. dag_id=our_first_dag_v5, task_id=second_task, execution_date=20210801T000000, start_date=20221108T151728, end_date=20221108T151729
[2022-11-08T15:17:29.793+0000] {local_task_job.py:164} INFO - Task exited with return code 0
[2022-11-08T15:17:29.854+0000] {local_task_job.py:273} INFO - 0 downstream tasks scheduled from follow-on schedule check
