[2022-11-08T16:11:11.207+0000] {taskinstance.py:1165} INFO - Dependencies all met for <TaskInstance: dag_with_taskflow_api_v02.get_age manual__2022-11-08T16:11:10.791697+00:00 [queued]>
[2022-11-08T16:11:11.219+0000] {taskinstance.py:1165} INFO - Dependencies all met for <TaskInstance: dag_with_taskflow_api_v02.get_age manual__2022-11-08T16:11:10.791697+00:00 [queued]>
[2022-11-08T16:11:11.219+0000] {taskinstance.py:1362} INFO - 
--------------------------------------------------------------------------------
[2022-11-08T16:11:11.219+0000] {taskinstance.py:1363} INFO - Starting attempt 1 of 6
[2022-11-08T16:11:11.220+0000] {taskinstance.py:1364} INFO - 
--------------------------------------------------------------------------------
[2022-11-08T16:11:11.235+0000] {taskinstance.py:1383} INFO - Executing <Task(_PythonDecoratedOperator): get_age> on 2022-11-08 16:11:10.791697+00:00
[2022-11-08T16:11:11.240+0000] {standard_task_runner.py:55} INFO - Started process 10089 to run task
[2022-11-08T16:11:11.243+0000] {standard_task_runner.py:82} INFO - Running: ['***', 'tasks', 'run', 'dag_with_taskflow_api_v02', 'get_age', 'manual__2022-11-08T16:11:10.791697+00:00', '--job-id', '1933', '--raw', '--subdir', 'DAGS_FOLDER/dag_with_API.py', '--cfg-path', '/tmp/tmptlw7pw9i']
[2022-11-08T16:11:11.245+0000] {standard_task_runner.py:83} INFO - Job 1933: Subtask get_age
[2022-11-08T16:11:11.325+0000] {task_command.py:376} INFO - Running <TaskInstance: dag_with_taskflow_api_v02.get_age manual__2022-11-08T16:11:10.791697+00:00 [running]> on host ade0f1f4f3fb
[2022-11-08T16:11:11.413+0000] {taskinstance.py:1592} INFO - Exporting the following env vars:
AIRFLOW_CTX_DAG_OWNER=kshama
AIRFLOW_CTX_DAG_ID=dag_with_taskflow_api_v02
AIRFLOW_CTX_TASK_ID=get_age
AIRFLOW_CTX_EXECUTION_DATE=2022-11-08T16:11:10.791697+00:00
AIRFLOW_CTX_TRY_NUMBER=1
AIRFLOW_CTX_DAG_RUN_ID=manual__2022-11-08T16:11:10.791697+00:00
[2022-11-08T16:11:11.414+0000] {python.py:177} INFO - Done. Returned value was: 19
[2022-11-08T16:11:11.448+0000] {taskinstance.py:1406} INFO - Marking task as SUCCESS. dag_id=dag_with_taskflow_api_v02, task_id=get_age, execution_date=20221108T161110, start_date=20221108T161111, end_date=20221108T161111
[2022-11-08T16:11:11.495+0000] {local_task_job.py:164} INFO - Task exited with return code 0
[2022-11-08T16:11:11.531+0000] {local_task_job.py:273} INFO - 1 downstream tasks scheduled from follow-on schedule check
