[2022-11-08T15:24:19.879+0000] {taskinstance.py:1165} INFO - Dependencies all met for <TaskInstance: our_first_dag_v2.first_task scheduled__2022-01-05T00:00:00+00:00 [queued]>
[2022-11-08T15:24:19.946+0000] {taskinstance.py:1165} INFO - Dependencies all met for <TaskInstance: our_first_dag_v2.first_task scheduled__2022-01-05T00:00:00+00:00 [queued]>
[2022-11-08T15:24:19.948+0000] {taskinstance.py:1362} INFO - 
--------------------------------------------------------------------------------
[2022-11-08T15:24:19.949+0000] {taskinstance.py:1363} INFO - Starting attempt 1 of 6
[2022-11-08T15:24:19.951+0000] {taskinstance.py:1364} INFO - 
--------------------------------------------------------------------------------
[2022-11-08T15:24:20.049+0000] {taskinstance.py:1383} INFO - Executing <Task(BashOperator): first_task> on 2022-01-05 00:00:00+00:00
[2022-11-08T15:24:20.071+0000] {standard_task_runner.py:55} INFO - Started process 4297 to run task
[2022-11-08T15:24:20.092+0000] {standard_task_runner.py:82} INFO - Running: ['***', 'tasks', 'run', 'our_first_dag_v2', 'first_task', 'scheduled__2022-01-05T00:00:00+00:00', '--job-id', '1007', '--raw', '--subdir', 'DAGS_FOLDER/first_dag.py', '--cfg-path', '/tmp/tmph3oqg0p7']
[2022-11-08T15:24:20.103+0000] {standard_task_runner.py:83} INFO - Job 1007: Subtask first_task
[2022-11-08T15:24:20.381+0000] {task_command.py:376} INFO - Running <TaskInstance: our_first_dag_v2.first_task scheduled__2022-01-05T00:00:00+00:00 [running]> on host ade0f1f4f3fb
[2022-11-08T15:24:20.588+0000] {taskinstance.py:1592} INFO - Exporting the following env vars:
AIRFLOW_CTX_DAG_OWNER=kshama
AIRFLOW_CTX_DAG_ID=our_first_dag_v2
AIRFLOW_CTX_TASK_ID=first_task
AIRFLOW_CTX_EXECUTION_DATE=2022-01-05T00:00:00+00:00
AIRFLOW_CTX_TRY_NUMBER=1
AIRFLOW_CTX_DAG_RUN_ID=scheduled__2022-01-05T00:00:00+00:00
[2022-11-08T15:24:20.596+0000] {subprocess.py:63} INFO - Tmp dir root location: 
 /tmp
[2022-11-08T15:24:20.603+0000] {subprocess.py:75} INFO - Running command: ['/bin/bash', '-c', 'echo hello world, this is the first task!']
[2022-11-08T15:24:20.688+0000] {subprocess.py:86} INFO - Output:
[2022-11-08T15:24:20.695+0000] {subprocess.py:93} INFO - hello world, this is the first task!
[2022-11-08T15:24:20.696+0000] {subprocess.py:97} INFO - Command exited with return code 0
[2022-11-08T15:24:20.766+0000] {taskinstance.py:1406} INFO - Marking task as SUCCESS. dag_id=our_first_dag_v2, task_id=first_task, execution_date=20220105T000000, start_date=20221108T152419, end_date=20221108T152420
[2022-11-08T15:24:20.932+0000] {local_task_job.py:164} INFO - Task exited with return code 0
[2022-11-08T15:24:21.005+0000] {local_task_job.py:273} INFO - 1 downstream tasks scheduled from follow-on schedule check
