[2022-11-08T15:26:46.050+0000] {taskinstance.py:1165} INFO - Dependencies all met for <TaskInstance: our_first_dag_v2.second_task scheduled__2022-06-27T00:00:00+00:00 [queued]>
[2022-11-08T15:26:46.087+0000] {taskinstance.py:1165} INFO - Dependencies all met for <TaskInstance: our_first_dag_v2.second_task scheduled__2022-06-27T00:00:00+00:00 [queued]>
[2022-11-08T15:26:46.087+0000] {taskinstance.py:1362} INFO - 
--------------------------------------------------------------------------------
[2022-11-08T15:26:46.087+0000] {taskinstance.py:1363} INFO - Starting attempt 1 of 6
[2022-11-08T15:26:46.088+0000] {taskinstance.py:1364} INFO - 
--------------------------------------------------------------------------------
[2022-11-08T15:26:46.163+0000] {taskinstance.py:1383} INFO - Executing <Task(BashOperator): second_task> on 2022-06-27 00:00:00+00:00
[2022-11-08T15:26:46.183+0000] {standard_task_runner.py:55} INFO - Started process 6008 to run task
[2022-11-08T15:26:46.200+0000] {standard_task_runner.py:82} INFO - Running: ['***', 'tasks', 'run', 'our_first_dag_v2', 'second_task', 'scheduled__2022-06-27T00:00:00+00:00', '--job-id', '1539', '--raw', '--subdir', 'DAGS_FOLDER/first_dag.py', '--cfg-path', '/tmp/tmpru5n57mm']
[2022-11-08T15:26:46.212+0000] {standard_task_runner.py:83} INFO - Job 1539: Subtask second_task
[2022-11-08T15:26:46.459+0000] {task_command.py:376} INFO - Running <TaskInstance: our_first_dag_v2.second_task scheduled__2022-06-27T00:00:00+00:00 [running]> on host ade0f1f4f3fb
[2022-11-08T15:26:46.720+0000] {taskinstance.py:1592} INFO - Exporting the following env vars:
AIRFLOW_CTX_DAG_OWNER=kshama
AIRFLOW_CTX_DAG_ID=our_first_dag_v2
AIRFLOW_CTX_TASK_ID=second_task
AIRFLOW_CTX_EXECUTION_DATE=2022-06-27T00:00:00+00:00
AIRFLOW_CTX_TRY_NUMBER=1
AIRFLOW_CTX_DAG_RUN_ID=scheduled__2022-06-27T00:00:00+00:00
[2022-11-08T15:26:46.722+0000] {subprocess.py:63} INFO - Tmp dir root location: 
 /tmp
[2022-11-08T15:26:46.729+0000] {subprocess.py:75} INFO - Running command: ['/bin/bash', '-c', 'echo hey, I am task2 and will be running after task1!']
[2022-11-08T15:26:46.748+0000] {subprocess.py:86} INFO - Output:
[2022-11-08T15:26:46.751+0000] {subprocess.py:93} INFO - hey, I am task2 and will be running after task1!
[2022-11-08T15:26:46.752+0000] {subprocess.py:97} INFO - Command exited with return code 0
[2022-11-08T15:26:46.833+0000] {taskinstance.py:1406} INFO - Marking task as SUCCESS. dag_id=our_first_dag_v2, task_id=second_task, execution_date=20220627T000000, start_date=20221108T152646, end_date=20221108T152646
[2022-11-08T15:26:47.270+0000] {local_task_job.py:164} INFO - Task exited with return code 0
[2022-11-08T15:26:47.327+0000] {local_task_job.py:273} INFO - 0 downstream tasks scheduled from follow-on schedule check
