[2022-11-08T15:21:53.774+0000] {taskinstance.py:1165} INFO - Dependencies all met for <TaskInstance: our_first_dag_v2.second_task scheduled__2021-11-09T00:00:00+00:00 [queued]>
[2022-11-08T15:21:53.788+0000] {taskinstance.py:1165} INFO - Dependencies all met for <TaskInstance: our_first_dag_v2.second_task scheduled__2021-11-09T00:00:00+00:00 [queued]>
[2022-11-08T15:21:53.789+0000] {taskinstance.py:1362} INFO - 
--------------------------------------------------------------------------------
[2022-11-08T15:21:53.789+0000] {taskinstance.py:1363} INFO - Starting attempt 1 of 6
[2022-11-08T15:21:53.789+0000] {taskinstance.py:1364} INFO - 
--------------------------------------------------------------------------------
[2022-11-08T15:21:53.809+0000] {taskinstance.py:1383} INFO - Executing <Task(BashOperator): second_task> on 2021-11-09 00:00:00+00:00
[2022-11-08T15:21:53.816+0000] {standard_task_runner.py:55} INFO - Started process 3660 to run task
[2022-11-08T15:21:53.820+0000] {standard_task_runner.py:82} INFO - Running: ['***', 'tasks', 'run', 'our_first_dag_v2', 'second_task', 'scheduled__2021-11-09T00:00:00+00:00', '--job-id', '844', '--raw', '--subdir', 'DAGS_FOLDER/first_dag.py', '--cfg-path', '/tmp/tmpjkfkscrr']
[2022-11-08T15:21:53.822+0000] {standard_task_runner.py:83} INFO - Job 844: Subtask second_task
[2022-11-08T15:21:53.882+0000] {task_command.py:376} INFO - Running <TaskInstance: our_first_dag_v2.second_task scheduled__2021-11-09T00:00:00+00:00 [running]> on host ade0f1f4f3fb
[2022-11-08T15:21:53.965+0000] {taskinstance.py:1592} INFO - Exporting the following env vars:
AIRFLOW_CTX_DAG_OWNER=kshama
AIRFLOW_CTX_DAG_ID=our_first_dag_v2
AIRFLOW_CTX_TASK_ID=second_task
AIRFLOW_CTX_EXECUTION_DATE=2021-11-09T00:00:00+00:00
AIRFLOW_CTX_TRY_NUMBER=1
AIRFLOW_CTX_DAG_RUN_ID=scheduled__2021-11-09T00:00:00+00:00
[2022-11-08T15:21:53.966+0000] {subprocess.py:63} INFO - Tmp dir root location: 
 /tmp
[2022-11-08T15:21:53.967+0000] {subprocess.py:75} INFO - Running command: ['/bin/bash', '-c', 'echo hey, I am task2 and will be running after task1!']
[2022-11-08T15:21:53.980+0000] {subprocess.py:86} INFO - Output:
[2022-11-08T15:21:53.981+0000] {subprocess.py:93} INFO - hey, I am task2 and will be running after task1!
[2022-11-08T15:21:53.982+0000] {subprocess.py:97} INFO - Command exited with return code 0
[2022-11-08T15:21:54.009+0000] {taskinstance.py:1406} INFO - Marking task as SUCCESS. dag_id=our_first_dag_v2, task_id=second_task, execution_date=20211109T000000, start_date=20221108T152153, end_date=20221108T152154
[2022-11-08T15:21:54.071+0000] {local_task_job.py:164} INFO - Task exited with return code 0
[2022-11-08T15:21:54.091+0000] {local_task_job.py:273} INFO - 0 downstream tasks scheduled from follow-on schedule check
