[2022-11-08T15:17:51.007+0000] {taskinstance.py:1165} INFO - Dependencies all met for <TaskInstance: our_first_dag_v5.first_task scheduled__2021-09-07T00:00:00+00:00 [queued]>
[2022-11-08T15:17:51.031+0000] {taskinstance.py:1165} INFO - Dependencies all met for <TaskInstance: our_first_dag_v5.first_task scheduled__2021-09-07T00:00:00+00:00 [queued]>
[2022-11-08T15:17:51.031+0000] {taskinstance.py:1362} INFO - 
--------------------------------------------------------------------------------
[2022-11-08T15:17:51.031+0000] {taskinstance.py:1363} INFO - Starting attempt 1 of 6
[2022-11-08T15:17:51.032+0000] {taskinstance.py:1364} INFO - 
--------------------------------------------------------------------------------
[2022-11-08T15:17:51.073+0000] {taskinstance.py:1383} INFO - Executing <Task(BashOperator): first_task> on 2021-09-07 00:00:00+00:00
[2022-11-08T15:17:51.089+0000] {standard_task_runner.py:55} INFO - Started process 1241 to run task
[2022-11-08T15:17:51.111+0000] {standard_task_runner.py:82} INFO - Running: ['***', 'tasks', 'run', 'our_first_dag_v5', 'first_task', 'scheduled__2021-09-07T00:00:00+00:00', '--job-id', '123', '--raw', '--subdir', 'DAGS_FOLDER/first_dag.py', '--cfg-path', '/tmp/tmppp8xygcv']
[2022-11-08T15:17:51.129+0000] {standard_task_runner.py:83} INFO - Job 123: Subtask first_task
[2022-11-08T15:17:51.300+0000] {task_command.py:376} INFO - Running <TaskInstance: our_first_dag_v5.first_task scheduled__2021-09-07T00:00:00+00:00 [running]> on host ade0f1f4f3fb
[2022-11-08T15:17:51.571+0000] {taskinstance.py:1592} INFO - Exporting the following env vars:
AIRFLOW_CTX_DAG_OWNER=kshama
AIRFLOW_CTX_DAG_ID=our_first_dag_v5
AIRFLOW_CTX_TASK_ID=first_task
AIRFLOW_CTX_EXECUTION_DATE=2021-09-07T00:00:00+00:00
AIRFLOW_CTX_TRY_NUMBER=1
AIRFLOW_CTX_DAG_RUN_ID=scheduled__2021-09-07T00:00:00+00:00
[2022-11-08T15:17:51.576+0000] {subprocess.py:63} INFO - Tmp dir root location: 
 /tmp
[2022-11-08T15:17:51.577+0000] {subprocess.py:75} INFO - Running command: ['/bin/bash', '-c', 'echo hello world, this is the first task!']
[2022-11-08T15:17:51.634+0000] {subprocess.py:86} INFO - Output:
[2022-11-08T15:17:51.663+0000] {subprocess.py:93} INFO - hello world, this is the first task!
[2022-11-08T15:17:51.664+0000] {subprocess.py:97} INFO - Command exited with return code 0
[2022-11-08T15:17:51.737+0000] {taskinstance.py:1406} INFO - Marking task as SUCCESS. dag_id=our_first_dag_v5, task_id=first_task, execution_date=20210907T000000, start_date=20221108T151751, end_date=20221108T151751
[2022-11-08T15:17:51.970+0000] {local_task_job.py:164} INFO - Task exited with return code 0
[2022-11-08T15:17:52.067+0000] {local_task_job.py:273} INFO - 1 downstream tasks scheduled from follow-on schedule check
