[2022-11-08T15:21:39.959+0000] {taskinstance.py:1165} INFO - Dependencies all met for <TaskInstance: our_first_dag_v2.first_task scheduled__2021-10-26T00:00:00+00:00 [queued]>
[2022-11-08T15:21:39.983+0000] {taskinstance.py:1165} INFO - Dependencies all met for <TaskInstance: our_first_dag_v2.first_task scheduled__2021-10-26T00:00:00+00:00 [queued]>
[2022-11-08T15:21:39.983+0000] {taskinstance.py:1362} INFO - 
--------------------------------------------------------------------------------
[2022-11-08T15:21:39.984+0000] {taskinstance.py:1363} INFO - Starting attempt 1 of 6
[2022-11-08T15:21:39.984+0000] {taskinstance.py:1364} INFO - 
--------------------------------------------------------------------------------
[2022-11-08T15:21:40.008+0000] {taskinstance.py:1383} INFO - Executing <Task(BashOperator): first_task> on 2021-10-26 00:00:00+00:00
[2022-11-08T15:21:40.022+0000] {standard_task_runner.py:55} INFO - Started process 3497 to run task
[2022-11-08T15:21:40.039+0000] {standard_task_runner.py:82} INFO - Running: ['***', 'tasks', 'run', 'our_first_dag_v2', 'first_task', 'scheduled__2021-10-26T00:00:00+00:00', '--job-id', '794', '--raw', '--subdir', 'DAGS_FOLDER/first_dag.py', '--cfg-path', '/tmp/tmpv35gyaw_']
[2022-11-08T15:21:40.044+0000] {standard_task_runner.py:83} INFO - Job 794: Subtask first_task
[2022-11-08T15:21:40.188+0000] {task_command.py:376} INFO - Running <TaskInstance: our_first_dag_v2.first_task scheduled__2021-10-26T00:00:00+00:00 [running]> on host ade0f1f4f3fb
[2022-11-08T15:21:40.326+0000] {taskinstance.py:1592} INFO - Exporting the following env vars:
AIRFLOW_CTX_DAG_OWNER=kshama
AIRFLOW_CTX_DAG_ID=our_first_dag_v2
AIRFLOW_CTX_TASK_ID=first_task
AIRFLOW_CTX_EXECUTION_DATE=2021-10-26T00:00:00+00:00
AIRFLOW_CTX_TRY_NUMBER=1
AIRFLOW_CTX_DAG_RUN_ID=scheduled__2021-10-26T00:00:00+00:00
[2022-11-08T15:21:40.328+0000] {subprocess.py:63} INFO - Tmp dir root location: 
 /tmp
[2022-11-08T15:21:40.329+0000] {subprocess.py:75} INFO - Running command: ['/bin/bash', '-c', 'echo hello world, this is the first task!']
[2022-11-08T15:21:40.344+0000] {subprocess.py:86} INFO - Output:
[2022-11-08T15:21:40.346+0000] {subprocess.py:93} INFO - hello world, this is the first task!
[2022-11-08T15:21:40.347+0000] {subprocess.py:97} INFO - Command exited with return code 0
[2022-11-08T15:21:40.378+0000] {taskinstance.py:1406} INFO - Marking task as SUCCESS. dag_id=our_first_dag_v2, task_id=first_task, execution_date=20211026T000000, start_date=20221108T152139, end_date=20221108T152140
[2022-11-08T15:21:40.412+0000] {local_task_job.py:164} INFO - Task exited with return code 0
[2022-11-08T15:21:40.436+0000] {local_task_job.py:273} INFO - 1 downstream tasks scheduled from follow-on schedule check
