[2022-11-08T15:18:55.643+0000] {taskinstance.py:1165} INFO - Dependencies all met for <TaskInstance: our_first_dag_v5.first_task scheduled__2021-12-07T00:00:00+00:00 [queued]>
[2022-11-08T15:18:55.726+0000] {taskinstance.py:1165} INFO - Dependencies all met for <TaskInstance: our_first_dag_v5.first_task scheduled__2021-12-07T00:00:00+00:00 [queued]>
[2022-11-08T15:18:55.726+0000] {taskinstance.py:1362} INFO - 
--------------------------------------------------------------------------------
[2022-11-08T15:18:55.726+0000] {taskinstance.py:1363} INFO - Starting attempt 1 of 6
[2022-11-08T15:18:55.727+0000] {taskinstance.py:1364} INFO - 
--------------------------------------------------------------------------------
[2022-11-08T15:18:55.803+0000] {taskinstance.py:1383} INFO - Executing <Task(BashOperator): first_task> on 2021-12-07 00:00:00+00:00
[2022-11-08T15:18:55.831+0000] {standard_task_runner.py:55} INFO - Started process 2108 to run task
[2022-11-08T15:18:55.857+0000] {standard_task_runner.py:82} INFO - Running: ['***', 'tasks', 'run', 'our_first_dag_v5', 'first_task', 'scheduled__2021-12-07T00:00:00+00:00', '--job-id', '394', '--raw', '--subdir', 'DAGS_FOLDER/first_dag.py', '--cfg-path', '/tmp/tmpk5x8c4k7']
[2022-11-08T15:18:55.873+0000] {standard_task_runner.py:83} INFO - Job 394: Subtask first_task
[2022-11-08T15:18:56.089+0000] {task_command.py:376} INFO - Running <TaskInstance: our_first_dag_v5.first_task scheduled__2021-12-07T00:00:00+00:00 [running]> on host ade0f1f4f3fb
[2022-11-08T15:18:56.435+0000] {taskinstance.py:1592} INFO - Exporting the following env vars:
AIRFLOW_CTX_DAG_OWNER=kshama
AIRFLOW_CTX_DAG_ID=our_first_dag_v5
AIRFLOW_CTX_TASK_ID=first_task
AIRFLOW_CTX_EXECUTION_DATE=2021-12-07T00:00:00+00:00
AIRFLOW_CTX_TRY_NUMBER=1
AIRFLOW_CTX_DAG_RUN_ID=scheduled__2021-12-07T00:00:00+00:00
[2022-11-08T15:18:56.439+0000] {subprocess.py:63} INFO - Tmp dir root location: 
 /tmp
[2022-11-08T15:18:56.440+0000] {subprocess.py:75} INFO - Running command: ['/bin/bash', '-c', 'echo hello world, this is the first task!']
[2022-11-08T15:18:56.531+0000] {subprocess.py:86} INFO - Output:
[2022-11-08T15:18:56.535+0000] {subprocess.py:93} INFO - hello world, this is the first task!
[2022-11-08T15:18:56.536+0000] {subprocess.py:97} INFO - Command exited with return code 0
[2022-11-08T15:18:56.629+0000] {taskinstance.py:1406} INFO - Marking task as SUCCESS. dag_id=our_first_dag_v5, task_id=first_task, execution_date=20211207T000000, start_date=20221108T151855, end_date=20221108T151856
[2022-11-08T15:18:56.766+0000] {local_task_job.py:164} INFO - Task exited with return code 0
[2022-11-08T15:18:56.867+0000] {local_task_job.py:273} INFO - 1 downstream tasks scheduled from follow-on schedule check
