[2022-11-08T15:22:00.600+0000] {taskinstance.py:1165} INFO - Dependencies all met for <TaskInstance: our_first_dag_v2.second_task scheduled__2021-11-21T00:00:00+00:00 [queued]>
[2022-11-08T15:22:00.624+0000] {taskinstance.py:1165} INFO - Dependencies all met for <TaskInstance: our_first_dag_v2.second_task scheduled__2021-11-21T00:00:00+00:00 [queued]>
[2022-11-08T15:22:00.625+0000] {taskinstance.py:1362} INFO - 
--------------------------------------------------------------------------------
[2022-11-08T15:22:00.625+0000] {taskinstance.py:1363} INFO - Starting attempt 1 of 6
[2022-11-08T15:22:00.625+0000] {taskinstance.py:1364} INFO - 
--------------------------------------------------------------------------------
[2022-11-08T15:22:00.652+0000] {taskinstance.py:1383} INFO - Executing <Task(BashOperator): second_task> on 2021-11-21 00:00:00+00:00
[2022-11-08T15:22:00.663+0000] {standard_task_runner.py:55} INFO - Started process 3771 to run task
[2022-11-08T15:22:00.673+0000] {standard_task_runner.py:82} INFO - Running: ['***', 'tasks', 'run', 'our_first_dag_v2', 'second_task', 'scheduled__2021-11-21T00:00:00+00:00', '--job-id', '880', '--raw', '--subdir', 'DAGS_FOLDER/first_dag.py', '--cfg-path', '/tmp/tmp294_u_mw']
[2022-11-08T15:22:00.676+0000] {standard_task_runner.py:83} INFO - Job 880: Subtask second_task
[2022-11-08T15:22:00.780+0000] {task_command.py:376} INFO - Running <TaskInstance: our_first_dag_v2.second_task scheduled__2021-11-21T00:00:00+00:00 [running]> on host ade0f1f4f3fb
[2022-11-08T15:22:00.891+0000] {taskinstance.py:1592} INFO - Exporting the following env vars:
AIRFLOW_CTX_DAG_OWNER=kshama
AIRFLOW_CTX_DAG_ID=our_first_dag_v2
AIRFLOW_CTX_TASK_ID=second_task
AIRFLOW_CTX_EXECUTION_DATE=2021-11-21T00:00:00+00:00
AIRFLOW_CTX_TRY_NUMBER=1
AIRFLOW_CTX_DAG_RUN_ID=scheduled__2021-11-21T00:00:00+00:00
[2022-11-08T15:22:00.892+0000] {subprocess.py:63} INFO - Tmp dir root location: 
 /tmp
[2022-11-08T15:22:00.893+0000] {subprocess.py:75} INFO - Running command: ['/bin/bash', '-c', 'echo hey, I am task2 and will be running after task1!']
[2022-11-08T15:22:00.907+0000] {subprocess.py:86} INFO - Output:
[2022-11-08T15:22:00.908+0000] {subprocess.py:93} INFO - hey, I am task2 and will be running after task1!
[2022-11-08T15:22:00.909+0000] {subprocess.py:97} INFO - Command exited with return code 0
[2022-11-08T15:22:00.949+0000] {taskinstance.py:1406} INFO - Marking task as SUCCESS. dag_id=our_first_dag_v2, task_id=second_task, execution_date=20211121T000000, start_date=20221108T152200, end_date=20221108T152200
[2022-11-08T15:22:01.005+0000] {local_task_job.py:164} INFO - Task exited with return code 0
[2022-11-08T15:22:01.029+0000] {local_task_job.py:273} INFO - 0 downstream tasks scheduled from follow-on schedule check
