[2022-11-08T15:22:07.471+0000] {taskinstance.py:1165} INFO - Dependencies all met for <TaskInstance: our_first_dag_v2.second_task scheduled__2021-11-30T00:00:00+00:00 [queued]>
[2022-11-08T15:22:07.505+0000] {taskinstance.py:1165} INFO - Dependencies all met for <TaskInstance: our_first_dag_v2.second_task scheduled__2021-11-30T00:00:00+00:00 [queued]>
[2022-11-08T15:22:07.506+0000] {taskinstance.py:1362} INFO - 
--------------------------------------------------------------------------------
[2022-11-08T15:22:07.506+0000] {taskinstance.py:1363} INFO - Starting attempt 1 of 6
[2022-11-08T15:22:07.507+0000] {taskinstance.py:1364} INFO - 
--------------------------------------------------------------------------------
[2022-11-08T15:22:07.539+0000] {taskinstance.py:1383} INFO - Executing <Task(BashOperator): second_task> on 2021-11-30 00:00:00+00:00
[2022-11-08T15:22:07.555+0000] {standard_task_runner.py:55} INFO - Started process 3874 to run task
[2022-11-08T15:22:07.573+0000] {standard_task_runner.py:82} INFO - Running: ['***', 'tasks', 'run', 'our_first_dag_v2', 'second_task', 'scheduled__2021-11-30T00:00:00+00:00', '--job-id', '911', '--raw', '--subdir', 'DAGS_FOLDER/first_dag.py', '--cfg-path', '/tmp/tmpu794k4hj']
[2022-11-08T15:22:07.589+0000] {standard_task_runner.py:83} INFO - Job 911: Subtask second_task
[2022-11-08T15:22:07.819+0000] {task_command.py:376} INFO - Running <TaskInstance: our_first_dag_v2.second_task scheduled__2021-11-30T00:00:00+00:00 [running]> on host ade0f1f4f3fb
[2022-11-08T15:22:08.014+0000] {taskinstance.py:1592} INFO - Exporting the following env vars:
AIRFLOW_CTX_DAG_OWNER=kshama
AIRFLOW_CTX_DAG_ID=our_first_dag_v2
AIRFLOW_CTX_TASK_ID=second_task
AIRFLOW_CTX_EXECUTION_DATE=2021-11-30T00:00:00+00:00
AIRFLOW_CTX_TRY_NUMBER=1
AIRFLOW_CTX_DAG_RUN_ID=scheduled__2021-11-30T00:00:00+00:00
[2022-11-08T15:22:08.015+0000] {subprocess.py:63} INFO - Tmp dir root location: 
 /tmp
[2022-11-08T15:22:08.016+0000] {subprocess.py:75} INFO - Running command: ['/bin/bash', '-c', 'echo hey, I am task2 and will be running after task1!']
[2022-11-08T15:22:08.065+0000] {subprocess.py:86} INFO - Output:
[2022-11-08T15:22:08.069+0000] {subprocess.py:93} INFO - hey, I am task2 and will be running after task1!
[2022-11-08T15:22:08.070+0000] {subprocess.py:97} INFO - Command exited with return code 0
[2022-11-08T15:22:08.122+0000] {taskinstance.py:1406} INFO - Marking task as SUCCESS. dag_id=our_first_dag_v2, task_id=second_task, execution_date=20211130T000000, start_date=20221108T152207, end_date=20221108T152208
[2022-11-08T15:22:08.249+0000] {local_task_job.py:164} INFO - Task exited with return code 0
[2022-11-08T15:22:08.282+0000] {local_task_job.py:273} INFO - 0 downstream tasks scheduled from follow-on schedule check
