[2022-11-08T15:21:46.209+0000] {taskinstance.py:1165} INFO - Dependencies all met for <TaskInstance: our_first_dag_v2.thrid_task scheduled__2021-11-01T00:00:00+00:00 [queued]>
[2022-11-08T15:21:46.250+0000] {taskinstance.py:1165} INFO - Dependencies all met for <TaskInstance: our_first_dag_v2.thrid_task scheduled__2021-11-01T00:00:00+00:00 [queued]>
[2022-11-08T15:21:46.253+0000] {taskinstance.py:1362} INFO - 
--------------------------------------------------------------------------------
[2022-11-08T15:21:46.254+0000] {taskinstance.py:1363} INFO - Starting attempt 1 of 6
[2022-11-08T15:21:46.254+0000] {taskinstance.py:1364} INFO - 
--------------------------------------------------------------------------------
[2022-11-08T15:21:46.295+0000] {taskinstance.py:1383} INFO - Executing <Task(BashOperator): thrid_task> on 2021-11-01 00:00:00+00:00
[2022-11-08T15:21:46.310+0000] {standard_task_runner.py:55} INFO - Started process 3551 to run task
[2022-11-08T15:21:46.349+0000] {standard_task_runner.py:82} INFO - Running: ['***', 'tasks', 'run', 'our_first_dag_v2', 'thrid_task', 'scheduled__2021-11-01T00:00:00+00:00', '--job-id', '809', '--raw', '--subdir', 'DAGS_FOLDER/first_dag.py', '--cfg-path', '/tmp/tmpd6tj0d4v']
[2022-11-08T15:21:46.369+0000] {standard_task_runner.py:83} INFO - Job 809: Subtask thrid_task
[2022-11-08T15:21:46.585+0000] {task_command.py:376} INFO - Running <TaskInstance: our_first_dag_v2.thrid_task scheduled__2021-11-01T00:00:00+00:00 [running]> on host ade0f1f4f3fb
[2022-11-08T15:21:46.832+0000] {taskinstance.py:1592} INFO - Exporting the following env vars:
AIRFLOW_CTX_DAG_OWNER=kshama
AIRFLOW_CTX_DAG_ID=our_first_dag_v2
AIRFLOW_CTX_TASK_ID=thrid_task
AIRFLOW_CTX_EXECUTION_DATE=2021-11-01T00:00:00+00:00
AIRFLOW_CTX_TRY_NUMBER=1
AIRFLOW_CTX_DAG_RUN_ID=scheduled__2021-11-01T00:00:00+00:00
[2022-11-08T15:21:46.834+0000] {subprocess.py:63} INFO - Tmp dir root location: 
 /tmp
[2022-11-08T15:21:46.838+0000] {subprocess.py:75} INFO - Running command: ['/bin/bash', '-c', 'echo hey, I am task3 and will be running after task1 at the same time as task2!']
[2022-11-08T15:21:46.878+0000] {subprocess.py:86} INFO - Output:
[2022-11-08T15:21:46.880+0000] {subprocess.py:93} INFO - hey, I am task3 and will be running after task1 at the same time as task2!
[2022-11-08T15:21:46.881+0000] {subprocess.py:97} INFO - Command exited with return code 0
[2022-11-08T15:21:46.947+0000] {taskinstance.py:1406} INFO - Marking task as SUCCESS. dag_id=our_first_dag_v2, task_id=thrid_task, execution_date=20211101T000000, start_date=20221108T152146, end_date=20221108T152146
[2022-11-08T15:21:47.072+0000] {local_task_job.py:164} INFO - Task exited with return code 0
[2022-11-08T15:21:47.297+0000] {local_task_job.py:273} INFO - 0 downstream tasks scheduled from follow-on schedule check
