[2022-11-08T15:28:03.147+0000] {taskinstance.py:1165} INFO - Dependencies all met for <TaskInstance: our_first_dag_v2.second_task scheduled__2022-10-09T00:00:00+00:00 [queued]>
[2022-11-08T15:28:03.178+0000] {taskinstance.py:1165} INFO - Dependencies all met for <TaskInstance: our_first_dag_v2.second_task scheduled__2022-10-09T00:00:00+00:00 [queued]>
[2022-11-08T15:28:03.185+0000] {taskinstance.py:1362} INFO - 
--------------------------------------------------------------------------------
[2022-11-08T15:28:03.186+0000] {taskinstance.py:1363} INFO - Starting attempt 1 of 6
[2022-11-08T15:28:03.186+0000] {taskinstance.py:1364} INFO - 
--------------------------------------------------------------------------------
[2022-11-08T15:28:03.277+0000] {taskinstance.py:1383} INFO - Executing <Task(BashOperator): second_task> on 2022-10-09 00:00:00+00:00
[2022-11-08T15:28:03.294+0000] {standard_task_runner.py:55} INFO - Started process 7022 to run task
[2022-11-08T15:28:03.331+0000] {standard_task_runner.py:82} INFO - Running: ['***', 'tasks', 'run', 'our_first_dag_v2', 'second_task', 'scheduled__2022-10-09T00:00:00+00:00', '--job-id', '1855', '--raw', '--subdir', 'DAGS_FOLDER/first_dag.py', '--cfg-path', '/tmp/tmp2025t7e3']
[2022-11-08T15:28:03.345+0000] {standard_task_runner.py:83} INFO - Job 1855: Subtask second_task
[2022-11-08T15:28:03.578+0000] {task_command.py:376} INFO - Running <TaskInstance: our_first_dag_v2.second_task scheduled__2022-10-09T00:00:00+00:00 [running]> on host ade0f1f4f3fb
[2022-11-08T15:28:03.958+0000] {taskinstance.py:1592} INFO - Exporting the following env vars:
AIRFLOW_CTX_DAG_OWNER=kshama
AIRFLOW_CTX_DAG_ID=our_first_dag_v2
AIRFLOW_CTX_TASK_ID=second_task
AIRFLOW_CTX_EXECUTION_DATE=2022-10-09T00:00:00+00:00
AIRFLOW_CTX_TRY_NUMBER=1
AIRFLOW_CTX_DAG_RUN_ID=scheduled__2022-10-09T00:00:00+00:00
[2022-11-08T15:28:03.964+0000] {subprocess.py:63} INFO - Tmp dir root location: 
 /tmp
[2022-11-08T15:28:03.968+0000] {subprocess.py:75} INFO - Running command: ['/bin/bash', '-c', 'echo hey, I am task2 and will be running after task1!']
[2022-11-08T15:28:04.032+0000] {subprocess.py:86} INFO - Output:
[2022-11-08T15:28:04.052+0000] {subprocess.py:93} INFO - hey, I am task2 and will be running after task1!
[2022-11-08T15:28:04.067+0000] {subprocess.py:97} INFO - Command exited with return code 0
[2022-11-08T15:28:04.142+0000] {taskinstance.py:1406} INFO - Marking task as SUCCESS. dag_id=our_first_dag_v2, task_id=second_task, execution_date=20221009T000000, start_date=20221108T152803, end_date=20221108T152804
[2022-11-08T15:28:04.319+0000] {local_task_job.py:164} INFO - Task exited with return code 0
[2022-11-08T15:28:04.404+0000] {local_task_job.py:273} INFO - 0 downstream tasks scheduled from follow-on schedule check
