[2022-11-08T15:26:11.079+0000] {taskinstance.py:1165} INFO - Dependencies all met for <TaskInstance: our_first_dag_v2.first_task scheduled__2022-05-19T00:00:00+00:00 [queued]>
[2022-11-08T15:26:11.143+0000] {taskinstance.py:1165} INFO - Dependencies all met for <TaskInstance: our_first_dag_v2.first_task scheduled__2022-05-19T00:00:00+00:00 [queued]>
[2022-11-08T15:26:11.149+0000] {taskinstance.py:1362} INFO - 
--------------------------------------------------------------------------------
[2022-11-08T15:26:11.151+0000] {taskinstance.py:1363} INFO - Starting attempt 1 of 6
[2022-11-08T15:26:11.152+0000] {taskinstance.py:1364} INFO - 
--------------------------------------------------------------------------------
[2022-11-08T15:26:11.264+0000] {taskinstance.py:1383} INFO - Executing <Task(BashOperator): first_task> on 2022-05-19 00:00:00+00:00
[2022-11-08T15:26:11.299+0000] {standard_task_runner.py:55} INFO - Started process 5590 to run task
[2022-11-08T15:26:11.341+0000] {standard_task_runner.py:82} INFO - Running: ['***', 'tasks', 'run', 'our_first_dag_v2', 'first_task', 'scheduled__2022-05-19T00:00:00+00:00', '--job-id', '1408', '--raw', '--subdir', 'DAGS_FOLDER/first_dag.py', '--cfg-path', '/tmp/tmpxsucoe2x']
[2022-11-08T15:26:11.386+0000] {standard_task_runner.py:83} INFO - Job 1408: Subtask first_task
[2022-11-08T15:26:11.580+0000] {task_command.py:376} INFO - Running <TaskInstance: our_first_dag_v2.first_task scheduled__2022-05-19T00:00:00+00:00 [running]> on host ade0f1f4f3fb
[2022-11-08T15:26:11.785+0000] {taskinstance.py:1592} INFO - Exporting the following env vars:
AIRFLOW_CTX_DAG_OWNER=kshama
AIRFLOW_CTX_DAG_ID=our_first_dag_v2
AIRFLOW_CTX_TASK_ID=first_task
AIRFLOW_CTX_EXECUTION_DATE=2022-05-19T00:00:00+00:00
AIRFLOW_CTX_TRY_NUMBER=1
AIRFLOW_CTX_DAG_RUN_ID=scheduled__2022-05-19T00:00:00+00:00
[2022-11-08T15:26:11.788+0000] {subprocess.py:63} INFO - Tmp dir root location: 
 /tmp
[2022-11-08T15:26:11.791+0000] {subprocess.py:75} INFO - Running command: ['/bin/bash', '-c', 'echo hello world, this is the first task!']
[2022-11-08T15:26:11.847+0000] {subprocess.py:86} INFO - Output:
[2022-11-08T15:26:11.856+0000] {subprocess.py:93} INFO - hello world, this is the first task!
[2022-11-08T15:26:11.858+0000] {subprocess.py:97} INFO - Command exited with return code 0
[2022-11-08T15:26:11.927+0000] {taskinstance.py:1406} INFO - Marking task as SUCCESS. dag_id=our_first_dag_v2, task_id=first_task, execution_date=20220519T000000, start_date=20221108T152611, end_date=20221108T152611
[2022-11-08T15:26:12.213+0000] {local_task_job.py:164} INFO - Task exited with return code 0
[2022-11-08T15:26:12.283+0000] {local_task_job.py:273} INFO - 1 downstream tasks scheduled from follow-on schedule check
