[2022-11-08T15:18:06.837+0000] {taskinstance.py:1165} INFO - Dependencies all met for <TaskInstance: our_first_dag_v5.second_task scheduled__2021-09-27T00:00:00+00:00 [queued]>
[2022-11-08T15:18:06.874+0000] {taskinstance.py:1165} INFO - Dependencies all met for <TaskInstance: our_first_dag_v5.second_task scheduled__2021-09-27T00:00:00+00:00 [queued]>
[2022-11-08T15:18:06.878+0000] {taskinstance.py:1362} INFO - 
--------------------------------------------------------------------------------
[2022-11-08T15:18:06.894+0000] {taskinstance.py:1363} INFO - Starting attempt 1 of 6
[2022-11-08T15:18:06.895+0000] {taskinstance.py:1364} INFO - 
--------------------------------------------------------------------------------
[2022-11-08T15:18:06.935+0000] {taskinstance.py:1383} INFO - Executing <Task(BashOperator): second_task> on 2021-09-27 00:00:00+00:00
[2022-11-08T15:18:06.941+0000] {standard_task_runner.py:55} INFO - Started process 1453 to run task
[2022-11-08T15:18:06.946+0000] {standard_task_runner.py:82} INFO - Running: ['***', 'tasks', 'run', 'our_first_dag_v5', 'second_task', 'scheduled__2021-09-27T00:00:00+00:00', '--job-id', '192', '--raw', '--subdir', 'DAGS_FOLDER/first_dag.py', '--cfg-path', '/tmp/tmpd6rgjv_t']
[2022-11-08T15:18:06.949+0000] {standard_task_runner.py:83} INFO - Job 192: Subtask second_task
[2022-11-08T15:18:07.051+0000] {task_command.py:376} INFO - Running <TaskInstance: our_first_dag_v5.second_task scheduled__2021-09-27T00:00:00+00:00 [running]> on host ade0f1f4f3fb
[2022-11-08T15:18:07.144+0000] {taskinstance.py:1592} INFO - Exporting the following env vars:
AIRFLOW_CTX_DAG_OWNER=kshama
AIRFLOW_CTX_DAG_ID=our_first_dag_v5
AIRFLOW_CTX_TASK_ID=second_task
AIRFLOW_CTX_EXECUTION_DATE=2021-09-27T00:00:00+00:00
AIRFLOW_CTX_TRY_NUMBER=1
AIRFLOW_CTX_DAG_RUN_ID=scheduled__2021-09-27T00:00:00+00:00
[2022-11-08T15:18:07.146+0000] {subprocess.py:63} INFO - Tmp dir root location: 
 /tmp
[2022-11-08T15:18:07.147+0000] {subprocess.py:75} INFO - Running command: ['/bin/bash', '-c', 'echo hey, I am task2 and will be running after task1!']
[2022-11-08T15:18:07.160+0000] {subprocess.py:86} INFO - Output:
[2022-11-08T15:18:07.161+0000] {subprocess.py:93} INFO - hey, I am task2 and will be running after task1!
[2022-11-08T15:18:07.162+0000] {subprocess.py:97} INFO - Command exited with return code 0
[2022-11-08T15:18:07.199+0000] {taskinstance.py:1406} INFO - Marking task as SUCCESS. dag_id=our_first_dag_v5, task_id=second_task, execution_date=20210927T000000, start_date=20221108T151806, end_date=20221108T151807
[2022-11-08T15:18:07.251+0000] {local_task_job.py:164} INFO - Task exited with return code 0
[2022-11-08T15:18:07.285+0000] {local_task_job.py:273} INFO - 0 downstream tasks scheduled from follow-on schedule check
