[2022-11-08T15:21:50.193+0000] {taskinstance.py:1165} INFO - Dependencies all met for <TaskInstance: our_first_dag_v2.second_task scheduled__2021-11-05T00:00:00+00:00 [queued]>
[2022-11-08T15:21:50.207+0000] {taskinstance.py:1165} INFO - Dependencies all met for <TaskInstance: our_first_dag_v2.second_task scheduled__2021-11-05T00:00:00+00:00 [queued]>
[2022-11-08T15:21:50.208+0000] {taskinstance.py:1362} INFO - 
--------------------------------------------------------------------------------
[2022-11-08T15:21:50.208+0000] {taskinstance.py:1363} INFO - Starting attempt 1 of 6
[2022-11-08T15:21:50.208+0000] {taskinstance.py:1364} INFO - 
--------------------------------------------------------------------------------
[2022-11-08T15:21:50.223+0000] {taskinstance.py:1383} INFO - Executing <Task(BashOperator): second_task> on 2021-11-05 00:00:00+00:00
[2022-11-08T15:21:50.229+0000] {standard_task_runner.py:55} INFO - Started process 3612 to run task
[2022-11-08T15:21:50.234+0000] {standard_task_runner.py:82} INFO - Running: ['***', 'tasks', 'run', 'our_first_dag_v2', 'second_task', 'scheduled__2021-11-05T00:00:00+00:00', '--job-id', '831', '--raw', '--subdir', 'DAGS_FOLDER/first_dag.py', '--cfg-path', '/tmp/tmpaovuqe1r']
[2022-11-08T15:21:50.237+0000] {standard_task_runner.py:83} INFO - Job 831: Subtask second_task
[2022-11-08T15:21:50.321+0000] {task_command.py:376} INFO - Running <TaskInstance: our_first_dag_v2.second_task scheduled__2021-11-05T00:00:00+00:00 [running]> on host ade0f1f4f3fb
[2022-11-08T15:21:50.408+0000] {taskinstance.py:1592} INFO - Exporting the following env vars:
AIRFLOW_CTX_DAG_OWNER=kshama
AIRFLOW_CTX_DAG_ID=our_first_dag_v2
AIRFLOW_CTX_TASK_ID=second_task
AIRFLOW_CTX_EXECUTION_DATE=2021-11-05T00:00:00+00:00
AIRFLOW_CTX_TRY_NUMBER=1
AIRFLOW_CTX_DAG_RUN_ID=scheduled__2021-11-05T00:00:00+00:00
[2022-11-08T15:21:50.409+0000] {subprocess.py:63} INFO - Tmp dir root location: 
 /tmp
[2022-11-08T15:21:50.410+0000] {subprocess.py:75} INFO - Running command: ['/bin/bash', '-c', 'echo hey, I am task2 and will be running after task1!']
[2022-11-08T15:21:50.423+0000] {subprocess.py:86} INFO - Output:
[2022-11-08T15:21:50.425+0000] {subprocess.py:93} INFO - hey, I am task2 and will be running after task1!
[2022-11-08T15:21:50.426+0000] {subprocess.py:97} INFO - Command exited with return code 0
[2022-11-08T15:21:50.454+0000] {taskinstance.py:1406} INFO - Marking task as SUCCESS. dag_id=our_first_dag_v2, task_id=second_task, execution_date=20211105T000000, start_date=20221108T152150, end_date=20221108T152150
[2022-11-08T15:21:50.485+0000] {local_task_job.py:164} INFO - Task exited with return code 0
[2022-11-08T15:21:50.503+0000] {local_task_job.py:273} INFO - 0 downstream tasks scheduled from follow-on schedule check
