[2022-11-08T15:18:30.748+0000] {taskinstance.py:1165} INFO - Dependencies all met for <TaskInstance: our_first_dag_v5.first_task scheduled__2021-11-03T00:00:00+00:00 [queued]>
[2022-11-08T15:18:30.780+0000] {taskinstance.py:1165} INFO - Dependencies all met for <TaskInstance: our_first_dag_v5.first_task scheduled__2021-11-03T00:00:00+00:00 [queued]>
[2022-11-08T15:18:30.781+0000] {taskinstance.py:1362} INFO - 
--------------------------------------------------------------------------------
[2022-11-08T15:18:30.782+0000] {taskinstance.py:1363} INFO - Starting attempt 1 of 6
[2022-11-08T15:18:30.783+0000] {taskinstance.py:1364} INFO - 
--------------------------------------------------------------------------------
[2022-11-08T15:18:30.835+0000] {taskinstance.py:1383} INFO - Executing <Task(BashOperator): first_task> on 2021-11-03 00:00:00+00:00
[2022-11-08T15:18:30.853+0000] {standard_task_runner.py:55} INFO - Started process 1778 to run task
[2022-11-08T15:18:30.890+0000] {standard_task_runner.py:82} INFO - Running: ['***', 'tasks', 'run', 'our_first_dag_v5', 'first_task', 'scheduled__2021-11-03T00:00:00+00:00', '--job-id', '292', '--raw', '--subdir', 'DAGS_FOLDER/first_dag.py', '--cfg-path', '/tmp/tmpdh5fniot']
[2022-11-08T15:18:30.909+0000] {standard_task_runner.py:83} INFO - Job 292: Subtask first_task
[2022-11-08T15:18:31.115+0000] {task_command.py:376} INFO - Running <TaskInstance: our_first_dag_v5.first_task scheduled__2021-11-03T00:00:00+00:00 [running]> on host ade0f1f4f3fb
[2022-11-08T15:18:31.293+0000] {taskinstance.py:1592} INFO - Exporting the following env vars:
AIRFLOW_CTX_DAG_OWNER=kshama
AIRFLOW_CTX_DAG_ID=our_first_dag_v5
AIRFLOW_CTX_TASK_ID=first_task
AIRFLOW_CTX_EXECUTION_DATE=2021-11-03T00:00:00+00:00
AIRFLOW_CTX_TRY_NUMBER=1
AIRFLOW_CTX_DAG_RUN_ID=scheduled__2021-11-03T00:00:00+00:00
[2022-11-08T15:18:31.296+0000] {subprocess.py:63} INFO - Tmp dir root location: 
 /tmp
[2022-11-08T15:18:31.297+0000] {subprocess.py:75} INFO - Running command: ['/bin/bash', '-c', 'echo hello world, this is the first task!']
[2022-11-08T15:18:31.341+0000] {subprocess.py:86} INFO - Output:
[2022-11-08T15:18:31.345+0000] {subprocess.py:93} INFO - hello world, this is the first task!
[2022-11-08T15:18:31.351+0000] {subprocess.py:97} INFO - Command exited with return code 0
[2022-11-08T15:18:31.433+0000] {taskinstance.py:1406} INFO - Marking task as SUCCESS. dag_id=our_first_dag_v5, task_id=first_task, execution_date=20211103T000000, start_date=20221108T151830, end_date=20221108T151831
[2022-11-08T15:18:31.571+0000] {local_task_job.py:164} INFO - Task exited with return code 0
[2022-11-08T15:18:31.671+0000] {local_task_job.py:273} INFO - 1 downstream tasks scheduled from follow-on schedule check
