[2022-11-08T15:25:18.564+0000] {taskinstance.py:1165} INFO - Dependencies all met for <TaskInstance: our_first_dag_v2.second_task scheduled__2022-03-15T00:00:00+00:00 [queued]>
[2022-11-08T15:25:18.604+0000] {taskinstance.py:1165} INFO - Dependencies all met for <TaskInstance: our_first_dag_v2.second_task scheduled__2022-03-15T00:00:00+00:00 [queued]>
[2022-11-08T15:25:18.609+0000] {taskinstance.py:1362} INFO - 
--------------------------------------------------------------------------------
[2022-11-08T15:25:18.613+0000] {taskinstance.py:1363} INFO - Starting attempt 1 of 6
[2022-11-08T15:25:18.618+0000] {taskinstance.py:1364} INFO - 
--------------------------------------------------------------------------------
[2022-11-08T15:25:18.659+0000] {taskinstance.py:1383} INFO - Executing <Task(BashOperator): second_task> on 2022-03-15 00:00:00+00:00
[2022-11-08T15:25:18.685+0000] {standard_task_runner.py:55} INFO - Started process 4991 to run task
[2022-11-08T15:25:18.695+0000] {standard_task_runner.py:82} INFO - Running: ['***', 'tasks', 'run', 'our_first_dag_v2', 'second_task', 'scheduled__2022-03-15T00:00:00+00:00', '--job-id', '1226', '--raw', '--subdir', 'DAGS_FOLDER/first_dag.py', '--cfg-path', '/tmp/tmprkog0kx7']
[2022-11-08T15:25:18.702+0000] {standard_task_runner.py:83} INFO - Job 1226: Subtask second_task
[2022-11-08T15:25:18.861+0000] {task_command.py:376} INFO - Running <TaskInstance: our_first_dag_v2.second_task scheduled__2022-03-15T00:00:00+00:00 [running]> on host ade0f1f4f3fb
[2022-11-08T15:25:19.014+0000] {taskinstance.py:1592} INFO - Exporting the following env vars:
AIRFLOW_CTX_DAG_OWNER=kshama
AIRFLOW_CTX_DAG_ID=our_first_dag_v2
AIRFLOW_CTX_TASK_ID=second_task
AIRFLOW_CTX_EXECUTION_DATE=2022-03-15T00:00:00+00:00
AIRFLOW_CTX_TRY_NUMBER=1
AIRFLOW_CTX_DAG_RUN_ID=scheduled__2022-03-15T00:00:00+00:00
[2022-11-08T15:25:19.017+0000] {subprocess.py:63} INFO - Tmp dir root location: 
 /tmp
[2022-11-08T15:25:19.018+0000] {subprocess.py:75} INFO - Running command: ['/bin/bash', '-c', 'echo hey, I am task2 and will be running after task1!']
[2022-11-08T15:25:19.052+0000] {subprocess.py:86} INFO - Output:
[2022-11-08T15:25:19.056+0000] {subprocess.py:93} INFO - hey, I am task2 and will be running after task1!
[2022-11-08T15:25:19.060+0000] {subprocess.py:97} INFO - Command exited with return code 0
[2022-11-08T15:25:19.146+0000] {taskinstance.py:1406} INFO - Marking task as SUCCESS. dag_id=our_first_dag_v2, task_id=second_task, execution_date=20220315T000000, start_date=20221108T152518, end_date=20221108T152519
[2022-11-08T15:25:19.243+0000] {local_task_job.py:164} INFO - Task exited with return code 0
[2022-11-08T15:25:19.286+0000] {local_task_job.py:273} INFO - 0 downstream tasks scheduled from follow-on schedule check
