[2022-11-08T15:19:16.405+0000] {taskinstance.py:1165} INFO - Dependencies all met for <TaskInstance: our_first_dag_v5.thrid_task scheduled__2022-01-05T00:00:00+00:00 [queued]>
[2022-11-08T15:19:16.430+0000] {taskinstance.py:1165} INFO - Dependencies all met for <TaskInstance: our_first_dag_v5.thrid_task scheduled__2022-01-05T00:00:00+00:00 [queued]>
[2022-11-08T15:19:16.432+0000] {taskinstance.py:1362} INFO - 
--------------------------------------------------------------------------------
[2022-11-08T15:19:16.434+0000] {taskinstance.py:1363} INFO - Starting attempt 1 of 6
[2022-11-08T15:19:16.435+0000] {taskinstance.py:1364} INFO - 
--------------------------------------------------------------------------------
[2022-11-08T15:19:16.459+0000] {taskinstance.py:1383} INFO - Executing <Task(BashOperator): thrid_task> on 2022-01-05 00:00:00+00:00
[2022-11-08T15:19:16.469+0000] {standard_task_runner.py:55} INFO - Started process 2405 to run task
[2022-11-08T15:19:16.486+0000] {standard_task_runner.py:82} INFO - Running: ['***', 'tasks', 'run', 'our_first_dag_v5', 'thrid_task', 'scheduled__2022-01-05T00:00:00+00:00', '--job-id', '486', '--raw', '--subdir', 'DAGS_FOLDER/first_dag.py', '--cfg-path', '/tmp/tmpqal27aku']
[2022-11-08T15:19:16.500+0000] {standard_task_runner.py:83} INFO - Job 486: Subtask thrid_task
[2022-11-08T15:19:16.691+0000] {task_command.py:376} INFO - Running <TaskInstance: our_first_dag_v5.thrid_task scheduled__2022-01-05T00:00:00+00:00 [running]> on host ade0f1f4f3fb
[2022-11-08T15:19:16.825+0000] {taskinstance.py:1592} INFO - Exporting the following env vars:
AIRFLOW_CTX_DAG_OWNER=kshama
AIRFLOW_CTX_DAG_ID=our_first_dag_v5
AIRFLOW_CTX_TASK_ID=thrid_task
AIRFLOW_CTX_EXECUTION_DATE=2022-01-05T00:00:00+00:00
AIRFLOW_CTX_TRY_NUMBER=1
AIRFLOW_CTX_DAG_RUN_ID=scheduled__2022-01-05T00:00:00+00:00
[2022-11-08T15:19:16.830+0000] {subprocess.py:63} INFO - Tmp dir root location: 
 /tmp
[2022-11-08T15:19:16.830+0000] {subprocess.py:75} INFO - Running command: ['/bin/bash', '-c', 'echo hey, I am task3 and will be running after task1 at the same time as task2!']
[2022-11-08T15:19:16.889+0000] {subprocess.py:86} INFO - Output:
[2022-11-08T15:19:16.891+0000] {subprocess.py:93} INFO - hey, I am task3 and will be running after task1 at the same time as task2!
[2022-11-08T15:19:16.894+0000] {subprocess.py:97} INFO - Command exited with return code 0
[2022-11-08T15:19:16.944+0000] {taskinstance.py:1406} INFO - Marking task as SUCCESS. dag_id=our_first_dag_v5, task_id=thrid_task, execution_date=20220105T000000, start_date=20221108T151916, end_date=20221108T151916
[2022-11-08T15:19:17.022+0000] {local_task_job.py:164} INFO - Task exited with return code 0
[2022-11-08T15:19:17.203+0000] {local_task_job.py:273} INFO - 0 downstream tasks scheduled from follow-on schedule check
