[2022-11-08T15:18:31.315+0000] {taskinstance.py:1165} INFO - Dependencies all met for <TaskInstance: our_first_dag_v5.first_task scheduled__2021-11-04T00:00:00+00:00 [queued]>
[2022-11-08T15:18:31.334+0000] {taskinstance.py:1165} INFO - Dependencies all met for <TaskInstance: our_first_dag_v5.first_task scheduled__2021-11-04T00:00:00+00:00 [queued]>
[2022-11-08T15:18:31.338+0000] {taskinstance.py:1362} INFO - 
--------------------------------------------------------------------------------
[2022-11-08T15:18:31.339+0000] {taskinstance.py:1363} INFO - Starting attempt 1 of 6
[2022-11-08T15:18:31.339+0000] {taskinstance.py:1364} INFO - 
--------------------------------------------------------------------------------
[2022-11-08T15:18:31.380+0000] {taskinstance.py:1383} INFO - Executing <Task(BashOperator): first_task> on 2021-11-04 00:00:00+00:00
[2022-11-08T15:18:31.393+0000] {standard_task_runner.py:55} INFO - Started process 1789 to run task
[2022-11-08T15:18:31.412+0000] {standard_task_runner.py:82} INFO - Running: ['***', 'tasks', 'run', 'our_first_dag_v5', 'first_task', 'scheduled__2021-11-04T00:00:00+00:00', '--job-id', '294', '--raw', '--subdir', 'DAGS_FOLDER/first_dag.py', '--cfg-path', '/tmp/tmpdf9myq5b']
[2022-11-08T15:18:31.416+0000] {standard_task_runner.py:83} INFO - Job 294: Subtask first_task
[2022-11-08T15:18:31.672+0000] {task_command.py:376} INFO - Running <TaskInstance: our_first_dag_v5.first_task scheduled__2021-11-04T00:00:00+00:00 [running]> on host ade0f1f4f3fb
[2022-11-08T15:18:31.933+0000] {taskinstance.py:1592} INFO - Exporting the following env vars:
AIRFLOW_CTX_DAG_OWNER=kshama
AIRFLOW_CTX_DAG_ID=our_first_dag_v5
AIRFLOW_CTX_TASK_ID=first_task
AIRFLOW_CTX_EXECUTION_DATE=2021-11-04T00:00:00+00:00
AIRFLOW_CTX_TRY_NUMBER=1
AIRFLOW_CTX_DAG_RUN_ID=scheduled__2021-11-04T00:00:00+00:00
[2022-11-08T15:18:31.937+0000] {subprocess.py:63} INFO - Tmp dir root location: 
 /tmp
[2022-11-08T15:18:31.939+0000] {subprocess.py:75} INFO - Running command: ['/bin/bash', '-c', 'echo hello world, this is the first task!']
[2022-11-08T15:18:31.981+0000] {subprocess.py:86} INFO - Output:
[2022-11-08T15:18:31.983+0000] {subprocess.py:93} INFO - hello world, this is the first task!
[2022-11-08T15:18:31.984+0000] {subprocess.py:97} INFO - Command exited with return code 0
[2022-11-08T15:18:32.041+0000] {taskinstance.py:1406} INFO - Marking task as SUCCESS. dag_id=our_first_dag_v5, task_id=first_task, execution_date=20211104T000000, start_date=20221108T151831, end_date=20221108T151832
[2022-11-08T15:18:32.080+0000] {local_task_job.py:164} INFO - Task exited with return code 0
[2022-11-08T15:18:32.126+0000] {local_task_job.py:273} INFO - 1 downstream tasks scheduled from follow-on schedule check
