[2022-11-08T15:17:52.910+0000] {taskinstance.py:1165} INFO - Dependencies all met for <TaskInstance: our_first_dag_v5.thrid_task scheduled__2021-09-11T00:00:00+00:00 [queued]>
[2022-11-08T15:17:52.975+0000] {taskinstance.py:1165} INFO - Dependencies all met for <TaskInstance: our_first_dag_v5.thrid_task scheduled__2021-09-11T00:00:00+00:00 [queued]>
[2022-11-08T15:17:52.975+0000] {taskinstance.py:1362} INFO - 
--------------------------------------------------------------------------------
[2022-11-08T15:17:52.976+0000] {taskinstance.py:1363} INFO - Starting attempt 1 of 6
[2022-11-08T15:17:52.976+0000] {taskinstance.py:1364} INFO - 
--------------------------------------------------------------------------------
[2022-11-08T15:17:53.028+0000] {taskinstance.py:1383} INFO - Executing <Task(BashOperator): thrid_task> on 2021-09-11 00:00:00+00:00
[2022-11-08T15:17:53.037+0000] {standard_task_runner.py:55} INFO - Started process 1271 to run task
[2022-11-08T15:17:53.048+0000] {standard_task_runner.py:82} INFO - Running: ['***', 'tasks', 'run', 'our_first_dag_v5', 'thrid_task', 'scheduled__2021-09-11T00:00:00+00:00', '--job-id', '133', '--raw', '--subdir', 'DAGS_FOLDER/first_dag.py', '--cfg-path', '/tmp/tmpfcnvce5i']
[2022-11-08T15:17:53.055+0000] {standard_task_runner.py:83} INFO - Job 133: Subtask thrid_task
[2022-11-08T15:17:53.242+0000] {task_command.py:376} INFO - Running <TaskInstance: our_first_dag_v5.thrid_task scheduled__2021-09-11T00:00:00+00:00 [running]> on host ade0f1f4f3fb
[2022-11-08T15:17:53.539+0000] {taskinstance.py:1592} INFO - Exporting the following env vars:
AIRFLOW_CTX_DAG_OWNER=kshama
AIRFLOW_CTX_DAG_ID=our_first_dag_v5
AIRFLOW_CTX_TASK_ID=thrid_task
AIRFLOW_CTX_EXECUTION_DATE=2021-09-11T00:00:00+00:00
AIRFLOW_CTX_TRY_NUMBER=1
AIRFLOW_CTX_DAG_RUN_ID=scheduled__2021-09-11T00:00:00+00:00
[2022-11-08T15:17:53.541+0000] {subprocess.py:63} INFO - Tmp dir root location: 
 /tmp
[2022-11-08T15:17:53.549+0000] {subprocess.py:75} INFO - Running command: ['/bin/bash', '-c', 'echo hey, I am task3 and will be running after task1 at the same time as task2!']
[2022-11-08T15:17:53.647+0000] {subprocess.py:86} INFO - Output:
[2022-11-08T15:17:53.660+0000] {subprocess.py:93} INFO - hey, I am task3 and will be running after task1 at the same time as task2!
[2022-11-08T15:17:53.663+0000] {subprocess.py:97} INFO - Command exited with return code 0
[2022-11-08T15:17:53.781+0000] {taskinstance.py:1406} INFO - Marking task as SUCCESS. dag_id=our_first_dag_v5, task_id=thrid_task, execution_date=20210911T000000, start_date=20221108T151752, end_date=20221108T151753
[2022-11-08T15:17:53.933+0000] {local_task_job.py:164} INFO - Task exited with return code 0
[2022-11-08T15:17:54.068+0000] {local_task_job.py:273} INFO - 0 downstream tasks scheduled from follow-on schedule check
