[2022-11-08T15:18:46.391+0000] {taskinstance.py:1165} INFO - Dependencies all met for <TaskInstance: our_first_dag_v5.thrid_task scheduled__2021-11-24T00:00:00+00:00 [queued]>
[2022-11-08T15:18:46.475+0000] {taskinstance.py:1165} INFO - Dependencies all met for <TaskInstance: our_first_dag_v5.thrid_task scheduled__2021-11-24T00:00:00+00:00 [queued]>
[2022-11-08T15:18:46.476+0000] {taskinstance.py:1362} INFO - 
--------------------------------------------------------------------------------
[2022-11-08T15:18:46.477+0000] {taskinstance.py:1363} INFO - Starting attempt 1 of 6
[2022-11-08T15:18:46.478+0000] {taskinstance.py:1364} INFO - 
--------------------------------------------------------------------------------
[2022-11-08T15:18:46.774+0000] {taskinstance.py:1383} INFO - Executing <Task(BashOperator): thrid_task> on 2021-11-24 00:00:00+00:00
[2022-11-08T15:18:46.791+0000] {standard_task_runner.py:55} INFO - Started process 1984 to run task
[2022-11-08T15:18:46.808+0000] {standard_task_runner.py:82} INFO - Running: ['***', 'tasks', 'run', 'our_first_dag_v5', 'thrid_task', 'scheduled__2021-11-24T00:00:00+00:00', '--job-id', '353', '--raw', '--subdir', 'DAGS_FOLDER/first_dag.py', '--cfg-path', '/tmp/tmpll_jbah4']
[2022-11-08T15:18:46.811+0000] {standard_task_runner.py:83} INFO - Job 353: Subtask thrid_task
[2022-11-08T15:18:47.016+0000] {task_command.py:376} INFO - Running <TaskInstance: our_first_dag_v5.thrid_task scheduled__2021-11-24T00:00:00+00:00 [running]> on host ade0f1f4f3fb
[2022-11-08T15:18:47.271+0000] {taskinstance.py:1592} INFO - Exporting the following env vars:
AIRFLOW_CTX_DAG_OWNER=kshama
AIRFLOW_CTX_DAG_ID=our_first_dag_v5
AIRFLOW_CTX_TASK_ID=thrid_task
AIRFLOW_CTX_EXECUTION_DATE=2021-11-24T00:00:00+00:00
AIRFLOW_CTX_TRY_NUMBER=1
AIRFLOW_CTX_DAG_RUN_ID=scheduled__2021-11-24T00:00:00+00:00
[2022-11-08T15:18:47.273+0000] {subprocess.py:63} INFO - Tmp dir root location: 
 /tmp
[2022-11-08T15:18:47.273+0000] {subprocess.py:75} INFO - Running command: ['/bin/bash', '-c', 'echo hey, I am task3 and will be running after task1 at the same time as task2!']
[2022-11-08T15:18:47.337+0000] {subprocess.py:86} INFO - Output:
[2022-11-08T15:18:47.339+0000] {subprocess.py:93} INFO - hey, I am task3 and will be running after task1 at the same time as task2!
[2022-11-08T15:18:47.345+0000] {subprocess.py:97} INFO - Command exited with return code 0
[2022-11-08T15:18:47.413+0000] {taskinstance.py:1406} INFO - Marking task as SUCCESS. dag_id=our_first_dag_v5, task_id=thrid_task, execution_date=20211124T000000, start_date=20221108T151846, end_date=20221108T151847
[2022-11-08T15:18:47.509+0000] {local_task_job.py:164} INFO - Task exited with return code 0
[2022-11-08T15:18:47.835+0000] {local_task_job.py:273} INFO - 0 downstream tasks scheduled from follow-on schedule check
