[2022-11-08T15:28:20.407+0000] {taskinstance.py:1165} INFO - Dependencies all met for <TaskInstance: our_first_dag_v2.second_task scheduled__2022-11-05T00:00:00+00:00 [queued]>
[2022-11-08T15:28:20.438+0000] {taskinstance.py:1165} INFO - Dependencies all met for <TaskInstance: our_first_dag_v2.second_task scheduled__2022-11-05T00:00:00+00:00 [queued]>
[2022-11-08T15:28:20.438+0000] {taskinstance.py:1362} INFO - 
--------------------------------------------------------------------------------
[2022-11-08T15:28:20.439+0000] {taskinstance.py:1363} INFO - Starting attempt 1 of 6
[2022-11-08T15:28:20.439+0000] {taskinstance.py:1364} INFO - 
--------------------------------------------------------------------------------
[2022-11-08T15:28:20.483+0000] {taskinstance.py:1383} INFO - Executing <Task(BashOperator): second_task> on 2022-11-05 00:00:00+00:00
[2022-11-08T15:28:20.511+0000] {standard_task_runner.py:55} INFO - Started process 7247 to run task
[2022-11-08T15:28:20.525+0000] {standard_task_runner.py:82} INFO - Running: ['***', 'tasks', 'run', 'our_first_dag_v2', 'second_task', 'scheduled__2022-11-05T00:00:00+00:00', '--job-id', '1924', '--raw', '--subdir', 'DAGS_FOLDER/first_dag.py', '--cfg-path', '/tmp/tmpc2urrq72']
[2022-11-08T15:28:20.549+0000] {standard_task_runner.py:83} INFO - Job 1924: Subtask second_task
[2022-11-08T15:28:20.784+0000] {task_command.py:376} INFO - Running <TaskInstance: our_first_dag_v2.second_task scheduled__2022-11-05T00:00:00+00:00 [running]> on host ade0f1f4f3fb
[2022-11-08T15:28:20.943+0000] {taskinstance.py:1592} INFO - Exporting the following env vars:
AIRFLOW_CTX_DAG_OWNER=kshama
AIRFLOW_CTX_DAG_ID=our_first_dag_v2
AIRFLOW_CTX_TASK_ID=second_task
AIRFLOW_CTX_EXECUTION_DATE=2022-11-05T00:00:00+00:00
AIRFLOW_CTX_TRY_NUMBER=1
AIRFLOW_CTX_DAG_RUN_ID=scheduled__2022-11-05T00:00:00+00:00
[2022-11-08T15:28:20.950+0000] {subprocess.py:63} INFO - Tmp dir root location: 
 /tmp
[2022-11-08T15:28:20.951+0000] {subprocess.py:75} INFO - Running command: ['/bin/bash', '-c', 'echo hey, I am task2 and will be running after task1!']
[2022-11-08T15:28:20.978+0000] {subprocess.py:86} INFO - Output:
[2022-11-08T15:28:20.981+0000] {subprocess.py:93} INFO - hey, I am task2 and will be running after task1!
[2022-11-08T15:28:20.983+0000] {subprocess.py:97} INFO - Command exited with return code 0
[2022-11-08T15:28:21.036+0000] {taskinstance.py:1406} INFO - Marking task as SUCCESS. dag_id=our_first_dag_v2, task_id=second_task, execution_date=20221105T000000, start_date=20221108T152820, end_date=20221108T152821
[2022-11-08T15:28:21.087+0000] {local_task_job.py:164} INFO - Task exited with return code 0
[2022-11-08T15:28:21.120+0000] {local_task_job.py:273} INFO - 0 downstream tasks scheduled from follow-on schedule check
