[2022-11-08T15:28:10.567+0000] {taskinstance.py:1165} INFO - Dependencies all met for <TaskInstance: our_first_dag_v2.thrid_task scheduled__2022-10-24T00:00:00+00:00 [queued]>
[2022-11-08T15:28:10.587+0000] {taskinstance.py:1165} INFO - Dependencies all met for <TaskInstance: our_first_dag_v2.thrid_task scheduled__2022-10-24T00:00:00+00:00 [queued]>
[2022-11-08T15:28:10.597+0000] {taskinstance.py:1362} INFO - 
--------------------------------------------------------------------------------
[2022-11-08T15:28:10.598+0000] {taskinstance.py:1363} INFO - Starting attempt 1 of 6
[2022-11-08T15:28:10.598+0000] {taskinstance.py:1364} INFO - 
--------------------------------------------------------------------------------
[2022-11-08T15:28:10.715+0000] {taskinstance.py:1383} INFO - Executing <Task(BashOperator): thrid_task> on 2022-10-24 00:00:00+00:00
[2022-11-08T15:28:10.730+0000] {standard_task_runner.py:55} INFO - Started process 7115 to run task
[2022-11-08T15:28:10.747+0000] {standard_task_runner.py:82} INFO - Running: ['***', 'tasks', 'run', 'our_first_dag_v2', 'thrid_task', 'scheduled__2022-10-24T00:00:00+00:00', '--job-id', '1883', '--raw', '--subdir', 'DAGS_FOLDER/first_dag.py', '--cfg-path', '/tmp/tmp84td5w7c']
[2022-11-08T15:28:10.753+0000] {standard_task_runner.py:83} INFO - Job 1883: Subtask thrid_task
[2022-11-08T15:28:10.975+0000] {task_command.py:376} INFO - Running <TaskInstance: our_first_dag_v2.thrid_task scheduled__2022-10-24T00:00:00+00:00 [running]> on host ade0f1f4f3fb
[2022-11-08T15:28:11.173+0000] {taskinstance.py:1592} INFO - Exporting the following env vars:
AIRFLOW_CTX_DAG_OWNER=kshama
AIRFLOW_CTX_DAG_ID=our_first_dag_v2
AIRFLOW_CTX_TASK_ID=thrid_task
AIRFLOW_CTX_EXECUTION_DATE=2022-10-24T00:00:00+00:00
AIRFLOW_CTX_TRY_NUMBER=1
AIRFLOW_CTX_DAG_RUN_ID=scheduled__2022-10-24T00:00:00+00:00
[2022-11-08T15:28:11.175+0000] {subprocess.py:63} INFO - Tmp dir root location: 
 /tmp
[2022-11-08T15:28:11.176+0000] {subprocess.py:75} INFO - Running command: ['/bin/bash', '-c', 'echo hey, I am task3 and will be running after task1 at the same time as task2!']
[2022-11-08T15:28:11.245+0000] {subprocess.py:86} INFO - Output:
[2022-11-08T15:28:11.249+0000] {subprocess.py:93} INFO - hey, I am task3 and will be running after task1 at the same time as task2!
[2022-11-08T15:28:11.261+0000] {subprocess.py:97} INFO - Command exited with return code 0
[2022-11-08T15:28:11.342+0000] {taskinstance.py:1406} INFO - Marking task as SUCCESS. dag_id=our_first_dag_v2, task_id=thrid_task, execution_date=20221024T000000, start_date=20221108T152810, end_date=20221108T152811
[2022-11-08T15:28:11.447+0000] {local_task_job.py:164} INFO - Task exited with return code 0
[2022-11-08T15:28:11.501+0000] {local_task_job.py:273} INFO - 0 downstream tasks scheduled from follow-on schedule check
