[2022-11-08T15:17:35.736+0000] {taskinstance.py:1165} INFO - Dependencies all met for <TaskInstance: our_first_dag_v5.first_task scheduled__2021-08-16T00:00:00+00:00 [queued]>
[2022-11-08T15:17:35.749+0000] {taskinstance.py:1165} INFO - Dependencies all met for <TaskInstance: our_first_dag_v5.first_task scheduled__2021-08-16T00:00:00+00:00 [queued]>
[2022-11-08T15:17:35.751+0000] {taskinstance.py:1362} INFO - 
--------------------------------------------------------------------------------
[2022-11-08T15:17:35.751+0000] {taskinstance.py:1363} INFO - Starting attempt 1 of 6
[2022-11-08T15:17:35.753+0000] {taskinstance.py:1364} INFO - 
--------------------------------------------------------------------------------
[2022-11-08T15:17:35.792+0000] {taskinstance.py:1383} INFO - Executing <Task(BashOperator): first_task> on 2021-08-16 00:00:00+00:00
[2022-11-08T15:17:35.819+0000] {standard_task_runner.py:55} INFO - Started process 1020 to run task
[2022-11-08T15:17:35.850+0000] {standard_task_runner.py:82} INFO - Running: ['***', 'tasks', 'run', 'our_first_dag_v5', 'first_task', 'scheduled__2021-08-16T00:00:00+00:00', '--job-id', '55', '--raw', '--subdir', 'DAGS_FOLDER/first_dag.py', '--cfg-path', '/tmp/tmpkhb796xr']
[2022-11-08T15:17:35.854+0000] {standard_task_runner.py:83} INFO - Job 55: Subtask first_task
[2022-11-08T15:17:36.012+0000] {task_command.py:376} INFO - Running <TaskInstance: our_first_dag_v5.first_task scheduled__2021-08-16T00:00:00+00:00 [running]> on host ade0f1f4f3fb
[2022-11-08T15:17:36.151+0000] {taskinstance.py:1592} INFO - Exporting the following env vars:
AIRFLOW_CTX_DAG_OWNER=kshama
AIRFLOW_CTX_DAG_ID=our_first_dag_v5
AIRFLOW_CTX_TASK_ID=first_task
AIRFLOW_CTX_EXECUTION_DATE=2021-08-16T00:00:00+00:00
AIRFLOW_CTX_TRY_NUMBER=1
AIRFLOW_CTX_DAG_RUN_ID=scheduled__2021-08-16T00:00:00+00:00
[2022-11-08T15:17:36.152+0000] {subprocess.py:63} INFO - Tmp dir root location: 
 /tmp
[2022-11-08T15:17:36.152+0000] {subprocess.py:75} INFO - Running command: ['/bin/bash', '-c', 'echo hello world, this is the first task!']
[2022-11-08T15:17:36.181+0000] {subprocess.py:86} INFO - Output:
[2022-11-08T15:17:36.192+0000] {subprocess.py:93} INFO - hello world, this is the first task!
[2022-11-08T15:17:36.194+0000] {subprocess.py:97} INFO - Command exited with return code 0
[2022-11-08T15:17:36.255+0000] {taskinstance.py:1406} INFO - Marking task as SUCCESS. dag_id=our_first_dag_v5, task_id=first_task, execution_date=20210816T000000, start_date=20221108T151735, end_date=20221108T151736
[2022-11-08T15:17:36.328+0000] {local_task_job.py:164} INFO - Task exited with return code 0
[2022-11-08T15:17:36.375+0000] {local_task_job.py:273} INFO - 1 downstream tasks scheduled from follow-on schedule check
