[2022-11-08T15:45:05.274+0000] {taskinstance.py:1165} INFO - Dependencies all met for <TaskInstance: our_dag_with_python_operator_v07.get_age manual__2022-11-08T15:45:04.694357+00:00 [queued]>
[2022-11-08T15:45:05.295+0000] {taskinstance.py:1165} INFO - Dependencies all met for <TaskInstance: our_dag_with_python_operator_v07.get_age manual__2022-11-08T15:45:04.694357+00:00 [queued]>
[2022-11-08T15:45:05.296+0000] {taskinstance.py:1362} INFO - 
--------------------------------------------------------------------------------
[2022-11-08T15:45:05.297+0000] {taskinstance.py:1363} INFO - Starting attempt 1 of 6
[2022-11-08T15:45:05.297+0000] {taskinstance.py:1364} INFO - 
--------------------------------------------------------------------------------
[2022-11-08T15:45:05.314+0000] {taskinstance.py:1383} INFO - Executing <Task(PythonOperator): get_age> on 2022-11-08 15:45:04.694357+00:00
[2022-11-08T15:45:05.328+0000] {standard_task_runner.py:55} INFO - Started process 8255 to run task
[2022-11-08T15:45:05.333+0000] {standard_task_runner.py:82} INFO - Running: ['***', 'tasks', 'run', 'our_dag_with_python_operator_v07', 'get_age', 'manual__2022-11-08T15:45:04.694357+00:00', '--job-id', '1930', '--raw', '--subdir', 'DAGS_FOLDER/dag_with_python_operator.py', '--cfg-path', '/tmp/tmpxj07q1dx']
[2022-11-08T15:45:05.337+0000] {standard_task_runner.py:83} INFO - Job 1930: Subtask get_age
[2022-11-08T15:45:05.415+0000] {task_command.py:376} INFO - Running <TaskInstance: our_dag_with_python_operator_v07.get_age manual__2022-11-08T15:45:04.694357+00:00 [running]> on host ade0f1f4f3fb
[2022-11-08T15:45:05.520+0000] {taskinstance.py:1592} INFO - Exporting the following env vars:
AIRFLOW_CTX_DAG_OWNER=kshama
AIRFLOW_CTX_DAG_ID=our_dag_with_python_operator_v07
AIRFLOW_CTX_TASK_ID=get_age
AIRFLOW_CTX_EXECUTION_DATE=2022-11-08T15:45:04.694357+00:00
AIRFLOW_CTX_TRY_NUMBER=1
AIRFLOW_CTX_DAG_RUN_ID=manual__2022-11-08T15:45:04.694357+00:00
[2022-11-08T15:45:05.545+0000] {python.py:177} INFO - Done. Returned value was: None
[2022-11-08T15:45:05.560+0000] {taskinstance.py:1406} INFO - Marking task as SUCCESS. dag_id=our_dag_with_python_operator_v07, task_id=get_age, execution_date=20221108T154504, start_date=20221108T154505, end_date=20221108T154505
[2022-11-08T15:45:05.632+0000] {local_task_job.py:164} INFO - Task exited with return code 0
[2022-11-08T15:45:05.660+0000] {local_task_job.py:273} INFO - 0 downstream tasks scheduled from follow-on schedule check
