[2022-11-08T15:20:47.930+0000] {taskinstance.py:1165} INFO - Dependencies all met for <TaskInstance: our_first_dag_v2.thrid_task scheduled__2021-08-23T00:00:00+00:00 [queued]>
[2022-11-08T15:20:47.940+0000] {taskinstance.py:1165} INFO - Dependencies all met for <TaskInstance: our_first_dag_v2.thrid_task scheduled__2021-08-23T00:00:00+00:00 [queued]>
[2022-11-08T15:20:47.941+0000] {taskinstance.py:1362} INFO - 
--------------------------------------------------------------------------------
[2022-11-08T15:20:47.941+0000] {taskinstance.py:1363} INFO - Starting attempt 1 of 6
[2022-11-08T15:20:47.941+0000] {taskinstance.py:1364} INFO - 
--------------------------------------------------------------------------------
[2022-11-08T15:20:48.083+0000] {taskinstance.py:1383} INFO - Executing <Task(BashOperator): thrid_task> on 2021-08-23 00:00:00+00:00
[2022-11-08T15:20:48.107+0000] {standard_task_runner.py:55} INFO - Started process 2868 to run task
[2022-11-08T15:20:48.115+0000] {standard_task_runner.py:82} INFO - Running: ['***', 'tasks', 'run', 'our_first_dag_v2', 'thrid_task', 'scheduled__2021-08-23T00:00:00+00:00', '--job-id', '600', '--raw', '--subdir', 'DAGS_FOLDER/first_dag.py', '--cfg-path', '/tmp/tmp8urv4epd']
[2022-11-08T15:20:48.118+0000] {standard_task_runner.py:83} INFO - Job 600: Subtask thrid_task
[2022-11-08T15:20:48.223+0000] {task_command.py:376} INFO - Running <TaskInstance: our_first_dag_v2.thrid_task scheduled__2021-08-23T00:00:00+00:00 [running]> on host ade0f1f4f3fb
[2022-11-08T15:20:48.296+0000] {taskinstance.py:1592} INFO - Exporting the following env vars:
AIRFLOW_CTX_DAG_OWNER=kshama
AIRFLOW_CTX_DAG_ID=our_first_dag_v2
AIRFLOW_CTX_TASK_ID=thrid_task
AIRFLOW_CTX_EXECUTION_DATE=2021-08-23T00:00:00+00:00
AIRFLOW_CTX_TRY_NUMBER=1
AIRFLOW_CTX_DAG_RUN_ID=scheduled__2021-08-23T00:00:00+00:00
[2022-11-08T15:20:48.297+0000] {subprocess.py:63} INFO - Tmp dir root location: 
 /tmp
[2022-11-08T15:20:48.298+0000] {subprocess.py:75} INFO - Running command: ['/bin/bash', '-c', 'echo hey, I am task3 and will be running after task1 at the same time as task2!']
[2022-11-08T15:20:48.309+0000] {subprocess.py:86} INFO - Output:
[2022-11-08T15:20:48.310+0000] {subprocess.py:93} INFO - hey, I am task3 and will be running after task1 at the same time as task2!
[2022-11-08T15:20:48.311+0000] {subprocess.py:97} INFO - Command exited with return code 0
[2022-11-08T15:20:48.339+0000] {taskinstance.py:1406} INFO - Marking task as SUCCESS. dag_id=our_first_dag_v2, task_id=thrid_task, execution_date=20210823T000000, start_date=20221108T152047, end_date=20221108T152048
[2022-11-08T15:20:48.380+0000] {local_task_job.py:164} INFO - Task exited with return code 0
[2022-11-08T15:20:48.412+0000] {local_task_job.py:273} INFO - 0 downstream tasks scheduled from follow-on schedule check
