[2022-11-08T15:26:47.827+0000] {taskinstance.py:1165} INFO - Dependencies all met for <TaskInstance: our_first_dag_v2.second_task scheduled__2022-07-01T00:00:00+00:00 [queued]>
[2022-11-08T15:26:47.905+0000] {taskinstance.py:1165} INFO - Dependencies all met for <TaskInstance: our_first_dag_v2.second_task scheduled__2022-07-01T00:00:00+00:00 [queued]>
[2022-11-08T15:26:47.906+0000] {taskinstance.py:1362} INFO - 
--------------------------------------------------------------------------------
[2022-11-08T15:26:47.907+0000] {taskinstance.py:1363} INFO - Starting attempt 1 of 6
[2022-11-08T15:26:47.908+0000] {taskinstance.py:1364} INFO - 
--------------------------------------------------------------------------------
[2022-11-08T15:26:47.942+0000] {taskinstance.py:1383} INFO - Executing <Task(BashOperator): second_task> on 2022-07-01 00:00:00+00:00
[2022-11-08T15:26:47.956+0000] {standard_task_runner.py:55} INFO - Started process 6042 to run task
[2022-11-08T15:26:47.985+0000] {standard_task_runner.py:82} INFO - Running: ['***', 'tasks', 'run', 'our_first_dag_v2', 'second_task', 'scheduled__2022-07-01T00:00:00+00:00', '--job-id', '1550', '--raw', '--subdir', 'DAGS_FOLDER/first_dag.py', '--cfg-path', '/tmp/tmpkmu5pk0t']
[2022-11-08T15:26:47.996+0000] {standard_task_runner.py:83} INFO - Job 1550: Subtask second_task
[2022-11-08T15:26:48.356+0000] {task_command.py:376} INFO - Running <TaskInstance: our_first_dag_v2.second_task scheduled__2022-07-01T00:00:00+00:00 [running]> on host ade0f1f4f3fb
[2022-11-08T15:26:48.720+0000] {taskinstance.py:1592} INFO - Exporting the following env vars:
AIRFLOW_CTX_DAG_OWNER=kshama
AIRFLOW_CTX_DAG_ID=our_first_dag_v2
AIRFLOW_CTX_TASK_ID=second_task
AIRFLOW_CTX_EXECUTION_DATE=2022-07-01T00:00:00+00:00
AIRFLOW_CTX_TRY_NUMBER=1
AIRFLOW_CTX_DAG_RUN_ID=scheduled__2022-07-01T00:00:00+00:00
[2022-11-08T15:26:48.726+0000] {subprocess.py:63} INFO - Tmp dir root location: 
 /tmp
[2022-11-08T15:26:48.727+0000] {subprocess.py:75} INFO - Running command: ['/bin/bash', '-c', 'echo hey, I am task2 and will be running after task1!']
[2022-11-08T15:26:48.795+0000] {subprocess.py:86} INFO - Output:
[2022-11-08T15:26:48.797+0000] {subprocess.py:93} INFO - hey, I am task2 and will be running after task1!
[2022-11-08T15:26:48.798+0000] {subprocess.py:97} INFO - Command exited with return code 0
[2022-11-08T15:26:48.863+0000] {taskinstance.py:1406} INFO - Marking task as SUCCESS. dag_id=our_first_dag_v2, task_id=second_task, execution_date=20220701T000000, start_date=20221108T152647, end_date=20221108T152648
[2022-11-08T15:26:48.951+0000] {local_task_job.py:164} INFO - Task exited with return code 0
[2022-11-08T15:26:48.995+0000] {local_task_job.py:273} INFO - 0 downstream tasks scheduled from follow-on schedule check
