[2022-11-08T14:25:00.730+0000] {processor.py:154} INFO - Started process (PID=63) to work on /home/airflow/.local/lib/python3.7/site-packages/airflow/example_dags/example_xcom.py
[2022-11-08T14:25:00.731+0000] {processor.py:756} INFO - Processing file /home/airflow/.local/lib/python3.7/site-packages/airflow/example_dags/example_xcom.py for tasks to queue
[2022-11-08T14:25:00.733+0000] {logging_mixin.py:120} INFO - [2022-11-08T14:25:00.732+0000] {dagbag.py:537} INFO - Filling up the DagBag from /home/airflow/.local/lib/python3.7/site-packages/airflow/example_dags/example_xcom.py
[2022-11-08T14:25:00.762+0000] {processor.py:766} INFO - DAG(s) dict_keys(['example_xcom']) retrieved from /home/airflow/.local/lib/python3.7/site-packages/airflow/example_dags/example_xcom.py
[2022-11-08T14:25:00.784+0000] {logging_mixin.py:120} INFO - [2022-11-08T14:25:00.784+0000] {dag.py:2585} INFO - Sync 1 DAGs
[2022-11-08T14:25:00.806+0000] {logging_mixin.py:120} INFO - [2022-11-08T14:25:00.806+0000] {dag.py:3340} INFO - Setting next_dagrun for example_xcom to 2021-01-01T00:00:00+00:00, run_after=2021-01-01T00:00:00+00:00
[2022-11-08T14:25:00.825+0000] {processor.py:176} INFO - Processing /home/airflow/.local/lib/python3.7/site-packages/airflow/example_dags/example_xcom.py took 0.101 seconds
[2022-11-08T14:25:31.599+0000] {processor.py:154} INFO - Started process (PID=126) to work on /home/airflow/.local/lib/python3.7/site-packages/airflow/example_dags/example_xcom.py
[2022-11-08T14:25:31.600+0000] {processor.py:756} INFO - Processing file /home/airflow/.local/lib/python3.7/site-packages/airflow/example_dags/example_xcom.py for tasks to queue
[2022-11-08T14:25:31.601+0000] {logging_mixin.py:120} INFO - [2022-11-08T14:25:31.601+0000] {dagbag.py:537} INFO - Filling up the DagBag from /home/airflow/.local/lib/python3.7/site-packages/airflow/example_dags/example_xcom.py
[2022-11-08T14:25:31.622+0000] {processor.py:766} INFO - DAG(s) dict_keys(['example_xcom']) retrieved from /home/airflow/.local/lib/python3.7/site-packages/airflow/example_dags/example_xcom.py
[2022-11-08T14:25:31.661+0000] {logging_mixin.py:120} INFO - [2022-11-08T14:25:31.660+0000] {dag.py:2585} INFO - Sync 1 DAGs
[2022-11-08T14:25:31.683+0000] {logging_mixin.py:120} INFO - [2022-11-08T14:25:31.683+0000] {dag.py:3340} INFO - Setting next_dagrun for example_xcom to 2021-01-01T00:00:00+00:00, run_after=2021-01-01T00:00:00+00:00
[2022-11-08T14:25:31.708+0000] {processor.py:176} INFO - Processing /home/airflow/.local/lib/python3.7/site-packages/airflow/example_dags/example_xcom.py took 0.112 seconds
[2022-11-08T14:26:02.355+0000] {processor.py:154} INFO - Started process (PID=190) to work on /home/airflow/.local/lib/python3.7/site-packages/airflow/example_dags/example_xcom.py
[2022-11-08T14:26:02.356+0000] {processor.py:756} INFO - Processing file /home/airflow/.local/lib/python3.7/site-packages/airflow/example_dags/example_xcom.py for tasks to queue
[2022-11-08T14:26:02.356+0000] {logging_mixin.py:120} INFO - [2022-11-08T14:26:02.356+0000] {dagbag.py:537} INFO - Filling up the DagBag from /home/airflow/.local/lib/python3.7/site-packages/airflow/example_dags/example_xcom.py
[2022-11-08T14:26:02.379+0000] {processor.py:766} INFO - DAG(s) dict_keys(['example_xcom']) retrieved from /home/airflow/.local/lib/python3.7/site-packages/airflow/example_dags/example_xcom.py
[2022-11-08T14:26:02.418+0000] {logging_mixin.py:120} INFO - [2022-11-08T14:26:02.417+0000] {dag.py:2585} INFO - Sync 1 DAGs
[2022-11-08T14:26:02.439+0000] {logging_mixin.py:120} INFO - [2022-11-08T14:26:02.439+0000] {dag.py:3340} INFO - Setting next_dagrun for example_xcom to 2021-01-01T00:00:00+00:00, run_after=2021-01-01T00:00:00+00:00
[2022-11-08T14:26:02.458+0000] {processor.py:176} INFO - Processing /home/airflow/.local/lib/python3.7/site-packages/airflow/example_dags/example_xcom.py took 0.107 seconds
[2022-11-08T14:26:32.995+0000] {processor.py:154} INFO - Started process (PID=253) to work on /home/airflow/.local/lib/python3.7/site-packages/airflow/example_dags/example_xcom.py
[2022-11-08T14:26:32.996+0000] {processor.py:756} INFO - Processing file /home/airflow/.local/lib/python3.7/site-packages/airflow/example_dags/example_xcom.py for tasks to queue
[2022-11-08T14:26:32.997+0000] {logging_mixin.py:120} INFO - [2022-11-08T14:26:32.997+0000] {dagbag.py:537} INFO - Filling up the DagBag from /home/airflow/.local/lib/python3.7/site-packages/airflow/example_dags/example_xcom.py
[2022-11-08T14:26:33.028+0000] {processor.py:766} INFO - DAG(s) dict_keys(['example_xcom']) retrieved from /home/airflow/.local/lib/python3.7/site-packages/airflow/example_dags/example_xcom.py
[2022-11-08T14:26:33.070+0000] {logging_mixin.py:120} INFO - [2022-11-08T14:26:33.070+0000] {dag.py:2585} INFO - Sync 1 DAGs
[2022-11-08T14:26:33.095+0000] {logging_mixin.py:120} INFO - [2022-11-08T14:26:33.095+0000] {dag.py:3340} INFO - Setting next_dagrun for example_xcom to 2021-01-01T00:00:00+00:00, run_after=2021-01-01T00:00:00+00:00
[2022-11-08T14:26:33.115+0000] {processor.py:176} INFO - Processing /home/airflow/.local/lib/python3.7/site-packages/airflow/example_dags/example_xcom.py took 0.124 seconds
[2022-11-08T14:27:03.733+0000] {processor.py:154} INFO - Started process (PID=316) to work on /home/airflow/.local/lib/python3.7/site-packages/airflow/example_dags/example_xcom.py
[2022-11-08T14:27:03.734+0000] {processor.py:756} INFO - Processing file /home/airflow/.local/lib/python3.7/site-packages/airflow/example_dags/example_xcom.py for tasks to queue
[2022-11-08T14:27:03.735+0000] {logging_mixin.py:120} INFO - [2022-11-08T14:27:03.735+0000] {dagbag.py:537} INFO - Filling up the DagBag from /home/airflow/.local/lib/python3.7/site-packages/airflow/example_dags/example_xcom.py
[2022-11-08T14:27:03.759+0000] {processor.py:766} INFO - DAG(s) dict_keys(['example_xcom']) retrieved from /home/airflow/.local/lib/python3.7/site-packages/airflow/example_dags/example_xcom.py
[2022-11-08T14:27:03.807+0000] {logging_mixin.py:120} INFO - [2022-11-08T14:27:03.807+0000] {dag.py:2585} INFO - Sync 1 DAGs
[2022-11-08T14:27:03.836+0000] {logging_mixin.py:120} INFO - [2022-11-08T14:27:03.836+0000] {dag.py:3340} INFO - Setting next_dagrun for example_xcom to 2021-01-01T00:00:00+00:00, run_after=2021-01-01T00:00:00+00:00
[2022-11-08T14:27:03.858+0000] {processor.py:176} INFO - Processing /home/airflow/.local/lib/python3.7/site-packages/airflow/example_dags/example_xcom.py took 0.129 seconds
[2022-11-08T14:27:34.712+0000] {processor.py:154} INFO - Started process (PID=370) to work on /home/airflow/.local/lib/python3.7/site-packages/airflow/example_dags/example_xcom.py
[2022-11-08T14:27:34.712+0000] {processor.py:756} INFO - Processing file /home/airflow/.local/lib/python3.7/site-packages/airflow/example_dags/example_xcom.py for tasks to queue
[2022-11-08T14:27:34.713+0000] {logging_mixin.py:120} INFO - [2022-11-08T14:27:34.713+0000] {dagbag.py:537} INFO - Filling up the DagBag from /home/airflow/.local/lib/python3.7/site-packages/airflow/example_dags/example_xcom.py
[2022-11-08T14:27:34.733+0000] {processor.py:766} INFO - DAG(s) dict_keys(['example_xcom']) retrieved from /home/airflow/.local/lib/python3.7/site-packages/airflow/example_dags/example_xcom.py
[2022-11-08T14:27:34.772+0000] {logging_mixin.py:120} INFO - [2022-11-08T14:27:34.772+0000] {dag.py:2585} INFO - Sync 1 DAGs
[2022-11-08T14:27:34.793+0000] {logging_mixin.py:120} INFO - [2022-11-08T14:27:34.793+0000] {dag.py:3340} INFO - Setting next_dagrun for example_xcom to 2021-01-01T00:00:00+00:00, run_after=2021-01-01T00:00:00+00:00
[2022-11-08T14:27:34.811+0000] {processor.py:176} INFO - Processing /home/airflow/.local/lib/python3.7/site-packages/airflow/example_dags/example_xcom.py took 0.103 seconds
[2022-11-08T14:28:05.372+0000] {processor.py:154} INFO - Started process (PID=434) to work on /home/airflow/.local/lib/python3.7/site-packages/airflow/example_dags/example_xcom.py
[2022-11-08T14:28:05.373+0000] {processor.py:756} INFO - Processing file /home/airflow/.local/lib/python3.7/site-packages/airflow/example_dags/example_xcom.py for tasks to queue
[2022-11-08T14:28:05.373+0000] {logging_mixin.py:120} INFO - [2022-11-08T14:28:05.373+0000] {dagbag.py:537} INFO - Filling up the DagBag from /home/airflow/.local/lib/python3.7/site-packages/airflow/example_dags/example_xcom.py
[2022-11-08T14:28:05.394+0000] {processor.py:766} INFO - DAG(s) dict_keys(['example_xcom']) retrieved from /home/airflow/.local/lib/python3.7/site-packages/airflow/example_dags/example_xcom.py
[2022-11-08T14:28:05.433+0000] {logging_mixin.py:120} INFO - [2022-11-08T14:28:05.432+0000] {dag.py:2585} INFO - Sync 1 DAGs
[2022-11-08T14:28:05.454+0000] {logging_mixin.py:120} INFO - [2022-11-08T14:28:05.454+0000] {dag.py:3340} INFO - Setting next_dagrun for example_xcom to 2021-01-01T00:00:00+00:00, run_after=2021-01-01T00:00:00+00:00
[2022-11-08T14:28:05.471+0000] {processor.py:176} INFO - Processing /home/airflow/.local/lib/python3.7/site-packages/airflow/example_dags/example_xcom.py took 0.102 seconds
[2022-11-08T14:28:36.227+0000] {processor.py:154} INFO - Started process (PID=497) to work on /home/airflow/.local/lib/python3.7/site-packages/airflow/example_dags/example_xcom.py
[2022-11-08T14:28:36.228+0000] {processor.py:756} INFO - Processing file /home/airflow/.local/lib/python3.7/site-packages/airflow/example_dags/example_xcom.py for tasks to queue
[2022-11-08T14:28:36.228+0000] {logging_mixin.py:120} INFO - [2022-11-08T14:28:36.228+0000] {dagbag.py:537} INFO - Filling up the DagBag from /home/airflow/.local/lib/python3.7/site-packages/airflow/example_dags/example_xcom.py
[2022-11-08T14:28:36.247+0000] {processor.py:766} INFO - DAG(s) dict_keys(['example_xcom']) retrieved from /home/airflow/.local/lib/python3.7/site-packages/airflow/example_dags/example_xcom.py
[2022-11-08T14:28:36.281+0000] {logging_mixin.py:120} INFO - [2022-11-08T14:28:36.281+0000] {dag.py:2585} INFO - Sync 1 DAGs
[2022-11-08T14:28:36.300+0000] {logging_mixin.py:120} INFO - [2022-11-08T14:28:36.300+0000] {dag.py:3340} INFO - Setting next_dagrun for example_xcom to 2021-01-01T00:00:00+00:00, run_after=2021-01-01T00:00:00+00:00
[2022-11-08T14:28:36.329+0000] {processor.py:176} INFO - Processing /home/airflow/.local/lib/python3.7/site-packages/airflow/example_dags/example_xcom.py took 0.106 seconds
[2022-11-08T14:29:06.768+0000] {processor.py:154} INFO - Started process (PID=560) to work on /home/airflow/.local/lib/python3.7/site-packages/airflow/example_dags/example_xcom.py
[2022-11-08T14:29:06.769+0000] {processor.py:756} INFO - Processing file /home/airflow/.local/lib/python3.7/site-packages/airflow/example_dags/example_xcom.py for tasks to queue
[2022-11-08T14:29:06.770+0000] {logging_mixin.py:120} INFO - [2022-11-08T14:29:06.770+0000] {dagbag.py:537} INFO - Filling up the DagBag from /home/airflow/.local/lib/python3.7/site-packages/airflow/example_dags/example_xcom.py
[2022-11-08T14:29:06.793+0000] {processor.py:766} INFO - DAG(s) dict_keys(['example_xcom']) retrieved from /home/airflow/.local/lib/python3.7/site-packages/airflow/example_dags/example_xcom.py
[2022-11-08T14:29:06.831+0000] {logging_mixin.py:120} INFO - [2022-11-08T14:29:06.831+0000] {dag.py:2585} INFO - Sync 1 DAGs
[2022-11-08T14:29:06.852+0000] {logging_mixin.py:120} INFO - [2022-11-08T14:29:06.852+0000] {dag.py:3340} INFO - Setting next_dagrun for example_xcom to 2021-01-01T00:00:00+00:00, run_after=2021-01-01T00:00:00+00:00
[2022-11-08T14:29:06.867+0000] {processor.py:176} INFO - Processing /home/airflow/.local/lib/python3.7/site-packages/airflow/example_dags/example_xcom.py took 0.102 seconds
[2022-11-08T14:29:37.304+0000] {processor.py:154} INFO - Started process (PID=614) to work on /home/airflow/.local/lib/python3.7/site-packages/airflow/example_dags/example_xcom.py
[2022-11-08T14:29:37.305+0000] {processor.py:756} INFO - Processing file /home/airflow/.local/lib/python3.7/site-packages/airflow/example_dags/example_xcom.py for tasks to queue
[2022-11-08T14:29:37.306+0000] {logging_mixin.py:120} INFO - [2022-11-08T14:29:37.306+0000] {dagbag.py:537} INFO - Filling up the DagBag from /home/airflow/.local/lib/python3.7/site-packages/airflow/example_dags/example_xcom.py
[2022-11-08T14:29:37.325+0000] {processor.py:766} INFO - DAG(s) dict_keys(['example_xcom']) retrieved from /home/airflow/.local/lib/python3.7/site-packages/airflow/example_dags/example_xcom.py
[2022-11-08T14:29:37.360+0000] {logging_mixin.py:120} INFO - [2022-11-08T14:29:37.360+0000] {dag.py:2585} INFO - Sync 1 DAGs
[2022-11-08T14:29:37.381+0000] {logging_mixin.py:120} INFO - [2022-11-08T14:29:37.381+0000] {dag.py:3340} INFO - Setting next_dagrun for example_xcom to 2021-01-01T00:00:00+00:00, run_after=2021-01-01T00:00:00+00:00
[2022-11-08T14:29:37.400+0000] {processor.py:176} INFO - Processing /home/airflow/.local/lib/python3.7/site-packages/airflow/example_dags/example_xcom.py took 0.099 seconds
[2022-11-08T14:30:07.811+0000] {processor.py:154} INFO - Started process (PID=677) to work on /home/airflow/.local/lib/python3.7/site-packages/airflow/example_dags/example_xcom.py
[2022-11-08T14:30:07.812+0000] {processor.py:756} INFO - Processing file /home/airflow/.local/lib/python3.7/site-packages/airflow/example_dags/example_xcom.py for tasks to queue
[2022-11-08T14:30:07.812+0000] {logging_mixin.py:120} INFO - [2022-11-08T14:30:07.812+0000] {dagbag.py:537} INFO - Filling up the DagBag from /home/airflow/.local/lib/python3.7/site-packages/airflow/example_dags/example_xcom.py
[2022-11-08T14:30:07.833+0000] {processor.py:766} INFO - DAG(s) dict_keys(['example_xcom']) retrieved from /home/airflow/.local/lib/python3.7/site-packages/airflow/example_dags/example_xcom.py
[2022-11-08T14:30:07.869+0000] {logging_mixin.py:120} INFO - [2022-11-08T14:30:07.869+0000] {dag.py:2585} INFO - Sync 1 DAGs
[2022-11-08T14:30:07.890+0000] {logging_mixin.py:120} INFO - [2022-11-08T14:30:07.889+0000] {dag.py:3340} INFO - Setting next_dagrun for example_xcom to 2021-01-01T00:00:00+00:00, run_after=2021-01-01T00:00:00+00:00
[2022-11-08T14:30:07.906+0000] {processor.py:176} INFO - Processing /home/airflow/.local/lib/python3.7/site-packages/airflow/example_dags/example_xcom.py took 0.098 seconds
[2022-11-08T14:30:38.463+0000] {processor.py:154} INFO - Started process (PID=741) to work on /home/airflow/.local/lib/python3.7/site-packages/airflow/example_dags/example_xcom.py
[2022-11-08T14:30:38.464+0000] {processor.py:756} INFO - Processing file /home/airflow/.local/lib/python3.7/site-packages/airflow/example_dags/example_xcom.py for tasks to queue
[2022-11-08T14:30:38.465+0000] {logging_mixin.py:120} INFO - [2022-11-08T14:30:38.464+0000] {dagbag.py:537} INFO - Filling up the DagBag from /home/airflow/.local/lib/python3.7/site-packages/airflow/example_dags/example_xcom.py
[2022-11-08T14:30:38.490+0000] {processor.py:766} INFO - DAG(s) dict_keys(['example_xcom']) retrieved from /home/airflow/.local/lib/python3.7/site-packages/airflow/example_dags/example_xcom.py
[2022-11-08T14:30:38.535+0000] {logging_mixin.py:120} INFO - [2022-11-08T14:30:38.534+0000] {dag.py:2585} INFO - Sync 1 DAGs
[2022-11-08T14:30:38.565+0000] {logging_mixin.py:120} INFO - [2022-11-08T14:30:38.564+0000] {dag.py:3340} INFO - Setting next_dagrun for example_xcom to 2021-01-01T00:00:00+00:00, run_after=2021-01-01T00:00:00+00:00
[2022-11-08T14:30:38.596+0000] {processor.py:176} INFO - Processing /home/airflow/.local/lib/python3.7/site-packages/airflow/example_dags/example_xcom.py took 0.138 seconds
[2022-11-08T14:31:09.328+0000] {processor.py:154} INFO - Started process (PID=804) to work on /home/airflow/.local/lib/python3.7/site-packages/airflow/example_dags/example_xcom.py
[2022-11-08T14:31:09.329+0000] {processor.py:756} INFO - Processing file /home/airflow/.local/lib/python3.7/site-packages/airflow/example_dags/example_xcom.py for tasks to queue
[2022-11-08T14:31:09.329+0000] {logging_mixin.py:120} INFO - [2022-11-08T14:31:09.329+0000] {dagbag.py:537} INFO - Filling up the DagBag from /home/airflow/.local/lib/python3.7/site-packages/airflow/example_dags/example_xcom.py
[2022-11-08T14:31:09.350+0000] {processor.py:766} INFO - DAG(s) dict_keys(['example_xcom']) retrieved from /home/airflow/.local/lib/python3.7/site-packages/airflow/example_dags/example_xcom.py
[2022-11-08T14:31:09.387+0000] {logging_mixin.py:120} INFO - [2022-11-08T14:31:09.386+0000] {dag.py:2585} INFO - Sync 1 DAGs
[2022-11-08T14:31:09.407+0000] {logging_mixin.py:120} INFO - [2022-11-08T14:31:09.407+0000] {dag.py:3340} INFO - Setting next_dagrun for example_xcom to 2021-01-01T00:00:00+00:00, run_after=2021-01-01T00:00:00+00:00
[2022-11-08T14:31:09.426+0000] {processor.py:176} INFO - Processing /home/airflow/.local/lib/python3.7/site-packages/airflow/example_dags/example_xcom.py took 0.101 seconds
[2022-11-08T14:31:39.511+0000] {processor.py:154} INFO - Started process (PID=865) to work on /home/airflow/.local/lib/python3.7/site-packages/airflow/example_dags/example_xcom.py
[2022-11-08T14:31:39.513+0000] {processor.py:756} INFO - Processing file /home/airflow/.local/lib/python3.7/site-packages/airflow/example_dags/example_xcom.py for tasks to queue
[2022-11-08T14:31:39.514+0000] {logging_mixin.py:120} INFO - [2022-11-08T14:31:39.513+0000] {dagbag.py:537} INFO - Filling up the DagBag from /home/airflow/.local/lib/python3.7/site-packages/airflow/example_dags/example_xcom.py
[2022-11-08T14:31:39.541+0000] {processor.py:766} INFO - DAG(s) dict_keys(['example_xcom']) retrieved from /home/airflow/.local/lib/python3.7/site-packages/airflow/example_dags/example_xcom.py
[2022-11-08T14:31:39.570+0000] {logging_mixin.py:120} INFO - [2022-11-08T14:31:39.570+0000] {dag.py:2585} INFO - Sync 1 DAGs
[2022-11-08T14:31:39.600+0000] {logging_mixin.py:120} INFO - [2022-11-08T14:31:39.600+0000] {dag.py:3340} INFO - Setting next_dagrun for example_xcom to 2021-01-01T00:00:00+00:00, run_after=2021-01-01T00:00:00+00:00
[2022-11-08T14:31:39.621+0000] {processor.py:176} INFO - Processing /home/airflow/.local/lib/python3.7/site-packages/airflow/example_dags/example_xcom.py took 0.114 seconds
[2022-11-08T14:32:10.005+0000] {processor.py:154} INFO - Started process (PID=920) to work on /home/airflow/.local/lib/python3.7/site-packages/airflow/example_dags/example_xcom.py
[2022-11-08T14:32:10.006+0000] {processor.py:756} INFO - Processing file /home/airflow/.local/lib/python3.7/site-packages/airflow/example_dags/example_xcom.py for tasks to queue
[2022-11-08T14:32:10.006+0000] {logging_mixin.py:120} INFO - [2022-11-08T14:32:10.006+0000] {dagbag.py:537} INFO - Filling up the DagBag from /home/airflow/.local/lib/python3.7/site-packages/airflow/example_dags/example_xcom.py
[2022-11-08T14:32:10.030+0000] {processor.py:766} INFO - DAG(s) dict_keys(['example_xcom']) retrieved from /home/airflow/.local/lib/python3.7/site-packages/airflow/example_dags/example_xcom.py
[2022-11-08T14:32:10.070+0000] {logging_mixin.py:120} INFO - [2022-11-08T14:32:10.070+0000] {dag.py:2585} INFO - Sync 1 DAGs
[2022-11-08T14:32:10.092+0000] {logging_mixin.py:120} INFO - [2022-11-08T14:32:10.092+0000] {dag.py:3340} INFO - Setting next_dagrun for example_xcom to 2021-01-01T00:00:00+00:00, run_after=2021-01-01T00:00:00+00:00
[2022-11-08T14:32:10.107+0000] {processor.py:176} INFO - Processing /home/airflow/.local/lib/python3.7/site-packages/airflow/example_dags/example_xcom.py took 0.106 seconds
[2022-11-08T14:32:40.170+0000] {processor.py:154} INFO - Started process (PID=302) to work on /home/airflow/.local/lib/python3.7/site-packages/airflow/example_dags/example_xcom.py
[2022-11-08T14:32:40.171+0000] {processor.py:756} INFO - Processing file /home/airflow/.local/lib/python3.7/site-packages/airflow/example_dags/example_xcom.py for tasks to queue
[2022-11-08T14:32:40.172+0000] {logging_mixin.py:120} INFO - [2022-11-08T14:32:40.171+0000] {dagbag.py:537} INFO - Filling up the DagBag from /home/airflow/.local/lib/python3.7/site-packages/airflow/example_dags/example_xcom.py
[2022-11-08T14:32:40.194+0000] {processor.py:766} INFO - DAG(s) dict_keys(['example_xcom']) retrieved from /home/airflow/.local/lib/python3.7/site-packages/airflow/example_dags/example_xcom.py
[2022-11-08T14:32:40.216+0000] {logging_mixin.py:120} INFO - [2022-11-08T14:32:40.216+0000] {dag.py:2585} INFO - Sync 1 DAGs
[2022-11-08T14:32:40.240+0000] {logging_mixin.py:120} INFO - [2022-11-08T14:32:40.240+0000] {dag.py:3340} INFO - Setting next_dagrun for example_xcom to 2021-01-01T00:00:00+00:00, run_after=2021-01-01T00:00:00+00:00
[2022-11-08T14:32:40.259+0000] {processor.py:176} INFO - Processing /home/airflow/.local/lib/python3.7/site-packages/airflow/example_dags/example_xcom.py took 0.092 seconds
[2022-11-08T14:33:11.960+0000] {processor.py:154} INFO - Started process (PID=508) to work on /home/airflow/.local/lib/python3.7/site-packages/airflow/example_dags/example_xcom.py
[2022-11-08T14:33:11.961+0000] {processor.py:756} INFO - Processing file /home/airflow/.local/lib/python3.7/site-packages/airflow/example_dags/example_xcom.py for tasks to queue
[2022-11-08T14:33:11.961+0000] {logging_mixin.py:120} INFO - [2022-11-08T14:33:11.961+0000] {dagbag.py:537} INFO - Filling up the DagBag from /home/airflow/.local/lib/python3.7/site-packages/airflow/example_dags/example_xcom.py
[2022-11-08T14:33:11.983+0000] {processor.py:766} INFO - DAG(s) dict_keys(['example_xcom']) retrieved from /home/airflow/.local/lib/python3.7/site-packages/airflow/example_dags/example_xcom.py
[2022-11-08T14:33:12.031+0000] {logging_mixin.py:120} INFO - [2022-11-08T14:33:12.031+0000] {dag.py:2585} INFO - Sync 1 DAGs
[2022-11-08T14:33:12.057+0000] {logging_mixin.py:120} INFO - [2022-11-08T14:33:12.056+0000] {dag.py:3340} INFO - Setting next_dagrun for example_xcom to 2021-01-01T00:00:00+00:00, run_after=2021-01-01T00:00:00+00:00
[2022-11-08T14:33:12.075+0000] {processor.py:176} INFO - Processing /home/airflow/.local/lib/python3.7/site-packages/airflow/example_dags/example_xcom.py took 0.118 seconds
[2022-11-08T14:33:42.608+0000] {processor.py:154} INFO - Started process (PID=715) to work on /home/airflow/.local/lib/python3.7/site-packages/airflow/example_dags/example_xcom.py
[2022-11-08T14:33:42.609+0000] {processor.py:756} INFO - Processing file /home/airflow/.local/lib/python3.7/site-packages/airflow/example_dags/example_xcom.py for tasks to queue
[2022-11-08T14:33:42.609+0000] {logging_mixin.py:120} INFO - [2022-11-08T14:33:42.609+0000] {dagbag.py:537} INFO - Filling up the DagBag from /home/airflow/.local/lib/python3.7/site-packages/airflow/example_dags/example_xcom.py
[2022-11-08T14:33:42.629+0000] {processor.py:766} INFO - DAG(s) dict_keys(['example_xcom']) retrieved from /home/airflow/.local/lib/python3.7/site-packages/airflow/example_dags/example_xcom.py
[2022-11-08T14:33:42.652+0000] {logging_mixin.py:120} INFO - [2022-11-08T14:33:42.652+0000] {dag.py:2585} INFO - Sync 1 DAGs
[2022-11-08T14:33:42.674+0000] {logging_mixin.py:120} INFO - [2022-11-08T14:33:42.674+0000] {dag.py:3340} INFO - Setting next_dagrun for example_xcom to 2021-01-01T00:00:00+00:00, run_after=2021-01-01T00:00:00+00:00
[2022-11-08T14:33:42.692+0000] {processor.py:176} INFO - Processing /home/airflow/.local/lib/python3.7/site-packages/airflow/example_dags/example_xcom.py took 0.087 seconds
[2022-11-08T14:34:13.630+0000] {processor.py:154} INFO - Started process (PID=923) to work on /home/airflow/.local/lib/python3.7/site-packages/airflow/example_dags/example_xcom.py
[2022-11-08T14:34:13.631+0000] {processor.py:756} INFO - Processing file /home/airflow/.local/lib/python3.7/site-packages/airflow/example_dags/example_xcom.py for tasks to queue
[2022-11-08T14:34:13.632+0000] {logging_mixin.py:120} INFO - [2022-11-08T14:34:13.632+0000] {dagbag.py:537} INFO - Filling up the DagBag from /home/airflow/.local/lib/python3.7/site-packages/airflow/example_dags/example_xcom.py
[2022-11-08T14:34:13.655+0000] {processor.py:766} INFO - DAG(s) dict_keys(['example_xcom']) retrieved from /home/airflow/.local/lib/python3.7/site-packages/airflow/example_dags/example_xcom.py
[2022-11-08T14:34:13.693+0000] {logging_mixin.py:120} INFO - [2022-11-08T14:34:13.693+0000] {dag.py:2585} INFO - Sync 1 DAGs
[2022-11-08T14:34:13.715+0000] {logging_mixin.py:120} INFO - [2022-11-08T14:34:13.715+0000] {dag.py:3340} INFO - Setting next_dagrun for example_xcom to 2021-01-01T00:00:00+00:00, run_after=2021-01-01T00:00:00+00:00
[2022-11-08T14:34:13.742+0000] {processor.py:176} INFO - Processing /home/airflow/.local/lib/python3.7/site-packages/airflow/example_dags/example_xcom.py took 0.115 seconds
[2022-11-08T14:34:44.645+0000] {processor.py:154} INFO - Started process (PID=1130) to work on /home/airflow/.local/lib/python3.7/site-packages/airflow/example_dags/example_xcom.py
[2022-11-08T14:34:44.646+0000] {processor.py:756} INFO - Processing file /home/airflow/.local/lib/python3.7/site-packages/airflow/example_dags/example_xcom.py for tasks to queue
[2022-11-08T14:34:44.647+0000] {logging_mixin.py:120} INFO - [2022-11-08T14:34:44.647+0000] {dagbag.py:537} INFO - Filling up the DagBag from /home/airflow/.local/lib/python3.7/site-packages/airflow/example_dags/example_xcom.py
[2022-11-08T14:34:44.669+0000] {processor.py:766} INFO - DAG(s) dict_keys(['example_xcom']) retrieved from /home/airflow/.local/lib/python3.7/site-packages/airflow/example_dags/example_xcom.py
[2022-11-08T14:34:44.720+0000] {logging_mixin.py:120} INFO - [2022-11-08T14:34:44.720+0000] {dag.py:2585} INFO - Sync 1 DAGs
[2022-11-08T14:34:44.755+0000] {logging_mixin.py:120} INFO - [2022-11-08T14:34:44.755+0000] {dag.py:3340} INFO - Setting next_dagrun for example_xcom to 2021-01-01T00:00:00+00:00, run_after=2021-01-01T00:00:00+00:00
[2022-11-08T14:34:44.782+0000] {processor.py:176} INFO - Processing /home/airflow/.local/lib/python3.7/site-packages/airflow/example_dags/example_xcom.py took 0.140 seconds
[2022-11-08T14:35:15.596+0000] {processor.py:154} INFO - Started process (PID=1328) to work on /home/airflow/.local/lib/python3.7/site-packages/airflow/example_dags/example_xcom.py
[2022-11-08T14:35:15.598+0000] {processor.py:756} INFO - Processing file /home/airflow/.local/lib/python3.7/site-packages/airflow/example_dags/example_xcom.py for tasks to queue
[2022-11-08T14:35:15.599+0000] {logging_mixin.py:120} INFO - [2022-11-08T14:35:15.599+0000] {dagbag.py:537} INFO - Filling up the DagBag from /home/airflow/.local/lib/python3.7/site-packages/airflow/example_dags/example_xcom.py
[2022-11-08T14:35:15.626+0000] {processor.py:766} INFO - DAG(s) dict_keys(['example_xcom']) retrieved from /home/airflow/.local/lib/python3.7/site-packages/airflow/example_dags/example_xcom.py
[2022-11-08T14:35:15.670+0000] {logging_mixin.py:120} INFO - [2022-11-08T14:35:15.670+0000] {dag.py:2585} INFO - Sync 1 DAGs
[2022-11-08T14:35:15.691+0000] {logging_mixin.py:120} INFO - [2022-11-08T14:35:15.691+0000] {dag.py:3340} INFO - Setting next_dagrun for example_xcom to 2021-01-01T00:00:00+00:00, run_after=2021-01-01T00:00:00+00:00
[2022-11-08T14:35:15.708+0000] {processor.py:176} INFO - Processing /home/airflow/.local/lib/python3.7/site-packages/airflow/example_dags/example_xcom.py took 0.116 seconds
[2022-11-08T14:35:46.096+0000] {processor.py:154} INFO - Started process (PID=1535) to work on /home/airflow/.local/lib/python3.7/site-packages/airflow/example_dags/example_xcom.py
[2022-11-08T14:35:46.097+0000] {processor.py:756} INFO - Processing file /home/airflow/.local/lib/python3.7/site-packages/airflow/example_dags/example_xcom.py for tasks to queue
[2022-11-08T14:35:46.098+0000] {logging_mixin.py:120} INFO - [2022-11-08T14:35:46.098+0000] {dagbag.py:537} INFO - Filling up the DagBag from /home/airflow/.local/lib/python3.7/site-packages/airflow/example_dags/example_xcom.py
[2022-11-08T14:35:46.117+0000] {processor.py:766} INFO - DAG(s) dict_keys(['example_xcom']) retrieved from /home/airflow/.local/lib/python3.7/site-packages/airflow/example_dags/example_xcom.py
[2022-11-08T14:35:46.151+0000] {logging_mixin.py:120} INFO - [2022-11-08T14:35:46.151+0000] {dag.py:2585} INFO - Sync 1 DAGs
[2022-11-08T14:35:46.172+0000] {logging_mixin.py:120} INFO - [2022-11-08T14:35:46.172+0000] {dag.py:3340} INFO - Setting next_dagrun for example_xcom to 2021-01-01T00:00:00+00:00, run_after=2021-01-01T00:00:00+00:00
[2022-11-08T14:35:46.190+0000] {processor.py:176} INFO - Processing /home/airflow/.local/lib/python3.7/site-packages/airflow/example_dags/example_xcom.py took 0.097 seconds
[2022-11-08T14:36:16.925+0000] {processor.py:154} INFO - Started process (PID=1742) to work on /home/airflow/.local/lib/python3.7/site-packages/airflow/example_dags/example_xcom.py
[2022-11-08T14:36:16.926+0000] {processor.py:756} INFO - Processing file /home/airflow/.local/lib/python3.7/site-packages/airflow/example_dags/example_xcom.py for tasks to queue
[2022-11-08T14:36:16.926+0000] {logging_mixin.py:120} INFO - [2022-11-08T14:36:16.926+0000] {dagbag.py:537} INFO - Filling up the DagBag from /home/airflow/.local/lib/python3.7/site-packages/airflow/example_dags/example_xcom.py
[2022-11-08T14:36:16.948+0000] {processor.py:766} INFO - DAG(s) dict_keys(['example_xcom']) retrieved from /home/airflow/.local/lib/python3.7/site-packages/airflow/example_dags/example_xcom.py
[2022-11-08T14:36:16.982+0000] {logging_mixin.py:120} INFO - [2022-11-08T14:36:16.982+0000] {dag.py:2585} INFO - Sync 1 DAGs
[2022-11-08T14:36:17.001+0000] {logging_mixin.py:120} INFO - [2022-11-08T14:36:17.001+0000] {dag.py:3340} INFO - Setting next_dagrun for example_xcom to 2021-01-01T00:00:00+00:00, run_after=2021-01-01T00:00:00+00:00
[2022-11-08T14:36:17.017+0000] {processor.py:176} INFO - Processing /home/airflow/.local/lib/python3.7/site-packages/airflow/example_dags/example_xcom.py took 0.096 seconds
[2022-11-08T14:36:47.674+0000] {processor.py:154} INFO - Started process (PID=1949) to work on /home/airflow/.local/lib/python3.7/site-packages/airflow/example_dags/example_xcom.py
[2022-11-08T14:36:47.676+0000] {processor.py:756} INFO - Processing file /home/airflow/.local/lib/python3.7/site-packages/airflow/example_dags/example_xcom.py for tasks to queue
[2022-11-08T14:36:47.676+0000] {logging_mixin.py:120} INFO - [2022-11-08T14:36:47.676+0000] {dagbag.py:537} INFO - Filling up the DagBag from /home/airflow/.local/lib/python3.7/site-packages/airflow/example_dags/example_xcom.py
[2022-11-08T14:36:47.715+0000] {processor.py:766} INFO - DAG(s) dict_keys(['example_xcom']) retrieved from /home/airflow/.local/lib/python3.7/site-packages/airflow/example_dags/example_xcom.py
[2022-11-08T14:36:47.767+0000] {logging_mixin.py:120} INFO - [2022-11-08T14:36:47.767+0000] {dag.py:2585} INFO - Sync 1 DAGs
[2022-11-08T14:36:47.798+0000] {logging_mixin.py:120} INFO - [2022-11-08T14:36:47.797+0000] {dag.py:3340} INFO - Setting next_dagrun for example_xcom to 2021-01-01T00:00:00+00:00, run_after=2021-01-01T00:00:00+00:00
[2022-11-08T14:36:47.822+0000] {processor.py:176} INFO - Processing /home/airflow/.local/lib/python3.7/site-packages/airflow/example_dags/example_xcom.py took 0.152 seconds
[2022-11-08T14:37:18.484+0000] {processor.py:154} INFO - Started process (PID=2147) to work on /home/airflow/.local/lib/python3.7/site-packages/airflow/example_dags/example_xcom.py
[2022-11-08T14:37:18.486+0000] {processor.py:756} INFO - Processing file /home/airflow/.local/lib/python3.7/site-packages/airflow/example_dags/example_xcom.py for tasks to queue
[2022-11-08T14:37:18.486+0000] {logging_mixin.py:120} INFO - [2022-11-08T14:37:18.486+0000] {dagbag.py:537} INFO - Filling up the DagBag from /home/airflow/.local/lib/python3.7/site-packages/airflow/example_dags/example_xcom.py
[2022-11-08T14:37:18.514+0000] {processor.py:766} INFO - DAG(s) dict_keys(['example_xcom']) retrieved from /home/airflow/.local/lib/python3.7/site-packages/airflow/example_dags/example_xcom.py
[2022-11-08T14:37:18.553+0000] {logging_mixin.py:120} INFO - [2022-11-08T14:37:18.553+0000] {dag.py:2585} INFO - Sync 1 DAGs
[2022-11-08T14:37:18.574+0000] {logging_mixin.py:120} INFO - [2022-11-08T14:37:18.574+0000] {dag.py:3340} INFO - Setting next_dagrun for example_xcom to 2021-01-01T00:00:00+00:00, run_after=2021-01-01T00:00:00+00:00
[2022-11-08T14:37:18.592+0000] {processor.py:176} INFO - Processing /home/airflow/.local/lib/python3.7/site-packages/airflow/example_dags/example_xcom.py took 0.112 seconds
[2022-11-08T14:37:49.016+0000] {processor.py:154} INFO - Started process (PID=2354) to work on /home/airflow/.local/lib/python3.7/site-packages/airflow/example_dags/example_xcom.py
[2022-11-08T14:37:49.017+0000] {processor.py:756} INFO - Processing file /home/airflow/.local/lib/python3.7/site-packages/airflow/example_dags/example_xcom.py for tasks to queue
[2022-11-08T14:37:49.017+0000] {logging_mixin.py:120} INFO - [2022-11-08T14:37:49.017+0000] {dagbag.py:537} INFO - Filling up the DagBag from /home/airflow/.local/lib/python3.7/site-packages/airflow/example_dags/example_xcom.py
[2022-11-08T14:37:49.037+0000] {processor.py:766} INFO - DAG(s) dict_keys(['example_xcom']) retrieved from /home/airflow/.local/lib/python3.7/site-packages/airflow/example_dags/example_xcom.py
[2022-11-08T14:37:49.060+0000] {logging_mixin.py:120} INFO - [2022-11-08T14:37:49.060+0000] {dag.py:2585} INFO - Sync 1 DAGs
[2022-11-08T14:37:49.084+0000] {logging_mixin.py:120} INFO - [2022-11-08T14:37:49.083+0000] {dag.py:3340} INFO - Setting next_dagrun for example_xcom to 2021-01-01T00:00:00+00:00, run_after=2021-01-01T00:00:00+00:00
[2022-11-08T14:37:49.104+0000] {processor.py:176} INFO - Processing /home/airflow/.local/lib/python3.7/site-packages/airflow/example_dags/example_xcom.py took 0.091 seconds
[2022-11-08T14:38:19.773+0000] {processor.py:154} INFO - Started process (PID=2560) to work on /home/airflow/.local/lib/python3.7/site-packages/airflow/example_dags/example_xcom.py
[2022-11-08T14:38:19.774+0000] {processor.py:756} INFO - Processing file /home/airflow/.local/lib/python3.7/site-packages/airflow/example_dags/example_xcom.py for tasks to queue
[2022-11-08T14:38:19.775+0000] {logging_mixin.py:120} INFO - [2022-11-08T14:38:19.774+0000] {dagbag.py:537} INFO - Filling up the DagBag from /home/airflow/.local/lib/python3.7/site-packages/airflow/example_dags/example_xcom.py
[2022-11-08T14:38:19.800+0000] {processor.py:766} INFO - DAG(s) dict_keys(['example_xcom']) retrieved from /home/airflow/.local/lib/python3.7/site-packages/airflow/example_dags/example_xcom.py
[2022-11-08T14:38:19.824+0000] {logging_mixin.py:120} INFO - [2022-11-08T14:38:19.824+0000] {dag.py:2585} INFO - Sync 1 DAGs
[2022-11-08T14:38:19.847+0000] {logging_mixin.py:120} INFO - [2022-11-08T14:38:19.846+0000] {dag.py:3340} INFO - Setting next_dagrun for example_xcom to 2021-01-01T00:00:00+00:00, run_after=2021-01-01T00:00:00+00:00
[2022-11-08T14:38:19.864+0000] {processor.py:176} INFO - Processing /home/airflow/.local/lib/python3.7/site-packages/airflow/example_dags/example_xcom.py took 0.094 seconds
[2022-11-08T14:38:50.238+0000] {processor.py:154} INFO - Started process (PID=2767) to work on /home/airflow/.local/lib/python3.7/site-packages/airflow/example_dags/example_xcom.py
[2022-11-08T14:38:50.238+0000] {processor.py:756} INFO - Processing file /home/airflow/.local/lib/python3.7/site-packages/airflow/example_dags/example_xcom.py for tasks to queue
[2022-11-08T14:38:50.239+0000] {logging_mixin.py:120} INFO - [2022-11-08T14:38:50.239+0000] {dagbag.py:537} INFO - Filling up the DagBag from /home/airflow/.local/lib/python3.7/site-packages/airflow/example_dags/example_xcom.py
[2022-11-08T14:38:50.260+0000] {processor.py:766} INFO - DAG(s) dict_keys(['example_xcom']) retrieved from /home/airflow/.local/lib/python3.7/site-packages/airflow/example_dags/example_xcom.py
[2022-11-08T14:38:50.303+0000] {logging_mixin.py:120} INFO - [2022-11-08T14:38:50.302+0000] {dag.py:2585} INFO - Sync 1 DAGs
[2022-11-08T14:38:50.330+0000] {logging_mixin.py:120} INFO - [2022-11-08T14:38:50.330+0000] {dag.py:3340} INFO - Setting next_dagrun for example_xcom to 2021-01-01T00:00:00+00:00, run_after=2021-01-01T00:00:00+00:00
[2022-11-08T14:38:50.345+0000] {processor.py:176} INFO - Processing /home/airflow/.local/lib/python3.7/site-packages/airflow/example_dags/example_xcom.py took 0.111 seconds
[2022-11-08T14:39:21.073+0000] {processor.py:154} INFO - Started process (PID=2974) to work on /home/airflow/.local/lib/python3.7/site-packages/airflow/example_dags/example_xcom.py
[2022-11-08T14:39:21.074+0000] {processor.py:756} INFO - Processing file /home/airflow/.local/lib/python3.7/site-packages/airflow/example_dags/example_xcom.py for tasks to queue
[2022-11-08T14:39:21.076+0000] {logging_mixin.py:120} INFO - [2022-11-08T14:39:21.075+0000] {dagbag.py:537} INFO - Filling up the DagBag from /home/airflow/.local/lib/python3.7/site-packages/airflow/example_dags/example_xcom.py
[2022-11-08T14:39:21.104+0000] {processor.py:766} INFO - DAG(s) dict_keys(['example_xcom']) retrieved from /home/airflow/.local/lib/python3.7/site-packages/airflow/example_dags/example_xcom.py
[2022-11-08T14:39:21.157+0000] {logging_mixin.py:120} INFO - [2022-11-08T14:39:21.156+0000] {dag.py:2585} INFO - Sync 1 DAGs
[2022-11-08T14:39:21.187+0000] {logging_mixin.py:120} INFO - [2022-11-08T14:39:21.187+0000] {dag.py:3340} INFO - Setting next_dagrun for example_xcom to 2021-01-01T00:00:00+00:00, run_after=2021-01-01T00:00:00+00:00
[2022-11-08T14:39:21.216+0000] {processor.py:176} INFO - Processing /home/airflow/.local/lib/python3.7/site-packages/airflow/example_dags/example_xcom.py took 0.147 seconds
[2022-11-08T14:39:52.043+0000] {processor.py:154} INFO - Started process (PID=3172) to work on /home/airflow/.local/lib/python3.7/site-packages/airflow/example_dags/example_xcom.py
[2022-11-08T14:39:52.044+0000] {processor.py:756} INFO - Processing file /home/airflow/.local/lib/python3.7/site-packages/airflow/example_dags/example_xcom.py for tasks to queue
[2022-11-08T14:39:52.046+0000] {logging_mixin.py:120} INFO - [2022-11-08T14:39:52.046+0000] {dagbag.py:537} INFO - Filling up the DagBag from /home/airflow/.local/lib/python3.7/site-packages/airflow/example_dags/example_xcom.py
[2022-11-08T14:39:52.073+0000] {processor.py:766} INFO - DAG(s) dict_keys(['example_xcom']) retrieved from /home/airflow/.local/lib/python3.7/site-packages/airflow/example_dags/example_xcom.py
[2022-11-08T14:39:52.118+0000] {logging_mixin.py:120} INFO - [2022-11-08T14:39:52.117+0000] {dag.py:2585} INFO - Sync 1 DAGs
[2022-11-08T14:39:52.142+0000] {logging_mixin.py:120} INFO - [2022-11-08T14:39:52.142+0000] {dag.py:3340} INFO - Setting next_dagrun for example_xcom to 2021-01-01T00:00:00+00:00, run_after=2021-01-01T00:00:00+00:00
[2022-11-08T14:39:52.162+0000] {processor.py:176} INFO - Processing /home/airflow/.local/lib/python3.7/site-packages/airflow/example_dags/example_xcom.py took 0.123 seconds
[2022-11-08T14:40:23.291+0000] {processor.py:154} INFO - Started process (PID=3379) to work on /home/airflow/.local/lib/python3.7/site-packages/airflow/example_dags/example_xcom.py
[2022-11-08T14:40:23.292+0000] {processor.py:756} INFO - Processing file /home/airflow/.local/lib/python3.7/site-packages/airflow/example_dags/example_xcom.py for tasks to queue
[2022-11-08T14:40:23.293+0000] {logging_mixin.py:120} INFO - [2022-11-08T14:40:23.293+0000] {dagbag.py:537} INFO - Filling up the DagBag from /home/airflow/.local/lib/python3.7/site-packages/airflow/example_dags/example_xcom.py
[2022-11-08T14:40:23.317+0000] {processor.py:766} INFO - DAG(s) dict_keys(['example_xcom']) retrieved from /home/airflow/.local/lib/python3.7/site-packages/airflow/example_dags/example_xcom.py
[2022-11-08T14:40:23.363+0000] {logging_mixin.py:120} INFO - [2022-11-08T14:40:23.363+0000] {dag.py:2585} INFO - Sync 1 DAGs
[2022-11-08T14:40:23.387+0000] {logging_mixin.py:120} INFO - [2022-11-08T14:40:23.387+0000] {dag.py:3340} INFO - Setting next_dagrun for example_xcom to 2021-01-01T00:00:00+00:00, run_after=2021-01-01T00:00:00+00:00
[2022-11-08T14:40:23.408+0000] {processor.py:176} INFO - Processing /home/airflow/.local/lib/python3.7/site-packages/airflow/example_dags/example_xcom.py took 0.121 seconds
[2022-11-08T14:40:53.684+0000] {processor.py:154} INFO - Started process (PID=3586) to work on /home/airflow/.local/lib/python3.7/site-packages/airflow/example_dags/example_xcom.py
[2022-11-08T14:40:53.686+0000] {processor.py:756} INFO - Processing file /home/airflow/.local/lib/python3.7/site-packages/airflow/example_dags/example_xcom.py for tasks to queue
[2022-11-08T14:40:53.687+0000] {logging_mixin.py:120} INFO - [2022-11-08T14:40:53.687+0000] {dagbag.py:537} INFO - Filling up the DagBag from /home/airflow/.local/lib/python3.7/site-packages/airflow/example_dags/example_xcom.py
[2022-11-08T14:40:53.715+0000] {processor.py:766} INFO - DAG(s) dict_keys(['example_xcom']) retrieved from /home/airflow/.local/lib/python3.7/site-packages/airflow/example_dags/example_xcom.py
[2022-11-08T14:40:53.765+0000] {logging_mixin.py:120} INFO - [2022-11-08T14:40:53.765+0000] {dag.py:2585} INFO - Sync 1 DAGs
[2022-11-08T14:40:53.791+0000] {logging_mixin.py:120} INFO - [2022-11-08T14:40:53.791+0000] {dag.py:3340} INFO - Setting next_dagrun for example_xcom to 2021-01-01T00:00:00+00:00, run_after=2021-01-01T00:00:00+00:00
[2022-11-08T14:40:53.813+0000] {processor.py:176} INFO - Processing /home/airflow/.local/lib/python3.7/site-packages/airflow/example_dags/example_xcom.py took 0.134 seconds
[2022-11-08T14:41:23.895+0000] {processor.py:154} INFO - Started process (PID=3793) to work on /home/airflow/.local/lib/python3.7/site-packages/airflow/example_dags/example_xcom.py
[2022-11-08T14:41:23.896+0000] {processor.py:756} INFO - Processing file /home/airflow/.local/lib/python3.7/site-packages/airflow/example_dags/example_xcom.py for tasks to queue
[2022-11-08T14:41:23.897+0000] {logging_mixin.py:120} INFO - [2022-11-08T14:41:23.897+0000] {dagbag.py:537} INFO - Filling up the DagBag from /home/airflow/.local/lib/python3.7/site-packages/airflow/example_dags/example_xcom.py
[2022-11-08T14:41:23.926+0000] {processor.py:766} INFO - DAG(s) dict_keys(['example_xcom']) retrieved from /home/airflow/.local/lib/python3.7/site-packages/airflow/example_dags/example_xcom.py
[2022-11-08T14:41:23.975+0000] {logging_mixin.py:120} INFO - [2022-11-08T14:41:23.975+0000] {dag.py:2585} INFO - Sync 1 DAGs
[2022-11-08T14:41:24.001+0000] {logging_mixin.py:120} INFO - [2022-11-08T14:41:24.001+0000] {dag.py:3340} INFO - Setting next_dagrun for example_xcom to 2021-01-01T00:00:00+00:00, run_after=2021-01-01T00:00:00+00:00
[2022-11-08T14:41:24.020+0000] {processor.py:176} INFO - Processing /home/airflow/.local/lib/python3.7/site-packages/airflow/example_dags/example_xcom.py took 0.129 seconds
[2022-11-08T14:41:54.138+0000] {processor.py:154} INFO - Started process (PID=3991) to work on /home/airflow/.local/lib/python3.7/site-packages/airflow/example_dags/example_xcom.py
[2022-11-08T14:41:54.139+0000] {processor.py:756} INFO - Processing file /home/airflow/.local/lib/python3.7/site-packages/airflow/example_dags/example_xcom.py for tasks to queue
[2022-11-08T14:41:54.140+0000] {logging_mixin.py:120} INFO - [2022-11-08T14:41:54.140+0000] {dagbag.py:537} INFO - Filling up the DagBag from /home/airflow/.local/lib/python3.7/site-packages/airflow/example_dags/example_xcom.py
[2022-11-08T14:41:54.173+0000] {processor.py:766} INFO - DAG(s) dict_keys(['example_xcom']) retrieved from /home/airflow/.local/lib/python3.7/site-packages/airflow/example_dags/example_xcom.py
[2022-11-08T14:41:54.228+0000] {logging_mixin.py:120} INFO - [2022-11-08T14:41:54.227+0000] {dag.py:2585} INFO - Sync 1 DAGs
[2022-11-08T14:41:54.256+0000] {logging_mixin.py:120} INFO - [2022-11-08T14:41:54.256+0000] {dag.py:3340} INFO - Setting next_dagrun for example_xcom to 2021-01-01T00:00:00+00:00, run_after=2021-01-01T00:00:00+00:00
[2022-11-08T14:41:54.281+0000] {processor.py:176} INFO - Processing /home/airflow/.local/lib/python3.7/site-packages/airflow/example_dags/example_xcom.py took 0.146 seconds
[2022-11-08T14:42:24.401+0000] {processor.py:154} INFO - Started process (PID=4200) to work on /home/airflow/.local/lib/python3.7/site-packages/airflow/example_dags/example_xcom.py
[2022-11-08T14:42:24.401+0000] {processor.py:756} INFO - Processing file /home/airflow/.local/lib/python3.7/site-packages/airflow/example_dags/example_xcom.py for tasks to queue
[2022-11-08T14:42:24.402+0000] {logging_mixin.py:120} INFO - [2022-11-08T14:42:24.402+0000] {dagbag.py:537} INFO - Filling up the DagBag from /home/airflow/.local/lib/python3.7/site-packages/airflow/example_dags/example_xcom.py
[2022-11-08T14:42:24.421+0000] {processor.py:766} INFO - DAG(s) dict_keys(['example_xcom']) retrieved from /home/airflow/.local/lib/python3.7/site-packages/airflow/example_dags/example_xcom.py
[2022-11-08T14:42:24.445+0000] {logging_mixin.py:120} INFO - [2022-11-08T14:42:24.445+0000] {dag.py:2585} INFO - Sync 1 DAGs
[2022-11-08T14:42:24.468+0000] {logging_mixin.py:120} INFO - [2022-11-08T14:42:24.468+0000] {dag.py:3340} INFO - Setting next_dagrun for example_xcom to 2021-01-01T00:00:00+00:00, run_after=2021-01-01T00:00:00+00:00
[2022-11-08T14:42:24.488+0000] {processor.py:176} INFO - Processing /home/airflow/.local/lib/python3.7/site-packages/airflow/example_dags/example_xcom.py took 0.090 seconds
[2022-11-08T14:42:54.844+0000] {processor.py:154} INFO - Started process (PID=4405) to work on /home/airflow/.local/lib/python3.7/site-packages/airflow/example_dags/example_xcom.py
[2022-11-08T14:42:54.845+0000] {processor.py:756} INFO - Processing file /home/airflow/.local/lib/python3.7/site-packages/airflow/example_dags/example_xcom.py for tasks to queue
[2022-11-08T14:42:54.845+0000] {logging_mixin.py:120} INFO - [2022-11-08T14:42:54.845+0000] {dagbag.py:537} INFO - Filling up the DagBag from /home/airflow/.local/lib/python3.7/site-packages/airflow/example_dags/example_xcom.py
[2022-11-08T14:42:54.864+0000] {processor.py:766} INFO - DAG(s) dict_keys(['example_xcom']) retrieved from /home/airflow/.local/lib/python3.7/site-packages/airflow/example_dags/example_xcom.py
[2022-11-08T14:42:54.900+0000] {logging_mixin.py:120} INFO - [2022-11-08T14:42:54.899+0000] {dag.py:2585} INFO - Sync 1 DAGs
[2022-11-08T14:42:54.921+0000] {logging_mixin.py:120} INFO - [2022-11-08T14:42:54.920+0000] {dag.py:3340} INFO - Setting next_dagrun for example_xcom to 2021-01-01T00:00:00+00:00, run_after=2021-01-01T00:00:00+00:00
[2022-11-08T14:42:54.937+0000] {processor.py:176} INFO - Processing /home/airflow/.local/lib/python3.7/site-packages/airflow/example_dags/example_xcom.py took 0.097 seconds
[2022-11-08T14:43:25.333+0000] {processor.py:154} INFO - Started process (PID=4612) to work on /home/airflow/.local/lib/python3.7/site-packages/airflow/example_dags/example_xcom.py
[2022-11-08T14:43:25.334+0000] {processor.py:756} INFO - Processing file /home/airflow/.local/lib/python3.7/site-packages/airflow/example_dags/example_xcom.py for tasks to queue
[2022-11-08T14:43:25.334+0000] {logging_mixin.py:120} INFO - [2022-11-08T14:43:25.334+0000] {dagbag.py:537} INFO - Filling up the DagBag from /home/airflow/.local/lib/python3.7/site-packages/airflow/example_dags/example_xcom.py
[2022-11-08T14:43:25.351+0000] {processor.py:766} INFO - DAG(s) dict_keys(['example_xcom']) retrieved from /home/airflow/.local/lib/python3.7/site-packages/airflow/example_dags/example_xcom.py
[2022-11-08T14:43:25.385+0000] {logging_mixin.py:120} INFO - [2022-11-08T14:43:25.385+0000] {dag.py:2585} INFO - Sync 1 DAGs
[2022-11-08T14:43:25.404+0000] {logging_mixin.py:120} INFO - [2022-11-08T14:43:25.403+0000] {dag.py:3340} INFO - Setting next_dagrun for example_xcom to 2021-01-01T00:00:00+00:00, run_after=2021-01-01T00:00:00+00:00
[2022-11-08T14:43:25.419+0000] {processor.py:176} INFO - Processing /home/airflow/.local/lib/python3.7/site-packages/airflow/example_dags/example_xcom.py took 0.090 seconds
[2022-11-08T14:43:55.951+0000] {processor.py:154} INFO - Started process (PID=4819) to work on /home/airflow/.local/lib/python3.7/site-packages/airflow/example_dags/example_xcom.py
[2022-11-08T14:43:55.952+0000] {processor.py:756} INFO - Processing file /home/airflow/.local/lib/python3.7/site-packages/airflow/example_dags/example_xcom.py for tasks to queue
[2022-11-08T14:43:55.953+0000] {logging_mixin.py:120} INFO - [2022-11-08T14:43:55.952+0000] {dagbag.py:537} INFO - Filling up the DagBag from /home/airflow/.local/lib/python3.7/site-packages/airflow/example_dags/example_xcom.py
[2022-11-08T14:43:55.972+0000] {processor.py:766} INFO - DAG(s) dict_keys(['example_xcom']) retrieved from /home/airflow/.local/lib/python3.7/site-packages/airflow/example_dags/example_xcom.py
[2022-11-08T14:43:56.009+0000] {logging_mixin.py:120} INFO - [2022-11-08T14:43:56.008+0000] {dag.py:2585} INFO - Sync 1 DAGs
[2022-11-08T14:43:56.028+0000] {logging_mixin.py:120} INFO - [2022-11-08T14:43:56.028+0000] {dag.py:3340} INFO - Setting next_dagrun for example_xcom to 2021-01-01T00:00:00+00:00, run_after=2021-01-01T00:00:00+00:00
[2022-11-08T14:43:56.046+0000] {processor.py:176} INFO - Processing /home/airflow/.local/lib/python3.7/site-packages/airflow/example_dags/example_xcom.py took 0.098 seconds
[2022-11-08T14:44:26.756+0000] {processor.py:154} INFO - Started process (PID=5017) to work on /home/airflow/.local/lib/python3.7/site-packages/airflow/example_dags/example_xcom.py
[2022-11-08T14:44:26.757+0000] {processor.py:756} INFO - Processing file /home/airflow/.local/lib/python3.7/site-packages/airflow/example_dags/example_xcom.py for tasks to queue
[2022-11-08T14:44:26.758+0000] {logging_mixin.py:120} INFO - [2022-11-08T14:44:26.757+0000] {dagbag.py:537} INFO - Filling up the DagBag from /home/airflow/.local/lib/python3.7/site-packages/airflow/example_dags/example_xcom.py
[2022-11-08T14:44:26.779+0000] {processor.py:766} INFO - DAG(s) dict_keys(['example_xcom']) retrieved from /home/airflow/.local/lib/python3.7/site-packages/airflow/example_dags/example_xcom.py
[2022-11-08T14:44:26.816+0000] {logging_mixin.py:120} INFO - [2022-11-08T14:44:26.816+0000] {dag.py:2585} INFO - Sync 1 DAGs
[2022-11-08T14:44:26.837+0000] {logging_mixin.py:120} INFO - [2022-11-08T14:44:26.837+0000] {dag.py:3340} INFO - Setting next_dagrun for example_xcom to 2021-01-01T00:00:00+00:00, run_after=2021-01-01T00:00:00+00:00
[2022-11-08T14:44:26.856+0000] {processor.py:176} INFO - Processing /home/airflow/.local/lib/python3.7/site-packages/airflow/example_dags/example_xcom.py took 0.104 seconds
[2022-11-08T14:44:57.318+0000] {processor.py:154} INFO - Started process (PID=5225) to work on /home/airflow/.local/lib/python3.7/site-packages/airflow/example_dags/example_xcom.py
[2022-11-08T14:44:57.318+0000] {processor.py:756} INFO - Processing file /home/airflow/.local/lib/python3.7/site-packages/airflow/example_dags/example_xcom.py for tasks to queue
[2022-11-08T14:44:57.319+0000] {logging_mixin.py:120} INFO - [2022-11-08T14:44:57.319+0000] {dagbag.py:537} INFO - Filling up the DagBag from /home/airflow/.local/lib/python3.7/site-packages/airflow/example_dags/example_xcom.py
[2022-11-08T14:44:57.338+0000] {processor.py:766} INFO - DAG(s) dict_keys(['example_xcom']) retrieved from /home/airflow/.local/lib/python3.7/site-packages/airflow/example_dags/example_xcom.py
[2022-11-08T14:44:57.369+0000] {logging_mixin.py:120} INFO - [2022-11-08T14:44:57.369+0000] {dag.py:2585} INFO - Sync 1 DAGs
[2022-11-08T14:44:57.389+0000] {logging_mixin.py:120} INFO - [2022-11-08T14:44:57.389+0000] {dag.py:3340} INFO - Setting next_dagrun for example_xcom to 2021-01-01T00:00:00+00:00, run_after=2021-01-01T00:00:00+00:00
[2022-11-08T14:44:57.406+0000] {processor.py:176} INFO - Processing /home/airflow/.local/lib/python3.7/site-packages/airflow/example_dags/example_xcom.py took 0.092 seconds
[2022-11-08T14:45:27.673+0000] {processor.py:154} INFO - Started process (PID=5430) to work on /home/airflow/.local/lib/python3.7/site-packages/airflow/example_dags/example_xcom.py
[2022-11-08T14:45:27.674+0000] {processor.py:756} INFO - Processing file /home/airflow/.local/lib/python3.7/site-packages/airflow/example_dags/example_xcom.py for tasks to queue
[2022-11-08T14:45:27.674+0000] {logging_mixin.py:120} INFO - [2022-11-08T14:45:27.674+0000] {dagbag.py:537} INFO - Filling up the DagBag from /home/airflow/.local/lib/python3.7/site-packages/airflow/example_dags/example_xcom.py
[2022-11-08T14:45:27.693+0000] {processor.py:766} INFO - DAG(s) dict_keys(['example_xcom']) retrieved from /home/airflow/.local/lib/python3.7/site-packages/airflow/example_dags/example_xcom.py
[2022-11-08T14:45:27.727+0000] {logging_mixin.py:120} INFO - [2022-11-08T14:45:27.726+0000] {dag.py:2585} INFO - Sync 1 DAGs
[2022-11-08T14:45:27.745+0000] {logging_mixin.py:120} INFO - [2022-11-08T14:45:27.745+0000] {dag.py:3340} INFO - Setting next_dagrun for example_xcom to 2021-01-01T00:00:00+00:00, run_after=2021-01-01T00:00:00+00:00
[2022-11-08T14:45:27.760+0000] {processor.py:176} INFO - Processing /home/airflow/.local/lib/python3.7/site-packages/airflow/example_dags/example_xcom.py took 0.090 seconds
[2022-11-08T14:45:58.018+0000] {processor.py:154} INFO - Started process (PID=5637) to work on /home/airflow/.local/lib/python3.7/site-packages/airflow/example_dags/example_xcom.py
[2022-11-08T14:45:58.018+0000] {processor.py:756} INFO - Processing file /home/airflow/.local/lib/python3.7/site-packages/airflow/example_dags/example_xcom.py for tasks to queue
[2022-11-08T14:45:58.019+0000] {logging_mixin.py:120} INFO - [2022-11-08T14:45:58.019+0000] {dagbag.py:537} INFO - Filling up the DagBag from /home/airflow/.local/lib/python3.7/site-packages/airflow/example_dags/example_xcom.py
[2022-11-08T14:45:58.037+0000] {processor.py:766} INFO - DAG(s) dict_keys(['example_xcom']) retrieved from /home/airflow/.local/lib/python3.7/site-packages/airflow/example_dags/example_xcom.py
[2022-11-08T14:45:58.072+0000] {logging_mixin.py:120} INFO - [2022-11-08T14:45:58.071+0000] {dag.py:2585} INFO - Sync 1 DAGs
[2022-11-08T14:45:58.090+0000] {logging_mixin.py:120} INFO - [2022-11-08T14:45:58.090+0000] {dag.py:3340} INFO - Setting next_dagrun for example_xcom to 2021-01-01T00:00:00+00:00, run_after=2021-01-01T00:00:00+00:00
[2022-11-08T14:45:58.106+0000] {processor.py:176} INFO - Processing /home/airflow/.local/lib/python3.7/site-packages/airflow/example_dags/example_xcom.py took 0.091 seconds
[2022-11-08T14:46:28.971+0000] {processor.py:154} INFO - Started process (PID=5843) to work on /home/airflow/.local/lib/python3.7/site-packages/airflow/example_dags/example_xcom.py
[2022-11-08T14:46:28.972+0000] {processor.py:756} INFO - Processing file /home/airflow/.local/lib/python3.7/site-packages/airflow/example_dags/example_xcom.py for tasks to queue
[2022-11-08T14:46:28.972+0000] {logging_mixin.py:120} INFO - [2022-11-08T14:46:28.972+0000] {dagbag.py:537} INFO - Filling up the DagBag from /home/airflow/.local/lib/python3.7/site-packages/airflow/example_dags/example_xcom.py
[2022-11-08T14:46:28.994+0000] {processor.py:766} INFO - DAG(s) dict_keys(['example_xcom']) retrieved from /home/airflow/.local/lib/python3.7/site-packages/airflow/example_dags/example_xcom.py
[2022-11-08T14:46:29.038+0000] {logging_mixin.py:120} INFO - [2022-11-08T14:46:29.038+0000] {dag.py:2585} INFO - Sync 1 DAGs
[2022-11-08T14:46:29.059+0000] {logging_mixin.py:120} INFO - [2022-11-08T14:46:29.059+0000] {dag.py:3340} INFO - Setting next_dagrun for example_xcom to 2021-01-01T00:00:00+00:00, run_after=2021-01-01T00:00:00+00:00
[2022-11-08T14:46:29.078+0000] {processor.py:176} INFO - Processing /home/airflow/.local/lib/python3.7/site-packages/airflow/example_dags/example_xcom.py took 0.110 seconds
[2022-11-08T14:46:59.127+0000] {processor.py:154} INFO - Started process (PID=6042) to work on /home/airflow/.local/lib/python3.7/site-packages/airflow/example_dags/example_xcom.py
[2022-11-08T14:46:59.128+0000] {processor.py:756} INFO - Processing file /home/airflow/.local/lib/python3.7/site-packages/airflow/example_dags/example_xcom.py for tasks to queue
[2022-11-08T14:46:59.129+0000] {logging_mixin.py:120} INFO - [2022-11-08T14:46:59.129+0000] {dagbag.py:537} INFO - Filling up the DagBag from /home/airflow/.local/lib/python3.7/site-packages/airflow/example_dags/example_xcom.py
[2022-11-08T14:46:59.147+0000] {processor.py:766} INFO - DAG(s) dict_keys(['example_xcom']) retrieved from /home/airflow/.local/lib/python3.7/site-packages/airflow/example_dags/example_xcom.py
[2022-11-08T14:46:59.168+0000] {logging_mixin.py:120} INFO - [2022-11-08T14:46:59.168+0000] {dag.py:2585} INFO - Sync 1 DAGs
[2022-11-08T14:46:59.187+0000] {logging_mixin.py:120} INFO - [2022-11-08T14:46:59.187+0000] {dag.py:3340} INFO - Setting next_dagrun for example_xcom to 2021-01-01T00:00:00+00:00, run_after=2021-01-01T00:00:00+00:00
[2022-11-08T14:46:59.203+0000] {processor.py:176} INFO - Processing /home/airflow/.local/lib/python3.7/site-packages/airflow/example_dags/example_xcom.py took 0.079 seconds
[2022-11-08T14:47:29.944+0000] {processor.py:154} INFO - Started process (PID=6249) to work on /home/airflow/.local/lib/python3.7/site-packages/airflow/example_dags/example_xcom.py
[2022-11-08T14:47:29.945+0000] {processor.py:756} INFO - Processing file /home/airflow/.local/lib/python3.7/site-packages/airflow/example_dags/example_xcom.py for tasks to queue
[2022-11-08T14:47:29.946+0000] {logging_mixin.py:120} INFO - [2022-11-08T14:47:29.946+0000] {dagbag.py:537} INFO - Filling up the DagBag from /home/airflow/.local/lib/python3.7/site-packages/airflow/example_dags/example_xcom.py
[2022-11-08T14:47:29.981+0000] {processor.py:766} INFO - DAG(s) dict_keys(['example_xcom']) retrieved from /home/airflow/.local/lib/python3.7/site-packages/airflow/example_dags/example_xcom.py
[2022-11-08T14:47:30.050+0000] {logging_mixin.py:120} INFO - [2022-11-08T14:47:30.050+0000] {dag.py:2585} INFO - Sync 1 DAGs
[2022-11-08T14:47:30.079+0000] {logging_mixin.py:120} INFO - [2022-11-08T14:47:30.078+0000] {dag.py:3340} INFO - Setting next_dagrun for example_xcom to 2021-01-01T00:00:00+00:00, run_after=2021-01-01T00:00:00+00:00
[2022-11-08T14:47:30.104+0000] {processor.py:176} INFO - Processing /home/airflow/.local/lib/python3.7/site-packages/airflow/example_dags/example_xcom.py took 0.164 seconds
[2022-11-08T14:48:00.766+0000] {processor.py:154} INFO - Started process (PID=6456) to work on /home/airflow/.local/lib/python3.7/site-packages/airflow/example_dags/example_xcom.py
[2022-11-08T14:48:00.767+0000] {processor.py:756} INFO - Processing file /home/airflow/.local/lib/python3.7/site-packages/airflow/example_dags/example_xcom.py for tasks to queue
[2022-11-08T14:48:00.768+0000] {logging_mixin.py:120} INFO - [2022-11-08T14:48:00.767+0000] {dagbag.py:537} INFO - Filling up the DagBag from /home/airflow/.local/lib/python3.7/site-packages/airflow/example_dags/example_xcom.py
[2022-11-08T14:48:00.788+0000] {processor.py:766} INFO - DAG(s) dict_keys(['example_xcom']) retrieved from /home/airflow/.local/lib/python3.7/site-packages/airflow/example_dags/example_xcom.py
[2022-11-08T14:48:00.824+0000] {logging_mixin.py:120} INFO - [2022-11-08T14:48:00.823+0000] {dag.py:2585} INFO - Sync 1 DAGs
[2022-11-08T14:48:00.844+0000] {logging_mixin.py:120} INFO - [2022-11-08T14:48:00.844+0000] {dag.py:3340} INFO - Setting next_dagrun for example_xcom to 2021-01-01T00:00:00+00:00, run_after=2021-01-01T00:00:00+00:00
[2022-11-08T14:48:00.861+0000] {processor.py:176} INFO - Processing /home/airflow/.local/lib/python3.7/site-packages/airflow/example_dags/example_xcom.py took 0.098 seconds
[2022-11-08T14:48:31.960+0000] {processor.py:154} INFO - Started process (PID=6663) to work on /home/airflow/.local/lib/python3.7/site-packages/airflow/example_dags/example_xcom.py
[2022-11-08T14:48:31.961+0000] {processor.py:756} INFO - Processing file /home/airflow/.local/lib/python3.7/site-packages/airflow/example_dags/example_xcom.py for tasks to queue
[2022-11-08T14:48:31.962+0000] {logging_mixin.py:120} INFO - [2022-11-08T14:48:31.962+0000] {dagbag.py:537} INFO - Filling up the DagBag from /home/airflow/.local/lib/python3.7/site-packages/airflow/example_dags/example_xcom.py
[2022-11-08T14:48:31.990+0000] {processor.py:766} INFO - DAG(s) dict_keys(['example_xcom']) retrieved from /home/airflow/.local/lib/python3.7/site-packages/airflow/example_dags/example_xcom.py
[2022-11-08T14:48:32.040+0000] {logging_mixin.py:120} INFO - [2022-11-08T14:48:32.040+0000] {dag.py:2585} INFO - Sync 1 DAGs
[2022-11-08T14:48:32.068+0000] {logging_mixin.py:120} INFO - [2022-11-08T14:48:32.068+0000] {dag.py:3340} INFO - Setting next_dagrun for example_xcom to 2021-01-01T00:00:00+00:00, run_after=2021-01-01T00:00:00+00:00
[2022-11-08T14:48:32.090+0000] {processor.py:176} INFO - Processing /home/airflow/.local/lib/python3.7/site-packages/airflow/example_dags/example_xcom.py took 0.134 seconds
[2022-11-08T14:49:02.196+0000] {processor.py:154} INFO - Started process (PID=6862) to work on /home/airflow/.local/lib/python3.7/site-packages/airflow/example_dags/example_xcom.py
[2022-11-08T14:49:02.198+0000] {processor.py:756} INFO - Processing file /home/airflow/.local/lib/python3.7/site-packages/airflow/example_dags/example_xcom.py for tasks to queue
[2022-11-08T14:49:02.200+0000] {logging_mixin.py:120} INFO - [2022-11-08T14:49:02.199+0000] {dagbag.py:537} INFO - Filling up the DagBag from /home/airflow/.local/lib/python3.7/site-packages/airflow/example_dags/example_xcom.py
[2022-11-08T14:49:02.237+0000] {processor.py:766} INFO - DAG(s) dict_keys(['example_xcom']) retrieved from /home/airflow/.local/lib/python3.7/site-packages/airflow/example_dags/example_xcom.py
[2022-11-08T14:49:02.300+0000] {logging_mixin.py:120} INFO - [2022-11-08T14:49:02.300+0000] {dag.py:2585} INFO - Sync 1 DAGs
[2022-11-08T14:49:02.347+0000] {logging_mixin.py:120} INFO - [2022-11-08T14:49:02.347+0000] {dag.py:3340} INFO - Setting next_dagrun for example_xcom to 2021-01-01T00:00:00+00:00, run_after=2021-01-01T00:00:00+00:00
[2022-11-08T14:49:02.375+0000] {processor.py:176} INFO - Processing /home/airflow/.local/lib/python3.7/site-packages/airflow/example_dags/example_xcom.py took 0.185 seconds
[2022-11-08T14:49:33.161+0000] {processor.py:154} INFO - Started process (PID=7069) to work on /home/airflow/.local/lib/python3.7/site-packages/airflow/example_dags/example_xcom.py
[2022-11-08T14:49:33.162+0000] {processor.py:756} INFO - Processing file /home/airflow/.local/lib/python3.7/site-packages/airflow/example_dags/example_xcom.py for tasks to queue
[2022-11-08T14:49:33.162+0000] {logging_mixin.py:120} INFO - [2022-11-08T14:49:33.162+0000] {dagbag.py:537} INFO - Filling up the DagBag from /home/airflow/.local/lib/python3.7/site-packages/airflow/example_dags/example_xcom.py
[2022-11-08T14:49:33.181+0000] {processor.py:766} INFO - DAG(s) dict_keys(['example_xcom']) retrieved from /home/airflow/.local/lib/python3.7/site-packages/airflow/example_dags/example_xcom.py
[2022-11-08T14:49:33.215+0000] {logging_mixin.py:120} INFO - [2022-11-08T14:49:33.215+0000] {dag.py:2585} INFO - Sync 1 DAGs
[2022-11-08T14:49:33.235+0000] {logging_mixin.py:120} INFO - [2022-11-08T14:49:33.235+0000] {dag.py:3340} INFO - Setting next_dagrun for example_xcom to 2021-01-01T00:00:00+00:00, run_after=2021-01-01T00:00:00+00:00
[2022-11-08T14:49:33.252+0000] {processor.py:176} INFO - Processing /home/airflow/.local/lib/python3.7/site-packages/airflow/example_dags/example_xcom.py took 0.095 seconds
[2022-11-08T14:50:03.629+0000] {processor.py:154} INFO - Started process (PID=7276) to work on /home/airflow/.local/lib/python3.7/site-packages/airflow/example_dags/example_xcom.py
[2022-11-08T14:50:03.630+0000] {processor.py:756} INFO - Processing file /home/airflow/.local/lib/python3.7/site-packages/airflow/example_dags/example_xcom.py for tasks to queue
[2022-11-08T14:50:03.631+0000] {logging_mixin.py:120} INFO - [2022-11-08T14:50:03.631+0000] {dagbag.py:537} INFO - Filling up the DagBag from /home/airflow/.local/lib/python3.7/site-packages/airflow/example_dags/example_xcom.py
[2022-11-08T14:50:03.650+0000] {processor.py:766} INFO - DAG(s) dict_keys(['example_xcom']) retrieved from /home/airflow/.local/lib/python3.7/site-packages/airflow/example_dags/example_xcom.py
[2022-11-08T14:50:03.684+0000] {logging_mixin.py:120} INFO - [2022-11-08T14:50:03.683+0000] {dag.py:2585} INFO - Sync 1 DAGs
[2022-11-08T14:50:03.702+0000] {logging_mixin.py:120} INFO - [2022-11-08T14:50:03.702+0000] {dag.py:3340} INFO - Setting next_dagrun for example_xcom to 2021-01-01T00:00:00+00:00, run_after=2021-01-01T00:00:00+00:00
[2022-11-08T14:50:03.718+0000] {processor.py:176} INFO - Processing /home/airflow/.local/lib/python3.7/site-packages/airflow/example_dags/example_xcom.py took 0.091 seconds
[2022-11-08T14:50:34.292+0000] {processor.py:154} INFO - Started process (PID=7482) to work on /home/airflow/.local/lib/python3.7/site-packages/airflow/example_dags/example_xcom.py
[2022-11-08T14:50:34.293+0000] {processor.py:756} INFO - Processing file /home/airflow/.local/lib/python3.7/site-packages/airflow/example_dags/example_xcom.py for tasks to queue
[2022-11-08T14:50:34.294+0000] {logging_mixin.py:120} INFO - [2022-11-08T14:50:34.294+0000] {dagbag.py:537} INFO - Filling up the DagBag from /home/airflow/.local/lib/python3.7/site-packages/airflow/example_dags/example_xcom.py
[2022-11-08T14:50:34.316+0000] {processor.py:766} INFO - DAG(s) dict_keys(['example_xcom']) retrieved from /home/airflow/.local/lib/python3.7/site-packages/airflow/example_dags/example_xcom.py
[2022-11-08T14:50:34.354+0000] {logging_mixin.py:120} INFO - [2022-11-08T14:50:34.354+0000] {dag.py:2585} INFO - Sync 1 DAGs
[2022-11-08T14:50:34.380+0000] {logging_mixin.py:120} INFO - [2022-11-08T14:50:34.380+0000] {dag.py:3340} INFO - Setting next_dagrun for example_xcom to 2021-01-01T00:00:00+00:00, run_after=2021-01-01T00:00:00+00:00
[2022-11-08T14:50:34.402+0000] {processor.py:176} INFO - Processing /home/airflow/.local/lib/python3.7/site-packages/airflow/example_dags/example_xcom.py took 0.113 seconds
[2022-11-08T14:51:05.086+0000] {processor.py:154} INFO - Started process (PID=7689) to work on /home/airflow/.local/lib/python3.7/site-packages/airflow/example_dags/example_xcom.py
[2022-11-08T14:51:05.087+0000] {processor.py:756} INFO - Processing file /home/airflow/.local/lib/python3.7/site-packages/airflow/example_dags/example_xcom.py for tasks to queue
[2022-11-08T14:51:05.087+0000] {logging_mixin.py:120} INFO - [2022-11-08T14:51:05.087+0000] {dagbag.py:537} INFO - Filling up the DagBag from /home/airflow/.local/lib/python3.7/site-packages/airflow/example_dags/example_xcom.py
[2022-11-08T14:51:05.109+0000] {processor.py:766} INFO - DAG(s) dict_keys(['example_xcom']) retrieved from /home/airflow/.local/lib/python3.7/site-packages/airflow/example_dags/example_xcom.py
[2022-11-08T14:51:05.151+0000] {logging_mixin.py:120} INFO - [2022-11-08T14:51:05.151+0000] {dag.py:2585} INFO - Sync 1 DAGs
[2022-11-08T14:51:05.178+0000] {logging_mixin.py:120} INFO - [2022-11-08T14:51:05.178+0000] {dag.py:3340} INFO - Setting next_dagrun for example_xcom to 2021-01-01T00:00:00+00:00, run_after=2021-01-01T00:00:00+00:00
[2022-11-08T14:51:05.196+0000] {processor.py:176} INFO - Processing /home/airflow/.local/lib/python3.7/site-packages/airflow/example_dags/example_xcom.py took 0.114 seconds
[2022-11-08T14:51:36.104+0000] {processor.py:154} INFO - Started process (PID=7890) to work on /home/airflow/.local/lib/python3.7/site-packages/airflow/example_dags/example_xcom.py
[2022-11-08T14:51:36.106+0000] {processor.py:756} INFO - Processing file /home/airflow/.local/lib/python3.7/site-packages/airflow/example_dags/example_xcom.py for tasks to queue
[2022-11-08T14:51:36.107+0000] {logging_mixin.py:120} INFO - [2022-11-08T14:51:36.106+0000] {dagbag.py:537} INFO - Filling up the DagBag from /home/airflow/.local/lib/python3.7/site-packages/airflow/example_dags/example_xcom.py
[2022-11-08T14:51:36.132+0000] {processor.py:766} INFO - DAG(s) dict_keys(['example_xcom']) retrieved from /home/airflow/.local/lib/python3.7/site-packages/airflow/example_dags/example_xcom.py
[2022-11-08T14:51:36.181+0000] {logging_mixin.py:120} INFO - [2022-11-08T14:51:36.180+0000] {dag.py:2585} INFO - Sync 1 DAGs
[2022-11-08T14:51:36.210+0000] {logging_mixin.py:120} INFO - [2022-11-08T14:51:36.209+0000] {dag.py:3340} INFO - Setting next_dagrun for example_xcom to 2021-01-01T00:00:00+00:00, run_after=2021-01-01T00:00:00+00:00
[2022-11-08T14:51:36.229+0000] {processor.py:176} INFO - Processing /home/airflow/.local/lib/python3.7/site-packages/airflow/example_dags/example_xcom.py took 0.130 seconds
[2022-11-08T14:52:06.270+0000] {processor.py:154} INFO - Started process (PID=8097) to work on /home/airflow/.local/lib/python3.7/site-packages/airflow/example_dags/example_xcom.py
[2022-11-08T14:52:06.271+0000] {processor.py:756} INFO - Processing file /home/airflow/.local/lib/python3.7/site-packages/airflow/example_dags/example_xcom.py for tasks to queue
[2022-11-08T14:52:06.271+0000] {logging_mixin.py:120} INFO - [2022-11-08T14:52:06.271+0000] {dagbag.py:537} INFO - Filling up the DagBag from /home/airflow/.local/lib/python3.7/site-packages/airflow/example_dags/example_xcom.py
[2022-11-08T14:52:06.294+0000] {processor.py:766} INFO - DAG(s) dict_keys(['example_xcom']) retrieved from /home/airflow/.local/lib/python3.7/site-packages/airflow/example_dags/example_xcom.py
[2022-11-08T14:52:06.336+0000] {logging_mixin.py:120} INFO - [2022-11-08T14:52:06.336+0000] {dag.py:2585} INFO - Sync 1 DAGs
[2022-11-08T14:52:06.362+0000] {logging_mixin.py:120} INFO - [2022-11-08T14:52:06.362+0000] {dag.py:3340} INFO - Setting next_dagrun for example_xcom to 2021-01-01T00:00:00+00:00, run_after=2021-01-01T00:00:00+00:00
[2022-11-08T14:52:06.386+0000] {processor.py:176} INFO - Processing /home/airflow/.local/lib/python3.7/site-packages/airflow/example_dags/example_xcom.py took 0.120 seconds
[2022-11-08T14:52:36.676+0000] {processor.py:154} INFO - Started process (PID=8304) to work on /home/airflow/.local/lib/python3.7/site-packages/airflow/example_dags/example_xcom.py
[2022-11-08T14:52:36.677+0000] {processor.py:756} INFO - Processing file /home/airflow/.local/lib/python3.7/site-packages/airflow/example_dags/example_xcom.py for tasks to queue
[2022-11-08T14:52:36.678+0000] {logging_mixin.py:120} INFO - [2022-11-08T14:52:36.678+0000] {dagbag.py:537} INFO - Filling up the DagBag from /home/airflow/.local/lib/python3.7/site-packages/airflow/example_dags/example_xcom.py
[2022-11-08T14:52:36.703+0000] {processor.py:766} INFO - DAG(s) dict_keys(['example_xcom']) retrieved from /home/airflow/.local/lib/python3.7/site-packages/airflow/example_dags/example_xcom.py
[2022-11-08T14:52:36.746+0000] {logging_mixin.py:120} INFO - [2022-11-08T14:52:36.746+0000] {dag.py:2585} INFO - Sync 1 DAGs
[2022-11-08T14:52:36.773+0000] {logging_mixin.py:120} INFO - [2022-11-08T14:52:36.773+0000] {dag.py:3340} INFO - Setting next_dagrun for example_xcom to 2021-01-01T00:00:00+00:00, run_after=2021-01-01T00:00:00+00:00
[2022-11-08T14:52:36.793+0000] {processor.py:176} INFO - Processing /home/airflow/.local/lib/python3.7/site-packages/airflow/example_dags/example_xcom.py took 0.122 seconds
[2022-11-08T14:53:07.051+0000] {processor.py:154} INFO - Started process (PID=8503) to work on /home/airflow/.local/lib/python3.7/site-packages/airflow/example_dags/example_xcom.py
[2022-11-08T14:53:07.052+0000] {processor.py:756} INFO - Processing file /home/airflow/.local/lib/python3.7/site-packages/airflow/example_dags/example_xcom.py for tasks to queue
[2022-11-08T14:53:07.053+0000] {logging_mixin.py:120} INFO - [2022-11-08T14:53:07.053+0000] {dagbag.py:537} INFO - Filling up the DagBag from /home/airflow/.local/lib/python3.7/site-packages/airflow/example_dags/example_xcom.py
[2022-11-08T14:53:07.079+0000] {processor.py:766} INFO - DAG(s) dict_keys(['example_xcom']) retrieved from /home/airflow/.local/lib/python3.7/site-packages/airflow/example_dags/example_xcom.py
[2022-11-08T14:53:07.120+0000] {logging_mixin.py:120} INFO - [2022-11-08T14:53:07.120+0000] {dag.py:2585} INFO - Sync 1 DAGs
[2022-11-08T14:53:07.145+0000] {logging_mixin.py:120} INFO - [2022-11-08T14:53:07.145+0000] {dag.py:3340} INFO - Setting next_dagrun for example_xcom to 2021-01-01T00:00:00+00:00, run_after=2021-01-01T00:00:00+00:00
[2022-11-08T14:53:07.162+0000] {processor.py:176} INFO - Processing /home/airflow/.local/lib/python3.7/site-packages/airflow/example_dags/example_xcom.py took 0.118 seconds
[2022-11-08T14:53:37.279+0000] {processor.py:154} INFO - Started process (PID=8711) to work on /home/airflow/.local/lib/python3.7/site-packages/airflow/example_dags/example_xcom.py
[2022-11-08T14:53:37.281+0000] {processor.py:756} INFO - Processing file /home/airflow/.local/lib/python3.7/site-packages/airflow/example_dags/example_xcom.py for tasks to queue
[2022-11-08T14:53:37.282+0000] {logging_mixin.py:120} INFO - [2022-11-08T14:53:37.282+0000] {dagbag.py:537} INFO - Filling up the DagBag from /home/airflow/.local/lib/python3.7/site-packages/airflow/example_dags/example_xcom.py
[2022-11-08T14:53:37.308+0000] {processor.py:766} INFO - DAG(s) dict_keys(['example_xcom']) retrieved from /home/airflow/.local/lib/python3.7/site-packages/airflow/example_dags/example_xcom.py
[2022-11-08T14:53:37.356+0000] {logging_mixin.py:120} INFO - [2022-11-08T14:53:37.355+0000] {dag.py:2585} INFO - Sync 1 DAGs
[2022-11-08T14:53:37.382+0000] {logging_mixin.py:120} INFO - [2022-11-08T14:53:37.382+0000] {dag.py:3340} INFO - Setting next_dagrun for example_xcom to 2021-01-01T00:00:00+00:00, run_after=2021-01-01T00:00:00+00:00
[2022-11-08T14:53:37.402+0000] {processor.py:176} INFO - Processing /home/airflow/.local/lib/python3.7/site-packages/airflow/example_dags/example_xcom.py took 0.126 seconds
[2022-11-08T14:54:07.837+0000] {processor.py:154} INFO - Started process (PID=8918) to work on /home/airflow/.local/lib/python3.7/site-packages/airflow/example_dags/example_xcom.py
[2022-11-08T14:54:07.838+0000] {processor.py:756} INFO - Processing file /home/airflow/.local/lib/python3.7/site-packages/airflow/example_dags/example_xcom.py for tasks to queue
[2022-11-08T14:54:07.838+0000] {logging_mixin.py:120} INFO - [2022-11-08T14:54:07.838+0000] {dagbag.py:537} INFO - Filling up the DagBag from /home/airflow/.local/lib/python3.7/site-packages/airflow/example_dags/example_xcom.py
[2022-11-08T14:54:07.862+0000] {processor.py:766} INFO - DAG(s) dict_keys(['example_xcom']) retrieved from /home/airflow/.local/lib/python3.7/site-packages/airflow/example_dags/example_xcom.py
[2022-11-08T14:54:07.917+0000] {logging_mixin.py:120} INFO - [2022-11-08T14:54:07.917+0000] {dag.py:2585} INFO - Sync 1 DAGs
[2022-11-08T14:54:07.943+0000] {logging_mixin.py:120} INFO - [2022-11-08T14:54:07.942+0000] {dag.py:3340} INFO - Setting next_dagrun for example_xcom to 2021-01-01T00:00:00+00:00, run_after=2021-01-01T00:00:00+00:00
[2022-11-08T14:54:07.964+0000] {processor.py:176} INFO - Processing /home/airflow/.local/lib/python3.7/site-packages/airflow/example_dags/example_xcom.py took 0.131 seconds
[2022-11-08T14:54:38.488+0000] {processor.py:154} INFO - Started process (PID=9125) to work on /home/airflow/.local/lib/python3.7/site-packages/airflow/example_dags/example_xcom.py
[2022-11-08T14:54:38.490+0000] {processor.py:756} INFO - Processing file /home/airflow/.local/lib/python3.7/site-packages/airflow/example_dags/example_xcom.py for tasks to queue
[2022-11-08T14:54:38.491+0000] {logging_mixin.py:120} INFO - [2022-11-08T14:54:38.491+0000] {dagbag.py:537} INFO - Filling up the DagBag from /home/airflow/.local/lib/python3.7/site-packages/airflow/example_dags/example_xcom.py
[2022-11-08T14:54:38.532+0000] {processor.py:766} INFO - DAG(s) dict_keys(['example_xcom']) retrieved from /home/airflow/.local/lib/python3.7/site-packages/airflow/example_dags/example_xcom.py
[2022-11-08T14:54:38.604+0000] {logging_mixin.py:120} INFO - [2022-11-08T14:54:38.604+0000] {dag.py:2585} INFO - Sync 1 DAGs
[2022-11-08T14:54:38.636+0000] {logging_mixin.py:120} INFO - [2022-11-08T14:54:38.636+0000] {dag.py:3340} INFO - Setting next_dagrun for example_xcom to 2021-01-01T00:00:00+00:00, run_after=2021-01-01T00:00:00+00:00
[2022-11-08T14:54:38.662+0000] {processor.py:176} INFO - Processing /home/airflow/.local/lib/python3.7/site-packages/airflow/example_dags/example_xcom.py took 0.180 seconds
[2022-11-08T14:55:08.745+0000] {processor.py:154} INFO - Started process (PID=9323) to work on /home/airflow/.local/lib/python3.7/site-packages/airflow/example_dags/example_xcom.py
[2022-11-08T14:55:08.747+0000] {processor.py:756} INFO - Processing file /home/airflow/.local/lib/python3.7/site-packages/airflow/example_dags/example_xcom.py for tasks to queue
[2022-11-08T14:55:08.748+0000] {logging_mixin.py:120} INFO - [2022-11-08T14:55:08.748+0000] {dagbag.py:537} INFO - Filling up the DagBag from /home/airflow/.local/lib/python3.7/site-packages/airflow/example_dags/example_xcom.py
[2022-11-08T14:55:08.777+0000] {processor.py:766} INFO - DAG(s) dict_keys(['example_xcom']) retrieved from /home/airflow/.local/lib/python3.7/site-packages/airflow/example_dags/example_xcom.py
[2022-11-08T14:55:08.818+0000] {logging_mixin.py:120} INFO - [2022-11-08T14:55:08.818+0000] {dag.py:2585} INFO - Sync 1 DAGs
[2022-11-08T14:55:08.842+0000] {logging_mixin.py:120} INFO - [2022-11-08T14:55:08.842+0000] {dag.py:3340} INFO - Setting next_dagrun for example_xcom to 2021-01-01T00:00:00+00:00, run_after=2021-01-01T00:00:00+00:00
[2022-11-08T14:55:08.861+0000] {processor.py:176} INFO - Processing /home/airflow/.local/lib/python3.7/site-packages/airflow/example_dags/example_xcom.py took 0.120 seconds
[2022-11-08T14:55:39.111+0000] {processor.py:154} INFO - Started process (PID=9530) to work on /home/airflow/.local/lib/python3.7/site-packages/airflow/example_dags/example_xcom.py
[2022-11-08T14:55:39.112+0000] {processor.py:756} INFO - Processing file /home/airflow/.local/lib/python3.7/site-packages/airflow/example_dags/example_xcom.py for tasks to queue
[2022-11-08T14:55:39.113+0000] {logging_mixin.py:120} INFO - [2022-11-08T14:55:39.113+0000] {dagbag.py:537} INFO - Filling up the DagBag from /home/airflow/.local/lib/python3.7/site-packages/airflow/example_dags/example_xcom.py
[2022-11-08T14:55:39.138+0000] {processor.py:766} INFO - DAG(s) dict_keys(['example_xcom']) retrieved from /home/airflow/.local/lib/python3.7/site-packages/airflow/example_dags/example_xcom.py
[2022-11-08T14:55:39.186+0000] {logging_mixin.py:120} INFO - [2022-11-08T14:55:39.186+0000] {dag.py:2585} INFO - Sync 1 DAGs
[2022-11-08T14:55:39.212+0000] {logging_mixin.py:120} INFO - [2022-11-08T14:55:39.211+0000] {dag.py:3340} INFO - Setting next_dagrun for example_xcom to 2021-01-01T00:00:00+00:00, run_after=2021-01-01T00:00:00+00:00
[2022-11-08T14:55:39.236+0000] {processor.py:176} INFO - Processing /home/airflow/.local/lib/python3.7/site-packages/airflow/example_dags/example_xcom.py took 0.129 seconds
[2022-11-08T14:56:09.493+0000] {processor.py:154} INFO - Started process (PID=9737) to work on /home/airflow/.local/lib/python3.7/site-packages/airflow/example_dags/example_xcom.py
[2022-11-08T14:56:09.495+0000] {processor.py:756} INFO - Processing file /home/airflow/.local/lib/python3.7/site-packages/airflow/example_dags/example_xcom.py for tasks to queue
[2022-11-08T14:56:09.496+0000] {logging_mixin.py:120} INFO - [2022-11-08T14:56:09.496+0000] {dagbag.py:537} INFO - Filling up the DagBag from /home/airflow/.local/lib/python3.7/site-packages/airflow/example_dags/example_xcom.py
[2022-11-08T14:56:09.520+0000] {processor.py:766} INFO - DAG(s) dict_keys(['example_xcom']) retrieved from /home/airflow/.local/lib/python3.7/site-packages/airflow/example_dags/example_xcom.py
[2022-11-08T14:56:09.568+0000] {logging_mixin.py:120} INFO - [2022-11-08T14:56:09.567+0000] {dag.py:2585} INFO - Sync 1 DAGs
[2022-11-08T14:56:09.592+0000] {logging_mixin.py:120} INFO - [2022-11-08T14:56:09.592+0000] {dag.py:3340} INFO - Setting next_dagrun for example_xcom to 2021-01-01T00:00:00+00:00, run_after=2021-01-01T00:00:00+00:00
[2022-11-08T14:56:09.611+0000] {processor.py:176} INFO - Processing /home/airflow/.local/lib/python3.7/site-packages/airflow/example_dags/example_xcom.py took 0.121 seconds
[2022-11-08T14:56:40.812+0000] {processor.py:154} INFO - Started process (PID=9945) to work on /home/airflow/.local/lib/python3.7/site-packages/airflow/example_dags/example_xcom.py
[2022-11-08T14:56:40.813+0000] {processor.py:756} INFO - Processing file /home/airflow/.local/lib/python3.7/site-packages/airflow/example_dags/example_xcom.py for tasks to queue
[2022-11-08T14:56:40.814+0000] {logging_mixin.py:120} INFO - [2022-11-08T14:56:40.814+0000] {dagbag.py:537} INFO - Filling up the DagBag from /home/airflow/.local/lib/python3.7/site-packages/airflow/example_dags/example_xcom.py
[2022-11-08T14:56:40.845+0000] {processor.py:766} INFO - DAG(s) dict_keys(['example_xcom']) retrieved from /home/airflow/.local/lib/python3.7/site-packages/airflow/example_dags/example_xcom.py
[2022-11-08T14:56:40.909+0000] {logging_mixin.py:120} INFO - [2022-11-08T14:56:40.908+0000] {dag.py:2585} INFO - Sync 1 DAGs
[2022-11-08T14:56:40.964+0000] {logging_mixin.py:120} INFO - [2022-11-08T14:56:40.963+0000] {dag.py:3340} INFO - Setting next_dagrun for example_xcom to 2021-01-01T00:00:00+00:00, run_after=2021-01-01T00:00:00+00:00
[2022-11-08T14:56:41.001+0000] {processor.py:176} INFO - Processing /home/airflow/.local/lib/python3.7/site-packages/airflow/example_dags/example_xcom.py took 0.193 seconds
[2022-11-08T14:57:11.130+0000] {processor.py:154} INFO - Started process (PID=10143) to work on /home/airflow/.local/lib/python3.7/site-packages/airflow/example_dags/example_xcom.py
[2022-11-08T14:57:11.131+0000] {processor.py:756} INFO - Processing file /home/airflow/.local/lib/python3.7/site-packages/airflow/example_dags/example_xcom.py for tasks to queue
[2022-11-08T14:57:11.131+0000] {logging_mixin.py:120} INFO - [2022-11-08T14:57:11.131+0000] {dagbag.py:537} INFO - Filling up the DagBag from /home/airflow/.local/lib/python3.7/site-packages/airflow/example_dags/example_xcom.py
[2022-11-08T14:57:11.154+0000] {processor.py:766} INFO - DAG(s) dict_keys(['example_xcom']) retrieved from /home/airflow/.local/lib/python3.7/site-packages/airflow/example_dags/example_xcom.py
[2022-11-08T14:57:11.196+0000] {logging_mixin.py:120} INFO - [2022-11-08T14:57:11.196+0000] {dag.py:2585} INFO - Sync 1 DAGs
[2022-11-08T14:57:11.219+0000] {logging_mixin.py:120} INFO - [2022-11-08T14:57:11.219+0000] {dag.py:3340} INFO - Setting next_dagrun for example_xcom to 2021-01-01T00:00:00+00:00, run_after=2021-01-01T00:00:00+00:00
[2022-11-08T14:57:11.237+0000] {processor.py:176} INFO - Processing /home/airflow/.local/lib/python3.7/site-packages/airflow/example_dags/example_xcom.py took 0.111 seconds
[2022-11-08T14:57:42.233+0000] {processor.py:154} INFO - Started process (PID=10350) to work on /home/airflow/.local/lib/python3.7/site-packages/airflow/example_dags/example_xcom.py
[2022-11-08T14:57:42.235+0000] {processor.py:756} INFO - Processing file /home/airflow/.local/lib/python3.7/site-packages/airflow/example_dags/example_xcom.py for tasks to queue
[2022-11-08T14:57:42.235+0000] {logging_mixin.py:120} INFO - [2022-11-08T14:57:42.235+0000] {dagbag.py:537} INFO - Filling up the DagBag from /home/airflow/.local/lib/python3.7/site-packages/airflow/example_dags/example_xcom.py
[2022-11-08T14:57:42.258+0000] {processor.py:766} INFO - DAG(s) dict_keys(['example_xcom']) retrieved from /home/airflow/.local/lib/python3.7/site-packages/airflow/example_dags/example_xcom.py
[2022-11-08T14:57:42.318+0000] {logging_mixin.py:120} INFO - [2022-11-08T14:57:42.317+0000] {dag.py:2585} INFO - Sync 1 DAGs
[2022-11-08T14:57:42.350+0000] {logging_mixin.py:120} INFO - [2022-11-08T14:57:42.350+0000] {dag.py:3340} INFO - Setting next_dagrun for example_xcom to 2021-01-01T00:00:00+00:00, run_after=2021-01-01T00:00:00+00:00
[2022-11-08T14:57:42.371+0000] {processor.py:176} INFO - Processing /home/airflow/.local/lib/python3.7/site-packages/airflow/example_dags/example_xcom.py took 0.142 seconds
[2022-11-08T14:58:12.515+0000] {processor.py:154} INFO - Started process (PID=10557) to work on /home/airflow/.local/lib/python3.7/site-packages/airflow/example_dags/example_xcom.py
[2022-11-08T14:58:12.516+0000] {processor.py:756} INFO - Processing file /home/airflow/.local/lib/python3.7/site-packages/airflow/example_dags/example_xcom.py for tasks to queue
[2022-11-08T14:58:12.516+0000] {logging_mixin.py:120} INFO - [2022-11-08T14:58:12.516+0000] {dagbag.py:537} INFO - Filling up the DagBag from /home/airflow/.local/lib/python3.7/site-packages/airflow/example_dags/example_xcom.py
[2022-11-08T14:58:12.539+0000] {processor.py:766} INFO - DAG(s) dict_keys(['example_xcom']) retrieved from /home/airflow/.local/lib/python3.7/site-packages/airflow/example_dags/example_xcom.py
[2022-11-08T14:58:12.580+0000] {logging_mixin.py:120} INFO - [2022-11-08T14:58:12.579+0000] {dag.py:2585} INFO - Sync 1 DAGs
[2022-11-08T14:58:12.602+0000] {logging_mixin.py:120} INFO - [2022-11-08T14:58:12.602+0000] {dag.py:3340} INFO - Setting next_dagrun for example_xcom to 2021-01-01T00:00:00+00:00, run_after=2021-01-01T00:00:00+00:00
[2022-11-08T14:58:12.622+0000] {processor.py:176} INFO - Processing /home/airflow/.local/lib/python3.7/site-packages/airflow/example_dags/example_xcom.py took 0.111 seconds
[2022-11-08T14:58:42.810+0000] {processor.py:154} INFO - Started process (PID=10755) to work on /home/airflow/.local/lib/python3.7/site-packages/airflow/example_dags/example_xcom.py
[2022-11-08T14:58:42.811+0000] {processor.py:756} INFO - Processing file /home/airflow/.local/lib/python3.7/site-packages/airflow/example_dags/example_xcom.py for tasks to queue
[2022-11-08T14:58:42.811+0000] {logging_mixin.py:120} INFO - [2022-11-08T14:58:42.811+0000] {dagbag.py:537} INFO - Filling up the DagBag from /home/airflow/.local/lib/python3.7/site-packages/airflow/example_dags/example_xcom.py
[2022-11-08T14:58:42.836+0000] {processor.py:766} INFO - DAG(s) dict_keys(['example_xcom']) retrieved from /home/airflow/.local/lib/python3.7/site-packages/airflow/example_dags/example_xcom.py
[2022-11-08T14:58:42.880+0000] {logging_mixin.py:120} INFO - [2022-11-08T14:58:42.879+0000] {dag.py:2585} INFO - Sync 1 DAGs
[2022-11-08T14:58:42.909+0000] {logging_mixin.py:120} INFO - [2022-11-08T14:58:42.908+0000] {dag.py:3340} INFO - Setting next_dagrun for example_xcom to 2021-01-01T00:00:00+00:00, run_after=2021-01-01T00:00:00+00:00
[2022-11-08T14:58:42.928+0000] {processor.py:176} INFO - Processing /home/airflow/.local/lib/python3.7/site-packages/airflow/example_dags/example_xcom.py took 0.122 seconds
[2022-11-08T14:59:13.114+0000] {processor.py:154} INFO - Started process (PID=10962) to work on /home/airflow/.local/lib/python3.7/site-packages/airflow/example_dags/example_xcom.py
[2022-11-08T14:59:13.115+0000] {processor.py:756} INFO - Processing file /home/airflow/.local/lib/python3.7/site-packages/airflow/example_dags/example_xcom.py for tasks to queue
[2022-11-08T14:59:13.116+0000] {logging_mixin.py:120} INFO - [2022-11-08T14:59:13.116+0000] {dagbag.py:537} INFO - Filling up the DagBag from /home/airflow/.local/lib/python3.7/site-packages/airflow/example_dags/example_xcom.py
[2022-11-08T14:59:13.141+0000] {processor.py:766} INFO - DAG(s) dict_keys(['example_xcom']) retrieved from /home/airflow/.local/lib/python3.7/site-packages/airflow/example_dags/example_xcom.py
[2022-11-08T14:59:13.187+0000] {logging_mixin.py:120} INFO - [2022-11-08T14:59:13.186+0000] {dag.py:2585} INFO - Sync 1 DAGs
[2022-11-08T14:59:13.211+0000] {logging_mixin.py:120} INFO - [2022-11-08T14:59:13.211+0000] {dag.py:3340} INFO - Setting next_dagrun for example_xcom to 2021-01-01T00:00:00+00:00, run_after=2021-01-01T00:00:00+00:00
[2022-11-08T14:59:13.233+0000] {processor.py:176} INFO - Processing /home/airflow/.local/lib/python3.7/site-packages/airflow/example_dags/example_xcom.py took 0.122 seconds
[2022-11-08T14:59:43.338+0000] {processor.py:154} INFO - Started process (PID=11169) to work on /home/airflow/.local/lib/python3.7/site-packages/airflow/example_dags/example_xcom.py
[2022-11-08T14:59:43.339+0000] {processor.py:756} INFO - Processing file /home/airflow/.local/lib/python3.7/site-packages/airflow/example_dags/example_xcom.py for tasks to queue
[2022-11-08T14:59:43.339+0000] {logging_mixin.py:120} INFO - [2022-11-08T14:59:43.339+0000] {dagbag.py:537} INFO - Filling up the DagBag from /home/airflow/.local/lib/python3.7/site-packages/airflow/example_dags/example_xcom.py
[2022-11-08T14:59:43.364+0000] {processor.py:766} INFO - DAG(s) dict_keys(['example_xcom']) retrieved from /home/airflow/.local/lib/python3.7/site-packages/airflow/example_dags/example_xcom.py
[2022-11-08T14:59:43.404+0000] {logging_mixin.py:120} INFO - [2022-11-08T14:59:43.404+0000] {dag.py:2585} INFO - Sync 1 DAGs
[2022-11-08T14:59:43.427+0000] {logging_mixin.py:120} INFO - [2022-11-08T14:59:43.427+0000] {dag.py:3340} INFO - Setting next_dagrun for example_xcom to 2021-01-01T00:00:00+00:00, run_after=2021-01-01T00:00:00+00:00
[2022-11-08T14:59:43.446+0000] {processor.py:176} INFO - Processing /home/airflow/.local/lib/python3.7/site-packages/airflow/example_dags/example_xcom.py took 0.112 seconds
[2022-11-08T15:00:13.792+0000] {processor.py:154} INFO - Started process (PID=11376) to work on /home/airflow/.local/lib/python3.7/site-packages/airflow/example_dags/example_xcom.py
[2022-11-08T15:00:13.793+0000] {processor.py:756} INFO - Processing file /home/airflow/.local/lib/python3.7/site-packages/airflow/example_dags/example_xcom.py for tasks to queue
[2022-11-08T15:00:13.794+0000] {logging_mixin.py:120} INFO - [2022-11-08T15:00:13.793+0000] {dagbag.py:537} INFO - Filling up the DagBag from /home/airflow/.local/lib/python3.7/site-packages/airflow/example_dags/example_xcom.py
[2022-11-08T15:00:13.823+0000] {processor.py:766} INFO - DAG(s) dict_keys(['example_xcom']) retrieved from /home/airflow/.local/lib/python3.7/site-packages/airflow/example_dags/example_xcom.py
[2022-11-08T15:00:13.868+0000] {logging_mixin.py:120} INFO - [2022-11-08T15:00:13.867+0000] {dag.py:2585} INFO - Sync 1 DAGs
[2022-11-08T15:00:13.896+0000] {logging_mixin.py:120} INFO - [2022-11-08T15:00:13.896+0000] {dag.py:3340} INFO - Setting next_dagrun for example_xcom to 2021-01-01T00:00:00+00:00, run_after=2021-01-01T00:00:00+00:00
[2022-11-08T15:00:13.922+0000] {processor.py:176} INFO - Processing /home/airflow/.local/lib/python3.7/site-packages/airflow/example_dags/example_xcom.py took 0.134 seconds
[2022-11-08T15:00:44.088+0000] {processor.py:154} INFO - Started process (PID=11574) to work on /home/airflow/.local/lib/python3.7/site-packages/airflow/example_dags/example_xcom.py
[2022-11-08T15:00:44.090+0000] {processor.py:756} INFO - Processing file /home/airflow/.local/lib/python3.7/site-packages/airflow/example_dags/example_xcom.py for tasks to queue
[2022-11-08T15:00:44.090+0000] {logging_mixin.py:120} INFO - [2022-11-08T15:00:44.090+0000] {dagbag.py:537} INFO - Filling up the DagBag from /home/airflow/.local/lib/python3.7/site-packages/airflow/example_dags/example_xcom.py
[2022-11-08T15:00:44.116+0000] {processor.py:766} INFO - DAG(s) dict_keys(['example_xcom']) retrieved from /home/airflow/.local/lib/python3.7/site-packages/airflow/example_dags/example_xcom.py
[2022-11-08T15:00:44.169+0000] {logging_mixin.py:120} INFO - [2022-11-08T15:00:44.168+0000] {dag.py:2585} INFO - Sync 1 DAGs
[2022-11-08T15:00:44.194+0000] {logging_mixin.py:120} INFO - [2022-11-08T15:00:44.194+0000] {dag.py:3340} INFO - Setting next_dagrun for example_xcom to 2021-01-01T00:00:00+00:00, run_after=2021-01-01T00:00:00+00:00
[2022-11-08T15:00:44.215+0000] {processor.py:176} INFO - Processing /home/airflow/.local/lib/python3.7/site-packages/airflow/example_dags/example_xcom.py took 0.131 seconds
[2022-11-08T15:01:14.367+0000] {processor.py:154} INFO - Started process (PID=11782) to work on /home/airflow/.local/lib/python3.7/site-packages/airflow/example_dags/example_xcom.py
[2022-11-08T15:01:14.369+0000] {processor.py:756} INFO - Processing file /home/airflow/.local/lib/python3.7/site-packages/airflow/example_dags/example_xcom.py for tasks to queue
[2022-11-08T15:01:14.370+0000] {logging_mixin.py:120} INFO - [2022-11-08T15:01:14.370+0000] {dagbag.py:537} INFO - Filling up the DagBag from /home/airflow/.local/lib/python3.7/site-packages/airflow/example_dags/example_xcom.py
[2022-11-08T15:01:14.399+0000] {processor.py:766} INFO - DAG(s) dict_keys(['example_xcom']) retrieved from /home/airflow/.local/lib/python3.7/site-packages/airflow/example_dags/example_xcom.py
[2022-11-08T15:01:14.461+0000] {logging_mixin.py:120} INFO - [2022-11-08T15:01:14.461+0000] {dag.py:2585} INFO - Sync 1 DAGs
[2022-11-08T15:01:14.495+0000] {logging_mixin.py:120} INFO - [2022-11-08T15:01:14.494+0000] {dag.py:3340} INFO - Setting next_dagrun for example_xcom to 2021-01-01T00:00:00+00:00, run_after=2021-01-01T00:00:00+00:00
[2022-11-08T15:01:14.521+0000] {processor.py:176} INFO - Processing /home/airflow/.local/lib/python3.7/site-packages/airflow/example_dags/example_xcom.py took 0.159 seconds
