[2022-11-08T14:25:00.217+0000] {processor.py:154} INFO - Started process (PID=54) to work on /home/airflow/.local/lib/python3.7/site-packages/airflow/example_dags/example_sla_dag.py
[2022-11-08T14:25:00.218+0000] {processor.py:756} INFO - Processing file /home/airflow/.local/lib/python3.7/site-packages/airflow/example_dags/example_sla_dag.py for tasks to queue
[2022-11-08T14:25:00.219+0000] {logging_mixin.py:120} INFO - [2022-11-08T14:25:00.219+0000] {dagbag.py:537} INFO - Filling up the DagBag from /home/airflow/.local/lib/python3.7/site-packages/airflow/example_dags/example_sla_dag.py
[2022-11-08T14:25:00.242+0000] {processor.py:766} INFO - DAG(s) dict_keys(['example_sla_dag']) retrieved from /home/airflow/.local/lib/python3.7/site-packages/airflow/example_dags/example_sla_dag.py
[2022-11-08T14:25:00.263+0000] {logging_mixin.py:120} INFO - [2022-11-08T14:25:00.262+0000] {dag.py:2585} INFO - Sync 1 DAGs
[2022-11-08T14:25:00.298+0000] {logging_mixin.py:120} INFO - [2022-11-08T14:25:00.297+0000] {dag.py:3340} INFO - Setting next_dagrun for example_sla_dag to 2022-11-08T14:22:00+00:00, run_after=2022-11-08T14:24:00+00:00
[2022-11-08T14:25:00.318+0000] {processor.py:176} INFO - Processing /home/airflow/.local/lib/python3.7/site-packages/airflow/example_dags/example_sla_dag.py took 0.104 seconds
[2022-11-08T14:25:30.950+0000] {processor.py:154} INFO - Started process (PID=117) to work on /home/airflow/.local/lib/python3.7/site-packages/airflow/example_dags/example_sla_dag.py
[2022-11-08T14:25:30.951+0000] {processor.py:756} INFO - Processing file /home/airflow/.local/lib/python3.7/site-packages/airflow/example_dags/example_sla_dag.py for tasks to queue
[2022-11-08T14:25:30.952+0000] {logging_mixin.py:120} INFO - [2022-11-08T14:25:30.952+0000] {dagbag.py:537} INFO - Filling up the DagBag from /home/airflow/.local/lib/python3.7/site-packages/airflow/example_dags/example_sla_dag.py
[2022-11-08T14:25:30.976+0000] {processor.py:766} INFO - DAG(s) dict_keys(['example_sla_dag']) retrieved from /home/airflow/.local/lib/python3.7/site-packages/airflow/example_dags/example_sla_dag.py
[2022-11-08T14:25:31.018+0000] {logging_mixin.py:120} INFO - [2022-11-08T14:25:31.017+0000] {dag.py:2585} INFO - Sync 1 DAGs
[2022-11-08T14:25:31.043+0000] {logging_mixin.py:120} INFO - [2022-11-08T14:25:31.043+0000] {dag.py:3340} INFO - Setting next_dagrun for example_sla_dag to 2022-11-08T14:22:00+00:00, run_after=2022-11-08T14:24:00+00:00
[2022-11-08T14:25:31.061+0000] {processor.py:176} INFO - Processing /home/airflow/.local/lib/python3.7/site-packages/airflow/example_dags/example_sla_dag.py took 0.115 seconds
[2022-11-08T14:26:01.747+0000] {processor.py:154} INFO - Started process (PID=181) to work on /home/airflow/.local/lib/python3.7/site-packages/airflow/example_dags/example_sla_dag.py
[2022-11-08T14:26:01.748+0000] {processor.py:756} INFO - Processing file /home/airflow/.local/lib/python3.7/site-packages/airflow/example_dags/example_sla_dag.py for tasks to queue
[2022-11-08T14:26:01.749+0000] {logging_mixin.py:120} INFO - [2022-11-08T14:26:01.749+0000] {dagbag.py:537} INFO - Filling up the DagBag from /home/airflow/.local/lib/python3.7/site-packages/airflow/example_dags/example_sla_dag.py
[2022-11-08T14:26:01.771+0000] {processor.py:766} INFO - DAG(s) dict_keys(['example_sla_dag']) retrieved from /home/airflow/.local/lib/python3.7/site-packages/airflow/example_dags/example_sla_dag.py
[2022-11-08T14:26:01.809+0000] {logging_mixin.py:120} INFO - [2022-11-08T14:26:01.809+0000] {dag.py:2585} INFO - Sync 1 DAGs
[2022-11-08T14:26:01.834+0000] {logging_mixin.py:120} INFO - [2022-11-08T14:26:01.834+0000] {dag.py:3340} INFO - Setting next_dagrun for example_sla_dag to 2022-11-08T14:24:00+00:00, run_after=2022-11-08T14:26:00+00:00
[2022-11-08T14:26:01.851+0000] {processor.py:176} INFO - Processing /home/airflow/.local/lib/python3.7/site-packages/airflow/example_dags/example_sla_dag.py took 0.107 seconds
[2022-11-08T14:26:32.350+0000] {processor.py:154} INFO - Started process (PID=244) to work on /home/airflow/.local/lib/python3.7/site-packages/airflow/example_dags/example_sla_dag.py
[2022-11-08T14:26:32.351+0000] {processor.py:756} INFO - Processing file /home/airflow/.local/lib/python3.7/site-packages/airflow/example_dags/example_sla_dag.py for tasks to queue
[2022-11-08T14:26:32.352+0000] {logging_mixin.py:120} INFO - [2022-11-08T14:26:32.351+0000] {dagbag.py:537} INFO - Filling up the DagBag from /home/airflow/.local/lib/python3.7/site-packages/airflow/example_dags/example_sla_dag.py
[2022-11-08T14:26:32.373+0000] {processor.py:766} INFO - DAG(s) dict_keys(['example_sla_dag']) retrieved from /home/airflow/.local/lib/python3.7/site-packages/airflow/example_dags/example_sla_dag.py
[2022-11-08T14:26:32.413+0000] {logging_mixin.py:120} INFO - [2022-11-08T14:26:32.413+0000] {dag.py:2585} INFO - Sync 1 DAGs
[2022-11-08T14:26:32.437+0000] {logging_mixin.py:120} INFO - [2022-11-08T14:26:32.437+0000] {dag.py:3340} INFO - Setting next_dagrun for example_sla_dag to 2022-11-08T14:24:00+00:00, run_after=2022-11-08T14:26:00+00:00
[2022-11-08T14:26:32.457+0000] {processor.py:176} INFO - Processing /home/airflow/.local/lib/python3.7/site-packages/airflow/example_dags/example_sla_dag.py took 0.110 seconds
[2022-11-08T14:27:03.064+0000] {processor.py:154} INFO - Started process (PID=298) to work on /home/airflow/.local/lib/python3.7/site-packages/airflow/example_dags/example_sla_dag.py
[2022-11-08T14:27:03.065+0000] {processor.py:756} INFO - Processing file /home/airflow/.local/lib/python3.7/site-packages/airflow/example_dags/example_sla_dag.py for tasks to queue
[2022-11-08T14:27:03.065+0000] {logging_mixin.py:120} INFO - [2022-11-08T14:27:03.065+0000] {dagbag.py:537} INFO - Filling up the DagBag from /home/airflow/.local/lib/python3.7/site-packages/airflow/example_dags/example_sla_dag.py
[2022-11-08T14:27:03.090+0000] {processor.py:766} INFO - DAG(s) dict_keys(['example_sla_dag']) retrieved from /home/airflow/.local/lib/python3.7/site-packages/airflow/example_dags/example_sla_dag.py
[2022-11-08T14:27:03.135+0000] {logging_mixin.py:120} INFO - [2022-11-08T14:27:03.134+0000] {dag.py:2585} INFO - Sync 1 DAGs
[2022-11-08T14:27:03.163+0000] {logging_mixin.py:120} INFO - [2022-11-08T14:27:03.163+0000] {dag.py:3340} INFO - Setting next_dagrun for example_sla_dag to 2022-11-08T14:24:00+00:00, run_after=2022-11-08T14:26:00+00:00
[2022-11-08T14:27:03.184+0000] {processor.py:176} INFO - Processing /home/airflow/.local/lib/python3.7/site-packages/airflow/example_dags/example_sla_dag.py took 0.124 seconds
[2022-11-08T14:27:34.099+0000] {processor.py:154} INFO - Started process (PID=361) to work on /home/airflow/.local/lib/python3.7/site-packages/airflow/example_dags/example_sla_dag.py
[2022-11-08T14:27:34.099+0000] {processor.py:756} INFO - Processing file /home/airflow/.local/lib/python3.7/site-packages/airflow/example_dags/example_sla_dag.py for tasks to queue
[2022-11-08T14:27:34.100+0000] {logging_mixin.py:120} INFO - [2022-11-08T14:27:34.100+0000] {dagbag.py:537} INFO - Filling up the DagBag from /home/airflow/.local/lib/python3.7/site-packages/airflow/example_dags/example_sla_dag.py
[2022-11-08T14:27:34.122+0000] {processor.py:766} INFO - DAG(s) dict_keys(['example_sla_dag']) retrieved from /home/airflow/.local/lib/python3.7/site-packages/airflow/example_dags/example_sla_dag.py
[2022-11-08T14:27:34.159+0000] {logging_mixin.py:120} INFO - [2022-11-08T14:27:34.159+0000] {dag.py:2585} INFO - Sync 1 DAGs
[2022-11-08T14:27:34.182+0000] {logging_mixin.py:120} INFO - [2022-11-08T14:27:34.182+0000] {dag.py:3340} INFO - Setting next_dagrun for example_sla_dag to 2022-11-08T14:24:00+00:00, run_after=2022-11-08T14:26:00+00:00
[2022-11-08T14:27:34.198+0000] {processor.py:176} INFO - Processing /home/airflow/.local/lib/python3.7/site-packages/airflow/example_dags/example_sla_dag.py took 0.103 seconds
[2022-11-08T14:28:04.643+0000] {processor.py:154} INFO - Started process (PID=425) to work on /home/airflow/.local/lib/python3.7/site-packages/airflow/example_dags/example_sla_dag.py
[2022-11-08T14:28:04.643+0000] {processor.py:756} INFO - Processing file /home/airflow/.local/lib/python3.7/site-packages/airflow/example_dags/example_sla_dag.py for tasks to queue
[2022-11-08T14:28:04.644+0000] {logging_mixin.py:120} INFO - [2022-11-08T14:28:04.644+0000] {dagbag.py:537} INFO - Filling up the DagBag from /home/airflow/.local/lib/python3.7/site-packages/airflow/example_dags/example_sla_dag.py
[2022-11-08T14:28:04.663+0000] {processor.py:766} INFO - DAG(s) dict_keys(['example_sla_dag']) retrieved from /home/airflow/.local/lib/python3.7/site-packages/airflow/example_dags/example_sla_dag.py
[2022-11-08T14:28:04.696+0000] {logging_mixin.py:120} INFO - [2022-11-08T14:28:04.696+0000] {dag.py:2585} INFO - Sync 1 DAGs
[2022-11-08T14:28:04.721+0000] {logging_mixin.py:120} INFO - [2022-11-08T14:28:04.721+0000] {dag.py:3340} INFO - Setting next_dagrun for example_sla_dag to 2022-11-08T14:26:00+00:00, run_after=2022-11-08T14:28:00+00:00
[2022-11-08T14:28:04.740+0000] {processor.py:176} INFO - Processing /home/airflow/.local/lib/python3.7/site-packages/airflow/example_dags/example_sla_dag.py took 0.101 seconds
[2022-11-08T14:28:35.516+0000] {processor.py:154} INFO - Started process (PID=488) to work on /home/airflow/.local/lib/python3.7/site-packages/airflow/example_dags/example_sla_dag.py
[2022-11-08T14:28:35.517+0000] {processor.py:756} INFO - Processing file /home/airflow/.local/lib/python3.7/site-packages/airflow/example_dags/example_sla_dag.py for tasks to queue
[2022-11-08T14:28:35.517+0000] {logging_mixin.py:120} INFO - [2022-11-08T14:28:35.517+0000] {dagbag.py:537} INFO - Filling up the DagBag from /home/airflow/.local/lib/python3.7/site-packages/airflow/example_dags/example_sla_dag.py
[2022-11-08T14:28:35.539+0000] {processor.py:766} INFO - DAG(s) dict_keys(['example_sla_dag']) retrieved from /home/airflow/.local/lib/python3.7/site-packages/airflow/example_dags/example_sla_dag.py
[2022-11-08T14:28:35.585+0000] {logging_mixin.py:120} INFO - [2022-11-08T14:28:35.584+0000] {dag.py:2585} INFO - Sync 1 DAGs
[2022-11-08T14:28:35.613+0000] {logging_mixin.py:120} INFO - [2022-11-08T14:28:35.613+0000] {dag.py:3340} INFO - Setting next_dagrun for example_sla_dag to 2022-11-08T14:26:00+00:00, run_after=2022-11-08T14:28:00+00:00
[2022-11-08T14:28:35.634+0000] {processor.py:176} INFO - Processing /home/airflow/.local/lib/python3.7/site-packages/airflow/example_dags/example_sla_dag.py took 0.123 seconds
[2022-11-08T14:29:06.155+0000] {processor.py:154} INFO - Started process (PID=551) to work on /home/airflow/.local/lib/python3.7/site-packages/airflow/example_dags/example_sla_dag.py
[2022-11-08T14:29:06.156+0000] {processor.py:756} INFO - Processing file /home/airflow/.local/lib/python3.7/site-packages/airflow/example_dags/example_sla_dag.py for tasks to queue
[2022-11-08T14:29:06.157+0000] {logging_mixin.py:120} INFO - [2022-11-08T14:29:06.157+0000] {dagbag.py:537} INFO - Filling up the DagBag from /home/airflow/.local/lib/python3.7/site-packages/airflow/example_dags/example_sla_dag.py
[2022-11-08T14:29:06.178+0000] {processor.py:766} INFO - DAG(s) dict_keys(['example_sla_dag']) retrieved from /home/airflow/.local/lib/python3.7/site-packages/airflow/example_dags/example_sla_dag.py
[2022-11-08T14:29:06.215+0000] {logging_mixin.py:120} INFO - [2022-11-08T14:29:06.215+0000] {dag.py:2585} INFO - Sync 1 DAGs
[2022-11-08T14:29:06.243+0000] {logging_mixin.py:120} INFO - [2022-11-08T14:29:06.243+0000] {dag.py:3340} INFO - Setting next_dagrun for example_sla_dag to 2022-11-08T14:26:00+00:00, run_after=2022-11-08T14:28:00+00:00
[2022-11-08T14:29:06.261+0000] {processor.py:176} INFO - Processing /home/airflow/.local/lib/python3.7/site-packages/airflow/example_dags/example_sla_dag.py took 0.109 seconds
[2022-11-08T14:29:36.725+0000] {processor.py:154} INFO - Started process (PID=605) to work on /home/airflow/.local/lib/python3.7/site-packages/airflow/example_dags/example_sla_dag.py
[2022-11-08T14:29:36.725+0000] {processor.py:756} INFO - Processing file /home/airflow/.local/lib/python3.7/site-packages/airflow/example_dags/example_sla_dag.py for tasks to queue
[2022-11-08T14:29:36.726+0000] {logging_mixin.py:120} INFO - [2022-11-08T14:29:36.726+0000] {dagbag.py:537} INFO - Filling up the DagBag from /home/airflow/.local/lib/python3.7/site-packages/airflow/example_dags/example_sla_dag.py
[2022-11-08T14:29:36.745+0000] {processor.py:766} INFO - DAG(s) dict_keys(['example_sla_dag']) retrieved from /home/airflow/.local/lib/python3.7/site-packages/airflow/example_dags/example_sla_dag.py
[2022-11-08T14:29:36.779+0000] {logging_mixin.py:120} INFO - [2022-11-08T14:29:36.779+0000] {dag.py:2585} INFO - Sync 1 DAGs
[2022-11-08T14:29:36.801+0000] {logging_mixin.py:120} INFO - [2022-11-08T14:29:36.801+0000] {dag.py:3340} INFO - Setting next_dagrun for example_sla_dag to 2022-11-08T14:26:00+00:00, run_after=2022-11-08T14:28:00+00:00
[2022-11-08T14:29:36.817+0000] {processor.py:176} INFO - Processing /home/airflow/.local/lib/python3.7/site-packages/airflow/example_dags/example_sla_dag.py took 0.095 seconds
[2022-11-08T14:30:07.202+0000] {processor.py:154} INFO - Started process (PID=668) to work on /home/airflow/.local/lib/python3.7/site-packages/airflow/example_dags/example_sla_dag.py
[2022-11-08T14:30:07.202+0000] {processor.py:756} INFO - Processing file /home/airflow/.local/lib/python3.7/site-packages/airflow/example_dags/example_sla_dag.py for tasks to queue
[2022-11-08T14:30:07.203+0000] {logging_mixin.py:120} INFO - [2022-11-08T14:30:07.203+0000] {dagbag.py:537} INFO - Filling up the DagBag from /home/airflow/.local/lib/python3.7/site-packages/airflow/example_dags/example_sla_dag.py
[2022-11-08T14:30:07.224+0000] {processor.py:766} INFO - DAG(s) dict_keys(['example_sla_dag']) retrieved from /home/airflow/.local/lib/python3.7/site-packages/airflow/example_dags/example_sla_dag.py
[2022-11-08T14:30:07.265+0000] {logging_mixin.py:120} INFO - [2022-11-08T14:30:07.265+0000] {dag.py:2585} INFO - Sync 1 DAGs
[2022-11-08T14:30:07.294+0000] {logging_mixin.py:120} INFO - [2022-11-08T14:30:07.293+0000] {dag.py:3340} INFO - Setting next_dagrun for example_sla_dag to 2022-11-08T14:28:00+00:00, run_after=2022-11-08T14:30:00+00:00
[2022-11-08T14:30:07.317+0000] {processor.py:176} INFO - Processing /home/airflow/.local/lib/python3.7/site-packages/airflow/example_dags/example_sla_dag.py took 0.119 seconds
[2022-11-08T14:30:37.636+0000] {processor.py:154} INFO - Started process (PID=732) to work on /home/airflow/.local/lib/python3.7/site-packages/airflow/example_dags/example_sla_dag.py
[2022-11-08T14:30:37.637+0000] {processor.py:756} INFO - Processing file /home/airflow/.local/lib/python3.7/site-packages/airflow/example_dags/example_sla_dag.py for tasks to queue
[2022-11-08T14:30:37.638+0000] {logging_mixin.py:120} INFO - [2022-11-08T14:30:37.638+0000] {dagbag.py:537} INFO - Filling up the DagBag from /home/airflow/.local/lib/python3.7/site-packages/airflow/example_dags/example_sla_dag.py
[2022-11-08T14:30:37.661+0000] {processor.py:766} INFO - DAG(s) dict_keys(['example_sla_dag']) retrieved from /home/airflow/.local/lib/python3.7/site-packages/airflow/example_dags/example_sla_dag.py
[2022-11-08T14:30:37.695+0000] {logging_mixin.py:120} INFO - [2022-11-08T14:30:37.695+0000] {dag.py:2585} INFO - Sync 1 DAGs
[2022-11-08T14:30:37.716+0000] {logging_mixin.py:120} INFO - [2022-11-08T14:30:37.716+0000] {dag.py:3340} INFO - Setting next_dagrun for example_sla_dag to 2022-11-08T14:28:00+00:00, run_after=2022-11-08T14:30:00+00:00
[2022-11-08T14:30:37.733+0000] {processor.py:176} INFO - Processing /home/airflow/.local/lib/python3.7/site-packages/airflow/example_dags/example_sla_dag.py took 0.101 seconds
[2022-11-08T14:31:08.725+0000] {processor.py:154} INFO - Started process (PID=795) to work on /home/airflow/.local/lib/python3.7/site-packages/airflow/example_dags/example_sla_dag.py
[2022-11-08T14:31:08.726+0000] {processor.py:756} INFO - Processing file /home/airflow/.local/lib/python3.7/site-packages/airflow/example_dags/example_sla_dag.py for tasks to queue
[2022-11-08T14:31:08.726+0000] {logging_mixin.py:120} INFO - [2022-11-08T14:31:08.726+0000] {dagbag.py:537} INFO - Filling up the DagBag from /home/airflow/.local/lib/python3.7/site-packages/airflow/example_dags/example_sla_dag.py
[2022-11-08T14:31:08.746+0000] {processor.py:766} INFO - DAG(s) dict_keys(['example_sla_dag']) retrieved from /home/airflow/.local/lib/python3.7/site-packages/airflow/example_dags/example_sla_dag.py
[2022-11-08T14:31:08.780+0000] {logging_mixin.py:120} INFO - [2022-11-08T14:31:08.780+0000] {dag.py:2585} INFO - Sync 1 DAGs
[2022-11-08T14:31:08.802+0000] {logging_mixin.py:120} INFO - [2022-11-08T14:31:08.802+0000] {dag.py:3340} INFO - Setting next_dagrun for example_sla_dag to 2022-11-08T14:28:00+00:00, run_after=2022-11-08T14:30:00+00:00
[2022-11-08T14:31:08.818+0000] {processor.py:176} INFO - Processing /home/airflow/.local/lib/python3.7/site-packages/airflow/example_dags/example_sla_dag.py took 0.096 seconds
[2022-11-08T14:31:39.055+0000] {processor.py:154} INFO - Started process (PID=849) to work on /home/airflow/.local/lib/python3.7/site-packages/airflow/example_dags/example_sla_dag.py
[2022-11-08T14:31:39.056+0000] {processor.py:756} INFO - Processing file /home/airflow/.local/lib/python3.7/site-packages/airflow/example_dags/example_sla_dag.py for tasks to queue
[2022-11-08T14:31:39.056+0000] {logging_mixin.py:120} INFO - [2022-11-08T14:31:39.056+0000] {dagbag.py:537} INFO - Filling up the DagBag from /home/airflow/.local/lib/python3.7/site-packages/airflow/example_dags/example_sla_dag.py
[2022-11-08T14:31:39.075+0000] {processor.py:766} INFO - DAG(s) dict_keys(['example_sla_dag']) retrieved from /home/airflow/.local/lib/python3.7/site-packages/airflow/example_dags/example_sla_dag.py
[2022-11-08T14:31:39.096+0000] {logging_mixin.py:120} INFO - [2022-11-08T14:31:39.095+0000] {dag.py:2585} INFO - Sync 1 DAGs
[2022-11-08T14:31:39.119+0000] {logging_mixin.py:120} INFO - [2022-11-08T14:31:39.119+0000] {dag.py:3340} INFO - Setting next_dagrun for example_sla_dag to 2022-11-08T14:28:00+00:00, run_after=2022-11-08T14:30:00+00:00
[2022-11-08T14:31:39.137+0000] {processor.py:176} INFO - Processing /home/airflow/.local/lib/python3.7/site-packages/airflow/example_dags/example_sla_dag.py took 0.085 seconds
[2022-11-08T14:32:09.457+0000] {processor.py:154} INFO - Started process (PID=911) to work on /home/airflow/.local/lib/python3.7/site-packages/airflow/example_dags/example_sla_dag.py
[2022-11-08T14:32:09.458+0000] {processor.py:756} INFO - Processing file /home/airflow/.local/lib/python3.7/site-packages/airflow/example_dags/example_sla_dag.py for tasks to queue
[2022-11-08T14:32:09.459+0000] {logging_mixin.py:120} INFO - [2022-11-08T14:32:09.459+0000] {dagbag.py:537} INFO - Filling up the DagBag from /home/airflow/.local/lib/python3.7/site-packages/airflow/example_dags/example_sla_dag.py
[2022-11-08T14:32:09.477+0000] {processor.py:766} INFO - DAG(s) dict_keys(['example_sla_dag']) retrieved from /home/airflow/.local/lib/python3.7/site-packages/airflow/example_dags/example_sla_dag.py
[2022-11-08T14:32:09.511+0000] {logging_mixin.py:120} INFO - [2022-11-08T14:32:09.511+0000] {dag.py:2585} INFO - Sync 1 DAGs
[2022-11-08T14:32:09.534+0000] {logging_mixin.py:120} INFO - [2022-11-08T14:32:09.534+0000] {dag.py:3340} INFO - Setting next_dagrun for example_sla_dag to 2022-11-08T14:30:00+00:00, run_after=2022-11-08T14:32:00+00:00
[2022-11-08T14:32:09.551+0000] {processor.py:176} INFO - Processing /home/airflow/.local/lib/python3.7/site-packages/airflow/example_dags/example_sla_dag.py took 0.097 seconds
[2022-11-08T14:32:39.683+0000] {processor.py:154} INFO - Started process (PID=257) to work on /home/airflow/.local/lib/python3.7/site-packages/airflow/example_dags/example_sla_dag.py
[2022-11-08T14:32:39.684+0000] {processor.py:756} INFO - Processing file /home/airflow/.local/lib/python3.7/site-packages/airflow/example_dags/example_sla_dag.py for tasks to queue
[2022-11-08T14:32:39.685+0000] {logging_mixin.py:120} INFO - [2022-11-08T14:32:39.685+0000] {dagbag.py:537} INFO - Filling up the DagBag from /home/airflow/.local/lib/python3.7/site-packages/airflow/example_dags/example_sla_dag.py
[2022-11-08T14:32:39.707+0000] {processor.py:766} INFO - DAG(s) dict_keys(['example_sla_dag']) retrieved from /home/airflow/.local/lib/python3.7/site-packages/airflow/example_dags/example_sla_dag.py
[2022-11-08T14:32:39.729+0000] {logging_mixin.py:120} INFO - [2022-11-08T14:32:39.729+0000] {dag.py:2585} INFO - Sync 1 DAGs
[2022-11-08T14:32:39.753+0000] {logging_mixin.py:120} INFO - [2022-11-08T14:32:39.753+0000] {dag.py:3340} INFO - Setting next_dagrun for example_sla_dag to 2022-11-08T14:30:00+00:00, run_after=2022-11-08T14:32:00+00:00
[2022-11-08T14:32:39.773+0000] {processor.py:176} INFO - Processing /home/airflow/.local/lib/python3.7/site-packages/airflow/example_dags/example_sla_dag.py took 0.093 seconds
[2022-11-08T14:33:11.350+0000] {processor.py:154} INFO - Started process (PID=465) to work on /home/airflow/.local/lib/python3.7/site-packages/airflow/example_dags/example_sla_dag.py
[2022-11-08T14:33:11.351+0000] {processor.py:756} INFO - Processing file /home/airflow/.local/lib/python3.7/site-packages/airflow/example_dags/example_sla_dag.py for tasks to queue
[2022-11-08T14:33:11.352+0000] {logging_mixin.py:120} INFO - [2022-11-08T14:33:11.351+0000] {dagbag.py:537} INFO - Filling up the DagBag from /home/airflow/.local/lib/python3.7/site-packages/airflow/example_dags/example_sla_dag.py
[2022-11-08T14:33:11.371+0000] {processor.py:766} INFO - DAG(s) dict_keys(['example_sla_dag']) retrieved from /home/airflow/.local/lib/python3.7/site-packages/airflow/example_dags/example_sla_dag.py
[2022-11-08T14:33:11.404+0000] {logging_mixin.py:120} INFO - [2022-11-08T14:33:11.404+0000] {dag.py:2585} INFO - Sync 1 DAGs
[2022-11-08T14:33:11.425+0000] {logging_mixin.py:120} INFO - [2022-11-08T14:33:11.425+0000] {dag.py:3340} INFO - Setting next_dagrun for example_sla_dag to 2022-11-08T14:30:00+00:00, run_after=2022-11-08T14:32:00+00:00
[2022-11-08T14:33:11.445+0000] {processor.py:176} INFO - Processing /home/airflow/.local/lib/python3.7/site-packages/airflow/example_dags/example_sla_dag.py took 0.098 seconds
[2022-11-08T14:33:41.995+0000] {processor.py:154} INFO - Started process (PID=670) to work on /home/airflow/.local/lib/python3.7/site-packages/airflow/example_dags/example_sla_dag.py
[2022-11-08T14:33:41.995+0000] {processor.py:756} INFO - Processing file /home/airflow/.local/lib/python3.7/site-packages/airflow/example_dags/example_sla_dag.py for tasks to queue
[2022-11-08T14:33:41.996+0000] {logging_mixin.py:120} INFO - [2022-11-08T14:33:41.996+0000] {dagbag.py:537} INFO - Filling up the DagBag from /home/airflow/.local/lib/python3.7/site-packages/airflow/example_dags/example_sla_dag.py
[2022-11-08T14:33:42.018+0000] {processor.py:766} INFO - DAG(s) dict_keys(['example_sla_dag']) retrieved from /home/airflow/.local/lib/python3.7/site-packages/airflow/example_dags/example_sla_dag.py
[2022-11-08T14:33:42.042+0000] {logging_mixin.py:120} INFO - [2022-11-08T14:33:42.042+0000] {dag.py:2585} INFO - Sync 1 DAGs
[2022-11-08T14:33:42.066+0000] {logging_mixin.py:120} INFO - [2022-11-08T14:33:42.066+0000] {dag.py:3340} INFO - Setting next_dagrun for example_sla_dag to 2022-11-08T14:30:00+00:00, run_after=2022-11-08T14:32:00+00:00
[2022-11-08T14:33:42.083+0000] {processor.py:176} INFO - Processing /home/airflow/.local/lib/python3.7/site-packages/airflow/example_dags/example_sla_dag.py took 0.092 seconds
[2022-11-08T14:34:12.859+0000] {processor.py:154} INFO - Started process (PID=878) to work on /home/airflow/.local/lib/python3.7/site-packages/airflow/example_dags/example_sla_dag.py
[2022-11-08T14:34:12.860+0000] {processor.py:756} INFO - Processing file /home/airflow/.local/lib/python3.7/site-packages/airflow/example_dags/example_sla_dag.py for tasks to queue
[2022-11-08T14:34:12.861+0000] {logging_mixin.py:120} INFO - [2022-11-08T14:34:12.861+0000] {dagbag.py:537} INFO - Filling up the DagBag from /home/airflow/.local/lib/python3.7/site-packages/airflow/example_dags/example_sla_dag.py
[2022-11-08T14:34:12.887+0000] {processor.py:766} INFO - DAG(s) dict_keys(['example_sla_dag']) retrieved from /home/airflow/.local/lib/python3.7/site-packages/airflow/example_dags/example_sla_dag.py
[2022-11-08T14:34:12.933+0000] {logging_mixin.py:120} INFO - [2022-11-08T14:34:12.933+0000] {dag.py:2585} INFO - Sync 1 DAGs
[2022-11-08T14:34:12.964+0000] {logging_mixin.py:120} INFO - [2022-11-08T14:34:12.963+0000] {dag.py:3340} INFO - Setting next_dagrun for example_sla_dag to 2022-11-08T14:32:00+00:00, run_after=2022-11-08T14:34:00+00:00
[2022-11-08T14:34:12.992+0000] {processor.py:176} INFO - Processing /home/airflow/.local/lib/python3.7/site-packages/airflow/example_dags/example_sla_dag.py took 0.137 seconds
[2022-11-08T14:34:43.958+0000] {processor.py:154} INFO - Started process (PID=1076) to work on /home/airflow/.local/lib/python3.7/site-packages/airflow/example_dags/example_sla_dag.py
[2022-11-08T14:34:43.959+0000] {processor.py:756} INFO - Processing file /home/airflow/.local/lib/python3.7/site-packages/airflow/example_dags/example_sla_dag.py for tasks to queue
[2022-11-08T14:34:43.960+0000] {logging_mixin.py:120} INFO - [2022-11-08T14:34:43.960+0000] {dagbag.py:537} INFO - Filling up the DagBag from /home/airflow/.local/lib/python3.7/site-packages/airflow/example_dags/example_sla_dag.py
[2022-11-08T14:34:43.985+0000] {processor.py:766} INFO - DAG(s) dict_keys(['example_sla_dag']) retrieved from /home/airflow/.local/lib/python3.7/site-packages/airflow/example_dags/example_sla_dag.py
[2022-11-08T14:34:44.026+0000] {logging_mixin.py:120} INFO - [2022-11-08T14:34:44.026+0000] {dag.py:2585} INFO - Sync 1 DAGs
[2022-11-08T14:34:44.056+0000] {logging_mixin.py:120} INFO - [2022-11-08T14:34:44.055+0000] {dag.py:3340} INFO - Setting next_dagrun for example_sla_dag to 2022-11-08T14:32:00+00:00, run_after=2022-11-08T14:34:00+00:00
[2022-11-08T14:34:44.076+0000] {processor.py:176} INFO - Processing /home/airflow/.local/lib/python3.7/site-packages/airflow/example_dags/example_sla_dag.py took 0.122 seconds
[2022-11-08T14:35:14.922+0000] {processor.py:154} INFO - Started process (PID=1285) to work on /home/airflow/.local/lib/python3.7/site-packages/airflow/example_dags/example_sla_dag.py
[2022-11-08T14:35:14.922+0000] {processor.py:756} INFO - Processing file /home/airflow/.local/lib/python3.7/site-packages/airflow/example_dags/example_sla_dag.py for tasks to queue
[2022-11-08T14:35:14.923+0000] {logging_mixin.py:120} INFO - [2022-11-08T14:35:14.923+0000] {dagbag.py:537} INFO - Filling up the DagBag from /home/airflow/.local/lib/python3.7/site-packages/airflow/example_dags/example_sla_dag.py
[2022-11-08T14:35:14.944+0000] {processor.py:766} INFO - DAG(s) dict_keys(['example_sla_dag']) retrieved from /home/airflow/.local/lib/python3.7/site-packages/airflow/example_dags/example_sla_dag.py
[2022-11-08T14:35:14.981+0000] {logging_mixin.py:120} INFO - [2022-11-08T14:35:14.981+0000] {dag.py:2585} INFO - Sync 1 DAGs
[2022-11-08T14:35:15.005+0000] {logging_mixin.py:120} INFO - [2022-11-08T14:35:15.004+0000] {dag.py:3340} INFO - Setting next_dagrun for example_sla_dag to 2022-11-08T14:32:00+00:00, run_after=2022-11-08T14:34:00+00:00
[2022-11-08T14:35:15.023+0000] {processor.py:176} INFO - Processing /home/airflow/.local/lib/python3.7/site-packages/airflow/example_dags/example_sla_dag.py took 0.105 seconds
[2022-11-08T14:35:45.476+0000] {processor.py:154} INFO - Started process (PID=1490) to work on /home/airflow/.local/lib/python3.7/site-packages/airflow/example_dags/example_sla_dag.py
[2022-11-08T14:35:45.477+0000] {processor.py:756} INFO - Processing file /home/airflow/.local/lib/python3.7/site-packages/airflow/example_dags/example_sla_dag.py for tasks to queue
[2022-11-08T14:35:45.478+0000] {logging_mixin.py:120} INFO - [2022-11-08T14:35:45.477+0000] {dagbag.py:537} INFO - Filling up the DagBag from /home/airflow/.local/lib/python3.7/site-packages/airflow/example_dags/example_sla_dag.py
[2022-11-08T14:35:45.496+0000] {processor.py:766} INFO - DAG(s) dict_keys(['example_sla_dag']) retrieved from /home/airflow/.local/lib/python3.7/site-packages/airflow/example_dags/example_sla_dag.py
[2022-11-08T14:35:45.531+0000] {logging_mixin.py:120} INFO - [2022-11-08T14:35:45.531+0000] {dag.py:2585} INFO - Sync 1 DAGs
[2022-11-08T14:35:45.553+0000] {logging_mixin.py:120} INFO - [2022-11-08T14:35:45.552+0000] {dag.py:3340} INFO - Setting next_dagrun for example_sla_dag to 2022-11-08T14:32:00+00:00, run_after=2022-11-08T14:34:00+00:00
[2022-11-08T14:35:45.568+0000] {processor.py:176} INFO - Processing /home/airflow/.local/lib/python3.7/site-packages/airflow/example_dags/example_sla_dag.py took 0.095 seconds
[2022-11-08T14:36:16.285+0000] {processor.py:154} INFO - Started process (PID=1699) to work on /home/airflow/.local/lib/python3.7/site-packages/airflow/example_dags/example_sla_dag.py
[2022-11-08T14:36:16.286+0000] {processor.py:756} INFO - Processing file /home/airflow/.local/lib/python3.7/site-packages/airflow/example_dags/example_sla_dag.py for tasks to queue
[2022-11-08T14:36:16.287+0000] {logging_mixin.py:120} INFO - [2022-11-08T14:36:16.287+0000] {dagbag.py:537} INFO - Filling up the DagBag from /home/airflow/.local/lib/python3.7/site-packages/airflow/example_dags/example_sla_dag.py
[2022-11-08T14:36:16.306+0000] {processor.py:766} INFO - DAG(s) dict_keys(['example_sla_dag']) retrieved from /home/airflow/.local/lib/python3.7/site-packages/airflow/example_dags/example_sla_dag.py
[2022-11-08T14:36:16.342+0000] {logging_mixin.py:120} INFO - [2022-11-08T14:36:16.342+0000] {dag.py:2585} INFO - Sync 1 DAGs
[2022-11-08T14:36:16.363+0000] {logging_mixin.py:120} INFO - [2022-11-08T14:36:16.363+0000] {dag.py:3340} INFO - Setting next_dagrun for example_sla_dag to 2022-11-08T14:34:00+00:00, run_after=2022-11-08T14:36:00+00:00
[2022-11-08T14:36:16.378+0000] {processor.py:176} INFO - Processing /home/airflow/.local/lib/python3.7/site-packages/airflow/example_dags/example_sla_dag.py took 0.096 seconds
[2022-11-08T14:36:46.926+0000] {processor.py:154} INFO - Started process (PID=1904) to work on /home/airflow/.local/lib/python3.7/site-packages/airflow/example_dags/example_sla_dag.py
[2022-11-08T14:36:46.927+0000] {processor.py:756} INFO - Processing file /home/airflow/.local/lib/python3.7/site-packages/airflow/example_dags/example_sla_dag.py for tasks to queue
[2022-11-08T14:36:46.928+0000] {logging_mixin.py:120} INFO - [2022-11-08T14:36:46.928+0000] {dagbag.py:537} INFO - Filling up the DagBag from /home/airflow/.local/lib/python3.7/site-packages/airflow/example_dags/example_sla_dag.py
[2022-11-08T14:36:46.950+0000] {processor.py:766} INFO - DAG(s) dict_keys(['example_sla_dag']) retrieved from /home/airflow/.local/lib/python3.7/site-packages/airflow/example_dags/example_sla_dag.py
[2022-11-08T14:36:46.987+0000] {logging_mixin.py:120} INFO - [2022-11-08T14:36:46.987+0000] {dag.py:2585} INFO - Sync 1 DAGs
[2022-11-08T14:36:47.011+0000] {logging_mixin.py:120} INFO - [2022-11-08T14:36:47.011+0000] {dag.py:3340} INFO - Setting next_dagrun for example_sla_dag to 2022-11-08T14:34:00+00:00, run_after=2022-11-08T14:36:00+00:00
[2022-11-08T14:36:47.026+0000] {processor.py:176} INFO - Processing /home/airflow/.local/lib/python3.7/site-packages/airflow/example_dags/example_sla_dag.py took 0.103 seconds
[2022-11-08T14:37:17.836+0000] {processor.py:154} INFO - Started process (PID=2102) to work on /home/airflow/.local/lib/python3.7/site-packages/airflow/example_dags/example_sla_dag.py
[2022-11-08T14:37:17.840+0000] {processor.py:756} INFO - Processing file /home/airflow/.local/lib/python3.7/site-packages/airflow/example_dags/example_sla_dag.py for tasks to queue
[2022-11-08T14:37:17.841+0000] {logging_mixin.py:120} INFO - [2022-11-08T14:37:17.841+0000] {dagbag.py:537} INFO - Filling up the DagBag from /home/airflow/.local/lib/python3.7/site-packages/airflow/example_dags/example_sla_dag.py
[2022-11-08T14:37:17.863+0000] {processor.py:766} INFO - DAG(s) dict_keys(['example_sla_dag']) retrieved from /home/airflow/.local/lib/python3.7/site-packages/airflow/example_dags/example_sla_dag.py
[2022-11-08T14:37:17.906+0000] {logging_mixin.py:120} INFO - [2022-11-08T14:37:17.905+0000] {dag.py:2585} INFO - Sync 1 DAGs
[2022-11-08T14:37:17.932+0000] {logging_mixin.py:120} INFO - [2022-11-08T14:37:17.931+0000] {dag.py:3340} INFO - Setting next_dagrun for example_sla_dag to 2022-11-08T14:34:00+00:00, run_after=2022-11-08T14:36:00+00:00
[2022-11-08T14:37:17.948+0000] {processor.py:176} INFO - Processing /home/airflow/.local/lib/python3.7/site-packages/airflow/example_dags/example_sla_dag.py took 0.116 seconds
[2022-11-08T14:37:48.446+0000] {processor.py:154} INFO - Started process (PID=2309) to work on /home/airflow/.local/lib/python3.7/site-packages/airflow/example_dags/example_sla_dag.py
[2022-11-08T14:37:48.447+0000] {processor.py:756} INFO - Processing file /home/airflow/.local/lib/python3.7/site-packages/airflow/example_dags/example_sla_dag.py for tasks to queue
[2022-11-08T14:37:48.448+0000] {logging_mixin.py:120} INFO - [2022-11-08T14:37:48.447+0000] {dagbag.py:537} INFO - Filling up the DagBag from /home/airflow/.local/lib/python3.7/site-packages/airflow/example_dags/example_sla_dag.py
[2022-11-08T14:37:48.468+0000] {processor.py:766} INFO - DAG(s) dict_keys(['example_sla_dag']) retrieved from /home/airflow/.local/lib/python3.7/site-packages/airflow/example_dags/example_sla_dag.py
[2022-11-08T14:37:48.491+0000] {logging_mixin.py:120} INFO - [2022-11-08T14:37:48.491+0000] {dag.py:2585} INFO - Sync 1 DAGs
[2022-11-08T14:37:48.521+0000] {logging_mixin.py:120} INFO - [2022-11-08T14:37:48.521+0000] {dag.py:3340} INFO - Setting next_dagrun for example_sla_dag to 2022-11-08T14:34:00+00:00, run_after=2022-11-08T14:36:00+00:00
[2022-11-08T14:37:48.538+0000] {processor.py:176} INFO - Processing /home/airflow/.local/lib/python3.7/site-packages/airflow/example_dags/example_sla_dag.py took 0.095 seconds
[2022-11-08T14:38:19.184+0000] {processor.py:154} INFO - Started process (PID=2515) to work on /home/airflow/.local/lib/python3.7/site-packages/airflow/example_dags/example_sla_dag.py
[2022-11-08T14:38:19.185+0000] {processor.py:756} INFO - Processing file /home/airflow/.local/lib/python3.7/site-packages/airflow/example_dags/example_sla_dag.py for tasks to queue
[2022-11-08T14:38:19.185+0000] {logging_mixin.py:120} INFO - [2022-11-08T14:38:19.185+0000] {dagbag.py:537} INFO - Filling up the DagBag from /home/airflow/.local/lib/python3.7/site-packages/airflow/example_dags/example_sla_dag.py
[2022-11-08T14:38:19.206+0000] {processor.py:766} INFO - DAG(s) dict_keys(['example_sla_dag']) retrieved from /home/airflow/.local/lib/python3.7/site-packages/airflow/example_dags/example_sla_dag.py
[2022-11-08T14:38:19.231+0000] {logging_mixin.py:120} INFO - [2022-11-08T14:38:19.231+0000] {dag.py:2585} INFO - Sync 1 DAGs
[2022-11-08T14:38:19.260+0000] {logging_mixin.py:120} INFO - [2022-11-08T14:38:19.260+0000] {dag.py:3340} INFO - Setting next_dagrun for example_sla_dag to 2022-11-08T14:36:00+00:00, run_after=2022-11-08T14:38:00+00:00
[2022-11-08T14:38:19.279+0000] {processor.py:176} INFO - Processing /home/airflow/.local/lib/python3.7/site-packages/airflow/example_dags/example_sla_dag.py took 0.099 seconds
[2022-11-08T14:38:49.594+0000] {processor.py:154} INFO - Started process (PID=2722) to work on /home/airflow/.local/lib/python3.7/site-packages/airflow/example_dags/example_sla_dag.py
[2022-11-08T14:38:49.595+0000] {processor.py:756} INFO - Processing file /home/airflow/.local/lib/python3.7/site-packages/airflow/example_dags/example_sla_dag.py for tasks to queue
[2022-11-08T14:38:49.595+0000] {logging_mixin.py:120} INFO - [2022-11-08T14:38:49.595+0000] {dagbag.py:537} INFO - Filling up the DagBag from /home/airflow/.local/lib/python3.7/site-packages/airflow/example_dags/example_sla_dag.py
[2022-11-08T14:38:49.617+0000] {processor.py:766} INFO - DAG(s) dict_keys(['example_sla_dag']) retrieved from /home/airflow/.local/lib/python3.7/site-packages/airflow/example_dags/example_sla_dag.py
[2022-11-08T14:38:49.660+0000] {logging_mixin.py:120} INFO - [2022-11-08T14:38:49.660+0000] {dag.py:2585} INFO - Sync 1 DAGs
[2022-11-08T14:38:49.692+0000] {logging_mixin.py:120} INFO - [2022-11-08T14:38:49.692+0000] {dag.py:3340} INFO - Setting next_dagrun for example_sla_dag to 2022-11-08T14:36:00+00:00, run_after=2022-11-08T14:38:00+00:00
[2022-11-08T14:38:49.712+0000] {processor.py:176} INFO - Processing /home/airflow/.local/lib/python3.7/site-packages/airflow/example_dags/example_sla_dag.py took 0.122 seconds
[2022-11-08T14:39:20.364+0000] {processor.py:154} INFO - Started process (PID=2929) to work on /home/airflow/.local/lib/python3.7/site-packages/airflow/example_dags/example_sla_dag.py
[2022-11-08T14:39:20.365+0000] {processor.py:756} INFO - Processing file /home/airflow/.local/lib/python3.7/site-packages/airflow/example_dags/example_sla_dag.py for tasks to queue
[2022-11-08T14:39:20.366+0000] {logging_mixin.py:120} INFO - [2022-11-08T14:39:20.366+0000] {dagbag.py:537} INFO - Filling up the DagBag from /home/airflow/.local/lib/python3.7/site-packages/airflow/example_dags/example_sla_dag.py
[2022-11-08T14:39:20.385+0000] {processor.py:766} INFO - DAG(s) dict_keys(['example_sla_dag']) retrieved from /home/airflow/.local/lib/python3.7/site-packages/airflow/example_dags/example_sla_dag.py
[2022-11-08T14:39:20.423+0000] {logging_mixin.py:120} INFO - [2022-11-08T14:39:20.423+0000] {dag.py:2585} INFO - Sync 1 DAGs
[2022-11-08T14:39:20.448+0000] {logging_mixin.py:120} INFO - [2022-11-08T14:39:20.448+0000] {dag.py:3340} INFO - Setting next_dagrun for example_sla_dag to 2022-11-08T14:36:00+00:00, run_after=2022-11-08T14:38:00+00:00
[2022-11-08T14:39:20.465+0000] {processor.py:176} INFO - Processing /home/airflow/.local/lib/python3.7/site-packages/airflow/example_dags/example_sla_dag.py took 0.104 seconds
[2022-11-08T14:39:51.253+0000] {processor.py:154} INFO - Started process (PID=3127) to work on /home/airflow/.local/lib/python3.7/site-packages/airflow/example_dags/example_sla_dag.py
[2022-11-08T14:39:51.254+0000] {processor.py:756} INFO - Processing file /home/airflow/.local/lib/python3.7/site-packages/airflow/example_dags/example_sla_dag.py for tasks to queue
[2022-11-08T14:39:51.258+0000] {logging_mixin.py:120} INFO - [2022-11-08T14:39:51.257+0000] {dagbag.py:537} INFO - Filling up the DagBag from /home/airflow/.local/lib/python3.7/site-packages/airflow/example_dags/example_sla_dag.py
[2022-11-08T14:39:51.279+0000] {processor.py:766} INFO - DAG(s) dict_keys(['example_sla_dag']) retrieved from /home/airflow/.local/lib/python3.7/site-packages/airflow/example_dags/example_sla_dag.py
[2022-11-08T14:39:51.316+0000] {logging_mixin.py:120} INFO - [2022-11-08T14:39:51.315+0000] {dag.py:2585} INFO - Sync 1 DAGs
[2022-11-08T14:39:51.341+0000] {logging_mixin.py:120} INFO - [2022-11-08T14:39:51.341+0000] {dag.py:3340} INFO - Setting next_dagrun for example_sla_dag to 2022-11-08T14:36:00+00:00, run_after=2022-11-08T14:38:00+00:00
[2022-11-08T14:39:51.358+0000] {processor.py:176} INFO - Processing /home/airflow/.local/lib/python3.7/site-packages/airflow/example_dags/example_sla_dag.py took 0.109 seconds
[2022-11-08T14:40:22.458+0000] {processor.py:154} INFO - Started process (PID=3334) to work on /home/airflow/.local/lib/python3.7/site-packages/airflow/example_dags/example_sla_dag.py
[2022-11-08T14:40:22.459+0000] {processor.py:756} INFO - Processing file /home/airflow/.local/lib/python3.7/site-packages/airflow/example_dags/example_sla_dag.py for tasks to queue
[2022-11-08T14:40:22.460+0000] {logging_mixin.py:120} INFO - [2022-11-08T14:40:22.460+0000] {dagbag.py:537} INFO - Filling up the DagBag from /home/airflow/.local/lib/python3.7/site-packages/airflow/example_dags/example_sla_dag.py
[2022-11-08T14:40:22.490+0000] {processor.py:766} INFO - DAG(s) dict_keys(['example_sla_dag']) retrieved from /home/airflow/.local/lib/python3.7/site-packages/airflow/example_dags/example_sla_dag.py
[2022-11-08T14:40:22.548+0000] {logging_mixin.py:120} INFO - [2022-11-08T14:40:22.547+0000] {dag.py:2585} INFO - Sync 1 DAGs
[2022-11-08T14:40:22.583+0000] {logging_mixin.py:120} INFO - [2022-11-08T14:40:22.583+0000] {dag.py:3340} INFO - Setting next_dagrun for example_sla_dag to 2022-11-08T14:38:00+00:00, run_after=2022-11-08T14:40:00+00:00
[2022-11-08T14:40:22.614+0000] {processor.py:176} INFO - Processing /home/airflow/.local/lib/python3.7/site-packages/airflow/example_dags/example_sla_dag.py took 0.159 seconds
[2022-11-08T14:40:52.664+0000] {processor.py:154} INFO - Started process (PID=3541) to work on /home/airflow/.local/lib/python3.7/site-packages/airflow/example_dags/example_sla_dag.py
[2022-11-08T14:40:52.665+0000] {processor.py:756} INFO - Processing file /home/airflow/.local/lib/python3.7/site-packages/airflow/example_dags/example_sla_dag.py for tasks to queue
[2022-11-08T14:40:52.666+0000] {logging_mixin.py:120} INFO - [2022-11-08T14:40:52.666+0000] {dagbag.py:537} INFO - Filling up the DagBag from /home/airflow/.local/lib/python3.7/site-packages/airflow/example_dags/example_sla_dag.py
[2022-11-08T14:40:52.690+0000] {processor.py:766} INFO - DAG(s) dict_keys(['example_sla_dag']) retrieved from /home/airflow/.local/lib/python3.7/site-packages/airflow/example_dags/example_sla_dag.py
[2022-11-08T14:40:52.737+0000] {logging_mixin.py:120} INFO - [2022-11-08T14:40:52.736+0000] {dag.py:2585} INFO - Sync 1 DAGs
[2022-11-08T14:40:52.770+0000] {logging_mixin.py:120} INFO - [2022-11-08T14:40:52.769+0000] {dag.py:3340} INFO - Setting next_dagrun for example_sla_dag to 2022-11-08T14:38:00+00:00, run_after=2022-11-08T14:40:00+00:00
[2022-11-08T14:40:52.790+0000] {processor.py:176} INFO - Processing /home/airflow/.local/lib/python3.7/site-packages/airflow/example_dags/example_sla_dag.py took 0.130 seconds
[2022-11-08T14:41:23.056+0000] {processor.py:154} INFO - Started process (PID=3748) to work on /home/airflow/.local/lib/python3.7/site-packages/airflow/example_dags/example_sla_dag.py
[2022-11-08T14:41:23.057+0000] {processor.py:756} INFO - Processing file /home/airflow/.local/lib/python3.7/site-packages/airflow/example_dags/example_sla_dag.py for tasks to queue
[2022-11-08T14:41:23.058+0000] {logging_mixin.py:120} INFO - [2022-11-08T14:41:23.058+0000] {dagbag.py:537} INFO - Filling up the DagBag from /home/airflow/.local/lib/python3.7/site-packages/airflow/example_dags/example_sla_dag.py
[2022-11-08T14:41:23.078+0000] {processor.py:766} INFO - DAG(s) dict_keys(['example_sla_dag']) retrieved from /home/airflow/.local/lib/python3.7/site-packages/airflow/example_dags/example_sla_dag.py
[2022-11-08T14:41:23.120+0000] {logging_mixin.py:120} INFO - [2022-11-08T14:41:23.120+0000] {dag.py:2585} INFO - Sync 1 DAGs
[2022-11-08T14:41:23.153+0000] {logging_mixin.py:120} INFO - [2022-11-08T14:41:23.153+0000] {dag.py:3340} INFO - Setting next_dagrun for example_sla_dag to 2022-11-08T14:38:00+00:00, run_after=2022-11-08T14:40:00+00:00
[2022-11-08T14:41:23.173+0000] {processor.py:176} INFO - Processing /home/airflow/.local/lib/python3.7/site-packages/airflow/example_dags/example_sla_dag.py took 0.120 seconds
[2022-11-08T14:41:53.377+0000] {processor.py:154} INFO - Started process (PID=3946) to work on /home/airflow/.local/lib/python3.7/site-packages/airflow/example_dags/example_sla_dag.py
[2022-11-08T14:41:53.378+0000] {processor.py:756} INFO - Processing file /home/airflow/.local/lib/python3.7/site-packages/airflow/example_dags/example_sla_dag.py for tasks to queue
[2022-11-08T14:41:53.380+0000] {logging_mixin.py:120} INFO - [2022-11-08T14:41:53.379+0000] {dagbag.py:537} INFO - Filling up the DagBag from /home/airflow/.local/lib/python3.7/site-packages/airflow/example_dags/example_sla_dag.py
[2022-11-08T14:41:53.416+0000] {processor.py:766} INFO - DAG(s) dict_keys(['example_sla_dag']) retrieved from /home/airflow/.local/lib/python3.7/site-packages/airflow/example_dags/example_sla_dag.py
[2022-11-08T14:41:53.464+0000] {logging_mixin.py:120} INFO - [2022-11-08T14:41:53.464+0000] {dag.py:2585} INFO - Sync 1 DAGs
[2022-11-08T14:41:53.491+0000] {logging_mixin.py:120} INFO - [2022-11-08T14:41:53.491+0000] {dag.py:3340} INFO - Setting next_dagrun for example_sla_dag to 2022-11-08T14:38:00+00:00, run_after=2022-11-08T14:40:00+00:00
[2022-11-08T14:41:53.515+0000] {processor.py:176} INFO - Processing /home/airflow/.local/lib/python3.7/site-packages/airflow/example_dags/example_sla_dag.py took 0.143 seconds
[2022-11-08T14:42:23.635+0000] {processor.py:154} INFO - Started process (PID=4155) to work on /home/airflow/.local/lib/python3.7/site-packages/airflow/example_dags/example_sla_dag.py
[2022-11-08T14:42:23.635+0000] {processor.py:756} INFO - Processing file /home/airflow/.local/lib/python3.7/site-packages/airflow/example_dags/example_sla_dag.py for tasks to queue
[2022-11-08T14:42:23.636+0000] {logging_mixin.py:120} INFO - [2022-11-08T14:42:23.636+0000] {dagbag.py:537} INFO - Filling up the DagBag from /home/airflow/.local/lib/python3.7/site-packages/airflow/example_dags/example_sla_dag.py
[2022-11-08T14:42:23.656+0000] {processor.py:766} INFO - DAG(s) dict_keys(['example_sla_dag']) retrieved from /home/airflow/.local/lib/python3.7/site-packages/airflow/example_dags/example_sla_dag.py
[2022-11-08T14:42:23.678+0000] {logging_mixin.py:120} INFO - [2022-11-08T14:42:23.678+0000] {dag.py:2585} INFO - Sync 1 DAGs
[2022-11-08T14:42:23.702+0000] {logging_mixin.py:120} INFO - [2022-11-08T14:42:23.702+0000] {dag.py:3340} INFO - Setting next_dagrun for example_sla_dag to 2022-11-08T14:40:00+00:00, run_after=2022-11-08T14:42:00+00:00
[2022-11-08T14:42:23.721+0000] {processor.py:176} INFO - Processing /home/airflow/.local/lib/python3.7/site-packages/airflow/example_dags/example_sla_dag.py took 0.090 seconds
[2022-11-08T14:42:54.185+0000] {processor.py:154} INFO - Started process (PID=4361) to work on /home/airflow/.local/lib/python3.7/site-packages/airflow/example_dags/example_sla_dag.py
[2022-11-08T14:42:54.186+0000] {processor.py:756} INFO - Processing file /home/airflow/.local/lib/python3.7/site-packages/airflow/example_dags/example_sla_dag.py for tasks to queue
[2022-11-08T14:42:54.186+0000] {logging_mixin.py:120} INFO - [2022-11-08T14:42:54.186+0000] {dagbag.py:537} INFO - Filling up the DagBag from /home/airflow/.local/lib/python3.7/site-packages/airflow/example_dags/example_sla_dag.py
[2022-11-08T14:42:54.207+0000] {processor.py:766} INFO - DAG(s) dict_keys(['example_sla_dag']) retrieved from /home/airflow/.local/lib/python3.7/site-packages/airflow/example_dags/example_sla_dag.py
[2022-11-08T14:42:54.239+0000] {logging_mixin.py:120} INFO - [2022-11-08T14:42:54.239+0000] {dag.py:2585} INFO - Sync 1 DAGs
[2022-11-08T14:42:54.265+0000] {logging_mixin.py:120} INFO - [2022-11-08T14:42:54.265+0000] {dag.py:3340} INFO - Setting next_dagrun for example_sla_dag to 2022-11-08T14:40:00+00:00, run_after=2022-11-08T14:42:00+00:00
[2022-11-08T14:42:54.286+0000] {processor.py:176} INFO - Processing /home/airflow/.local/lib/python3.7/site-packages/airflow/example_dags/example_sla_dag.py took 0.104 seconds
[2022-11-08T14:43:24.760+0000] {processor.py:154} INFO - Started process (PID=4567) to work on /home/airflow/.local/lib/python3.7/site-packages/airflow/example_dags/example_sla_dag.py
[2022-11-08T14:43:24.760+0000] {processor.py:756} INFO - Processing file /home/airflow/.local/lib/python3.7/site-packages/airflow/example_dags/example_sla_dag.py for tasks to queue
[2022-11-08T14:43:24.761+0000] {logging_mixin.py:120} INFO - [2022-11-08T14:43:24.761+0000] {dagbag.py:537} INFO - Filling up the DagBag from /home/airflow/.local/lib/python3.7/site-packages/airflow/example_dags/example_sla_dag.py
[2022-11-08T14:43:24.781+0000] {processor.py:766} INFO - DAG(s) dict_keys(['example_sla_dag']) retrieved from /home/airflow/.local/lib/python3.7/site-packages/airflow/example_dags/example_sla_dag.py
[2022-11-08T14:43:24.814+0000] {logging_mixin.py:120} INFO - [2022-11-08T14:43:24.814+0000] {dag.py:2585} INFO - Sync 1 DAGs
[2022-11-08T14:43:24.835+0000] {logging_mixin.py:120} INFO - [2022-11-08T14:43:24.835+0000] {dag.py:3340} INFO - Setting next_dagrun for example_sla_dag to 2022-11-08T14:40:00+00:00, run_after=2022-11-08T14:42:00+00:00
[2022-11-08T14:43:24.850+0000] {processor.py:176} INFO - Processing /home/airflow/.local/lib/python3.7/site-packages/airflow/example_dags/example_sla_dag.py took 0.094 seconds
[2022-11-08T14:43:55.289+0000] {processor.py:154} INFO - Started process (PID=4774) to work on /home/airflow/.local/lib/python3.7/site-packages/airflow/example_dags/example_sla_dag.py
[2022-11-08T14:43:55.290+0000] {processor.py:756} INFO - Processing file /home/airflow/.local/lib/python3.7/site-packages/airflow/example_dags/example_sla_dag.py for tasks to queue
[2022-11-08T14:43:55.290+0000] {logging_mixin.py:120} INFO - [2022-11-08T14:43:55.290+0000] {dagbag.py:537} INFO - Filling up the DagBag from /home/airflow/.local/lib/python3.7/site-packages/airflow/example_dags/example_sla_dag.py
[2022-11-08T14:43:55.311+0000] {processor.py:766} INFO - DAG(s) dict_keys(['example_sla_dag']) retrieved from /home/airflow/.local/lib/python3.7/site-packages/airflow/example_dags/example_sla_dag.py
[2022-11-08T14:43:55.346+0000] {logging_mixin.py:120} INFO - [2022-11-08T14:43:55.346+0000] {dag.py:2585} INFO - Sync 1 DAGs
[2022-11-08T14:43:55.368+0000] {logging_mixin.py:120} INFO - [2022-11-08T14:43:55.368+0000] {dag.py:3340} INFO - Setting next_dagrun for example_sla_dag to 2022-11-08T14:40:00+00:00, run_after=2022-11-08T14:42:00+00:00
[2022-11-08T14:43:55.385+0000] {processor.py:176} INFO - Processing /home/airflow/.local/lib/python3.7/site-packages/airflow/example_dags/example_sla_dag.py took 0.099 seconds
[2022-11-08T14:44:26.056+0000] {processor.py:154} INFO - Started process (PID=4972) to work on /home/airflow/.local/lib/python3.7/site-packages/airflow/example_dags/example_sla_dag.py
[2022-11-08T14:44:26.057+0000] {processor.py:756} INFO - Processing file /home/airflow/.local/lib/python3.7/site-packages/airflow/example_dags/example_sla_dag.py for tasks to queue
[2022-11-08T14:44:26.058+0000] {logging_mixin.py:120} INFO - [2022-11-08T14:44:26.058+0000] {dagbag.py:537} INFO - Filling up the DagBag from /home/airflow/.local/lib/python3.7/site-packages/airflow/example_dags/example_sla_dag.py
[2022-11-08T14:44:26.081+0000] {processor.py:766} INFO - DAG(s) dict_keys(['example_sla_dag']) retrieved from /home/airflow/.local/lib/python3.7/site-packages/airflow/example_dags/example_sla_dag.py
[2022-11-08T14:44:26.126+0000] {logging_mixin.py:120} INFO - [2022-11-08T14:44:26.126+0000] {dag.py:2585} INFO - Sync 1 DAGs
[2022-11-08T14:44:26.160+0000] {logging_mixin.py:120} INFO - [2022-11-08T14:44:26.160+0000] {dag.py:3340} INFO - Setting next_dagrun for example_sla_dag to 2022-11-08T14:42:00+00:00, run_after=2022-11-08T14:44:00+00:00
[2022-11-08T14:44:26.182+0000] {processor.py:176} INFO - Processing /home/airflow/.local/lib/python3.7/site-packages/airflow/example_dags/example_sla_dag.py took 0.130 seconds
[2022-11-08T14:44:56.648+0000] {processor.py:154} INFO - Started process (PID=5180) to work on /home/airflow/.local/lib/python3.7/site-packages/airflow/example_dags/example_sla_dag.py
[2022-11-08T14:44:56.648+0000] {processor.py:756} INFO - Processing file /home/airflow/.local/lib/python3.7/site-packages/airflow/example_dags/example_sla_dag.py for tasks to queue
[2022-11-08T14:44:56.649+0000] {logging_mixin.py:120} INFO - [2022-11-08T14:44:56.649+0000] {dagbag.py:537} INFO - Filling up the DagBag from /home/airflow/.local/lib/python3.7/site-packages/airflow/example_dags/example_sla_dag.py
[2022-11-08T14:44:56.669+0000] {processor.py:766} INFO - DAG(s) dict_keys(['example_sla_dag']) retrieved from /home/airflow/.local/lib/python3.7/site-packages/airflow/example_dags/example_sla_dag.py
[2022-11-08T14:44:56.702+0000] {logging_mixin.py:120} INFO - [2022-11-08T14:44:56.702+0000] {dag.py:2585} INFO - Sync 1 DAGs
[2022-11-08T14:44:56.723+0000] {logging_mixin.py:120} INFO - [2022-11-08T14:44:56.723+0000] {dag.py:3340} INFO - Setting next_dagrun for example_sla_dag to 2022-11-08T14:42:00+00:00, run_after=2022-11-08T14:44:00+00:00
[2022-11-08T14:44:56.738+0000] {processor.py:176} INFO - Processing /home/airflow/.local/lib/python3.7/site-packages/airflow/example_dags/example_sla_dag.py took 0.093 seconds
[2022-11-08T14:45:27.109+0000] {processor.py:154} INFO - Started process (PID=5385) to work on /home/airflow/.local/lib/python3.7/site-packages/airflow/example_dags/example_sla_dag.py
[2022-11-08T14:45:27.110+0000] {processor.py:756} INFO - Processing file /home/airflow/.local/lib/python3.7/site-packages/airflow/example_dags/example_sla_dag.py for tasks to queue
[2022-11-08T14:45:27.111+0000] {logging_mixin.py:120} INFO - [2022-11-08T14:45:27.110+0000] {dagbag.py:537} INFO - Filling up the DagBag from /home/airflow/.local/lib/python3.7/site-packages/airflow/example_dags/example_sla_dag.py
[2022-11-08T14:45:27.130+0000] {processor.py:766} INFO - DAG(s) dict_keys(['example_sla_dag']) retrieved from /home/airflow/.local/lib/python3.7/site-packages/airflow/example_dags/example_sla_dag.py
[2022-11-08T14:45:27.165+0000] {logging_mixin.py:120} INFO - [2022-11-08T14:45:27.164+0000] {dag.py:2585} INFO - Sync 1 DAGs
[2022-11-08T14:45:27.192+0000] {logging_mixin.py:120} INFO - [2022-11-08T14:45:27.192+0000] {dag.py:3340} INFO - Setting next_dagrun for example_sla_dag to 2022-11-08T14:42:00+00:00, run_after=2022-11-08T14:44:00+00:00
[2022-11-08T14:45:27.207+0000] {processor.py:176} INFO - Processing /home/airflow/.local/lib/python3.7/site-packages/airflow/example_dags/example_sla_dag.py took 0.101 seconds
[2022-11-08T14:45:57.438+0000] {processor.py:154} INFO - Started process (PID=5592) to work on /home/airflow/.local/lib/python3.7/site-packages/airflow/example_dags/example_sla_dag.py
[2022-11-08T14:45:57.439+0000] {processor.py:756} INFO - Processing file /home/airflow/.local/lib/python3.7/site-packages/airflow/example_dags/example_sla_dag.py for tasks to queue
[2022-11-08T14:45:57.440+0000] {logging_mixin.py:120} INFO - [2022-11-08T14:45:57.440+0000] {dagbag.py:537} INFO - Filling up the DagBag from /home/airflow/.local/lib/python3.7/site-packages/airflow/example_dags/example_sla_dag.py
[2022-11-08T14:45:57.465+0000] {processor.py:766} INFO - DAG(s) dict_keys(['example_sla_dag']) retrieved from /home/airflow/.local/lib/python3.7/site-packages/airflow/example_dags/example_sla_dag.py
[2022-11-08T14:45:57.502+0000] {logging_mixin.py:120} INFO - [2022-11-08T14:45:57.502+0000] {dag.py:2585} INFO - Sync 1 DAGs
[2022-11-08T14:45:57.525+0000] {logging_mixin.py:120} INFO - [2022-11-08T14:45:57.525+0000] {dag.py:3340} INFO - Setting next_dagrun for example_sla_dag to 2022-11-08T14:42:00+00:00, run_after=2022-11-08T14:44:00+00:00
[2022-11-08T14:45:57.542+0000] {processor.py:176} INFO - Processing /home/airflow/.local/lib/python3.7/site-packages/airflow/example_dags/example_sla_dag.py took 0.106 seconds
[2022-11-08T14:46:28.282+0000] {processor.py:154} INFO - Started process (PID=5798) to work on /home/airflow/.local/lib/python3.7/site-packages/airflow/example_dags/example_sla_dag.py
[2022-11-08T14:46:28.283+0000] {processor.py:756} INFO - Processing file /home/airflow/.local/lib/python3.7/site-packages/airflow/example_dags/example_sla_dag.py for tasks to queue
[2022-11-08T14:46:28.284+0000] {logging_mixin.py:120} INFO - [2022-11-08T14:46:28.284+0000] {dagbag.py:537} INFO - Filling up the DagBag from /home/airflow/.local/lib/python3.7/site-packages/airflow/example_dags/example_sla_dag.py
[2022-11-08T14:46:28.313+0000] {processor.py:766} INFO - DAG(s) dict_keys(['example_sla_dag']) retrieved from /home/airflow/.local/lib/python3.7/site-packages/airflow/example_dags/example_sla_dag.py
[2022-11-08T14:46:28.357+0000] {logging_mixin.py:120} INFO - [2022-11-08T14:46:28.357+0000] {dag.py:2585} INFO - Sync 1 DAGs
[2022-11-08T14:46:28.381+0000] {logging_mixin.py:120} INFO - [2022-11-08T14:46:28.381+0000] {dag.py:3340} INFO - Setting next_dagrun for example_sla_dag to 2022-11-08T14:44:00+00:00, run_after=2022-11-08T14:46:00+00:00
[2022-11-08T14:46:28.399+0000] {processor.py:176} INFO - Processing /home/airflow/.local/lib/python3.7/site-packages/airflow/example_dags/example_sla_dag.py took 0.123 seconds
[2022-11-08T14:46:58.537+0000] {processor.py:154} INFO - Started process (PID=5997) to work on /home/airflow/.local/lib/python3.7/site-packages/airflow/example_dags/example_sla_dag.py
[2022-11-08T14:46:58.538+0000] {processor.py:756} INFO - Processing file /home/airflow/.local/lib/python3.7/site-packages/airflow/example_dags/example_sla_dag.py for tasks to queue
[2022-11-08T14:46:58.538+0000] {logging_mixin.py:120} INFO - [2022-11-08T14:46:58.538+0000] {dagbag.py:537} INFO - Filling up the DagBag from /home/airflow/.local/lib/python3.7/site-packages/airflow/example_dags/example_sla_dag.py
[2022-11-08T14:46:58.557+0000] {processor.py:766} INFO - DAG(s) dict_keys(['example_sla_dag']) retrieved from /home/airflow/.local/lib/python3.7/site-packages/airflow/example_dags/example_sla_dag.py
[2022-11-08T14:46:58.578+0000] {logging_mixin.py:120} INFO - [2022-11-08T14:46:58.577+0000] {dag.py:2585} INFO - Sync 1 DAGs
[2022-11-08T14:46:58.600+0000] {logging_mixin.py:120} INFO - [2022-11-08T14:46:58.600+0000] {dag.py:3340} INFO - Setting next_dagrun for example_sla_dag to 2022-11-08T14:44:00+00:00, run_after=2022-11-08T14:46:00+00:00
[2022-11-08T14:46:58.617+0000] {processor.py:176} INFO - Processing /home/airflow/.local/lib/python3.7/site-packages/airflow/example_dags/example_sla_dag.py took 0.084 seconds
[2022-11-08T14:47:29.248+0000] {processor.py:154} INFO - Started process (PID=6204) to work on /home/airflow/.local/lib/python3.7/site-packages/airflow/example_dags/example_sla_dag.py
[2022-11-08T14:47:29.249+0000] {processor.py:756} INFO - Processing file /home/airflow/.local/lib/python3.7/site-packages/airflow/example_dags/example_sla_dag.py for tasks to queue
[2022-11-08T14:47:29.249+0000] {logging_mixin.py:120} INFO - [2022-11-08T14:47:29.249+0000] {dagbag.py:537} INFO - Filling up the DagBag from /home/airflow/.local/lib/python3.7/site-packages/airflow/example_dags/example_sla_dag.py
[2022-11-08T14:47:29.272+0000] {processor.py:766} INFO - DAG(s) dict_keys(['example_sla_dag']) retrieved from /home/airflow/.local/lib/python3.7/site-packages/airflow/example_dags/example_sla_dag.py
[2022-11-08T14:47:29.310+0000] {logging_mixin.py:120} INFO - [2022-11-08T14:47:29.309+0000] {dag.py:2585} INFO - Sync 1 DAGs
[2022-11-08T14:47:29.333+0000] {logging_mixin.py:120} INFO - [2022-11-08T14:47:29.333+0000] {dag.py:3340} INFO - Setting next_dagrun for example_sla_dag to 2022-11-08T14:44:00+00:00, run_after=2022-11-08T14:46:00+00:00
[2022-11-08T14:47:29.350+0000] {processor.py:176} INFO - Processing /home/airflow/.local/lib/python3.7/site-packages/airflow/example_dags/example_sla_dag.py took 0.106 seconds
[2022-11-08T14:48:00.170+0000] {processor.py:154} INFO - Started process (PID=6413) to work on /home/airflow/.local/lib/python3.7/site-packages/airflow/example_dags/example_sla_dag.py
[2022-11-08T14:48:00.171+0000] {processor.py:756} INFO - Processing file /home/airflow/.local/lib/python3.7/site-packages/airflow/example_dags/example_sla_dag.py for tasks to queue
[2022-11-08T14:48:00.172+0000] {logging_mixin.py:120} INFO - [2022-11-08T14:48:00.172+0000] {dagbag.py:537} INFO - Filling up the DagBag from /home/airflow/.local/lib/python3.7/site-packages/airflow/example_dags/example_sla_dag.py
[2022-11-08T14:48:00.192+0000] {processor.py:766} INFO - DAG(s) dict_keys(['example_sla_dag']) retrieved from /home/airflow/.local/lib/python3.7/site-packages/airflow/example_dags/example_sla_dag.py
[2022-11-08T14:48:00.227+0000] {logging_mixin.py:120} INFO - [2022-11-08T14:48:00.227+0000] {dag.py:2585} INFO - Sync 1 DAGs
[2022-11-08T14:48:00.250+0000] {logging_mixin.py:120} INFO - [2022-11-08T14:48:00.250+0000] {dag.py:3340} INFO - Setting next_dagrun for example_sla_dag to 2022-11-08T14:46:00+00:00, run_after=2022-11-08T14:48:00+00:00
[2022-11-08T14:48:00.266+0000] {processor.py:176} INFO - Processing /home/airflow/.local/lib/python3.7/site-packages/airflow/example_dags/example_sla_dag.py took 0.099 seconds
[2022-11-08T14:48:31.117+0000] {processor.py:154} INFO - Started process (PID=6620) to work on /home/airflow/.local/lib/python3.7/site-packages/airflow/example_dags/example_sla_dag.py
[2022-11-08T14:48:31.118+0000] {processor.py:756} INFO - Processing file /home/airflow/.local/lib/python3.7/site-packages/airflow/example_dags/example_sla_dag.py for tasks to queue
[2022-11-08T14:48:31.118+0000] {logging_mixin.py:120} INFO - [2022-11-08T14:48:31.118+0000] {dagbag.py:537} INFO - Filling up the DagBag from /home/airflow/.local/lib/python3.7/site-packages/airflow/example_dags/example_sla_dag.py
[2022-11-08T14:48:31.142+0000] {processor.py:766} INFO - DAG(s) dict_keys(['example_sla_dag']) retrieved from /home/airflow/.local/lib/python3.7/site-packages/airflow/example_dags/example_sla_dag.py
[2022-11-08T14:48:31.197+0000] {logging_mixin.py:120} INFO - [2022-11-08T14:48:31.196+0000] {dag.py:2585} INFO - Sync 1 DAGs
[2022-11-08T14:48:31.236+0000] {logging_mixin.py:120} INFO - [2022-11-08T14:48:31.236+0000] {dag.py:3340} INFO - Setting next_dagrun for example_sla_dag to 2022-11-08T14:46:00+00:00, run_after=2022-11-08T14:48:00+00:00
[2022-11-08T14:48:31.265+0000] {processor.py:176} INFO - Processing /home/airflow/.local/lib/python3.7/site-packages/airflow/example_dags/example_sla_dag.py took 0.152 seconds
[2022-11-08T14:49:01.407+0000] {processor.py:154} INFO - Started process (PID=6824) to work on /home/airflow/.local/lib/python3.7/site-packages/airflow/example_dags/example_sla_dag.py
[2022-11-08T14:49:01.408+0000] {processor.py:756} INFO - Processing file /home/airflow/.local/lib/python3.7/site-packages/airflow/example_dags/example_sla_dag.py for tasks to queue
[2022-11-08T14:49:01.409+0000] {logging_mixin.py:120} INFO - [2022-11-08T14:49:01.409+0000] {dagbag.py:537} INFO - Filling up the DagBag from /home/airflow/.local/lib/python3.7/site-packages/airflow/example_dags/example_sla_dag.py
[2022-11-08T14:49:01.430+0000] {processor.py:766} INFO - DAG(s) dict_keys(['example_sla_dag']) retrieved from /home/airflow/.local/lib/python3.7/site-packages/airflow/example_dags/example_sla_dag.py
[2022-11-08T14:49:01.469+0000] {logging_mixin.py:120} INFO - [2022-11-08T14:49:01.468+0000] {dag.py:2585} INFO - Sync 1 DAGs
[2022-11-08T14:49:01.500+0000] {logging_mixin.py:120} INFO - [2022-11-08T14:49:01.500+0000] {dag.py:3340} INFO - Setting next_dagrun for example_sla_dag to 2022-11-08T14:46:00+00:00, run_after=2022-11-08T14:48:00+00:00
[2022-11-08T14:49:01.518+0000] {processor.py:176} INFO - Processing /home/airflow/.local/lib/python3.7/site-packages/airflow/example_dags/example_sla_dag.py took 0.114 seconds
[2022-11-08T14:49:31.610+0000] {processor.py:154} INFO - Started process (PID=7024) to work on /home/airflow/.local/lib/python3.7/site-packages/airflow/example_dags/example_sla_dag.py
[2022-11-08T14:49:31.611+0000] {processor.py:756} INFO - Processing file /home/airflow/.local/lib/python3.7/site-packages/airflow/example_dags/example_sla_dag.py for tasks to queue
[2022-11-08T14:49:31.612+0000] {logging_mixin.py:120} INFO - [2022-11-08T14:49:31.612+0000] {dagbag.py:537} INFO - Filling up the DagBag from /home/airflow/.local/lib/python3.7/site-packages/airflow/example_dags/example_sla_dag.py
[2022-11-08T14:49:31.630+0000] {processor.py:766} INFO - DAG(s) dict_keys(['example_sla_dag']) retrieved from /home/airflow/.local/lib/python3.7/site-packages/airflow/example_dags/example_sla_dag.py
[2022-11-08T14:49:31.662+0000] {logging_mixin.py:120} INFO - [2022-11-08T14:49:31.662+0000] {dag.py:2585} INFO - Sync 1 DAGs
[2022-11-08T14:49:31.682+0000] {logging_mixin.py:120} INFO - [2022-11-08T14:49:31.682+0000] {dag.py:3340} INFO - Setting next_dagrun for example_sla_dag to 2022-11-08T14:46:00+00:00, run_after=2022-11-08T14:48:00+00:00
[2022-11-08T14:49:31.697+0000] {processor.py:176} INFO - Processing /home/airflow/.local/lib/python3.7/site-packages/airflow/example_dags/example_sla_dag.py took 0.090 seconds
[2022-11-08T14:50:02.052+0000] {processor.py:154} INFO - Started process (PID=7231) to work on /home/airflow/.local/lib/python3.7/site-packages/airflow/example_dags/example_sla_dag.py
[2022-11-08T14:50:02.053+0000] {processor.py:756} INFO - Processing file /home/airflow/.local/lib/python3.7/site-packages/airflow/example_dags/example_sla_dag.py for tasks to queue
[2022-11-08T14:50:02.054+0000] {logging_mixin.py:120} INFO - [2022-11-08T14:50:02.054+0000] {dagbag.py:537} INFO - Filling up the DagBag from /home/airflow/.local/lib/python3.7/site-packages/airflow/example_dags/example_sla_dag.py
[2022-11-08T14:50:02.075+0000] {processor.py:766} INFO - DAG(s) dict_keys(['example_sla_dag']) retrieved from /home/airflow/.local/lib/python3.7/site-packages/airflow/example_dags/example_sla_dag.py
[2022-11-08T14:50:02.112+0000] {logging_mixin.py:120} INFO - [2022-11-08T14:50:02.112+0000] {dag.py:2585} INFO - Sync 1 DAGs
[2022-11-08T14:50:02.136+0000] {logging_mixin.py:120} INFO - [2022-11-08T14:50:02.136+0000] {dag.py:3340} INFO - Setting next_dagrun for example_sla_dag to 2022-11-08T14:48:00+00:00, run_after=2022-11-08T14:50:00+00:00
[2022-11-08T14:50:02.155+0000] {processor.py:176} INFO - Processing /home/airflow/.local/lib/python3.7/site-packages/airflow/example_dags/example_sla_dag.py took 0.106 seconds
[2022-11-08T14:50:32.683+0000] {processor.py:154} INFO - Started process (PID=7439) to work on /home/airflow/.local/lib/python3.7/site-packages/airflow/example_dags/example_sla_dag.py
[2022-11-08T14:50:32.684+0000] {processor.py:756} INFO - Processing file /home/airflow/.local/lib/python3.7/site-packages/airflow/example_dags/example_sla_dag.py for tasks to queue
[2022-11-08T14:50:32.685+0000] {logging_mixin.py:120} INFO - [2022-11-08T14:50:32.685+0000] {dagbag.py:537} INFO - Filling up the DagBag from /home/airflow/.local/lib/python3.7/site-packages/airflow/example_dags/example_sla_dag.py
[2022-11-08T14:50:32.703+0000] {processor.py:766} INFO - DAG(s) dict_keys(['example_sla_dag']) retrieved from /home/airflow/.local/lib/python3.7/site-packages/airflow/example_dags/example_sla_dag.py
[2022-11-08T14:50:32.734+0000] {logging_mixin.py:120} INFO - [2022-11-08T14:50:32.734+0000] {dag.py:2585} INFO - Sync 1 DAGs
[2022-11-08T14:50:32.754+0000] {logging_mixin.py:120} INFO - [2022-11-08T14:50:32.754+0000] {dag.py:3340} INFO - Setting next_dagrun for example_sla_dag to 2022-11-08T14:48:00+00:00, run_after=2022-11-08T14:50:00+00:00
[2022-11-08T14:50:32.768+0000] {processor.py:176} INFO - Processing /home/airflow/.local/lib/python3.7/site-packages/airflow/example_dags/example_sla_dag.py took 0.088 seconds
[2022-11-08T14:51:03.381+0000] {processor.py:154} INFO - Started process (PID=7635) to work on /home/airflow/.local/lib/python3.7/site-packages/airflow/example_dags/example_sla_dag.py
[2022-11-08T14:51:03.382+0000] {processor.py:756} INFO - Processing file /home/airflow/.local/lib/python3.7/site-packages/airflow/example_dags/example_sla_dag.py for tasks to queue
[2022-11-08T14:51:03.383+0000] {logging_mixin.py:120} INFO - [2022-11-08T14:51:03.383+0000] {dagbag.py:537} INFO - Filling up the DagBag from /home/airflow/.local/lib/python3.7/site-packages/airflow/example_dags/example_sla_dag.py
[2022-11-08T14:51:03.402+0000] {processor.py:766} INFO - DAG(s) dict_keys(['example_sla_dag']) retrieved from /home/airflow/.local/lib/python3.7/site-packages/airflow/example_dags/example_sla_dag.py
[2022-11-08T14:51:03.435+0000] {logging_mixin.py:120} INFO - [2022-11-08T14:51:03.435+0000] {dag.py:2585} INFO - Sync 1 DAGs
[2022-11-08T14:51:03.458+0000] {logging_mixin.py:120} INFO - [2022-11-08T14:51:03.458+0000] {dag.py:3340} INFO - Setting next_dagrun for example_sla_dag to 2022-11-08T14:48:00+00:00, run_after=2022-11-08T14:50:00+00:00
[2022-11-08T14:51:03.475+0000] {processor.py:176} INFO - Processing /home/airflow/.local/lib/python3.7/site-packages/airflow/example_dags/example_sla_dag.py took 0.097 seconds
[2022-11-08T14:51:34.331+0000] {processor.py:154} INFO - Started process (PID=7845) to work on /home/airflow/.local/lib/python3.7/site-packages/airflow/example_dags/example_sla_dag.py
[2022-11-08T14:51:34.332+0000] {processor.py:756} INFO - Processing file /home/airflow/.local/lib/python3.7/site-packages/airflow/example_dags/example_sla_dag.py for tasks to queue
[2022-11-08T14:51:34.333+0000] {logging_mixin.py:120} INFO - [2022-11-08T14:51:34.333+0000] {dagbag.py:537} INFO - Filling up the DagBag from /home/airflow/.local/lib/python3.7/site-packages/airflow/example_dags/example_sla_dag.py
[2022-11-08T14:51:34.358+0000] {processor.py:766} INFO - DAG(s) dict_keys(['example_sla_dag']) retrieved from /home/airflow/.local/lib/python3.7/site-packages/airflow/example_dags/example_sla_dag.py
[2022-11-08T14:51:34.401+0000] {logging_mixin.py:120} INFO - [2022-11-08T14:51:34.401+0000] {dag.py:2585} INFO - Sync 1 DAGs
[2022-11-08T14:51:34.427+0000] {logging_mixin.py:120} INFO - [2022-11-08T14:51:34.427+0000] {dag.py:3340} INFO - Setting next_dagrun for example_sla_dag to 2022-11-08T14:48:00+00:00, run_after=2022-11-08T14:50:00+00:00
[2022-11-08T14:51:34.449+0000] {processor.py:176} INFO - Processing /home/airflow/.local/lib/python3.7/site-packages/airflow/example_dags/example_sla_dag.py took 0.122 seconds
[2022-11-08T14:52:05.482+0000] {processor.py:154} INFO - Started process (PID=8052) to work on /home/airflow/.local/lib/python3.7/site-packages/airflow/example_dags/example_sla_dag.py
[2022-11-08T14:52:05.483+0000] {processor.py:756} INFO - Processing file /home/airflow/.local/lib/python3.7/site-packages/airflow/example_dags/example_sla_dag.py for tasks to queue
[2022-11-08T14:52:05.483+0000] {logging_mixin.py:120} INFO - [2022-11-08T14:52:05.483+0000] {dagbag.py:537} INFO - Filling up the DagBag from /home/airflow/.local/lib/python3.7/site-packages/airflow/example_dags/example_sla_dag.py
[2022-11-08T14:52:05.509+0000] {processor.py:766} INFO - DAG(s) dict_keys(['example_sla_dag']) retrieved from /home/airflow/.local/lib/python3.7/site-packages/airflow/example_dags/example_sla_dag.py
[2022-11-08T14:52:05.565+0000] {logging_mixin.py:120} INFO - [2022-11-08T14:52:05.564+0000] {dag.py:2585} INFO - Sync 1 DAGs
[2022-11-08T14:52:05.612+0000] {logging_mixin.py:120} INFO - [2022-11-08T14:52:05.612+0000] {dag.py:3340} INFO - Setting next_dagrun for example_sla_dag to 2022-11-08T14:50:00+00:00, run_after=2022-11-08T14:52:00+00:00
[2022-11-08T14:52:05.642+0000] {processor.py:176} INFO - Processing /home/airflow/.local/lib/python3.7/site-packages/airflow/example_dags/example_sla_dag.py took 0.164 seconds
[2022-11-08T14:52:35.965+0000] {processor.py:154} INFO - Started process (PID=8259) to work on /home/airflow/.local/lib/python3.7/site-packages/airflow/example_dags/example_sla_dag.py
[2022-11-08T14:52:35.966+0000] {processor.py:756} INFO - Processing file /home/airflow/.local/lib/python3.7/site-packages/airflow/example_dags/example_sla_dag.py for tasks to queue
[2022-11-08T14:52:35.966+0000] {logging_mixin.py:120} INFO - [2022-11-08T14:52:35.966+0000] {dagbag.py:537} INFO - Filling up the DagBag from /home/airflow/.local/lib/python3.7/site-packages/airflow/example_dags/example_sla_dag.py
[2022-11-08T14:52:35.989+0000] {processor.py:766} INFO - DAG(s) dict_keys(['example_sla_dag']) retrieved from /home/airflow/.local/lib/python3.7/site-packages/airflow/example_dags/example_sla_dag.py
[2022-11-08T14:52:36.033+0000] {logging_mixin.py:120} INFO - [2022-11-08T14:52:36.033+0000] {dag.py:2585} INFO - Sync 1 DAGs
[2022-11-08T14:52:36.062+0000] {logging_mixin.py:120} INFO - [2022-11-08T14:52:36.062+0000] {dag.py:3340} INFO - Setting next_dagrun for example_sla_dag to 2022-11-08T14:50:00+00:00, run_after=2022-11-08T14:52:00+00:00
[2022-11-08T14:52:36.082+0000] {processor.py:176} INFO - Processing /home/airflow/.local/lib/python3.7/site-packages/airflow/example_dags/example_sla_dag.py took 0.121 seconds
[2022-11-08T14:53:06.331+0000] {processor.py:154} INFO - Started process (PID=8458) to work on /home/airflow/.local/lib/python3.7/site-packages/airflow/example_dags/example_sla_dag.py
[2022-11-08T14:53:06.333+0000] {processor.py:756} INFO - Processing file /home/airflow/.local/lib/python3.7/site-packages/airflow/example_dags/example_sla_dag.py for tasks to queue
[2022-11-08T14:53:06.334+0000] {logging_mixin.py:120} INFO - [2022-11-08T14:53:06.334+0000] {dagbag.py:537} INFO - Filling up the DagBag from /home/airflow/.local/lib/python3.7/site-packages/airflow/example_dags/example_sla_dag.py
[2022-11-08T14:53:06.360+0000] {processor.py:766} INFO - DAG(s) dict_keys(['example_sla_dag']) retrieved from /home/airflow/.local/lib/python3.7/site-packages/airflow/example_dags/example_sla_dag.py
[2022-11-08T14:53:06.402+0000] {logging_mixin.py:120} INFO - [2022-11-08T14:53:06.402+0000] {dag.py:2585} INFO - Sync 1 DAGs
[2022-11-08T14:53:06.430+0000] {logging_mixin.py:120} INFO - [2022-11-08T14:53:06.429+0000] {dag.py:3340} INFO - Setting next_dagrun for example_sla_dag to 2022-11-08T14:50:00+00:00, run_after=2022-11-08T14:52:00+00:00
[2022-11-08T14:53:06.449+0000] {processor.py:176} INFO - Processing /home/airflow/.local/lib/python3.7/site-packages/airflow/example_dags/example_sla_dag.py took 0.122 seconds
[2022-11-08T14:53:36.514+0000] {processor.py:154} INFO - Started process (PID=8666) to work on /home/airflow/.local/lib/python3.7/site-packages/airflow/example_dags/example_sla_dag.py
[2022-11-08T14:53:36.516+0000] {processor.py:756} INFO - Processing file /home/airflow/.local/lib/python3.7/site-packages/airflow/example_dags/example_sla_dag.py for tasks to queue
[2022-11-08T14:53:36.517+0000] {logging_mixin.py:120} INFO - [2022-11-08T14:53:36.517+0000] {dagbag.py:537} INFO - Filling up the DagBag from /home/airflow/.local/lib/python3.7/site-packages/airflow/example_dags/example_sla_dag.py
[2022-11-08T14:53:36.540+0000] {processor.py:766} INFO - DAG(s) dict_keys(['example_sla_dag']) retrieved from /home/airflow/.local/lib/python3.7/site-packages/airflow/example_dags/example_sla_dag.py
[2022-11-08T14:53:36.581+0000] {logging_mixin.py:120} INFO - [2022-11-08T14:53:36.581+0000] {dag.py:2585} INFO - Sync 1 DAGs
[2022-11-08T14:53:36.606+0000] {logging_mixin.py:120} INFO - [2022-11-08T14:53:36.606+0000] {dag.py:3340} INFO - Setting next_dagrun for example_sla_dag to 2022-11-08T14:50:00+00:00, run_after=2022-11-08T14:52:00+00:00
[2022-11-08T14:53:36.627+0000] {processor.py:176} INFO - Processing /home/airflow/.local/lib/python3.7/site-packages/airflow/example_dags/example_sla_dag.py took 0.117 seconds
[2022-11-08T14:54:06.894+0000] {processor.py:154} INFO - Started process (PID=8873) to work on /home/airflow/.local/lib/python3.7/site-packages/airflow/example_dags/example_sla_dag.py
[2022-11-08T14:54:06.895+0000] {processor.py:756} INFO - Processing file /home/airflow/.local/lib/python3.7/site-packages/airflow/example_dags/example_sla_dag.py for tasks to queue
[2022-11-08T14:54:06.896+0000] {logging_mixin.py:120} INFO - [2022-11-08T14:54:06.896+0000] {dagbag.py:537} INFO - Filling up the DagBag from /home/airflow/.local/lib/python3.7/site-packages/airflow/example_dags/example_sla_dag.py
[2022-11-08T14:54:06.927+0000] {processor.py:766} INFO - DAG(s) dict_keys(['example_sla_dag']) retrieved from /home/airflow/.local/lib/python3.7/site-packages/airflow/example_dags/example_sla_dag.py
[2022-11-08T14:54:06.973+0000] {logging_mixin.py:120} INFO - [2022-11-08T14:54:06.973+0000] {dag.py:2585} INFO - Sync 1 DAGs
[2022-11-08T14:54:07.002+0000] {logging_mixin.py:120} INFO - [2022-11-08T14:54:07.002+0000] {dag.py:3340} INFO - Setting next_dagrun for example_sla_dag to 2022-11-08T14:52:00+00:00, run_after=2022-11-08T14:54:00+00:00
[2022-11-08T14:54:07.029+0000] {processor.py:176} INFO - Processing /home/airflow/.local/lib/python3.7/site-packages/airflow/example_dags/example_sla_dag.py took 0.140 seconds
[2022-11-08T14:54:37.390+0000] {processor.py:154} INFO - Started process (PID=9078) to work on /home/airflow/.local/lib/python3.7/site-packages/airflow/example_dags/example_sla_dag.py
[2022-11-08T14:54:37.391+0000] {processor.py:756} INFO - Processing file /home/airflow/.local/lib/python3.7/site-packages/airflow/example_dags/example_sla_dag.py for tasks to queue
[2022-11-08T14:54:37.391+0000] {logging_mixin.py:120} INFO - [2022-11-08T14:54:37.391+0000] {dagbag.py:537} INFO - Filling up the DagBag from /home/airflow/.local/lib/python3.7/site-packages/airflow/example_dags/example_sla_dag.py
[2022-11-08T14:54:37.419+0000] {processor.py:766} INFO - DAG(s) dict_keys(['example_sla_dag']) retrieved from /home/airflow/.local/lib/python3.7/site-packages/airflow/example_dags/example_sla_dag.py
[2022-11-08T14:54:37.473+0000] {logging_mixin.py:120} INFO - [2022-11-08T14:54:37.472+0000] {dag.py:2585} INFO - Sync 1 DAGs
[2022-11-08T14:54:37.503+0000] {logging_mixin.py:120} INFO - [2022-11-08T14:54:37.503+0000] {dag.py:3340} INFO - Setting next_dagrun for example_sla_dag to 2022-11-08T14:52:00+00:00, run_after=2022-11-08T14:54:00+00:00
[2022-11-08T14:54:37.533+0000] {processor.py:176} INFO - Processing /home/airflow/.local/lib/python3.7/site-packages/airflow/example_dags/example_sla_dag.py took 0.147 seconds
[2022-11-08T14:55:07.916+0000] {processor.py:154} INFO - Started process (PID=9278) to work on /home/airflow/.local/lib/python3.7/site-packages/airflow/example_dags/example_sla_dag.py
[2022-11-08T14:55:07.917+0000] {processor.py:756} INFO - Processing file /home/airflow/.local/lib/python3.7/site-packages/airflow/example_dags/example_sla_dag.py for tasks to queue
[2022-11-08T14:55:07.918+0000] {logging_mixin.py:120} INFO - [2022-11-08T14:55:07.918+0000] {dagbag.py:537} INFO - Filling up the DagBag from /home/airflow/.local/lib/python3.7/site-packages/airflow/example_dags/example_sla_dag.py
[2022-11-08T14:55:07.944+0000] {processor.py:766} INFO - DAG(s) dict_keys(['example_sla_dag']) retrieved from /home/airflow/.local/lib/python3.7/site-packages/airflow/example_dags/example_sla_dag.py
[2022-11-08T14:55:07.997+0000] {logging_mixin.py:120} INFO - [2022-11-08T14:55:07.997+0000] {dag.py:2585} INFO - Sync 1 DAGs
[2022-11-08T14:55:08.034+0000] {logging_mixin.py:120} INFO - [2022-11-08T14:55:08.033+0000] {dag.py:3340} INFO - Setting next_dagrun for example_sla_dag to 2022-11-08T14:52:00+00:00, run_after=2022-11-08T14:54:00+00:00
[2022-11-08T14:55:08.056+0000] {processor.py:176} INFO - Processing /home/airflow/.local/lib/python3.7/site-packages/airflow/example_dags/example_sla_dag.py took 0.147 seconds
[2022-11-08T14:55:38.194+0000] {processor.py:154} INFO - Started process (PID=9485) to work on /home/airflow/.local/lib/python3.7/site-packages/airflow/example_dags/example_sla_dag.py
[2022-11-08T14:55:38.195+0000] {processor.py:756} INFO - Processing file /home/airflow/.local/lib/python3.7/site-packages/airflow/example_dags/example_sla_dag.py for tasks to queue
[2022-11-08T14:55:38.196+0000] {logging_mixin.py:120} INFO - [2022-11-08T14:55:38.196+0000] {dagbag.py:537} INFO - Filling up the DagBag from /home/airflow/.local/lib/python3.7/site-packages/airflow/example_dags/example_sla_dag.py
[2022-11-08T14:55:38.223+0000] {processor.py:766} INFO - DAG(s) dict_keys(['example_sla_dag']) retrieved from /home/airflow/.local/lib/python3.7/site-packages/airflow/example_dags/example_sla_dag.py
[2022-11-08T14:55:38.271+0000] {logging_mixin.py:120} INFO - [2022-11-08T14:55:38.270+0000] {dag.py:2585} INFO - Sync 1 DAGs
[2022-11-08T14:55:38.308+0000] {logging_mixin.py:120} INFO - [2022-11-08T14:55:38.308+0000] {dag.py:3340} INFO - Setting next_dagrun for example_sla_dag to 2022-11-08T14:52:00+00:00, run_after=2022-11-08T14:54:00+00:00
[2022-11-08T14:55:38.330+0000] {processor.py:176} INFO - Processing /home/airflow/.local/lib/python3.7/site-packages/airflow/example_dags/example_sla_dag.py took 0.142 seconds
[2022-11-08T14:56:08.734+0000] {processor.py:154} INFO - Started process (PID=9692) to work on /home/airflow/.local/lib/python3.7/site-packages/airflow/example_dags/example_sla_dag.py
[2022-11-08T14:56:08.735+0000] {processor.py:756} INFO - Processing file /home/airflow/.local/lib/python3.7/site-packages/airflow/example_dags/example_sla_dag.py for tasks to queue
[2022-11-08T14:56:08.735+0000] {logging_mixin.py:120} INFO - [2022-11-08T14:56:08.735+0000] {dagbag.py:537} INFO - Filling up the DagBag from /home/airflow/.local/lib/python3.7/site-packages/airflow/example_dags/example_sla_dag.py
[2022-11-08T14:56:08.766+0000] {processor.py:766} INFO - DAG(s) dict_keys(['example_sla_dag']) retrieved from /home/airflow/.local/lib/python3.7/site-packages/airflow/example_dags/example_sla_dag.py
[2022-11-08T14:56:08.810+0000] {logging_mixin.py:120} INFO - [2022-11-08T14:56:08.810+0000] {dag.py:2585} INFO - Sync 1 DAGs
[2022-11-08T14:56:08.838+0000] {logging_mixin.py:120} INFO - [2022-11-08T14:56:08.838+0000] {dag.py:3340} INFO - Setting next_dagrun for example_sla_dag to 2022-11-08T14:54:00+00:00, run_after=2022-11-08T14:56:00+00:00
[2022-11-08T14:56:08.859+0000] {processor.py:176} INFO - Processing /home/airflow/.local/lib/python3.7/site-packages/airflow/example_dags/example_sla_dag.py took 0.129 seconds
[2022-11-08T14:56:39.814+0000] {processor.py:154} INFO - Started process (PID=9890) to work on /home/airflow/.local/lib/python3.7/site-packages/airflow/example_dags/example_sla_dag.py
[2022-11-08T14:56:39.814+0000] {processor.py:756} INFO - Processing file /home/airflow/.local/lib/python3.7/site-packages/airflow/example_dags/example_sla_dag.py for tasks to queue
[2022-11-08T14:56:39.815+0000] {logging_mixin.py:120} INFO - [2022-11-08T14:56:39.815+0000] {dagbag.py:537} INFO - Filling up the DagBag from /home/airflow/.local/lib/python3.7/site-packages/airflow/example_dags/example_sla_dag.py
[2022-11-08T14:56:39.842+0000] {processor.py:766} INFO - DAG(s) dict_keys(['example_sla_dag']) retrieved from /home/airflow/.local/lib/python3.7/site-packages/airflow/example_dags/example_sla_dag.py
[2022-11-08T14:56:39.886+0000] {logging_mixin.py:120} INFO - [2022-11-08T14:56:39.886+0000] {dag.py:2585} INFO - Sync 1 DAGs
[2022-11-08T14:56:39.916+0000] {logging_mixin.py:120} INFO - [2022-11-08T14:56:39.915+0000] {dag.py:3340} INFO - Setting next_dagrun for example_sla_dag to 2022-11-08T14:54:00+00:00, run_after=2022-11-08T14:56:00+00:00
[2022-11-08T14:56:39.943+0000] {processor.py:176} INFO - Processing /home/airflow/.local/lib/python3.7/site-packages/airflow/example_dags/example_sla_dag.py took 0.133 seconds
[2022-11-08T14:57:10.289+0000] {processor.py:154} INFO - Started process (PID=10098) to work on /home/airflow/.local/lib/python3.7/site-packages/airflow/example_dags/example_sla_dag.py
[2022-11-08T14:57:10.290+0000] {processor.py:756} INFO - Processing file /home/airflow/.local/lib/python3.7/site-packages/airflow/example_dags/example_sla_dag.py for tasks to queue
[2022-11-08T14:57:10.291+0000] {logging_mixin.py:120} INFO - [2022-11-08T14:57:10.291+0000] {dagbag.py:537} INFO - Filling up the DagBag from /home/airflow/.local/lib/python3.7/site-packages/airflow/example_dags/example_sla_dag.py
[2022-11-08T14:57:10.317+0000] {processor.py:766} INFO - DAG(s) dict_keys(['example_sla_dag']) retrieved from /home/airflow/.local/lib/python3.7/site-packages/airflow/example_dags/example_sla_dag.py
[2022-11-08T14:57:10.370+0000] {logging_mixin.py:120} INFO - [2022-11-08T14:57:10.369+0000] {dag.py:2585} INFO - Sync 1 DAGs
[2022-11-08T14:57:10.413+0000] {logging_mixin.py:120} INFO - [2022-11-08T14:57:10.413+0000] {dag.py:3340} INFO - Setting next_dagrun for example_sla_dag to 2022-11-08T14:54:00+00:00, run_after=2022-11-08T14:56:00+00:00
[2022-11-08T14:57:10.432+0000] {processor.py:176} INFO - Processing /home/airflow/.local/lib/python3.7/site-packages/airflow/example_dags/example_sla_dag.py took 0.147 seconds
[2022-11-08T14:57:40.491+0000] {processor.py:154} INFO - Started process (PID=10305) to work on /home/airflow/.local/lib/python3.7/site-packages/airflow/example_dags/example_sla_dag.py
[2022-11-08T14:57:40.492+0000] {processor.py:756} INFO - Processing file /home/airflow/.local/lib/python3.7/site-packages/airflow/example_dags/example_sla_dag.py for tasks to queue
[2022-11-08T14:57:40.493+0000] {logging_mixin.py:120} INFO - [2022-11-08T14:57:40.492+0000] {dagbag.py:537} INFO - Filling up the DagBag from /home/airflow/.local/lib/python3.7/site-packages/airflow/example_dags/example_sla_dag.py
[2022-11-08T14:57:40.521+0000] {processor.py:766} INFO - DAG(s) dict_keys(['example_sla_dag']) retrieved from /home/airflow/.local/lib/python3.7/site-packages/airflow/example_dags/example_sla_dag.py
[2022-11-08T14:57:40.569+0000] {logging_mixin.py:120} INFO - [2022-11-08T14:57:40.569+0000] {dag.py:2585} INFO - Sync 1 DAGs
[2022-11-08T14:57:40.596+0000] {logging_mixin.py:120} INFO - [2022-11-08T14:57:40.596+0000] {dag.py:3340} INFO - Setting next_dagrun for example_sla_dag to 2022-11-08T14:54:00+00:00, run_after=2022-11-08T14:56:00+00:00
[2022-11-08T14:57:40.620+0000] {processor.py:176} INFO - Processing /home/airflow/.local/lib/python3.7/site-packages/airflow/example_dags/example_sla_dag.py took 0.134 seconds
[2022-11-08T14:58:10.858+0000] {processor.py:154} INFO - Started process (PID=10512) to work on /home/airflow/.local/lib/python3.7/site-packages/airflow/example_dags/example_sla_dag.py
[2022-11-08T14:58:10.860+0000] {processor.py:756} INFO - Processing file /home/airflow/.local/lib/python3.7/site-packages/airflow/example_dags/example_sla_dag.py for tasks to queue
[2022-11-08T14:58:10.861+0000] {logging_mixin.py:120} INFO - [2022-11-08T14:58:10.860+0000] {dagbag.py:537} INFO - Filling up the DagBag from /home/airflow/.local/lib/python3.7/site-packages/airflow/example_dags/example_sla_dag.py
[2022-11-08T14:58:10.892+0000] {processor.py:766} INFO - DAG(s) dict_keys(['example_sla_dag']) retrieved from /home/airflow/.local/lib/python3.7/site-packages/airflow/example_dags/example_sla_dag.py
[2022-11-08T14:58:10.947+0000] {logging_mixin.py:120} INFO - [2022-11-08T14:58:10.947+0000] {dag.py:2585} INFO - Sync 1 DAGs
[2022-11-08T14:58:10.979+0000] {logging_mixin.py:120} INFO - [2022-11-08T14:58:10.979+0000] {dag.py:3340} INFO - Setting next_dagrun for example_sla_dag to 2022-11-08T14:56:00+00:00, run_after=2022-11-08T14:58:00+00:00
[2022-11-08T14:58:11.005+0000] {processor.py:176} INFO - Processing /home/airflow/.local/lib/python3.7/site-packages/airflow/example_dags/example_sla_dag.py took 0.152 seconds
[2022-11-08T14:58:41.080+0000] {processor.py:154} INFO - Started process (PID=10710) to work on /home/airflow/.local/lib/python3.7/site-packages/airflow/example_dags/example_sla_dag.py
[2022-11-08T14:58:41.081+0000] {processor.py:756} INFO - Processing file /home/airflow/.local/lib/python3.7/site-packages/airflow/example_dags/example_sla_dag.py for tasks to queue
[2022-11-08T14:58:41.081+0000] {logging_mixin.py:120} INFO - [2022-11-08T14:58:41.081+0000] {dagbag.py:537} INFO - Filling up the DagBag from /home/airflow/.local/lib/python3.7/site-packages/airflow/example_dags/example_sla_dag.py
[2022-11-08T14:58:41.107+0000] {processor.py:766} INFO - DAG(s) dict_keys(['example_sla_dag']) retrieved from /home/airflow/.local/lib/python3.7/site-packages/airflow/example_dags/example_sla_dag.py
[2022-11-08T14:58:41.152+0000] {logging_mixin.py:120} INFO - [2022-11-08T14:58:41.152+0000] {dag.py:2585} INFO - Sync 1 DAGs
[2022-11-08T14:58:41.178+0000] {logging_mixin.py:120} INFO - [2022-11-08T14:58:41.177+0000] {dag.py:3340} INFO - Setting next_dagrun for example_sla_dag to 2022-11-08T14:56:00+00:00, run_after=2022-11-08T14:58:00+00:00
[2022-11-08T14:58:41.196+0000] {processor.py:176} INFO - Processing /home/airflow/.local/lib/python3.7/site-packages/airflow/example_dags/example_sla_dag.py took 0.121 seconds
[2022-11-08T14:59:11.400+0000] {processor.py:154} INFO - Started process (PID=10917) to work on /home/airflow/.local/lib/python3.7/site-packages/airflow/example_dags/example_sla_dag.py
[2022-11-08T14:59:11.401+0000] {processor.py:756} INFO - Processing file /home/airflow/.local/lib/python3.7/site-packages/airflow/example_dags/example_sla_dag.py for tasks to queue
[2022-11-08T14:59:11.402+0000] {logging_mixin.py:120} INFO - [2022-11-08T14:59:11.402+0000] {dagbag.py:537} INFO - Filling up the DagBag from /home/airflow/.local/lib/python3.7/site-packages/airflow/example_dags/example_sla_dag.py
[2022-11-08T14:59:11.426+0000] {processor.py:766} INFO - DAG(s) dict_keys(['example_sla_dag']) retrieved from /home/airflow/.local/lib/python3.7/site-packages/airflow/example_dags/example_sla_dag.py
[2022-11-08T14:59:11.472+0000] {logging_mixin.py:120} INFO - [2022-11-08T14:59:11.471+0000] {dag.py:2585} INFO - Sync 1 DAGs
[2022-11-08T14:59:11.505+0000] {logging_mixin.py:120} INFO - [2022-11-08T14:59:11.505+0000] {dag.py:3340} INFO - Setting next_dagrun for example_sla_dag to 2022-11-08T14:56:00+00:00, run_after=2022-11-08T14:58:00+00:00
[2022-11-08T14:59:11.530+0000] {processor.py:176} INFO - Processing /home/airflow/.local/lib/python3.7/site-packages/airflow/example_dags/example_sla_dag.py took 0.136 seconds
[2022-11-08T14:59:41.650+0000] {processor.py:154} INFO - Started process (PID=11124) to work on /home/airflow/.local/lib/python3.7/site-packages/airflow/example_dags/example_sla_dag.py
[2022-11-08T14:59:41.651+0000] {processor.py:756} INFO - Processing file /home/airflow/.local/lib/python3.7/site-packages/airflow/example_dags/example_sla_dag.py for tasks to queue
[2022-11-08T14:59:41.652+0000] {logging_mixin.py:120} INFO - [2022-11-08T14:59:41.652+0000] {dagbag.py:537} INFO - Filling up the DagBag from /home/airflow/.local/lib/python3.7/site-packages/airflow/example_dags/example_sla_dag.py
[2022-11-08T14:59:41.674+0000] {processor.py:766} INFO - DAG(s) dict_keys(['example_sla_dag']) retrieved from /home/airflow/.local/lib/python3.7/site-packages/airflow/example_dags/example_sla_dag.py
[2022-11-08T14:59:41.720+0000] {logging_mixin.py:120} INFO - [2022-11-08T14:59:41.720+0000] {dag.py:2585} INFO - Sync 1 DAGs
[2022-11-08T14:59:41.750+0000] {logging_mixin.py:120} INFO - [2022-11-08T14:59:41.750+0000] {dag.py:3340} INFO - Setting next_dagrun for example_sla_dag to 2022-11-08T14:56:00+00:00, run_after=2022-11-08T14:58:00+00:00
[2022-11-08T14:59:41.771+0000] {processor.py:176} INFO - Processing /home/airflow/.local/lib/python3.7/site-packages/airflow/example_dags/example_sla_dag.py took 0.125 seconds
[2022-11-08T15:00:11.973+0000] {processor.py:154} INFO - Started process (PID=11322) to work on /home/airflow/.local/lib/python3.7/site-packages/airflow/example_dags/example_sla_dag.py
[2022-11-08T15:00:11.974+0000] {processor.py:756} INFO - Processing file /home/airflow/.local/lib/python3.7/site-packages/airflow/example_dags/example_sla_dag.py for tasks to queue
[2022-11-08T15:00:11.975+0000] {logging_mixin.py:120} INFO - [2022-11-08T15:00:11.975+0000] {dagbag.py:537} INFO - Filling up the DagBag from /home/airflow/.local/lib/python3.7/site-packages/airflow/example_dags/example_sla_dag.py
[2022-11-08T15:00:12.000+0000] {processor.py:766} INFO - DAG(s) dict_keys(['example_sla_dag']) retrieved from /home/airflow/.local/lib/python3.7/site-packages/airflow/example_dags/example_sla_dag.py
[2022-11-08T15:00:12.042+0000] {logging_mixin.py:120} INFO - [2022-11-08T15:00:12.041+0000] {dag.py:2585} INFO - Sync 1 DAGs
[2022-11-08T15:00:12.068+0000] {logging_mixin.py:120} INFO - [2022-11-08T15:00:12.068+0000] {dag.py:3340} INFO - Setting next_dagrun for example_sla_dag to 2022-11-08T14:58:00+00:00, run_after=2022-11-08T15:00:00+00:00
[2022-11-08T15:00:12.092+0000] {processor.py:176} INFO - Processing /home/airflow/.local/lib/python3.7/site-packages/airflow/example_dags/example_sla_dag.py took 0.122 seconds
[2022-11-08T15:00:42.313+0000] {processor.py:154} INFO - Started process (PID=11529) to work on /home/airflow/.local/lib/python3.7/site-packages/airflow/example_dags/example_sla_dag.py
[2022-11-08T15:00:42.316+0000] {processor.py:756} INFO - Processing file /home/airflow/.local/lib/python3.7/site-packages/airflow/example_dags/example_sla_dag.py for tasks to queue
[2022-11-08T15:00:42.317+0000] {logging_mixin.py:120} INFO - [2022-11-08T15:00:42.317+0000] {dagbag.py:537} INFO - Filling up the DagBag from /home/airflow/.local/lib/python3.7/site-packages/airflow/example_dags/example_sla_dag.py
[2022-11-08T15:00:42.351+0000] {processor.py:766} INFO - DAG(s) dict_keys(['example_sla_dag']) retrieved from /home/airflow/.local/lib/python3.7/site-packages/airflow/example_dags/example_sla_dag.py
[2022-11-08T15:00:42.398+0000] {logging_mixin.py:120} INFO - [2022-11-08T15:00:42.397+0000] {dag.py:2585} INFO - Sync 1 DAGs
[2022-11-08T15:00:42.431+0000] {logging_mixin.py:120} INFO - [2022-11-08T15:00:42.431+0000] {dag.py:3340} INFO - Setting next_dagrun for example_sla_dag to 2022-11-08T14:58:00+00:00, run_after=2022-11-08T15:00:00+00:00
[2022-11-08T15:00:42.457+0000] {processor.py:176} INFO - Processing /home/airflow/.local/lib/python3.7/site-packages/airflow/example_dags/example_sla_dag.py took 0.152 seconds
[2022-11-08T15:01:12.526+0000] {processor.py:154} INFO - Started process (PID=11737) to work on /home/airflow/.local/lib/python3.7/site-packages/airflow/example_dags/example_sla_dag.py
[2022-11-08T15:01:12.527+0000] {processor.py:756} INFO - Processing file /home/airflow/.local/lib/python3.7/site-packages/airflow/example_dags/example_sla_dag.py for tasks to queue
[2022-11-08T15:01:12.528+0000] {logging_mixin.py:120} INFO - [2022-11-08T15:01:12.527+0000] {dagbag.py:537} INFO - Filling up the DagBag from /home/airflow/.local/lib/python3.7/site-packages/airflow/example_dags/example_sla_dag.py
[2022-11-08T15:01:12.553+0000] {processor.py:766} INFO - DAG(s) dict_keys(['example_sla_dag']) retrieved from /home/airflow/.local/lib/python3.7/site-packages/airflow/example_dags/example_sla_dag.py
[2022-11-08T15:01:12.597+0000] {logging_mixin.py:120} INFO - [2022-11-08T15:01:12.596+0000] {dag.py:2585} INFO - Sync 1 DAGs
[2022-11-08T15:01:12.626+0000] {logging_mixin.py:120} INFO - [2022-11-08T15:01:12.626+0000] {dag.py:3340} INFO - Setting next_dagrun for example_sla_dag to 2022-11-08T14:58:00+00:00, run_after=2022-11-08T15:00:00+00:00
[2022-11-08T15:01:12.646+0000] {processor.py:176} INFO - Processing /home/airflow/.local/lib/python3.7/site-packages/airflow/example_dags/example_sla_dag.py took 0.125 seconds
