[2022-11-08T14:25:00.268+0000] {processor.py:154} INFO - Started process (PID=55) to work on /home/airflow/.local/lib/python3.7/site-packages/airflow/example_dags/example_branch_labels.py
[2022-11-08T14:25:00.269+0000] {processor.py:756} INFO - Processing file /home/airflow/.local/lib/python3.7/site-packages/airflow/example_dags/example_branch_labels.py for tasks to queue
[2022-11-08T14:25:00.269+0000] {logging_mixin.py:120} INFO - [2022-11-08T14:25:00.269+0000] {dagbag.py:537} INFO - Filling up the DagBag from /home/airflow/.local/lib/python3.7/site-packages/airflow/example_dags/example_branch_labels.py
[2022-11-08T14:25:00.285+0000] {processor.py:766} INFO - DAG(s) dict_keys(['example_branch_labels']) retrieved from /home/airflow/.local/lib/python3.7/site-packages/airflow/example_dags/example_branch_labels.py
[2022-11-08T14:25:00.309+0000] {logging_mixin.py:120} INFO - [2022-11-08T14:25:00.309+0000] {dag.py:2585} INFO - Sync 1 DAGs
[2022-11-08T14:25:00.334+0000] {logging_mixin.py:120} INFO - [2022-11-08T14:25:00.334+0000] {dag.py:3340} INFO - Setting next_dagrun for example_branch_labels to 2022-11-07T00:00:00+00:00, run_after=2022-11-08T00:00:00+00:00
[2022-11-08T14:25:00.349+0000] {processor.py:176} INFO - Processing /home/airflow/.local/lib/python3.7/site-packages/airflow/example_dags/example_branch_labels.py took 0.084 seconds
[2022-11-08T14:25:31.036+0000] {processor.py:154} INFO - Started process (PID=118) to work on /home/airflow/.local/lib/python3.7/site-packages/airflow/example_dags/example_branch_labels.py
[2022-11-08T14:25:31.037+0000] {processor.py:756} INFO - Processing file /home/airflow/.local/lib/python3.7/site-packages/airflow/example_dags/example_branch_labels.py for tasks to queue
[2022-11-08T14:25:31.037+0000] {logging_mixin.py:120} INFO - [2022-11-08T14:25:31.037+0000] {dagbag.py:537} INFO - Filling up the DagBag from /home/airflow/.local/lib/python3.7/site-packages/airflow/example_dags/example_branch_labels.py
[2022-11-08T14:25:31.052+0000] {processor.py:766} INFO - DAG(s) dict_keys(['example_branch_labels']) retrieved from /home/airflow/.local/lib/python3.7/site-packages/airflow/example_dags/example_branch_labels.py
[2022-11-08T14:25:31.092+0000] {logging_mixin.py:120} INFO - [2022-11-08T14:25:31.092+0000] {dag.py:2585} INFO - Sync 1 DAGs
[2022-11-08T14:25:31.116+0000] {logging_mixin.py:120} INFO - [2022-11-08T14:25:31.115+0000] {dag.py:3340} INFO - Setting next_dagrun for example_branch_labels to 2022-11-07T00:00:00+00:00, run_after=2022-11-08T00:00:00+00:00
[2022-11-08T14:25:31.133+0000] {processor.py:176} INFO - Processing /home/airflow/.local/lib/python3.7/site-packages/airflow/example_dags/example_branch_labels.py took 0.100 seconds
[2022-11-08T14:26:01.789+0000] {processor.py:154} INFO - Started process (PID=182) to work on /home/airflow/.local/lib/python3.7/site-packages/airflow/example_dags/example_branch_labels.py
[2022-11-08T14:26:01.790+0000] {processor.py:756} INFO - Processing file /home/airflow/.local/lib/python3.7/site-packages/airflow/example_dags/example_branch_labels.py for tasks to queue
[2022-11-08T14:26:01.790+0000] {logging_mixin.py:120} INFO - [2022-11-08T14:26:01.790+0000] {dagbag.py:537} INFO - Filling up the DagBag from /home/airflow/.local/lib/python3.7/site-packages/airflow/example_dags/example_branch_labels.py
[2022-11-08T14:26:01.805+0000] {processor.py:766} INFO - DAG(s) dict_keys(['example_branch_labels']) retrieved from /home/airflow/.local/lib/python3.7/site-packages/airflow/example_dags/example_branch_labels.py
[2022-11-08T14:26:01.843+0000] {logging_mixin.py:120} INFO - [2022-11-08T14:26:01.842+0000] {dag.py:2585} INFO - Sync 1 DAGs
[2022-11-08T14:26:01.864+0000] {logging_mixin.py:120} INFO - [2022-11-08T14:26:01.864+0000] {dag.py:3340} INFO - Setting next_dagrun for example_branch_labels to 2022-11-07T00:00:00+00:00, run_after=2022-11-08T00:00:00+00:00
[2022-11-08T14:26:01.882+0000] {processor.py:176} INFO - Processing /home/airflow/.local/lib/python3.7/site-packages/airflow/example_dags/example_branch_labels.py took 0.096 seconds
[2022-11-08T14:26:32.401+0000] {processor.py:154} INFO - Started process (PID=245) to work on /home/airflow/.local/lib/python3.7/site-packages/airflow/example_dags/example_branch_labels.py
[2022-11-08T14:26:32.402+0000] {processor.py:756} INFO - Processing file /home/airflow/.local/lib/python3.7/site-packages/airflow/example_dags/example_branch_labels.py for tasks to queue
[2022-11-08T14:26:32.403+0000] {logging_mixin.py:120} INFO - [2022-11-08T14:26:32.403+0000] {dagbag.py:537} INFO - Filling up the DagBag from /home/airflow/.local/lib/python3.7/site-packages/airflow/example_dags/example_branch_labels.py
[2022-11-08T14:26:32.417+0000] {processor.py:766} INFO - DAG(s) dict_keys(['example_branch_labels']) retrieved from /home/airflow/.local/lib/python3.7/site-packages/airflow/example_dags/example_branch_labels.py
[2022-11-08T14:26:32.455+0000] {logging_mixin.py:120} INFO - [2022-11-08T14:26:32.455+0000] {dag.py:2585} INFO - Sync 1 DAGs
[2022-11-08T14:26:32.478+0000] {logging_mixin.py:120} INFO - [2022-11-08T14:26:32.478+0000] {dag.py:3340} INFO - Setting next_dagrun for example_branch_labels to 2022-11-07T00:00:00+00:00, run_after=2022-11-08T00:00:00+00:00
[2022-11-08T14:26:32.496+0000] {processor.py:176} INFO - Processing /home/airflow/.local/lib/python3.7/site-packages/airflow/example_dags/example_branch_labels.py took 0.098 seconds
[2022-11-08T14:27:03.103+0000] {processor.py:154} INFO - Started process (PID=299) to work on /home/airflow/.local/lib/python3.7/site-packages/airflow/example_dags/example_branch_labels.py
[2022-11-08T14:27:03.104+0000] {processor.py:756} INFO - Processing file /home/airflow/.local/lib/python3.7/site-packages/airflow/example_dags/example_branch_labels.py for tasks to queue
[2022-11-08T14:27:03.104+0000] {logging_mixin.py:120} INFO - [2022-11-08T14:27:03.104+0000] {dagbag.py:537} INFO - Filling up the DagBag from /home/airflow/.local/lib/python3.7/site-packages/airflow/example_dags/example_branch_labels.py
[2022-11-08T14:27:03.120+0000] {processor.py:766} INFO - DAG(s) dict_keys(['example_branch_labels']) retrieved from /home/airflow/.local/lib/python3.7/site-packages/airflow/example_dags/example_branch_labels.py
[2022-11-08T14:27:03.165+0000] {logging_mixin.py:120} INFO - [2022-11-08T14:27:03.164+0000] {dag.py:2585} INFO - Sync 1 DAGs
[2022-11-08T14:27:03.191+0000] {logging_mixin.py:120} INFO - [2022-11-08T14:27:03.191+0000] {dag.py:3340} INFO - Setting next_dagrun for example_branch_labels to 2022-11-07T00:00:00+00:00, run_after=2022-11-08T00:00:00+00:00
[2022-11-08T14:27:03.215+0000] {processor.py:176} INFO - Processing /home/airflow/.local/lib/python3.7/site-packages/airflow/example_dags/example_branch_labels.py took 0.115 seconds
[2022-11-08T14:27:34.205+0000] {processor.py:154} INFO - Started process (PID=362) to work on /home/airflow/.local/lib/python3.7/site-packages/airflow/example_dags/example_branch_labels.py
[2022-11-08T14:27:34.206+0000] {processor.py:756} INFO - Processing file /home/airflow/.local/lib/python3.7/site-packages/airflow/example_dags/example_branch_labels.py for tasks to queue
[2022-11-08T14:27:34.207+0000] {logging_mixin.py:120} INFO - [2022-11-08T14:27:34.206+0000] {dagbag.py:537} INFO - Filling up the DagBag from /home/airflow/.local/lib/python3.7/site-packages/airflow/example_dags/example_branch_labels.py
[2022-11-08T14:27:34.223+0000] {processor.py:766} INFO - DAG(s) dict_keys(['example_branch_labels']) retrieved from /home/airflow/.local/lib/python3.7/site-packages/airflow/example_dags/example_branch_labels.py
[2022-11-08T14:27:34.267+0000] {logging_mixin.py:120} INFO - [2022-11-08T14:27:34.267+0000] {dag.py:2585} INFO - Sync 1 DAGs
[2022-11-08T14:27:34.289+0000] {logging_mixin.py:120} INFO - [2022-11-08T14:27:34.289+0000] {dag.py:3340} INFO - Setting next_dagrun for example_branch_labels to 2022-11-07T00:00:00+00:00, run_after=2022-11-08T00:00:00+00:00
[2022-11-08T14:27:34.306+0000] {processor.py:176} INFO - Processing /home/airflow/.local/lib/python3.7/site-packages/airflow/example_dags/example_branch_labels.py took 0.106 seconds
[2022-11-08T14:28:04.675+0000] {processor.py:154} INFO - Started process (PID=426) to work on /home/airflow/.local/lib/python3.7/site-packages/airflow/example_dags/example_branch_labels.py
[2022-11-08T14:28:04.676+0000] {processor.py:756} INFO - Processing file /home/airflow/.local/lib/python3.7/site-packages/airflow/example_dags/example_branch_labels.py for tasks to queue
[2022-11-08T14:28:04.677+0000] {logging_mixin.py:120} INFO - [2022-11-08T14:28:04.676+0000] {dagbag.py:537} INFO - Filling up the DagBag from /home/airflow/.local/lib/python3.7/site-packages/airflow/example_dags/example_branch_labels.py
[2022-11-08T14:28:04.689+0000] {processor.py:766} INFO - DAG(s) dict_keys(['example_branch_labels']) retrieved from /home/airflow/.local/lib/python3.7/site-packages/airflow/example_dags/example_branch_labels.py
[2022-11-08T14:28:04.728+0000] {logging_mixin.py:120} INFO - [2022-11-08T14:28:04.728+0000] {dag.py:2585} INFO - Sync 1 DAGs
[2022-11-08T14:28:04.751+0000] {logging_mixin.py:120} INFO - [2022-11-08T14:28:04.751+0000] {dag.py:3340} INFO - Setting next_dagrun for example_branch_labels to 2022-11-07T00:00:00+00:00, run_after=2022-11-08T00:00:00+00:00
[2022-11-08T14:28:04.768+0000] {processor.py:176} INFO - Processing /home/airflow/.local/lib/python3.7/site-packages/airflow/example_dags/example_branch_labels.py took 0.096 seconds
[2022-11-08T14:28:35.572+0000] {processor.py:154} INFO - Started process (PID=489) to work on /home/airflow/.local/lib/python3.7/site-packages/airflow/example_dags/example_branch_labels.py
[2022-11-08T14:28:35.573+0000] {processor.py:756} INFO - Processing file /home/airflow/.local/lib/python3.7/site-packages/airflow/example_dags/example_branch_labels.py for tasks to queue
[2022-11-08T14:28:35.574+0000] {logging_mixin.py:120} INFO - [2022-11-08T14:28:35.574+0000] {dagbag.py:537} INFO - Filling up the DagBag from /home/airflow/.local/lib/python3.7/site-packages/airflow/example_dags/example_branch_labels.py
[2022-11-08T14:28:35.590+0000] {processor.py:766} INFO - DAG(s) dict_keys(['example_branch_labels']) retrieved from /home/airflow/.local/lib/python3.7/site-packages/airflow/example_dags/example_branch_labels.py
[2022-11-08T14:28:35.639+0000] {logging_mixin.py:120} INFO - [2022-11-08T14:28:35.639+0000] {dag.py:2585} INFO - Sync 1 DAGs
[2022-11-08T14:28:35.670+0000] {logging_mixin.py:120} INFO - [2022-11-08T14:28:35.670+0000] {dag.py:3340} INFO - Setting next_dagrun for example_branch_labels to 2022-11-07T00:00:00+00:00, run_after=2022-11-08T00:00:00+00:00
[2022-11-08T14:28:35.697+0000] {processor.py:176} INFO - Processing /home/airflow/.local/lib/python3.7/site-packages/airflow/example_dags/example_branch_labels.py took 0.128 seconds
[2022-11-08T14:29:06.197+0000] {processor.py:154} INFO - Started process (PID=552) to work on /home/airflow/.local/lib/python3.7/site-packages/airflow/example_dags/example_branch_labels.py
[2022-11-08T14:29:06.198+0000] {processor.py:756} INFO - Processing file /home/airflow/.local/lib/python3.7/site-packages/airflow/example_dags/example_branch_labels.py for tasks to queue
[2022-11-08T14:29:06.198+0000] {logging_mixin.py:120} INFO - [2022-11-08T14:29:06.198+0000] {dagbag.py:537} INFO - Filling up the DagBag from /home/airflow/.local/lib/python3.7/site-packages/airflow/example_dags/example_branch_labels.py
[2022-11-08T14:29:06.213+0000] {processor.py:766} INFO - DAG(s) dict_keys(['example_branch_labels']) retrieved from /home/airflow/.local/lib/python3.7/site-packages/airflow/example_dags/example_branch_labels.py
[2022-11-08T14:29:06.257+0000] {logging_mixin.py:120} INFO - [2022-11-08T14:29:06.256+0000] {dag.py:2585} INFO - Sync 1 DAGs
[2022-11-08T14:29:06.285+0000] {logging_mixin.py:120} INFO - [2022-11-08T14:29:06.285+0000] {dag.py:3340} INFO - Setting next_dagrun for example_branch_labels to 2022-11-07T00:00:00+00:00, run_after=2022-11-08T00:00:00+00:00
[2022-11-08T14:29:06.304+0000] {processor.py:176} INFO - Processing /home/airflow/.local/lib/python3.7/site-packages/airflow/example_dags/example_branch_labels.py took 0.110 seconds
[2022-11-08T14:29:36.792+0000] {processor.py:154} INFO - Started process (PID=606) to work on /home/airflow/.local/lib/python3.7/site-packages/airflow/example_dags/example_branch_labels.py
[2022-11-08T14:29:36.793+0000] {processor.py:756} INFO - Processing file /home/airflow/.local/lib/python3.7/site-packages/airflow/example_dags/example_branch_labels.py for tasks to queue
[2022-11-08T14:29:36.794+0000] {logging_mixin.py:120} INFO - [2022-11-08T14:29:36.793+0000] {dagbag.py:537} INFO - Filling up the DagBag from /home/airflow/.local/lib/python3.7/site-packages/airflow/example_dags/example_branch_labels.py
[2022-11-08T14:29:36.807+0000] {processor.py:766} INFO - DAG(s) dict_keys(['example_branch_labels']) retrieved from /home/airflow/.local/lib/python3.7/site-packages/airflow/example_dags/example_branch_labels.py
[2022-11-08T14:29:36.846+0000] {logging_mixin.py:120} INFO - [2022-11-08T14:29:36.845+0000] {dag.py:2585} INFO - Sync 1 DAGs
[2022-11-08T14:29:36.868+0000] {logging_mixin.py:120} INFO - [2022-11-08T14:29:36.868+0000] {dag.py:3340} INFO - Setting next_dagrun for example_branch_labels to 2022-11-07T00:00:00+00:00, run_after=2022-11-08T00:00:00+00:00
[2022-11-08T14:29:36.890+0000] {processor.py:176} INFO - Processing /home/airflow/.local/lib/python3.7/site-packages/airflow/example_dags/example_branch_labels.py took 0.101 seconds
[2022-11-08T14:30:07.243+0000] {processor.py:154} INFO - Started process (PID=669) to work on /home/airflow/.local/lib/python3.7/site-packages/airflow/example_dags/example_branch_labels.py
[2022-11-08T14:30:07.244+0000] {processor.py:756} INFO - Processing file /home/airflow/.local/lib/python3.7/site-packages/airflow/example_dags/example_branch_labels.py for tasks to queue
[2022-11-08T14:30:07.245+0000] {logging_mixin.py:120} INFO - [2022-11-08T14:30:07.245+0000] {dagbag.py:537} INFO - Filling up the DagBag from /home/airflow/.local/lib/python3.7/site-packages/airflow/example_dags/example_branch_labels.py
[2022-11-08T14:30:07.259+0000] {processor.py:766} INFO - DAG(s) dict_keys(['example_branch_labels']) retrieved from /home/airflow/.local/lib/python3.7/site-packages/airflow/example_dags/example_branch_labels.py
[2022-11-08T14:30:07.301+0000] {logging_mixin.py:120} INFO - [2022-11-08T14:30:07.301+0000] {dag.py:2585} INFO - Sync 1 DAGs
[2022-11-08T14:30:07.325+0000] {logging_mixin.py:120} INFO - [2022-11-08T14:30:07.324+0000] {dag.py:3340} INFO - Setting next_dagrun for example_branch_labels to 2022-11-07T00:00:00+00:00, run_after=2022-11-08T00:00:00+00:00
[2022-11-08T14:30:07.343+0000] {processor.py:176} INFO - Processing /home/airflow/.local/lib/python3.7/site-packages/airflow/example_dags/example_branch_labels.py took 0.104 seconds
[2022-11-08T14:30:37.666+0000] {processor.py:154} INFO - Started process (PID=733) to work on /home/airflow/.local/lib/python3.7/site-packages/airflow/example_dags/example_branch_labels.py
[2022-11-08T14:30:37.667+0000] {processor.py:756} INFO - Processing file /home/airflow/.local/lib/python3.7/site-packages/airflow/example_dags/example_branch_labels.py for tasks to queue
[2022-11-08T14:30:37.668+0000] {logging_mixin.py:120} INFO - [2022-11-08T14:30:37.668+0000] {dagbag.py:537} INFO - Filling up the DagBag from /home/airflow/.local/lib/python3.7/site-packages/airflow/example_dags/example_branch_labels.py
[2022-11-08T14:30:37.680+0000] {processor.py:766} INFO - DAG(s) dict_keys(['example_branch_labels']) retrieved from /home/airflow/.local/lib/python3.7/site-packages/airflow/example_dags/example_branch_labels.py
[2022-11-08T14:30:37.714+0000] {logging_mixin.py:120} INFO - [2022-11-08T14:30:37.714+0000] {dag.py:2585} INFO - Sync 1 DAGs
[2022-11-08T14:30:37.734+0000] {logging_mixin.py:120} INFO - [2022-11-08T14:30:37.734+0000] {dag.py:3340} INFO - Setting next_dagrun for example_branch_labels to 2022-11-07T00:00:00+00:00, run_after=2022-11-08T00:00:00+00:00
[2022-11-08T14:30:37.752+0000] {processor.py:176} INFO - Processing /home/airflow/.local/lib/python3.7/site-packages/airflow/example_dags/example_branch_labels.py took 0.089 seconds
[2022-11-08T14:31:08.838+0000] {processor.py:154} INFO - Started process (PID=796) to work on /home/airflow/.local/lib/python3.7/site-packages/airflow/example_dags/example_branch_labels.py
[2022-11-08T14:31:08.839+0000] {processor.py:756} INFO - Processing file /home/airflow/.local/lib/python3.7/site-packages/airflow/example_dags/example_branch_labels.py for tasks to queue
[2022-11-08T14:31:08.839+0000] {logging_mixin.py:120} INFO - [2022-11-08T14:31:08.839+0000] {dagbag.py:537} INFO - Filling up the DagBag from /home/airflow/.local/lib/python3.7/site-packages/airflow/example_dags/example_branch_labels.py
[2022-11-08T14:31:08.852+0000] {processor.py:766} INFO - DAG(s) dict_keys(['example_branch_labels']) retrieved from /home/airflow/.local/lib/python3.7/site-packages/airflow/example_dags/example_branch_labels.py
[2022-11-08T14:31:08.895+0000] {logging_mixin.py:120} INFO - [2022-11-08T14:31:08.895+0000] {dag.py:2585} INFO - Sync 1 DAGs
[2022-11-08T14:31:08.919+0000] {logging_mixin.py:120} INFO - [2022-11-08T14:31:08.919+0000] {dag.py:3340} INFO - Setting next_dagrun for example_branch_labels to 2022-11-07T00:00:00+00:00, run_after=2022-11-08T00:00:00+00:00
[2022-11-08T14:31:08.938+0000] {processor.py:176} INFO - Processing /home/airflow/.local/lib/python3.7/site-packages/airflow/example_dags/example_branch_labels.py took 0.104 seconds
[2022-11-08T14:31:39.095+0000] {processor.py:154} INFO - Started process (PID=850) to work on /home/airflow/.local/lib/python3.7/site-packages/airflow/example_dags/example_branch_labels.py
[2022-11-08T14:31:39.096+0000] {processor.py:756} INFO - Processing file /home/airflow/.local/lib/python3.7/site-packages/airflow/example_dags/example_branch_labels.py for tasks to queue
[2022-11-08T14:31:39.097+0000] {logging_mixin.py:120} INFO - [2022-11-08T14:31:39.097+0000] {dagbag.py:537} INFO - Filling up the DagBag from /home/airflow/.local/lib/python3.7/site-packages/airflow/example_dags/example_branch_labels.py
[2022-11-08T14:31:39.116+0000] {processor.py:766} INFO - DAG(s) dict_keys(['example_branch_labels']) retrieved from /home/airflow/.local/lib/python3.7/site-packages/airflow/example_dags/example_branch_labels.py
[2022-11-08T14:31:39.138+0000] {logging_mixin.py:120} INFO - [2022-11-08T14:31:39.138+0000] {dag.py:2585} INFO - Sync 1 DAGs
[2022-11-08T14:31:39.161+0000] {logging_mixin.py:120} INFO - [2022-11-08T14:31:39.161+0000] {dag.py:3340} INFO - Setting next_dagrun for example_branch_labels to 2022-11-07T00:00:00+00:00, run_after=2022-11-08T00:00:00+00:00
[2022-11-08T14:31:39.178+0000] {processor.py:176} INFO - Processing /home/airflow/.local/lib/python3.7/site-packages/airflow/example_dags/example_branch_labels.py took 0.087 seconds
[2022-11-08T14:32:09.497+0000] {processor.py:154} INFO - Started process (PID=912) to work on /home/airflow/.local/lib/python3.7/site-packages/airflow/example_dags/example_branch_labels.py
[2022-11-08T14:32:09.498+0000] {processor.py:756} INFO - Processing file /home/airflow/.local/lib/python3.7/site-packages/airflow/example_dags/example_branch_labels.py for tasks to queue
[2022-11-08T14:32:09.499+0000] {logging_mixin.py:120} INFO - [2022-11-08T14:32:09.499+0000] {dagbag.py:537} INFO - Filling up the DagBag from /home/airflow/.local/lib/python3.7/site-packages/airflow/example_dags/example_branch_labels.py
[2022-11-08T14:32:09.511+0000] {processor.py:766} INFO - DAG(s) dict_keys(['example_branch_labels']) retrieved from /home/airflow/.local/lib/python3.7/site-packages/airflow/example_dags/example_branch_labels.py
[2022-11-08T14:32:09.546+0000] {logging_mixin.py:120} INFO - [2022-11-08T14:32:09.546+0000] {dag.py:2585} INFO - Sync 1 DAGs
[2022-11-08T14:32:09.566+0000] {logging_mixin.py:120} INFO - [2022-11-08T14:32:09.566+0000] {dag.py:3340} INFO - Setting next_dagrun for example_branch_labels to 2022-11-07T00:00:00+00:00, run_after=2022-11-08T00:00:00+00:00
[2022-11-08T14:32:09.581+0000] {processor.py:176} INFO - Processing /home/airflow/.local/lib/python3.7/site-packages/airflow/example_dags/example_branch_labels.py took 0.087 seconds
[2022-11-08T14:32:39.724+0000] {processor.py:154} INFO - Started process (PID=262) to work on /home/airflow/.local/lib/python3.7/site-packages/airflow/example_dags/example_branch_labels.py
[2022-11-08T14:32:39.725+0000] {processor.py:756} INFO - Processing file /home/airflow/.local/lib/python3.7/site-packages/airflow/example_dags/example_branch_labels.py for tasks to queue
[2022-11-08T14:32:39.726+0000] {logging_mixin.py:120} INFO - [2022-11-08T14:32:39.726+0000] {dagbag.py:537} INFO - Filling up the DagBag from /home/airflow/.local/lib/python3.7/site-packages/airflow/example_dags/example_branch_labels.py
[2022-11-08T14:32:39.742+0000] {processor.py:766} INFO - DAG(s) dict_keys(['example_branch_labels']) retrieved from /home/airflow/.local/lib/python3.7/site-packages/airflow/example_dags/example_branch_labels.py
[2022-11-08T14:32:39.766+0000] {logging_mixin.py:120} INFO - [2022-11-08T14:32:39.766+0000] {dag.py:2585} INFO - Sync 1 DAGs
[2022-11-08T14:32:39.791+0000] {logging_mixin.py:120} INFO - [2022-11-08T14:32:39.791+0000] {dag.py:3340} INFO - Setting next_dagrun for example_branch_labels to 2022-11-07T00:00:00+00:00, run_after=2022-11-08T00:00:00+00:00
[2022-11-08T14:32:39.807+0000] {processor.py:176} INFO - Processing /home/airflow/.local/lib/python3.7/site-packages/airflow/example_dags/example_branch_labels.py took 0.085 seconds
[2022-11-08T14:33:11.474+0000] {processor.py:154} INFO - Started process (PID=470) to work on /home/airflow/.local/lib/python3.7/site-packages/airflow/example_dags/example_branch_labels.py
[2022-11-08T14:33:11.476+0000] {processor.py:756} INFO - Processing file /home/airflow/.local/lib/python3.7/site-packages/airflow/example_dags/example_branch_labels.py for tasks to queue
[2022-11-08T14:33:11.477+0000] {logging_mixin.py:120} INFO - [2022-11-08T14:33:11.477+0000] {dagbag.py:537} INFO - Filling up the DagBag from /home/airflow/.local/lib/python3.7/site-packages/airflow/example_dags/example_branch_labels.py
[2022-11-08T14:33:11.498+0000] {processor.py:766} INFO - DAG(s) dict_keys(['example_branch_labels']) retrieved from /home/airflow/.local/lib/python3.7/site-packages/airflow/example_dags/example_branch_labels.py
[2022-11-08T14:33:11.542+0000] {logging_mixin.py:120} INFO - [2022-11-08T14:33:11.542+0000] {dag.py:2585} INFO - Sync 1 DAGs
[2022-11-08T14:33:11.563+0000] {logging_mixin.py:120} INFO - [2022-11-08T14:33:11.563+0000] {dag.py:3340} INFO - Setting next_dagrun for example_branch_labels to 2022-11-07T00:00:00+00:00, run_after=2022-11-08T00:00:00+00:00
[2022-11-08T14:33:11.580+0000] {processor.py:176} INFO - Processing /home/airflow/.local/lib/python3.7/site-packages/airflow/example_dags/example_branch_labels.py took 0.110 seconds
[2022-11-08T14:33:42.015+0000] {processor.py:154} INFO - Started process (PID=675) to work on /home/airflow/.local/lib/python3.7/site-packages/airflow/example_dags/example_branch_labels.py
[2022-11-08T14:33:42.016+0000] {processor.py:756} INFO - Processing file /home/airflow/.local/lib/python3.7/site-packages/airflow/example_dags/example_branch_labels.py for tasks to queue
[2022-11-08T14:33:42.017+0000] {logging_mixin.py:120} INFO - [2022-11-08T14:33:42.016+0000] {dagbag.py:537} INFO - Filling up the DagBag from /home/airflow/.local/lib/python3.7/site-packages/airflow/example_dags/example_branch_labels.py
[2022-11-08T14:33:42.030+0000] {processor.py:766} INFO - DAG(s) dict_keys(['example_branch_labels']) retrieved from /home/airflow/.local/lib/python3.7/site-packages/airflow/example_dags/example_branch_labels.py
[2022-11-08T14:33:42.053+0000] {logging_mixin.py:120} INFO - [2022-11-08T14:33:42.053+0000] {dag.py:2585} INFO - Sync 1 DAGs
[2022-11-08T14:33:42.077+0000] {logging_mixin.py:120} INFO - [2022-11-08T14:33:42.077+0000] {dag.py:3340} INFO - Setting next_dagrun for example_branch_labels to 2022-11-07T00:00:00+00:00, run_after=2022-11-08T00:00:00+00:00
[2022-11-08T14:33:42.095+0000] {processor.py:176} INFO - Processing /home/airflow/.local/lib/python3.7/site-packages/airflow/example_dags/example_branch_labels.py took 0.083 seconds
[2022-11-08T14:34:12.923+0000] {processor.py:154} INFO - Started process (PID=883) to work on /home/airflow/.local/lib/python3.7/site-packages/airflow/example_dags/example_branch_labels.py
[2022-11-08T14:34:12.925+0000] {processor.py:756} INFO - Processing file /home/airflow/.local/lib/python3.7/site-packages/airflow/example_dags/example_branch_labels.py for tasks to queue
[2022-11-08T14:34:12.925+0000] {logging_mixin.py:120} INFO - [2022-11-08T14:34:12.925+0000] {dagbag.py:537} INFO - Filling up the DagBag from /home/airflow/.local/lib/python3.7/site-packages/airflow/example_dags/example_branch_labels.py
[2022-11-08T14:34:12.944+0000] {processor.py:766} INFO - DAG(s) dict_keys(['example_branch_labels']) retrieved from /home/airflow/.local/lib/python3.7/site-packages/airflow/example_dags/example_branch_labels.py
[2022-11-08T14:34:12.993+0000] {logging_mixin.py:120} INFO - [2022-11-08T14:34:12.993+0000] {dag.py:2585} INFO - Sync 1 DAGs
[2022-11-08T14:34:13.028+0000] {logging_mixin.py:120} INFO - [2022-11-08T14:34:13.028+0000] {dag.py:3340} INFO - Setting next_dagrun for example_branch_labels to 2022-11-07T00:00:00+00:00, run_after=2022-11-08T00:00:00+00:00
[2022-11-08T14:34:13.056+0000] {processor.py:176} INFO - Processing /home/airflow/.local/lib/python3.7/site-packages/airflow/example_dags/example_branch_labels.py took 0.138 seconds
[2022-11-08T14:34:44.073+0000] {processor.py:154} INFO - Started process (PID=1081) to work on /home/airflow/.local/lib/python3.7/site-packages/airflow/example_dags/example_branch_labels.py
[2022-11-08T14:34:44.074+0000] {processor.py:756} INFO - Processing file /home/airflow/.local/lib/python3.7/site-packages/airflow/example_dags/example_branch_labels.py for tasks to queue
[2022-11-08T14:34:44.075+0000] {logging_mixin.py:120} INFO - [2022-11-08T14:34:44.075+0000] {dagbag.py:537} INFO - Filling up the DagBag from /home/airflow/.local/lib/python3.7/site-packages/airflow/example_dags/example_branch_labels.py
[2022-11-08T14:34:44.091+0000] {processor.py:766} INFO - DAG(s) dict_keys(['example_branch_labels']) retrieved from /home/airflow/.local/lib/python3.7/site-packages/airflow/example_dags/example_branch_labels.py
[2022-11-08T14:34:44.134+0000] {logging_mixin.py:120} INFO - [2022-11-08T14:34:44.133+0000] {dag.py:2585} INFO - Sync 1 DAGs
[2022-11-08T14:34:44.160+0000] {logging_mixin.py:120} INFO - [2022-11-08T14:34:44.159+0000] {dag.py:3340} INFO - Setting next_dagrun for example_branch_labels to 2022-11-07T00:00:00+00:00, run_after=2022-11-08T00:00:00+00:00
[2022-11-08T14:34:44.179+0000] {processor.py:176} INFO - Processing /home/airflow/.local/lib/python3.7/site-packages/airflow/example_dags/example_branch_labels.py took 0.110 seconds
[2022-11-08T14:35:14.936+0000] {processor.py:154} INFO - Started process (PID=1288) to work on /home/airflow/.local/lib/python3.7/site-packages/airflow/example_dags/example_branch_labels.py
[2022-11-08T14:35:14.937+0000] {processor.py:756} INFO - Processing file /home/airflow/.local/lib/python3.7/site-packages/airflow/example_dags/example_branch_labels.py for tasks to queue
[2022-11-08T14:35:14.937+0000] {logging_mixin.py:120} INFO - [2022-11-08T14:35:14.937+0000] {dagbag.py:537} INFO - Filling up the DagBag from /home/airflow/.local/lib/python3.7/site-packages/airflow/example_dags/example_branch_labels.py
[2022-11-08T14:35:14.951+0000] {processor.py:766} INFO - DAG(s) dict_keys(['example_branch_labels']) retrieved from /home/airflow/.local/lib/python3.7/site-packages/airflow/example_dags/example_branch_labels.py
[2022-11-08T14:35:14.989+0000] {logging_mixin.py:120} INFO - [2022-11-08T14:35:14.989+0000] {dag.py:2585} INFO - Sync 1 DAGs
[2022-11-08T14:35:15.015+0000] {logging_mixin.py:120} INFO - [2022-11-08T14:35:15.015+0000] {dag.py:3340} INFO - Setting next_dagrun for example_branch_labels to 2022-11-07T00:00:00+00:00, run_after=2022-11-08T00:00:00+00:00
[2022-11-08T14:35:15.033+0000] {processor.py:176} INFO - Processing /home/airflow/.local/lib/python3.7/site-packages/airflow/example_dags/example_branch_labels.py took 0.100 seconds
[2022-11-08T14:35:45.527+0000] {processor.py:154} INFO - Started process (PID=1495) to work on /home/airflow/.local/lib/python3.7/site-packages/airflow/example_dags/example_branch_labels.py
[2022-11-08T14:35:45.528+0000] {processor.py:756} INFO - Processing file /home/airflow/.local/lib/python3.7/site-packages/airflow/example_dags/example_branch_labels.py for tasks to queue
[2022-11-08T14:35:45.529+0000] {logging_mixin.py:120} INFO - [2022-11-08T14:35:45.528+0000] {dagbag.py:537} INFO - Filling up the DagBag from /home/airflow/.local/lib/python3.7/site-packages/airflow/example_dags/example_branch_labels.py
[2022-11-08T14:35:45.541+0000] {processor.py:766} INFO - DAG(s) dict_keys(['example_branch_labels']) retrieved from /home/airflow/.local/lib/python3.7/site-packages/airflow/example_dags/example_branch_labels.py
[2022-11-08T14:35:45.577+0000] {logging_mixin.py:120} INFO - [2022-11-08T14:35:45.577+0000] {dag.py:2585} INFO - Sync 1 DAGs
[2022-11-08T14:35:45.601+0000] {logging_mixin.py:120} INFO - [2022-11-08T14:35:45.601+0000] {dag.py:3340} INFO - Setting next_dagrun for example_branch_labels to 2022-11-07T00:00:00+00:00, run_after=2022-11-08T00:00:00+00:00
[2022-11-08T14:35:45.622+0000] {processor.py:176} INFO - Processing /home/airflow/.local/lib/python3.7/site-packages/airflow/example_dags/example_branch_labels.py took 0.098 seconds
[2022-11-08T14:36:16.403+0000] {processor.py:154} INFO - Started process (PID=1704) to work on /home/airflow/.local/lib/python3.7/site-packages/airflow/example_dags/example_branch_labels.py
[2022-11-08T14:36:16.404+0000] {processor.py:756} INFO - Processing file /home/airflow/.local/lib/python3.7/site-packages/airflow/example_dags/example_branch_labels.py for tasks to queue
[2022-11-08T14:36:16.404+0000] {logging_mixin.py:120} INFO - [2022-11-08T14:36:16.404+0000] {dagbag.py:537} INFO - Filling up the DagBag from /home/airflow/.local/lib/python3.7/site-packages/airflow/example_dags/example_branch_labels.py
[2022-11-08T14:36:16.418+0000] {processor.py:766} INFO - DAG(s) dict_keys(['example_branch_labels']) retrieved from /home/airflow/.local/lib/python3.7/site-packages/airflow/example_dags/example_branch_labels.py
[2022-11-08T14:36:16.454+0000] {logging_mixin.py:120} INFO - [2022-11-08T14:36:16.454+0000] {dag.py:2585} INFO - Sync 1 DAGs
[2022-11-08T14:36:16.476+0000] {logging_mixin.py:120} INFO - [2022-11-08T14:36:16.476+0000] {dag.py:3340} INFO - Setting next_dagrun for example_branch_labels to 2022-11-07T00:00:00+00:00, run_after=2022-11-08T00:00:00+00:00
[2022-11-08T14:36:16.492+0000] {processor.py:176} INFO - Processing /home/airflow/.local/lib/python3.7/site-packages/airflow/example_dags/example_branch_labels.py took 0.093 seconds
[2022-11-08T14:36:46.970+0000] {processor.py:154} INFO - Started process (PID=1909) to work on /home/airflow/.local/lib/python3.7/site-packages/airflow/example_dags/example_branch_labels.py
[2022-11-08T14:36:46.971+0000] {processor.py:756} INFO - Processing file /home/airflow/.local/lib/python3.7/site-packages/airflow/example_dags/example_branch_labels.py for tasks to queue
[2022-11-08T14:36:46.972+0000] {logging_mixin.py:120} INFO - [2022-11-08T14:36:46.972+0000] {dagbag.py:537} INFO - Filling up the DagBag from /home/airflow/.local/lib/python3.7/site-packages/airflow/example_dags/example_branch_labels.py
[2022-11-08T14:36:46.984+0000] {processor.py:766} INFO - DAG(s) dict_keys(['example_branch_labels']) retrieved from /home/airflow/.local/lib/python3.7/site-packages/airflow/example_dags/example_branch_labels.py
[2022-11-08T14:36:47.021+0000] {logging_mixin.py:120} INFO - [2022-11-08T14:36:47.021+0000] {dag.py:2585} INFO - Sync 1 DAGs
[2022-11-08T14:36:47.042+0000] {logging_mixin.py:120} INFO - [2022-11-08T14:36:47.042+0000] {dag.py:3340} INFO - Setting next_dagrun for example_branch_labels to 2022-11-07T00:00:00+00:00, run_after=2022-11-08T00:00:00+00:00
[2022-11-08T14:36:47.058+0000] {processor.py:176} INFO - Processing /home/airflow/.local/lib/python3.7/site-packages/airflow/example_dags/example_branch_labels.py took 0.091 seconds
[2022-11-08T14:37:17.919+0000] {processor.py:154} INFO - Started process (PID=2107) to work on /home/airflow/.local/lib/python3.7/site-packages/airflow/example_dags/example_branch_labels.py
[2022-11-08T14:37:17.920+0000] {processor.py:756} INFO - Processing file /home/airflow/.local/lib/python3.7/site-packages/airflow/example_dags/example_branch_labels.py for tasks to queue
[2022-11-08T14:37:17.920+0000] {logging_mixin.py:120} INFO - [2022-11-08T14:37:17.920+0000] {dagbag.py:537} INFO - Filling up the DagBag from /home/airflow/.local/lib/python3.7/site-packages/airflow/example_dags/example_branch_labels.py
[2022-11-08T14:37:17.934+0000] {processor.py:766} INFO - DAG(s) dict_keys(['example_branch_labels']) retrieved from /home/airflow/.local/lib/python3.7/site-packages/airflow/example_dags/example_branch_labels.py
[2022-11-08T14:37:17.974+0000] {logging_mixin.py:120} INFO - [2022-11-08T14:37:17.974+0000] {dag.py:2585} INFO - Sync 1 DAGs
[2022-11-08T14:37:18.006+0000] {logging_mixin.py:120} INFO - [2022-11-08T14:37:18.006+0000] {dag.py:3340} INFO - Setting next_dagrun for example_branch_labels to 2022-11-07T00:00:00+00:00, run_after=2022-11-08T00:00:00+00:00
[2022-11-08T14:37:18.027+0000] {processor.py:176} INFO - Processing /home/airflow/.local/lib/python3.7/site-packages/airflow/example_dags/example_branch_labels.py took 0.111 seconds
[2022-11-08T14:37:48.525+0000] {processor.py:154} INFO - Started process (PID=2314) to work on /home/airflow/.local/lib/python3.7/site-packages/airflow/example_dags/example_branch_labels.py
[2022-11-08T14:37:48.526+0000] {processor.py:756} INFO - Processing file /home/airflow/.local/lib/python3.7/site-packages/airflow/example_dags/example_branch_labels.py for tasks to queue
[2022-11-08T14:37:48.526+0000] {logging_mixin.py:120} INFO - [2022-11-08T14:37:48.526+0000] {dagbag.py:537} INFO - Filling up the DagBag from /home/airflow/.local/lib/python3.7/site-packages/airflow/example_dags/example_branch_labels.py
[2022-11-08T14:37:48.542+0000] {processor.py:766} INFO - DAG(s) dict_keys(['example_branch_labels']) retrieved from /home/airflow/.local/lib/python3.7/site-packages/airflow/example_dags/example_branch_labels.py
[2022-11-08T14:37:48.567+0000] {logging_mixin.py:120} INFO - [2022-11-08T14:37:48.567+0000] {dag.py:2585} INFO - Sync 1 DAGs
[2022-11-08T14:37:48.598+0000] {logging_mixin.py:120} INFO - [2022-11-08T14:37:48.598+0000] {dag.py:3340} INFO - Setting next_dagrun for example_branch_labels to 2022-11-07T00:00:00+00:00, run_after=2022-11-08T00:00:00+00:00
[2022-11-08T14:37:48.617+0000] {processor.py:176} INFO - Processing /home/airflow/.local/lib/python3.7/site-packages/airflow/example_dags/example_branch_labels.py took 0.096 seconds
[2022-11-08T14:38:19.273+0000] {processor.py:154} INFO - Started process (PID=2520) to work on /home/airflow/.local/lib/python3.7/site-packages/airflow/example_dags/example_branch_labels.py
[2022-11-08T14:38:19.274+0000] {processor.py:756} INFO - Processing file /home/airflow/.local/lib/python3.7/site-packages/airflow/example_dags/example_branch_labels.py for tasks to queue
[2022-11-08T14:38:19.275+0000] {logging_mixin.py:120} INFO - [2022-11-08T14:38:19.275+0000] {dagbag.py:537} INFO - Filling up the DagBag from /home/airflow/.local/lib/python3.7/site-packages/airflow/example_dags/example_branch_labels.py
[2022-11-08T14:38:19.297+0000] {processor.py:766} INFO - DAG(s) dict_keys(['example_branch_labels']) retrieved from /home/airflow/.local/lib/python3.7/site-packages/airflow/example_dags/example_branch_labels.py
[2022-11-08T14:38:19.325+0000] {logging_mixin.py:120} INFO - [2022-11-08T14:38:19.325+0000] {dag.py:2585} INFO - Sync 1 DAGs
[2022-11-08T14:38:19.354+0000] {logging_mixin.py:120} INFO - [2022-11-08T14:38:19.354+0000] {dag.py:3340} INFO - Setting next_dagrun for example_branch_labels to 2022-11-07T00:00:00+00:00, run_after=2022-11-08T00:00:00+00:00
[2022-11-08T14:38:19.371+0000] {processor.py:176} INFO - Processing /home/airflow/.local/lib/python3.7/site-packages/airflow/example_dags/example_branch_labels.py took 0.103 seconds
[2022-11-08T14:38:49.672+0000] {processor.py:154} INFO - Started process (PID=2727) to work on /home/airflow/.local/lib/python3.7/site-packages/airflow/example_dags/example_branch_labels.py
[2022-11-08T14:38:49.673+0000] {processor.py:756} INFO - Processing file /home/airflow/.local/lib/python3.7/site-packages/airflow/example_dags/example_branch_labels.py for tasks to queue
[2022-11-08T14:38:49.674+0000] {logging_mixin.py:120} INFO - [2022-11-08T14:38:49.673+0000] {dagbag.py:537} INFO - Filling up the DagBag from /home/airflow/.local/lib/python3.7/site-packages/airflow/example_dags/example_branch_labels.py
[2022-11-08T14:38:49.692+0000] {processor.py:766} INFO - DAG(s) dict_keys(['example_branch_labels']) retrieved from /home/airflow/.local/lib/python3.7/site-packages/airflow/example_dags/example_branch_labels.py
[2022-11-08T14:38:49.734+0000] {logging_mixin.py:120} INFO - [2022-11-08T14:38:49.734+0000] {dag.py:2585} INFO - Sync 1 DAGs
[2022-11-08T14:38:49.756+0000] {logging_mixin.py:120} INFO - [2022-11-08T14:38:49.755+0000] {dag.py:3340} INFO - Setting next_dagrun for example_branch_labels to 2022-11-07T00:00:00+00:00, run_after=2022-11-08T00:00:00+00:00
[2022-11-08T14:38:49.773+0000] {processor.py:176} INFO - Processing /home/airflow/.local/lib/python3.7/site-packages/airflow/example_dags/example_branch_labels.py took 0.106 seconds
[2022-11-08T14:39:20.450+0000] {processor.py:154} INFO - Started process (PID=2934) to work on /home/airflow/.local/lib/python3.7/site-packages/airflow/example_dags/example_branch_labels.py
[2022-11-08T14:39:20.451+0000] {processor.py:756} INFO - Processing file /home/airflow/.local/lib/python3.7/site-packages/airflow/example_dags/example_branch_labels.py for tasks to queue
[2022-11-08T14:39:20.452+0000] {logging_mixin.py:120} INFO - [2022-11-08T14:39:20.452+0000] {dagbag.py:537} INFO - Filling up the DagBag from /home/airflow/.local/lib/python3.7/site-packages/airflow/example_dags/example_branch_labels.py
[2022-11-08T14:39:20.467+0000] {processor.py:766} INFO - DAG(s) dict_keys(['example_branch_labels']) retrieved from /home/airflow/.local/lib/python3.7/site-packages/airflow/example_dags/example_branch_labels.py
[2022-11-08T14:39:20.508+0000] {logging_mixin.py:120} INFO - [2022-11-08T14:39:20.508+0000] {dag.py:2585} INFO - Sync 1 DAGs
[2022-11-08T14:39:20.533+0000] {logging_mixin.py:120} INFO - [2022-11-08T14:39:20.532+0000] {dag.py:3340} INFO - Setting next_dagrun for example_branch_labels to 2022-11-07T00:00:00+00:00, run_after=2022-11-08T00:00:00+00:00
[2022-11-08T14:39:20.551+0000] {processor.py:176} INFO - Processing /home/airflow/.local/lib/python3.7/site-packages/airflow/example_dags/example_branch_labels.py took 0.103 seconds
[2022-11-08T14:39:51.304+0000] {processor.py:154} INFO - Started process (PID=3132) to work on /home/airflow/.local/lib/python3.7/site-packages/airflow/example_dags/example_branch_labels.py
[2022-11-08T14:39:51.305+0000] {processor.py:756} INFO - Processing file /home/airflow/.local/lib/python3.7/site-packages/airflow/example_dags/example_branch_labels.py for tasks to queue
[2022-11-08T14:39:51.306+0000] {logging_mixin.py:120} INFO - [2022-11-08T14:39:51.306+0000] {dagbag.py:537} INFO - Filling up the DagBag from /home/airflow/.local/lib/python3.7/site-packages/airflow/example_dags/example_branch_labels.py
[2022-11-08T14:39:51.320+0000] {processor.py:766} INFO - DAG(s) dict_keys(['example_branch_labels']) retrieved from /home/airflow/.local/lib/python3.7/site-packages/airflow/example_dags/example_branch_labels.py
[2022-11-08T14:39:51.359+0000] {logging_mixin.py:120} INFO - [2022-11-08T14:39:51.359+0000] {dag.py:2585} INFO - Sync 1 DAGs
[2022-11-08T14:39:51.382+0000] {logging_mixin.py:120} INFO - [2022-11-08T14:39:51.382+0000] {dag.py:3340} INFO - Setting next_dagrun for example_branch_labels to 2022-11-07T00:00:00+00:00, run_after=2022-11-08T00:00:00+00:00
[2022-11-08T14:39:51.397+0000] {processor.py:176} INFO - Processing /home/airflow/.local/lib/python3.7/site-packages/airflow/example_dags/example_branch_labels.py took 0.096 seconds
[2022-11-08T14:40:22.538+0000] {processor.py:154} INFO - Started process (PID=3339) to work on /home/airflow/.local/lib/python3.7/site-packages/airflow/example_dags/example_branch_labels.py
[2022-11-08T14:40:22.539+0000] {processor.py:756} INFO - Processing file /home/airflow/.local/lib/python3.7/site-packages/airflow/example_dags/example_branch_labels.py for tasks to queue
[2022-11-08T14:40:22.540+0000] {logging_mixin.py:120} INFO - [2022-11-08T14:40:22.540+0000] {dagbag.py:537} INFO - Filling up the DagBag from /home/airflow/.local/lib/python3.7/site-packages/airflow/example_dags/example_branch_labels.py
[2022-11-08T14:40:22.559+0000] {processor.py:766} INFO - DAG(s) dict_keys(['example_branch_labels']) retrieved from /home/airflow/.local/lib/python3.7/site-packages/airflow/example_dags/example_branch_labels.py
[2022-11-08T14:40:22.615+0000] {logging_mixin.py:120} INFO - [2022-11-08T14:40:22.615+0000] {dag.py:2585} INFO - Sync 1 DAGs
[2022-11-08T14:40:22.650+0000] {logging_mixin.py:120} INFO - [2022-11-08T14:40:22.650+0000] {dag.py:3340} INFO - Setting next_dagrun for example_branch_labels to 2022-11-07T00:00:00+00:00, run_after=2022-11-08T00:00:00+00:00
[2022-11-08T14:40:22.680+0000] {processor.py:176} INFO - Processing /home/airflow/.local/lib/python3.7/site-packages/airflow/example_dags/example_branch_labels.py took 0.147 seconds
[2022-11-08T14:40:52.821+0000] {processor.py:154} INFO - Started process (PID=3548) to work on /home/airflow/.local/lib/python3.7/site-packages/airflow/example_dags/example_branch_labels.py
[2022-11-08T14:40:52.822+0000] {processor.py:756} INFO - Processing file /home/airflow/.local/lib/python3.7/site-packages/airflow/example_dags/example_branch_labels.py for tasks to queue
[2022-11-08T14:40:52.823+0000] {logging_mixin.py:120} INFO - [2022-11-08T14:40:52.822+0000] {dagbag.py:537} INFO - Filling up the DagBag from /home/airflow/.local/lib/python3.7/site-packages/airflow/example_dags/example_branch_labels.py
[2022-11-08T14:40:52.838+0000] {processor.py:766} INFO - DAG(s) dict_keys(['example_branch_labels']) retrieved from /home/airflow/.local/lib/python3.7/site-packages/airflow/example_dags/example_branch_labels.py
[2022-11-08T14:40:52.879+0000] {logging_mixin.py:120} INFO - [2022-11-08T14:40:52.879+0000] {dag.py:2585} INFO - Sync 1 DAGs
[2022-11-08T14:40:52.904+0000] {logging_mixin.py:120} INFO - [2022-11-08T14:40:52.904+0000] {dag.py:3340} INFO - Setting next_dagrun for example_branch_labels to 2022-11-07T00:00:00+00:00, run_after=2022-11-08T00:00:00+00:00
[2022-11-08T14:40:52.928+0000] {processor.py:176} INFO - Processing /home/airflow/.local/lib/python3.7/site-packages/airflow/example_dags/example_branch_labels.py took 0.111 seconds
[2022-11-08T14:41:23.198+0000] {processor.py:154} INFO - Started process (PID=3755) to work on /home/airflow/.local/lib/python3.7/site-packages/airflow/example_dags/example_branch_labels.py
[2022-11-08T14:41:23.199+0000] {processor.py:756} INFO - Processing file /home/airflow/.local/lib/python3.7/site-packages/airflow/example_dags/example_branch_labels.py for tasks to queue
[2022-11-08T14:41:23.199+0000] {logging_mixin.py:120} INFO - [2022-11-08T14:41:23.199+0000] {dagbag.py:537} INFO - Filling up the DagBag from /home/airflow/.local/lib/python3.7/site-packages/airflow/example_dags/example_branch_labels.py
[2022-11-08T14:41:23.214+0000] {processor.py:766} INFO - DAG(s) dict_keys(['example_branch_labels']) retrieved from /home/airflow/.local/lib/python3.7/site-packages/airflow/example_dags/example_branch_labels.py
[2022-11-08T14:41:23.251+0000] {logging_mixin.py:120} INFO - [2022-11-08T14:41:23.251+0000] {dag.py:2585} INFO - Sync 1 DAGs
[2022-11-08T14:41:23.275+0000] {logging_mixin.py:120} INFO - [2022-11-08T14:41:23.275+0000] {dag.py:3340} INFO - Setting next_dagrun for example_branch_labels to 2022-11-07T00:00:00+00:00, run_after=2022-11-08T00:00:00+00:00
[2022-11-08T14:41:23.291+0000] {processor.py:176} INFO - Processing /home/airflow/.local/lib/python3.7/site-packages/airflow/example_dags/example_branch_labels.py took 0.096 seconds
[2022-11-08T14:41:53.430+0000] {processor.py:154} INFO - Started process (PID=3951) to work on /home/airflow/.local/lib/python3.7/site-packages/airflow/example_dags/example_branch_labels.py
[2022-11-08T14:41:53.431+0000] {processor.py:756} INFO - Processing file /home/airflow/.local/lib/python3.7/site-packages/airflow/example_dags/example_branch_labels.py for tasks to queue
[2022-11-08T14:41:53.432+0000] {logging_mixin.py:120} INFO - [2022-11-08T14:41:53.432+0000] {dagbag.py:537} INFO - Filling up the DagBag from /home/airflow/.local/lib/python3.7/site-packages/airflow/example_dags/example_branch_labels.py
[2022-11-08T14:41:53.450+0000] {processor.py:766} INFO - DAG(s) dict_keys(['example_branch_labels']) retrieved from /home/airflow/.local/lib/python3.7/site-packages/airflow/example_dags/example_branch_labels.py
[2022-11-08T14:41:53.493+0000] {logging_mixin.py:120} INFO - [2022-11-08T14:41:53.493+0000] {dag.py:2585} INFO - Sync 1 DAGs
[2022-11-08T14:41:53.521+0000] {logging_mixin.py:120} INFO - [2022-11-08T14:41:53.521+0000] {dag.py:3340} INFO - Setting next_dagrun for example_branch_labels to 2022-11-07T00:00:00+00:00, run_after=2022-11-08T00:00:00+00:00
[2022-11-08T14:41:53.541+0000] {processor.py:176} INFO - Processing /home/airflow/.local/lib/python3.7/site-packages/airflow/example_dags/example_branch_labels.py took 0.115 seconds
[2022-11-08T14:42:23.639+0000] {processor.py:154} INFO - Started process (PID=4158) to work on /home/airflow/.local/lib/python3.7/site-packages/airflow/example_dags/example_branch_labels.py
[2022-11-08T14:42:23.639+0000] {processor.py:756} INFO - Processing file /home/airflow/.local/lib/python3.7/site-packages/airflow/example_dags/example_branch_labels.py for tasks to queue
[2022-11-08T14:42:23.640+0000] {logging_mixin.py:120} INFO - [2022-11-08T14:42:23.640+0000] {dagbag.py:537} INFO - Filling up the DagBag from /home/airflow/.local/lib/python3.7/site-packages/airflow/example_dags/example_branch_labels.py
[2022-11-08T14:42:23.654+0000] {processor.py:766} INFO - DAG(s) dict_keys(['example_branch_labels']) retrieved from /home/airflow/.local/lib/python3.7/site-packages/airflow/example_dags/example_branch_labels.py
[2022-11-08T14:42:23.678+0000] {logging_mixin.py:120} INFO - [2022-11-08T14:42:23.678+0000] {dag.py:2585} INFO - Sync 1 DAGs
[2022-11-08T14:42:23.701+0000] {logging_mixin.py:120} INFO - [2022-11-08T14:42:23.701+0000] {dag.py:3340} INFO - Setting next_dagrun for example_branch_labels to 2022-11-07T00:00:00+00:00, run_after=2022-11-08T00:00:00+00:00
[2022-11-08T14:42:23.719+0000] {processor.py:176} INFO - Processing /home/airflow/.local/lib/python3.7/site-packages/airflow/example_dags/example_branch_labels.py took 0.084 seconds
[2022-11-08T14:42:54.201+0000] {processor.py:154} INFO - Started process (PID=4365) to work on /home/airflow/.local/lib/python3.7/site-packages/airflow/example_dags/example_branch_labels.py
[2022-11-08T14:42:54.202+0000] {processor.py:756} INFO - Processing file /home/airflow/.local/lib/python3.7/site-packages/airflow/example_dags/example_branch_labels.py for tasks to queue
[2022-11-08T14:42:54.202+0000] {logging_mixin.py:120} INFO - [2022-11-08T14:42:54.202+0000] {dagbag.py:537} INFO - Filling up the DagBag from /home/airflow/.local/lib/python3.7/site-packages/airflow/example_dags/example_branch_labels.py
[2022-11-08T14:42:54.217+0000] {processor.py:766} INFO - DAG(s) dict_keys(['example_branch_labels']) retrieved from /home/airflow/.local/lib/python3.7/site-packages/airflow/example_dags/example_branch_labels.py
[2022-11-08T14:42:54.251+0000] {logging_mixin.py:120} INFO - [2022-11-08T14:42:54.251+0000] {dag.py:2585} INFO - Sync 1 DAGs
[2022-11-08T14:42:54.275+0000] {logging_mixin.py:120} INFO - [2022-11-08T14:42:54.275+0000] {dag.py:3340} INFO - Setting next_dagrun for example_branch_labels to 2022-11-07T00:00:00+00:00, run_after=2022-11-08T00:00:00+00:00
[2022-11-08T14:42:54.299+0000] {processor.py:176} INFO - Processing /home/airflow/.local/lib/python3.7/site-packages/airflow/example_dags/example_branch_labels.py took 0.101 seconds
[2022-11-08T14:43:24.793+0000] {processor.py:154} INFO - Started process (PID=4572) to work on /home/airflow/.local/lib/python3.7/site-packages/airflow/example_dags/example_branch_labels.py
[2022-11-08T14:43:24.794+0000] {processor.py:756} INFO - Processing file /home/airflow/.local/lib/python3.7/site-packages/airflow/example_dags/example_branch_labels.py for tasks to queue
[2022-11-08T14:43:24.794+0000] {logging_mixin.py:120} INFO - [2022-11-08T14:43:24.794+0000] {dagbag.py:537} INFO - Filling up the DagBag from /home/airflow/.local/lib/python3.7/site-packages/airflow/example_dags/example_branch_labels.py
[2022-11-08T14:43:24.807+0000] {processor.py:766} INFO - DAG(s) dict_keys(['example_branch_labels']) retrieved from /home/airflow/.local/lib/python3.7/site-packages/airflow/example_dags/example_branch_labels.py
[2022-11-08T14:43:24.840+0000] {logging_mixin.py:120} INFO - [2022-11-08T14:43:24.840+0000] {dag.py:2585} INFO - Sync 1 DAGs
[2022-11-08T14:43:24.861+0000] {logging_mixin.py:120} INFO - [2022-11-08T14:43:24.860+0000] {dag.py:3340} INFO - Setting next_dagrun for example_branch_labels to 2022-11-07T00:00:00+00:00, run_after=2022-11-08T00:00:00+00:00
[2022-11-08T14:43:24.877+0000] {processor.py:176} INFO - Processing /home/airflow/.local/lib/python3.7/site-packages/airflow/example_dags/example_branch_labels.py took 0.087 seconds
[2022-11-08T14:43:55.350+0000] {processor.py:154} INFO - Started process (PID=4779) to work on /home/airflow/.local/lib/python3.7/site-packages/airflow/example_dags/example_branch_labels.py
[2022-11-08T14:43:55.350+0000] {processor.py:756} INFO - Processing file /home/airflow/.local/lib/python3.7/site-packages/airflow/example_dags/example_branch_labels.py for tasks to queue
[2022-11-08T14:43:55.351+0000] {logging_mixin.py:120} INFO - [2022-11-08T14:43:55.351+0000] {dagbag.py:537} INFO - Filling up the DagBag from /home/airflow/.local/lib/python3.7/site-packages/airflow/example_dags/example_branch_labels.py
[2022-11-08T14:43:55.364+0000] {processor.py:766} INFO - DAG(s) dict_keys(['example_branch_labels']) retrieved from /home/airflow/.local/lib/python3.7/site-packages/airflow/example_dags/example_branch_labels.py
[2022-11-08T14:43:55.402+0000] {logging_mixin.py:120} INFO - [2022-11-08T14:43:55.402+0000] {dag.py:2585} INFO - Sync 1 DAGs
[2022-11-08T14:43:55.424+0000] {logging_mixin.py:120} INFO - [2022-11-08T14:43:55.424+0000] {dag.py:3340} INFO - Setting next_dagrun for example_branch_labels to 2022-11-07T00:00:00+00:00, run_after=2022-11-08T00:00:00+00:00
[2022-11-08T14:43:55.440+0000] {processor.py:176} INFO - Processing /home/airflow/.local/lib/python3.7/site-packages/airflow/example_dags/example_branch_labels.py took 0.093 seconds
[2022-11-08T14:44:26.114+0000] {processor.py:154} INFO - Started process (PID=4977) to work on /home/airflow/.local/lib/python3.7/site-packages/airflow/example_dags/example_branch_labels.py
[2022-11-08T14:44:26.114+0000] {processor.py:756} INFO - Processing file /home/airflow/.local/lib/python3.7/site-packages/airflow/example_dags/example_branch_labels.py for tasks to queue
[2022-11-08T14:44:26.115+0000] {logging_mixin.py:120} INFO - [2022-11-08T14:44:26.115+0000] {dagbag.py:537} INFO - Filling up the DagBag from /home/airflow/.local/lib/python3.7/site-packages/airflow/example_dags/example_branch_labels.py
[2022-11-08T14:44:26.129+0000] {processor.py:766} INFO - DAG(s) dict_keys(['example_branch_labels']) retrieved from /home/airflow/.local/lib/python3.7/site-packages/airflow/example_dags/example_branch_labels.py
[2022-11-08T14:44:26.169+0000] {logging_mixin.py:120} INFO - [2022-11-08T14:44:26.169+0000] {dag.py:2585} INFO - Sync 1 DAGs
[2022-11-08T14:44:26.196+0000] {logging_mixin.py:120} INFO - [2022-11-08T14:44:26.196+0000] {dag.py:3340} INFO - Setting next_dagrun for example_branch_labels to 2022-11-07T00:00:00+00:00, run_after=2022-11-08T00:00:00+00:00
[2022-11-08T14:44:26.219+0000] {processor.py:176} INFO - Processing /home/airflow/.local/lib/python3.7/site-packages/airflow/example_dags/example_branch_labels.py took 0.109 seconds
[2022-11-08T14:44:56.661+0000] {processor.py:154} INFO - Started process (PID=5183) to work on /home/airflow/.local/lib/python3.7/site-packages/airflow/example_dags/example_branch_labels.py
[2022-11-08T14:44:56.662+0000] {processor.py:756} INFO - Processing file /home/airflow/.local/lib/python3.7/site-packages/airflow/example_dags/example_branch_labels.py for tasks to queue
[2022-11-08T14:44:56.663+0000] {logging_mixin.py:120} INFO - [2022-11-08T14:44:56.663+0000] {dagbag.py:537} INFO - Filling up the DagBag from /home/airflow/.local/lib/python3.7/site-packages/airflow/example_dags/example_branch_labels.py
[2022-11-08T14:44:56.676+0000] {processor.py:766} INFO - DAG(s) dict_keys(['example_branch_labels']) retrieved from /home/airflow/.local/lib/python3.7/site-packages/airflow/example_dags/example_branch_labels.py
[2022-11-08T14:44:56.709+0000] {logging_mixin.py:120} INFO - [2022-11-08T14:44:56.709+0000] {dag.py:2585} INFO - Sync 1 DAGs
[2022-11-08T14:44:56.728+0000] {logging_mixin.py:120} INFO - [2022-11-08T14:44:56.728+0000] {dag.py:3340} INFO - Setting next_dagrun for example_branch_labels to 2022-11-07T00:00:00+00:00, run_after=2022-11-08T00:00:00+00:00
[2022-11-08T14:44:56.744+0000] {processor.py:176} INFO - Processing /home/airflow/.local/lib/python3.7/site-packages/airflow/example_dags/example_branch_labels.py took 0.086 seconds
[2022-11-08T14:45:27.134+0000] {processor.py:154} INFO - Started process (PID=5390) to work on /home/airflow/.local/lib/python3.7/site-packages/airflow/example_dags/example_branch_labels.py
[2022-11-08T14:45:27.134+0000] {processor.py:756} INFO - Processing file /home/airflow/.local/lib/python3.7/site-packages/airflow/example_dags/example_branch_labels.py for tasks to queue
[2022-11-08T14:45:27.135+0000] {logging_mixin.py:120} INFO - [2022-11-08T14:45:27.135+0000] {dagbag.py:537} INFO - Filling up the DagBag from /home/airflow/.local/lib/python3.7/site-packages/airflow/example_dags/example_branch_labels.py
[2022-11-08T14:45:27.149+0000] {processor.py:766} INFO - DAG(s) dict_keys(['example_branch_labels']) retrieved from /home/airflow/.local/lib/python3.7/site-packages/airflow/example_dags/example_branch_labels.py
[2022-11-08T14:45:27.185+0000] {logging_mixin.py:120} INFO - [2022-11-08T14:45:27.185+0000] {dag.py:2585} INFO - Sync 1 DAGs
[2022-11-08T14:45:27.206+0000] {logging_mixin.py:120} INFO - [2022-11-08T14:45:27.206+0000] {dag.py:3340} INFO - Setting next_dagrun for example_branch_labels to 2022-11-07T00:00:00+00:00, run_after=2022-11-08T00:00:00+00:00
[2022-11-08T14:45:27.221+0000] {processor.py:176} INFO - Processing /home/airflow/.local/lib/python3.7/site-packages/airflow/example_dags/example_branch_labels.py took 0.090 seconds
[2022-11-08T14:45:57.483+0000] {processor.py:154} INFO - Started process (PID=5597) to work on /home/airflow/.local/lib/python3.7/site-packages/airflow/example_dags/example_branch_labels.py
[2022-11-08T14:45:57.484+0000] {processor.py:756} INFO - Processing file /home/airflow/.local/lib/python3.7/site-packages/airflow/example_dags/example_branch_labels.py for tasks to queue
[2022-11-08T14:45:57.485+0000] {logging_mixin.py:120} INFO - [2022-11-08T14:45:57.485+0000] {dagbag.py:537} INFO - Filling up the DagBag from /home/airflow/.local/lib/python3.7/site-packages/airflow/example_dags/example_branch_labels.py
[2022-11-08T14:45:57.501+0000] {processor.py:766} INFO - DAG(s) dict_keys(['example_branch_labels']) retrieved from /home/airflow/.local/lib/python3.7/site-packages/airflow/example_dags/example_branch_labels.py
[2022-11-08T14:45:57.538+0000] {logging_mixin.py:120} INFO - [2022-11-08T14:45:57.537+0000] {dag.py:2585} INFO - Sync 1 DAGs
[2022-11-08T14:45:57.560+0000] {logging_mixin.py:120} INFO - [2022-11-08T14:45:57.560+0000] {dag.py:3340} INFO - Setting next_dagrun for example_branch_labels to 2022-11-07T00:00:00+00:00, run_after=2022-11-08T00:00:00+00:00
[2022-11-08T14:45:57.577+0000] {processor.py:176} INFO - Processing /home/airflow/.local/lib/python3.7/site-packages/airflow/example_dags/example_branch_labels.py took 0.097 seconds
[2022-11-08T14:46:28.398+0000] {processor.py:154} INFO - Started process (PID=5803) to work on /home/airflow/.local/lib/python3.7/site-packages/airflow/example_dags/example_branch_labels.py
[2022-11-08T14:46:28.399+0000] {processor.py:756} INFO - Processing file /home/airflow/.local/lib/python3.7/site-packages/airflow/example_dags/example_branch_labels.py for tasks to queue
[2022-11-08T14:46:28.400+0000] {logging_mixin.py:120} INFO - [2022-11-08T14:46:28.399+0000] {dagbag.py:537} INFO - Filling up the DagBag from /home/airflow/.local/lib/python3.7/site-packages/airflow/example_dags/example_branch_labels.py
[2022-11-08T14:46:28.413+0000] {processor.py:766} INFO - DAG(s) dict_keys(['example_branch_labels']) retrieved from /home/airflow/.local/lib/python3.7/site-packages/airflow/example_dags/example_branch_labels.py
[2022-11-08T14:46:28.450+0000] {logging_mixin.py:120} INFO - [2022-11-08T14:46:28.450+0000] {dag.py:2585} INFO - Sync 1 DAGs
[2022-11-08T14:46:28.473+0000] {logging_mixin.py:120} INFO - [2022-11-08T14:46:28.473+0000] {dag.py:3340} INFO - Setting next_dagrun for example_branch_labels to 2022-11-07T00:00:00+00:00, run_after=2022-11-08T00:00:00+00:00
[2022-11-08T14:46:28.495+0000] {processor.py:176} INFO - Processing /home/airflow/.local/lib/python3.7/site-packages/airflow/example_dags/example_branch_labels.py took 0.101 seconds
[2022-11-08T14:46:58.570+0000] {processor.py:154} INFO - Started process (PID=6002) to work on /home/airflow/.local/lib/python3.7/site-packages/airflow/example_dags/example_branch_labels.py
[2022-11-08T14:46:58.570+0000] {processor.py:756} INFO - Processing file /home/airflow/.local/lib/python3.7/site-packages/airflow/example_dags/example_branch_labels.py for tasks to queue
[2022-11-08T14:46:58.571+0000] {logging_mixin.py:120} INFO - [2022-11-08T14:46:58.571+0000] {dagbag.py:537} INFO - Filling up the DagBag from /home/airflow/.local/lib/python3.7/site-packages/airflow/example_dags/example_branch_labels.py
[2022-11-08T14:46:58.584+0000] {processor.py:766} INFO - DAG(s) dict_keys(['example_branch_labels']) retrieved from /home/airflow/.local/lib/python3.7/site-packages/airflow/example_dags/example_branch_labels.py
[2022-11-08T14:46:58.604+0000] {logging_mixin.py:120} INFO - [2022-11-08T14:46:58.604+0000] {dag.py:2585} INFO - Sync 1 DAGs
[2022-11-08T14:46:58.626+0000] {logging_mixin.py:120} INFO - [2022-11-08T14:46:58.626+0000] {dag.py:3340} INFO - Setting next_dagrun for example_branch_labels to 2022-11-07T00:00:00+00:00, run_after=2022-11-08T00:00:00+00:00
[2022-11-08T14:46:58.641+0000] {processor.py:176} INFO - Processing /home/airflow/.local/lib/python3.7/site-packages/airflow/example_dags/example_branch_labels.py took 0.074 seconds
[2022-11-08T14:47:29.281+0000] {processor.py:154} INFO - Started process (PID=6209) to work on /home/airflow/.local/lib/python3.7/site-packages/airflow/example_dags/example_branch_labels.py
[2022-11-08T14:47:29.282+0000] {processor.py:756} INFO - Processing file /home/airflow/.local/lib/python3.7/site-packages/airflow/example_dags/example_branch_labels.py for tasks to queue
[2022-11-08T14:47:29.283+0000] {logging_mixin.py:120} INFO - [2022-11-08T14:47:29.283+0000] {dagbag.py:537} INFO - Filling up the DagBag from /home/airflow/.local/lib/python3.7/site-packages/airflow/example_dags/example_branch_labels.py
[2022-11-08T14:47:29.296+0000] {processor.py:766} INFO - DAG(s) dict_keys(['example_branch_labels']) retrieved from /home/airflow/.local/lib/python3.7/site-packages/airflow/example_dags/example_branch_labels.py
[2022-11-08T14:47:29.332+0000] {logging_mixin.py:120} INFO - [2022-11-08T14:47:29.331+0000] {dag.py:2585} INFO - Sync 1 DAGs
[2022-11-08T14:47:29.355+0000] {logging_mixin.py:120} INFO - [2022-11-08T14:47:29.355+0000] {dag.py:3340} INFO - Setting next_dagrun for example_branch_labels to 2022-11-07T00:00:00+00:00, run_after=2022-11-08T00:00:00+00:00
[2022-11-08T14:47:29.372+0000] {processor.py:176} INFO - Processing /home/airflow/.local/lib/python3.7/site-packages/airflow/example_dags/example_branch_labels.py took 0.094 seconds
[2022-11-08T14:48:00.175+0000] {processor.py:154} INFO - Started process (PID=6416) to work on /home/airflow/.local/lib/python3.7/site-packages/airflow/example_dags/example_branch_labels.py
[2022-11-08T14:48:00.176+0000] {processor.py:756} INFO - Processing file /home/airflow/.local/lib/python3.7/site-packages/airflow/example_dags/example_branch_labels.py for tasks to queue
[2022-11-08T14:48:00.177+0000] {logging_mixin.py:120} INFO - [2022-11-08T14:48:00.176+0000] {dagbag.py:537} INFO - Filling up the DagBag from /home/airflow/.local/lib/python3.7/site-packages/airflow/example_dags/example_branch_labels.py
[2022-11-08T14:48:00.191+0000] {processor.py:766} INFO - DAG(s) dict_keys(['example_branch_labels']) retrieved from /home/airflow/.local/lib/python3.7/site-packages/airflow/example_dags/example_branch_labels.py
[2022-11-08T14:48:00.228+0000] {logging_mixin.py:120} INFO - [2022-11-08T14:48:00.228+0000] {dag.py:2585} INFO - Sync 1 DAGs
[2022-11-08T14:48:00.249+0000] {logging_mixin.py:120} INFO - [2022-11-08T14:48:00.249+0000] {dag.py:3340} INFO - Setting next_dagrun for example_branch_labels to 2022-11-07T00:00:00+00:00, run_after=2022-11-08T00:00:00+00:00
[2022-11-08T14:48:00.267+0000] {processor.py:176} INFO - Processing /home/airflow/.local/lib/python3.7/site-packages/airflow/example_dags/example_branch_labels.py took 0.096 seconds
[2022-11-08T14:48:31.122+0000] {processor.py:154} INFO - Started process (PID=6623) to work on /home/airflow/.local/lib/python3.7/site-packages/airflow/example_dags/example_branch_labels.py
[2022-11-08T14:48:31.123+0000] {processor.py:756} INFO - Processing file /home/airflow/.local/lib/python3.7/site-packages/airflow/example_dags/example_branch_labels.py for tasks to queue
[2022-11-08T14:48:31.124+0000] {logging_mixin.py:120} INFO - [2022-11-08T14:48:31.123+0000] {dagbag.py:537} INFO - Filling up the DagBag from /home/airflow/.local/lib/python3.7/site-packages/airflow/example_dags/example_branch_labels.py
[2022-11-08T14:48:31.140+0000] {processor.py:766} INFO - DAG(s) dict_keys(['example_branch_labels']) retrieved from /home/airflow/.local/lib/python3.7/site-packages/airflow/example_dags/example_branch_labels.py
[2022-11-08T14:48:31.189+0000] {logging_mixin.py:120} INFO - [2022-11-08T14:48:31.188+0000] {dag.py:2585} INFO - Sync 1 DAGs
[2022-11-08T14:48:31.218+0000] {logging_mixin.py:120} INFO - [2022-11-08T14:48:31.218+0000] {dag.py:3340} INFO - Setting next_dagrun for example_branch_labels to 2022-11-07T00:00:00+00:00, run_after=2022-11-08T00:00:00+00:00
[2022-11-08T14:48:31.243+0000] {processor.py:176} INFO - Processing /home/airflow/.local/lib/python3.7/site-packages/airflow/example_dags/example_branch_labels.py took 0.125 seconds
[2022-11-08T14:49:01.282+0000] {processor.py:154} INFO - Started process (PID=6819) to work on /home/airflow/.local/lib/python3.7/site-packages/airflow/example_dags/example_branch_labels.py
[2022-11-08T14:49:01.283+0000] {processor.py:756} INFO - Processing file /home/airflow/.local/lib/python3.7/site-packages/airflow/example_dags/example_branch_labels.py for tasks to queue
[2022-11-08T14:49:01.284+0000] {logging_mixin.py:120} INFO - [2022-11-08T14:49:01.284+0000] {dagbag.py:537} INFO - Filling up the DagBag from /home/airflow/.local/lib/python3.7/site-packages/airflow/example_dags/example_branch_labels.py
[2022-11-08T14:49:01.299+0000] {processor.py:766} INFO - DAG(s) dict_keys(['example_branch_labels']) retrieved from /home/airflow/.local/lib/python3.7/site-packages/airflow/example_dags/example_branch_labels.py
[2022-11-08T14:49:01.338+0000] {logging_mixin.py:120} INFO - [2022-11-08T14:49:01.338+0000] {dag.py:2585} INFO - Sync 1 DAGs
[2022-11-08T14:49:01.361+0000] {logging_mixin.py:120} INFO - [2022-11-08T14:49:01.361+0000] {dag.py:3340} INFO - Setting next_dagrun for example_branch_labels to 2022-11-07T00:00:00+00:00, run_after=2022-11-08T00:00:00+00:00
[2022-11-08T14:49:01.379+0000] {processor.py:176} INFO - Processing /home/airflow/.local/lib/python3.7/site-packages/airflow/example_dags/example_branch_labels.py took 0.100 seconds
[2022-11-08T14:49:31.628+0000] {processor.py:154} INFO - Started process (PID=7029) to work on /home/airflow/.local/lib/python3.7/site-packages/airflow/example_dags/example_branch_labels.py
[2022-11-08T14:49:31.629+0000] {processor.py:756} INFO - Processing file /home/airflow/.local/lib/python3.7/site-packages/airflow/example_dags/example_branch_labels.py for tasks to queue
[2022-11-08T14:49:31.629+0000] {logging_mixin.py:120} INFO - [2022-11-08T14:49:31.629+0000] {dagbag.py:537} INFO - Filling up the DagBag from /home/airflow/.local/lib/python3.7/site-packages/airflow/example_dags/example_branch_labels.py
[2022-11-08T14:49:31.642+0000] {processor.py:766} INFO - DAG(s) dict_keys(['example_branch_labels']) retrieved from /home/airflow/.local/lib/python3.7/site-packages/airflow/example_dags/example_branch_labels.py
[2022-11-08T14:49:31.675+0000] {logging_mixin.py:120} INFO - [2022-11-08T14:49:31.675+0000] {dag.py:2585} INFO - Sync 1 DAGs
[2022-11-08T14:49:31.694+0000] {logging_mixin.py:120} INFO - [2022-11-08T14:49:31.694+0000] {dag.py:3340} INFO - Setting next_dagrun for example_branch_labels to 2022-11-07T00:00:00+00:00, run_after=2022-11-08T00:00:00+00:00
[2022-11-08T14:49:31.710+0000] {processor.py:176} INFO - Processing /home/airflow/.local/lib/python3.7/site-packages/airflow/example_dags/example_branch_labels.py took 0.085 seconds
[2022-11-08T14:50:02.082+0000] {processor.py:154} INFO - Started process (PID=7236) to work on /home/airflow/.local/lib/python3.7/site-packages/airflow/example_dags/example_branch_labels.py
[2022-11-08T14:50:02.083+0000] {processor.py:756} INFO - Processing file /home/airflow/.local/lib/python3.7/site-packages/airflow/example_dags/example_branch_labels.py for tasks to queue
[2022-11-08T14:50:02.084+0000] {logging_mixin.py:120} INFO - [2022-11-08T14:50:02.084+0000] {dagbag.py:537} INFO - Filling up the DagBag from /home/airflow/.local/lib/python3.7/site-packages/airflow/example_dags/example_branch_labels.py
[2022-11-08T14:50:02.098+0000] {processor.py:766} INFO - DAG(s) dict_keys(['example_branch_labels']) retrieved from /home/airflow/.local/lib/python3.7/site-packages/airflow/example_dags/example_branch_labels.py
[2022-11-08T14:50:02.136+0000] {logging_mixin.py:120} INFO - [2022-11-08T14:50:02.135+0000] {dag.py:2585} INFO - Sync 1 DAGs
[2022-11-08T14:50:02.159+0000] {logging_mixin.py:120} INFO - [2022-11-08T14:50:02.158+0000] {dag.py:3340} INFO - Setting next_dagrun for example_branch_labels to 2022-11-07T00:00:00+00:00, run_after=2022-11-08T00:00:00+00:00
[2022-11-08T14:50:02.174+0000] {processor.py:176} INFO - Processing /home/airflow/.local/lib/python3.7/site-packages/airflow/example_dags/example_branch_labels.py took 0.095 seconds
[2022-11-08T14:50:32.791+0000] {processor.py:154} INFO - Started process (PID=7444) to work on /home/airflow/.local/lib/python3.7/site-packages/airflow/example_dags/example_branch_labels.py
[2022-11-08T14:50:32.792+0000] {processor.py:756} INFO - Processing file /home/airflow/.local/lib/python3.7/site-packages/airflow/example_dags/example_branch_labels.py for tasks to queue
[2022-11-08T14:50:32.793+0000] {logging_mixin.py:120} INFO - [2022-11-08T14:50:32.793+0000] {dagbag.py:537} INFO - Filling up the DagBag from /home/airflow/.local/lib/python3.7/site-packages/airflow/example_dags/example_branch_labels.py
[2022-11-08T14:50:32.805+0000] {processor.py:766} INFO - DAG(s) dict_keys(['example_branch_labels']) retrieved from /home/airflow/.local/lib/python3.7/site-packages/airflow/example_dags/example_branch_labels.py
[2022-11-08T14:50:32.839+0000] {logging_mixin.py:120} INFO - [2022-11-08T14:50:32.839+0000] {dag.py:2585} INFO - Sync 1 DAGs
[2022-11-08T14:50:32.859+0000] {logging_mixin.py:120} INFO - [2022-11-08T14:50:32.859+0000] {dag.py:3340} INFO - Setting next_dagrun for example_branch_labels to 2022-11-07T00:00:00+00:00, run_after=2022-11-08T00:00:00+00:00
[2022-11-08T14:50:32.874+0000] {processor.py:176} INFO - Processing /home/airflow/.local/lib/python3.7/site-packages/airflow/example_dags/example_branch_labels.py took 0.086 seconds
[2022-11-08T14:51:03.480+0000] {processor.py:154} INFO - Started process (PID=7640) to work on /home/airflow/.local/lib/python3.7/site-packages/airflow/example_dags/example_branch_labels.py
[2022-11-08T14:51:03.481+0000] {processor.py:756} INFO - Processing file /home/airflow/.local/lib/python3.7/site-packages/airflow/example_dags/example_branch_labels.py for tasks to queue
[2022-11-08T14:51:03.482+0000] {logging_mixin.py:120} INFO - [2022-11-08T14:51:03.482+0000] {dagbag.py:537} INFO - Filling up the DagBag from /home/airflow/.local/lib/python3.7/site-packages/airflow/example_dags/example_branch_labels.py
[2022-11-08T14:51:03.499+0000] {processor.py:766} INFO - DAG(s) dict_keys(['example_branch_labels']) retrieved from /home/airflow/.local/lib/python3.7/site-packages/airflow/example_dags/example_branch_labels.py
[2022-11-08T14:51:03.535+0000] {logging_mixin.py:120} INFO - [2022-11-08T14:51:03.534+0000] {dag.py:2585} INFO - Sync 1 DAGs
[2022-11-08T14:51:03.558+0000] {logging_mixin.py:120} INFO - [2022-11-08T14:51:03.558+0000] {dag.py:3340} INFO - Setting next_dagrun for example_branch_labels to 2022-11-07T00:00:00+00:00, run_after=2022-11-08T00:00:00+00:00
[2022-11-08T14:51:03.576+0000] {processor.py:176} INFO - Processing /home/airflow/.local/lib/python3.7/site-packages/airflow/example_dags/example_branch_labels.py took 0.099 seconds
[2022-11-08T14:51:34.388+0000] {processor.py:154} INFO - Started process (PID=7850) to work on /home/airflow/.local/lib/python3.7/site-packages/airflow/example_dags/example_branch_labels.py
[2022-11-08T14:51:34.389+0000] {processor.py:756} INFO - Processing file /home/airflow/.local/lib/python3.7/site-packages/airflow/example_dags/example_branch_labels.py for tasks to queue
[2022-11-08T14:51:34.390+0000] {logging_mixin.py:120} INFO - [2022-11-08T14:51:34.390+0000] {dagbag.py:537} INFO - Filling up the DagBag from /home/airflow/.local/lib/python3.7/site-packages/airflow/example_dags/example_branch_labels.py
[2022-11-08T14:51:34.406+0000] {processor.py:766} INFO - DAG(s) dict_keys(['example_branch_labels']) retrieved from /home/airflow/.local/lib/python3.7/site-packages/airflow/example_dags/example_branch_labels.py
[2022-11-08T14:51:34.449+0000] {logging_mixin.py:120} INFO - [2022-11-08T14:51:34.449+0000] {dag.py:2585} INFO - Sync 1 DAGs
[2022-11-08T14:51:34.476+0000] {logging_mixin.py:120} INFO - [2022-11-08T14:51:34.476+0000] {dag.py:3340} INFO - Setting next_dagrun for example_branch_labels to 2022-11-07T00:00:00+00:00, run_after=2022-11-08T00:00:00+00:00
[2022-11-08T14:51:34.496+0000] {processor.py:176} INFO - Processing /home/airflow/.local/lib/python3.7/site-packages/airflow/example_dags/example_branch_labels.py took 0.111 seconds
[2022-11-08T14:52:05.592+0000] {processor.py:154} INFO - Started process (PID=8057) to work on /home/airflow/.local/lib/python3.7/site-packages/airflow/example_dags/example_branch_labels.py
[2022-11-08T14:52:05.594+0000] {processor.py:756} INFO - Processing file /home/airflow/.local/lib/python3.7/site-packages/airflow/example_dags/example_branch_labels.py for tasks to queue
[2022-11-08T14:52:05.595+0000] {logging_mixin.py:120} INFO - [2022-11-08T14:52:05.595+0000] {dagbag.py:537} INFO - Filling up the DagBag from /home/airflow/.local/lib/python3.7/site-packages/airflow/example_dags/example_branch_labels.py
[2022-11-08T14:52:05.614+0000] {processor.py:766} INFO - DAG(s) dict_keys(['example_branch_labels']) retrieved from /home/airflow/.local/lib/python3.7/site-packages/airflow/example_dags/example_branch_labels.py
[2022-11-08T14:52:05.668+0000] {logging_mixin.py:120} INFO - [2022-11-08T14:52:05.668+0000] {dag.py:2585} INFO - Sync 1 DAGs
[2022-11-08T14:52:05.697+0000] {logging_mixin.py:120} INFO - [2022-11-08T14:52:05.697+0000] {dag.py:3340} INFO - Setting next_dagrun for example_branch_labels to 2022-11-07T00:00:00+00:00, run_after=2022-11-08T00:00:00+00:00
[2022-11-08T14:52:05.722+0000] {processor.py:176} INFO - Processing /home/airflow/.local/lib/python3.7/site-packages/airflow/example_dags/example_branch_labels.py took 0.134 seconds
[2022-11-08T14:52:36.031+0000] {processor.py:154} INFO - Started process (PID=8264) to work on /home/airflow/.local/lib/python3.7/site-packages/airflow/example_dags/example_branch_labels.py
[2022-11-08T14:52:36.032+0000] {processor.py:756} INFO - Processing file /home/airflow/.local/lib/python3.7/site-packages/airflow/example_dags/example_branch_labels.py for tasks to queue
[2022-11-08T14:52:36.033+0000] {logging_mixin.py:120} INFO - [2022-11-08T14:52:36.033+0000] {dagbag.py:537} INFO - Filling up the DagBag from /home/airflow/.local/lib/python3.7/site-packages/airflow/example_dags/example_branch_labels.py
[2022-11-08T14:52:36.050+0000] {processor.py:766} INFO - DAG(s) dict_keys(['example_branch_labels']) retrieved from /home/airflow/.local/lib/python3.7/site-packages/airflow/example_dags/example_branch_labels.py
[2022-11-08T14:52:36.093+0000] {logging_mixin.py:120} INFO - [2022-11-08T14:52:36.092+0000] {dag.py:2585} INFO - Sync 1 DAGs
[2022-11-08T14:52:36.119+0000] {logging_mixin.py:120} INFO - [2022-11-08T14:52:36.118+0000] {dag.py:3340} INFO - Setting next_dagrun for example_branch_labels to 2022-11-07T00:00:00+00:00, run_after=2022-11-08T00:00:00+00:00
[2022-11-08T14:52:36.137+0000] {processor.py:176} INFO - Processing /home/airflow/.local/lib/python3.7/site-packages/airflow/example_dags/example_branch_labels.py took 0.110 seconds
[2022-11-08T14:53:06.370+0000] {processor.py:154} INFO - Started process (PID=8463) to work on /home/airflow/.local/lib/python3.7/site-packages/airflow/example_dags/example_branch_labels.py
[2022-11-08T14:53:06.371+0000] {processor.py:756} INFO - Processing file /home/airflow/.local/lib/python3.7/site-packages/airflow/example_dags/example_branch_labels.py for tasks to queue
[2022-11-08T14:53:06.372+0000] {logging_mixin.py:120} INFO - [2022-11-08T14:53:06.372+0000] {dagbag.py:537} INFO - Filling up the DagBag from /home/airflow/.local/lib/python3.7/site-packages/airflow/example_dags/example_branch_labels.py
[2022-11-08T14:53:06.389+0000] {processor.py:766} INFO - DAG(s) dict_keys(['example_branch_labels']) retrieved from /home/airflow/.local/lib/python3.7/site-packages/airflow/example_dags/example_branch_labels.py
[2022-11-08T14:53:06.431+0000] {logging_mixin.py:120} INFO - [2022-11-08T14:53:06.431+0000] {dag.py:2585} INFO - Sync 1 DAGs
[2022-11-08T14:53:06.457+0000] {logging_mixin.py:120} INFO - [2022-11-08T14:53:06.457+0000] {dag.py:3340} INFO - Setting next_dagrun for example_branch_labels to 2022-11-07T00:00:00+00:00, run_after=2022-11-08T00:00:00+00:00
[2022-11-08T14:53:06.476+0000] {processor.py:176} INFO - Processing /home/airflow/.local/lib/python3.7/site-packages/airflow/example_dags/example_branch_labels.py took 0.109 seconds
[2022-11-08T14:53:36.618+0000] {processor.py:154} INFO - Started process (PID=8671) to work on /home/airflow/.local/lib/python3.7/site-packages/airflow/example_dags/example_branch_labels.py
[2022-11-08T14:53:36.620+0000] {processor.py:756} INFO - Processing file /home/airflow/.local/lib/python3.7/site-packages/airflow/example_dags/example_branch_labels.py for tasks to queue
[2022-11-08T14:53:36.621+0000] {logging_mixin.py:120} INFO - [2022-11-08T14:53:36.620+0000] {dagbag.py:537} INFO - Filling up the DagBag from /home/airflow/.local/lib/python3.7/site-packages/airflow/example_dags/example_branch_labels.py
[2022-11-08T14:53:36.638+0000] {processor.py:766} INFO - DAG(s) dict_keys(['example_branch_labels']) retrieved from /home/airflow/.local/lib/python3.7/site-packages/airflow/example_dags/example_branch_labels.py
[2022-11-08T14:53:36.683+0000] {logging_mixin.py:120} INFO - [2022-11-08T14:53:36.683+0000] {dag.py:2585} INFO - Sync 1 DAGs
[2022-11-08T14:53:36.708+0000] {logging_mixin.py:120} INFO - [2022-11-08T14:53:36.708+0000] {dag.py:3340} INFO - Setting next_dagrun for example_branch_labels to 2022-11-07T00:00:00+00:00, run_after=2022-11-08T00:00:00+00:00
[2022-11-08T14:53:36.726+0000] {processor.py:176} INFO - Processing /home/airflow/.local/lib/python3.7/site-packages/airflow/example_dags/example_branch_labels.py took 0.112 seconds
[2022-11-08T14:54:06.927+0000] {processor.py:154} INFO - Started process (PID=8878) to work on /home/airflow/.local/lib/python3.7/site-packages/airflow/example_dags/example_branch_labels.py
[2022-11-08T14:54:06.928+0000] {processor.py:756} INFO - Processing file /home/airflow/.local/lib/python3.7/site-packages/airflow/example_dags/example_branch_labels.py for tasks to queue
[2022-11-08T14:54:06.929+0000] {logging_mixin.py:120} INFO - [2022-11-08T14:54:06.928+0000] {dagbag.py:537} INFO - Filling up the DagBag from /home/airflow/.local/lib/python3.7/site-packages/airflow/example_dags/example_branch_labels.py
[2022-11-08T14:54:06.945+0000] {processor.py:766} INFO - DAG(s) dict_keys(['example_branch_labels']) retrieved from /home/airflow/.local/lib/python3.7/site-packages/airflow/example_dags/example_branch_labels.py
[2022-11-08T14:54:06.995+0000] {logging_mixin.py:120} INFO - [2022-11-08T14:54:06.995+0000] {dag.py:2585} INFO - Sync 1 DAGs
[2022-11-08T14:54:07.026+0000] {logging_mixin.py:120} INFO - [2022-11-08T14:54:07.025+0000] {dag.py:3340} INFO - Setting next_dagrun for example_branch_labels to 2022-11-07T00:00:00+00:00, run_after=2022-11-08T00:00:00+00:00
[2022-11-08T14:54:07.051+0000] {processor.py:176} INFO - Processing /home/airflow/.local/lib/python3.7/site-packages/airflow/example_dags/example_branch_labels.py took 0.128 seconds
[2022-11-08T14:54:37.565+0000] {processor.py:154} INFO - Started process (PID=9087) to work on /home/airflow/.local/lib/python3.7/site-packages/airflow/example_dags/example_branch_labels.py
[2022-11-08T14:54:37.566+0000] {processor.py:756} INFO - Processing file /home/airflow/.local/lib/python3.7/site-packages/airflow/example_dags/example_branch_labels.py for tasks to queue
[2022-11-08T14:54:37.567+0000] {logging_mixin.py:120} INFO - [2022-11-08T14:54:37.566+0000] {dagbag.py:537} INFO - Filling up the DagBag from /home/airflow/.local/lib/python3.7/site-packages/airflow/example_dags/example_branch_labels.py
[2022-11-08T14:54:37.584+0000] {processor.py:766} INFO - DAG(s) dict_keys(['example_branch_labels']) retrieved from /home/airflow/.local/lib/python3.7/site-packages/airflow/example_dags/example_branch_labels.py
[2022-11-08T14:54:37.632+0000] {logging_mixin.py:120} INFO - [2022-11-08T14:54:37.632+0000] {dag.py:2585} INFO - Sync 1 DAGs
[2022-11-08T14:54:37.663+0000] {logging_mixin.py:120} INFO - [2022-11-08T14:54:37.663+0000] {dag.py:3340} INFO - Setting next_dagrun for example_branch_labels to 2022-11-07T00:00:00+00:00, run_after=2022-11-08T00:00:00+00:00
[2022-11-08T14:54:37.690+0000] {processor.py:176} INFO - Processing /home/airflow/.local/lib/python3.7/site-packages/airflow/example_dags/example_branch_labels.py took 0.131 seconds
[2022-11-08T14:55:07.987+0000] {processor.py:154} INFO - Started process (PID=9283) to work on /home/airflow/.local/lib/python3.7/site-packages/airflow/example_dags/example_branch_labels.py
[2022-11-08T14:55:07.988+0000] {processor.py:756} INFO - Processing file /home/airflow/.local/lib/python3.7/site-packages/airflow/example_dags/example_branch_labels.py for tasks to queue
[2022-11-08T14:55:07.990+0000] {logging_mixin.py:120} INFO - [2022-11-08T14:55:07.989+0000] {dagbag.py:537} INFO - Filling up the DagBag from /home/airflow/.local/lib/python3.7/site-packages/airflow/example_dags/example_branch_labels.py
[2022-11-08T14:55:08.011+0000] {processor.py:766} INFO - DAG(s) dict_keys(['example_branch_labels']) retrieved from /home/airflow/.local/lib/python3.7/site-packages/airflow/example_dags/example_branch_labels.py
[2022-11-08T14:55:08.056+0000] {logging_mixin.py:120} INFO - [2022-11-08T14:55:08.056+0000] {dag.py:2585} INFO - Sync 1 DAGs
[2022-11-08T14:55:08.093+0000] {logging_mixin.py:120} INFO - [2022-11-08T14:55:08.092+0000] {dag.py:3340} INFO - Setting next_dagrun for example_branch_labels to 2022-11-07T00:00:00+00:00, run_after=2022-11-08T00:00:00+00:00
[2022-11-08T14:55:08.114+0000] {processor.py:176} INFO - Processing /home/airflow/.local/lib/python3.7/site-packages/airflow/example_dags/example_branch_labels.py took 0.133 seconds
[2022-11-08T14:55:38.221+0000] {processor.py:154} INFO - Started process (PID=9490) to work on /home/airflow/.local/lib/python3.7/site-packages/airflow/example_dags/example_branch_labels.py
[2022-11-08T14:55:38.222+0000] {processor.py:756} INFO - Processing file /home/airflow/.local/lib/python3.7/site-packages/airflow/example_dags/example_branch_labels.py for tasks to queue
[2022-11-08T14:55:38.223+0000] {logging_mixin.py:120} INFO - [2022-11-08T14:55:38.223+0000] {dagbag.py:537} INFO - Filling up the DagBag from /home/airflow/.local/lib/python3.7/site-packages/airflow/example_dags/example_branch_labels.py
[2022-11-08T14:55:38.239+0000] {processor.py:766} INFO - DAG(s) dict_keys(['example_branch_labels']) retrieved from /home/airflow/.local/lib/python3.7/site-packages/airflow/example_dags/example_branch_labels.py
[2022-11-08T14:55:38.295+0000] {logging_mixin.py:120} INFO - [2022-11-08T14:55:38.295+0000] {dag.py:2585} INFO - Sync 1 DAGs
[2022-11-08T14:55:38.323+0000] {logging_mixin.py:120} INFO - [2022-11-08T14:55:38.323+0000] {dag.py:3340} INFO - Setting next_dagrun for example_branch_labels to 2022-11-07T00:00:00+00:00, run_after=2022-11-08T00:00:00+00:00
[2022-11-08T14:55:38.345+0000] {processor.py:176} INFO - Processing /home/airflow/.local/lib/python3.7/site-packages/airflow/example_dags/example_branch_labels.py took 0.127 seconds
[2022-11-08T14:56:08.783+0000] {processor.py:154} INFO - Started process (PID=9697) to work on /home/airflow/.local/lib/python3.7/site-packages/airflow/example_dags/example_branch_labels.py
[2022-11-08T14:56:08.785+0000] {processor.py:756} INFO - Processing file /home/airflow/.local/lib/python3.7/site-packages/airflow/example_dags/example_branch_labels.py for tasks to queue
[2022-11-08T14:56:08.786+0000] {logging_mixin.py:120} INFO - [2022-11-08T14:56:08.786+0000] {dagbag.py:537} INFO - Filling up the DagBag from /home/airflow/.local/lib/python3.7/site-packages/airflow/example_dags/example_branch_labels.py
[2022-11-08T14:56:08.801+0000] {processor.py:766} INFO - DAG(s) dict_keys(['example_branch_labels']) retrieved from /home/airflow/.local/lib/python3.7/site-packages/airflow/example_dags/example_branch_labels.py
[2022-11-08T14:56:08.847+0000] {logging_mixin.py:120} INFO - [2022-11-08T14:56:08.846+0000] {dag.py:2585} INFO - Sync 1 DAGs
[2022-11-08T14:56:08.876+0000] {logging_mixin.py:120} INFO - [2022-11-08T14:56:08.875+0000] {dag.py:3340} INFO - Setting next_dagrun for example_branch_labels to 2022-11-07T00:00:00+00:00, run_after=2022-11-08T00:00:00+00:00
[2022-11-08T14:56:08.897+0000] {processor.py:176} INFO - Processing /home/airflow/.local/lib/python3.7/site-packages/airflow/example_dags/example_branch_labels.py took 0.117 seconds
[2022-11-08T14:56:39.952+0000] {processor.py:154} INFO - Started process (PID=9895) to work on /home/airflow/.local/lib/python3.7/site-packages/airflow/example_dags/example_branch_labels.py
[2022-11-08T14:56:39.953+0000] {processor.py:756} INFO - Processing file /home/airflow/.local/lib/python3.7/site-packages/airflow/example_dags/example_branch_labels.py for tasks to queue
[2022-11-08T14:56:39.954+0000] {logging_mixin.py:120} INFO - [2022-11-08T14:56:39.954+0000] {dagbag.py:537} INFO - Filling up the DagBag from /home/airflow/.local/lib/python3.7/site-packages/airflow/example_dags/example_branch_labels.py
[2022-11-08T14:56:39.977+0000] {processor.py:766} INFO - DAG(s) dict_keys(['example_branch_labels']) retrieved from /home/airflow/.local/lib/python3.7/site-packages/airflow/example_dags/example_branch_labels.py
[2022-11-08T14:56:40.028+0000] {logging_mixin.py:120} INFO - [2022-11-08T14:56:40.028+0000] {dag.py:2585} INFO - Sync 1 DAGs
[2022-11-08T14:56:40.063+0000] {logging_mixin.py:120} INFO - [2022-11-08T14:56:40.063+0000] {dag.py:3340} INFO - Setting next_dagrun for example_branch_labels to 2022-11-07T00:00:00+00:00, run_after=2022-11-08T00:00:00+00:00
[2022-11-08T14:56:40.094+0000] {processor.py:176} INFO - Processing /home/airflow/.local/lib/python3.7/site-packages/airflow/example_dags/example_branch_labels.py took 0.145 seconds
[2022-11-08T14:57:10.403+0000] {processor.py:154} INFO - Started process (PID=10103) to work on /home/airflow/.local/lib/python3.7/site-packages/airflow/example_dags/example_branch_labels.py
[2022-11-08T14:57:10.404+0000] {processor.py:756} INFO - Processing file /home/airflow/.local/lib/python3.7/site-packages/airflow/example_dags/example_branch_labels.py for tasks to queue
[2022-11-08T14:57:10.405+0000] {logging_mixin.py:120} INFO - [2022-11-08T14:57:10.405+0000] {dagbag.py:537} INFO - Filling up the DagBag from /home/airflow/.local/lib/python3.7/site-packages/airflow/example_dags/example_branch_labels.py
[2022-11-08T14:57:10.421+0000] {processor.py:766} INFO - DAG(s) dict_keys(['example_branch_labels']) retrieved from /home/airflow/.local/lib/python3.7/site-packages/airflow/example_dags/example_branch_labels.py
[2022-11-08T14:57:10.470+0000] {logging_mixin.py:120} INFO - [2022-11-08T14:57:10.470+0000] {dag.py:2585} INFO - Sync 1 DAGs
[2022-11-08T14:57:10.495+0000] {logging_mixin.py:120} INFO - [2022-11-08T14:57:10.495+0000] {dag.py:3340} INFO - Setting next_dagrun for example_branch_labels to 2022-11-07T00:00:00+00:00, run_after=2022-11-08T00:00:00+00:00
[2022-11-08T14:57:10.514+0000] {processor.py:176} INFO - Processing /home/airflow/.local/lib/python3.7/site-packages/airflow/example_dags/example_branch_labels.py took 0.114 seconds
[2022-11-08T14:57:40.630+0000] {processor.py:154} INFO - Started process (PID=10310) to work on /home/airflow/.local/lib/python3.7/site-packages/airflow/example_dags/example_branch_labels.py
[2022-11-08T14:57:40.631+0000] {processor.py:756} INFO - Processing file /home/airflow/.local/lib/python3.7/site-packages/airflow/example_dags/example_branch_labels.py for tasks to queue
[2022-11-08T14:57:40.632+0000] {logging_mixin.py:120} INFO - [2022-11-08T14:57:40.632+0000] {dagbag.py:537} INFO - Filling up the DagBag from /home/airflow/.local/lib/python3.7/site-packages/airflow/example_dags/example_branch_labels.py
[2022-11-08T14:57:40.650+0000] {processor.py:766} INFO - DAG(s) dict_keys(['example_branch_labels']) retrieved from /home/airflow/.local/lib/python3.7/site-packages/airflow/example_dags/example_branch_labels.py
[2022-11-08T14:57:40.691+0000] {logging_mixin.py:120} INFO - [2022-11-08T14:57:40.690+0000] {dag.py:2585} INFO - Sync 1 DAGs
[2022-11-08T14:57:40.717+0000] {logging_mixin.py:120} INFO - [2022-11-08T14:57:40.716+0000] {dag.py:3340} INFO - Setting next_dagrun for example_branch_labels to 2022-11-07T00:00:00+00:00, run_after=2022-11-08T00:00:00+00:00
[2022-11-08T14:57:40.736+0000] {processor.py:176} INFO - Processing /home/airflow/.local/lib/python3.7/site-packages/airflow/example_dags/example_branch_labels.py took 0.110 seconds
[2022-11-08T14:58:10.951+0000] {processor.py:154} INFO - Started process (PID=10517) to work on /home/airflow/.local/lib/python3.7/site-packages/airflow/example_dags/example_branch_labels.py
[2022-11-08T14:58:10.953+0000] {processor.py:756} INFO - Processing file /home/airflow/.local/lib/python3.7/site-packages/airflow/example_dags/example_branch_labels.py for tasks to queue
[2022-11-08T14:58:10.954+0000] {logging_mixin.py:120} INFO - [2022-11-08T14:58:10.954+0000] {dagbag.py:537} INFO - Filling up the DagBag from /home/airflow/.local/lib/python3.7/site-packages/airflow/example_dags/example_branch_labels.py
[2022-11-08T14:58:10.971+0000] {processor.py:766} INFO - DAG(s) dict_keys(['example_branch_labels']) retrieved from /home/airflow/.local/lib/python3.7/site-packages/airflow/example_dags/example_branch_labels.py
[2022-11-08T14:58:11.018+0000] {logging_mixin.py:120} INFO - [2022-11-08T14:58:11.018+0000] {dag.py:2585} INFO - Sync 1 DAGs
[2022-11-08T14:58:11.045+0000] {logging_mixin.py:120} INFO - [2022-11-08T14:58:11.045+0000] {dag.py:3340} INFO - Setting next_dagrun for example_branch_labels to 2022-11-07T00:00:00+00:00, run_after=2022-11-08T00:00:00+00:00
[2022-11-08T14:58:11.068+0000] {processor.py:176} INFO - Processing /home/airflow/.local/lib/python3.7/site-packages/airflow/example_dags/example_branch_labels.py took 0.125 seconds
[2022-11-08T14:58:41.146+0000] {processor.py:154} INFO - Started process (PID=10715) to work on /home/airflow/.local/lib/python3.7/site-packages/airflow/example_dags/example_branch_labels.py
[2022-11-08T14:58:41.147+0000] {processor.py:756} INFO - Processing file /home/airflow/.local/lib/python3.7/site-packages/airflow/example_dags/example_branch_labels.py for tasks to queue
[2022-11-08T14:58:41.148+0000] {logging_mixin.py:120} INFO - [2022-11-08T14:58:41.148+0000] {dagbag.py:537} INFO - Filling up the DagBag from /home/airflow/.local/lib/python3.7/site-packages/airflow/example_dags/example_branch_labels.py
[2022-11-08T14:58:41.163+0000] {processor.py:766} INFO - DAG(s) dict_keys(['example_branch_labels']) retrieved from /home/airflow/.local/lib/python3.7/site-packages/airflow/example_dags/example_branch_labels.py
[2022-11-08T14:58:41.208+0000] {logging_mixin.py:120} INFO - [2022-11-08T14:58:41.208+0000] {dag.py:2585} INFO - Sync 1 DAGs
[2022-11-08T14:58:41.236+0000] {logging_mixin.py:120} INFO - [2022-11-08T14:58:41.236+0000] {dag.py:3340} INFO - Setting next_dagrun for example_branch_labels to 2022-11-07T00:00:00+00:00, run_after=2022-11-08T00:00:00+00:00
[2022-11-08T14:58:41.257+0000] {processor.py:176} INFO - Processing /home/airflow/.local/lib/python3.7/site-packages/airflow/example_dags/example_branch_labels.py took 0.116 seconds
[2022-11-08T14:59:11.531+0000] {processor.py:154} INFO - Started process (PID=10922) to work on /home/airflow/.local/lib/python3.7/site-packages/airflow/example_dags/example_branch_labels.py
[2022-11-08T14:59:11.532+0000] {processor.py:756} INFO - Processing file /home/airflow/.local/lib/python3.7/site-packages/airflow/example_dags/example_branch_labels.py for tasks to queue
[2022-11-08T14:59:11.533+0000] {logging_mixin.py:120} INFO - [2022-11-08T14:59:11.533+0000] {dagbag.py:537} INFO - Filling up the DagBag from /home/airflow/.local/lib/python3.7/site-packages/airflow/example_dags/example_branch_labels.py
[2022-11-08T14:59:11.551+0000] {processor.py:766} INFO - DAG(s) dict_keys(['example_branch_labels']) retrieved from /home/airflow/.local/lib/python3.7/site-packages/airflow/example_dags/example_branch_labels.py
[2022-11-08T14:59:11.598+0000] {logging_mixin.py:120} INFO - [2022-11-08T14:59:11.598+0000] {dag.py:2585} INFO - Sync 1 DAGs
[2022-11-08T14:59:11.626+0000] {logging_mixin.py:120} INFO - [2022-11-08T14:59:11.626+0000] {dag.py:3340} INFO - Setting next_dagrun for example_branch_labels to 2022-11-07T00:00:00+00:00, run_after=2022-11-08T00:00:00+00:00
[2022-11-08T14:59:11.645+0000] {processor.py:176} INFO - Processing /home/airflow/.local/lib/python3.7/site-packages/airflow/example_dags/example_branch_labels.py took 0.119 seconds
[2022-11-08T14:59:41.764+0000] {processor.py:154} INFO - Started process (PID=11129) to work on /home/airflow/.local/lib/python3.7/site-packages/airflow/example_dags/example_branch_labels.py
[2022-11-08T14:59:41.765+0000] {processor.py:756} INFO - Processing file /home/airflow/.local/lib/python3.7/site-packages/airflow/example_dags/example_branch_labels.py for tasks to queue
[2022-11-08T14:59:41.766+0000] {logging_mixin.py:120} INFO - [2022-11-08T14:59:41.766+0000] {dagbag.py:537} INFO - Filling up the DagBag from /home/airflow/.local/lib/python3.7/site-packages/airflow/example_dags/example_branch_labels.py
[2022-11-08T14:59:41.781+0000] {processor.py:766} INFO - DAG(s) dict_keys(['example_branch_labels']) retrieved from /home/airflow/.local/lib/python3.7/site-packages/airflow/example_dags/example_branch_labels.py
[2022-11-08T14:59:41.824+0000] {logging_mixin.py:120} INFO - [2022-11-08T14:59:41.824+0000] {dag.py:2585} INFO - Sync 1 DAGs
[2022-11-08T14:59:41.849+0000] {logging_mixin.py:120} INFO - [2022-11-08T14:59:41.849+0000] {dag.py:3340} INFO - Setting next_dagrun for example_branch_labels to 2022-11-07T00:00:00+00:00, run_after=2022-11-08T00:00:00+00:00
[2022-11-08T14:59:41.867+0000] {processor.py:176} INFO - Processing /home/airflow/.local/lib/python3.7/site-packages/airflow/example_dags/example_branch_labels.py took 0.109 seconds
[2022-11-08T15:00:12.098+0000] {processor.py:154} INFO - Started process (PID=11327) to work on /home/airflow/.local/lib/python3.7/site-packages/airflow/example_dags/example_branch_labels.py
[2022-11-08T15:00:12.100+0000] {processor.py:756} INFO - Processing file /home/airflow/.local/lib/python3.7/site-packages/airflow/example_dags/example_branch_labels.py for tasks to queue
[2022-11-08T15:00:12.102+0000] {logging_mixin.py:120} INFO - [2022-11-08T15:00:12.102+0000] {dagbag.py:537} INFO - Filling up the DagBag from /home/airflow/.local/lib/python3.7/site-packages/airflow/example_dags/example_branch_labels.py
[2022-11-08T15:00:12.120+0000] {processor.py:766} INFO - DAG(s) dict_keys(['example_branch_labels']) retrieved from /home/airflow/.local/lib/python3.7/site-packages/airflow/example_dags/example_branch_labels.py
[2022-11-08T15:00:12.165+0000] {logging_mixin.py:120} INFO - [2022-11-08T15:00:12.165+0000] {dag.py:2585} INFO - Sync 1 DAGs
[2022-11-08T15:00:12.191+0000] {logging_mixin.py:120} INFO - [2022-11-08T15:00:12.190+0000] {dag.py:3340} INFO - Setting next_dagrun for example_branch_labels to 2022-11-07T00:00:00+00:00, run_after=2022-11-08T00:00:00+00:00
[2022-11-08T15:00:12.211+0000] {processor.py:176} INFO - Processing /home/airflow/.local/lib/python3.7/site-packages/airflow/example_dags/example_branch_labels.py took 0.118 seconds
[2022-11-08T15:00:42.349+0000] {processor.py:154} INFO - Started process (PID=11534) to work on /home/airflow/.local/lib/python3.7/site-packages/airflow/example_dags/example_branch_labels.py
[2022-11-08T15:00:42.350+0000] {processor.py:756} INFO - Processing file /home/airflow/.local/lib/python3.7/site-packages/airflow/example_dags/example_branch_labels.py for tasks to queue
[2022-11-08T15:00:42.352+0000] {logging_mixin.py:120} INFO - [2022-11-08T15:00:42.352+0000] {dagbag.py:537} INFO - Filling up the DagBag from /home/airflow/.local/lib/python3.7/site-packages/airflow/example_dags/example_branch_labels.py
[2022-11-08T15:00:42.369+0000] {processor.py:766} INFO - DAG(s) dict_keys(['example_branch_labels']) retrieved from /home/airflow/.local/lib/python3.7/site-packages/airflow/example_dags/example_branch_labels.py
[2022-11-08T15:00:42.420+0000] {logging_mixin.py:120} INFO - [2022-11-08T15:00:42.420+0000] {dag.py:2585} INFO - Sync 1 DAGs
[2022-11-08T15:00:42.452+0000] {logging_mixin.py:120} INFO - [2022-11-08T15:00:42.452+0000] {dag.py:3340} INFO - Setting next_dagrun for example_branch_labels to 2022-11-07T00:00:00+00:00, run_after=2022-11-08T00:00:00+00:00
[2022-11-08T15:00:42.479+0000] {processor.py:176} INFO - Processing /home/airflow/.local/lib/python3.7/site-packages/airflow/example_dags/example_branch_labels.py took 0.135 seconds
[2022-11-08T15:01:12.628+0000] {processor.py:154} INFO - Started process (PID=11742) to work on /home/airflow/.local/lib/python3.7/site-packages/airflow/example_dags/example_branch_labels.py
[2022-11-08T15:01:12.629+0000] {processor.py:756} INFO - Processing file /home/airflow/.local/lib/python3.7/site-packages/airflow/example_dags/example_branch_labels.py for tasks to queue
[2022-11-08T15:01:12.629+0000] {logging_mixin.py:120} INFO - [2022-11-08T15:01:12.629+0000] {dagbag.py:537} INFO - Filling up the DagBag from /home/airflow/.local/lib/python3.7/site-packages/airflow/example_dags/example_branch_labels.py
[2022-11-08T15:01:12.645+0000] {processor.py:766} INFO - DAG(s) dict_keys(['example_branch_labels']) retrieved from /home/airflow/.local/lib/python3.7/site-packages/airflow/example_dags/example_branch_labels.py
[2022-11-08T15:01:12.694+0000] {logging_mixin.py:120} INFO - [2022-11-08T15:01:12.693+0000] {dag.py:2585} INFO - Sync 1 DAGs
[2022-11-08T15:01:12.724+0000] {logging_mixin.py:120} INFO - [2022-11-08T15:01:12.724+0000] {dag.py:3340} INFO - Setting next_dagrun for example_branch_labels to 2022-11-07T00:00:00+00:00, run_after=2022-11-08T00:00:00+00:00
[2022-11-08T15:01:12.746+0000] {processor.py:176} INFO - Processing /home/airflow/.local/lib/python3.7/site-packages/airflow/example_dags/example_branch_labels.py took 0.123 seconds
