[2022-11-08T14:24:59.690+0000] {processor.py:154} INFO - Started process (PID=44) to work on /home/airflow/.local/lib/python3.7/site-packages/airflow/example_dags/example_bash_operator.py
[2022-11-08T14:24:59.690+0000] {processor.py:756} INFO - Processing file /home/airflow/.local/lib/python3.7/site-packages/airflow/example_dags/example_bash_operator.py for tasks to queue
[2022-11-08T14:24:59.691+0000] {logging_mixin.py:120} INFO - [2022-11-08T14:24:59.691+0000] {dagbag.py:537} INFO - Filling up the DagBag from /home/airflow/.local/lib/python3.7/site-packages/airflow/example_dags/example_bash_operator.py
[2022-11-08T14:24:59.712+0000] {processor.py:766} INFO - DAG(s) dict_keys(['example_bash_operator']) retrieved from /home/airflow/.local/lib/python3.7/site-packages/airflow/example_dags/example_bash_operator.py
[2022-11-08T14:24:59.732+0000] {logging_mixin.py:120} INFO - [2022-11-08T14:24:59.732+0000] {dag.py:2585} INFO - Sync 1 DAGs
[2022-11-08T14:24:59.753+0000] {logging_mixin.py:120} INFO - [2022-11-08T14:24:59.753+0000] {dag.py:3340} INFO - Setting next_dagrun for example_bash_operator to 2022-11-07T00:00:00+00:00, run_after=2022-11-08T00:00:00+00:00
[2022-11-08T14:24:59.771+0000] {processor.py:176} INFO - Processing /home/airflow/.local/lib/python3.7/site-packages/airflow/example_dags/example_bash_operator.py took 0.085 seconds
[2022-11-08T14:25:30.013+0000] {processor.py:154} INFO - Started process (PID=107) to work on /home/airflow/.local/lib/python3.7/site-packages/airflow/example_dags/example_bash_operator.py
[2022-11-08T14:25:30.014+0000] {processor.py:756} INFO - Processing file /home/airflow/.local/lib/python3.7/site-packages/airflow/example_dags/example_bash_operator.py for tasks to queue
[2022-11-08T14:25:30.014+0000] {logging_mixin.py:120} INFO - [2022-11-08T14:25:30.014+0000] {dagbag.py:537} INFO - Filling up the DagBag from /home/airflow/.local/lib/python3.7/site-packages/airflow/example_dags/example_bash_operator.py
[2022-11-08T14:25:30.041+0000] {processor.py:766} INFO - DAG(s) dict_keys(['example_bash_operator']) retrieved from /home/airflow/.local/lib/python3.7/site-packages/airflow/example_dags/example_bash_operator.py
[2022-11-08T14:25:30.091+0000] {logging_mixin.py:120} INFO - [2022-11-08T14:25:30.090+0000] {dag.py:2585} INFO - Sync 1 DAGs
[2022-11-08T14:25:30.120+0000] {logging_mixin.py:120} INFO - [2022-11-08T14:25:30.119+0000] {dag.py:3340} INFO - Setting next_dagrun for example_bash_operator to 2022-11-07T00:00:00+00:00, run_after=2022-11-08T00:00:00+00:00
[2022-11-08T14:25:30.141+0000] {processor.py:176} INFO - Processing /home/airflow/.local/lib/python3.7/site-packages/airflow/example_dags/example_bash_operator.py took 0.132 seconds
[2022-11-08T14:26:00.957+0000] {processor.py:154} INFO - Started process (PID=171) to work on /home/airflow/.local/lib/python3.7/site-packages/airflow/example_dags/example_bash_operator.py
[2022-11-08T14:26:00.958+0000] {processor.py:756} INFO - Processing file /home/airflow/.local/lib/python3.7/site-packages/airflow/example_dags/example_bash_operator.py for tasks to queue
[2022-11-08T14:26:00.959+0000] {logging_mixin.py:120} INFO - [2022-11-08T14:26:00.958+0000] {dagbag.py:537} INFO - Filling up the DagBag from /home/airflow/.local/lib/python3.7/site-packages/airflow/example_dags/example_bash_operator.py
[2022-11-08T14:26:00.981+0000] {processor.py:766} INFO - DAG(s) dict_keys(['example_bash_operator']) retrieved from /home/airflow/.local/lib/python3.7/site-packages/airflow/example_dags/example_bash_operator.py
[2022-11-08T14:26:01.025+0000] {logging_mixin.py:120} INFO - [2022-11-08T14:26:01.025+0000] {dag.py:2585} INFO - Sync 1 DAGs
[2022-11-08T14:26:01.052+0000] {logging_mixin.py:120} INFO - [2022-11-08T14:26:01.052+0000] {dag.py:3340} INFO - Setting next_dagrun for example_bash_operator to 2022-11-07T00:00:00+00:00, run_after=2022-11-08T00:00:00+00:00
[2022-11-08T14:26:01.071+0000] {processor.py:176} INFO - Processing /home/airflow/.local/lib/python3.7/site-packages/airflow/example_dags/example_bash_operator.py took 0.118 seconds
[2022-11-08T14:26:31.604+0000] {processor.py:154} INFO - Started process (PID=234) to work on /home/airflow/.local/lib/python3.7/site-packages/airflow/example_dags/example_bash_operator.py
[2022-11-08T14:26:31.605+0000] {processor.py:756} INFO - Processing file /home/airflow/.local/lib/python3.7/site-packages/airflow/example_dags/example_bash_operator.py for tasks to queue
[2022-11-08T14:26:31.605+0000] {logging_mixin.py:120} INFO - [2022-11-08T14:26:31.605+0000] {dagbag.py:537} INFO - Filling up the DagBag from /home/airflow/.local/lib/python3.7/site-packages/airflow/example_dags/example_bash_operator.py
[2022-11-08T14:26:31.626+0000] {processor.py:766} INFO - DAG(s) dict_keys(['example_bash_operator']) retrieved from /home/airflow/.local/lib/python3.7/site-packages/airflow/example_dags/example_bash_operator.py
[2022-11-08T14:26:31.670+0000] {logging_mixin.py:120} INFO - [2022-11-08T14:26:31.670+0000] {dag.py:2585} INFO - Sync 1 DAGs
[2022-11-08T14:26:31.695+0000] {logging_mixin.py:120} INFO - [2022-11-08T14:26:31.695+0000] {dag.py:3340} INFO - Setting next_dagrun for example_bash_operator to 2022-11-07T00:00:00+00:00, run_after=2022-11-08T00:00:00+00:00
[2022-11-08T14:26:31.716+0000] {processor.py:176} INFO - Processing /home/airflow/.local/lib/python3.7/site-packages/airflow/example_dags/example_bash_operator.py took 0.116 seconds
[2022-11-08T14:27:02.273+0000] {processor.py:154} INFO - Started process (PID=288) to work on /home/airflow/.local/lib/python3.7/site-packages/airflow/example_dags/example_bash_operator.py
[2022-11-08T14:27:02.274+0000] {processor.py:756} INFO - Processing file /home/airflow/.local/lib/python3.7/site-packages/airflow/example_dags/example_bash_operator.py for tasks to queue
[2022-11-08T14:27:02.275+0000] {logging_mixin.py:120} INFO - [2022-11-08T14:27:02.275+0000] {dagbag.py:537} INFO - Filling up the DagBag from /home/airflow/.local/lib/python3.7/site-packages/airflow/example_dags/example_bash_operator.py
[2022-11-08T14:27:02.298+0000] {processor.py:766} INFO - DAG(s) dict_keys(['example_bash_operator']) retrieved from /home/airflow/.local/lib/python3.7/site-packages/airflow/example_dags/example_bash_operator.py
[2022-11-08T14:27:02.356+0000] {logging_mixin.py:120} INFO - [2022-11-08T14:27:02.356+0000] {dag.py:2585} INFO - Sync 1 DAGs
[2022-11-08T14:27:02.381+0000] {logging_mixin.py:120} INFO - [2022-11-08T14:27:02.381+0000] {dag.py:3340} INFO - Setting next_dagrun for example_bash_operator to 2022-11-07T00:00:00+00:00, run_after=2022-11-08T00:00:00+00:00
[2022-11-08T14:27:02.403+0000] {processor.py:176} INFO - Processing /home/airflow/.local/lib/python3.7/site-packages/airflow/example_dags/example_bash_operator.py took 0.136 seconds
[2022-11-08T14:27:33.301+0000] {processor.py:154} INFO - Started process (PID=351) to work on /home/airflow/.local/lib/python3.7/site-packages/airflow/example_dags/example_bash_operator.py
[2022-11-08T14:27:33.303+0000] {processor.py:756} INFO - Processing file /home/airflow/.local/lib/python3.7/site-packages/airflow/example_dags/example_bash_operator.py for tasks to queue
[2022-11-08T14:27:33.304+0000] {logging_mixin.py:120} INFO - [2022-11-08T14:27:33.303+0000] {dagbag.py:537} INFO - Filling up the DagBag from /home/airflow/.local/lib/python3.7/site-packages/airflow/example_dags/example_bash_operator.py
[2022-11-08T14:27:33.336+0000] {processor.py:766} INFO - DAG(s) dict_keys(['example_bash_operator']) retrieved from /home/airflow/.local/lib/python3.7/site-packages/airflow/example_dags/example_bash_operator.py
[2022-11-08T14:27:33.411+0000] {logging_mixin.py:120} INFO - [2022-11-08T14:27:33.410+0000] {dag.py:2585} INFO - Sync 1 DAGs
[2022-11-08T14:27:33.442+0000] {logging_mixin.py:120} INFO - [2022-11-08T14:27:33.442+0000] {dag.py:3340} INFO - Setting next_dagrun for example_bash_operator to 2022-11-07T00:00:00+00:00, run_after=2022-11-08T00:00:00+00:00
[2022-11-08T14:27:33.465+0000] {processor.py:176} INFO - Processing /home/airflow/.local/lib/python3.7/site-packages/airflow/example_dags/example_bash_operator.py took 0.169 seconds
[2022-11-08T14:28:03.955+0000] {processor.py:154} INFO - Started process (PID=415) to work on /home/airflow/.local/lib/python3.7/site-packages/airflow/example_dags/example_bash_operator.py
[2022-11-08T14:28:03.956+0000] {processor.py:756} INFO - Processing file /home/airflow/.local/lib/python3.7/site-packages/airflow/example_dags/example_bash_operator.py for tasks to queue
[2022-11-08T14:28:03.957+0000] {logging_mixin.py:120} INFO - [2022-11-08T14:28:03.956+0000] {dagbag.py:537} INFO - Filling up the DagBag from /home/airflow/.local/lib/python3.7/site-packages/airflow/example_dags/example_bash_operator.py
[2022-11-08T14:28:03.977+0000] {processor.py:766} INFO - DAG(s) dict_keys(['example_bash_operator']) retrieved from /home/airflow/.local/lib/python3.7/site-packages/airflow/example_dags/example_bash_operator.py
[2022-11-08T14:28:04.026+0000] {logging_mixin.py:120} INFO - [2022-11-08T14:28:04.026+0000] {dag.py:2585} INFO - Sync 1 DAGs
[2022-11-08T14:28:04.050+0000] {logging_mixin.py:120} INFO - [2022-11-08T14:28:04.050+0000] {dag.py:3340} INFO - Setting next_dagrun for example_bash_operator to 2022-11-07T00:00:00+00:00, run_after=2022-11-08T00:00:00+00:00
[2022-11-08T14:28:04.072+0000] {processor.py:176} INFO - Processing /home/airflow/.local/lib/python3.7/site-packages/airflow/example_dags/example_bash_operator.py took 0.121 seconds
[2022-11-08T14:28:34.705+0000] {processor.py:154} INFO - Started process (PID=478) to work on /home/airflow/.local/lib/python3.7/site-packages/airflow/example_dags/example_bash_operator.py
[2022-11-08T14:28:34.706+0000] {processor.py:756} INFO - Processing file /home/airflow/.local/lib/python3.7/site-packages/airflow/example_dags/example_bash_operator.py for tasks to queue
[2022-11-08T14:28:34.707+0000] {logging_mixin.py:120} INFO - [2022-11-08T14:28:34.707+0000] {dagbag.py:537} INFO - Filling up the DagBag from /home/airflow/.local/lib/python3.7/site-packages/airflow/example_dags/example_bash_operator.py
[2022-11-08T14:28:34.734+0000] {processor.py:766} INFO - DAG(s) dict_keys(['example_bash_operator']) retrieved from /home/airflow/.local/lib/python3.7/site-packages/airflow/example_dags/example_bash_operator.py
[2022-11-08T14:28:34.789+0000] {logging_mixin.py:120} INFO - [2022-11-08T14:28:34.789+0000] {dag.py:2585} INFO - Sync 1 DAGs
[2022-11-08T14:28:34.817+0000] {logging_mixin.py:120} INFO - [2022-11-08T14:28:34.817+0000] {dag.py:3340} INFO - Setting next_dagrun for example_bash_operator to 2022-11-07T00:00:00+00:00, run_after=2022-11-08T00:00:00+00:00
[2022-11-08T14:28:34.839+0000] {processor.py:176} INFO - Processing /home/airflow/.local/lib/python3.7/site-packages/airflow/example_dags/example_bash_operator.py took 0.139 seconds
[2022-11-08T14:29:05.404+0000] {processor.py:154} INFO - Started process (PID=541) to work on /home/airflow/.local/lib/python3.7/site-packages/airflow/example_dags/example_bash_operator.py
[2022-11-08T14:29:05.405+0000] {processor.py:756} INFO - Processing file /home/airflow/.local/lib/python3.7/site-packages/airflow/example_dags/example_bash_operator.py for tasks to queue
[2022-11-08T14:29:05.406+0000] {logging_mixin.py:120} INFO - [2022-11-08T14:29:05.406+0000] {dagbag.py:537} INFO - Filling up the DagBag from /home/airflow/.local/lib/python3.7/site-packages/airflow/example_dags/example_bash_operator.py
[2022-11-08T14:29:05.425+0000] {processor.py:766} INFO - DAG(s) dict_keys(['example_bash_operator']) retrieved from /home/airflow/.local/lib/python3.7/site-packages/airflow/example_dags/example_bash_operator.py
[2022-11-08T14:29:05.464+0000] {logging_mixin.py:120} INFO - [2022-11-08T14:29:05.464+0000] {dag.py:2585} INFO - Sync 1 DAGs
[2022-11-08T14:29:05.487+0000] {logging_mixin.py:120} INFO - [2022-11-08T14:29:05.487+0000] {dag.py:3340} INFO - Setting next_dagrun for example_bash_operator to 2022-11-07T00:00:00+00:00, run_after=2022-11-08T00:00:00+00:00
[2022-11-08T14:29:05.505+0000] {processor.py:176} INFO - Processing /home/airflow/.local/lib/python3.7/site-packages/airflow/example_dags/example_bash_operator.py took 0.104 seconds
[2022-11-08T14:29:36.057+0000] {processor.py:154} INFO - Started process (PID=595) to work on /home/airflow/.local/lib/python3.7/site-packages/airflow/example_dags/example_bash_operator.py
[2022-11-08T14:29:36.058+0000] {processor.py:756} INFO - Processing file /home/airflow/.local/lib/python3.7/site-packages/airflow/example_dags/example_bash_operator.py for tasks to queue
[2022-11-08T14:29:36.058+0000] {logging_mixin.py:120} INFO - [2022-11-08T14:29:36.058+0000] {dagbag.py:537} INFO - Filling up the DagBag from /home/airflow/.local/lib/python3.7/site-packages/airflow/example_dags/example_bash_operator.py
[2022-11-08T14:29:36.078+0000] {processor.py:766} INFO - DAG(s) dict_keys(['example_bash_operator']) retrieved from /home/airflow/.local/lib/python3.7/site-packages/airflow/example_dags/example_bash_operator.py
[2022-11-08T14:29:36.126+0000] {logging_mixin.py:120} INFO - [2022-11-08T14:29:36.126+0000] {dag.py:2585} INFO - Sync 1 DAGs
[2022-11-08T14:29:36.147+0000] {logging_mixin.py:120} INFO - [2022-11-08T14:29:36.147+0000] {dag.py:3340} INFO - Setting next_dagrun for example_bash_operator to 2022-11-07T00:00:00+00:00, run_after=2022-11-08T00:00:00+00:00
[2022-11-08T14:29:36.162+0000] {processor.py:176} INFO - Processing /home/airflow/.local/lib/python3.7/site-packages/airflow/example_dags/example_bash_operator.py took 0.109 seconds
[2022-11-08T14:30:06.489+0000] {processor.py:154} INFO - Started process (PID=658) to work on /home/airflow/.local/lib/python3.7/site-packages/airflow/example_dags/example_bash_operator.py
[2022-11-08T14:30:06.490+0000] {processor.py:756} INFO - Processing file /home/airflow/.local/lib/python3.7/site-packages/airflow/example_dags/example_bash_operator.py for tasks to queue
[2022-11-08T14:30:06.491+0000] {logging_mixin.py:120} INFO - [2022-11-08T14:30:06.491+0000] {dagbag.py:537} INFO - Filling up the DagBag from /home/airflow/.local/lib/python3.7/site-packages/airflow/example_dags/example_bash_operator.py
[2022-11-08T14:30:06.510+0000] {processor.py:766} INFO - DAG(s) dict_keys(['example_bash_operator']) retrieved from /home/airflow/.local/lib/python3.7/site-packages/airflow/example_dags/example_bash_operator.py
[2022-11-08T14:30:06.554+0000] {logging_mixin.py:120} INFO - [2022-11-08T14:30:06.554+0000] {dag.py:2585} INFO - Sync 1 DAGs
[2022-11-08T14:30:06.575+0000] {logging_mixin.py:120} INFO - [2022-11-08T14:30:06.575+0000] {dag.py:3340} INFO - Setting next_dagrun for example_bash_operator to 2022-11-07T00:00:00+00:00, run_after=2022-11-08T00:00:00+00:00
[2022-11-08T14:30:06.591+0000] {processor.py:176} INFO - Processing /home/airflow/.local/lib/python3.7/site-packages/airflow/example_dags/example_bash_operator.py took 0.105 seconds
[2022-11-08T14:30:36.908+0000] {processor.py:154} INFO - Started process (PID=722) to work on /home/airflow/.local/lib/python3.7/site-packages/airflow/example_dags/example_bash_operator.py
[2022-11-08T14:30:36.908+0000] {processor.py:756} INFO - Processing file /home/airflow/.local/lib/python3.7/site-packages/airflow/example_dags/example_bash_operator.py for tasks to queue
[2022-11-08T14:30:36.909+0000] {logging_mixin.py:120} INFO - [2022-11-08T14:30:36.909+0000] {dagbag.py:537} INFO - Filling up the DagBag from /home/airflow/.local/lib/python3.7/site-packages/airflow/example_dags/example_bash_operator.py
[2022-11-08T14:30:36.926+0000] {processor.py:766} INFO - DAG(s) dict_keys(['example_bash_operator']) retrieved from /home/airflow/.local/lib/python3.7/site-packages/airflow/example_dags/example_bash_operator.py
[2022-11-08T14:30:36.962+0000] {logging_mixin.py:120} INFO - [2022-11-08T14:30:36.962+0000] {dag.py:2585} INFO - Sync 1 DAGs
[2022-11-08T14:30:36.987+0000] {logging_mixin.py:120} INFO - [2022-11-08T14:30:36.987+0000] {dag.py:3340} INFO - Setting next_dagrun for example_bash_operator to 2022-11-07T00:00:00+00:00, run_after=2022-11-08T00:00:00+00:00
[2022-11-08T14:30:37.007+0000] {processor.py:176} INFO - Processing /home/airflow/.local/lib/python3.7/site-packages/airflow/example_dags/example_bash_operator.py took 0.103 seconds
[2022-11-08T14:31:07.877+0000] {processor.py:154} INFO - Started process (PID=785) to work on /home/airflow/.local/lib/python3.7/site-packages/airflow/example_dags/example_bash_operator.py
[2022-11-08T14:31:07.878+0000] {processor.py:756} INFO - Processing file /home/airflow/.local/lib/python3.7/site-packages/airflow/example_dags/example_bash_operator.py for tasks to queue
[2022-11-08T14:31:07.879+0000] {logging_mixin.py:120} INFO - [2022-11-08T14:31:07.879+0000] {dagbag.py:537} INFO - Filling up the DagBag from /home/airflow/.local/lib/python3.7/site-packages/airflow/example_dags/example_bash_operator.py
[2022-11-08T14:31:07.897+0000] {processor.py:766} INFO - DAG(s) dict_keys(['example_bash_operator']) retrieved from /home/airflow/.local/lib/python3.7/site-packages/airflow/example_dags/example_bash_operator.py
[2022-11-08T14:31:07.935+0000] {logging_mixin.py:120} INFO - [2022-11-08T14:31:07.934+0000] {dag.py:2585} INFO - Sync 1 DAGs
[2022-11-08T14:31:07.955+0000] {logging_mixin.py:120} INFO - [2022-11-08T14:31:07.955+0000] {dag.py:3340} INFO - Setting next_dagrun for example_bash_operator to 2022-11-07T00:00:00+00:00, run_after=2022-11-08T00:00:00+00:00
[2022-11-08T14:31:07.971+0000] {processor.py:176} INFO - Processing /home/airflow/.local/lib/python3.7/site-packages/airflow/example_dags/example_bash_operator.py took 0.097 seconds
[2022-11-08T14:31:38.520+0000] {processor.py:154} INFO - Started process (PID=839) to work on /home/airflow/.local/lib/python3.7/site-packages/airflow/example_dags/example_bash_operator.py
[2022-11-08T14:31:38.521+0000] {processor.py:756} INFO - Processing file /home/airflow/.local/lib/python3.7/site-packages/airflow/example_dags/example_bash_operator.py for tasks to queue
[2022-11-08T14:31:38.522+0000] {logging_mixin.py:120} INFO - [2022-11-08T14:31:38.522+0000] {dagbag.py:537} INFO - Filling up the DagBag from /home/airflow/.local/lib/python3.7/site-packages/airflow/example_dags/example_bash_operator.py
[2022-11-08T14:31:38.547+0000] {processor.py:766} INFO - DAG(s) dict_keys(['example_bash_operator']) retrieved from /home/airflow/.local/lib/python3.7/site-packages/airflow/example_dags/example_bash_operator.py
[2022-11-08T14:31:38.572+0000] {logging_mixin.py:120} INFO - [2022-11-08T14:31:38.572+0000] {dag.py:2585} INFO - Sync 1 DAGs
[2022-11-08T14:31:38.597+0000] {logging_mixin.py:120} INFO - [2022-11-08T14:31:38.597+0000] {dag.py:3340} INFO - Setting next_dagrun for example_bash_operator to 2022-11-07T00:00:00+00:00, run_after=2022-11-08T00:00:00+00:00
[2022-11-08T14:31:38.615+0000] {processor.py:176} INFO - Processing /home/airflow/.local/lib/python3.7/site-packages/airflow/example_dags/example_bash_operator.py took 0.099 seconds
[2022-11-08T14:32:08.793+0000] {processor.py:154} INFO - Started process (PID=901) to work on /home/airflow/.local/lib/python3.7/site-packages/airflow/example_dags/example_bash_operator.py
[2022-11-08T14:32:08.794+0000] {processor.py:756} INFO - Processing file /home/airflow/.local/lib/python3.7/site-packages/airflow/example_dags/example_bash_operator.py for tasks to queue
[2022-11-08T14:32:08.795+0000] {logging_mixin.py:120} INFO - [2022-11-08T14:32:08.795+0000] {dagbag.py:537} INFO - Filling up the DagBag from /home/airflow/.local/lib/python3.7/site-packages/airflow/example_dags/example_bash_operator.py
[2022-11-08T14:32:08.813+0000] {processor.py:766} INFO - DAG(s) dict_keys(['example_bash_operator']) retrieved from /home/airflow/.local/lib/python3.7/site-packages/airflow/example_dags/example_bash_operator.py
[2022-11-08T14:32:08.857+0000] {logging_mixin.py:120} INFO - [2022-11-08T14:32:08.857+0000] {dag.py:2585} INFO - Sync 1 DAGs
[2022-11-08T14:32:08.879+0000] {logging_mixin.py:120} INFO - [2022-11-08T14:32:08.879+0000] {dag.py:3340} INFO - Setting next_dagrun for example_bash_operator to 2022-11-07T00:00:00+00:00, run_after=2022-11-08T00:00:00+00:00
[2022-11-08T14:32:08.895+0000] {processor.py:176} INFO - Processing /home/airflow/.local/lib/python3.7/site-packages/airflow/example_dags/example_bash_operator.py took 0.104 seconds
[2022-11-08T14:32:39.128+0000] {processor.py:154} INFO - Started process (PID=209) to work on /home/airflow/.local/lib/python3.7/site-packages/airflow/example_dags/example_bash_operator.py
[2022-11-08T14:32:39.129+0000] {processor.py:756} INFO - Processing file /home/airflow/.local/lib/python3.7/site-packages/airflow/example_dags/example_bash_operator.py for tasks to queue
[2022-11-08T14:32:39.130+0000] {logging_mixin.py:120} INFO - [2022-11-08T14:32:39.130+0000] {dagbag.py:537} INFO - Filling up the DagBag from /home/airflow/.local/lib/python3.7/site-packages/airflow/example_dags/example_bash_operator.py
[2022-11-08T14:32:39.153+0000] {processor.py:766} INFO - DAG(s) dict_keys(['example_bash_operator']) retrieved from /home/airflow/.local/lib/python3.7/site-packages/airflow/example_dags/example_bash_operator.py
[2022-11-08T14:32:39.174+0000] {logging_mixin.py:120} INFO - [2022-11-08T14:32:39.173+0000] {dag.py:2585} INFO - Sync 1 DAGs
[2022-11-08T14:32:39.196+0000] {logging_mixin.py:120} INFO - [2022-11-08T14:32:39.196+0000] {dag.py:3340} INFO - Setting next_dagrun for example_bash_operator to 2022-11-07T00:00:00+00:00, run_after=2022-11-08T00:00:00+00:00
[2022-11-08T14:32:39.212+0000] {processor.py:176} INFO - Processing /home/airflow/.local/lib/python3.7/site-packages/airflow/example_dags/example_bash_operator.py took 0.087 seconds
[2022-11-08T14:33:10.466+0000] {processor.py:154} INFO - Started process (PID=415) to work on /home/airflow/.local/lib/python3.7/site-packages/airflow/example_dags/example_bash_operator.py
[2022-11-08T14:33:10.468+0000] {processor.py:756} INFO - Processing file /home/airflow/.local/lib/python3.7/site-packages/airflow/example_dags/example_bash_operator.py for tasks to queue
[2022-11-08T14:33:10.469+0000] {logging_mixin.py:120} INFO - [2022-11-08T14:33:10.468+0000] {dagbag.py:537} INFO - Filling up the DagBag from /home/airflow/.local/lib/python3.7/site-packages/airflow/example_dags/example_bash_operator.py
[2022-11-08T14:33:10.491+0000] {processor.py:766} INFO - DAG(s) dict_keys(['example_bash_operator']) retrieved from /home/airflow/.local/lib/python3.7/site-packages/airflow/example_dags/example_bash_operator.py
[2022-11-08T14:33:10.541+0000] {logging_mixin.py:120} INFO - [2022-11-08T14:33:10.540+0000] {dag.py:2585} INFO - Sync 1 DAGs
[2022-11-08T14:33:10.565+0000] {logging_mixin.py:120} INFO - [2022-11-08T14:33:10.564+0000] {dag.py:3340} INFO - Setting next_dagrun for example_bash_operator to 2022-11-07T00:00:00+00:00, run_after=2022-11-08T00:00:00+00:00
[2022-11-08T14:33:10.589+0000] {processor.py:176} INFO - Processing /home/airflow/.local/lib/python3.7/site-packages/airflow/example_dags/example_bash_operator.py took 0.127 seconds
[2022-11-08T14:33:41.280+0000] {processor.py:154} INFO - Started process (PID=620) to work on /home/airflow/.local/lib/python3.7/site-packages/airflow/example_dags/example_bash_operator.py
[2022-11-08T14:33:41.281+0000] {processor.py:756} INFO - Processing file /home/airflow/.local/lib/python3.7/site-packages/airflow/example_dags/example_bash_operator.py for tasks to queue
[2022-11-08T14:33:41.281+0000] {logging_mixin.py:120} INFO - [2022-11-08T14:33:41.281+0000] {dagbag.py:537} INFO - Filling up the DagBag from /home/airflow/.local/lib/python3.7/site-packages/airflow/example_dags/example_bash_operator.py
[2022-11-08T14:33:41.301+0000] {processor.py:766} INFO - DAG(s) dict_keys(['example_bash_operator']) retrieved from /home/airflow/.local/lib/python3.7/site-packages/airflow/example_dags/example_bash_operator.py
[2022-11-08T14:33:41.326+0000] {logging_mixin.py:120} INFO - [2022-11-08T14:33:41.325+0000] {dag.py:2585} INFO - Sync 1 DAGs
[2022-11-08T14:33:41.349+0000] {logging_mixin.py:120} INFO - [2022-11-08T14:33:41.349+0000] {dag.py:3340} INFO - Setting next_dagrun for example_bash_operator to 2022-11-07T00:00:00+00:00, run_after=2022-11-08T00:00:00+00:00
[2022-11-08T14:33:41.368+0000] {processor.py:176} INFO - Processing /home/airflow/.local/lib/python3.7/site-packages/airflow/example_dags/example_bash_operator.py took 0.091 seconds
[2022-11-08T14:34:11.975+0000] {processor.py:154} INFO - Started process (PID=828) to work on /home/airflow/.local/lib/python3.7/site-packages/airflow/example_dags/example_bash_operator.py
[2022-11-08T14:34:11.977+0000] {processor.py:756} INFO - Processing file /home/airflow/.local/lib/python3.7/site-packages/airflow/example_dags/example_bash_operator.py for tasks to queue
[2022-11-08T14:34:11.978+0000] {logging_mixin.py:120} INFO - [2022-11-08T14:34:11.978+0000] {dagbag.py:537} INFO - Filling up the DagBag from /home/airflow/.local/lib/python3.7/site-packages/airflow/example_dags/example_bash_operator.py
[2022-11-08T14:34:12.005+0000] {processor.py:766} INFO - DAG(s) dict_keys(['example_bash_operator']) retrieved from /home/airflow/.local/lib/python3.7/site-packages/airflow/example_dags/example_bash_operator.py
[2022-11-08T14:34:12.057+0000] {logging_mixin.py:120} INFO - [2022-11-08T14:34:12.057+0000] {dag.py:2585} INFO - Sync 1 DAGs
[2022-11-08T14:34:12.087+0000] {logging_mixin.py:120} INFO - [2022-11-08T14:34:12.087+0000] {dag.py:3340} INFO - Setting next_dagrun for example_bash_operator to 2022-11-07T00:00:00+00:00, run_after=2022-11-08T00:00:00+00:00
[2022-11-08T14:34:12.113+0000] {processor.py:176} INFO - Processing /home/airflow/.local/lib/python3.7/site-packages/airflow/example_dags/example_bash_operator.py took 0.143 seconds
[2022-11-08T14:34:43.109+0000] {processor.py:154} INFO - Started process (PID=1028) to work on /home/airflow/.local/lib/python3.7/site-packages/airflow/example_dags/example_bash_operator.py
[2022-11-08T14:34:43.111+0000] {processor.py:756} INFO - Processing file /home/airflow/.local/lib/python3.7/site-packages/airflow/example_dags/example_bash_operator.py for tasks to queue
[2022-11-08T14:34:43.112+0000] {logging_mixin.py:120} INFO - [2022-11-08T14:34:43.112+0000] {dagbag.py:537} INFO - Filling up the DagBag from /home/airflow/.local/lib/python3.7/site-packages/airflow/example_dags/example_bash_operator.py
[2022-11-08T14:34:43.147+0000] {processor.py:766} INFO - DAG(s) dict_keys(['example_bash_operator']) retrieved from /home/airflow/.local/lib/python3.7/site-packages/airflow/example_dags/example_bash_operator.py
[2022-11-08T14:34:43.201+0000] {logging_mixin.py:120} INFO - [2022-11-08T14:34:43.201+0000] {dag.py:2585} INFO - Sync 1 DAGs
[2022-11-08T14:34:43.241+0000] {logging_mixin.py:120} INFO - [2022-11-08T14:34:43.240+0000] {dag.py:3340} INFO - Setting next_dagrun for example_bash_operator to 2022-11-07T00:00:00+00:00, run_after=2022-11-08T00:00:00+00:00
[2022-11-08T14:34:43.269+0000] {processor.py:176} INFO - Processing /home/airflow/.local/lib/python3.7/site-packages/airflow/example_dags/example_bash_operator.py took 0.165 seconds
[2022-11-08T14:35:14.073+0000] {processor.py:154} INFO - Started process (PID=1235) to work on /home/airflow/.local/lib/python3.7/site-packages/airflow/example_dags/example_bash_operator.py
[2022-11-08T14:35:14.074+0000] {processor.py:756} INFO - Processing file /home/airflow/.local/lib/python3.7/site-packages/airflow/example_dags/example_bash_operator.py for tasks to queue
[2022-11-08T14:35:14.074+0000] {logging_mixin.py:120} INFO - [2022-11-08T14:35:14.074+0000] {dagbag.py:537} INFO - Filling up the DagBag from /home/airflow/.local/lib/python3.7/site-packages/airflow/example_dags/example_bash_operator.py
[2022-11-08T14:35:14.096+0000] {processor.py:766} INFO - DAG(s) dict_keys(['example_bash_operator']) retrieved from /home/airflow/.local/lib/python3.7/site-packages/airflow/example_dags/example_bash_operator.py
[2022-11-08T14:35:14.140+0000] {logging_mixin.py:120} INFO - [2022-11-08T14:35:14.140+0000] {dag.py:2585} INFO - Sync 1 DAGs
[2022-11-08T14:35:14.166+0000] {logging_mixin.py:120} INFO - [2022-11-08T14:35:14.166+0000] {dag.py:3340} INFO - Setting next_dagrun for example_bash_operator to 2022-11-07T00:00:00+00:00, run_after=2022-11-08T00:00:00+00:00
[2022-11-08T14:35:14.187+0000] {processor.py:176} INFO - Processing /home/airflow/.local/lib/python3.7/site-packages/airflow/example_dags/example_bash_operator.py took 0.118 seconds
[2022-11-08T14:35:44.776+0000] {processor.py:154} INFO - Started process (PID=1440) to work on /home/airflow/.local/lib/python3.7/site-packages/airflow/example_dags/example_bash_operator.py
[2022-11-08T14:35:44.777+0000] {processor.py:756} INFO - Processing file /home/airflow/.local/lib/python3.7/site-packages/airflow/example_dags/example_bash_operator.py for tasks to queue
[2022-11-08T14:35:44.778+0000] {logging_mixin.py:120} INFO - [2022-11-08T14:35:44.778+0000] {dagbag.py:537} INFO - Filling up the DagBag from /home/airflow/.local/lib/python3.7/site-packages/airflow/example_dags/example_bash_operator.py
[2022-11-08T14:35:44.798+0000] {processor.py:766} INFO - DAG(s) dict_keys(['example_bash_operator']) retrieved from /home/airflow/.local/lib/python3.7/site-packages/airflow/example_dags/example_bash_operator.py
[2022-11-08T14:35:44.838+0000] {logging_mixin.py:120} INFO - [2022-11-08T14:35:44.838+0000] {dag.py:2585} INFO - Sync 1 DAGs
[2022-11-08T14:35:44.863+0000] {logging_mixin.py:120} INFO - [2022-11-08T14:35:44.862+0000] {dag.py:3340} INFO - Setting next_dagrun for example_bash_operator to 2022-11-07T00:00:00+00:00, run_after=2022-11-08T00:00:00+00:00
[2022-11-08T14:35:44.879+0000] {processor.py:176} INFO - Processing /home/airflow/.local/lib/python3.7/site-packages/airflow/example_dags/example_bash_operator.py took 0.106 seconds
[2022-11-08T14:36:15.434+0000] {processor.py:154} INFO - Started process (PID=1649) to work on /home/airflow/.local/lib/python3.7/site-packages/airflow/example_dags/example_bash_operator.py
[2022-11-08T14:36:15.435+0000] {processor.py:756} INFO - Processing file /home/airflow/.local/lib/python3.7/site-packages/airflow/example_dags/example_bash_operator.py for tasks to queue
[2022-11-08T14:36:15.436+0000] {logging_mixin.py:120} INFO - [2022-11-08T14:36:15.436+0000] {dagbag.py:537} INFO - Filling up the DagBag from /home/airflow/.local/lib/python3.7/site-packages/airflow/example_dags/example_bash_operator.py
[2022-11-08T14:36:15.464+0000] {processor.py:766} INFO - DAG(s) dict_keys(['example_bash_operator']) retrieved from /home/airflow/.local/lib/python3.7/site-packages/airflow/example_dags/example_bash_operator.py
[2022-11-08T14:36:15.506+0000] {logging_mixin.py:120} INFO - [2022-11-08T14:36:15.506+0000] {dag.py:2585} INFO - Sync 1 DAGs
[2022-11-08T14:36:15.530+0000] {logging_mixin.py:120} INFO - [2022-11-08T14:36:15.530+0000] {dag.py:3340} INFO - Setting next_dagrun for example_bash_operator to 2022-11-07T00:00:00+00:00, run_after=2022-11-08T00:00:00+00:00
[2022-11-08T14:36:15.568+0000] {processor.py:176} INFO - Processing /home/airflow/.local/lib/python3.7/site-packages/airflow/example_dags/example_bash_operator.py took 0.137 seconds
[2022-11-08T14:36:46.165+0000] {processor.py:154} INFO - Started process (PID=1854) to work on /home/airflow/.local/lib/python3.7/site-packages/airflow/example_dags/example_bash_operator.py
[2022-11-08T14:36:46.166+0000] {processor.py:756} INFO - Processing file /home/airflow/.local/lib/python3.7/site-packages/airflow/example_dags/example_bash_operator.py for tasks to queue
[2022-11-08T14:36:46.167+0000] {logging_mixin.py:120} INFO - [2022-11-08T14:36:46.167+0000] {dagbag.py:537} INFO - Filling up the DagBag from /home/airflow/.local/lib/python3.7/site-packages/airflow/example_dags/example_bash_operator.py
[2022-11-08T14:36:46.195+0000] {processor.py:766} INFO - DAG(s) dict_keys(['example_bash_operator']) retrieved from /home/airflow/.local/lib/python3.7/site-packages/airflow/example_dags/example_bash_operator.py
[2022-11-08T14:36:46.233+0000] {logging_mixin.py:120} INFO - [2022-11-08T14:36:46.233+0000] {dag.py:2585} INFO - Sync 1 DAGs
[2022-11-08T14:36:46.259+0000] {logging_mixin.py:120} INFO - [2022-11-08T14:36:46.259+0000] {dag.py:3340} INFO - Setting next_dagrun for example_bash_operator to 2022-11-07T00:00:00+00:00, run_after=2022-11-08T00:00:00+00:00
[2022-11-08T14:36:46.277+0000] {processor.py:176} INFO - Processing /home/airflow/.local/lib/python3.7/site-packages/airflow/example_dags/example_bash_operator.py took 0.117 seconds
[2022-11-08T14:37:17.067+0000] {processor.py:154} INFO - Started process (PID=2052) to work on /home/airflow/.local/lib/python3.7/site-packages/airflow/example_dags/example_bash_operator.py
[2022-11-08T14:37:17.068+0000] {processor.py:756} INFO - Processing file /home/airflow/.local/lib/python3.7/site-packages/airflow/example_dags/example_bash_operator.py for tasks to queue
[2022-11-08T14:37:17.069+0000] {logging_mixin.py:120} INFO - [2022-11-08T14:37:17.069+0000] {dagbag.py:537} INFO - Filling up the DagBag from /home/airflow/.local/lib/python3.7/site-packages/airflow/example_dags/example_bash_operator.py
[2022-11-08T14:37:17.088+0000] {processor.py:766} INFO - DAG(s) dict_keys(['example_bash_operator']) retrieved from /home/airflow/.local/lib/python3.7/site-packages/airflow/example_dags/example_bash_operator.py
[2022-11-08T14:37:17.126+0000] {logging_mixin.py:120} INFO - [2022-11-08T14:37:17.126+0000] {dag.py:2585} INFO - Sync 1 DAGs
[2022-11-08T14:37:17.148+0000] {logging_mixin.py:120} INFO - [2022-11-08T14:37:17.148+0000] {dag.py:3340} INFO - Setting next_dagrun for example_bash_operator to 2022-11-07T00:00:00+00:00, run_after=2022-11-08T00:00:00+00:00
[2022-11-08T14:37:17.167+0000] {processor.py:176} INFO - Processing /home/airflow/.local/lib/python3.7/site-packages/airflow/example_dags/example_bash_operator.py took 0.103 seconds
[2022-11-08T14:37:47.894+0000] {processor.py:154} INFO - Started process (PID=2261) to work on /home/airflow/.local/lib/python3.7/site-packages/airflow/example_dags/example_bash_operator.py
[2022-11-08T14:37:47.895+0000] {processor.py:756} INFO - Processing file /home/airflow/.local/lib/python3.7/site-packages/airflow/example_dags/example_bash_operator.py for tasks to queue
[2022-11-08T14:37:47.895+0000] {logging_mixin.py:120} INFO - [2022-11-08T14:37:47.895+0000] {dagbag.py:537} INFO - Filling up the DagBag from /home/airflow/.local/lib/python3.7/site-packages/airflow/example_dags/example_bash_operator.py
[2022-11-08T14:37:47.915+0000] {processor.py:766} INFO - DAG(s) dict_keys(['example_bash_operator']) retrieved from /home/airflow/.local/lib/python3.7/site-packages/airflow/example_dags/example_bash_operator.py
[2022-11-08T14:37:47.940+0000] {logging_mixin.py:120} INFO - [2022-11-08T14:37:47.940+0000] {dag.py:2585} INFO - Sync 1 DAGs
[2022-11-08T14:37:47.965+0000] {logging_mixin.py:120} INFO - [2022-11-08T14:37:47.965+0000] {dag.py:3340} INFO - Setting next_dagrun for example_bash_operator to 2022-11-07T00:00:00+00:00, run_after=2022-11-08T00:00:00+00:00
[2022-11-08T14:37:47.985+0000] {processor.py:176} INFO - Processing /home/airflow/.local/lib/python3.7/site-packages/airflow/example_dags/example_bash_operator.py took 0.096 seconds
[2022-11-08T14:38:18.422+0000] {processor.py:154} INFO - Started process (PID=2465) to work on /home/airflow/.local/lib/python3.7/site-packages/airflow/example_dags/example_bash_operator.py
[2022-11-08T14:38:18.423+0000] {processor.py:756} INFO - Processing file /home/airflow/.local/lib/python3.7/site-packages/airflow/example_dags/example_bash_operator.py for tasks to queue
[2022-11-08T14:38:18.424+0000] {logging_mixin.py:120} INFO - [2022-11-08T14:38:18.424+0000] {dagbag.py:537} INFO - Filling up the DagBag from /home/airflow/.local/lib/python3.7/site-packages/airflow/example_dags/example_bash_operator.py
[2022-11-08T14:38:18.449+0000] {processor.py:766} INFO - DAG(s) dict_keys(['example_bash_operator']) retrieved from /home/airflow/.local/lib/python3.7/site-packages/airflow/example_dags/example_bash_operator.py
[2022-11-08T14:38:18.480+0000] {logging_mixin.py:120} INFO - [2022-11-08T14:38:18.480+0000] {dag.py:2585} INFO - Sync 1 DAGs
[2022-11-08T14:38:18.515+0000] {logging_mixin.py:120} INFO - [2022-11-08T14:38:18.514+0000] {dag.py:3340} INFO - Setting next_dagrun for example_bash_operator to 2022-11-07T00:00:00+00:00, run_after=2022-11-08T00:00:00+00:00
[2022-11-08T14:38:18.544+0000] {processor.py:176} INFO - Processing /home/airflow/.local/lib/python3.7/site-packages/airflow/example_dags/example_bash_operator.py took 0.125 seconds
[2022-11-08T14:38:48.908+0000] {processor.py:154} INFO - Started process (PID=2672) to work on /home/airflow/.local/lib/python3.7/site-packages/airflow/example_dags/example_bash_operator.py
[2022-11-08T14:38:48.909+0000] {processor.py:756} INFO - Processing file /home/airflow/.local/lib/python3.7/site-packages/airflow/example_dags/example_bash_operator.py for tasks to queue
[2022-11-08T14:38:48.910+0000] {logging_mixin.py:120} INFO - [2022-11-08T14:38:48.910+0000] {dagbag.py:537} INFO - Filling up the DagBag from /home/airflow/.local/lib/python3.7/site-packages/airflow/example_dags/example_bash_operator.py
[2022-11-08T14:38:48.929+0000] {processor.py:766} INFO - DAG(s) dict_keys(['example_bash_operator']) retrieved from /home/airflow/.local/lib/python3.7/site-packages/airflow/example_dags/example_bash_operator.py
[2022-11-08T14:38:48.971+0000] {logging_mixin.py:120} INFO - [2022-11-08T14:38:48.970+0000] {dag.py:2585} INFO - Sync 1 DAGs
[2022-11-08T14:38:48.996+0000] {logging_mixin.py:120} INFO - [2022-11-08T14:38:48.996+0000] {dag.py:3340} INFO - Setting next_dagrun for example_bash_operator to 2022-11-07T00:00:00+00:00, run_after=2022-11-08T00:00:00+00:00
[2022-11-08T14:38:49.012+0000] {processor.py:176} INFO - Processing /home/airflow/.local/lib/python3.7/site-packages/airflow/example_dags/example_bash_operator.py took 0.106 seconds
[2022-11-08T14:39:19.589+0000] {processor.py:154} INFO - Started process (PID=2877) to work on /home/airflow/.local/lib/python3.7/site-packages/airflow/example_dags/example_bash_operator.py
[2022-11-08T14:39:19.590+0000] {processor.py:756} INFO - Processing file /home/airflow/.local/lib/python3.7/site-packages/airflow/example_dags/example_bash_operator.py for tasks to queue
[2022-11-08T14:39:19.591+0000] {logging_mixin.py:120} INFO - [2022-11-08T14:39:19.591+0000] {dagbag.py:537} INFO - Filling up the DagBag from /home/airflow/.local/lib/python3.7/site-packages/airflow/example_dags/example_bash_operator.py
[2022-11-08T14:39:19.615+0000] {processor.py:766} INFO - DAG(s) dict_keys(['example_bash_operator']) retrieved from /home/airflow/.local/lib/python3.7/site-packages/airflow/example_dags/example_bash_operator.py
[2022-11-08T14:39:19.671+0000] {logging_mixin.py:120} INFO - [2022-11-08T14:39:19.670+0000] {dag.py:2585} INFO - Sync 1 DAGs
[2022-11-08T14:39:19.715+0000] {logging_mixin.py:120} INFO - [2022-11-08T14:39:19.715+0000] {dag.py:3340} INFO - Setting next_dagrun for example_bash_operator to 2022-11-07T00:00:00+00:00, run_after=2022-11-08T00:00:00+00:00
[2022-11-08T14:39:19.750+0000] {processor.py:176} INFO - Processing /home/airflow/.local/lib/python3.7/site-packages/airflow/example_dags/example_bash_operator.py took 0.165 seconds
[2022-11-08T14:39:50.447+0000] {processor.py:154} INFO - Started process (PID=3077) to work on /home/airflow/.local/lib/python3.7/site-packages/airflow/example_dags/example_bash_operator.py
[2022-11-08T14:39:50.448+0000] {processor.py:756} INFO - Processing file /home/airflow/.local/lib/python3.7/site-packages/airflow/example_dags/example_bash_operator.py for tasks to queue
[2022-11-08T14:39:50.449+0000] {logging_mixin.py:120} INFO - [2022-11-08T14:39:50.448+0000] {dagbag.py:537} INFO - Filling up the DagBag from /home/airflow/.local/lib/python3.7/site-packages/airflow/example_dags/example_bash_operator.py
[2022-11-08T14:39:50.467+0000] {processor.py:766} INFO - DAG(s) dict_keys(['example_bash_operator']) retrieved from /home/airflow/.local/lib/python3.7/site-packages/airflow/example_dags/example_bash_operator.py
[2022-11-08T14:39:50.509+0000] {logging_mixin.py:120} INFO - [2022-11-08T14:39:50.509+0000] {dag.py:2585} INFO - Sync 1 DAGs
[2022-11-08T14:39:50.534+0000] {logging_mixin.py:120} INFO - [2022-11-08T14:39:50.534+0000] {dag.py:3340} INFO - Setting next_dagrun for example_bash_operator to 2022-11-07T00:00:00+00:00, run_after=2022-11-08T00:00:00+00:00
[2022-11-08T14:39:50.552+0000] {processor.py:176} INFO - Processing /home/airflow/.local/lib/python3.7/site-packages/airflow/example_dags/example_bash_operator.py took 0.108 seconds
[2022-11-08T14:40:21.459+0000] {processor.py:154} INFO - Started process (PID=3284) to work on /home/airflow/.local/lib/python3.7/site-packages/airflow/example_dags/example_bash_operator.py
[2022-11-08T14:40:21.460+0000] {processor.py:756} INFO - Processing file /home/airflow/.local/lib/python3.7/site-packages/airflow/example_dags/example_bash_operator.py for tasks to queue
[2022-11-08T14:40:21.462+0000] {logging_mixin.py:120} INFO - [2022-11-08T14:40:21.461+0000] {dagbag.py:537} INFO - Filling up the DagBag from /home/airflow/.local/lib/python3.7/site-packages/airflow/example_dags/example_bash_operator.py
[2022-11-08T14:40:21.490+0000] {processor.py:766} INFO - DAG(s) dict_keys(['example_bash_operator']) retrieved from /home/airflow/.local/lib/python3.7/site-packages/airflow/example_dags/example_bash_operator.py
[2022-11-08T14:40:21.546+0000] {logging_mixin.py:120} INFO - [2022-11-08T14:40:21.546+0000] {dag.py:2585} INFO - Sync 1 DAGs
[2022-11-08T14:40:21.576+0000] {logging_mixin.py:120} INFO - [2022-11-08T14:40:21.576+0000] {dag.py:3340} INFO - Setting next_dagrun for example_bash_operator to 2022-11-07T00:00:00+00:00, run_after=2022-11-08T00:00:00+00:00
[2022-11-08T14:40:21.604+0000] {processor.py:176} INFO - Processing /home/airflow/.local/lib/python3.7/site-packages/airflow/example_dags/example_bash_operator.py took 0.149 seconds
[2022-11-08T14:40:51.804+0000] {processor.py:154} INFO - Started process (PID=3491) to work on /home/airflow/.local/lib/python3.7/site-packages/airflow/example_dags/example_bash_operator.py
[2022-11-08T14:40:51.805+0000] {processor.py:756} INFO - Processing file /home/airflow/.local/lib/python3.7/site-packages/airflow/example_dags/example_bash_operator.py for tasks to queue
[2022-11-08T14:40:51.805+0000] {logging_mixin.py:120} INFO - [2022-11-08T14:40:51.805+0000] {dagbag.py:537} INFO - Filling up the DagBag from /home/airflow/.local/lib/python3.7/site-packages/airflow/example_dags/example_bash_operator.py
[2022-11-08T14:40:51.828+0000] {processor.py:766} INFO - DAG(s) dict_keys(['example_bash_operator']) retrieved from /home/airflow/.local/lib/python3.7/site-packages/airflow/example_dags/example_bash_operator.py
[2022-11-08T14:40:51.871+0000] {logging_mixin.py:120} INFO - [2022-11-08T14:40:51.871+0000] {dag.py:2585} INFO - Sync 1 DAGs
[2022-11-08T14:40:51.897+0000] {logging_mixin.py:120} INFO - [2022-11-08T14:40:51.897+0000] {dag.py:3340} INFO - Setting next_dagrun for example_bash_operator to 2022-11-07T00:00:00+00:00, run_after=2022-11-08T00:00:00+00:00
[2022-11-08T14:40:51.917+0000] {processor.py:176} INFO - Processing /home/airflow/.local/lib/python3.7/site-packages/airflow/example_dags/example_bash_operator.py took 0.117 seconds
[2022-11-08T14:41:22.303+0000] {processor.py:154} INFO - Started process (PID=3700) to work on /home/airflow/.local/lib/python3.7/site-packages/airflow/example_dags/example_bash_operator.py
[2022-11-08T14:41:22.304+0000] {processor.py:756} INFO - Processing file /home/airflow/.local/lib/python3.7/site-packages/airflow/example_dags/example_bash_operator.py for tasks to queue
[2022-11-08T14:41:22.305+0000] {logging_mixin.py:120} INFO - [2022-11-08T14:41:22.305+0000] {dagbag.py:537} INFO - Filling up the DagBag from /home/airflow/.local/lib/python3.7/site-packages/airflow/example_dags/example_bash_operator.py
[2022-11-08T14:41:22.327+0000] {processor.py:766} INFO - DAG(s) dict_keys(['example_bash_operator']) retrieved from /home/airflow/.local/lib/python3.7/site-packages/airflow/example_dags/example_bash_operator.py
[2022-11-08T14:41:22.371+0000] {logging_mixin.py:120} INFO - [2022-11-08T14:41:22.371+0000] {dag.py:2585} INFO - Sync 1 DAGs
[2022-11-08T14:41:22.397+0000] {logging_mixin.py:120} INFO - [2022-11-08T14:41:22.397+0000] {dag.py:3340} INFO - Setting next_dagrun for example_bash_operator to 2022-11-07T00:00:00+00:00, run_after=2022-11-08T00:00:00+00:00
[2022-11-08T14:41:22.416+0000] {processor.py:176} INFO - Processing /home/airflow/.local/lib/python3.7/site-packages/airflow/example_dags/example_bash_operator.py took 0.116 seconds
[2022-11-08T14:41:52.445+0000] {processor.py:154} INFO - Started process (PID=3898) to work on /home/airflow/.local/lib/python3.7/site-packages/airflow/example_dags/example_bash_operator.py
[2022-11-08T14:41:52.446+0000] {processor.py:756} INFO - Processing file /home/airflow/.local/lib/python3.7/site-packages/airflow/example_dags/example_bash_operator.py for tasks to queue
[2022-11-08T14:41:52.446+0000] {logging_mixin.py:120} INFO - [2022-11-08T14:41:52.446+0000] {dagbag.py:537} INFO - Filling up the DagBag from /home/airflow/.local/lib/python3.7/site-packages/airflow/example_dags/example_bash_operator.py
[2022-11-08T14:41:52.465+0000] {processor.py:766} INFO - DAG(s) dict_keys(['example_bash_operator']) retrieved from /home/airflow/.local/lib/python3.7/site-packages/airflow/example_dags/example_bash_operator.py
[2022-11-08T14:41:52.506+0000] {logging_mixin.py:120} INFO - [2022-11-08T14:41:52.506+0000] {dag.py:2585} INFO - Sync 1 DAGs
[2022-11-08T14:41:52.531+0000] {logging_mixin.py:120} INFO - [2022-11-08T14:41:52.531+0000] {dag.py:3340} INFO - Setting next_dagrun for example_bash_operator to 2022-11-07T00:00:00+00:00, run_after=2022-11-08T00:00:00+00:00
[2022-11-08T14:41:52.558+0000] {processor.py:176} INFO - Processing /home/airflow/.local/lib/python3.7/site-packages/airflow/example_dags/example_bash_operator.py took 0.117 seconds
[2022-11-08T14:42:22.736+0000] {processor.py:154} INFO - Started process (PID=4103) to work on /home/airflow/.local/lib/python3.7/site-packages/airflow/example_dags/example_bash_operator.py
[2022-11-08T14:42:22.738+0000] {processor.py:756} INFO - Processing file /home/airflow/.local/lib/python3.7/site-packages/airflow/example_dags/example_bash_operator.py for tasks to queue
[2022-11-08T14:42:22.740+0000] {logging_mixin.py:120} INFO - [2022-11-08T14:42:22.739+0000] {dagbag.py:537} INFO - Filling up the DagBag from /home/airflow/.local/lib/python3.7/site-packages/airflow/example_dags/example_bash_operator.py
[2022-11-08T14:42:22.773+0000] {processor.py:766} INFO - DAG(s) dict_keys(['example_bash_operator']) retrieved from /home/airflow/.local/lib/python3.7/site-packages/airflow/example_dags/example_bash_operator.py
[2022-11-08T14:42:22.816+0000] {logging_mixin.py:120} INFO - [2022-11-08T14:42:22.816+0000] {dag.py:2585} INFO - Sync 1 DAGs
[2022-11-08T14:42:22.850+0000] {logging_mixin.py:120} INFO - [2022-11-08T14:42:22.850+0000] {dag.py:3340} INFO - Setting next_dagrun for example_bash_operator to 2022-11-07T00:00:00+00:00, run_after=2022-11-08T00:00:00+00:00
[2022-11-08T14:42:22.887+0000] {processor.py:176} INFO - Processing /home/airflow/.local/lib/python3.7/site-packages/airflow/example_dags/example_bash_operator.py took 0.157 seconds
[2022-11-08T14:42:53.504+0000] {processor.py:154} INFO - Started process (PID=4312) to work on /home/airflow/.local/lib/python3.7/site-packages/airflow/example_dags/example_bash_operator.py
[2022-11-08T14:42:53.505+0000] {processor.py:756} INFO - Processing file /home/airflow/.local/lib/python3.7/site-packages/airflow/example_dags/example_bash_operator.py for tasks to queue
[2022-11-08T14:42:53.505+0000] {logging_mixin.py:120} INFO - [2022-11-08T14:42:53.505+0000] {dagbag.py:537} INFO - Filling up the DagBag from /home/airflow/.local/lib/python3.7/site-packages/airflow/example_dags/example_bash_operator.py
[2022-11-08T14:42:53.527+0000] {processor.py:766} INFO - DAG(s) dict_keys(['example_bash_operator']) retrieved from /home/airflow/.local/lib/python3.7/site-packages/airflow/example_dags/example_bash_operator.py
[2022-11-08T14:42:53.565+0000] {logging_mixin.py:120} INFO - [2022-11-08T14:42:53.565+0000] {dag.py:2585} INFO - Sync 1 DAGs
[2022-11-08T14:42:53.588+0000] {logging_mixin.py:120} INFO - [2022-11-08T14:42:53.588+0000] {dag.py:3340} INFO - Setting next_dagrun for example_bash_operator to 2022-11-07T00:00:00+00:00, run_after=2022-11-08T00:00:00+00:00
[2022-11-08T14:42:53.604+0000] {processor.py:176} INFO - Processing /home/airflow/.local/lib/python3.7/site-packages/airflow/example_dags/example_bash_operator.py took 0.104 seconds
[2022-11-08T14:43:24.091+0000] {processor.py:154} INFO - Started process (PID=4517) to work on /home/airflow/.local/lib/python3.7/site-packages/airflow/example_dags/example_bash_operator.py
[2022-11-08T14:43:24.092+0000] {processor.py:756} INFO - Processing file /home/airflow/.local/lib/python3.7/site-packages/airflow/example_dags/example_bash_operator.py for tasks to queue
[2022-11-08T14:43:24.093+0000] {logging_mixin.py:120} INFO - [2022-11-08T14:43:24.093+0000] {dagbag.py:537} INFO - Filling up the DagBag from /home/airflow/.local/lib/python3.7/site-packages/airflow/example_dags/example_bash_operator.py
[2022-11-08T14:43:24.110+0000] {processor.py:766} INFO - DAG(s) dict_keys(['example_bash_operator']) retrieved from /home/airflow/.local/lib/python3.7/site-packages/airflow/example_dags/example_bash_operator.py
[2022-11-08T14:43:24.145+0000] {logging_mixin.py:120} INFO - [2022-11-08T14:43:24.145+0000] {dag.py:2585} INFO - Sync 1 DAGs
[2022-11-08T14:43:24.166+0000] {logging_mixin.py:120} INFO - [2022-11-08T14:43:24.166+0000] {dag.py:3340} INFO - Setting next_dagrun for example_bash_operator to 2022-11-07T00:00:00+00:00, run_after=2022-11-08T00:00:00+00:00
[2022-11-08T14:43:24.183+0000] {processor.py:176} INFO - Processing /home/airflow/.local/lib/python3.7/site-packages/airflow/example_dags/example_bash_operator.py took 0.094 seconds
[2022-11-08T14:43:54.509+0000] {processor.py:154} INFO - Started process (PID=4715) to work on /home/airflow/.local/lib/python3.7/site-packages/airflow/example_dags/example_bash_operator.py
[2022-11-08T14:43:54.510+0000] {processor.py:756} INFO - Processing file /home/airflow/.local/lib/python3.7/site-packages/airflow/example_dags/example_bash_operator.py for tasks to queue
[2022-11-08T14:43:54.511+0000] {logging_mixin.py:120} INFO - [2022-11-08T14:43:54.511+0000] {dagbag.py:537} INFO - Filling up the DagBag from /home/airflow/.local/lib/python3.7/site-packages/airflow/example_dags/example_bash_operator.py
[2022-11-08T14:43:54.535+0000] {processor.py:766} INFO - DAG(s) dict_keys(['example_bash_operator']) retrieved from /home/airflow/.local/lib/python3.7/site-packages/airflow/example_dags/example_bash_operator.py
[2022-11-08T14:43:54.584+0000] {logging_mixin.py:120} INFO - [2022-11-08T14:43:54.584+0000] {dag.py:2585} INFO - Sync 1 DAGs
[2022-11-08T14:43:54.612+0000] {logging_mixin.py:120} INFO - [2022-11-08T14:43:54.612+0000] {dag.py:3340} INFO - Setting next_dagrun for example_bash_operator to 2022-11-07T00:00:00+00:00, run_after=2022-11-08T00:00:00+00:00
[2022-11-08T14:43:54.638+0000] {processor.py:176} INFO - Processing /home/airflow/.local/lib/python3.7/site-packages/airflow/example_dags/example_bash_operator.py took 0.133 seconds
[2022-11-08T14:44:25.282+0000] {processor.py:154} INFO - Started process (PID=4922) to work on /home/airflow/.local/lib/python3.7/site-packages/airflow/example_dags/example_bash_operator.py
[2022-11-08T14:44:25.283+0000] {processor.py:756} INFO - Processing file /home/airflow/.local/lib/python3.7/site-packages/airflow/example_dags/example_bash_operator.py for tasks to queue
[2022-11-08T14:44:25.284+0000] {logging_mixin.py:120} INFO - [2022-11-08T14:44:25.284+0000] {dagbag.py:537} INFO - Filling up the DagBag from /home/airflow/.local/lib/python3.7/site-packages/airflow/example_dags/example_bash_operator.py
[2022-11-08T14:44:25.306+0000] {processor.py:766} INFO - DAG(s) dict_keys(['example_bash_operator']) retrieved from /home/airflow/.local/lib/python3.7/site-packages/airflow/example_dags/example_bash_operator.py
[2022-11-08T14:44:25.350+0000] {logging_mixin.py:120} INFO - [2022-11-08T14:44:25.349+0000] {dag.py:2585} INFO - Sync 1 DAGs
[2022-11-08T14:44:25.373+0000] {logging_mixin.py:120} INFO - [2022-11-08T14:44:25.373+0000] {dag.py:3340} INFO - Setting next_dagrun for example_bash_operator to 2022-11-07T00:00:00+00:00, run_after=2022-11-08T00:00:00+00:00
[2022-11-08T14:44:25.393+0000] {processor.py:176} INFO - Processing /home/airflow/.local/lib/python3.7/site-packages/airflow/example_dags/example_bash_operator.py took 0.114 seconds
[2022-11-08T14:44:55.984+0000] {processor.py:154} INFO - Started process (PID=5130) to work on /home/airflow/.local/lib/python3.7/site-packages/airflow/example_dags/example_bash_operator.py
[2022-11-08T14:44:55.985+0000] {processor.py:756} INFO - Processing file /home/airflow/.local/lib/python3.7/site-packages/airflow/example_dags/example_bash_operator.py for tasks to queue
[2022-11-08T14:44:55.986+0000] {logging_mixin.py:120} INFO - [2022-11-08T14:44:55.986+0000] {dagbag.py:537} INFO - Filling up the DagBag from /home/airflow/.local/lib/python3.7/site-packages/airflow/example_dags/example_bash_operator.py
[2022-11-08T14:44:56.003+0000] {processor.py:766} INFO - DAG(s) dict_keys(['example_bash_operator']) retrieved from /home/airflow/.local/lib/python3.7/site-packages/airflow/example_dags/example_bash_operator.py
[2022-11-08T14:44:56.039+0000] {logging_mixin.py:120} INFO - [2022-11-08T14:44:56.039+0000] {dag.py:2585} INFO - Sync 1 DAGs
[2022-11-08T14:44:56.059+0000] {logging_mixin.py:120} INFO - [2022-11-08T14:44:56.059+0000] {dag.py:3340} INFO - Setting next_dagrun for example_bash_operator to 2022-11-07T00:00:00+00:00, run_after=2022-11-08T00:00:00+00:00
[2022-11-08T14:44:56.074+0000] {processor.py:176} INFO - Processing /home/airflow/.local/lib/python3.7/site-packages/airflow/example_dags/example_bash_operator.py took 0.093 seconds
[2022-11-08T14:45:26.450+0000] {processor.py:154} INFO - Started process (PID=5337) to work on /home/airflow/.local/lib/python3.7/site-packages/airflow/example_dags/example_bash_operator.py
[2022-11-08T14:45:26.451+0000] {processor.py:756} INFO - Processing file /home/airflow/.local/lib/python3.7/site-packages/airflow/example_dags/example_bash_operator.py for tasks to queue
[2022-11-08T14:45:26.451+0000] {logging_mixin.py:120} INFO - [2022-11-08T14:45:26.451+0000] {dagbag.py:537} INFO - Filling up the DagBag from /home/airflow/.local/lib/python3.7/site-packages/airflow/example_dags/example_bash_operator.py
[2022-11-08T14:45:26.469+0000] {processor.py:766} INFO - DAG(s) dict_keys(['example_bash_operator']) retrieved from /home/airflow/.local/lib/python3.7/site-packages/airflow/example_dags/example_bash_operator.py
[2022-11-08T14:45:26.503+0000] {logging_mixin.py:120} INFO - [2022-11-08T14:45:26.503+0000] {dag.py:2585} INFO - Sync 1 DAGs
[2022-11-08T14:45:26.522+0000] {logging_mixin.py:120} INFO - [2022-11-08T14:45:26.522+0000] {dag.py:3340} INFO - Setting next_dagrun for example_bash_operator to 2022-11-07T00:00:00+00:00, run_after=2022-11-08T00:00:00+00:00
[2022-11-08T14:45:26.536+0000] {processor.py:176} INFO - Processing /home/airflow/.local/lib/python3.7/site-packages/airflow/example_dags/example_bash_operator.py took 0.089 seconds
[2022-11-08T14:45:56.775+0000] {processor.py:154} INFO - Started process (PID=5542) to work on /home/airflow/.local/lib/python3.7/site-packages/airflow/example_dags/example_bash_operator.py
[2022-11-08T14:45:56.775+0000] {processor.py:756} INFO - Processing file /home/airflow/.local/lib/python3.7/site-packages/airflow/example_dags/example_bash_operator.py for tasks to queue
[2022-11-08T14:45:56.776+0000] {logging_mixin.py:120} INFO - [2022-11-08T14:45:56.776+0000] {dagbag.py:537} INFO - Filling up the DagBag from /home/airflow/.local/lib/python3.7/site-packages/airflow/example_dags/example_bash_operator.py
[2022-11-08T14:45:56.794+0000] {processor.py:766} INFO - DAG(s) dict_keys(['example_bash_operator']) retrieved from /home/airflow/.local/lib/python3.7/site-packages/airflow/example_dags/example_bash_operator.py
[2022-11-08T14:45:56.829+0000] {logging_mixin.py:120} INFO - [2022-11-08T14:45:56.829+0000] {dag.py:2585} INFO - Sync 1 DAGs
[2022-11-08T14:45:56.850+0000] {logging_mixin.py:120} INFO - [2022-11-08T14:45:56.850+0000] {dag.py:3340} INFO - Setting next_dagrun for example_bash_operator to 2022-11-07T00:00:00+00:00, run_after=2022-11-08T00:00:00+00:00
[2022-11-08T14:45:56.866+0000] {processor.py:176} INFO - Processing /home/airflow/.local/lib/python3.7/site-packages/airflow/example_dags/example_bash_operator.py took 0.094 seconds
[2022-11-08T14:46:27.345+0000] {processor.py:154} INFO - Started process (PID=5740) to work on /home/airflow/.local/lib/python3.7/site-packages/airflow/example_dags/example_bash_operator.py
[2022-11-08T14:46:27.347+0000] {processor.py:756} INFO - Processing file /home/airflow/.local/lib/python3.7/site-packages/airflow/example_dags/example_bash_operator.py for tasks to queue
[2022-11-08T14:46:27.348+0000] {logging_mixin.py:120} INFO - [2022-11-08T14:46:27.348+0000] {dagbag.py:537} INFO - Filling up the DagBag from /home/airflow/.local/lib/python3.7/site-packages/airflow/example_dags/example_bash_operator.py
[2022-11-08T14:46:27.388+0000] {processor.py:766} INFO - DAG(s) dict_keys(['example_bash_operator']) retrieved from /home/airflow/.local/lib/python3.7/site-packages/airflow/example_dags/example_bash_operator.py
[2022-11-08T14:46:27.463+0000] {logging_mixin.py:120} INFO - [2022-11-08T14:46:27.463+0000] {dag.py:2585} INFO - Sync 1 DAGs
[2022-11-08T14:46:27.490+0000] {logging_mixin.py:120} INFO - [2022-11-08T14:46:27.490+0000] {dag.py:3340} INFO - Setting next_dagrun for example_bash_operator to 2022-11-07T00:00:00+00:00, run_after=2022-11-08T00:00:00+00:00
[2022-11-08T14:46:27.514+0000] {processor.py:176} INFO - Processing /home/airflow/.local/lib/python3.7/site-packages/airflow/example_dags/example_bash_operator.py took 0.174 seconds
[2022-11-08T14:46:58.030+0000] {processor.py:154} INFO - Started process (PID=5947) to work on /home/airflow/.local/lib/python3.7/site-packages/airflow/example_dags/example_bash_operator.py
[2022-11-08T14:46:58.030+0000] {processor.py:756} INFO - Processing file /home/airflow/.local/lib/python3.7/site-packages/airflow/example_dags/example_bash_operator.py for tasks to queue
[2022-11-08T14:46:58.031+0000] {logging_mixin.py:120} INFO - [2022-11-08T14:46:58.031+0000] {dagbag.py:537} INFO - Filling up the DagBag from /home/airflow/.local/lib/python3.7/site-packages/airflow/example_dags/example_bash_operator.py
[2022-11-08T14:46:58.052+0000] {processor.py:766} INFO - DAG(s) dict_keys(['example_bash_operator']) retrieved from /home/airflow/.local/lib/python3.7/site-packages/airflow/example_dags/example_bash_operator.py
[2022-11-08T14:46:58.072+0000] {logging_mixin.py:120} INFO - [2022-11-08T14:46:58.072+0000] {dag.py:2585} INFO - Sync 1 DAGs
[2022-11-08T14:46:58.093+0000] {logging_mixin.py:120} INFO - [2022-11-08T14:46:58.093+0000] {dag.py:3340} INFO - Setting next_dagrun for example_bash_operator to 2022-11-07T00:00:00+00:00, run_after=2022-11-08T00:00:00+00:00
[2022-11-08T14:46:58.112+0000] {processor.py:176} INFO - Processing /home/airflow/.local/lib/python3.7/site-packages/airflow/example_dags/example_bash_operator.py took 0.087 seconds
[2022-11-08T14:47:28.428+0000] {processor.py:154} INFO - Started process (PID=6154) to work on /home/airflow/.local/lib/python3.7/site-packages/airflow/example_dags/example_bash_operator.py
[2022-11-08T14:47:28.429+0000] {processor.py:756} INFO - Processing file /home/airflow/.local/lib/python3.7/site-packages/airflow/example_dags/example_bash_operator.py for tasks to queue
[2022-11-08T14:47:28.430+0000] {logging_mixin.py:120} INFO - [2022-11-08T14:47:28.429+0000] {dagbag.py:537} INFO - Filling up the DagBag from /home/airflow/.local/lib/python3.7/site-packages/airflow/example_dags/example_bash_operator.py
[2022-11-08T14:47:28.452+0000] {processor.py:766} INFO - DAG(s) dict_keys(['example_bash_operator']) retrieved from /home/airflow/.local/lib/python3.7/site-packages/airflow/example_dags/example_bash_operator.py
[2022-11-08T14:47:28.491+0000] {logging_mixin.py:120} INFO - [2022-11-08T14:47:28.491+0000] {dag.py:2585} INFO - Sync 1 DAGs
[2022-11-08T14:47:28.512+0000] {logging_mixin.py:120} INFO - [2022-11-08T14:47:28.512+0000] {dag.py:3340} INFO - Setting next_dagrun for example_bash_operator to 2022-11-07T00:00:00+00:00, run_after=2022-11-08T00:00:00+00:00
[2022-11-08T14:47:28.528+0000] {processor.py:176} INFO - Processing /home/airflow/.local/lib/python3.7/site-packages/airflow/example_dags/example_bash_operator.py took 0.103 seconds
[2022-11-08T14:47:59.318+0000] {processor.py:154} INFO - Started process (PID=6363) to work on /home/airflow/.local/lib/python3.7/site-packages/airflow/example_dags/example_bash_operator.py
[2022-11-08T14:47:59.319+0000] {processor.py:756} INFO - Processing file /home/airflow/.local/lib/python3.7/site-packages/airflow/example_dags/example_bash_operator.py for tasks to queue
[2022-11-08T14:47:59.319+0000] {logging_mixin.py:120} INFO - [2022-11-08T14:47:59.319+0000] {dagbag.py:537} INFO - Filling up the DagBag from /home/airflow/.local/lib/python3.7/site-packages/airflow/example_dags/example_bash_operator.py
[2022-11-08T14:47:59.339+0000] {processor.py:766} INFO - DAG(s) dict_keys(['example_bash_operator']) retrieved from /home/airflow/.local/lib/python3.7/site-packages/airflow/example_dags/example_bash_operator.py
[2022-11-08T14:47:59.377+0000] {logging_mixin.py:120} INFO - [2022-11-08T14:47:59.377+0000] {dag.py:2585} INFO - Sync 1 DAGs
[2022-11-08T14:47:59.398+0000] {logging_mixin.py:120} INFO - [2022-11-08T14:47:59.398+0000] {dag.py:3340} INFO - Setting next_dagrun for example_bash_operator to 2022-11-07T00:00:00+00:00, run_after=2022-11-08T00:00:00+00:00
[2022-11-08T14:47:59.414+0000] {processor.py:176} INFO - Processing /home/airflow/.local/lib/python3.7/site-packages/airflow/example_dags/example_bash_operator.py took 0.100 seconds
[2022-11-08T14:48:30.218+0000] {processor.py:154} INFO - Started process (PID=6570) to work on /home/airflow/.local/lib/python3.7/site-packages/airflow/example_dags/example_bash_operator.py
[2022-11-08T14:48:30.219+0000] {processor.py:756} INFO - Processing file /home/airflow/.local/lib/python3.7/site-packages/airflow/example_dags/example_bash_operator.py for tasks to queue
[2022-11-08T14:48:30.220+0000] {logging_mixin.py:120} INFO - [2022-11-08T14:48:30.219+0000] {dagbag.py:537} INFO - Filling up the DagBag from /home/airflow/.local/lib/python3.7/site-packages/airflow/example_dags/example_bash_operator.py
[2022-11-08T14:48:30.243+0000] {processor.py:766} INFO - DAG(s) dict_keys(['example_bash_operator']) retrieved from /home/airflow/.local/lib/python3.7/site-packages/airflow/example_dags/example_bash_operator.py
[2022-11-08T14:48:30.295+0000] {logging_mixin.py:120} INFO - [2022-11-08T14:48:30.295+0000] {dag.py:2585} INFO - Sync 1 DAGs
[2022-11-08T14:48:30.334+0000] {logging_mixin.py:120} INFO - [2022-11-08T14:48:30.334+0000] {dag.py:3340} INFO - Setting next_dagrun for example_bash_operator to 2022-11-07T00:00:00+00:00, run_after=2022-11-08T00:00:00+00:00
[2022-11-08T14:48:30.365+0000] {processor.py:176} INFO - Processing /home/airflow/.local/lib/python3.7/site-packages/airflow/example_dags/example_bash_operator.py took 0.152 seconds
[2022-11-08T14:49:00.416+0000] {processor.py:154} INFO - Started process (PID=6769) to work on /home/airflow/.local/lib/python3.7/site-packages/airflow/example_dags/example_bash_operator.py
[2022-11-08T14:49:00.417+0000] {processor.py:756} INFO - Processing file /home/airflow/.local/lib/python3.7/site-packages/airflow/example_dags/example_bash_operator.py for tasks to queue
[2022-11-08T14:49:00.417+0000] {logging_mixin.py:120} INFO - [2022-11-08T14:49:00.417+0000] {dagbag.py:537} INFO - Filling up the DagBag from /home/airflow/.local/lib/python3.7/site-packages/airflow/example_dags/example_bash_operator.py
[2022-11-08T14:49:00.436+0000] {processor.py:766} INFO - DAG(s) dict_keys(['example_bash_operator']) retrieved from /home/airflow/.local/lib/python3.7/site-packages/airflow/example_dags/example_bash_operator.py
[2022-11-08T14:49:00.475+0000] {logging_mixin.py:120} INFO - [2022-11-08T14:49:00.474+0000] {dag.py:2585} INFO - Sync 1 DAGs
[2022-11-08T14:49:00.497+0000] {logging_mixin.py:120} INFO - [2022-11-08T14:49:00.497+0000] {dag.py:3340} INFO - Setting next_dagrun for example_bash_operator to 2022-11-07T00:00:00+00:00, run_after=2022-11-08T00:00:00+00:00
[2022-11-08T14:49:00.513+0000] {processor.py:176} INFO - Processing /home/airflow/.local/lib/python3.7/site-packages/airflow/example_dags/example_bash_operator.py took 0.101 seconds
[2022-11-08T14:49:30.933+0000] {processor.py:154} INFO - Started process (PID=6976) to work on /home/airflow/.local/lib/python3.7/site-packages/airflow/example_dags/example_bash_operator.py
[2022-11-08T14:49:30.934+0000] {processor.py:756} INFO - Processing file /home/airflow/.local/lib/python3.7/site-packages/airflow/example_dags/example_bash_operator.py for tasks to queue
[2022-11-08T14:49:30.934+0000] {logging_mixin.py:120} INFO - [2022-11-08T14:49:30.934+0000] {dagbag.py:537} INFO - Filling up the DagBag from /home/airflow/.local/lib/python3.7/site-packages/airflow/example_dags/example_bash_operator.py
[2022-11-08T14:49:30.959+0000] {processor.py:766} INFO - DAG(s) dict_keys(['example_bash_operator']) retrieved from /home/airflow/.local/lib/python3.7/site-packages/airflow/example_dags/example_bash_operator.py
[2022-11-08T14:49:30.996+0000] {logging_mixin.py:120} INFO - [2022-11-08T14:49:30.995+0000] {dag.py:2585} INFO - Sync 1 DAGs
[2022-11-08T14:49:31.015+0000] {logging_mixin.py:120} INFO - [2022-11-08T14:49:31.015+0000] {dag.py:3340} INFO - Setting next_dagrun for example_bash_operator to 2022-11-07T00:00:00+00:00, run_after=2022-11-08T00:00:00+00:00
[2022-11-08T14:49:31.030+0000] {processor.py:176} INFO - Processing /home/airflow/.local/lib/python3.7/site-packages/airflow/example_dags/example_bash_operator.py took 0.102 seconds
[2022-11-08T14:50:01.300+0000] {processor.py:154} INFO - Started process (PID=7181) to work on /home/airflow/.local/lib/python3.7/site-packages/airflow/example_dags/example_bash_operator.py
[2022-11-08T14:50:01.301+0000] {processor.py:756} INFO - Processing file /home/airflow/.local/lib/python3.7/site-packages/airflow/example_dags/example_bash_operator.py for tasks to queue
[2022-11-08T14:50:01.301+0000] {logging_mixin.py:120} INFO - [2022-11-08T14:50:01.301+0000] {dagbag.py:537} INFO - Filling up the DagBag from /home/airflow/.local/lib/python3.7/site-packages/airflow/example_dags/example_bash_operator.py
[2022-11-08T14:50:01.323+0000] {processor.py:766} INFO - DAG(s) dict_keys(['example_bash_operator']) retrieved from /home/airflow/.local/lib/python3.7/site-packages/airflow/example_dags/example_bash_operator.py
[2022-11-08T14:50:01.367+0000] {logging_mixin.py:120} INFO - [2022-11-08T14:50:01.367+0000] {dag.py:2585} INFO - Sync 1 DAGs
[2022-11-08T14:50:01.397+0000] {logging_mixin.py:120} INFO - [2022-11-08T14:50:01.397+0000] {dag.py:3340} INFO - Setting next_dagrun for example_bash_operator to 2022-11-07T00:00:00+00:00, run_after=2022-11-08T00:00:00+00:00
[2022-11-08T14:50:01.419+0000] {processor.py:176} INFO - Processing /home/airflow/.local/lib/python3.7/site-packages/airflow/example_dags/example_bash_operator.py took 0.123 seconds
[2022-11-08T14:50:31.905+0000] {processor.py:154} INFO - Started process (PID=7389) to work on /home/airflow/.local/lib/python3.7/site-packages/airflow/example_dags/example_bash_operator.py
[2022-11-08T14:50:31.906+0000] {processor.py:756} INFO - Processing file /home/airflow/.local/lib/python3.7/site-packages/airflow/example_dags/example_bash_operator.py for tasks to queue
[2022-11-08T14:50:31.906+0000] {logging_mixin.py:120} INFO - [2022-11-08T14:50:31.906+0000] {dagbag.py:537} INFO - Filling up the DagBag from /home/airflow/.local/lib/python3.7/site-packages/airflow/example_dags/example_bash_operator.py
[2022-11-08T14:50:31.924+0000] {processor.py:766} INFO - DAG(s) dict_keys(['example_bash_operator']) retrieved from /home/airflow/.local/lib/python3.7/site-packages/airflow/example_dags/example_bash_operator.py
[2022-11-08T14:50:31.958+0000] {logging_mixin.py:120} INFO - [2022-11-08T14:50:31.958+0000] {dag.py:2585} INFO - Sync 1 DAGs
[2022-11-08T14:50:31.977+0000] {logging_mixin.py:120} INFO - [2022-11-08T14:50:31.977+0000] {dag.py:3340} INFO - Setting next_dagrun for example_bash_operator to 2022-11-07T00:00:00+00:00, run_after=2022-11-08T00:00:00+00:00
[2022-11-08T14:50:31.993+0000] {processor.py:176} INFO - Processing /home/airflow/.local/lib/python3.7/site-packages/airflow/example_dags/example_bash_operator.py took 0.091 seconds
[2022-11-08T14:51:02.662+0000] {processor.py:154} INFO - Started process (PID=7587) to work on /home/airflow/.local/lib/python3.7/site-packages/airflow/example_dags/example_bash_operator.py
[2022-11-08T14:51:02.662+0000] {processor.py:756} INFO - Processing file /home/airflow/.local/lib/python3.7/site-packages/airflow/example_dags/example_bash_operator.py for tasks to queue
[2022-11-08T14:51:02.663+0000] {logging_mixin.py:120} INFO - [2022-11-08T14:51:02.663+0000] {dagbag.py:537} INFO - Filling up the DagBag from /home/airflow/.local/lib/python3.7/site-packages/airflow/example_dags/example_bash_operator.py
[2022-11-08T14:51:02.683+0000] {processor.py:766} INFO - DAG(s) dict_keys(['example_bash_operator']) retrieved from /home/airflow/.local/lib/python3.7/site-packages/airflow/example_dags/example_bash_operator.py
[2022-11-08T14:51:02.721+0000] {logging_mixin.py:120} INFO - [2022-11-08T14:51:02.721+0000] {dag.py:2585} INFO - Sync 1 DAGs
[2022-11-08T14:51:02.742+0000] {logging_mixin.py:120} INFO - [2022-11-08T14:51:02.742+0000] {dag.py:3340} INFO - Setting next_dagrun for example_bash_operator to 2022-11-07T00:00:00+00:00, run_after=2022-11-08T00:00:00+00:00
[2022-11-08T14:51:02.757+0000] {processor.py:176} INFO - Processing /home/airflow/.local/lib/python3.7/site-packages/airflow/example_dags/example_bash_operator.py took 0.100 seconds
[2022-11-08T14:51:33.468+0000] {processor.py:154} INFO - Started process (PID=7795) to work on /home/airflow/.local/lib/python3.7/site-packages/airflow/example_dags/example_bash_operator.py
[2022-11-08T14:51:33.469+0000] {processor.py:756} INFO - Processing file /home/airflow/.local/lib/python3.7/site-packages/airflow/example_dags/example_bash_operator.py for tasks to queue
[2022-11-08T14:51:33.470+0000] {logging_mixin.py:120} INFO - [2022-11-08T14:51:33.470+0000] {dagbag.py:537} INFO - Filling up the DagBag from /home/airflow/.local/lib/python3.7/site-packages/airflow/example_dags/example_bash_operator.py
[2022-11-08T14:51:33.494+0000] {processor.py:766} INFO - DAG(s) dict_keys(['example_bash_operator']) retrieved from /home/airflow/.local/lib/python3.7/site-packages/airflow/example_dags/example_bash_operator.py
[2022-11-08T14:51:33.540+0000] {logging_mixin.py:120} INFO - [2022-11-08T14:51:33.540+0000] {dag.py:2585} INFO - Sync 1 DAGs
[2022-11-08T14:51:33.565+0000] {logging_mixin.py:120} INFO - [2022-11-08T14:51:33.565+0000] {dag.py:3340} INFO - Setting next_dagrun for example_bash_operator to 2022-11-07T00:00:00+00:00, run_after=2022-11-08T00:00:00+00:00
[2022-11-08T14:51:33.584+0000] {processor.py:176} INFO - Processing /home/airflow/.local/lib/python3.7/site-packages/airflow/example_dags/example_bash_operator.py took 0.120 seconds
[2022-11-08T14:52:04.590+0000] {processor.py:154} INFO - Started process (PID=8002) to work on /home/airflow/.local/lib/python3.7/site-packages/airflow/example_dags/example_bash_operator.py
[2022-11-08T14:52:04.591+0000] {processor.py:756} INFO - Processing file /home/airflow/.local/lib/python3.7/site-packages/airflow/example_dags/example_bash_operator.py for tasks to queue
[2022-11-08T14:52:04.592+0000] {logging_mixin.py:120} INFO - [2022-11-08T14:52:04.591+0000] {dagbag.py:537} INFO - Filling up the DagBag from /home/airflow/.local/lib/python3.7/site-packages/airflow/example_dags/example_bash_operator.py
[2022-11-08T14:52:04.617+0000] {processor.py:766} INFO - DAG(s) dict_keys(['example_bash_operator']) retrieved from /home/airflow/.local/lib/python3.7/site-packages/airflow/example_dags/example_bash_operator.py
[2022-11-08T14:52:04.690+0000] {logging_mixin.py:120} INFO - [2022-11-08T14:52:04.690+0000] {dag.py:2585} INFO - Sync 1 DAGs
[2022-11-08T14:52:04.734+0000] {logging_mixin.py:120} INFO - [2022-11-08T14:52:04.733+0000] {dag.py:3340} INFO - Setting next_dagrun for example_bash_operator to 2022-11-07T00:00:00+00:00, run_after=2022-11-08T00:00:00+00:00
[2022-11-08T14:52:04.764+0000] {processor.py:176} INFO - Processing /home/airflow/.local/lib/python3.7/site-packages/airflow/example_dags/example_bash_operator.py took 0.179 seconds
[2022-11-08T14:52:35.095+0000] {processor.py:154} INFO - Started process (PID=8209) to work on /home/airflow/.local/lib/python3.7/site-packages/airflow/example_dags/example_bash_operator.py
[2022-11-08T14:52:35.096+0000] {processor.py:756} INFO - Processing file /home/airflow/.local/lib/python3.7/site-packages/airflow/example_dags/example_bash_operator.py for tasks to queue
[2022-11-08T14:52:35.096+0000] {logging_mixin.py:120} INFO - [2022-11-08T14:52:35.096+0000] {dagbag.py:537} INFO - Filling up the DagBag from /home/airflow/.local/lib/python3.7/site-packages/airflow/example_dags/example_bash_operator.py
[2022-11-08T14:52:35.122+0000] {processor.py:766} INFO - DAG(s) dict_keys(['example_bash_operator']) retrieved from /home/airflow/.local/lib/python3.7/site-packages/airflow/example_dags/example_bash_operator.py
[2022-11-08T14:52:35.171+0000] {logging_mixin.py:120} INFO - [2022-11-08T14:52:35.171+0000] {dag.py:2585} INFO - Sync 1 DAGs
[2022-11-08T14:52:35.199+0000] {logging_mixin.py:120} INFO - [2022-11-08T14:52:35.199+0000] {dag.py:3340} INFO - Setting next_dagrun for example_bash_operator to 2022-11-07T00:00:00+00:00, run_after=2022-11-08T00:00:00+00:00
[2022-11-08T14:52:35.219+0000] {processor.py:176} INFO - Processing /home/airflow/.local/lib/python3.7/site-packages/airflow/example_dags/example_bash_operator.py took 0.127 seconds
[2022-11-08T14:53:05.373+0000] {processor.py:154} INFO - Started process (PID=8410) to work on /home/airflow/.local/lib/python3.7/site-packages/airflow/example_dags/example_bash_operator.py
[2022-11-08T14:53:05.373+0000] {processor.py:756} INFO - Processing file /home/airflow/.local/lib/python3.7/site-packages/airflow/example_dags/example_bash_operator.py for tasks to queue
[2022-11-08T14:53:05.374+0000] {logging_mixin.py:120} INFO - [2022-11-08T14:53:05.374+0000] {dagbag.py:537} INFO - Filling up the DagBag from /home/airflow/.local/lib/python3.7/site-packages/airflow/example_dags/example_bash_operator.py
[2022-11-08T14:53:05.397+0000] {processor.py:766} INFO - DAG(s) dict_keys(['example_bash_operator']) retrieved from /home/airflow/.local/lib/python3.7/site-packages/airflow/example_dags/example_bash_operator.py
[2022-11-08T14:53:05.446+0000] {logging_mixin.py:120} INFO - [2022-11-08T14:53:05.445+0000] {dag.py:2585} INFO - Sync 1 DAGs
[2022-11-08T14:53:05.480+0000] {logging_mixin.py:120} INFO - [2022-11-08T14:53:05.480+0000] {dag.py:3340} INFO - Setting next_dagrun for example_bash_operator to 2022-11-07T00:00:00+00:00, run_after=2022-11-08T00:00:00+00:00
[2022-11-08T14:53:05.508+0000] {processor.py:176} INFO - Processing /home/airflow/.local/lib/python3.7/site-packages/airflow/example_dags/example_bash_operator.py took 0.139 seconds
[2022-11-08T14:53:35.580+0000] {processor.py:154} INFO - Started process (PID=8616) to work on /home/airflow/.local/lib/python3.7/site-packages/airflow/example_dags/example_bash_operator.py
[2022-11-08T14:53:35.581+0000] {processor.py:756} INFO - Processing file /home/airflow/.local/lib/python3.7/site-packages/airflow/example_dags/example_bash_operator.py for tasks to queue
[2022-11-08T14:53:35.581+0000] {logging_mixin.py:120} INFO - [2022-11-08T14:53:35.581+0000] {dagbag.py:537} INFO - Filling up the DagBag from /home/airflow/.local/lib/python3.7/site-packages/airflow/example_dags/example_bash_operator.py
[2022-11-08T14:53:35.604+0000] {processor.py:766} INFO - DAG(s) dict_keys(['example_bash_operator']) retrieved from /home/airflow/.local/lib/python3.7/site-packages/airflow/example_dags/example_bash_operator.py
[2022-11-08T14:53:35.653+0000] {logging_mixin.py:120} INFO - [2022-11-08T14:53:35.653+0000] {dag.py:2585} INFO - Sync 1 DAGs
[2022-11-08T14:53:35.682+0000] {logging_mixin.py:120} INFO - [2022-11-08T14:53:35.681+0000] {dag.py:3340} INFO - Setting next_dagrun for example_bash_operator to 2022-11-07T00:00:00+00:00, run_after=2022-11-08T00:00:00+00:00
[2022-11-08T14:53:35.701+0000] {processor.py:176} INFO - Processing /home/airflow/.local/lib/python3.7/site-packages/airflow/example_dags/example_bash_operator.py took 0.125 seconds
[2022-11-08T14:54:05.873+0000] {processor.py:154} INFO - Started process (PID=8823) to work on /home/airflow/.local/lib/python3.7/site-packages/airflow/example_dags/example_bash_operator.py
[2022-11-08T14:54:05.874+0000] {processor.py:756} INFO - Processing file /home/airflow/.local/lib/python3.7/site-packages/airflow/example_dags/example_bash_operator.py for tasks to queue
[2022-11-08T14:54:05.875+0000] {logging_mixin.py:120} INFO - [2022-11-08T14:54:05.875+0000] {dagbag.py:537} INFO - Filling up the DagBag from /home/airflow/.local/lib/python3.7/site-packages/airflow/example_dags/example_bash_operator.py
[2022-11-08T14:54:05.904+0000] {processor.py:766} INFO - DAG(s) dict_keys(['example_bash_operator']) retrieved from /home/airflow/.local/lib/python3.7/site-packages/airflow/example_dags/example_bash_operator.py
[2022-11-08T14:54:05.951+0000] {logging_mixin.py:120} INFO - [2022-11-08T14:54:05.951+0000] {dag.py:2585} INFO - Sync 1 DAGs
[2022-11-08T14:54:05.980+0000] {logging_mixin.py:120} INFO - [2022-11-08T14:54:05.979+0000] {dag.py:3340} INFO - Setting next_dagrun for example_bash_operator to 2022-11-07T00:00:00+00:00, run_after=2022-11-08T00:00:00+00:00
[2022-11-08T14:54:06.001+0000] {processor.py:176} INFO - Processing /home/airflow/.local/lib/python3.7/site-packages/airflow/example_dags/example_bash_operator.py took 0.131 seconds
[2022-11-08T14:54:36.393+0000] {processor.py:154} INFO - Started process (PID=9021) to work on /home/airflow/.local/lib/python3.7/site-packages/airflow/example_dags/example_bash_operator.py
[2022-11-08T14:54:36.394+0000] {processor.py:756} INFO - Processing file /home/airflow/.local/lib/python3.7/site-packages/airflow/example_dags/example_bash_operator.py for tasks to queue
[2022-11-08T14:54:36.394+0000] {logging_mixin.py:120} INFO - [2022-11-08T14:54:36.394+0000] {dagbag.py:537} INFO - Filling up the DagBag from /home/airflow/.local/lib/python3.7/site-packages/airflow/example_dags/example_bash_operator.py
[2022-11-08T14:54:36.417+0000] {processor.py:766} INFO - DAG(s) dict_keys(['example_bash_operator']) retrieved from /home/airflow/.local/lib/python3.7/site-packages/airflow/example_dags/example_bash_operator.py
[2022-11-08T14:54:36.462+0000] {logging_mixin.py:120} INFO - [2022-11-08T14:54:36.462+0000] {dag.py:2585} INFO - Sync 1 DAGs
[2022-11-08T14:54:36.486+0000] {logging_mixin.py:120} INFO - [2022-11-08T14:54:36.485+0000] {dag.py:3340} INFO - Setting next_dagrun for example_bash_operator to 2022-11-07T00:00:00+00:00, run_after=2022-11-08T00:00:00+00:00
[2022-11-08T14:54:36.509+0000] {processor.py:176} INFO - Processing /home/airflow/.local/lib/python3.7/site-packages/airflow/example_dags/example_bash_operator.py took 0.120 seconds
[2022-11-08T14:55:06.981+0000] {processor.py:154} INFO - Started process (PID=9228) to work on /home/airflow/.local/lib/python3.7/site-packages/airflow/example_dags/example_bash_operator.py
[2022-11-08T14:55:06.982+0000] {processor.py:756} INFO - Processing file /home/airflow/.local/lib/python3.7/site-packages/airflow/example_dags/example_bash_operator.py for tasks to queue
[2022-11-08T14:55:06.983+0000] {logging_mixin.py:120} INFO - [2022-11-08T14:55:06.983+0000] {dagbag.py:537} INFO - Filling up the DagBag from /home/airflow/.local/lib/python3.7/site-packages/airflow/example_dags/example_bash_operator.py
[2022-11-08T14:55:07.008+0000] {processor.py:766} INFO - DAG(s) dict_keys(['example_bash_operator']) retrieved from /home/airflow/.local/lib/python3.7/site-packages/airflow/example_dags/example_bash_operator.py
[2022-11-08T14:55:07.055+0000] {logging_mixin.py:120} INFO - [2022-11-08T14:55:07.055+0000] {dag.py:2585} INFO - Sync 1 DAGs
[2022-11-08T14:55:07.084+0000] {logging_mixin.py:120} INFO - [2022-11-08T14:55:07.084+0000] {dag.py:3340} INFO - Setting next_dagrun for example_bash_operator to 2022-11-07T00:00:00+00:00, run_after=2022-11-08T00:00:00+00:00
[2022-11-08T14:55:07.105+0000] {processor.py:176} INFO - Processing /home/airflow/.local/lib/python3.7/site-packages/airflow/example_dags/example_bash_operator.py took 0.127 seconds
[2022-11-08T14:55:37.253+0000] {processor.py:154} INFO - Started process (PID=9435) to work on /home/airflow/.local/lib/python3.7/site-packages/airflow/example_dags/example_bash_operator.py
[2022-11-08T14:55:37.254+0000] {processor.py:756} INFO - Processing file /home/airflow/.local/lib/python3.7/site-packages/airflow/example_dags/example_bash_operator.py for tasks to queue
[2022-11-08T14:55:37.255+0000] {logging_mixin.py:120} INFO - [2022-11-08T14:55:37.255+0000] {dagbag.py:537} INFO - Filling up the DagBag from /home/airflow/.local/lib/python3.7/site-packages/airflow/example_dags/example_bash_operator.py
[2022-11-08T14:55:37.280+0000] {processor.py:766} INFO - DAG(s) dict_keys(['example_bash_operator']) retrieved from /home/airflow/.local/lib/python3.7/site-packages/airflow/example_dags/example_bash_operator.py
[2022-11-08T14:55:37.331+0000] {logging_mixin.py:120} INFO - [2022-11-08T14:55:37.330+0000] {dag.py:2585} INFO - Sync 1 DAGs
[2022-11-08T14:55:37.361+0000] {logging_mixin.py:120} INFO - [2022-11-08T14:55:37.361+0000] {dag.py:3340} INFO - Setting next_dagrun for example_bash_operator to 2022-11-07T00:00:00+00:00, run_after=2022-11-08T00:00:00+00:00
[2022-11-08T14:55:37.383+0000] {processor.py:176} INFO - Processing /home/airflow/.local/lib/python3.7/site-packages/airflow/example_dags/example_bash_operator.py took 0.133 seconds
[2022-11-08T14:56:07.631+0000] {processor.py:154} INFO - Started process (PID=9642) to work on /home/airflow/.local/lib/python3.7/site-packages/airflow/example_dags/example_bash_operator.py
[2022-11-08T14:56:07.632+0000] {processor.py:756} INFO - Processing file /home/airflow/.local/lib/python3.7/site-packages/airflow/example_dags/example_bash_operator.py for tasks to queue
[2022-11-08T14:56:07.633+0000] {logging_mixin.py:120} INFO - [2022-11-08T14:56:07.633+0000] {dagbag.py:537} INFO - Filling up the DagBag from /home/airflow/.local/lib/python3.7/site-packages/airflow/example_dags/example_bash_operator.py
[2022-11-08T14:56:07.657+0000] {processor.py:766} INFO - DAG(s) dict_keys(['example_bash_operator']) retrieved from /home/airflow/.local/lib/python3.7/site-packages/airflow/example_dags/example_bash_operator.py
[2022-11-08T14:56:07.706+0000] {logging_mixin.py:120} INFO - [2022-11-08T14:56:07.706+0000] {dag.py:2585} INFO - Sync 1 DAGs
[2022-11-08T14:56:07.733+0000] {logging_mixin.py:120} INFO - [2022-11-08T14:56:07.733+0000] {dag.py:3340} INFO - Setting next_dagrun for example_bash_operator to 2022-11-07T00:00:00+00:00, run_after=2022-11-08T00:00:00+00:00
[2022-11-08T14:56:07.753+0000] {processor.py:176} INFO - Processing /home/airflow/.local/lib/python3.7/site-packages/airflow/example_dags/example_bash_operator.py took 0.126 seconds
[2022-11-08T14:56:37.857+0000] {processor.py:154} INFO - Started process (PID=9840) to work on /home/airflow/.local/lib/python3.7/site-packages/airflow/example_dags/example_bash_operator.py
[2022-11-08T14:56:37.859+0000] {processor.py:756} INFO - Processing file /home/airflow/.local/lib/python3.7/site-packages/airflow/example_dags/example_bash_operator.py for tasks to queue
[2022-11-08T14:56:37.859+0000] {logging_mixin.py:120} INFO - [2022-11-08T14:56:37.859+0000] {dagbag.py:537} INFO - Filling up the DagBag from /home/airflow/.local/lib/python3.7/site-packages/airflow/example_dags/example_bash_operator.py
[2022-11-08T14:56:37.882+0000] {processor.py:766} INFO - DAG(s) dict_keys(['example_bash_operator']) retrieved from /home/airflow/.local/lib/python3.7/site-packages/airflow/example_dags/example_bash_operator.py
[2022-11-08T14:56:37.927+0000] {logging_mixin.py:120} INFO - [2022-11-08T14:56:37.927+0000] {dag.py:2585} INFO - Sync 1 DAGs
[2022-11-08T14:56:37.954+0000] {logging_mixin.py:120} INFO - [2022-11-08T14:56:37.954+0000] {dag.py:3340} INFO - Setting next_dagrun for example_bash_operator to 2022-11-07T00:00:00+00:00, run_after=2022-11-08T00:00:00+00:00
[2022-11-08T14:56:37.973+0000] {processor.py:176} INFO - Processing /home/airflow/.local/lib/python3.7/site-packages/airflow/example_dags/example_bash_operator.py took 0.119 seconds
[2022-11-08T14:57:08.414+0000] {processor.py:154} INFO - Started process (PID=10048) to work on /home/airflow/.local/lib/python3.7/site-packages/airflow/example_dags/example_bash_operator.py
[2022-11-08T14:57:08.415+0000] {processor.py:756} INFO - Processing file /home/airflow/.local/lib/python3.7/site-packages/airflow/example_dags/example_bash_operator.py for tasks to queue
[2022-11-08T14:57:08.416+0000] {logging_mixin.py:120} INFO - [2022-11-08T14:57:08.416+0000] {dagbag.py:537} INFO - Filling up the DagBag from /home/airflow/.local/lib/python3.7/site-packages/airflow/example_dags/example_bash_operator.py
[2022-11-08T14:57:08.442+0000] {processor.py:766} INFO - DAG(s) dict_keys(['example_bash_operator']) retrieved from /home/airflow/.local/lib/python3.7/site-packages/airflow/example_dags/example_bash_operator.py
[2022-11-08T14:57:08.488+0000] {logging_mixin.py:120} INFO - [2022-11-08T14:57:08.487+0000] {dag.py:2585} INFO - Sync 1 DAGs
[2022-11-08T14:57:08.515+0000] {logging_mixin.py:120} INFO - [2022-11-08T14:57:08.514+0000] {dag.py:3340} INFO - Setting next_dagrun for example_bash_operator to 2022-11-07T00:00:00+00:00, run_after=2022-11-08T00:00:00+00:00
[2022-11-08T14:57:08.534+0000] {processor.py:176} INFO - Processing /home/airflow/.local/lib/python3.7/site-packages/airflow/example_dags/example_bash_operator.py took 0.124 seconds
[2022-11-08T14:57:38.676+0000] {processor.py:154} INFO - Started process (PID=10255) to work on /home/airflow/.local/lib/python3.7/site-packages/airflow/example_dags/example_bash_operator.py
[2022-11-08T14:57:38.677+0000] {processor.py:756} INFO - Processing file /home/airflow/.local/lib/python3.7/site-packages/airflow/example_dags/example_bash_operator.py for tasks to queue
[2022-11-08T14:57:38.677+0000] {logging_mixin.py:120} INFO - [2022-11-08T14:57:38.677+0000] {dagbag.py:537} INFO - Filling up the DagBag from /home/airflow/.local/lib/python3.7/site-packages/airflow/example_dags/example_bash_operator.py
[2022-11-08T14:57:38.701+0000] {processor.py:766} INFO - DAG(s) dict_keys(['example_bash_operator']) retrieved from /home/airflow/.local/lib/python3.7/site-packages/airflow/example_dags/example_bash_operator.py
[2022-11-08T14:57:38.753+0000] {logging_mixin.py:120} INFO - [2022-11-08T14:57:38.753+0000] {dag.py:2585} INFO - Sync 1 DAGs
[2022-11-08T14:57:38.788+0000] {logging_mixin.py:120} INFO - [2022-11-08T14:57:38.788+0000] {dag.py:3340} INFO - Setting next_dagrun for example_bash_operator to 2022-11-07T00:00:00+00:00, run_after=2022-11-08T00:00:00+00:00
[2022-11-08T14:57:38.807+0000] {processor.py:176} INFO - Processing /home/airflow/.local/lib/python3.7/site-packages/airflow/example_dags/example_bash_operator.py took 0.135 seconds
[2022-11-08T14:58:09.766+0000] {processor.py:154} INFO - Started process (PID=10453) to work on /home/airflow/.local/lib/python3.7/site-packages/airflow/example_dags/example_bash_operator.py
[2022-11-08T14:58:09.768+0000] {processor.py:756} INFO - Processing file /home/airflow/.local/lib/python3.7/site-packages/airflow/example_dags/example_bash_operator.py for tasks to queue
[2022-11-08T14:58:09.769+0000] {logging_mixin.py:120} INFO - [2022-11-08T14:58:09.768+0000] {dagbag.py:537} INFO - Filling up the DagBag from /home/airflow/.local/lib/python3.7/site-packages/airflow/example_dags/example_bash_operator.py
[2022-11-08T14:58:09.800+0000] {processor.py:766} INFO - DAG(s) dict_keys(['example_bash_operator']) retrieved from /home/airflow/.local/lib/python3.7/site-packages/airflow/example_dags/example_bash_operator.py
[2022-11-08T14:58:09.853+0000] {logging_mixin.py:120} INFO - [2022-11-08T14:58:09.853+0000] {dag.py:2585} INFO - Sync 1 DAGs
[2022-11-08T14:58:09.885+0000] {logging_mixin.py:120} INFO - [2022-11-08T14:58:09.885+0000] {dag.py:3340} INFO - Setting next_dagrun for example_bash_operator to 2022-11-07T00:00:00+00:00, run_after=2022-11-08T00:00:00+00:00
[2022-11-08T14:58:09.906+0000] {processor.py:176} INFO - Processing /home/airflow/.local/lib/python3.7/site-packages/airflow/example_dags/example_bash_operator.py took 0.144 seconds
[2022-11-08T14:58:40.157+0000] {processor.py:154} INFO - Started process (PID=10660) to work on /home/airflow/.local/lib/python3.7/site-packages/airflow/example_dags/example_bash_operator.py
[2022-11-08T14:58:40.158+0000] {processor.py:756} INFO - Processing file /home/airflow/.local/lib/python3.7/site-packages/airflow/example_dags/example_bash_operator.py for tasks to queue
[2022-11-08T14:58:40.159+0000] {logging_mixin.py:120} INFO - [2022-11-08T14:58:40.159+0000] {dagbag.py:537} INFO - Filling up the DagBag from /home/airflow/.local/lib/python3.7/site-packages/airflow/example_dags/example_bash_operator.py
[2022-11-08T14:58:40.186+0000] {processor.py:766} INFO - DAG(s) dict_keys(['example_bash_operator']) retrieved from /home/airflow/.local/lib/python3.7/site-packages/airflow/example_dags/example_bash_operator.py
[2022-11-08T14:58:40.241+0000] {logging_mixin.py:120} INFO - [2022-11-08T14:58:40.240+0000] {dag.py:2585} INFO - Sync 1 DAGs
[2022-11-08T14:58:40.273+0000] {logging_mixin.py:120} INFO - [2022-11-08T14:58:40.272+0000] {dag.py:3340} INFO - Setting next_dagrun for example_bash_operator to 2022-11-07T00:00:00+00:00, run_after=2022-11-08T00:00:00+00:00
[2022-11-08T14:58:40.295+0000] {processor.py:176} INFO - Processing /home/airflow/.local/lib/python3.7/site-packages/airflow/example_dags/example_bash_operator.py took 0.143 seconds
[2022-11-08T14:59:10.462+0000] {processor.py:154} INFO - Started process (PID=10869) to work on /home/airflow/.local/lib/python3.7/site-packages/airflow/example_dags/example_bash_operator.py
[2022-11-08T14:59:10.463+0000] {processor.py:756} INFO - Processing file /home/airflow/.local/lib/python3.7/site-packages/airflow/example_dags/example_bash_operator.py for tasks to queue
[2022-11-08T14:59:10.463+0000] {logging_mixin.py:120} INFO - [2022-11-08T14:59:10.463+0000] {dagbag.py:537} INFO - Filling up the DagBag from /home/airflow/.local/lib/python3.7/site-packages/airflow/example_dags/example_bash_operator.py
[2022-11-08T14:59:10.488+0000] {processor.py:766} INFO - DAG(s) dict_keys(['example_bash_operator']) retrieved from /home/airflow/.local/lib/python3.7/site-packages/airflow/example_dags/example_bash_operator.py
[2022-11-08T14:59:10.534+0000] {logging_mixin.py:120} INFO - [2022-11-08T14:59:10.534+0000] {dag.py:2585} INFO - Sync 1 DAGs
[2022-11-08T14:59:10.563+0000] {logging_mixin.py:120} INFO - [2022-11-08T14:59:10.563+0000] {dag.py:3340} INFO - Setting next_dagrun for example_bash_operator to 2022-11-07T00:00:00+00:00, run_after=2022-11-08T00:00:00+00:00
[2022-11-08T14:59:10.583+0000] {processor.py:176} INFO - Processing /home/airflow/.local/lib/python3.7/site-packages/airflow/example_dags/example_bash_operator.py took 0.124 seconds
[2022-11-08T14:59:40.783+0000] {processor.py:154} INFO - Started process (PID=11076) to work on /home/airflow/.local/lib/python3.7/site-packages/airflow/example_dags/example_bash_operator.py
[2022-11-08T14:59:40.785+0000] {processor.py:756} INFO - Processing file /home/airflow/.local/lib/python3.7/site-packages/airflow/example_dags/example_bash_operator.py for tasks to queue
[2022-11-08T14:59:40.785+0000] {logging_mixin.py:120} INFO - [2022-11-08T14:59:40.785+0000] {dagbag.py:537} INFO - Filling up the DagBag from /home/airflow/.local/lib/python3.7/site-packages/airflow/example_dags/example_bash_operator.py
[2022-11-08T14:59:40.808+0000] {processor.py:766} INFO - DAG(s) dict_keys(['example_bash_operator']) retrieved from /home/airflow/.local/lib/python3.7/site-packages/airflow/example_dags/example_bash_operator.py
[2022-11-08T14:59:40.857+0000] {logging_mixin.py:120} INFO - [2022-11-08T14:59:40.856+0000] {dag.py:2585} INFO - Sync 1 DAGs
[2022-11-08T14:59:40.882+0000] {logging_mixin.py:120} INFO - [2022-11-08T14:59:40.882+0000] {dag.py:3340} INFO - Setting next_dagrun for example_bash_operator to 2022-11-07T00:00:00+00:00, run_after=2022-11-08T00:00:00+00:00
[2022-11-08T14:59:40.900+0000] {processor.py:176} INFO - Processing /home/airflow/.local/lib/python3.7/site-packages/airflow/example_dags/example_bash_operator.py took 0.120 seconds
[2022-11-08T15:00:11.050+0000] {processor.py:154} INFO - Started process (PID=11274) to work on /home/airflow/.local/lib/python3.7/site-packages/airflow/example_dags/example_bash_operator.py
[2022-11-08T15:00:11.051+0000] {processor.py:756} INFO - Processing file /home/airflow/.local/lib/python3.7/site-packages/airflow/example_dags/example_bash_operator.py for tasks to queue
[2022-11-08T15:00:11.051+0000] {logging_mixin.py:120} INFO - [2022-11-08T15:00:11.051+0000] {dagbag.py:537} INFO - Filling up the DagBag from /home/airflow/.local/lib/python3.7/site-packages/airflow/example_dags/example_bash_operator.py
[2022-11-08T15:00:11.076+0000] {processor.py:766} INFO - DAG(s) dict_keys(['example_bash_operator']) retrieved from /home/airflow/.local/lib/python3.7/site-packages/airflow/example_dags/example_bash_operator.py
[2022-11-08T15:00:11.126+0000] {logging_mixin.py:120} INFO - [2022-11-08T15:00:11.125+0000] {dag.py:2585} INFO - Sync 1 DAGs
[2022-11-08T15:00:11.153+0000] {logging_mixin.py:120} INFO - [2022-11-08T15:00:11.153+0000] {dag.py:3340} INFO - Setting next_dagrun for example_bash_operator to 2022-11-07T00:00:00+00:00, run_after=2022-11-08T00:00:00+00:00
[2022-11-08T15:00:11.177+0000] {processor.py:176} INFO - Processing /home/airflow/.local/lib/python3.7/site-packages/airflow/example_dags/example_bash_operator.py took 0.132 seconds
[2022-11-08T15:00:41.362+0000] {processor.py:154} INFO - Started process (PID=11479) to work on /home/airflow/.local/lib/python3.7/site-packages/airflow/example_dags/example_bash_operator.py
[2022-11-08T15:00:41.363+0000] {processor.py:756} INFO - Processing file /home/airflow/.local/lib/python3.7/site-packages/airflow/example_dags/example_bash_operator.py for tasks to queue
[2022-11-08T15:00:41.364+0000] {logging_mixin.py:120} INFO - [2022-11-08T15:00:41.363+0000] {dagbag.py:537} INFO - Filling up the DagBag from /home/airflow/.local/lib/python3.7/site-packages/airflow/example_dags/example_bash_operator.py
[2022-11-08T15:00:41.390+0000] {processor.py:766} INFO - DAG(s) dict_keys(['example_bash_operator']) retrieved from /home/airflow/.local/lib/python3.7/site-packages/airflow/example_dags/example_bash_operator.py
[2022-11-08T15:00:41.442+0000] {logging_mixin.py:120} INFO - [2022-11-08T15:00:41.442+0000] {dag.py:2585} INFO - Sync 1 DAGs
[2022-11-08T15:00:41.470+0000] {logging_mixin.py:120} INFO - [2022-11-08T15:00:41.469+0000] {dag.py:3340} INFO - Setting next_dagrun for example_bash_operator to 2022-11-07T00:00:00+00:00, run_after=2022-11-08T00:00:00+00:00
[2022-11-08T15:00:41.493+0000] {processor.py:176} INFO - Processing /home/airflow/.local/lib/python3.7/site-packages/airflow/example_dags/example_bash_operator.py took 0.135 seconds
[2022-11-08T15:01:11.720+0000] {processor.py:154} INFO - Started process (PID=11687) to work on /home/airflow/.local/lib/python3.7/site-packages/airflow/example_dags/example_bash_operator.py
[2022-11-08T15:01:11.721+0000] {processor.py:756} INFO - Processing file /home/airflow/.local/lib/python3.7/site-packages/airflow/example_dags/example_bash_operator.py for tasks to queue
[2022-11-08T15:01:11.722+0000] {logging_mixin.py:120} INFO - [2022-11-08T15:01:11.722+0000] {dagbag.py:537} INFO - Filling up the DagBag from /home/airflow/.local/lib/python3.7/site-packages/airflow/example_dags/example_bash_operator.py
[2022-11-08T15:01:11.746+0000] {processor.py:766} INFO - DAG(s) dict_keys(['example_bash_operator']) retrieved from /home/airflow/.local/lib/python3.7/site-packages/airflow/example_dags/example_bash_operator.py
[2022-11-08T15:01:11.792+0000] {logging_mixin.py:120} INFO - [2022-11-08T15:01:11.792+0000] {dag.py:2585} INFO - Sync 1 DAGs
[2022-11-08T15:01:11.819+0000] {logging_mixin.py:120} INFO - [2022-11-08T15:01:11.819+0000] {dag.py:3340} INFO - Setting next_dagrun for example_bash_operator to 2022-11-07T00:00:00+00:00, run_after=2022-11-08T00:00:00+00:00
[2022-11-08T15:01:11.839+0000] {processor.py:176} INFO - Processing /home/airflow/.local/lib/python3.7/site-packages/airflow/example_dags/example_bash_operator.py took 0.123 seconds
