[2022-11-08T14:25:01.039+0000] {processor.py:154} INFO - Started process (PID=68) to work on /home/airflow/.local/lib/python3.7/site-packages/airflow/example_dags/example_kubernetes_executor.py
[2022-11-08T14:25:01.040+0000] {processor.py:756} INFO - Processing file /home/airflow/.local/lib/python3.7/site-packages/airflow/example_dags/example_kubernetes_executor.py for tasks to queue
[2022-11-08T14:25:01.040+0000] {logging_mixin.py:120} INFO - [2022-11-08T14:25:01.040+0000] {dagbag.py:537} INFO - Filling up the DagBag from /home/airflow/.local/lib/python3.7/site-packages/airflow/example_dags/example_kubernetes_executor.py
[2022-11-08T14:25:01.069+0000] {processor.py:766} INFO - DAG(s) dict_keys(['example_kubernetes_executor']) retrieved from /home/airflow/.local/lib/python3.7/site-packages/airflow/example_dags/example_kubernetes_executor.py
[2022-11-08T14:25:01.093+0000] {logging_mixin.py:120} INFO - [2022-11-08T14:25:01.093+0000] {dag.py:2585} INFO - Sync 1 DAGs
[2022-11-08T14:25:01.117+0000] {logging_mixin.py:120} INFO - [2022-11-08T14:25:01.117+0000] {dag.py:3340} INFO - Setting next_dagrun for example_kubernetes_executor to None, run_after=None
[2022-11-08T14:25:01.134+0000] {processor.py:176} INFO - Processing /home/airflow/.local/lib/python3.7/site-packages/airflow/example_dags/example_kubernetes_executor.py took 0.099 seconds
[2022-11-08T14:25:32.029+0000] {processor.py:154} INFO - Started process (PID=131) to work on /home/airflow/.local/lib/python3.7/site-packages/airflow/example_dags/example_kubernetes_executor.py
[2022-11-08T14:25:32.030+0000] {processor.py:756} INFO - Processing file /home/airflow/.local/lib/python3.7/site-packages/airflow/example_dags/example_kubernetes_executor.py for tasks to queue
[2022-11-08T14:25:32.031+0000] {logging_mixin.py:120} INFO - [2022-11-08T14:25:32.030+0000] {dagbag.py:537} INFO - Filling up the DagBag from /home/airflow/.local/lib/python3.7/site-packages/airflow/example_dags/example_kubernetes_executor.py
[2022-11-08T14:25:32.058+0000] {processor.py:766} INFO - DAG(s) dict_keys(['example_kubernetes_executor']) retrieved from /home/airflow/.local/lib/python3.7/site-packages/airflow/example_dags/example_kubernetes_executor.py
[2022-11-08T14:25:32.101+0000] {logging_mixin.py:120} INFO - [2022-11-08T14:25:32.100+0000] {dag.py:2585} INFO - Sync 1 DAGs
[2022-11-08T14:25:32.123+0000] {logging_mixin.py:120} INFO - [2022-11-08T14:25:32.123+0000] {dag.py:3340} INFO - Setting next_dagrun for example_kubernetes_executor to None, run_after=None
[2022-11-08T14:25:32.143+0000] {processor.py:176} INFO - Processing /home/airflow/.local/lib/python3.7/site-packages/airflow/example_dags/example_kubernetes_executor.py took 0.119 seconds
[2022-11-08T14:26:02.660+0000] {processor.py:154} INFO - Started process (PID=195) to work on /home/airflow/.local/lib/python3.7/site-packages/airflow/example_dags/example_kubernetes_executor.py
[2022-11-08T14:26:02.662+0000] {processor.py:756} INFO - Processing file /home/airflow/.local/lib/python3.7/site-packages/airflow/example_dags/example_kubernetes_executor.py for tasks to queue
[2022-11-08T14:26:02.663+0000] {logging_mixin.py:120} INFO - [2022-11-08T14:26:02.663+0000] {dagbag.py:537} INFO - Filling up the DagBag from /home/airflow/.local/lib/python3.7/site-packages/airflow/example_dags/example_kubernetes_executor.py
[2022-11-08T14:26:02.696+0000] {processor.py:766} INFO - DAG(s) dict_keys(['example_kubernetes_executor']) retrieved from /home/airflow/.local/lib/python3.7/site-packages/airflow/example_dags/example_kubernetes_executor.py
[2022-11-08T14:26:02.739+0000] {logging_mixin.py:120} INFO - [2022-11-08T14:26:02.738+0000] {dag.py:2585} INFO - Sync 1 DAGs
[2022-11-08T14:26:02.760+0000] {logging_mixin.py:120} INFO - [2022-11-08T14:26:02.760+0000] {dag.py:3340} INFO - Setting next_dagrun for example_kubernetes_executor to None, run_after=None
[2022-11-08T14:26:02.781+0000] {processor.py:176} INFO - Processing /home/airflow/.local/lib/python3.7/site-packages/airflow/example_dags/example_kubernetes_executor.py took 0.126 seconds
[2022-11-08T14:26:33.352+0000] {processor.py:154} INFO - Started process (PID=258) to work on /home/airflow/.local/lib/python3.7/site-packages/airflow/example_dags/example_kubernetes_executor.py
[2022-11-08T14:26:33.353+0000] {processor.py:756} INFO - Processing file /home/airflow/.local/lib/python3.7/site-packages/airflow/example_dags/example_kubernetes_executor.py for tasks to queue
[2022-11-08T14:26:33.353+0000] {logging_mixin.py:120} INFO - [2022-11-08T14:26:33.353+0000] {dagbag.py:537} INFO - Filling up the DagBag from /home/airflow/.local/lib/python3.7/site-packages/airflow/example_dags/example_kubernetes_executor.py
[2022-11-08T14:26:33.382+0000] {processor.py:766} INFO - DAG(s) dict_keys(['example_kubernetes_executor']) retrieved from /home/airflow/.local/lib/python3.7/site-packages/airflow/example_dags/example_kubernetes_executor.py
[2022-11-08T14:26:33.424+0000] {logging_mixin.py:120} INFO - [2022-11-08T14:26:33.423+0000] {dag.py:2585} INFO - Sync 1 DAGs
[2022-11-08T14:26:33.447+0000] {logging_mixin.py:120} INFO - [2022-11-08T14:26:33.447+0000] {dag.py:3340} INFO - Setting next_dagrun for example_kubernetes_executor to None, run_after=None
[2022-11-08T14:26:33.465+0000] {processor.py:176} INFO - Processing /home/airflow/.local/lib/python3.7/site-packages/airflow/example_dags/example_kubernetes_executor.py took 0.118 seconds
[2022-11-08T14:27:04.149+0000] {processor.py:154} INFO - Started process (PID=321) to work on /home/airflow/.local/lib/python3.7/site-packages/airflow/example_dags/example_kubernetes_executor.py
[2022-11-08T14:27:04.151+0000] {processor.py:756} INFO - Processing file /home/airflow/.local/lib/python3.7/site-packages/airflow/example_dags/example_kubernetes_executor.py for tasks to queue
[2022-11-08T14:27:04.152+0000] {logging_mixin.py:120} INFO - [2022-11-08T14:27:04.152+0000] {dagbag.py:537} INFO - Filling up the DagBag from /home/airflow/.local/lib/python3.7/site-packages/airflow/example_dags/example_kubernetes_executor.py
[2022-11-08T14:27:04.191+0000] {processor.py:766} INFO - DAG(s) dict_keys(['example_kubernetes_executor']) retrieved from /home/airflow/.local/lib/python3.7/site-packages/airflow/example_dags/example_kubernetes_executor.py
[2022-11-08T14:27:04.254+0000] {logging_mixin.py:120} INFO - [2022-11-08T14:27:04.254+0000] {dag.py:2585} INFO - Sync 1 DAGs
[2022-11-08T14:27:04.286+0000] {logging_mixin.py:120} INFO - [2022-11-08T14:27:04.285+0000] {dag.py:3340} INFO - Setting next_dagrun for example_kubernetes_executor to None, run_after=None
[2022-11-08T14:27:04.309+0000] {processor.py:176} INFO - Processing /home/airflow/.local/lib/python3.7/site-packages/airflow/example_dags/example_kubernetes_executor.py took 0.167 seconds
[2022-11-08T14:27:35.063+0000] {processor.py:154} INFO - Started process (PID=375) to work on /home/airflow/.local/lib/python3.7/site-packages/airflow/example_dags/example_kubernetes_executor.py
[2022-11-08T14:27:35.064+0000] {processor.py:756} INFO - Processing file /home/airflow/.local/lib/python3.7/site-packages/airflow/example_dags/example_kubernetes_executor.py for tasks to queue
[2022-11-08T14:27:35.065+0000] {logging_mixin.py:120} INFO - [2022-11-08T14:27:35.065+0000] {dagbag.py:537} INFO - Filling up the DagBag from /home/airflow/.local/lib/python3.7/site-packages/airflow/example_dags/example_kubernetes_executor.py
[2022-11-08T14:27:35.089+0000] {processor.py:766} INFO - DAG(s) dict_keys(['example_kubernetes_executor']) retrieved from /home/airflow/.local/lib/python3.7/site-packages/airflow/example_dags/example_kubernetes_executor.py
[2022-11-08T14:27:35.127+0000] {logging_mixin.py:120} INFO - [2022-11-08T14:27:35.127+0000] {dag.py:2585} INFO - Sync 1 DAGs
[2022-11-08T14:27:35.146+0000] {logging_mixin.py:120} INFO - [2022-11-08T14:27:35.146+0000] {dag.py:3340} INFO - Setting next_dagrun for example_kubernetes_executor to None, run_after=None
[2022-11-08T14:27:35.162+0000] {processor.py:176} INFO - Processing /home/airflow/.local/lib/python3.7/site-packages/airflow/example_dags/example_kubernetes_executor.py took 0.102 seconds
[2022-11-08T14:28:05.729+0000] {processor.py:154} INFO - Started process (PID=439) to work on /home/airflow/.local/lib/python3.7/site-packages/airflow/example_dags/example_kubernetes_executor.py
[2022-11-08T14:28:05.730+0000] {processor.py:756} INFO - Processing file /home/airflow/.local/lib/python3.7/site-packages/airflow/example_dags/example_kubernetes_executor.py for tasks to queue
[2022-11-08T14:28:05.731+0000] {logging_mixin.py:120} INFO - [2022-11-08T14:28:05.731+0000] {dagbag.py:537} INFO - Filling up the DagBag from /home/airflow/.local/lib/python3.7/site-packages/airflow/example_dags/example_kubernetes_executor.py
[2022-11-08T14:28:05.755+0000] {processor.py:766} INFO - DAG(s) dict_keys(['example_kubernetes_executor']) retrieved from /home/airflow/.local/lib/python3.7/site-packages/airflow/example_dags/example_kubernetes_executor.py
[2022-11-08T14:28:05.798+0000] {logging_mixin.py:120} INFO - [2022-11-08T14:28:05.797+0000] {dag.py:2585} INFO - Sync 1 DAGs
[2022-11-08T14:28:05.817+0000] {logging_mixin.py:120} INFO - [2022-11-08T14:28:05.817+0000] {dag.py:3340} INFO - Setting next_dagrun for example_kubernetes_executor to None, run_after=None
[2022-11-08T14:28:05.832+0000] {processor.py:176} INFO - Processing /home/airflow/.local/lib/python3.7/site-packages/airflow/example_dags/example_kubernetes_executor.py took 0.106 seconds
[2022-11-08T14:28:36.558+0000] {processor.py:154} INFO - Started process (PID=502) to work on /home/airflow/.local/lib/python3.7/site-packages/airflow/example_dags/example_kubernetes_executor.py
[2022-11-08T14:28:36.559+0000] {processor.py:756} INFO - Processing file /home/airflow/.local/lib/python3.7/site-packages/airflow/example_dags/example_kubernetes_executor.py for tasks to queue
[2022-11-08T14:28:36.560+0000] {logging_mixin.py:120} INFO - [2022-11-08T14:28:36.560+0000] {dagbag.py:537} INFO - Filling up the DagBag from /home/airflow/.local/lib/python3.7/site-packages/airflow/example_dags/example_kubernetes_executor.py
[2022-11-08T14:28:36.587+0000] {processor.py:766} INFO - DAG(s) dict_keys(['example_kubernetes_executor']) retrieved from /home/airflow/.local/lib/python3.7/site-packages/airflow/example_dags/example_kubernetes_executor.py
[2022-11-08T14:28:36.629+0000] {logging_mixin.py:120} INFO - [2022-11-08T14:28:36.629+0000] {dag.py:2585} INFO - Sync 1 DAGs
[2022-11-08T14:28:36.654+0000] {logging_mixin.py:120} INFO - [2022-11-08T14:28:36.654+0000] {dag.py:3340} INFO - Setting next_dagrun for example_kubernetes_executor to None, run_after=None
[2022-11-08T14:28:36.676+0000] {processor.py:176} INFO - Processing /home/airflow/.local/lib/python3.7/site-packages/airflow/example_dags/example_kubernetes_executor.py took 0.121 seconds
[2022-11-08T14:29:07.069+0000] {processor.py:154} INFO - Started process (PID=565) to work on /home/airflow/.local/lib/python3.7/site-packages/airflow/example_dags/example_kubernetes_executor.py
[2022-11-08T14:29:07.070+0000] {processor.py:756} INFO - Processing file /home/airflow/.local/lib/python3.7/site-packages/airflow/example_dags/example_kubernetes_executor.py for tasks to queue
[2022-11-08T14:29:07.070+0000] {logging_mixin.py:120} INFO - [2022-11-08T14:29:07.070+0000] {dagbag.py:537} INFO - Filling up the DagBag from /home/airflow/.local/lib/python3.7/site-packages/airflow/example_dags/example_kubernetes_executor.py
[2022-11-08T14:29:07.093+0000] {processor.py:766} INFO - DAG(s) dict_keys(['example_kubernetes_executor']) retrieved from /home/airflow/.local/lib/python3.7/site-packages/airflow/example_dags/example_kubernetes_executor.py
[2022-11-08T14:29:07.126+0000] {logging_mixin.py:120} INFO - [2022-11-08T14:29:07.126+0000] {dag.py:2585} INFO - Sync 1 DAGs
[2022-11-08T14:29:07.146+0000] {logging_mixin.py:120} INFO - [2022-11-08T14:29:07.146+0000] {dag.py:3340} INFO - Setting next_dagrun for example_kubernetes_executor to None, run_after=None
[2022-11-08T14:29:07.161+0000] {processor.py:176} INFO - Processing /home/airflow/.local/lib/python3.7/site-packages/airflow/example_dags/example_kubernetes_executor.py took 0.095 seconds
[2022-11-08T14:29:37.639+0000] {processor.py:154} INFO - Started process (PID=619) to work on /home/airflow/.local/lib/python3.7/site-packages/airflow/example_dags/example_kubernetes_executor.py
[2022-11-08T14:29:37.641+0000] {processor.py:756} INFO - Processing file /home/airflow/.local/lib/python3.7/site-packages/airflow/example_dags/example_kubernetes_executor.py for tasks to queue
[2022-11-08T14:29:37.642+0000] {logging_mixin.py:120} INFO - [2022-11-08T14:29:37.641+0000] {dagbag.py:537} INFO - Filling up the DagBag from /home/airflow/.local/lib/python3.7/site-packages/airflow/example_dags/example_kubernetes_executor.py
[2022-11-08T14:29:37.671+0000] {processor.py:766} INFO - DAG(s) dict_keys(['example_kubernetes_executor']) retrieved from /home/airflow/.local/lib/python3.7/site-packages/airflow/example_dags/example_kubernetes_executor.py
[2022-11-08T14:29:37.714+0000] {logging_mixin.py:120} INFO - [2022-11-08T14:29:37.713+0000] {dag.py:2585} INFO - Sync 1 DAGs
[2022-11-08T14:29:37.738+0000] {logging_mixin.py:120} INFO - [2022-11-08T14:29:37.738+0000] {dag.py:3340} INFO - Setting next_dagrun for example_kubernetes_executor to None, run_after=None
[2022-11-08T14:29:37.760+0000] {processor.py:176} INFO - Processing /home/airflow/.local/lib/python3.7/site-packages/airflow/example_dags/example_kubernetes_executor.py took 0.124 seconds
[2022-11-08T14:30:08.082+0000] {processor.py:154} INFO - Started process (PID=682) to work on /home/airflow/.local/lib/python3.7/site-packages/airflow/example_dags/example_kubernetes_executor.py
[2022-11-08T14:30:08.083+0000] {processor.py:756} INFO - Processing file /home/airflow/.local/lib/python3.7/site-packages/airflow/example_dags/example_kubernetes_executor.py for tasks to queue
[2022-11-08T14:30:08.084+0000] {logging_mixin.py:120} INFO - [2022-11-08T14:30:08.083+0000] {dagbag.py:537} INFO - Filling up the DagBag from /home/airflow/.local/lib/python3.7/site-packages/airflow/example_dags/example_kubernetes_executor.py
[2022-11-08T14:30:08.114+0000] {processor.py:766} INFO - DAG(s) dict_keys(['example_kubernetes_executor']) retrieved from /home/airflow/.local/lib/python3.7/site-packages/airflow/example_dags/example_kubernetes_executor.py
[2022-11-08T14:30:08.152+0000] {logging_mixin.py:120} INFO - [2022-11-08T14:30:08.151+0000] {dag.py:2585} INFO - Sync 1 DAGs
[2022-11-08T14:30:08.172+0000] {logging_mixin.py:120} INFO - [2022-11-08T14:30:08.172+0000] {dag.py:3340} INFO - Setting next_dagrun for example_kubernetes_executor to None, run_after=None
[2022-11-08T14:30:08.189+0000] {processor.py:176} INFO - Processing /home/airflow/.local/lib/python3.7/site-packages/airflow/example_dags/example_kubernetes_executor.py took 0.112 seconds
[2022-11-08T14:30:38.855+0000] {processor.py:154} INFO - Started process (PID=746) to work on /home/airflow/.local/lib/python3.7/site-packages/airflow/example_dags/example_kubernetes_executor.py
[2022-11-08T14:30:38.857+0000] {processor.py:756} INFO - Processing file /home/airflow/.local/lib/python3.7/site-packages/airflow/example_dags/example_kubernetes_executor.py for tasks to queue
[2022-11-08T14:30:38.858+0000] {logging_mixin.py:120} INFO - [2022-11-08T14:30:38.857+0000] {dagbag.py:537} INFO - Filling up the DagBag from /home/airflow/.local/lib/python3.7/site-packages/airflow/example_dags/example_kubernetes_executor.py
[2022-11-08T14:30:38.887+0000] {processor.py:766} INFO - DAG(s) dict_keys(['example_kubernetes_executor']) retrieved from /home/airflow/.local/lib/python3.7/site-packages/airflow/example_dags/example_kubernetes_executor.py
[2022-11-08T14:30:38.934+0000] {logging_mixin.py:120} INFO - [2022-11-08T14:30:38.934+0000] {dag.py:2585} INFO - Sync 1 DAGs
[2022-11-08T14:30:38.959+0000] {logging_mixin.py:120} INFO - [2022-11-08T14:30:38.959+0000] {dag.py:3340} INFO - Setting next_dagrun for example_kubernetes_executor to None, run_after=None
[2022-11-08T14:30:38.983+0000] {processor.py:176} INFO - Processing /home/airflow/.local/lib/python3.7/site-packages/airflow/example_dags/example_kubernetes_executor.py took 0.132 seconds
[2022-11-08T14:31:09.727+0000] {processor.py:154} INFO - Started process (PID=809) to work on /home/airflow/.local/lib/python3.7/site-packages/airflow/example_dags/example_kubernetes_executor.py
[2022-11-08T14:31:09.728+0000] {processor.py:756} INFO - Processing file /home/airflow/.local/lib/python3.7/site-packages/airflow/example_dags/example_kubernetes_executor.py for tasks to queue
[2022-11-08T14:31:09.729+0000] {logging_mixin.py:120} INFO - [2022-11-08T14:31:09.729+0000] {dagbag.py:537} INFO - Filling up the DagBag from /home/airflow/.local/lib/python3.7/site-packages/airflow/example_dags/example_kubernetes_executor.py
[2022-11-08T14:31:09.753+0000] {processor.py:766} INFO - DAG(s) dict_keys(['example_kubernetes_executor']) retrieved from /home/airflow/.local/lib/python3.7/site-packages/airflow/example_dags/example_kubernetes_executor.py
[2022-11-08T14:31:09.786+0000] {logging_mixin.py:120} INFO - [2022-11-08T14:31:09.786+0000] {dag.py:2585} INFO - Sync 1 DAGs
[2022-11-08T14:31:09.806+0000] {logging_mixin.py:120} INFO - [2022-11-08T14:31:09.806+0000] {dag.py:3340} INFO - Setting next_dagrun for example_kubernetes_executor to None, run_after=None
[2022-11-08T14:31:09.822+0000] {processor.py:176} INFO - Processing /home/airflow/.local/lib/python3.7/site-packages/airflow/example_dags/example_kubernetes_executor.py took 0.098 seconds
[2022-11-08T14:31:39.898+0000] {processor.py:154} INFO - Started process (PID=872) to work on /home/airflow/.local/lib/python3.7/site-packages/airflow/example_dags/example_kubernetes_executor.py
[2022-11-08T14:31:39.899+0000] {processor.py:756} INFO - Processing file /home/airflow/.local/lib/python3.7/site-packages/airflow/example_dags/example_kubernetes_executor.py for tasks to queue
[2022-11-08T14:31:39.900+0000] {logging_mixin.py:120} INFO - [2022-11-08T14:31:39.900+0000] {dagbag.py:537} INFO - Filling up the DagBag from /home/airflow/.local/lib/python3.7/site-packages/airflow/example_dags/example_kubernetes_executor.py
[2022-11-08T14:31:39.929+0000] {processor.py:766} INFO - DAG(s) dict_keys(['example_kubernetes_executor']) retrieved from /home/airflow/.local/lib/python3.7/site-packages/airflow/example_dags/example_kubernetes_executor.py
[2022-11-08T14:31:39.959+0000] {logging_mixin.py:120} INFO - [2022-11-08T14:31:39.959+0000] {dag.py:2585} INFO - Sync 1 DAGs
[2022-11-08T14:31:39.989+0000] {logging_mixin.py:120} INFO - [2022-11-08T14:31:39.989+0000] {dag.py:3340} INFO - Setting next_dagrun for example_kubernetes_executor to None, run_after=None
[2022-11-08T14:31:40.007+0000] {processor.py:176} INFO - Processing /home/airflow/.local/lib/python3.7/site-packages/airflow/example_dags/example_kubernetes_executor.py took 0.112 seconds
[2022-11-08T14:32:10.311+0000] {processor.py:154} INFO - Started process (PID=925) to work on /home/airflow/.local/lib/python3.7/site-packages/airflow/example_dags/example_kubernetes_executor.py
[2022-11-08T14:32:10.312+0000] {processor.py:756} INFO - Processing file /home/airflow/.local/lib/python3.7/site-packages/airflow/example_dags/example_kubernetes_executor.py for tasks to queue
[2022-11-08T14:32:10.312+0000] {logging_mixin.py:120} INFO - [2022-11-08T14:32:10.312+0000] {dagbag.py:537} INFO - Filling up the DagBag from /home/airflow/.local/lib/python3.7/site-packages/airflow/example_dags/example_kubernetes_executor.py
[2022-11-08T14:32:10.335+0000] {processor.py:766} INFO - DAG(s) dict_keys(['example_kubernetes_executor']) retrieved from /home/airflow/.local/lib/python3.7/site-packages/airflow/example_dags/example_kubernetes_executor.py
[2022-11-08T14:32:10.370+0000] {logging_mixin.py:120} INFO - [2022-11-08T14:32:10.370+0000] {dag.py:2585} INFO - Sync 1 DAGs
[2022-11-08T14:32:10.391+0000] {logging_mixin.py:120} INFO - [2022-11-08T14:32:10.390+0000] {dag.py:3340} INFO - Setting next_dagrun for example_kubernetes_executor to None, run_after=None
[2022-11-08T14:32:10.409+0000] {processor.py:176} INFO - Processing /home/airflow/.local/lib/python3.7/site-packages/airflow/example_dags/example_kubernetes_executor.py took 0.101 seconds
[2022-11-08T14:32:40.487+0000] {processor.py:154} INFO - Started process (PID=329) to work on /home/airflow/.local/lib/python3.7/site-packages/airflow/example_dags/example_kubernetes_executor.py
[2022-11-08T14:32:40.488+0000] {processor.py:756} INFO - Processing file /home/airflow/.local/lib/python3.7/site-packages/airflow/example_dags/example_kubernetes_executor.py for tasks to queue
[2022-11-08T14:32:40.489+0000] {logging_mixin.py:120} INFO - [2022-11-08T14:32:40.489+0000] {dagbag.py:537} INFO - Filling up the DagBag from /home/airflow/.local/lib/python3.7/site-packages/airflow/example_dags/example_kubernetes_executor.py
[2022-11-08T14:32:40.514+0000] {processor.py:766} INFO - DAG(s) dict_keys(['example_kubernetes_executor']) retrieved from /home/airflow/.local/lib/python3.7/site-packages/airflow/example_dags/example_kubernetes_executor.py
[2022-11-08T14:32:40.533+0000] {logging_mixin.py:120} INFO - [2022-11-08T14:32:40.533+0000] {dag.py:2585} INFO - Sync 1 DAGs
[2022-11-08T14:32:40.554+0000] {logging_mixin.py:120} INFO - [2022-11-08T14:32:40.554+0000] {dag.py:3340} INFO - Setting next_dagrun for example_kubernetes_executor to None, run_after=None
[2022-11-08T14:32:40.573+0000] {processor.py:176} INFO - Processing /home/airflow/.local/lib/python3.7/site-packages/airflow/example_dags/example_kubernetes_executor.py took 0.088 seconds
[2022-11-08T14:33:12.376+0000] {processor.py:154} INFO - Started process (PID=535) to work on /home/airflow/.local/lib/python3.7/site-packages/airflow/example_dags/example_kubernetes_executor.py
[2022-11-08T14:33:12.377+0000] {processor.py:756} INFO - Processing file /home/airflow/.local/lib/python3.7/site-packages/airflow/example_dags/example_kubernetes_executor.py for tasks to queue
[2022-11-08T14:33:12.378+0000] {logging_mixin.py:120} INFO - [2022-11-08T14:33:12.377+0000] {dagbag.py:537} INFO - Filling up the DagBag from /home/airflow/.local/lib/python3.7/site-packages/airflow/example_dags/example_kubernetes_executor.py
[2022-11-08T14:33:12.400+0000] {processor.py:766} INFO - DAG(s) dict_keys(['example_kubernetes_executor']) retrieved from /home/airflow/.local/lib/python3.7/site-packages/airflow/example_dags/example_kubernetes_executor.py
[2022-11-08T14:33:12.432+0000] {logging_mixin.py:120} INFO - [2022-11-08T14:33:12.432+0000] {dag.py:2585} INFO - Sync 1 DAGs
[2022-11-08T14:33:12.449+0000] {logging_mixin.py:120} INFO - [2022-11-08T14:33:12.449+0000] {dag.py:3340} INFO - Setting next_dagrun for example_kubernetes_executor to None, run_after=None
[2022-11-08T14:33:12.464+0000] {processor.py:176} INFO - Processing /home/airflow/.local/lib/python3.7/site-packages/airflow/example_dags/example_kubernetes_executor.py took 0.090 seconds
[2022-11-08T14:33:42.950+0000] {processor.py:154} INFO - Started process (PID=742) to work on /home/airflow/.local/lib/python3.7/site-packages/airflow/example_dags/example_kubernetes_executor.py
[2022-11-08T14:33:42.951+0000] {processor.py:756} INFO - Processing file /home/airflow/.local/lib/python3.7/site-packages/airflow/example_dags/example_kubernetes_executor.py for tasks to queue
[2022-11-08T14:33:42.952+0000] {logging_mixin.py:120} INFO - [2022-11-08T14:33:42.952+0000] {dagbag.py:537} INFO - Filling up the DagBag from /home/airflow/.local/lib/python3.7/site-packages/airflow/example_dags/example_kubernetes_executor.py
[2022-11-08T14:33:42.986+0000] {processor.py:766} INFO - DAG(s) dict_keys(['example_kubernetes_executor']) retrieved from /home/airflow/.local/lib/python3.7/site-packages/airflow/example_dags/example_kubernetes_executor.py
[2022-11-08T14:33:43.012+0000] {logging_mixin.py:120} INFO - [2022-11-08T14:33:43.012+0000] {dag.py:2585} INFO - Sync 1 DAGs
[2022-11-08T14:33:43.036+0000] {logging_mixin.py:120} INFO - [2022-11-08T14:33:43.036+0000] {dag.py:3340} INFO - Setting next_dagrun for example_kubernetes_executor to None, run_after=None
[2022-11-08T14:33:43.056+0000] {processor.py:176} INFO - Processing /home/airflow/.local/lib/python3.7/site-packages/airflow/example_dags/example_kubernetes_executor.py took 0.109 seconds
[2022-11-08T14:34:13.982+0000] {processor.py:154} INFO - Started process (PID=950) to work on /home/airflow/.local/lib/python3.7/site-packages/airflow/example_dags/example_kubernetes_executor.py
[2022-11-08T14:34:13.983+0000] {processor.py:756} INFO - Processing file /home/airflow/.local/lib/python3.7/site-packages/airflow/example_dags/example_kubernetes_executor.py for tasks to queue
[2022-11-08T14:34:13.984+0000] {logging_mixin.py:120} INFO - [2022-11-08T14:34:13.983+0000] {dagbag.py:537} INFO - Filling up the DagBag from /home/airflow/.local/lib/python3.7/site-packages/airflow/example_dags/example_kubernetes_executor.py
[2022-11-08T14:34:14.005+0000] {processor.py:766} INFO - DAG(s) dict_keys(['example_kubernetes_executor']) retrieved from /home/airflow/.local/lib/python3.7/site-packages/airflow/example_dags/example_kubernetes_executor.py
[2022-11-08T14:34:14.037+0000] {logging_mixin.py:120} INFO - [2022-11-08T14:34:14.037+0000] {dag.py:2585} INFO - Sync 1 DAGs
[2022-11-08T14:34:14.055+0000] {logging_mixin.py:120} INFO - [2022-11-08T14:34:14.055+0000] {dag.py:3340} INFO - Setting next_dagrun for example_kubernetes_executor to None, run_after=None
[2022-11-08T14:34:14.072+0000] {processor.py:176} INFO - Processing /home/airflow/.local/lib/python3.7/site-packages/airflow/example_dags/example_kubernetes_executor.py took 0.092 seconds
[2022-11-08T14:34:45.082+0000] {processor.py:154} INFO - Started process (PID=1157) to work on /home/airflow/.local/lib/python3.7/site-packages/airflow/example_dags/example_kubernetes_executor.py
[2022-11-08T14:34:45.083+0000] {processor.py:756} INFO - Processing file /home/airflow/.local/lib/python3.7/site-packages/airflow/example_dags/example_kubernetes_executor.py for tasks to queue
[2022-11-08T14:34:45.084+0000] {logging_mixin.py:120} INFO - [2022-11-08T14:34:45.084+0000] {dagbag.py:537} INFO - Filling up the DagBag from /home/airflow/.local/lib/python3.7/site-packages/airflow/example_dags/example_kubernetes_executor.py
[2022-11-08T14:34:45.114+0000] {processor.py:766} INFO - DAG(s) dict_keys(['example_kubernetes_executor']) retrieved from /home/airflow/.local/lib/python3.7/site-packages/airflow/example_dags/example_kubernetes_executor.py
[2022-11-08T14:34:45.156+0000] {logging_mixin.py:120} INFO - [2022-11-08T14:34:45.156+0000] {dag.py:2585} INFO - Sync 1 DAGs
[2022-11-08T14:34:45.182+0000] {logging_mixin.py:120} INFO - [2022-11-08T14:34:45.182+0000] {dag.py:3340} INFO - Setting next_dagrun for example_kubernetes_executor to None, run_after=None
[2022-11-08T14:34:45.201+0000] {processor.py:176} INFO - Processing /home/airflow/.local/lib/python3.7/site-packages/airflow/example_dags/example_kubernetes_executor.py took 0.122 seconds
[2022-11-08T14:35:15.963+0000] {processor.py:154} INFO - Started process (PID=1355) to work on /home/airflow/.local/lib/python3.7/site-packages/airflow/example_dags/example_kubernetes_executor.py
[2022-11-08T14:35:15.963+0000] {processor.py:756} INFO - Processing file /home/airflow/.local/lib/python3.7/site-packages/airflow/example_dags/example_kubernetes_executor.py for tasks to queue
[2022-11-08T14:35:15.964+0000] {logging_mixin.py:120} INFO - [2022-11-08T14:35:15.964+0000] {dagbag.py:537} INFO - Filling up the DagBag from /home/airflow/.local/lib/python3.7/site-packages/airflow/example_dags/example_kubernetes_executor.py
[2022-11-08T14:35:15.989+0000] {processor.py:766} INFO - DAG(s) dict_keys(['example_kubernetes_executor']) retrieved from /home/airflow/.local/lib/python3.7/site-packages/airflow/example_dags/example_kubernetes_executor.py
[2022-11-08T14:35:16.026+0000] {logging_mixin.py:120} INFO - [2022-11-08T14:35:16.026+0000] {dag.py:2585} INFO - Sync 1 DAGs
[2022-11-08T14:35:16.047+0000] {logging_mixin.py:120} INFO - [2022-11-08T14:35:16.046+0000] {dag.py:3340} INFO - Setting next_dagrun for example_kubernetes_executor to None, run_after=None
[2022-11-08T14:35:16.063+0000] {processor.py:176} INFO - Processing /home/airflow/.local/lib/python3.7/site-packages/airflow/example_dags/example_kubernetes_executor.py took 0.104 seconds
[2022-11-08T14:35:46.390+0000] {processor.py:154} INFO - Started process (PID=1560) to work on /home/airflow/.local/lib/python3.7/site-packages/airflow/example_dags/example_kubernetes_executor.py
[2022-11-08T14:35:46.391+0000] {processor.py:756} INFO - Processing file /home/airflow/.local/lib/python3.7/site-packages/airflow/example_dags/example_kubernetes_executor.py for tasks to queue
[2022-11-08T14:35:46.392+0000] {logging_mixin.py:120} INFO - [2022-11-08T14:35:46.392+0000] {dagbag.py:537} INFO - Filling up the DagBag from /home/airflow/.local/lib/python3.7/site-packages/airflow/example_dags/example_kubernetes_executor.py
[2022-11-08T14:35:46.414+0000] {processor.py:766} INFO - DAG(s) dict_keys(['example_kubernetes_executor']) retrieved from /home/airflow/.local/lib/python3.7/site-packages/airflow/example_dags/example_kubernetes_executor.py
[2022-11-08T14:35:46.454+0000] {logging_mixin.py:120} INFO - [2022-11-08T14:35:46.453+0000] {dag.py:2585} INFO - Sync 1 DAGs
[2022-11-08T14:35:46.484+0000] {logging_mixin.py:120} INFO - [2022-11-08T14:35:46.484+0000] {dag.py:3340} INFO - Setting next_dagrun for example_kubernetes_executor to None, run_after=None
[2022-11-08T14:35:46.502+0000] {processor.py:176} INFO - Processing /home/airflow/.local/lib/python3.7/site-packages/airflow/example_dags/example_kubernetes_executor.py took 0.115 seconds
[2022-11-08T14:36:17.268+0000] {processor.py:154} INFO - Started process (PID=1769) to work on /home/airflow/.local/lib/python3.7/site-packages/airflow/example_dags/example_kubernetes_executor.py
[2022-11-08T14:36:17.268+0000] {processor.py:756} INFO - Processing file /home/airflow/.local/lib/python3.7/site-packages/airflow/example_dags/example_kubernetes_executor.py for tasks to queue
[2022-11-08T14:36:17.269+0000] {logging_mixin.py:120} INFO - [2022-11-08T14:36:17.269+0000] {dagbag.py:537} INFO - Filling up the DagBag from /home/airflow/.local/lib/python3.7/site-packages/airflow/example_dags/example_kubernetes_executor.py
[2022-11-08T14:36:17.290+0000] {processor.py:766} INFO - DAG(s) dict_keys(['example_kubernetes_executor']) retrieved from /home/airflow/.local/lib/python3.7/site-packages/airflow/example_dags/example_kubernetes_executor.py
[2022-11-08T14:36:17.325+0000] {logging_mixin.py:120} INFO - [2022-11-08T14:36:17.324+0000] {dag.py:2585} INFO - Sync 1 DAGs
[2022-11-08T14:36:17.343+0000] {logging_mixin.py:120} INFO - [2022-11-08T14:36:17.343+0000] {dag.py:3340} INFO - Setting next_dagrun for example_kubernetes_executor to None, run_after=None
[2022-11-08T14:36:17.358+0000] {processor.py:176} INFO - Processing /home/airflow/.local/lib/python3.7/site-packages/airflow/example_dags/example_kubernetes_executor.py took 0.094 seconds
[2022-11-08T14:36:48.136+0000] {processor.py:154} INFO - Started process (PID=1974) to work on /home/airflow/.local/lib/python3.7/site-packages/airflow/example_dags/example_kubernetes_executor.py
[2022-11-08T14:36:48.138+0000] {processor.py:756} INFO - Processing file /home/airflow/.local/lib/python3.7/site-packages/airflow/example_dags/example_kubernetes_executor.py for tasks to queue
[2022-11-08T14:36:48.139+0000] {logging_mixin.py:120} INFO - [2022-11-08T14:36:48.139+0000] {dagbag.py:537} INFO - Filling up the DagBag from /home/airflow/.local/lib/python3.7/site-packages/airflow/example_dags/example_kubernetes_executor.py
[2022-11-08T14:36:48.189+0000] {processor.py:766} INFO - DAG(s) dict_keys(['example_kubernetes_executor']) retrieved from /home/airflow/.local/lib/python3.7/site-packages/airflow/example_dags/example_kubernetes_executor.py
[2022-11-08T14:36:48.250+0000] {logging_mixin.py:120} INFO - [2022-11-08T14:36:48.250+0000] {dag.py:2585} INFO - Sync 1 DAGs
[2022-11-08T14:36:48.284+0000] {logging_mixin.py:120} INFO - [2022-11-08T14:36:48.284+0000] {dag.py:3340} INFO - Setting next_dagrun for example_kubernetes_executor to None, run_after=None
[2022-11-08T14:36:48.308+0000] {processor.py:176} INFO - Processing /home/airflow/.local/lib/python3.7/site-packages/airflow/example_dags/example_kubernetes_executor.py took 0.179 seconds
[2022-11-08T14:37:18.830+0000] {processor.py:154} INFO - Started process (PID=2179) to work on /home/airflow/.local/lib/python3.7/site-packages/airflow/example_dags/example_kubernetes_executor.py
[2022-11-08T14:37:18.831+0000] {processor.py:756} INFO - Processing file /home/airflow/.local/lib/python3.7/site-packages/airflow/example_dags/example_kubernetes_executor.py for tasks to queue
[2022-11-08T14:37:18.832+0000] {logging_mixin.py:120} INFO - [2022-11-08T14:37:18.832+0000] {dagbag.py:537} INFO - Filling up the DagBag from /home/airflow/.local/lib/python3.7/site-packages/airflow/example_dags/example_kubernetes_executor.py
[2022-11-08T14:37:18.856+0000] {processor.py:766} INFO - DAG(s) dict_keys(['example_kubernetes_executor']) retrieved from /home/airflow/.local/lib/python3.7/site-packages/airflow/example_dags/example_kubernetes_executor.py
[2022-11-08T14:37:18.895+0000] {logging_mixin.py:120} INFO - [2022-11-08T14:37:18.894+0000] {dag.py:2585} INFO - Sync 1 DAGs
[2022-11-08T14:37:18.914+0000] {logging_mixin.py:120} INFO - [2022-11-08T14:37:18.914+0000] {dag.py:3340} INFO - Setting next_dagrun for example_kubernetes_executor to None, run_after=None
[2022-11-08T14:37:18.930+0000] {processor.py:176} INFO - Processing /home/airflow/.local/lib/python3.7/site-packages/airflow/example_dags/example_kubernetes_executor.py took 0.102 seconds
[2022-11-08T14:37:49.301+0000] {processor.py:154} INFO - Started process (PID=2379) to work on /home/airflow/.local/lib/python3.7/site-packages/airflow/example_dags/example_kubernetes_executor.py
[2022-11-08T14:37:49.302+0000] {processor.py:756} INFO - Processing file /home/airflow/.local/lib/python3.7/site-packages/airflow/example_dags/example_kubernetes_executor.py for tasks to queue
[2022-11-08T14:37:49.303+0000] {logging_mixin.py:120} INFO - [2022-11-08T14:37:49.302+0000] {dagbag.py:537} INFO - Filling up the DagBag from /home/airflow/.local/lib/python3.7/site-packages/airflow/example_dags/example_kubernetes_executor.py
[2022-11-08T14:37:49.330+0000] {processor.py:766} INFO - DAG(s) dict_keys(['example_kubernetes_executor']) retrieved from /home/airflow/.local/lib/python3.7/site-packages/airflow/example_dags/example_kubernetes_executor.py
[2022-11-08T14:37:49.355+0000] {logging_mixin.py:120} INFO - [2022-11-08T14:37:49.355+0000] {dag.py:2585} INFO - Sync 1 DAGs
[2022-11-08T14:37:49.376+0000] {logging_mixin.py:120} INFO - [2022-11-08T14:37:49.376+0000] {dag.py:3340} INFO - Setting next_dagrun for example_kubernetes_executor to None, run_after=None
[2022-11-08T14:37:49.394+0000] {processor.py:176} INFO - Processing /home/airflow/.local/lib/python3.7/site-packages/airflow/example_dags/example_kubernetes_executor.py took 0.097 seconds
[2022-11-08T14:38:20.051+0000] {processor.py:154} INFO - Started process (PID=2585) to work on /home/airflow/.local/lib/python3.7/site-packages/airflow/example_dags/example_kubernetes_executor.py
[2022-11-08T14:38:20.052+0000] {processor.py:756} INFO - Processing file /home/airflow/.local/lib/python3.7/site-packages/airflow/example_dags/example_kubernetes_executor.py for tasks to queue
[2022-11-08T14:38:20.052+0000] {logging_mixin.py:120} INFO - [2022-11-08T14:38:20.052+0000] {dagbag.py:537} INFO - Filling up the DagBag from /home/airflow/.local/lib/python3.7/site-packages/airflow/example_dags/example_kubernetes_executor.py
[2022-11-08T14:38:20.076+0000] {processor.py:766} INFO - DAG(s) dict_keys(['example_kubernetes_executor']) retrieved from /home/airflow/.local/lib/python3.7/site-packages/airflow/example_dags/example_kubernetes_executor.py
[2022-11-08T14:38:20.100+0000] {logging_mixin.py:120} INFO - [2022-11-08T14:38:20.099+0000] {dag.py:2585} INFO - Sync 1 DAGs
[2022-11-08T14:38:20.121+0000] {logging_mixin.py:120} INFO - [2022-11-08T14:38:20.121+0000] {dag.py:3340} INFO - Setting next_dagrun for example_kubernetes_executor to None, run_after=None
[2022-11-08T14:38:20.138+0000] {processor.py:176} INFO - Processing /home/airflow/.local/lib/python3.7/site-packages/airflow/example_dags/example_kubernetes_executor.py took 0.091 seconds
[2022-11-08T14:38:50.608+0000] {processor.py:154} INFO - Started process (PID=2792) to work on /home/airflow/.local/lib/python3.7/site-packages/airflow/example_dags/example_kubernetes_executor.py
[2022-11-08T14:38:50.609+0000] {processor.py:756} INFO - Processing file /home/airflow/.local/lib/python3.7/site-packages/airflow/example_dags/example_kubernetes_executor.py for tasks to queue
[2022-11-08T14:38:50.610+0000] {logging_mixin.py:120} INFO - [2022-11-08T14:38:50.609+0000] {dagbag.py:537} INFO - Filling up the DagBag from /home/airflow/.local/lib/python3.7/site-packages/airflow/example_dags/example_kubernetes_executor.py
[2022-11-08T14:38:50.637+0000] {processor.py:766} INFO - DAG(s) dict_keys(['example_kubernetes_executor']) retrieved from /home/airflow/.local/lib/python3.7/site-packages/airflow/example_dags/example_kubernetes_executor.py
[2022-11-08T14:38:50.676+0000] {logging_mixin.py:120} INFO - [2022-11-08T14:38:50.676+0000] {dag.py:2585} INFO - Sync 1 DAGs
[2022-11-08T14:38:50.700+0000] {logging_mixin.py:120} INFO - [2022-11-08T14:38:50.700+0000] {dag.py:3340} INFO - Setting next_dagrun for example_kubernetes_executor to None, run_after=None
[2022-11-08T14:38:50.719+0000] {processor.py:176} INFO - Processing /home/airflow/.local/lib/python3.7/site-packages/airflow/example_dags/example_kubernetes_executor.py took 0.115 seconds
[2022-11-08T14:39:21.502+0000] {processor.py:154} INFO - Started process (PID=2999) to work on /home/airflow/.local/lib/python3.7/site-packages/airflow/example_dags/example_kubernetes_executor.py
[2022-11-08T14:39:21.503+0000] {processor.py:756} INFO - Processing file /home/airflow/.local/lib/python3.7/site-packages/airflow/example_dags/example_kubernetes_executor.py for tasks to queue
[2022-11-08T14:39:21.504+0000] {logging_mixin.py:120} INFO - [2022-11-08T14:39:21.504+0000] {dagbag.py:537} INFO - Filling up the DagBag from /home/airflow/.local/lib/python3.7/site-packages/airflow/example_dags/example_kubernetes_executor.py
[2022-11-08T14:39:21.536+0000] {processor.py:766} INFO - DAG(s) dict_keys(['example_kubernetes_executor']) retrieved from /home/airflow/.local/lib/python3.7/site-packages/airflow/example_dags/example_kubernetes_executor.py
[2022-11-08T14:39:21.584+0000] {logging_mixin.py:120} INFO - [2022-11-08T14:39:21.584+0000] {dag.py:2585} INFO - Sync 1 DAGs
[2022-11-08T14:39:21.613+0000] {logging_mixin.py:120} INFO - [2022-11-08T14:39:21.613+0000] {dag.py:3340} INFO - Setting next_dagrun for example_kubernetes_executor to None, run_after=None
[2022-11-08T14:39:21.640+0000] {processor.py:176} INFO - Processing /home/airflow/.local/lib/python3.7/site-packages/airflow/example_dags/example_kubernetes_executor.py took 0.142 seconds
[2022-11-08T14:39:52.470+0000] {processor.py:154} INFO - Started process (PID=3199) to work on /home/airflow/.local/lib/python3.7/site-packages/airflow/example_dags/example_kubernetes_executor.py
[2022-11-08T14:39:52.470+0000] {processor.py:756} INFO - Processing file /home/airflow/.local/lib/python3.7/site-packages/airflow/example_dags/example_kubernetes_executor.py for tasks to queue
[2022-11-08T14:39:52.471+0000] {logging_mixin.py:120} INFO - [2022-11-08T14:39:52.471+0000] {dagbag.py:537} INFO - Filling up the DagBag from /home/airflow/.local/lib/python3.7/site-packages/airflow/example_dags/example_kubernetes_executor.py
[2022-11-08T14:39:52.496+0000] {processor.py:766} INFO - DAG(s) dict_keys(['example_kubernetes_executor']) retrieved from /home/airflow/.local/lib/python3.7/site-packages/airflow/example_dags/example_kubernetes_executor.py
[2022-11-08T14:39:52.553+0000] {logging_mixin.py:120} INFO - [2022-11-08T14:39:52.553+0000] {dag.py:2585} INFO - Sync 1 DAGs
[2022-11-08T14:39:52.582+0000] {logging_mixin.py:120} INFO - [2022-11-08T14:39:52.581+0000] {dag.py:3340} INFO - Setting next_dagrun for example_kubernetes_executor to None, run_after=None
[2022-11-08T14:39:52.608+0000] {processor.py:176} INFO - Processing /home/airflow/.local/lib/python3.7/site-packages/airflow/example_dags/example_kubernetes_executor.py took 0.141 seconds
[2022-11-08T14:40:23.663+0000] {processor.py:154} INFO - Started process (PID=3404) to work on /home/airflow/.local/lib/python3.7/site-packages/airflow/example_dags/example_kubernetes_executor.py
[2022-11-08T14:40:23.664+0000] {processor.py:756} INFO - Processing file /home/airflow/.local/lib/python3.7/site-packages/airflow/example_dags/example_kubernetes_executor.py for tasks to queue
[2022-11-08T14:40:23.665+0000] {logging_mixin.py:120} INFO - [2022-11-08T14:40:23.665+0000] {dagbag.py:537} INFO - Filling up the DagBag from /home/airflow/.local/lib/python3.7/site-packages/airflow/example_dags/example_kubernetes_executor.py
[2022-11-08T14:40:23.694+0000] {processor.py:766} INFO - DAG(s) dict_keys(['example_kubernetes_executor']) retrieved from /home/airflow/.local/lib/python3.7/site-packages/airflow/example_dags/example_kubernetes_executor.py
[2022-11-08T14:40:23.746+0000] {logging_mixin.py:120} INFO - [2022-11-08T14:40:23.746+0000] {dag.py:2585} INFO - Sync 1 DAGs
[2022-11-08T14:40:23.775+0000] {logging_mixin.py:120} INFO - [2022-11-08T14:40:23.775+0000] {dag.py:3340} INFO - Setting next_dagrun for example_kubernetes_executor to None, run_after=None
[2022-11-08T14:40:23.799+0000] {processor.py:176} INFO - Processing /home/airflow/.local/lib/python3.7/site-packages/airflow/example_dags/example_kubernetes_executor.py took 0.139 seconds
[2022-11-08T14:40:54.189+0000] {processor.py:154} INFO - Started process (PID=3611) to work on /home/airflow/.local/lib/python3.7/site-packages/airflow/example_dags/example_kubernetes_executor.py
[2022-11-08T14:40:54.190+0000] {processor.py:756} INFO - Processing file /home/airflow/.local/lib/python3.7/site-packages/airflow/example_dags/example_kubernetes_executor.py for tasks to queue
[2022-11-08T14:40:54.191+0000] {logging_mixin.py:120} INFO - [2022-11-08T14:40:54.191+0000] {dagbag.py:537} INFO - Filling up the DagBag from /home/airflow/.local/lib/python3.7/site-packages/airflow/example_dags/example_kubernetes_executor.py
[2022-11-08T14:40:54.221+0000] {processor.py:766} INFO - DAG(s) dict_keys(['example_kubernetes_executor']) retrieved from /home/airflow/.local/lib/python3.7/site-packages/airflow/example_dags/example_kubernetes_executor.py
[2022-11-08T14:40:54.267+0000] {logging_mixin.py:120} INFO - [2022-11-08T14:40:54.267+0000] {dag.py:2585} INFO - Sync 1 DAGs
[2022-11-08T14:40:54.295+0000] {logging_mixin.py:120} INFO - [2022-11-08T14:40:54.294+0000] {dag.py:3340} INFO - Setting next_dagrun for example_kubernetes_executor to None, run_after=None
[2022-11-08T14:40:54.319+0000] {processor.py:176} INFO - Processing /home/airflow/.local/lib/python3.7/site-packages/airflow/example_dags/example_kubernetes_executor.py took 0.133 seconds
[2022-11-08T14:41:24.365+0000] {processor.py:154} INFO - Started process (PID=3818) to work on /home/airflow/.local/lib/python3.7/site-packages/airflow/example_dags/example_kubernetes_executor.py
[2022-11-08T14:41:24.366+0000] {processor.py:756} INFO - Processing file /home/airflow/.local/lib/python3.7/site-packages/airflow/example_dags/example_kubernetes_executor.py for tasks to queue
[2022-11-08T14:41:24.367+0000] {logging_mixin.py:120} INFO - [2022-11-08T14:41:24.367+0000] {dagbag.py:537} INFO - Filling up the DagBag from /home/airflow/.local/lib/python3.7/site-packages/airflow/example_dags/example_kubernetes_executor.py
[2022-11-08T14:41:24.397+0000] {processor.py:766} INFO - DAG(s) dict_keys(['example_kubernetes_executor']) retrieved from /home/airflow/.local/lib/python3.7/site-packages/airflow/example_dags/example_kubernetes_executor.py
[2022-11-08T14:41:24.442+0000] {logging_mixin.py:120} INFO - [2022-11-08T14:41:24.442+0000] {dag.py:2585} INFO - Sync 1 DAGs
[2022-11-08T14:41:24.470+0000] {logging_mixin.py:120} INFO - [2022-11-08T14:41:24.470+0000] {dag.py:3340} INFO - Setting next_dagrun for example_kubernetes_executor to None, run_after=None
[2022-11-08T14:41:24.493+0000] {processor.py:176} INFO - Processing /home/airflow/.local/lib/python3.7/site-packages/airflow/example_dags/example_kubernetes_executor.py took 0.134 seconds
[2022-11-08T14:41:54.570+0000] {processor.py:154} INFO - Started process (PID=4016) to work on /home/airflow/.local/lib/python3.7/site-packages/airflow/example_dags/example_kubernetes_executor.py
[2022-11-08T14:41:54.571+0000] {processor.py:756} INFO - Processing file /home/airflow/.local/lib/python3.7/site-packages/airflow/example_dags/example_kubernetes_executor.py for tasks to queue
[2022-11-08T14:41:54.573+0000] {logging_mixin.py:120} INFO - [2022-11-08T14:41:54.572+0000] {dagbag.py:537} INFO - Filling up the DagBag from /home/airflow/.local/lib/python3.7/site-packages/airflow/example_dags/example_kubernetes_executor.py
[2022-11-08T14:41:54.600+0000] {processor.py:766} INFO - DAG(s) dict_keys(['example_kubernetes_executor']) retrieved from /home/airflow/.local/lib/python3.7/site-packages/airflow/example_dags/example_kubernetes_executor.py
[2022-11-08T14:41:54.650+0000] {logging_mixin.py:120} INFO - [2022-11-08T14:41:54.650+0000] {dag.py:2585} INFO - Sync 1 DAGs
[2022-11-08T14:41:54.686+0000] {logging_mixin.py:120} INFO - [2022-11-08T14:41:54.685+0000] {dag.py:3340} INFO - Setting next_dagrun for example_kubernetes_executor to None, run_after=None
[2022-11-08T14:41:54.710+0000] {processor.py:176} INFO - Processing /home/airflow/.local/lib/python3.7/site-packages/airflow/example_dags/example_kubernetes_executor.py took 0.144 seconds
[2022-11-08T14:42:25.536+0000] {processor.py:154} INFO - Started process (PID=4223) to work on /home/airflow/.local/lib/python3.7/site-packages/airflow/example_dags/example_kubernetes_executor.py
[2022-11-08T14:42:25.537+0000] {processor.py:756} INFO - Processing file /home/airflow/.local/lib/python3.7/site-packages/airflow/example_dags/example_kubernetes_executor.py for tasks to queue
[2022-11-08T14:42:25.538+0000] {logging_mixin.py:120} INFO - [2022-11-08T14:42:25.538+0000] {dagbag.py:537} INFO - Filling up the DagBag from /home/airflow/.local/lib/python3.7/site-packages/airflow/example_dags/example_kubernetes_executor.py
[2022-11-08T14:42:25.565+0000] {processor.py:766} INFO - DAG(s) dict_keys(['example_kubernetes_executor']) retrieved from /home/airflow/.local/lib/python3.7/site-packages/airflow/example_dags/example_kubernetes_executor.py
[2022-11-08T14:42:25.590+0000] {logging_mixin.py:120} INFO - [2022-11-08T14:42:25.590+0000] {dag.py:2585} INFO - Sync 1 DAGs
[2022-11-08T14:42:25.616+0000] {logging_mixin.py:120} INFO - [2022-11-08T14:42:25.615+0000] {dag.py:3340} INFO - Setting next_dagrun for example_kubernetes_executor to None, run_after=None
[2022-11-08T14:42:25.633+0000] {processor.py:176} INFO - Processing /home/airflow/.local/lib/python3.7/site-packages/airflow/example_dags/example_kubernetes_executor.py took 0.102 seconds
[2022-11-08T14:42:56.170+0000] {processor.py:154} INFO - Started process (PID=4430) to work on /home/airflow/.local/lib/python3.7/site-packages/airflow/example_dags/example_kubernetes_executor.py
[2022-11-08T14:42:56.170+0000] {processor.py:756} INFO - Processing file /home/airflow/.local/lib/python3.7/site-packages/airflow/example_dags/example_kubernetes_executor.py for tasks to queue
[2022-11-08T14:42:56.171+0000] {logging_mixin.py:120} INFO - [2022-11-08T14:42:56.171+0000] {dagbag.py:537} INFO - Filling up the DagBag from /home/airflow/.local/lib/python3.7/site-packages/airflow/example_dags/example_kubernetes_executor.py
[2022-11-08T14:42:56.204+0000] {processor.py:766} INFO - DAG(s) dict_keys(['example_kubernetes_executor']) retrieved from /home/airflow/.local/lib/python3.7/site-packages/airflow/example_dags/example_kubernetes_executor.py
[2022-11-08T14:42:56.262+0000] {logging_mixin.py:120} INFO - [2022-11-08T14:42:56.261+0000] {dag.py:2585} INFO - Sync 1 DAGs
[2022-11-08T14:42:56.299+0000] {logging_mixin.py:120} INFO - [2022-11-08T14:42:56.298+0000] {dag.py:3340} INFO - Setting next_dagrun for example_kubernetes_executor to None, run_after=None
[2022-11-08T14:42:56.325+0000] {processor.py:176} INFO - Processing /home/airflow/.local/lib/python3.7/site-packages/airflow/example_dags/example_kubernetes_executor.py took 0.159 seconds
[2022-11-08T14:43:26.609+0000] {processor.py:154} INFO - Started process (PID=4637) to work on /home/airflow/.local/lib/python3.7/site-packages/airflow/example_dags/example_kubernetes_executor.py
[2022-11-08T14:43:26.610+0000] {processor.py:756} INFO - Processing file /home/airflow/.local/lib/python3.7/site-packages/airflow/example_dags/example_kubernetes_executor.py for tasks to queue
[2022-11-08T14:43:26.610+0000] {logging_mixin.py:120} INFO - [2022-11-08T14:43:26.610+0000] {dagbag.py:537} INFO - Filling up the DagBag from /home/airflow/.local/lib/python3.7/site-packages/airflow/example_dags/example_kubernetes_executor.py
[2022-11-08T14:43:26.632+0000] {processor.py:766} INFO - DAG(s) dict_keys(['example_kubernetes_executor']) retrieved from /home/airflow/.local/lib/python3.7/site-packages/airflow/example_dags/example_kubernetes_executor.py
[2022-11-08T14:43:26.665+0000] {logging_mixin.py:120} INFO - [2022-11-08T14:43:26.665+0000] {dag.py:2585} INFO - Sync 1 DAGs
[2022-11-08T14:43:26.684+0000] {logging_mixin.py:120} INFO - [2022-11-08T14:43:26.684+0000] {dag.py:3340} INFO - Setting next_dagrun for example_kubernetes_executor to None, run_after=None
[2022-11-08T14:43:26.700+0000] {processor.py:176} INFO - Processing /home/airflow/.local/lib/python3.7/site-packages/airflow/example_dags/example_kubernetes_executor.py took 0.093 seconds
[2022-11-08T14:43:57.210+0000] {processor.py:154} INFO - Started process (PID=4844) to work on /home/airflow/.local/lib/python3.7/site-packages/airflow/example_dags/example_kubernetes_executor.py
[2022-11-08T14:43:57.212+0000] {processor.py:756} INFO - Processing file /home/airflow/.local/lib/python3.7/site-packages/airflow/example_dags/example_kubernetes_executor.py for tasks to queue
[2022-11-08T14:43:57.212+0000] {logging_mixin.py:120} INFO - [2022-11-08T14:43:57.212+0000] {dagbag.py:537} INFO - Filling up the DagBag from /home/airflow/.local/lib/python3.7/site-packages/airflow/example_dags/example_kubernetes_executor.py
[2022-11-08T14:43:57.244+0000] {processor.py:766} INFO - DAG(s) dict_keys(['example_kubernetes_executor']) retrieved from /home/airflow/.local/lib/python3.7/site-packages/airflow/example_dags/example_kubernetes_executor.py
[2022-11-08T14:43:57.278+0000] {logging_mixin.py:120} INFO - [2022-11-08T14:43:57.278+0000] {dag.py:2585} INFO - Sync 1 DAGs
[2022-11-08T14:43:57.299+0000] {logging_mixin.py:120} INFO - [2022-11-08T14:43:57.299+0000] {dag.py:3340} INFO - Setting next_dagrun for example_kubernetes_executor to None, run_after=None
[2022-11-08T14:43:57.316+0000] {processor.py:176} INFO - Processing /home/airflow/.local/lib/python3.7/site-packages/airflow/example_dags/example_kubernetes_executor.py took 0.110 seconds
[2022-11-08T14:44:28.037+0000] {processor.py:154} INFO - Started process (PID=5051) to work on /home/airflow/.local/lib/python3.7/site-packages/airflow/example_dags/example_kubernetes_executor.py
[2022-11-08T14:44:28.038+0000] {processor.py:756} INFO - Processing file /home/airflow/.local/lib/python3.7/site-packages/airflow/example_dags/example_kubernetes_executor.py for tasks to queue
[2022-11-08T14:44:28.039+0000] {logging_mixin.py:120} INFO - [2022-11-08T14:44:28.039+0000] {dagbag.py:537} INFO - Filling up the DagBag from /home/airflow/.local/lib/python3.7/site-packages/airflow/example_dags/example_kubernetes_executor.py
[2022-11-08T14:44:28.064+0000] {processor.py:766} INFO - DAG(s) dict_keys(['example_kubernetes_executor']) retrieved from /home/airflow/.local/lib/python3.7/site-packages/airflow/example_dags/example_kubernetes_executor.py
[2022-11-08T14:44:28.098+0000] {logging_mixin.py:120} INFO - [2022-11-08T14:44:28.098+0000] {dag.py:2585} INFO - Sync 1 DAGs
[2022-11-08T14:44:28.121+0000] {logging_mixin.py:120} INFO - [2022-11-08T14:44:28.120+0000] {dag.py:3340} INFO - Setting next_dagrun for example_kubernetes_executor to None, run_after=None
[2022-11-08T14:44:28.139+0000] {processor.py:176} INFO - Processing /home/airflow/.local/lib/python3.7/site-packages/airflow/example_dags/example_kubernetes_executor.py took 0.107 seconds
[2022-11-08T14:44:58.490+0000] {processor.py:154} INFO - Started process (PID=5248) to work on /home/airflow/.local/lib/python3.7/site-packages/airflow/example_dags/example_kubernetes_executor.py
[2022-11-08T14:44:58.491+0000] {processor.py:756} INFO - Processing file /home/airflow/.local/lib/python3.7/site-packages/airflow/example_dags/example_kubernetes_executor.py for tasks to queue
[2022-11-08T14:44:58.492+0000] {logging_mixin.py:120} INFO - [2022-11-08T14:44:58.491+0000] {dagbag.py:537} INFO - Filling up the DagBag from /home/airflow/.local/lib/python3.7/site-packages/airflow/example_dags/example_kubernetes_executor.py
[2022-11-08T14:44:58.515+0000] {processor.py:766} INFO - DAG(s) dict_keys(['example_kubernetes_executor']) retrieved from /home/airflow/.local/lib/python3.7/site-packages/airflow/example_dags/example_kubernetes_executor.py
[2022-11-08T14:44:58.553+0000] {logging_mixin.py:120} INFO - [2022-11-08T14:44:58.553+0000] {dag.py:2585} INFO - Sync 1 DAGs
[2022-11-08T14:44:58.575+0000] {logging_mixin.py:120} INFO - [2022-11-08T14:44:58.575+0000] {dag.py:3340} INFO - Setting next_dagrun for example_kubernetes_executor to None, run_after=None
[2022-11-08T14:44:58.595+0000] {processor.py:176} INFO - Processing /home/airflow/.local/lib/python3.7/site-packages/airflow/example_dags/example_kubernetes_executor.py took 0.108 seconds
[2022-11-08T14:45:28.922+0000] {processor.py:154} INFO - Started process (PID=5455) to work on /home/airflow/.local/lib/python3.7/site-packages/airflow/example_dags/example_kubernetes_executor.py
[2022-11-08T14:45:28.923+0000] {processor.py:756} INFO - Processing file /home/airflow/.local/lib/python3.7/site-packages/airflow/example_dags/example_kubernetes_executor.py for tasks to queue
[2022-11-08T14:45:28.924+0000] {logging_mixin.py:120} INFO - [2022-11-08T14:45:28.924+0000] {dagbag.py:537} INFO - Filling up the DagBag from /home/airflow/.local/lib/python3.7/site-packages/airflow/example_dags/example_kubernetes_executor.py
[2022-11-08T14:45:28.947+0000] {processor.py:766} INFO - DAG(s) dict_keys(['example_kubernetes_executor']) retrieved from /home/airflow/.local/lib/python3.7/site-packages/airflow/example_dags/example_kubernetes_executor.py
[2022-11-08T14:45:28.982+0000] {logging_mixin.py:120} INFO - [2022-11-08T14:45:28.982+0000] {dag.py:2585} INFO - Sync 1 DAGs
[2022-11-08T14:45:29.001+0000] {logging_mixin.py:120} INFO - [2022-11-08T14:45:29.001+0000] {dag.py:3340} INFO - Setting next_dagrun for example_kubernetes_executor to None, run_after=None
[2022-11-08T14:45:29.016+0000] {processor.py:176} INFO - Processing /home/airflow/.local/lib/python3.7/site-packages/airflow/example_dags/example_kubernetes_executor.py took 0.098 seconds
[2022-11-08T14:45:59.286+0000] {processor.py:154} INFO - Started process (PID=5662) to work on /home/airflow/.local/lib/python3.7/site-packages/airflow/example_dags/example_kubernetes_executor.py
[2022-11-08T14:45:59.287+0000] {processor.py:756} INFO - Processing file /home/airflow/.local/lib/python3.7/site-packages/airflow/example_dags/example_kubernetes_executor.py for tasks to queue
[2022-11-08T14:45:59.288+0000] {logging_mixin.py:120} INFO - [2022-11-08T14:45:59.288+0000] {dagbag.py:537} INFO - Filling up the DagBag from /home/airflow/.local/lib/python3.7/site-packages/airflow/example_dags/example_kubernetes_executor.py
[2022-11-08T14:45:59.316+0000] {processor.py:766} INFO - DAG(s) dict_keys(['example_kubernetes_executor']) retrieved from /home/airflow/.local/lib/python3.7/site-packages/airflow/example_dags/example_kubernetes_executor.py
[2022-11-08T14:45:59.349+0000] {logging_mixin.py:120} INFO - [2022-11-08T14:45:59.349+0000] {dag.py:2585} INFO - Sync 1 DAGs
[2022-11-08T14:45:59.368+0000] {logging_mixin.py:120} INFO - [2022-11-08T14:45:59.368+0000] {dag.py:3340} INFO - Setting next_dagrun for example_kubernetes_executor to None, run_after=None
[2022-11-08T14:45:59.385+0000] {processor.py:176} INFO - Processing /home/airflow/.local/lib/python3.7/site-packages/airflow/example_dags/example_kubernetes_executor.py took 0.103 seconds
[2022-11-08T14:46:30.241+0000] {processor.py:154} INFO - Started process (PID=5868) to work on /home/airflow/.local/lib/python3.7/site-packages/airflow/example_dags/example_kubernetes_executor.py
[2022-11-08T14:46:30.241+0000] {processor.py:756} INFO - Processing file /home/airflow/.local/lib/python3.7/site-packages/airflow/example_dags/example_kubernetes_executor.py for tasks to queue
[2022-11-08T14:46:30.242+0000] {logging_mixin.py:120} INFO - [2022-11-08T14:46:30.242+0000] {dagbag.py:537} INFO - Filling up the DagBag from /home/airflow/.local/lib/python3.7/site-packages/airflow/example_dags/example_kubernetes_executor.py
[2022-11-08T14:46:30.265+0000] {processor.py:766} INFO - DAG(s) dict_keys(['example_kubernetes_executor']) retrieved from /home/airflow/.local/lib/python3.7/site-packages/airflow/example_dags/example_kubernetes_executor.py
[2022-11-08T14:46:30.306+0000] {logging_mixin.py:120} INFO - [2022-11-08T14:46:30.306+0000] {dag.py:2585} INFO - Sync 1 DAGs
[2022-11-08T14:46:30.332+0000] {logging_mixin.py:120} INFO - [2022-11-08T14:46:30.332+0000] {dag.py:3340} INFO - Setting next_dagrun for example_kubernetes_executor to None, run_after=None
[2022-11-08T14:46:30.354+0000] {processor.py:176} INFO - Processing /home/airflow/.local/lib/python3.7/site-packages/airflow/example_dags/example_kubernetes_executor.py took 0.116 seconds
[2022-11-08T14:47:00.383+0000] {processor.py:154} INFO - Started process (PID=6067) to work on /home/airflow/.local/lib/python3.7/site-packages/airflow/example_dags/example_kubernetes_executor.py
[2022-11-08T14:47:00.384+0000] {processor.py:756} INFO - Processing file /home/airflow/.local/lib/python3.7/site-packages/airflow/example_dags/example_kubernetes_executor.py for tasks to queue
[2022-11-08T14:47:00.385+0000] {logging_mixin.py:120} INFO - [2022-11-08T14:47:00.385+0000] {dagbag.py:537} INFO - Filling up the DagBag from /home/airflow/.local/lib/python3.7/site-packages/airflow/example_dags/example_kubernetes_executor.py
[2022-11-08T14:47:00.420+0000] {processor.py:766} INFO - DAG(s) dict_keys(['example_kubernetes_executor']) retrieved from /home/airflow/.local/lib/python3.7/site-packages/airflow/example_dags/example_kubernetes_executor.py
[2022-11-08T14:47:00.447+0000] {logging_mixin.py:120} INFO - [2022-11-08T14:47:00.446+0000] {dag.py:2585} INFO - Sync 1 DAGs
[2022-11-08T14:47:00.471+0000] {logging_mixin.py:120} INFO - [2022-11-08T14:47:00.471+0000] {dag.py:3340} INFO - Setting next_dagrun for example_kubernetes_executor to None, run_after=None
[2022-11-08T14:47:00.493+0000] {processor.py:176} INFO - Processing /home/airflow/.local/lib/python3.7/site-packages/airflow/example_dags/example_kubernetes_executor.py took 0.113 seconds
[2022-11-08T14:47:31.299+0000] {processor.py:154} INFO - Started process (PID=6274) to work on /home/airflow/.local/lib/python3.7/site-packages/airflow/example_dags/example_kubernetes_executor.py
[2022-11-08T14:47:31.300+0000] {processor.py:756} INFO - Processing file /home/airflow/.local/lib/python3.7/site-packages/airflow/example_dags/example_kubernetes_executor.py for tasks to queue
[2022-11-08T14:47:31.301+0000] {logging_mixin.py:120} INFO - [2022-11-08T14:47:31.301+0000] {dagbag.py:537} INFO - Filling up the DagBag from /home/airflow/.local/lib/python3.7/site-packages/airflow/example_dags/example_kubernetes_executor.py
[2022-11-08T14:47:31.335+0000] {processor.py:766} INFO - DAG(s) dict_keys(['example_kubernetes_executor']) retrieved from /home/airflow/.local/lib/python3.7/site-packages/airflow/example_dags/example_kubernetes_executor.py
[2022-11-08T14:47:31.378+0000] {logging_mixin.py:120} INFO - [2022-11-08T14:47:31.378+0000] {dag.py:2585} INFO - Sync 1 DAGs
[2022-11-08T14:47:31.398+0000] {logging_mixin.py:120} INFO - [2022-11-08T14:47:31.398+0000] {dag.py:3340} INFO - Setting next_dagrun for example_kubernetes_executor to None, run_after=None
[2022-11-08T14:47:31.416+0000] {processor.py:176} INFO - Processing /home/airflow/.local/lib/python3.7/site-packages/airflow/example_dags/example_kubernetes_executor.py took 0.122 seconds
[2022-11-08T14:48:02.032+0000] {processor.py:154} INFO - Started process (PID=6481) to work on /home/airflow/.local/lib/python3.7/site-packages/airflow/example_dags/example_kubernetes_executor.py
[2022-11-08T14:48:02.033+0000] {processor.py:756} INFO - Processing file /home/airflow/.local/lib/python3.7/site-packages/airflow/example_dags/example_kubernetes_executor.py for tasks to queue
[2022-11-08T14:48:02.034+0000] {logging_mixin.py:120} INFO - [2022-11-08T14:48:02.033+0000] {dagbag.py:537} INFO - Filling up the DagBag from /home/airflow/.local/lib/python3.7/site-packages/airflow/example_dags/example_kubernetes_executor.py
[2022-11-08T14:48:02.057+0000] {processor.py:766} INFO - DAG(s) dict_keys(['example_kubernetes_executor']) retrieved from /home/airflow/.local/lib/python3.7/site-packages/airflow/example_dags/example_kubernetes_executor.py
[2022-11-08T14:48:02.094+0000] {logging_mixin.py:120} INFO - [2022-11-08T14:48:02.094+0000] {dag.py:2585} INFO - Sync 1 DAGs
[2022-11-08T14:48:02.114+0000] {logging_mixin.py:120} INFO - [2022-11-08T14:48:02.114+0000] {dag.py:3340} INFO - Setting next_dagrun for example_kubernetes_executor to None, run_after=None
[2022-11-08T14:48:02.132+0000] {processor.py:176} INFO - Processing /home/airflow/.local/lib/python3.7/site-packages/airflow/example_dags/example_kubernetes_executor.py took 0.103 seconds
[2022-11-08T14:48:32.472+0000] {processor.py:154} INFO - Started process (PID=6690) to work on /home/airflow/.local/lib/python3.7/site-packages/airflow/example_dags/example_kubernetes_executor.py
[2022-11-08T14:48:32.473+0000] {processor.py:756} INFO - Processing file /home/airflow/.local/lib/python3.7/site-packages/airflow/example_dags/example_kubernetes_executor.py for tasks to queue
[2022-11-08T14:48:32.473+0000] {logging_mixin.py:120} INFO - [2022-11-08T14:48:32.473+0000] {dagbag.py:537} INFO - Filling up the DagBag from /home/airflow/.local/lib/python3.7/site-packages/airflow/example_dags/example_kubernetes_executor.py
[2022-11-08T14:48:32.502+0000] {processor.py:766} INFO - DAG(s) dict_keys(['example_kubernetes_executor']) retrieved from /home/airflow/.local/lib/python3.7/site-packages/airflow/example_dags/example_kubernetes_executor.py
[2022-11-08T14:48:32.549+0000] {logging_mixin.py:120} INFO - [2022-11-08T14:48:32.548+0000] {dag.py:2585} INFO - Sync 1 DAGs
[2022-11-08T14:48:32.575+0000] {logging_mixin.py:120} INFO - [2022-11-08T14:48:32.575+0000] {dag.py:3340} INFO - Setting next_dagrun for example_kubernetes_executor to None, run_after=None
[2022-11-08T14:48:32.596+0000] {processor.py:176} INFO - Processing /home/airflow/.local/lib/python3.7/site-packages/airflow/example_dags/example_kubernetes_executor.py took 0.128 seconds
[2022-11-08T14:49:02.968+0000] {processor.py:154} INFO - Started process (PID=6896) to work on /home/airflow/.local/lib/python3.7/site-packages/airflow/example_dags/example_kubernetes_executor.py
[2022-11-08T14:49:02.969+0000] {processor.py:756} INFO - Processing file /home/airflow/.local/lib/python3.7/site-packages/airflow/example_dags/example_kubernetes_executor.py for tasks to queue
[2022-11-08T14:49:02.970+0000] {logging_mixin.py:120} INFO - [2022-11-08T14:49:02.970+0000] {dagbag.py:537} INFO - Filling up the DagBag from /home/airflow/.local/lib/python3.7/site-packages/airflow/example_dags/example_kubernetes_executor.py
[2022-11-08T14:49:03.010+0000] {processor.py:766} INFO - DAG(s) dict_keys(['example_kubernetes_executor']) retrieved from /home/airflow/.local/lib/python3.7/site-packages/airflow/example_dags/example_kubernetes_executor.py
[2022-11-08T14:49:03.065+0000] {logging_mixin.py:120} INFO - [2022-11-08T14:49:03.065+0000] {dag.py:2585} INFO - Sync 1 DAGs
[2022-11-08T14:49:03.091+0000] {logging_mixin.py:120} INFO - [2022-11-08T14:49:03.090+0000] {dag.py:3340} INFO - Setting next_dagrun for example_kubernetes_executor to None, run_after=None
[2022-11-08T14:49:03.111+0000] {processor.py:176} INFO - Processing /home/airflow/.local/lib/python3.7/site-packages/airflow/example_dags/example_kubernetes_executor.py took 0.148 seconds
[2022-11-08T14:49:33.441+0000] {processor.py:154} INFO - Started process (PID=7094) to work on /home/airflow/.local/lib/python3.7/site-packages/airflow/example_dags/example_kubernetes_executor.py
[2022-11-08T14:49:33.442+0000] {processor.py:756} INFO - Processing file /home/airflow/.local/lib/python3.7/site-packages/airflow/example_dags/example_kubernetes_executor.py for tasks to queue
[2022-11-08T14:49:33.442+0000] {logging_mixin.py:120} INFO - [2022-11-08T14:49:33.442+0000] {dagbag.py:537} INFO - Filling up the DagBag from /home/airflow/.local/lib/python3.7/site-packages/airflow/example_dags/example_kubernetes_executor.py
[2022-11-08T14:49:33.464+0000] {processor.py:766} INFO - DAG(s) dict_keys(['example_kubernetes_executor']) retrieved from /home/airflow/.local/lib/python3.7/site-packages/airflow/example_dags/example_kubernetes_executor.py
[2022-11-08T14:49:33.499+0000] {logging_mixin.py:120} INFO - [2022-11-08T14:49:33.499+0000] {dag.py:2585} INFO - Sync 1 DAGs
[2022-11-08T14:49:33.519+0000] {logging_mixin.py:120} INFO - [2022-11-08T14:49:33.518+0000] {dag.py:3340} INFO - Setting next_dagrun for example_kubernetes_executor to None, run_after=None
[2022-11-08T14:49:33.534+0000] {processor.py:176} INFO - Processing /home/airflow/.local/lib/python3.7/site-packages/airflow/example_dags/example_kubernetes_executor.py took 0.096 seconds
[2022-11-08T14:50:03.916+0000] {processor.py:154} INFO - Started process (PID=7301) to work on /home/airflow/.local/lib/python3.7/site-packages/airflow/example_dags/example_kubernetes_executor.py
[2022-11-08T14:50:03.917+0000] {processor.py:756} INFO - Processing file /home/airflow/.local/lib/python3.7/site-packages/airflow/example_dags/example_kubernetes_executor.py for tasks to queue
[2022-11-08T14:50:03.917+0000] {logging_mixin.py:120} INFO - [2022-11-08T14:50:03.917+0000] {dagbag.py:537} INFO - Filling up the DagBag from /home/airflow/.local/lib/python3.7/site-packages/airflow/example_dags/example_kubernetes_executor.py
[2022-11-08T14:50:03.946+0000] {processor.py:766} INFO - DAG(s) dict_keys(['example_kubernetes_executor']) retrieved from /home/airflow/.local/lib/python3.7/site-packages/airflow/example_dags/example_kubernetes_executor.py
[2022-11-08T14:50:03.993+0000] {logging_mixin.py:120} INFO - [2022-11-08T14:50:03.993+0000] {dag.py:2585} INFO - Sync 1 DAGs
[2022-11-08T14:50:04.016+0000] {logging_mixin.py:120} INFO - [2022-11-08T14:50:04.016+0000] {dag.py:3340} INFO - Setting next_dagrun for example_kubernetes_executor to None, run_after=None
[2022-11-08T14:50:04.037+0000] {processor.py:176} INFO - Processing /home/airflow/.local/lib/python3.7/site-packages/airflow/example_dags/example_kubernetes_executor.py took 0.125 seconds
[2022-11-08T14:50:34.692+0000] {processor.py:154} INFO - Started process (PID=7507) to work on /home/airflow/.local/lib/python3.7/site-packages/airflow/example_dags/example_kubernetes_executor.py
[2022-11-08T14:50:34.693+0000] {processor.py:756} INFO - Processing file /home/airflow/.local/lib/python3.7/site-packages/airflow/example_dags/example_kubernetes_executor.py for tasks to queue
[2022-11-08T14:50:34.694+0000] {logging_mixin.py:120} INFO - [2022-11-08T14:50:34.694+0000] {dagbag.py:537} INFO - Filling up the DagBag from /home/airflow/.local/lib/python3.7/site-packages/airflow/example_dags/example_kubernetes_executor.py
[2022-11-08T14:50:34.735+0000] {processor.py:766} INFO - DAG(s) dict_keys(['example_kubernetes_executor']) retrieved from /home/airflow/.local/lib/python3.7/site-packages/airflow/example_dags/example_kubernetes_executor.py
[2022-11-08T14:50:34.788+0000] {logging_mixin.py:120} INFO - [2022-11-08T14:50:34.788+0000] {dag.py:2585} INFO - Sync 1 DAGs
[2022-11-08T14:50:34.823+0000] {logging_mixin.py:120} INFO - [2022-11-08T14:50:34.823+0000] {dag.py:3340} INFO - Setting next_dagrun for example_kubernetes_executor to None, run_after=None
[2022-11-08T14:50:34.844+0000] {processor.py:176} INFO - Processing /home/airflow/.local/lib/python3.7/site-packages/airflow/example_dags/example_kubernetes_executor.py took 0.156 seconds
[2022-11-08T14:51:05.491+0000] {processor.py:154} INFO - Started process (PID=7714) to work on /home/airflow/.local/lib/python3.7/site-packages/airflow/example_dags/example_kubernetes_executor.py
[2022-11-08T14:51:05.492+0000] {processor.py:756} INFO - Processing file /home/airflow/.local/lib/python3.7/site-packages/airflow/example_dags/example_kubernetes_executor.py for tasks to queue
[2022-11-08T14:51:05.493+0000] {logging_mixin.py:120} INFO - [2022-11-08T14:51:05.493+0000] {dagbag.py:537} INFO - Filling up the DagBag from /home/airflow/.local/lib/python3.7/site-packages/airflow/example_dags/example_kubernetes_executor.py
[2022-11-08T14:51:05.525+0000] {processor.py:766} INFO - DAG(s) dict_keys(['example_kubernetes_executor']) retrieved from /home/airflow/.local/lib/python3.7/site-packages/airflow/example_dags/example_kubernetes_executor.py
[2022-11-08T14:51:05.570+0000] {logging_mixin.py:120} INFO - [2022-11-08T14:51:05.570+0000] {dag.py:2585} INFO - Sync 1 DAGs
[2022-11-08T14:51:05.594+0000] {logging_mixin.py:120} INFO - [2022-11-08T14:51:05.594+0000] {dag.py:3340} INFO - Setting next_dagrun for example_kubernetes_executor to None, run_after=None
[2022-11-08T14:51:05.613+0000] {processor.py:176} INFO - Processing /home/airflow/.local/lib/python3.7/site-packages/airflow/example_dags/example_kubernetes_executor.py took 0.127 seconds
[2022-11-08T14:51:36.549+0000] {processor.py:154} INFO - Started process (PID=7915) to work on /home/airflow/.local/lib/python3.7/site-packages/airflow/example_dags/example_kubernetes_executor.py
[2022-11-08T14:51:36.550+0000] {processor.py:756} INFO - Processing file /home/airflow/.local/lib/python3.7/site-packages/airflow/example_dags/example_kubernetes_executor.py for tasks to queue
[2022-11-08T14:51:36.551+0000] {logging_mixin.py:120} INFO - [2022-11-08T14:51:36.550+0000] {dagbag.py:537} INFO - Filling up the DagBag from /home/airflow/.local/lib/python3.7/site-packages/airflow/example_dags/example_kubernetes_executor.py
[2022-11-08T14:51:36.581+0000] {processor.py:766} INFO - DAG(s) dict_keys(['example_kubernetes_executor']) retrieved from /home/airflow/.local/lib/python3.7/site-packages/airflow/example_dags/example_kubernetes_executor.py
[2022-11-08T14:51:36.633+0000] {logging_mixin.py:120} INFO - [2022-11-08T14:51:36.632+0000] {dag.py:2585} INFO - Sync 1 DAGs
[2022-11-08T14:51:36.660+0000] {logging_mixin.py:120} INFO - [2022-11-08T14:51:36.659+0000] {dag.py:3340} INFO - Setting next_dagrun for example_kubernetes_executor to None, run_after=None
[2022-11-08T14:51:36.683+0000] {processor.py:176} INFO - Processing /home/airflow/.local/lib/python3.7/site-packages/airflow/example_dags/example_kubernetes_executor.py took 0.138 seconds
[2022-11-08T14:52:06.851+0000] {processor.py:154} INFO - Started process (PID=8124) to work on /home/airflow/.local/lib/python3.7/site-packages/airflow/example_dags/example_kubernetes_executor.py
[2022-11-08T14:52:06.851+0000] {processor.py:756} INFO - Processing file /home/airflow/.local/lib/python3.7/site-packages/airflow/example_dags/example_kubernetes_executor.py for tasks to queue
[2022-11-08T14:52:06.852+0000] {logging_mixin.py:120} INFO - [2022-11-08T14:52:06.852+0000] {dagbag.py:537} INFO - Filling up the DagBag from /home/airflow/.local/lib/python3.7/site-packages/airflow/example_dags/example_kubernetes_executor.py
[2022-11-08T14:52:06.881+0000] {processor.py:766} INFO - DAG(s) dict_keys(['example_kubernetes_executor']) retrieved from /home/airflow/.local/lib/python3.7/site-packages/airflow/example_dags/example_kubernetes_executor.py
[2022-11-08T14:52:06.921+0000] {logging_mixin.py:120} INFO - [2022-11-08T14:52:06.921+0000] {dag.py:2585} INFO - Sync 1 DAGs
[2022-11-08T14:52:06.947+0000] {logging_mixin.py:120} INFO - [2022-11-08T14:52:06.947+0000] {dag.py:3340} INFO - Setting next_dagrun for example_kubernetes_executor to None, run_after=None
[2022-11-08T14:52:06.970+0000] {processor.py:176} INFO - Processing /home/airflow/.local/lib/python3.7/site-packages/airflow/example_dags/example_kubernetes_executor.py took 0.122 seconds
[2022-11-08T14:52:37.133+0000] {processor.py:154} INFO - Started process (PID=8329) to work on /home/airflow/.local/lib/python3.7/site-packages/airflow/example_dags/example_kubernetes_executor.py
[2022-11-08T14:52:37.134+0000] {processor.py:756} INFO - Processing file /home/airflow/.local/lib/python3.7/site-packages/airflow/example_dags/example_kubernetes_executor.py for tasks to queue
[2022-11-08T14:52:37.135+0000] {logging_mixin.py:120} INFO - [2022-11-08T14:52:37.135+0000] {dagbag.py:537} INFO - Filling up the DagBag from /home/airflow/.local/lib/python3.7/site-packages/airflow/example_dags/example_kubernetes_executor.py
[2022-11-08T14:52:37.169+0000] {processor.py:766} INFO - DAG(s) dict_keys(['example_kubernetes_executor']) retrieved from /home/airflow/.local/lib/python3.7/site-packages/airflow/example_dags/example_kubernetes_executor.py
[2022-11-08T14:52:37.217+0000] {logging_mixin.py:120} INFO - [2022-11-08T14:52:37.217+0000] {dag.py:2585} INFO - Sync 1 DAGs
[2022-11-08T14:52:37.244+0000] {logging_mixin.py:120} INFO - [2022-11-08T14:52:37.244+0000] {dag.py:3340} INFO - Setting next_dagrun for example_kubernetes_executor to None, run_after=None
[2022-11-08T14:52:37.264+0000] {processor.py:176} INFO - Processing /home/airflow/.local/lib/python3.7/site-packages/airflow/example_dags/example_kubernetes_executor.py took 0.136 seconds
[2022-11-08T14:53:07.389+0000] {processor.py:154} INFO - Started process (PID=8528) to work on /home/airflow/.local/lib/python3.7/site-packages/airflow/example_dags/example_kubernetes_executor.py
[2022-11-08T14:53:07.390+0000] {processor.py:756} INFO - Processing file /home/airflow/.local/lib/python3.7/site-packages/airflow/example_dags/example_kubernetes_executor.py for tasks to queue
[2022-11-08T14:53:07.391+0000] {logging_mixin.py:120} INFO - [2022-11-08T14:53:07.391+0000] {dagbag.py:537} INFO - Filling up the DagBag from /home/airflow/.local/lib/python3.7/site-packages/airflow/example_dags/example_kubernetes_executor.py
[2022-11-08T14:53:07.421+0000] {processor.py:766} INFO - DAG(s) dict_keys(['example_kubernetes_executor']) retrieved from /home/airflow/.local/lib/python3.7/site-packages/airflow/example_dags/example_kubernetes_executor.py
[2022-11-08T14:53:07.471+0000] {logging_mixin.py:120} INFO - [2022-11-08T14:53:07.471+0000] {dag.py:2585} INFO - Sync 1 DAGs
[2022-11-08T14:53:07.499+0000] {logging_mixin.py:120} INFO - [2022-11-08T14:53:07.498+0000] {dag.py:3340} INFO - Setting next_dagrun for example_kubernetes_executor to None, run_after=None
[2022-11-08T14:53:07.523+0000] {processor.py:176} INFO - Processing /home/airflow/.local/lib/python3.7/site-packages/airflow/example_dags/example_kubernetes_executor.py took 0.137 seconds
[2022-11-08T14:53:37.615+0000] {processor.py:154} INFO - Started process (PID=8736) to work on /home/airflow/.local/lib/python3.7/site-packages/airflow/example_dags/example_kubernetes_executor.py
[2022-11-08T14:53:37.616+0000] {processor.py:756} INFO - Processing file /home/airflow/.local/lib/python3.7/site-packages/airflow/example_dags/example_kubernetes_executor.py for tasks to queue
[2022-11-08T14:53:37.617+0000] {logging_mixin.py:120} INFO - [2022-11-08T14:53:37.617+0000] {dagbag.py:537} INFO - Filling up the DagBag from /home/airflow/.local/lib/python3.7/site-packages/airflow/example_dags/example_kubernetes_executor.py
[2022-11-08T14:53:37.645+0000] {processor.py:766} INFO - DAG(s) dict_keys(['example_kubernetes_executor']) retrieved from /home/airflow/.local/lib/python3.7/site-packages/airflow/example_dags/example_kubernetes_executor.py
[2022-11-08T14:53:37.692+0000] {logging_mixin.py:120} INFO - [2022-11-08T14:53:37.692+0000] {dag.py:2585} INFO - Sync 1 DAGs
[2022-11-08T14:53:37.716+0000] {logging_mixin.py:120} INFO - [2022-11-08T14:53:37.715+0000] {dag.py:3340} INFO - Setting next_dagrun for example_kubernetes_executor to None, run_after=None
[2022-11-08T14:53:37.736+0000] {processor.py:176} INFO - Processing /home/airflow/.local/lib/python3.7/site-packages/airflow/example_dags/example_kubernetes_executor.py took 0.124 seconds
[2022-11-08T14:54:08.328+0000] {processor.py:154} INFO - Started process (PID=8945) to work on /home/airflow/.local/lib/python3.7/site-packages/airflow/example_dags/example_kubernetes_executor.py
[2022-11-08T14:54:08.329+0000] {processor.py:756} INFO - Processing file /home/airflow/.local/lib/python3.7/site-packages/airflow/example_dags/example_kubernetes_executor.py for tasks to queue
[2022-11-08T14:54:08.329+0000] {logging_mixin.py:120} INFO - [2022-11-08T14:54:08.329+0000] {dagbag.py:537} INFO - Filling up the DagBag from /home/airflow/.local/lib/python3.7/site-packages/airflow/example_dags/example_kubernetes_executor.py
[2022-11-08T14:54:08.357+0000] {processor.py:766} INFO - DAG(s) dict_keys(['example_kubernetes_executor']) retrieved from /home/airflow/.local/lib/python3.7/site-packages/airflow/example_dags/example_kubernetes_executor.py
[2022-11-08T14:54:08.400+0000] {logging_mixin.py:120} INFO - [2022-11-08T14:54:08.400+0000] {dag.py:2585} INFO - Sync 1 DAGs
[2022-11-08T14:54:08.425+0000] {logging_mixin.py:120} INFO - [2022-11-08T14:54:08.425+0000] {dag.py:3340} INFO - Setting next_dagrun for example_kubernetes_executor to None, run_after=None
[2022-11-08T14:54:08.446+0000] {processor.py:176} INFO - Processing /home/airflow/.local/lib/python3.7/site-packages/airflow/example_dags/example_kubernetes_executor.py took 0.123 seconds
[2022-11-08T14:54:38.943+0000] {processor.py:154} INFO - Started process (PID=9150) to work on /home/airflow/.local/lib/python3.7/site-packages/airflow/example_dags/example_kubernetes_executor.py
[2022-11-08T14:54:38.944+0000] {processor.py:756} INFO - Processing file /home/airflow/.local/lib/python3.7/site-packages/airflow/example_dags/example_kubernetes_executor.py for tasks to queue
[2022-11-08T14:54:38.945+0000] {logging_mixin.py:120} INFO - [2022-11-08T14:54:38.945+0000] {dagbag.py:537} INFO - Filling up the DagBag from /home/airflow/.local/lib/python3.7/site-packages/airflow/example_dags/example_kubernetes_executor.py
[2022-11-08T14:54:38.980+0000] {processor.py:766} INFO - DAG(s) dict_keys(['example_kubernetes_executor']) retrieved from /home/airflow/.local/lib/python3.7/site-packages/airflow/example_dags/example_kubernetes_executor.py
[2022-11-08T14:54:39.041+0000] {logging_mixin.py:120} INFO - [2022-11-08T14:54:39.041+0000] {dag.py:2585} INFO - Sync 1 DAGs
[2022-11-08T14:54:39.072+0000] {logging_mixin.py:120} INFO - [2022-11-08T14:54:39.072+0000] {dag.py:3340} INFO - Setting next_dagrun for example_kubernetes_executor to None, run_after=None
[2022-11-08T14:54:39.089+0000] {processor.py:176} INFO - Processing /home/airflow/.local/lib/python3.7/site-packages/airflow/example_dags/example_kubernetes_executor.py took 0.151 seconds
[2022-11-08T14:55:09.178+0000] {processor.py:154} INFO - Started process (PID=9348) to work on /home/airflow/.local/lib/python3.7/site-packages/airflow/example_dags/example_kubernetes_executor.py
[2022-11-08T14:55:09.179+0000] {processor.py:756} INFO - Processing file /home/airflow/.local/lib/python3.7/site-packages/airflow/example_dags/example_kubernetes_executor.py for tasks to queue
[2022-11-08T14:55:09.180+0000] {logging_mixin.py:120} INFO - [2022-11-08T14:55:09.180+0000] {dagbag.py:537} INFO - Filling up the DagBag from /home/airflow/.local/lib/python3.7/site-packages/airflow/example_dags/example_kubernetes_executor.py
[2022-11-08T14:55:09.212+0000] {processor.py:766} INFO - DAG(s) dict_keys(['example_kubernetes_executor']) retrieved from /home/airflow/.local/lib/python3.7/site-packages/airflow/example_dags/example_kubernetes_executor.py
[2022-11-08T14:55:09.265+0000] {logging_mixin.py:120} INFO - [2022-11-08T14:55:09.264+0000] {dag.py:2585} INFO - Sync 1 DAGs
[2022-11-08T14:55:09.300+0000] {logging_mixin.py:120} INFO - [2022-11-08T14:55:09.300+0000] {dag.py:3340} INFO - Setting next_dagrun for example_kubernetes_executor to None, run_after=None
[2022-11-08T14:55:09.327+0000] {processor.py:176} INFO - Processing /home/airflow/.local/lib/python3.7/site-packages/airflow/example_dags/example_kubernetes_executor.py took 0.153 seconds
[2022-11-08T14:55:39.523+0000] {processor.py:154} INFO - Started process (PID=9555) to work on /home/airflow/.local/lib/python3.7/site-packages/airflow/example_dags/example_kubernetes_executor.py
[2022-11-08T14:55:39.524+0000] {processor.py:756} INFO - Processing file /home/airflow/.local/lib/python3.7/site-packages/airflow/example_dags/example_kubernetes_executor.py for tasks to queue
[2022-11-08T14:55:39.525+0000] {logging_mixin.py:120} INFO - [2022-11-08T14:55:39.525+0000] {dagbag.py:537} INFO - Filling up the DagBag from /home/airflow/.local/lib/python3.7/site-packages/airflow/example_dags/example_kubernetes_executor.py
[2022-11-08T14:55:39.562+0000] {processor.py:766} INFO - DAG(s) dict_keys(['example_kubernetes_executor']) retrieved from /home/airflow/.local/lib/python3.7/site-packages/airflow/example_dags/example_kubernetes_executor.py
[2022-11-08T14:55:39.615+0000] {logging_mixin.py:120} INFO - [2022-11-08T14:55:39.615+0000] {dag.py:2585} INFO - Sync 1 DAGs
[2022-11-08T14:55:39.648+0000] {logging_mixin.py:120} INFO - [2022-11-08T14:55:39.647+0000] {dag.py:3340} INFO - Setting next_dagrun for example_kubernetes_executor to None, run_after=None
[2022-11-08T14:55:39.698+0000] {processor.py:176} INFO - Processing /home/airflow/.local/lib/python3.7/site-packages/airflow/example_dags/example_kubernetes_executor.py took 0.180 seconds
[2022-11-08T14:56:09.911+0000] {processor.py:154} INFO - Started process (PID=9767) to work on /home/airflow/.local/lib/python3.7/site-packages/airflow/example_dags/example_kubernetes_executor.py
[2022-11-08T14:56:09.912+0000] {processor.py:756} INFO - Processing file /home/airflow/.local/lib/python3.7/site-packages/airflow/example_dags/example_kubernetes_executor.py for tasks to queue
[2022-11-08T14:56:09.913+0000] {logging_mixin.py:120} INFO - [2022-11-08T14:56:09.913+0000] {dagbag.py:537} INFO - Filling up the DagBag from /home/airflow/.local/lib/python3.7/site-packages/airflow/example_dags/example_kubernetes_executor.py
[2022-11-08T14:56:09.959+0000] {processor.py:766} INFO - DAG(s) dict_keys(['example_kubernetes_executor']) retrieved from /home/airflow/.local/lib/python3.7/site-packages/airflow/example_dags/example_kubernetes_executor.py
[2022-11-08T14:56:10.017+0000] {logging_mixin.py:120} INFO - [2022-11-08T14:56:10.016+0000] {dag.py:2585} INFO - Sync 1 DAGs
[2022-11-08T14:56:10.039+0000] {logging_mixin.py:120} INFO - [2022-11-08T14:56:10.039+0000] {dag.py:3340} INFO - Setting next_dagrun for example_kubernetes_executor to None, run_after=None
[2022-11-08T14:56:10.061+0000] {processor.py:176} INFO - Processing /home/airflow/.local/lib/python3.7/site-packages/airflow/example_dags/example_kubernetes_executor.py took 0.155 seconds
[2022-11-08T14:56:41.431+0000] {processor.py:154} INFO - Started process (PID=9975) to work on /home/airflow/.local/lib/python3.7/site-packages/airflow/example_dags/example_kubernetes_executor.py
[2022-11-08T14:56:41.432+0000] {processor.py:756} INFO - Processing file /home/airflow/.local/lib/python3.7/site-packages/airflow/example_dags/example_kubernetes_executor.py for tasks to queue
[2022-11-08T14:56:41.433+0000] {logging_mixin.py:120} INFO - [2022-11-08T14:56:41.433+0000] {dagbag.py:537} INFO - Filling up the DagBag from /home/airflow/.local/lib/python3.7/site-packages/airflow/example_dags/example_kubernetes_executor.py
[2022-11-08T14:56:41.467+0000] {processor.py:766} INFO - DAG(s) dict_keys(['example_kubernetes_executor']) retrieved from /home/airflow/.local/lib/python3.7/site-packages/airflow/example_dags/example_kubernetes_executor.py
[2022-11-08T14:56:41.518+0000] {logging_mixin.py:120} INFO - [2022-11-08T14:56:41.518+0000] {dag.py:2585} INFO - Sync 1 DAGs
[2022-11-08T14:56:41.549+0000] {logging_mixin.py:120} INFO - [2022-11-08T14:56:41.549+0000] {dag.py:3340} INFO - Setting next_dagrun for example_kubernetes_executor to None, run_after=None
[2022-11-08T14:56:41.580+0000] {processor.py:176} INFO - Processing /home/airflow/.local/lib/python3.7/site-packages/airflow/example_dags/example_kubernetes_executor.py took 0.155 seconds
[2022-11-08T14:57:11.688+0000] {processor.py:154} INFO - Started process (PID=10175) to work on /home/airflow/.local/lib/python3.7/site-packages/airflow/example_dags/example_kubernetes_executor.py
[2022-11-08T14:57:11.689+0000] {processor.py:756} INFO - Processing file /home/airflow/.local/lib/python3.7/site-packages/airflow/example_dags/example_kubernetes_executor.py for tasks to queue
[2022-11-08T14:57:11.689+0000] {logging_mixin.py:120} INFO - [2022-11-08T14:57:11.689+0000] {dagbag.py:537} INFO - Filling up the DagBag from /home/airflow/.local/lib/python3.7/site-packages/airflow/example_dags/example_kubernetes_executor.py
[2022-11-08T14:57:11.718+0000] {processor.py:766} INFO - DAG(s) dict_keys(['example_kubernetes_executor']) retrieved from /home/airflow/.local/lib/python3.7/site-packages/airflow/example_dags/example_kubernetes_executor.py
[2022-11-08T14:57:11.763+0000] {logging_mixin.py:120} INFO - [2022-11-08T14:57:11.762+0000] {dag.py:2585} INFO - Sync 1 DAGs
[2022-11-08T14:57:11.785+0000] {logging_mixin.py:120} INFO - [2022-11-08T14:57:11.785+0000] {dag.py:3340} INFO - Setting next_dagrun for example_kubernetes_executor to None, run_after=None
[2022-11-08T14:57:11.805+0000] {processor.py:176} INFO - Processing /home/airflow/.local/lib/python3.7/site-packages/airflow/example_dags/example_kubernetes_executor.py took 0.121 seconds
[2022-11-08T14:57:42.764+0000] {processor.py:154} INFO - Started process (PID=10380) to work on /home/airflow/.local/lib/python3.7/site-packages/airflow/example_dags/example_kubernetes_executor.py
[2022-11-08T14:57:42.765+0000] {processor.py:756} INFO - Processing file /home/airflow/.local/lib/python3.7/site-packages/airflow/example_dags/example_kubernetes_executor.py for tasks to queue
[2022-11-08T14:57:42.766+0000] {logging_mixin.py:120} INFO - [2022-11-08T14:57:42.765+0000] {dagbag.py:537} INFO - Filling up the DagBag from /home/airflow/.local/lib/python3.7/site-packages/airflow/example_dags/example_kubernetes_executor.py
[2022-11-08T14:57:42.795+0000] {processor.py:766} INFO - DAG(s) dict_keys(['example_kubernetes_executor']) retrieved from /home/airflow/.local/lib/python3.7/site-packages/airflow/example_dags/example_kubernetes_executor.py
[2022-11-08T14:57:42.845+0000] {logging_mixin.py:120} INFO - [2022-11-08T14:57:42.844+0000] {dag.py:2585} INFO - Sync 1 DAGs
[2022-11-08T14:57:42.871+0000] {logging_mixin.py:120} INFO - [2022-11-08T14:57:42.870+0000] {dag.py:3340} INFO - Setting next_dagrun for example_kubernetes_executor to None, run_after=None
[2022-11-08T14:57:42.893+0000] {processor.py:176} INFO - Processing /home/airflow/.local/lib/python3.7/site-packages/airflow/example_dags/example_kubernetes_executor.py took 0.132 seconds
[2022-11-08T14:58:12.976+0000] {processor.py:154} INFO - Started process (PID=10587) to work on /home/airflow/.local/lib/python3.7/site-packages/airflow/example_dags/example_kubernetes_executor.py
[2022-11-08T14:58:12.977+0000] {processor.py:756} INFO - Processing file /home/airflow/.local/lib/python3.7/site-packages/airflow/example_dags/example_kubernetes_executor.py for tasks to queue
[2022-11-08T14:58:12.977+0000] {logging_mixin.py:120} INFO - [2022-11-08T14:58:12.977+0000] {dagbag.py:537} INFO - Filling up the DagBag from /home/airflow/.local/lib/python3.7/site-packages/airflow/example_dags/example_kubernetes_executor.py
[2022-11-08T14:58:13.006+0000] {processor.py:766} INFO - DAG(s) dict_keys(['example_kubernetes_executor']) retrieved from /home/airflow/.local/lib/python3.7/site-packages/airflow/example_dags/example_kubernetes_executor.py
[2022-11-08T14:58:13.046+0000] {logging_mixin.py:120} INFO - [2022-11-08T14:58:13.046+0000] {dag.py:2585} INFO - Sync 1 DAGs
[2022-11-08T14:58:13.069+0000] {logging_mixin.py:120} INFO - [2022-11-08T14:58:13.069+0000] {dag.py:3340} INFO - Setting next_dagrun for example_kubernetes_executor to None, run_after=None
[2022-11-08T14:58:13.097+0000] {processor.py:176} INFO - Processing /home/airflow/.local/lib/python3.7/site-packages/airflow/example_dags/example_kubernetes_executor.py took 0.127 seconds
[2022-11-08T14:58:43.230+0000] {processor.py:154} INFO - Started process (PID=10785) to work on /home/airflow/.local/lib/python3.7/site-packages/airflow/example_dags/example_kubernetes_executor.py
[2022-11-08T14:58:43.231+0000] {processor.py:756} INFO - Processing file /home/airflow/.local/lib/python3.7/site-packages/airflow/example_dags/example_kubernetes_executor.py for tasks to queue
[2022-11-08T14:58:43.232+0000] {logging_mixin.py:120} INFO - [2022-11-08T14:58:43.232+0000] {dagbag.py:537} INFO - Filling up the DagBag from /home/airflow/.local/lib/python3.7/site-packages/airflow/example_dags/example_kubernetes_executor.py
[2022-11-08T14:58:43.261+0000] {processor.py:766} INFO - DAG(s) dict_keys(['example_kubernetes_executor']) retrieved from /home/airflow/.local/lib/python3.7/site-packages/airflow/example_dags/example_kubernetes_executor.py
[2022-11-08T14:58:43.309+0000] {logging_mixin.py:120} INFO - [2022-11-08T14:58:43.308+0000] {dag.py:2585} INFO - Sync 1 DAGs
[2022-11-08T14:58:43.336+0000] {logging_mixin.py:120} INFO - [2022-11-08T14:58:43.336+0000] {dag.py:3340} INFO - Setting next_dagrun for example_kubernetes_executor to None, run_after=None
[2022-11-08T14:58:43.355+0000] {processor.py:176} INFO - Processing /home/airflow/.local/lib/python3.7/site-packages/airflow/example_dags/example_kubernetes_executor.py took 0.129 seconds
[2022-11-08T14:59:13.577+0000] {processor.py:154} INFO - Started process (PID=10989) to work on /home/airflow/.local/lib/python3.7/site-packages/airflow/example_dags/example_kubernetes_executor.py
[2022-11-08T14:59:13.578+0000] {processor.py:756} INFO - Processing file /home/airflow/.local/lib/python3.7/site-packages/airflow/example_dags/example_kubernetes_executor.py for tasks to queue
[2022-11-08T14:59:13.579+0000] {logging_mixin.py:120} INFO - [2022-11-08T14:59:13.579+0000] {dagbag.py:537} INFO - Filling up the DagBag from /home/airflow/.local/lib/python3.7/site-packages/airflow/example_dags/example_kubernetes_executor.py
[2022-11-08T14:59:13.607+0000] {processor.py:766} INFO - DAG(s) dict_keys(['example_kubernetes_executor']) retrieved from /home/airflow/.local/lib/python3.7/site-packages/airflow/example_dags/example_kubernetes_executor.py
[2022-11-08T14:59:13.653+0000] {logging_mixin.py:120} INFO - [2022-11-08T14:59:13.653+0000] {dag.py:2585} INFO - Sync 1 DAGs
[2022-11-08T14:59:13.680+0000] {logging_mixin.py:120} INFO - [2022-11-08T14:59:13.680+0000] {dag.py:3340} INFO - Setting next_dagrun for example_kubernetes_executor to None, run_after=None
[2022-11-08T14:59:13.702+0000] {processor.py:176} INFO - Processing /home/airflow/.local/lib/python3.7/site-packages/airflow/example_dags/example_kubernetes_executor.py took 0.128 seconds
[2022-11-08T14:59:43.874+0000] {processor.py:154} INFO - Started process (PID=11196) to work on /home/airflow/.local/lib/python3.7/site-packages/airflow/example_dags/example_kubernetes_executor.py
[2022-11-08T14:59:43.876+0000] {processor.py:756} INFO - Processing file /home/airflow/.local/lib/python3.7/site-packages/airflow/example_dags/example_kubernetes_executor.py for tasks to queue
[2022-11-08T14:59:43.876+0000] {logging_mixin.py:120} INFO - [2022-11-08T14:59:43.876+0000] {dagbag.py:537} INFO - Filling up the DagBag from /home/airflow/.local/lib/python3.7/site-packages/airflow/example_dags/example_kubernetes_executor.py
[2022-11-08T14:59:43.902+0000] {processor.py:766} INFO - DAG(s) dict_keys(['example_kubernetes_executor']) retrieved from /home/airflow/.local/lib/python3.7/site-packages/airflow/example_dags/example_kubernetes_executor.py
[2022-11-08T14:59:43.943+0000] {logging_mixin.py:120} INFO - [2022-11-08T14:59:43.942+0000] {dag.py:2585} INFO - Sync 1 DAGs
[2022-11-08T14:59:43.967+0000] {logging_mixin.py:120} INFO - [2022-11-08T14:59:43.967+0000] {dag.py:3340} INFO - Setting next_dagrun for example_kubernetes_executor to None, run_after=None
[2022-11-08T14:59:43.993+0000] {processor.py:176} INFO - Processing /home/airflow/.local/lib/python3.7/site-packages/airflow/example_dags/example_kubernetes_executor.py took 0.122 seconds
[2022-11-08T15:00:14.244+0000] {processor.py:154} INFO - Started process (PID=11401) to work on /home/airflow/.local/lib/python3.7/site-packages/airflow/example_dags/example_kubernetes_executor.py
[2022-11-08T15:00:14.245+0000] {processor.py:756} INFO - Processing file /home/airflow/.local/lib/python3.7/site-packages/airflow/example_dags/example_kubernetes_executor.py for tasks to queue
[2022-11-08T15:00:14.246+0000] {logging_mixin.py:120} INFO - [2022-11-08T15:00:14.246+0000] {dagbag.py:537} INFO - Filling up the DagBag from /home/airflow/.local/lib/python3.7/site-packages/airflow/example_dags/example_kubernetes_executor.py
[2022-11-08T15:00:14.279+0000] {processor.py:766} INFO - DAG(s) dict_keys(['example_kubernetes_executor']) retrieved from /home/airflow/.local/lib/python3.7/site-packages/airflow/example_dags/example_kubernetes_executor.py
[2022-11-08T15:00:14.323+0000] {logging_mixin.py:120} INFO - [2022-11-08T15:00:14.323+0000] {dag.py:2585} INFO - Sync 1 DAGs
[2022-11-08T15:00:14.356+0000] {logging_mixin.py:120} INFO - [2022-11-08T15:00:14.356+0000] {dag.py:3340} INFO - Setting next_dagrun for example_kubernetes_executor to None, run_after=None
[2022-11-08T15:00:14.412+0000] {processor.py:176} INFO - Processing /home/airflow/.local/lib/python3.7/site-packages/airflow/example_dags/example_kubernetes_executor.py took 0.172 seconds
[2022-11-08T15:00:44.484+0000] {processor.py:154} INFO - Started process (PID=11599) to work on /home/airflow/.local/lib/python3.7/site-packages/airflow/example_dags/example_kubernetes_executor.py
[2022-11-08T15:00:44.486+0000] {processor.py:756} INFO - Processing file /home/airflow/.local/lib/python3.7/site-packages/airflow/example_dags/example_kubernetes_executor.py for tasks to queue
[2022-11-08T15:00:44.487+0000] {logging_mixin.py:120} INFO - [2022-11-08T15:00:44.486+0000] {dagbag.py:537} INFO - Filling up the DagBag from /home/airflow/.local/lib/python3.7/site-packages/airflow/example_dags/example_kubernetes_executor.py
[2022-11-08T15:00:44.516+0000] {processor.py:766} INFO - DAG(s) dict_keys(['example_kubernetes_executor']) retrieved from /home/airflow/.local/lib/python3.7/site-packages/airflow/example_dags/example_kubernetes_executor.py
[2022-11-08T15:00:44.568+0000] {logging_mixin.py:120} INFO - [2022-11-08T15:00:44.568+0000] {dag.py:2585} INFO - Sync 1 DAGs
[2022-11-08T15:00:44.600+0000] {logging_mixin.py:120} INFO - [2022-11-08T15:00:44.599+0000] {dag.py:3340} INFO - Setting next_dagrun for example_kubernetes_executor to None, run_after=None
[2022-11-08T15:00:44.621+0000] {processor.py:176} INFO - Processing /home/airflow/.local/lib/python3.7/site-packages/airflow/example_dags/example_kubernetes_executor.py took 0.140 seconds
[2022-11-08T15:01:14.852+0000] {processor.py:154} INFO - Started process (PID=11807) to work on /home/airflow/.local/lib/python3.7/site-packages/airflow/example_dags/example_kubernetes_executor.py
[2022-11-08T15:01:14.854+0000] {processor.py:756} INFO - Processing file /home/airflow/.local/lib/python3.7/site-packages/airflow/example_dags/example_kubernetes_executor.py for tasks to queue
[2022-11-08T15:01:14.855+0000] {logging_mixin.py:120} INFO - [2022-11-08T15:01:14.855+0000] {dagbag.py:537} INFO - Filling up the DagBag from /home/airflow/.local/lib/python3.7/site-packages/airflow/example_dags/example_kubernetes_executor.py
[2022-11-08T15:01:14.888+0000] {processor.py:766} INFO - DAG(s) dict_keys(['example_kubernetes_executor']) retrieved from /home/airflow/.local/lib/python3.7/site-packages/airflow/example_dags/example_kubernetes_executor.py
[2022-11-08T15:01:14.937+0000] {logging_mixin.py:120} INFO - [2022-11-08T15:01:14.937+0000] {dag.py:2585} INFO - Sync 1 DAGs
[2022-11-08T15:01:14.969+0000] {logging_mixin.py:120} INFO - [2022-11-08T15:01:14.969+0000] {dag.py:3340} INFO - Setting next_dagrun for example_kubernetes_executor to None, run_after=None
[2022-11-08T15:01:14.993+0000] {processor.py:176} INFO - Processing /home/airflow/.local/lib/python3.7/site-packages/airflow/example_dags/example_kubernetes_executor.py took 0.146 seconds
