[2022-11-08T14:25:00.580+0000] {processor.py:154} INFO - Started process (PID=61) to work on /home/airflow/.local/lib/python3.7/site-packages/airflow/example_dags/example_branch_operator.py
[2022-11-08T14:25:00.581+0000] {processor.py:756} INFO - Processing file /home/airflow/.local/lib/python3.7/site-packages/airflow/example_dags/example_branch_operator.py for tasks to queue
[2022-11-08T14:25:00.582+0000] {logging_mixin.py:120} INFO - [2022-11-08T14:25:00.582+0000] {dagbag.py:537} INFO - Filling up the DagBag from /home/airflow/.local/lib/python3.7/site-packages/airflow/example_dags/example_branch_operator.py
[2022-11-08T14:25:00.599+0000] {processor.py:766} INFO - DAG(s) dict_keys(['example_branch_operator']) retrieved from /home/airflow/.local/lib/python3.7/site-packages/airflow/example_dags/example_branch_operator.py
[2022-11-08T14:25:00.621+0000] {logging_mixin.py:120} INFO - [2022-11-08T14:25:00.621+0000] {dag.py:2585} INFO - Sync 1 DAGs
[2022-11-08T14:25:00.652+0000] {logging_mixin.py:120} INFO - [2022-11-08T14:25:00.652+0000] {dag.py:3340} INFO - Setting next_dagrun for example_branch_operator to 2022-11-07T00:00:00+00:00, run_after=2022-11-08T00:00:00+00:00
[2022-11-08T14:25:00.698+0000] {processor.py:176} INFO - Processing /home/airflow/.local/lib/python3.7/site-packages/airflow/example_dags/example_branch_operator.py took 0.121 seconds
[2022-11-08T14:25:31.472+0000] {processor.py:154} INFO - Started process (PID=124) to work on /home/airflow/.local/lib/python3.7/site-packages/airflow/example_dags/example_branch_operator.py
[2022-11-08T14:25:31.474+0000] {processor.py:756} INFO - Processing file /home/airflow/.local/lib/python3.7/site-packages/airflow/example_dags/example_branch_operator.py for tasks to queue
[2022-11-08T14:25:31.475+0000] {logging_mixin.py:120} INFO - [2022-11-08T14:25:31.475+0000] {dagbag.py:537} INFO - Filling up the DagBag from /home/airflow/.local/lib/python3.7/site-packages/airflow/example_dags/example_branch_operator.py
[2022-11-08T14:25:31.492+0000] {processor.py:766} INFO - DAG(s) dict_keys(['example_branch_operator']) retrieved from /home/airflow/.local/lib/python3.7/site-packages/airflow/example_dags/example_branch_operator.py
[2022-11-08T14:25:31.533+0000] {logging_mixin.py:120} INFO - [2022-11-08T14:25:31.533+0000] {dag.py:2585} INFO - Sync 1 DAGs
[2022-11-08T14:25:31.556+0000] {logging_mixin.py:120} INFO - [2022-11-08T14:25:31.556+0000] {dag.py:3340} INFO - Setting next_dagrun for example_branch_operator to 2022-11-07T00:00:00+00:00, run_after=2022-11-08T00:00:00+00:00
[2022-11-08T14:25:31.575+0000] {processor.py:176} INFO - Processing /home/airflow/.local/lib/python3.7/site-packages/airflow/example_dags/example_branch_operator.py took 0.107 seconds
[2022-11-08T14:26:02.236+0000] {processor.py:154} INFO - Started process (PID=188) to work on /home/airflow/.local/lib/python3.7/site-packages/airflow/example_dags/example_branch_operator.py
[2022-11-08T14:26:02.237+0000] {processor.py:756} INFO - Processing file /home/airflow/.local/lib/python3.7/site-packages/airflow/example_dags/example_branch_operator.py for tasks to queue
[2022-11-08T14:26:02.238+0000] {logging_mixin.py:120} INFO - [2022-11-08T14:26:02.238+0000] {dagbag.py:537} INFO - Filling up the DagBag from /home/airflow/.local/lib/python3.7/site-packages/airflow/example_dags/example_branch_operator.py
[2022-11-08T14:26:02.255+0000] {processor.py:766} INFO - DAG(s) dict_keys(['example_branch_operator']) retrieved from /home/airflow/.local/lib/python3.7/site-packages/airflow/example_dags/example_branch_operator.py
[2022-11-08T14:26:02.292+0000] {logging_mixin.py:120} INFO - [2022-11-08T14:26:02.292+0000] {dag.py:2585} INFO - Sync 1 DAGs
[2022-11-08T14:26:02.315+0000] {logging_mixin.py:120} INFO - [2022-11-08T14:26:02.315+0000] {dag.py:3340} INFO - Setting next_dagrun for example_branch_operator to 2022-11-07T00:00:00+00:00, run_after=2022-11-08T00:00:00+00:00
[2022-11-08T14:26:02.331+0000] {processor.py:176} INFO - Processing /home/airflow/.local/lib/python3.7/site-packages/airflow/example_dags/example_branch_operator.py took 0.100 seconds
[2022-11-08T14:26:32.865+0000] {processor.py:154} INFO - Started process (PID=251) to work on /home/airflow/.local/lib/python3.7/site-packages/airflow/example_dags/example_branch_operator.py
[2022-11-08T14:26:32.866+0000] {processor.py:756} INFO - Processing file /home/airflow/.local/lib/python3.7/site-packages/airflow/example_dags/example_branch_operator.py for tasks to queue
[2022-11-08T14:26:32.866+0000] {logging_mixin.py:120} INFO - [2022-11-08T14:26:32.866+0000] {dagbag.py:537} INFO - Filling up the DagBag from /home/airflow/.local/lib/python3.7/site-packages/airflow/example_dags/example_branch_operator.py
[2022-11-08T14:26:32.884+0000] {processor.py:766} INFO - DAG(s) dict_keys(['example_branch_operator']) retrieved from /home/airflow/.local/lib/python3.7/site-packages/airflow/example_dags/example_branch_operator.py
[2022-11-08T14:26:32.923+0000] {logging_mixin.py:120} INFO - [2022-11-08T14:26:32.922+0000] {dag.py:2585} INFO - Sync 1 DAGs
[2022-11-08T14:26:32.947+0000] {logging_mixin.py:120} INFO - [2022-11-08T14:26:32.947+0000] {dag.py:3340} INFO - Setting next_dagrun for example_branch_operator to 2022-11-07T00:00:00+00:00, run_after=2022-11-08T00:00:00+00:00
[2022-11-08T14:26:32.969+0000] {processor.py:176} INFO - Processing /home/airflow/.local/lib/python3.7/site-packages/airflow/example_dags/example_branch_operator.py took 0.108 seconds
[2022-11-08T14:27:03.600+0000] {processor.py:154} INFO - Started process (PID=312) to work on /home/airflow/.local/lib/python3.7/site-packages/airflow/example_dags/example_branch_operator.py
[2022-11-08T14:27:03.601+0000] {processor.py:756} INFO - Processing file /home/airflow/.local/lib/python3.7/site-packages/airflow/example_dags/example_branch_operator.py for tasks to queue
[2022-11-08T14:27:03.602+0000] {logging_mixin.py:120} INFO - [2022-11-08T14:27:03.602+0000] {dagbag.py:537} INFO - Filling up the DagBag from /home/airflow/.local/lib/python3.7/site-packages/airflow/example_dags/example_branch_operator.py
[2022-11-08T14:27:03.621+0000] {processor.py:766} INFO - DAG(s) dict_keys(['example_branch_operator']) retrieved from /home/airflow/.local/lib/python3.7/site-packages/airflow/example_dags/example_branch_operator.py
[2022-11-08T14:27:03.662+0000] {logging_mixin.py:120} INFO - [2022-11-08T14:27:03.662+0000] {dag.py:2585} INFO - Sync 1 DAGs
[2022-11-08T14:27:03.688+0000] {logging_mixin.py:120} INFO - [2022-11-08T14:27:03.688+0000] {dag.py:3340} INFO - Setting next_dagrun for example_branch_operator to 2022-11-07T00:00:00+00:00, run_after=2022-11-08T00:00:00+00:00
[2022-11-08T14:27:03.709+0000] {processor.py:176} INFO - Processing /home/airflow/.local/lib/python3.7/site-packages/airflow/example_dags/example_branch_operator.py took 0.113 seconds
[2022-11-08T14:27:34.592+0000] {processor.py:154} INFO - Started process (PID=368) to work on /home/airflow/.local/lib/python3.7/site-packages/airflow/example_dags/example_branch_operator.py
[2022-11-08T14:27:34.592+0000] {processor.py:756} INFO - Processing file /home/airflow/.local/lib/python3.7/site-packages/airflow/example_dags/example_branch_operator.py for tasks to queue
[2022-11-08T14:27:34.593+0000] {logging_mixin.py:120} INFO - [2022-11-08T14:27:34.593+0000] {dagbag.py:537} INFO - Filling up the DagBag from /home/airflow/.local/lib/python3.7/site-packages/airflow/example_dags/example_branch_operator.py
[2022-11-08T14:27:34.609+0000] {processor.py:766} INFO - DAG(s) dict_keys(['example_branch_operator']) retrieved from /home/airflow/.local/lib/python3.7/site-packages/airflow/example_dags/example_branch_operator.py
[2022-11-08T14:27:34.647+0000] {logging_mixin.py:120} INFO - [2022-11-08T14:27:34.647+0000] {dag.py:2585} INFO - Sync 1 DAGs
[2022-11-08T14:27:34.670+0000] {logging_mixin.py:120} INFO - [2022-11-08T14:27:34.670+0000] {dag.py:3340} INFO - Setting next_dagrun for example_branch_operator to 2022-11-07T00:00:00+00:00, run_after=2022-11-08T00:00:00+00:00
[2022-11-08T14:27:34.688+0000] {processor.py:176} INFO - Processing /home/airflow/.local/lib/python3.7/site-packages/airflow/example_dags/example_branch_operator.py took 0.100 seconds
[2022-11-08T14:28:05.127+0000] {processor.py:154} INFO - Started process (PID=432) to work on /home/airflow/.local/lib/python3.7/site-packages/airflow/example_dags/example_branch_operator.py
[2022-11-08T14:28:05.128+0000] {processor.py:756} INFO - Processing file /home/airflow/.local/lib/python3.7/site-packages/airflow/example_dags/example_branch_operator.py for tasks to queue
[2022-11-08T14:28:05.129+0000] {logging_mixin.py:120} INFO - [2022-11-08T14:28:05.129+0000] {dagbag.py:537} INFO - Filling up the DagBag from /home/airflow/.local/lib/python3.7/site-packages/airflow/example_dags/example_branch_operator.py
[2022-11-08T14:28:05.143+0000] {processor.py:766} INFO - DAG(s) dict_keys(['example_branch_operator']) retrieved from /home/airflow/.local/lib/python3.7/site-packages/airflow/example_dags/example_branch_operator.py
[2022-11-08T14:28:05.181+0000] {logging_mixin.py:120} INFO - [2022-11-08T14:28:05.181+0000] {dag.py:2585} INFO - Sync 1 DAGs
[2022-11-08T14:28:05.202+0000] {logging_mixin.py:120} INFO - [2022-11-08T14:28:05.202+0000] {dag.py:3340} INFO - Setting next_dagrun for example_branch_operator to 2022-11-07T00:00:00+00:00, run_after=2022-11-08T00:00:00+00:00
[2022-11-08T14:28:05.219+0000] {processor.py:176} INFO - Processing /home/airflow/.local/lib/python3.7/site-packages/airflow/example_dags/example_branch_operator.py took 0.095 seconds
[2022-11-08T14:28:36.070+0000] {processor.py:154} INFO - Started process (PID=495) to work on /home/airflow/.local/lib/python3.7/site-packages/airflow/example_dags/example_branch_operator.py
[2022-11-08T14:28:36.071+0000] {processor.py:756} INFO - Processing file /home/airflow/.local/lib/python3.7/site-packages/airflow/example_dags/example_branch_operator.py for tasks to queue
[2022-11-08T14:28:36.072+0000] {logging_mixin.py:120} INFO - [2022-11-08T14:28:36.071+0000] {dagbag.py:537} INFO - Filling up the DagBag from /home/airflow/.local/lib/python3.7/site-packages/airflow/example_dags/example_branch_operator.py
[2022-11-08T14:28:36.091+0000] {processor.py:766} INFO - DAG(s) dict_keys(['example_branch_operator']) retrieved from /home/airflow/.local/lib/python3.7/site-packages/airflow/example_dags/example_branch_operator.py
[2022-11-08T14:28:36.144+0000] {logging_mixin.py:120} INFO - [2022-11-08T14:28:36.143+0000] {dag.py:2585} INFO - Sync 1 DAGs
[2022-11-08T14:28:36.177+0000] {logging_mixin.py:120} INFO - [2022-11-08T14:28:36.177+0000] {dag.py:3340} INFO - Setting next_dagrun for example_branch_operator to 2022-11-07T00:00:00+00:00, run_after=2022-11-08T00:00:00+00:00
[2022-11-08T14:28:36.200+0000] {processor.py:176} INFO - Processing /home/airflow/.local/lib/python3.7/site-packages/airflow/example_dags/example_branch_operator.py took 0.135 seconds
[2022-11-08T14:29:06.643+0000] {processor.py:154} INFO - Started process (PID=558) to work on /home/airflow/.local/lib/python3.7/site-packages/airflow/example_dags/example_branch_operator.py
[2022-11-08T14:29:06.644+0000] {processor.py:756} INFO - Processing file /home/airflow/.local/lib/python3.7/site-packages/airflow/example_dags/example_branch_operator.py for tasks to queue
[2022-11-08T14:29:06.645+0000] {logging_mixin.py:120} INFO - [2022-11-08T14:29:06.645+0000] {dagbag.py:537} INFO - Filling up the DagBag from /home/airflow/.local/lib/python3.7/site-packages/airflow/example_dags/example_branch_operator.py
[2022-11-08T14:29:06.664+0000] {processor.py:766} INFO - DAG(s) dict_keys(['example_branch_operator']) retrieved from /home/airflow/.local/lib/python3.7/site-packages/airflow/example_dags/example_branch_operator.py
[2022-11-08T14:29:06.701+0000] {logging_mixin.py:120} INFO - [2022-11-08T14:29:06.701+0000] {dag.py:2585} INFO - Sync 1 DAGs
[2022-11-08T14:29:06.724+0000] {logging_mixin.py:120} INFO - [2022-11-08T14:29:06.724+0000] {dag.py:3340} INFO - Setting next_dagrun for example_branch_operator to 2022-11-07T00:00:00+00:00, run_after=2022-11-08T00:00:00+00:00
[2022-11-08T14:29:06.745+0000] {processor.py:176} INFO - Processing /home/airflow/.local/lib/python3.7/site-packages/airflow/example_dags/example_branch_operator.py took 0.106 seconds
[2022-11-08T14:29:37.187+0000] {processor.py:154} INFO - Started process (PID=612) to work on /home/airflow/.local/lib/python3.7/site-packages/airflow/example_dags/example_branch_operator.py
[2022-11-08T14:29:37.188+0000] {processor.py:756} INFO - Processing file /home/airflow/.local/lib/python3.7/site-packages/airflow/example_dags/example_branch_operator.py for tasks to queue
[2022-11-08T14:29:37.189+0000] {logging_mixin.py:120} INFO - [2022-11-08T14:29:37.189+0000] {dagbag.py:537} INFO - Filling up the DagBag from /home/airflow/.local/lib/python3.7/site-packages/airflow/example_dags/example_branch_operator.py
[2022-11-08T14:29:37.204+0000] {processor.py:766} INFO - DAG(s) dict_keys(['example_branch_operator']) retrieved from /home/airflow/.local/lib/python3.7/site-packages/airflow/example_dags/example_branch_operator.py
[2022-11-08T14:29:37.246+0000] {logging_mixin.py:120} INFO - [2022-11-08T14:29:37.246+0000] {dag.py:2585} INFO - Sync 1 DAGs
[2022-11-08T14:29:37.268+0000] {logging_mixin.py:120} INFO - [2022-11-08T14:29:37.268+0000] {dag.py:3340} INFO - Setting next_dagrun for example_branch_operator to 2022-11-07T00:00:00+00:00, run_after=2022-11-08T00:00:00+00:00
[2022-11-08T14:29:37.284+0000] {processor.py:176} INFO - Processing /home/airflow/.local/lib/python3.7/site-packages/airflow/example_dags/example_branch_operator.py took 0.100 seconds
[2022-11-08T14:30:07.692+0000] {processor.py:154} INFO - Started process (PID=675) to work on /home/airflow/.local/lib/python3.7/site-packages/airflow/example_dags/example_branch_operator.py
[2022-11-08T14:30:07.693+0000] {processor.py:756} INFO - Processing file /home/airflow/.local/lib/python3.7/site-packages/airflow/example_dags/example_branch_operator.py for tasks to queue
[2022-11-08T14:30:07.694+0000] {logging_mixin.py:120} INFO - [2022-11-08T14:30:07.694+0000] {dagbag.py:537} INFO - Filling up the DagBag from /home/airflow/.local/lib/python3.7/site-packages/airflow/example_dags/example_branch_operator.py
[2022-11-08T14:30:07.710+0000] {processor.py:766} INFO - DAG(s) dict_keys(['example_branch_operator']) retrieved from /home/airflow/.local/lib/python3.7/site-packages/airflow/example_dags/example_branch_operator.py
[2022-11-08T14:30:07.752+0000] {logging_mixin.py:120} INFO - [2022-11-08T14:30:07.751+0000] {dag.py:2585} INFO - Sync 1 DAGs
[2022-11-08T14:30:07.772+0000] {logging_mixin.py:120} INFO - [2022-11-08T14:30:07.772+0000] {dag.py:3340} INFO - Setting next_dagrun for example_branch_operator to 2022-11-07T00:00:00+00:00, run_after=2022-11-08T00:00:00+00:00
[2022-11-08T14:30:07.789+0000] {processor.py:176} INFO - Processing /home/airflow/.local/lib/python3.7/site-packages/airflow/example_dags/example_branch_operator.py took 0.100 seconds
[2022-11-08T14:30:38.306+0000] {processor.py:154} INFO - Started process (PID=739) to work on /home/airflow/.local/lib/python3.7/site-packages/airflow/example_dags/example_branch_operator.py
[2022-11-08T14:30:38.307+0000] {processor.py:756} INFO - Processing file /home/airflow/.local/lib/python3.7/site-packages/airflow/example_dags/example_branch_operator.py for tasks to queue
[2022-11-08T14:30:38.308+0000] {logging_mixin.py:120} INFO - [2022-11-08T14:30:38.307+0000] {dagbag.py:537} INFO - Filling up the DagBag from /home/airflow/.local/lib/python3.7/site-packages/airflow/example_dags/example_branch_operator.py
[2022-11-08T14:30:38.328+0000] {processor.py:766} INFO - DAG(s) dict_keys(['example_branch_operator']) retrieved from /home/airflow/.local/lib/python3.7/site-packages/airflow/example_dags/example_branch_operator.py
[2022-11-08T14:30:38.380+0000] {logging_mixin.py:120} INFO - [2022-11-08T14:30:38.380+0000] {dag.py:2585} INFO - Sync 1 DAGs
[2022-11-08T14:30:38.406+0000] {logging_mixin.py:120} INFO - [2022-11-08T14:30:38.406+0000] {dag.py:3340} INFO - Setting next_dagrun for example_branch_operator to 2022-11-07T00:00:00+00:00, run_after=2022-11-08T00:00:00+00:00
[2022-11-08T14:30:38.435+0000] {processor.py:176} INFO - Processing /home/airflow/.local/lib/python3.7/site-packages/airflow/example_dags/example_branch_operator.py took 0.133 seconds
[2022-11-08T14:31:09.205+0000] {processor.py:154} INFO - Started process (PID=802) to work on /home/airflow/.local/lib/python3.7/site-packages/airflow/example_dags/example_branch_operator.py
[2022-11-08T14:31:09.206+0000] {processor.py:756} INFO - Processing file /home/airflow/.local/lib/python3.7/site-packages/airflow/example_dags/example_branch_operator.py for tasks to queue
[2022-11-08T14:31:09.206+0000] {logging_mixin.py:120} INFO - [2022-11-08T14:31:09.206+0000] {dagbag.py:537} INFO - Filling up the DagBag from /home/airflow/.local/lib/python3.7/site-packages/airflow/example_dags/example_branch_operator.py
[2022-11-08T14:31:09.222+0000] {processor.py:766} INFO - DAG(s) dict_keys(['example_branch_operator']) retrieved from /home/airflow/.local/lib/python3.7/site-packages/airflow/example_dags/example_branch_operator.py
[2022-11-08T14:31:09.261+0000] {logging_mixin.py:120} INFO - [2022-11-08T14:31:09.261+0000] {dag.py:2585} INFO - Sync 1 DAGs
[2022-11-08T14:31:09.287+0000] {logging_mixin.py:120} INFO - [2022-11-08T14:31:09.287+0000] {dag.py:3340} INFO - Setting next_dagrun for example_branch_operator to 2022-11-07T00:00:00+00:00, run_after=2022-11-08T00:00:00+00:00
[2022-11-08T14:31:09.306+0000] {processor.py:176} INFO - Processing /home/airflow/.local/lib/python3.7/site-packages/airflow/example_dags/example_branch_operator.py took 0.104 seconds
[2022-11-08T14:31:39.405+0000] {processor.py:154} INFO - Started process (PID=856) to work on /home/airflow/.local/lib/python3.7/site-packages/airflow/example_dags/example_branch_operator.py
[2022-11-08T14:31:39.406+0000] {processor.py:756} INFO - Processing file /home/airflow/.local/lib/python3.7/site-packages/airflow/example_dags/example_branch_operator.py for tasks to queue
[2022-11-08T14:31:39.406+0000] {logging_mixin.py:120} INFO - [2022-11-08T14:31:39.406+0000] {dagbag.py:537} INFO - Filling up the DagBag from /home/airflow/.local/lib/python3.7/site-packages/airflow/example_dags/example_branch_operator.py
[2022-11-08T14:31:39.421+0000] {processor.py:766} INFO - DAG(s) dict_keys(['example_branch_operator']) retrieved from /home/airflow/.local/lib/python3.7/site-packages/airflow/example_dags/example_branch_operator.py
[2022-11-08T14:31:39.444+0000] {logging_mixin.py:120} INFO - [2022-11-08T14:31:39.443+0000] {dag.py:2585} INFO - Sync 1 DAGs
[2022-11-08T14:31:39.472+0000] {logging_mixin.py:120} INFO - [2022-11-08T14:31:39.471+0000] {dag.py:3340} INFO - Setting next_dagrun for example_branch_operator to 2022-11-07T00:00:00+00:00, run_after=2022-11-08T00:00:00+00:00
[2022-11-08T14:31:39.487+0000] {processor.py:176} INFO - Processing /home/airflow/.local/lib/python3.7/site-packages/airflow/example_dags/example_branch_operator.py took 0.086 seconds
[2022-11-08T14:32:09.890+0000] {processor.py:154} INFO - Started process (PID=918) to work on /home/airflow/.local/lib/python3.7/site-packages/airflow/example_dags/example_branch_operator.py
[2022-11-08T14:32:09.891+0000] {processor.py:756} INFO - Processing file /home/airflow/.local/lib/python3.7/site-packages/airflow/example_dags/example_branch_operator.py for tasks to queue
[2022-11-08T14:32:09.892+0000] {logging_mixin.py:120} INFO - [2022-11-08T14:32:09.892+0000] {dagbag.py:537} INFO - Filling up the DagBag from /home/airflow/.local/lib/python3.7/site-packages/airflow/example_dags/example_branch_operator.py
[2022-11-08T14:32:09.910+0000] {processor.py:766} INFO - DAG(s) dict_keys(['example_branch_operator']) retrieved from /home/airflow/.local/lib/python3.7/site-packages/airflow/example_dags/example_branch_operator.py
[2022-11-08T14:32:09.945+0000] {logging_mixin.py:120} INFO - [2022-11-08T14:32:09.945+0000] {dag.py:2585} INFO - Sync 1 DAGs
[2022-11-08T14:32:09.967+0000] {logging_mixin.py:120} INFO - [2022-11-08T14:32:09.966+0000] {dag.py:3340} INFO - Setting next_dagrun for example_branch_operator to 2022-11-07T00:00:00+00:00, run_after=2022-11-08T00:00:00+00:00
[2022-11-08T14:32:09.983+0000] {processor.py:176} INFO - Processing /home/airflow/.local/lib/python3.7/site-packages/airflow/example_dags/example_branch_operator.py took 0.097 seconds
[2022-11-08T14:32:40.057+0000] {processor.py:154} INFO - Started process (PID=292) to work on /home/airflow/.local/lib/python3.7/site-packages/airflow/example_dags/example_branch_operator.py
[2022-11-08T14:32:40.058+0000] {processor.py:756} INFO - Processing file /home/airflow/.local/lib/python3.7/site-packages/airflow/example_dags/example_branch_operator.py for tasks to queue
[2022-11-08T14:32:40.058+0000] {logging_mixin.py:120} INFO - [2022-11-08T14:32:40.058+0000] {dagbag.py:537} INFO - Filling up the DagBag from /home/airflow/.local/lib/python3.7/site-packages/airflow/example_dags/example_branch_operator.py
[2022-11-08T14:32:40.078+0000] {processor.py:766} INFO - DAG(s) dict_keys(['example_branch_operator']) retrieved from /home/airflow/.local/lib/python3.7/site-packages/airflow/example_dags/example_branch_operator.py
[2022-11-08T14:32:40.102+0000] {logging_mixin.py:120} INFO - [2022-11-08T14:32:40.101+0000] {dag.py:2585} INFO - Sync 1 DAGs
[2022-11-08T14:32:40.127+0000] {logging_mixin.py:120} INFO - [2022-11-08T14:32:40.127+0000] {dag.py:3340} INFO - Setting next_dagrun for example_branch_operator to 2022-11-07T00:00:00+00:00, run_after=2022-11-08T00:00:00+00:00
[2022-11-08T14:32:40.146+0000] {processor.py:176} INFO - Processing /home/airflow/.local/lib/python3.7/site-packages/airflow/example_dags/example_branch_operator.py took 0.092 seconds
[2022-11-08T14:33:11.843+0000] {processor.py:154} INFO - Started process (PID=498) to work on /home/airflow/.local/lib/python3.7/site-packages/airflow/example_dags/example_branch_operator.py
[2022-11-08T14:33:11.844+0000] {processor.py:756} INFO - Processing file /home/airflow/.local/lib/python3.7/site-packages/airflow/example_dags/example_branch_operator.py for tasks to queue
[2022-11-08T14:33:11.845+0000] {logging_mixin.py:120} INFO - [2022-11-08T14:33:11.844+0000] {dagbag.py:537} INFO - Filling up the DagBag from /home/airflow/.local/lib/python3.7/site-packages/airflow/example_dags/example_branch_operator.py
[2022-11-08T14:33:11.859+0000] {processor.py:766} INFO - DAG(s) dict_keys(['example_branch_operator']) retrieved from /home/airflow/.local/lib/python3.7/site-packages/airflow/example_dags/example_branch_operator.py
[2022-11-08T14:33:11.893+0000] {logging_mixin.py:120} INFO - [2022-11-08T14:33:11.893+0000] {dag.py:2585} INFO - Sync 1 DAGs
[2022-11-08T14:33:11.915+0000] {logging_mixin.py:120} INFO - [2022-11-08T14:33:11.915+0000] {dag.py:3340} INFO - Setting next_dagrun for example_branch_operator to 2022-11-07T00:00:00+00:00, run_after=2022-11-08T00:00:00+00:00
[2022-11-08T14:33:11.932+0000] {processor.py:176} INFO - Processing /home/airflow/.local/lib/python3.7/site-packages/airflow/example_dags/example_branch_operator.py took 0.092 seconds
[2022-11-08T14:33:42.498+0000] {processor.py:154} INFO - Started process (PID=707) to work on /home/airflow/.local/lib/python3.7/site-packages/airflow/example_dags/example_branch_operator.py
[2022-11-08T14:33:42.499+0000] {processor.py:756} INFO - Processing file /home/airflow/.local/lib/python3.7/site-packages/airflow/example_dags/example_branch_operator.py for tasks to queue
[2022-11-08T14:33:42.500+0000] {logging_mixin.py:120} INFO - [2022-11-08T14:33:42.500+0000] {dagbag.py:537} INFO - Filling up the DagBag from /home/airflow/.local/lib/python3.7/site-packages/airflow/example_dags/example_branch_operator.py
[2022-11-08T14:33:42.516+0000] {processor.py:766} INFO - DAG(s) dict_keys(['example_branch_operator']) retrieved from /home/airflow/.local/lib/python3.7/site-packages/airflow/example_dags/example_branch_operator.py
[2022-11-08T14:33:42.539+0000] {logging_mixin.py:120} INFO - [2022-11-08T14:33:42.538+0000] {dag.py:2585} INFO - Sync 1 DAGs
[2022-11-08T14:33:42.563+0000] {logging_mixin.py:120} INFO - [2022-11-08T14:33:42.562+0000] {dag.py:3340} INFO - Setting next_dagrun for example_branch_operator to 2022-11-07T00:00:00+00:00, run_after=2022-11-08T00:00:00+00:00
[2022-11-08T14:33:42.578+0000] {processor.py:176} INFO - Processing /home/airflow/.local/lib/python3.7/site-packages/airflow/example_dags/example_branch_operator.py took 0.083 seconds
[2022-11-08T14:34:13.494+0000] {processor.py:154} INFO - Started process (PID=913) to work on /home/airflow/.local/lib/python3.7/site-packages/airflow/example_dags/example_branch_operator.py
[2022-11-08T14:34:13.495+0000] {processor.py:756} INFO - Processing file /home/airflow/.local/lib/python3.7/site-packages/airflow/example_dags/example_branch_operator.py for tasks to queue
[2022-11-08T14:34:13.496+0000] {logging_mixin.py:120} INFO - [2022-11-08T14:34:13.496+0000] {dagbag.py:537} INFO - Filling up the DagBag from /home/airflow/.local/lib/python3.7/site-packages/airflow/example_dags/example_branch_operator.py
[2022-11-08T14:34:13.518+0000] {processor.py:766} INFO - DAG(s) dict_keys(['example_branch_operator']) retrieved from /home/airflow/.local/lib/python3.7/site-packages/airflow/example_dags/example_branch_operator.py
[2022-11-08T14:34:13.557+0000] {logging_mixin.py:120} INFO - [2022-11-08T14:34:13.556+0000] {dag.py:2585} INFO - Sync 1 DAGs
[2022-11-08T14:34:13.580+0000] {logging_mixin.py:120} INFO - [2022-11-08T14:34:13.580+0000] {dag.py:3340} INFO - Setting next_dagrun for example_branch_operator to 2022-11-07T00:00:00+00:00, run_after=2022-11-08T00:00:00+00:00
[2022-11-08T14:34:13.601+0000] {processor.py:176} INFO - Processing /home/airflow/.local/lib/python3.7/site-packages/airflow/example_dags/example_branch_operator.py took 0.112 seconds
[2022-11-08T14:34:44.516+0000] {processor.py:154} INFO - Started process (PID=1120) to work on /home/airflow/.local/lib/python3.7/site-packages/airflow/example_dags/example_branch_operator.py
[2022-11-08T14:34:44.517+0000] {processor.py:756} INFO - Processing file /home/airflow/.local/lib/python3.7/site-packages/airflow/example_dags/example_branch_operator.py for tasks to queue
[2022-11-08T14:34:44.517+0000] {logging_mixin.py:120} INFO - [2022-11-08T14:34:44.517+0000] {dagbag.py:537} INFO - Filling up the DagBag from /home/airflow/.local/lib/python3.7/site-packages/airflow/example_dags/example_branch_operator.py
[2022-11-08T14:34:44.534+0000] {processor.py:766} INFO - DAG(s) dict_keys(['example_branch_operator']) retrieved from /home/airflow/.local/lib/python3.7/site-packages/airflow/example_dags/example_branch_operator.py
[2022-11-08T14:34:44.573+0000] {logging_mixin.py:120} INFO - [2022-11-08T14:34:44.573+0000] {dag.py:2585} INFO - Sync 1 DAGs
[2022-11-08T14:34:44.597+0000] {logging_mixin.py:120} INFO - [2022-11-08T14:34:44.597+0000] {dag.py:3340} INFO - Setting next_dagrun for example_branch_operator to 2022-11-07T00:00:00+00:00, run_after=2022-11-08T00:00:00+00:00
[2022-11-08T14:34:44.616+0000] {processor.py:176} INFO - Processing /home/airflow/.local/lib/python3.7/site-packages/airflow/example_dags/example_branch_operator.py took 0.104 seconds
[2022-11-08T14:35:15.436+0000] {processor.py:154} INFO - Started process (PID=1318) to work on /home/airflow/.local/lib/python3.7/site-packages/airflow/example_dags/example_branch_operator.py
[2022-11-08T14:35:15.437+0000] {processor.py:756} INFO - Processing file /home/airflow/.local/lib/python3.7/site-packages/airflow/example_dags/example_branch_operator.py for tasks to queue
[2022-11-08T14:35:15.438+0000] {logging_mixin.py:120} INFO - [2022-11-08T14:35:15.438+0000] {dagbag.py:537} INFO - Filling up the DagBag from /home/airflow/.local/lib/python3.7/site-packages/airflow/example_dags/example_branch_operator.py
[2022-11-08T14:35:15.460+0000] {processor.py:766} INFO - DAG(s) dict_keys(['example_branch_operator']) retrieved from /home/airflow/.local/lib/python3.7/site-packages/airflow/example_dags/example_branch_operator.py
[2022-11-08T14:35:15.512+0000] {logging_mixin.py:120} INFO - [2022-11-08T14:35:15.512+0000] {dag.py:2585} INFO - Sync 1 DAGs
[2022-11-08T14:35:15.540+0000] {logging_mixin.py:120} INFO - [2022-11-08T14:35:15.539+0000] {dag.py:3340} INFO - Setting next_dagrun for example_branch_operator to 2022-11-07T00:00:00+00:00, run_after=2022-11-08T00:00:00+00:00
[2022-11-08T14:35:15.561+0000] {processor.py:176} INFO - Processing /home/airflow/.local/lib/python3.7/site-packages/airflow/example_dags/example_branch_operator.py took 0.130 seconds
[2022-11-08T14:35:45.979+0000] {processor.py:154} INFO - Started process (PID=1525) to work on /home/airflow/.local/lib/python3.7/site-packages/airflow/example_dags/example_branch_operator.py
[2022-11-08T14:35:45.980+0000] {processor.py:756} INFO - Processing file /home/airflow/.local/lib/python3.7/site-packages/airflow/example_dags/example_branch_operator.py for tasks to queue
[2022-11-08T14:35:45.981+0000] {logging_mixin.py:120} INFO - [2022-11-08T14:35:45.981+0000] {dagbag.py:537} INFO - Filling up the DagBag from /home/airflow/.local/lib/python3.7/site-packages/airflow/example_dags/example_branch_operator.py
[2022-11-08T14:35:45.997+0000] {processor.py:766} INFO - DAG(s) dict_keys(['example_branch_operator']) retrieved from /home/airflow/.local/lib/python3.7/site-packages/airflow/example_dags/example_branch_operator.py
[2022-11-08T14:35:46.036+0000] {logging_mixin.py:120} INFO - [2022-11-08T14:35:46.036+0000] {dag.py:2585} INFO - Sync 1 DAGs
[2022-11-08T14:35:46.058+0000] {logging_mixin.py:120} INFO - [2022-11-08T14:35:46.058+0000] {dag.py:3340} INFO - Setting next_dagrun for example_branch_operator to 2022-11-07T00:00:00+00:00, run_after=2022-11-08T00:00:00+00:00
[2022-11-08T14:35:46.072+0000] {processor.py:176} INFO - Processing /home/airflow/.local/lib/python3.7/site-packages/airflow/example_dags/example_branch_operator.py took 0.097 seconds
[2022-11-08T14:36:16.794+0000] {processor.py:154} INFO - Started process (PID=1732) to work on /home/airflow/.local/lib/python3.7/site-packages/airflow/example_dags/example_branch_operator.py
[2022-11-08T14:36:16.795+0000] {processor.py:756} INFO - Processing file /home/airflow/.local/lib/python3.7/site-packages/airflow/example_dags/example_branch_operator.py for tasks to queue
[2022-11-08T14:36:16.796+0000] {logging_mixin.py:120} INFO - [2022-11-08T14:36:16.796+0000] {dagbag.py:537} INFO - Filling up the DagBag from /home/airflow/.local/lib/python3.7/site-packages/airflow/example_dags/example_branch_operator.py
[2022-11-08T14:36:16.813+0000] {processor.py:766} INFO - DAG(s) dict_keys(['example_branch_operator']) retrieved from /home/airflow/.local/lib/python3.7/site-packages/airflow/example_dags/example_branch_operator.py
[2022-11-08T14:36:16.856+0000] {logging_mixin.py:120} INFO - [2022-11-08T14:36:16.856+0000] {dag.py:2585} INFO - Sync 1 DAGs
[2022-11-08T14:36:16.880+0000] {logging_mixin.py:120} INFO - [2022-11-08T14:36:16.879+0000] {dag.py:3340} INFO - Setting next_dagrun for example_branch_operator to 2022-11-07T00:00:00+00:00, run_after=2022-11-08T00:00:00+00:00
[2022-11-08T14:36:16.896+0000] {processor.py:176} INFO - Processing /home/airflow/.local/lib/python3.7/site-packages/airflow/example_dags/example_branch_operator.py took 0.106 seconds
[2022-11-08T14:36:47.495+0000] {processor.py:154} INFO - Started process (PID=1939) to work on /home/airflow/.local/lib/python3.7/site-packages/airflow/example_dags/example_branch_operator.py
[2022-11-08T14:36:47.496+0000] {processor.py:756} INFO - Processing file /home/airflow/.local/lib/python3.7/site-packages/airflow/example_dags/example_branch_operator.py for tasks to queue
[2022-11-08T14:36:47.497+0000] {logging_mixin.py:120} INFO - [2022-11-08T14:36:47.497+0000] {dagbag.py:537} INFO - Filling up the DagBag from /home/airflow/.local/lib/python3.7/site-packages/airflow/example_dags/example_branch_operator.py
[2022-11-08T14:36:47.520+0000] {processor.py:766} INFO - DAG(s) dict_keys(['example_branch_operator']) retrieved from /home/airflow/.local/lib/python3.7/site-packages/airflow/example_dags/example_branch_operator.py
[2022-11-08T14:36:47.573+0000] {logging_mixin.py:120} INFO - [2022-11-08T14:36:47.572+0000] {dag.py:2585} INFO - Sync 1 DAGs
[2022-11-08T14:36:47.613+0000] {logging_mixin.py:120} INFO - [2022-11-08T14:36:47.613+0000] {dag.py:3340} INFO - Setting next_dagrun for example_branch_operator to 2022-11-07T00:00:00+00:00, run_after=2022-11-08T00:00:00+00:00
[2022-11-08T14:36:47.638+0000] {processor.py:176} INFO - Processing /home/airflow/.local/lib/python3.7/site-packages/airflow/example_dags/example_branch_operator.py took 0.148 seconds
[2022-11-08T14:37:18.358+0000] {processor.py:154} INFO - Started process (PID=2137) to work on /home/airflow/.local/lib/python3.7/site-packages/airflow/example_dags/example_branch_operator.py
[2022-11-08T14:37:18.359+0000] {processor.py:756} INFO - Processing file /home/airflow/.local/lib/python3.7/site-packages/airflow/example_dags/example_branch_operator.py for tasks to queue
[2022-11-08T14:37:18.359+0000] {logging_mixin.py:120} INFO - [2022-11-08T14:37:18.359+0000] {dagbag.py:537} INFO - Filling up the DagBag from /home/airflow/.local/lib/python3.7/site-packages/airflow/example_dags/example_branch_operator.py
[2022-11-08T14:37:18.376+0000] {processor.py:766} INFO - DAG(s) dict_keys(['example_branch_operator']) retrieved from /home/airflow/.local/lib/python3.7/site-packages/airflow/example_dags/example_branch_operator.py
[2022-11-08T14:37:18.415+0000] {logging_mixin.py:120} INFO - [2022-11-08T14:37:18.414+0000] {dag.py:2585} INFO - Sync 1 DAGs
[2022-11-08T14:37:18.437+0000] {logging_mixin.py:120} INFO - [2022-11-08T14:37:18.437+0000] {dag.py:3340} INFO - Setting next_dagrun for example_branch_operator to 2022-11-07T00:00:00+00:00, run_after=2022-11-08T00:00:00+00:00
[2022-11-08T14:37:18.454+0000] {processor.py:176} INFO - Processing /home/airflow/.local/lib/python3.7/site-packages/airflow/example_dags/example_branch_operator.py took 0.099 seconds
[2022-11-08T14:37:48.904+0000] {processor.py:154} INFO - Started process (PID=2344) to work on /home/airflow/.local/lib/python3.7/site-packages/airflow/example_dags/example_branch_operator.py
[2022-11-08T14:37:48.905+0000] {processor.py:756} INFO - Processing file /home/airflow/.local/lib/python3.7/site-packages/airflow/example_dags/example_branch_operator.py for tasks to queue
[2022-11-08T14:37:48.908+0000] {logging_mixin.py:120} INFO - [2022-11-08T14:37:48.905+0000] {dagbag.py:537} INFO - Filling up the DagBag from /home/airflow/.local/lib/python3.7/site-packages/airflow/example_dags/example_branch_operator.py
[2022-11-08T14:37:48.930+0000] {processor.py:766} INFO - DAG(s) dict_keys(['example_branch_operator']) retrieved from /home/airflow/.local/lib/python3.7/site-packages/airflow/example_dags/example_branch_operator.py
[2022-11-08T14:37:48.952+0000] {logging_mixin.py:120} INFO - [2022-11-08T14:37:48.952+0000] {dag.py:2585} INFO - Sync 1 DAGs
[2022-11-08T14:37:48.976+0000] {logging_mixin.py:120} INFO - [2022-11-08T14:37:48.976+0000] {dag.py:3340} INFO - Setting next_dagrun for example_branch_operator to 2022-11-07T00:00:00+00:00, run_after=2022-11-08T00:00:00+00:00
[2022-11-08T14:37:48.991+0000] {processor.py:176} INFO - Processing /home/airflow/.local/lib/python3.7/site-packages/airflow/example_dags/example_branch_operator.py took 0.091 seconds
[2022-11-08T14:38:19.634+0000] {processor.py:154} INFO - Started process (PID=2550) to work on /home/airflow/.local/lib/python3.7/site-packages/airflow/example_dags/example_branch_operator.py
[2022-11-08T14:38:19.636+0000] {processor.py:756} INFO - Processing file /home/airflow/.local/lib/python3.7/site-packages/airflow/example_dags/example_branch_operator.py for tasks to queue
[2022-11-08T14:38:19.637+0000] {logging_mixin.py:120} INFO - [2022-11-08T14:38:19.637+0000] {dagbag.py:537} INFO - Filling up the DagBag from /home/airflow/.local/lib/python3.7/site-packages/airflow/example_dags/example_branch_operator.py
[2022-11-08T14:38:19.661+0000] {processor.py:766} INFO - DAG(s) dict_keys(['example_branch_operator']) retrieved from /home/airflow/.local/lib/python3.7/site-packages/airflow/example_dags/example_branch_operator.py
[2022-11-08T14:38:19.694+0000] {logging_mixin.py:120} INFO - [2022-11-08T14:38:19.694+0000] {dag.py:2585} INFO - Sync 1 DAGs
[2022-11-08T14:38:19.731+0000] {logging_mixin.py:120} INFO - [2022-11-08T14:38:19.731+0000] {dag.py:3340} INFO - Setting next_dagrun for example_branch_operator to 2022-11-07T00:00:00+00:00, run_after=2022-11-08T00:00:00+00:00
[2022-11-08T14:38:19.748+0000] {processor.py:176} INFO - Processing /home/airflow/.local/lib/python3.7/site-packages/airflow/example_dags/example_branch_operator.py took 0.119 seconds
[2022-11-08T14:38:50.120+0000] {processor.py:154} INFO - Started process (PID=2757) to work on /home/airflow/.local/lib/python3.7/site-packages/airflow/example_dags/example_branch_operator.py
[2022-11-08T14:38:50.120+0000] {processor.py:756} INFO - Processing file /home/airflow/.local/lib/python3.7/site-packages/airflow/example_dags/example_branch_operator.py for tasks to queue
[2022-11-08T14:38:50.121+0000] {logging_mixin.py:120} INFO - [2022-11-08T14:38:50.121+0000] {dagbag.py:537} INFO - Filling up the DagBag from /home/airflow/.local/lib/python3.7/site-packages/airflow/example_dags/example_branch_operator.py
[2022-11-08T14:38:50.137+0000] {processor.py:766} INFO - DAG(s) dict_keys(['example_branch_operator']) retrieved from /home/airflow/.local/lib/python3.7/site-packages/airflow/example_dags/example_branch_operator.py
[2022-11-08T14:38:50.171+0000] {logging_mixin.py:120} INFO - [2022-11-08T14:38:50.171+0000] {dag.py:2585} INFO - Sync 1 DAGs
[2022-11-08T14:38:50.193+0000] {logging_mixin.py:120} INFO - [2022-11-08T14:38:50.193+0000] {dag.py:3340} INFO - Setting next_dagrun for example_branch_operator to 2022-11-07T00:00:00+00:00, run_after=2022-11-08T00:00:00+00:00
[2022-11-08T14:38:50.211+0000] {processor.py:176} INFO - Processing /home/airflow/.local/lib/python3.7/site-packages/airflow/example_dags/example_branch_operator.py took 0.095 seconds
[2022-11-08T14:39:20.893+0000] {processor.py:154} INFO - Started process (PID=2964) to work on /home/airflow/.local/lib/python3.7/site-packages/airflow/example_dags/example_branch_operator.py
[2022-11-08T14:39:20.894+0000] {processor.py:756} INFO - Processing file /home/airflow/.local/lib/python3.7/site-packages/airflow/example_dags/example_branch_operator.py for tasks to queue
[2022-11-08T14:39:20.895+0000] {logging_mixin.py:120} INFO - [2022-11-08T14:39:20.894+0000] {dagbag.py:537} INFO - Filling up the DagBag from /home/airflow/.local/lib/python3.7/site-packages/airflow/example_dags/example_branch_operator.py
[2022-11-08T14:39:20.921+0000] {processor.py:766} INFO - DAG(s) dict_keys(['example_branch_operator']) retrieved from /home/airflow/.local/lib/python3.7/site-packages/airflow/example_dags/example_branch_operator.py
[2022-11-08T14:39:20.975+0000] {logging_mixin.py:120} INFO - [2022-11-08T14:39:20.975+0000] {dag.py:2585} INFO - Sync 1 DAGs
[2022-11-08T14:39:21.005+0000] {logging_mixin.py:120} INFO - [2022-11-08T14:39:21.005+0000] {dag.py:3340} INFO - Setting next_dagrun for example_branch_operator to 2022-11-07T00:00:00+00:00, run_after=2022-11-08T00:00:00+00:00
[2022-11-08T14:39:21.032+0000] {processor.py:176} INFO - Processing /home/airflow/.local/lib/python3.7/site-packages/airflow/example_dags/example_branch_operator.py took 0.143 seconds
[2022-11-08T14:39:51.884+0000] {processor.py:154} INFO - Started process (PID=3162) to work on /home/airflow/.local/lib/python3.7/site-packages/airflow/example_dags/example_branch_operator.py
[2022-11-08T14:39:51.885+0000] {processor.py:756} INFO - Processing file /home/airflow/.local/lib/python3.7/site-packages/airflow/example_dags/example_branch_operator.py for tasks to queue
[2022-11-08T14:39:51.885+0000] {logging_mixin.py:120} INFO - [2022-11-08T14:39:51.885+0000] {dagbag.py:537} INFO - Filling up the DagBag from /home/airflow/.local/lib/python3.7/site-packages/airflow/example_dags/example_branch_operator.py
[2022-11-08T14:39:51.905+0000] {processor.py:766} INFO - DAG(s) dict_keys(['example_branch_operator']) retrieved from /home/airflow/.local/lib/python3.7/site-packages/airflow/example_dags/example_branch_operator.py
[2022-11-08T14:39:51.955+0000] {logging_mixin.py:120} INFO - [2022-11-08T14:39:51.955+0000] {dag.py:2585} INFO - Sync 1 DAGs
[2022-11-08T14:39:51.983+0000] {logging_mixin.py:120} INFO - [2022-11-08T14:39:51.983+0000] {dag.py:3340} INFO - Setting next_dagrun for example_branch_operator to 2022-11-07T00:00:00+00:00, run_after=2022-11-08T00:00:00+00:00
[2022-11-08T14:39:52.006+0000] {processor.py:176} INFO - Processing /home/airflow/.local/lib/python3.7/site-packages/airflow/example_dags/example_branch_operator.py took 0.126 seconds
[2022-11-08T14:40:23.142+0000] {processor.py:154} INFO - Started process (PID=3369) to work on /home/airflow/.local/lib/python3.7/site-packages/airflow/example_dags/example_branch_operator.py
[2022-11-08T14:40:23.143+0000] {processor.py:756} INFO - Processing file /home/airflow/.local/lib/python3.7/site-packages/airflow/example_dags/example_branch_operator.py for tasks to queue
[2022-11-08T14:40:23.144+0000] {logging_mixin.py:120} INFO - [2022-11-08T14:40:23.144+0000] {dagbag.py:537} INFO - Filling up the DagBag from /home/airflow/.local/lib/python3.7/site-packages/airflow/example_dags/example_branch_operator.py
[2022-11-08T14:40:23.165+0000] {processor.py:766} INFO - DAG(s) dict_keys(['example_branch_operator']) retrieved from /home/airflow/.local/lib/python3.7/site-packages/airflow/example_dags/example_branch_operator.py
[2022-11-08T14:40:23.210+0000] {logging_mixin.py:120} INFO - [2022-11-08T14:40:23.210+0000] {dag.py:2585} INFO - Sync 1 DAGs
[2022-11-08T14:40:23.238+0000] {logging_mixin.py:120} INFO - [2022-11-08T14:40:23.237+0000] {dag.py:3340} INFO - Setting next_dagrun for example_branch_operator to 2022-11-07T00:00:00+00:00, run_after=2022-11-08T00:00:00+00:00
[2022-11-08T14:40:23.260+0000] {processor.py:176} INFO - Processing /home/airflow/.local/lib/python3.7/site-packages/airflow/example_dags/example_branch_operator.py took 0.121 seconds
[2022-11-08T14:40:53.482+0000] {processor.py:154} INFO - Started process (PID=3576) to work on /home/airflow/.local/lib/python3.7/site-packages/airflow/example_dags/example_branch_operator.py
[2022-11-08T14:40:53.483+0000] {processor.py:756} INFO - Processing file /home/airflow/.local/lib/python3.7/site-packages/airflow/example_dags/example_branch_operator.py for tasks to queue
[2022-11-08T14:40:53.484+0000] {logging_mixin.py:120} INFO - [2022-11-08T14:40:53.484+0000] {dagbag.py:537} INFO - Filling up the DagBag from /home/airflow/.local/lib/python3.7/site-packages/airflow/example_dags/example_branch_operator.py
[2022-11-08T14:40:53.510+0000] {processor.py:766} INFO - DAG(s) dict_keys(['example_branch_operator']) retrieved from /home/airflow/.local/lib/python3.7/site-packages/airflow/example_dags/example_branch_operator.py
[2022-11-08T14:40:53.568+0000] {logging_mixin.py:120} INFO - [2022-11-08T14:40:53.567+0000] {dag.py:2585} INFO - Sync 1 DAGs
[2022-11-08T14:40:53.603+0000] {logging_mixin.py:120} INFO - [2022-11-08T14:40:53.603+0000] {dag.py:3340} INFO - Setting next_dagrun for example_branch_operator to 2022-11-07T00:00:00+00:00, run_after=2022-11-08T00:00:00+00:00
[2022-11-08T14:40:53.638+0000] {processor.py:176} INFO - Processing /home/airflow/.local/lib/python3.7/site-packages/airflow/example_dags/example_branch_operator.py took 0.159 seconds
[2022-11-08T14:41:23.721+0000] {processor.py:154} INFO - Started process (PID=3783) to work on /home/airflow/.local/lib/python3.7/site-packages/airflow/example_dags/example_branch_operator.py
[2022-11-08T14:41:23.722+0000] {processor.py:756} INFO - Processing file /home/airflow/.local/lib/python3.7/site-packages/airflow/example_dags/example_branch_operator.py for tasks to queue
[2022-11-08T14:41:23.723+0000] {logging_mixin.py:120} INFO - [2022-11-08T14:41:23.723+0000] {dagbag.py:537} INFO - Filling up the DagBag from /home/airflow/.local/lib/python3.7/site-packages/airflow/example_dags/example_branch_operator.py
[2022-11-08T14:41:23.745+0000] {processor.py:766} INFO - DAG(s) dict_keys(['example_branch_operator']) retrieved from /home/airflow/.local/lib/python3.7/site-packages/airflow/example_dags/example_branch_operator.py
[2022-11-08T14:41:23.795+0000] {logging_mixin.py:120} INFO - [2022-11-08T14:41:23.794+0000] {dag.py:2585} INFO - Sync 1 DAGs
[2022-11-08T14:41:23.827+0000] {logging_mixin.py:120} INFO - [2022-11-08T14:41:23.826+0000] {dag.py:3340} INFO - Setting next_dagrun for example_branch_operator to 2022-11-07T00:00:00+00:00, run_after=2022-11-08T00:00:00+00:00
[2022-11-08T14:41:23.853+0000] {processor.py:176} INFO - Processing /home/airflow/.local/lib/python3.7/site-packages/airflow/example_dags/example_branch_operator.py took 0.138 seconds
[2022-11-08T14:41:54.012+0000] {processor.py:154} INFO - Started process (PID=3981) to work on /home/airflow/.local/lib/python3.7/site-packages/airflow/example_dags/example_branch_operator.py
[2022-11-08T14:41:54.013+0000] {processor.py:756} INFO - Processing file /home/airflow/.local/lib/python3.7/site-packages/airflow/example_dags/example_branch_operator.py for tasks to queue
[2022-11-08T14:41:54.014+0000] {logging_mixin.py:120} INFO - [2022-11-08T14:41:54.014+0000] {dagbag.py:537} INFO - Filling up the DagBag from /home/airflow/.local/lib/python3.7/site-packages/airflow/example_dags/example_branch_operator.py
[2022-11-08T14:41:54.032+0000] {processor.py:766} INFO - DAG(s) dict_keys(['example_branch_operator']) retrieved from /home/airflow/.local/lib/python3.7/site-packages/airflow/example_dags/example_branch_operator.py
[2022-11-08T14:41:54.069+0000] {logging_mixin.py:120} INFO - [2022-11-08T14:41:54.069+0000] {dag.py:2585} INFO - Sync 1 DAGs
[2022-11-08T14:41:54.091+0000] {logging_mixin.py:120} INFO - [2022-11-08T14:41:54.091+0000] {dag.py:3340} INFO - Setting next_dagrun for example_branch_operator to 2022-11-07T00:00:00+00:00, run_after=2022-11-08T00:00:00+00:00
[2022-11-08T14:41:54.109+0000] {processor.py:176} INFO - Processing /home/airflow/.local/lib/python3.7/site-packages/airflow/example_dags/example_branch_operator.py took 0.100 seconds
[2022-11-08T14:42:24.178+0000] {processor.py:154} INFO - Started process (PID=4190) to work on /home/airflow/.local/lib/python3.7/site-packages/airflow/example_dags/example_branch_operator.py
[2022-11-08T14:42:24.178+0000] {processor.py:756} INFO - Processing file /home/airflow/.local/lib/python3.7/site-packages/airflow/example_dags/example_branch_operator.py for tasks to queue
[2022-11-08T14:42:24.179+0000] {logging_mixin.py:120} INFO - [2022-11-08T14:42:24.179+0000] {dagbag.py:537} INFO - Filling up the DagBag from /home/airflow/.local/lib/python3.7/site-packages/airflow/example_dags/example_branch_operator.py
[2022-11-08T14:42:24.193+0000] {processor.py:766} INFO - DAG(s) dict_keys(['example_branch_operator']) retrieved from /home/airflow/.local/lib/python3.7/site-packages/airflow/example_dags/example_branch_operator.py
[2022-11-08T14:42:24.215+0000] {logging_mixin.py:120} INFO - [2022-11-08T14:42:24.215+0000] {dag.py:2585} INFO - Sync 1 DAGs
[2022-11-08T14:42:24.237+0000] {logging_mixin.py:120} INFO - [2022-11-08T14:42:24.237+0000] {dag.py:3340} INFO - Setting next_dagrun for example_branch_operator to 2022-11-07T00:00:00+00:00, run_after=2022-11-08T00:00:00+00:00
[2022-11-08T14:42:24.254+0000] {processor.py:176} INFO - Processing /home/airflow/.local/lib/python3.7/site-packages/airflow/example_dags/example_branch_operator.py took 0.079 seconds
[2022-11-08T14:42:54.723+0000] {processor.py:154} INFO - Started process (PID=4395) to work on /home/airflow/.local/lib/python3.7/site-packages/airflow/example_dags/example_branch_operator.py
[2022-11-08T14:42:54.724+0000] {processor.py:756} INFO - Processing file /home/airflow/.local/lib/python3.7/site-packages/airflow/example_dags/example_branch_operator.py for tasks to queue
[2022-11-08T14:42:54.725+0000] {logging_mixin.py:120} INFO - [2022-11-08T14:42:54.725+0000] {dagbag.py:537} INFO - Filling up the DagBag from /home/airflow/.local/lib/python3.7/site-packages/airflow/example_dags/example_branch_operator.py
[2022-11-08T14:42:54.743+0000] {processor.py:766} INFO - DAG(s) dict_keys(['example_branch_operator']) retrieved from /home/airflow/.local/lib/python3.7/site-packages/airflow/example_dags/example_branch_operator.py
[2022-11-08T14:42:54.778+0000] {logging_mixin.py:120} INFO - [2022-11-08T14:42:54.778+0000] {dag.py:2585} INFO - Sync 1 DAGs
[2022-11-08T14:42:54.802+0000] {logging_mixin.py:120} INFO - [2022-11-08T14:42:54.802+0000] {dag.py:3340} INFO - Setting next_dagrun for example_branch_operator to 2022-11-07T00:00:00+00:00, run_after=2022-11-08T00:00:00+00:00
[2022-11-08T14:42:54.818+0000] {processor.py:176} INFO - Processing /home/airflow/.local/lib/python3.7/site-packages/airflow/example_dags/example_branch_operator.py took 0.098 seconds
[2022-11-08T14:43:25.222+0000] {processor.py:154} INFO - Started process (PID=4604) to work on /home/airflow/.local/lib/python3.7/site-packages/airflow/example_dags/example_branch_operator.py
[2022-11-08T14:43:25.223+0000] {processor.py:756} INFO - Processing file /home/airflow/.local/lib/python3.7/site-packages/airflow/example_dags/example_branch_operator.py for tasks to queue
[2022-11-08T14:43:25.223+0000] {logging_mixin.py:120} INFO - [2022-11-08T14:43:25.223+0000] {dagbag.py:537} INFO - Filling up the DagBag from /home/airflow/.local/lib/python3.7/site-packages/airflow/example_dags/example_branch_operator.py
[2022-11-08T14:43:25.236+0000] {processor.py:766} INFO - DAG(s) dict_keys(['example_branch_operator']) retrieved from /home/airflow/.local/lib/python3.7/site-packages/airflow/example_dags/example_branch_operator.py
[2022-11-08T14:43:25.268+0000] {logging_mixin.py:120} INFO - [2022-11-08T14:43:25.268+0000] {dag.py:2585} INFO - Sync 1 DAGs
[2022-11-08T14:43:25.288+0000] {logging_mixin.py:120} INFO - [2022-11-08T14:43:25.288+0000] {dag.py:3340} INFO - Setting next_dagrun for example_branch_operator to 2022-11-07T00:00:00+00:00, run_after=2022-11-08T00:00:00+00:00
[2022-11-08T14:43:25.305+0000] {processor.py:176} INFO - Processing /home/airflow/.local/lib/python3.7/site-packages/airflow/example_dags/example_branch_operator.py took 0.087 seconds
[2022-11-08T14:43:55.788+0000] {processor.py:154} INFO - Started process (PID=4809) to work on /home/airflow/.local/lib/python3.7/site-packages/airflow/example_dags/example_branch_operator.py
[2022-11-08T14:43:55.789+0000] {processor.py:756} INFO - Processing file /home/airflow/.local/lib/python3.7/site-packages/airflow/example_dags/example_branch_operator.py for tasks to queue
[2022-11-08T14:43:55.790+0000] {logging_mixin.py:120} INFO - [2022-11-08T14:43:55.789+0000] {dagbag.py:537} INFO - Filling up the DagBag from /home/airflow/.local/lib/python3.7/site-packages/airflow/example_dags/example_branch_operator.py
[2022-11-08T14:43:55.809+0000] {processor.py:766} INFO - DAG(s) dict_keys(['example_branch_operator']) retrieved from /home/airflow/.local/lib/python3.7/site-packages/airflow/example_dags/example_branch_operator.py
[2022-11-08T14:43:55.867+0000] {logging_mixin.py:120} INFO - [2022-11-08T14:43:55.866+0000] {dag.py:2585} INFO - Sync 1 DAGs
[2022-11-08T14:43:55.900+0000] {logging_mixin.py:120} INFO - [2022-11-08T14:43:55.900+0000] {dag.py:3340} INFO - Setting next_dagrun for example_branch_operator to 2022-11-07T00:00:00+00:00, run_after=2022-11-08T00:00:00+00:00
[2022-11-08T14:43:55.921+0000] {processor.py:176} INFO - Processing /home/airflow/.local/lib/python3.7/site-packages/airflow/example_dags/example_branch_operator.py took 0.138 seconds
[2022-11-08T14:44:26.625+0000] {processor.py:154} INFO - Started process (PID=5007) to work on /home/airflow/.local/lib/python3.7/site-packages/airflow/example_dags/example_branch_operator.py
[2022-11-08T14:44:26.626+0000] {processor.py:756} INFO - Processing file /home/airflow/.local/lib/python3.7/site-packages/airflow/example_dags/example_branch_operator.py for tasks to queue
[2022-11-08T14:44:26.627+0000] {logging_mixin.py:120} INFO - [2022-11-08T14:44:26.627+0000] {dagbag.py:537} INFO - Filling up the DagBag from /home/airflow/.local/lib/python3.7/site-packages/airflow/example_dags/example_branch_operator.py
[2022-11-08T14:44:26.648+0000] {processor.py:766} INFO - DAG(s) dict_keys(['example_branch_operator']) retrieved from /home/airflow/.local/lib/python3.7/site-packages/airflow/example_dags/example_branch_operator.py
[2022-11-08T14:44:26.688+0000] {logging_mixin.py:120} INFO - [2022-11-08T14:44:26.688+0000] {dag.py:2585} INFO - Sync 1 DAGs
[2022-11-08T14:44:26.711+0000] {logging_mixin.py:120} INFO - [2022-11-08T14:44:26.711+0000] {dag.py:3340} INFO - Setting next_dagrun for example_branch_operator to 2022-11-07T00:00:00+00:00, run_after=2022-11-08T00:00:00+00:00
[2022-11-08T14:44:26.730+0000] {processor.py:176} INFO - Processing /home/airflow/.local/lib/python3.7/site-packages/airflow/example_dags/example_branch_operator.py took 0.109 seconds
[2022-11-08T14:44:57.087+0000] {processor.py:154} INFO - Started process (PID=5213) to work on /home/airflow/.local/lib/python3.7/site-packages/airflow/example_dags/example_branch_operator.py
[2022-11-08T14:44:57.088+0000] {processor.py:756} INFO - Processing file /home/airflow/.local/lib/python3.7/site-packages/airflow/example_dags/example_branch_operator.py for tasks to queue
[2022-11-08T14:44:57.088+0000] {logging_mixin.py:120} INFO - [2022-11-08T14:44:57.088+0000] {dagbag.py:537} INFO - Filling up the DagBag from /home/airflow/.local/lib/python3.7/site-packages/airflow/example_dags/example_branch_operator.py
[2022-11-08T14:44:57.102+0000] {processor.py:766} INFO - DAG(s) dict_keys(['example_branch_operator']) retrieved from /home/airflow/.local/lib/python3.7/site-packages/airflow/example_dags/example_branch_operator.py
[2022-11-08T14:44:57.134+0000] {logging_mixin.py:120} INFO - [2022-11-08T14:44:57.133+0000] {dag.py:2585} INFO - Sync 1 DAGs
[2022-11-08T14:44:57.154+0000] {logging_mixin.py:120} INFO - [2022-11-08T14:44:57.154+0000] {dag.py:3340} INFO - Setting next_dagrun for example_branch_operator to 2022-11-07T00:00:00+00:00, run_after=2022-11-08T00:00:00+00:00
[2022-11-08T14:44:57.169+0000] {processor.py:176} INFO - Processing /home/airflow/.local/lib/python3.7/site-packages/airflow/example_dags/example_branch_operator.py took 0.085 seconds
[2022-11-08T14:45:27.562+0000] {processor.py:154} INFO - Started process (PID=5422) to work on /home/airflow/.local/lib/python3.7/site-packages/airflow/example_dags/example_branch_operator.py
[2022-11-08T14:45:27.563+0000] {processor.py:756} INFO - Processing file /home/airflow/.local/lib/python3.7/site-packages/airflow/example_dags/example_branch_operator.py for tasks to queue
[2022-11-08T14:45:27.564+0000] {logging_mixin.py:120} INFO - [2022-11-08T14:45:27.564+0000] {dagbag.py:537} INFO - Filling up the DagBag from /home/airflow/.local/lib/python3.7/site-packages/airflow/example_dags/example_branch_operator.py
[2022-11-08T14:45:27.578+0000] {processor.py:766} INFO - DAG(s) dict_keys(['example_branch_operator']) retrieved from /home/airflow/.local/lib/python3.7/site-packages/airflow/example_dags/example_branch_operator.py
[2022-11-08T14:45:27.610+0000] {logging_mixin.py:120} INFO - [2022-11-08T14:45:27.610+0000] {dag.py:2585} INFO - Sync 1 DAGs
[2022-11-08T14:45:27.630+0000] {logging_mixin.py:120} INFO - [2022-11-08T14:45:27.629+0000] {dag.py:3340} INFO - Setting next_dagrun for example_branch_operator to 2022-11-07T00:00:00+00:00, run_after=2022-11-08T00:00:00+00:00
[2022-11-08T14:45:27.646+0000] {processor.py:176} INFO - Processing /home/airflow/.local/lib/python3.7/site-packages/airflow/example_dags/example_branch_operator.py took 0.087 seconds
[2022-11-08T14:45:57.905+0000] {processor.py:154} INFO - Started process (PID=5627) to work on /home/airflow/.local/lib/python3.7/site-packages/airflow/example_dags/example_branch_operator.py
[2022-11-08T14:45:57.906+0000] {processor.py:756} INFO - Processing file /home/airflow/.local/lib/python3.7/site-packages/airflow/example_dags/example_branch_operator.py for tasks to queue
[2022-11-08T14:45:57.906+0000] {logging_mixin.py:120} INFO - [2022-11-08T14:45:57.906+0000] {dagbag.py:537} INFO - Filling up the DagBag from /home/airflow/.local/lib/python3.7/site-packages/airflow/example_dags/example_branch_operator.py
[2022-11-08T14:45:57.924+0000] {processor.py:766} INFO - DAG(s) dict_keys(['example_branch_operator']) retrieved from /home/airflow/.local/lib/python3.7/site-packages/airflow/example_dags/example_branch_operator.py
[2022-11-08T14:45:57.959+0000] {logging_mixin.py:120} INFO - [2022-11-08T14:45:57.959+0000] {dag.py:2585} INFO - Sync 1 DAGs
[2022-11-08T14:45:57.979+0000] {logging_mixin.py:120} INFO - [2022-11-08T14:45:57.979+0000] {dag.py:3340} INFO - Setting next_dagrun for example_branch_operator to 2022-11-07T00:00:00+00:00, run_after=2022-11-08T00:00:00+00:00
[2022-11-08T14:45:57.994+0000] {processor.py:176} INFO - Processing /home/airflow/.local/lib/python3.7/site-packages/airflow/example_dags/example_branch_operator.py took 0.093 seconds
[2022-11-08T14:46:28.839+0000] {processor.py:154} INFO - Started process (PID=5833) to work on /home/airflow/.local/lib/python3.7/site-packages/airflow/example_dags/example_branch_operator.py
[2022-11-08T14:46:28.841+0000] {processor.py:756} INFO - Processing file /home/airflow/.local/lib/python3.7/site-packages/airflow/example_dags/example_branch_operator.py for tasks to queue
[2022-11-08T14:46:28.841+0000] {logging_mixin.py:120} INFO - [2022-11-08T14:46:28.841+0000] {dagbag.py:537} INFO - Filling up the DagBag from /home/airflow/.local/lib/python3.7/site-packages/airflow/example_dags/example_branch_operator.py
[2022-11-08T14:46:28.863+0000] {processor.py:766} INFO - DAG(s) dict_keys(['example_branch_operator']) retrieved from /home/airflow/.local/lib/python3.7/site-packages/airflow/example_dags/example_branch_operator.py
[2022-11-08T14:46:28.906+0000] {logging_mixin.py:120} INFO - [2022-11-08T14:46:28.906+0000] {dag.py:2585} INFO - Sync 1 DAGs
[2022-11-08T14:46:28.929+0000] {logging_mixin.py:120} INFO - [2022-11-08T14:46:28.929+0000] {dag.py:3340} INFO - Setting next_dagrun for example_branch_operator to 2022-11-07T00:00:00+00:00, run_after=2022-11-08T00:00:00+00:00
[2022-11-08T14:46:28.946+0000] {processor.py:176} INFO - Processing /home/airflow/.local/lib/python3.7/site-packages/airflow/example_dags/example_branch_operator.py took 0.111 seconds
[2022-11-08T14:46:59.029+0000] {processor.py:154} INFO - Started process (PID=6034) to work on /home/airflow/.local/lib/python3.7/site-packages/airflow/example_dags/example_branch_operator.py
[2022-11-08T14:46:59.030+0000] {processor.py:756} INFO - Processing file /home/airflow/.local/lib/python3.7/site-packages/airflow/example_dags/example_branch_operator.py for tasks to queue
[2022-11-08T14:46:59.031+0000] {logging_mixin.py:120} INFO - [2022-11-08T14:46:59.031+0000] {dagbag.py:537} INFO - Filling up the DagBag from /home/airflow/.local/lib/python3.7/site-packages/airflow/example_dags/example_branch_operator.py
[2022-11-08T14:46:59.045+0000] {processor.py:766} INFO - DAG(s) dict_keys(['example_branch_operator']) retrieved from /home/airflow/.local/lib/python3.7/site-packages/airflow/example_dags/example_branch_operator.py
[2022-11-08T14:46:59.065+0000] {logging_mixin.py:120} INFO - [2022-11-08T14:46:59.065+0000] {dag.py:2585} INFO - Sync 1 DAGs
[2022-11-08T14:46:59.086+0000] {logging_mixin.py:120} INFO - [2022-11-08T14:46:59.086+0000] {dag.py:3340} INFO - Setting next_dagrun for example_branch_operator to 2022-11-07T00:00:00+00:00, run_after=2022-11-08T00:00:00+00:00
[2022-11-08T14:46:59.101+0000] {processor.py:176} INFO - Processing /home/airflow/.local/lib/python3.7/site-packages/airflow/example_dags/example_branch_operator.py took 0.075 seconds
[2022-11-08T14:47:29.763+0000] {processor.py:154} INFO - Started process (PID=6239) to work on /home/airflow/.local/lib/python3.7/site-packages/airflow/example_dags/example_branch_operator.py
[2022-11-08T14:47:29.765+0000] {processor.py:756} INFO - Processing file /home/airflow/.local/lib/python3.7/site-packages/airflow/example_dags/example_branch_operator.py for tasks to queue
[2022-11-08T14:47:29.765+0000] {logging_mixin.py:120} INFO - [2022-11-08T14:47:29.765+0000] {dagbag.py:537} INFO - Filling up the DagBag from /home/airflow/.local/lib/python3.7/site-packages/airflow/example_dags/example_branch_operator.py
[2022-11-08T14:47:29.784+0000] {processor.py:766} INFO - DAG(s) dict_keys(['example_branch_operator']) retrieved from /home/airflow/.local/lib/python3.7/site-packages/airflow/example_dags/example_branch_operator.py
[2022-11-08T14:47:29.846+0000] {logging_mixin.py:120} INFO - [2022-11-08T14:47:29.846+0000] {dag.py:2585} INFO - Sync 1 DAGs
[2022-11-08T14:47:29.882+0000] {logging_mixin.py:120} INFO - [2022-11-08T14:47:29.882+0000] {dag.py:3340} INFO - Setting next_dagrun for example_branch_operator to 2022-11-07T00:00:00+00:00, run_after=2022-11-08T00:00:00+00:00
[2022-11-08T14:47:29.910+0000] {processor.py:176} INFO - Processing /home/airflow/.local/lib/python3.7/site-packages/airflow/example_dags/example_branch_operator.py took 0.151 seconds
[2022-11-08T14:48:00.645+0000] {processor.py:154} INFO - Started process (PID=6446) to work on /home/airflow/.local/lib/python3.7/site-packages/airflow/example_dags/example_branch_operator.py
[2022-11-08T14:48:00.646+0000] {processor.py:756} INFO - Processing file /home/airflow/.local/lib/python3.7/site-packages/airflow/example_dags/example_branch_operator.py for tasks to queue
[2022-11-08T14:48:00.647+0000] {logging_mixin.py:120} INFO - [2022-11-08T14:48:00.647+0000] {dagbag.py:537} INFO - Filling up the DagBag from /home/airflow/.local/lib/python3.7/site-packages/airflow/example_dags/example_branch_operator.py
[2022-11-08T14:48:00.662+0000] {processor.py:766} INFO - DAG(s) dict_keys(['example_branch_operator']) retrieved from /home/airflow/.local/lib/python3.7/site-packages/airflow/example_dags/example_branch_operator.py
[2022-11-08T14:48:00.701+0000] {logging_mixin.py:120} INFO - [2022-11-08T14:48:00.701+0000] {dag.py:2585} INFO - Sync 1 DAGs
[2022-11-08T14:48:00.722+0000] {logging_mixin.py:120} INFO - [2022-11-08T14:48:00.722+0000] {dag.py:3340} INFO - Setting next_dagrun for example_branch_operator to 2022-11-07T00:00:00+00:00, run_after=2022-11-08T00:00:00+00:00
[2022-11-08T14:48:00.740+0000] {processor.py:176} INFO - Processing /home/airflow/.local/lib/python3.7/site-packages/airflow/example_dags/example_branch_operator.py took 0.098 seconds
[2022-11-08T14:48:31.782+0000] {processor.py:154} INFO - Started process (PID=6653) to work on /home/airflow/.local/lib/python3.7/site-packages/airflow/example_dags/example_branch_operator.py
[2022-11-08T14:48:31.783+0000] {processor.py:756} INFO - Processing file /home/airflow/.local/lib/python3.7/site-packages/airflow/example_dags/example_branch_operator.py for tasks to queue
[2022-11-08T14:48:31.784+0000] {logging_mixin.py:120} INFO - [2022-11-08T14:48:31.784+0000] {dagbag.py:537} INFO - Filling up the DagBag from /home/airflow/.local/lib/python3.7/site-packages/airflow/example_dags/example_branch_operator.py
[2022-11-08T14:48:31.810+0000] {processor.py:766} INFO - DAG(s) dict_keys(['example_branch_operator']) retrieved from /home/airflow/.local/lib/python3.7/site-packages/airflow/example_dags/example_branch_operator.py
[2022-11-08T14:48:31.864+0000] {logging_mixin.py:120} INFO - [2022-11-08T14:48:31.863+0000] {dag.py:2585} INFO - Sync 1 DAGs
[2022-11-08T14:48:31.892+0000] {logging_mixin.py:120} INFO - [2022-11-08T14:48:31.892+0000] {dag.py:3340} INFO - Setting next_dagrun for example_branch_operator to 2022-11-07T00:00:00+00:00, run_after=2022-11-08T00:00:00+00:00
[2022-11-08T14:48:31.923+0000] {processor.py:176} INFO - Processing /home/airflow/.local/lib/python3.7/site-packages/airflow/example_dags/example_branch_operator.py took 0.147 seconds
[2022-11-08T14:49:01.994+0000] {processor.py:154} INFO - Started process (PID=6852) to work on /home/airflow/.local/lib/python3.7/site-packages/airflow/example_dags/example_branch_operator.py
[2022-11-08T14:49:01.995+0000] {processor.py:756} INFO - Processing file /home/airflow/.local/lib/python3.7/site-packages/airflow/example_dags/example_branch_operator.py for tasks to queue
[2022-11-08T14:49:01.996+0000] {logging_mixin.py:120} INFO - [2022-11-08T14:49:01.995+0000] {dagbag.py:537} INFO - Filling up the DagBag from /home/airflow/.local/lib/python3.7/site-packages/airflow/example_dags/example_branch_operator.py
[2022-11-08T14:49:02.018+0000] {processor.py:766} INFO - DAG(s) dict_keys(['example_branch_operator']) retrieved from /home/airflow/.local/lib/python3.7/site-packages/airflow/example_dags/example_branch_operator.py
[2022-11-08T14:49:02.079+0000] {logging_mixin.py:120} INFO - [2022-11-08T14:49:02.078+0000] {dag.py:2585} INFO - Sync 1 DAGs
[2022-11-08T14:49:02.114+0000] {logging_mixin.py:120} INFO - [2022-11-08T14:49:02.114+0000] {dag.py:3340} INFO - Setting next_dagrun for example_branch_operator to 2022-11-07T00:00:00+00:00, run_after=2022-11-08T00:00:00+00:00
[2022-11-08T14:49:02.151+0000] {processor.py:176} INFO - Processing /home/airflow/.local/lib/python3.7/site-packages/airflow/example_dags/example_branch_operator.py took 0.163 seconds
[2022-11-08T14:49:33.048+0000] {processor.py:154} INFO - Started process (PID=7059) to work on /home/airflow/.local/lib/python3.7/site-packages/airflow/example_dags/example_branch_operator.py
[2022-11-08T14:49:33.049+0000] {processor.py:756} INFO - Processing file /home/airflow/.local/lib/python3.7/site-packages/airflow/example_dags/example_branch_operator.py for tasks to queue
[2022-11-08T14:49:33.050+0000] {logging_mixin.py:120} INFO - [2022-11-08T14:49:33.050+0000] {dagbag.py:537} INFO - Filling up the DagBag from /home/airflow/.local/lib/python3.7/site-packages/airflow/example_dags/example_branch_operator.py
[2022-11-08T14:49:33.064+0000] {processor.py:766} INFO - DAG(s) dict_keys(['example_branch_operator']) retrieved from /home/airflow/.local/lib/python3.7/site-packages/airflow/example_dags/example_branch_operator.py
[2022-11-08T14:49:33.097+0000] {logging_mixin.py:120} INFO - [2022-11-08T14:49:33.097+0000] {dag.py:2585} INFO - Sync 1 DAGs
[2022-11-08T14:49:33.118+0000] {logging_mixin.py:120} INFO - [2022-11-08T14:49:33.118+0000] {dag.py:3340} INFO - Setting next_dagrun for example_branch_operator to 2022-11-07T00:00:00+00:00, run_after=2022-11-08T00:00:00+00:00
[2022-11-08T14:49:33.133+0000] {processor.py:176} INFO - Processing /home/airflow/.local/lib/python3.7/site-packages/airflow/example_dags/example_branch_operator.py took 0.089 seconds
[2022-11-08T14:50:03.520+0000] {processor.py:154} INFO - Started process (PID=7268) to work on /home/airflow/.local/lib/python3.7/site-packages/airflow/example_dags/example_branch_operator.py
[2022-11-08T14:50:03.521+0000] {processor.py:756} INFO - Processing file /home/airflow/.local/lib/python3.7/site-packages/airflow/example_dags/example_branch_operator.py for tasks to queue
[2022-11-08T14:50:03.521+0000] {logging_mixin.py:120} INFO - [2022-11-08T14:50:03.521+0000] {dagbag.py:537} INFO - Filling up the DagBag from /home/airflow/.local/lib/python3.7/site-packages/airflow/example_dags/example_branch_operator.py
[2022-11-08T14:50:03.536+0000] {processor.py:766} INFO - DAG(s) dict_keys(['example_branch_operator']) retrieved from /home/airflow/.local/lib/python3.7/site-packages/airflow/example_dags/example_branch_operator.py
[2022-11-08T14:50:03.570+0000] {logging_mixin.py:120} INFO - [2022-11-08T14:50:03.570+0000] {dag.py:2585} INFO - Sync 1 DAGs
[2022-11-08T14:50:03.590+0000] {logging_mixin.py:120} INFO - [2022-11-08T14:50:03.590+0000] {dag.py:3340} INFO - Setting next_dagrun for example_branch_operator to 2022-11-07T00:00:00+00:00, run_after=2022-11-08T00:00:00+00:00
[2022-11-08T14:50:03.605+0000] {processor.py:176} INFO - Processing /home/airflow/.local/lib/python3.7/site-packages/airflow/example_dags/example_branch_operator.py took 0.089 seconds
[2022-11-08T14:50:34.156+0000] {processor.py:154} INFO - Started process (PID=7472) to work on /home/airflow/.local/lib/python3.7/site-packages/airflow/example_dags/example_branch_operator.py
[2022-11-08T14:50:34.157+0000] {processor.py:756} INFO - Processing file /home/airflow/.local/lib/python3.7/site-packages/airflow/example_dags/example_branch_operator.py for tasks to queue
[2022-11-08T14:50:34.158+0000] {logging_mixin.py:120} INFO - [2022-11-08T14:50:34.157+0000] {dagbag.py:537} INFO - Filling up the DagBag from /home/airflow/.local/lib/python3.7/site-packages/airflow/example_dags/example_branch_operator.py
[2022-11-08T14:50:34.175+0000] {processor.py:766} INFO - DAG(s) dict_keys(['example_branch_operator']) retrieved from /home/airflow/.local/lib/python3.7/site-packages/airflow/example_dags/example_branch_operator.py
[2022-11-08T14:50:34.213+0000] {logging_mixin.py:120} INFO - [2022-11-08T14:50:34.213+0000] {dag.py:2585} INFO - Sync 1 DAGs
[2022-11-08T14:50:34.239+0000] {logging_mixin.py:120} INFO - [2022-11-08T14:50:34.239+0000] {dag.py:3340} INFO - Setting next_dagrun for example_branch_operator to 2022-11-07T00:00:00+00:00, run_after=2022-11-08T00:00:00+00:00
[2022-11-08T14:50:34.262+0000] {processor.py:176} INFO - Processing /home/airflow/.local/lib/python3.7/site-packages/airflow/example_dags/example_branch_operator.py took 0.110 seconds
[2022-11-08T14:51:04.939+0000] {processor.py:154} INFO - Started process (PID=7681) to work on /home/airflow/.local/lib/python3.7/site-packages/airflow/example_dags/example_branch_operator.py
[2022-11-08T14:51:04.940+0000] {processor.py:756} INFO - Processing file /home/airflow/.local/lib/python3.7/site-packages/airflow/example_dags/example_branch_operator.py for tasks to queue
[2022-11-08T14:51:04.941+0000] {logging_mixin.py:120} INFO - [2022-11-08T14:51:04.941+0000] {dagbag.py:537} INFO - Filling up the DagBag from /home/airflow/.local/lib/python3.7/site-packages/airflow/example_dags/example_branch_operator.py
[2022-11-08T14:51:04.957+0000] {processor.py:766} INFO - DAG(s) dict_keys(['example_branch_operator']) retrieved from /home/airflow/.local/lib/python3.7/site-packages/airflow/example_dags/example_branch_operator.py
[2022-11-08T14:51:05.001+0000] {logging_mixin.py:120} INFO - [2022-11-08T14:51:05.000+0000] {dag.py:2585} INFO - Sync 1 DAGs
[2022-11-08T14:51:05.029+0000] {logging_mixin.py:120} INFO - [2022-11-08T14:51:05.029+0000] {dag.py:3340} INFO - Setting next_dagrun for example_branch_operator to 2022-11-07T00:00:00+00:00, run_after=2022-11-08T00:00:00+00:00
[2022-11-08T14:51:05.051+0000] {processor.py:176} INFO - Processing /home/airflow/.local/lib/python3.7/site-packages/airflow/example_dags/example_branch_operator.py took 0.115 seconds
[2022-11-08T14:51:35.928+0000] {processor.py:154} INFO - Started process (PID=7880) to work on /home/airflow/.local/lib/python3.7/site-packages/airflow/example_dags/example_branch_operator.py
[2022-11-08T14:51:35.930+0000] {processor.py:756} INFO - Processing file /home/airflow/.local/lib/python3.7/site-packages/airflow/example_dags/example_branch_operator.py for tasks to queue
[2022-11-08T14:51:35.930+0000] {logging_mixin.py:120} INFO - [2022-11-08T14:51:35.930+0000] {dagbag.py:537} INFO - Filling up the DagBag from /home/airflow/.local/lib/python3.7/site-packages/airflow/example_dags/example_branch_operator.py
[2022-11-08T14:51:35.955+0000] {processor.py:766} INFO - DAG(s) dict_keys(['example_branch_operator']) retrieved from /home/airflow/.local/lib/python3.7/site-packages/airflow/example_dags/example_branch_operator.py
[2022-11-08T14:51:36.002+0000] {logging_mixin.py:120} INFO - [2022-11-08T14:51:36.002+0000] {dag.py:2585} INFO - Sync 1 DAGs
[2022-11-08T14:51:36.033+0000] {logging_mixin.py:120} INFO - [2022-11-08T14:51:36.033+0000] {dag.py:3340} INFO - Setting next_dagrun for example_branch_operator to 2022-11-07T00:00:00+00:00, run_after=2022-11-08T00:00:00+00:00
[2022-11-08T14:51:36.062+0000] {processor.py:176} INFO - Processing /home/airflow/.local/lib/python3.7/site-packages/airflow/example_dags/example_branch_operator.py took 0.139 seconds
[2022-11-08T14:52:06.126+0000] {processor.py:154} INFO - Started process (PID=8087) to work on /home/airflow/.local/lib/python3.7/site-packages/airflow/example_dags/example_branch_operator.py
[2022-11-08T14:52:06.127+0000] {processor.py:756} INFO - Processing file /home/airflow/.local/lib/python3.7/site-packages/airflow/example_dags/example_branch_operator.py for tasks to queue
[2022-11-08T14:52:06.127+0000] {logging_mixin.py:120} INFO - [2022-11-08T14:52:06.127+0000] {dagbag.py:537} INFO - Filling up the DagBag from /home/airflow/.local/lib/python3.7/site-packages/airflow/example_dags/example_branch_operator.py
[2022-11-08T14:52:06.144+0000] {processor.py:766} INFO - DAG(s) dict_keys(['example_branch_operator']) retrieved from /home/airflow/.local/lib/python3.7/site-packages/airflow/example_dags/example_branch_operator.py
[2022-11-08T14:52:06.189+0000] {logging_mixin.py:120} INFO - [2022-11-08T14:52:06.189+0000] {dag.py:2585} INFO - Sync 1 DAGs
[2022-11-08T14:52:06.218+0000] {logging_mixin.py:120} INFO - [2022-11-08T14:52:06.218+0000] {dag.py:3340} INFO - Setting next_dagrun for example_branch_operator to 2022-11-07T00:00:00+00:00, run_after=2022-11-08T00:00:00+00:00
[2022-11-08T14:52:06.238+0000] {processor.py:176} INFO - Processing /home/airflow/.local/lib/python3.7/site-packages/airflow/example_dags/example_branch_operator.py took 0.115 seconds
[2022-11-08T14:52:36.476+0000] {processor.py:154} INFO - Started process (PID=8294) to work on /home/airflow/.local/lib/python3.7/site-packages/airflow/example_dags/example_branch_operator.py
[2022-11-08T14:52:36.477+0000] {processor.py:756} INFO - Processing file /home/airflow/.local/lib/python3.7/site-packages/airflow/example_dags/example_branch_operator.py for tasks to queue
[2022-11-08T14:52:36.478+0000] {logging_mixin.py:120} INFO - [2022-11-08T14:52:36.478+0000] {dagbag.py:537} INFO - Filling up the DagBag from /home/airflow/.local/lib/python3.7/site-packages/airflow/example_dags/example_branch_operator.py
[2022-11-08T14:52:36.495+0000] {processor.py:766} INFO - DAG(s) dict_keys(['example_branch_operator']) retrieved from /home/airflow/.local/lib/python3.7/site-packages/airflow/example_dags/example_branch_operator.py
[2022-11-08T14:52:36.536+0000] {logging_mixin.py:120} INFO - [2022-11-08T14:52:36.536+0000] {dag.py:2585} INFO - Sync 1 DAGs
[2022-11-08T14:52:36.559+0000] {logging_mixin.py:120} INFO - [2022-11-08T14:52:36.559+0000] {dag.py:3340} INFO - Setting next_dagrun for example_branch_operator to 2022-11-07T00:00:00+00:00, run_after=2022-11-08T00:00:00+00:00
[2022-11-08T14:52:36.580+0000] {processor.py:176} INFO - Processing /home/airflow/.local/lib/python3.7/site-packages/airflow/example_dags/example_branch_operator.py took 0.108 seconds
[2022-11-08T14:53:06.762+0000] {processor.py:154} INFO - Started process (PID=8488) to work on /home/airflow/.local/lib/python3.7/site-packages/airflow/example_dags/example_branch_operator.py
[2022-11-08T14:53:06.763+0000] {processor.py:756} INFO - Processing file /home/airflow/.local/lib/python3.7/site-packages/airflow/example_dags/example_branch_operator.py for tasks to queue
[2022-11-08T14:53:06.764+0000] {logging_mixin.py:120} INFO - [2022-11-08T14:53:06.764+0000] {dagbag.py:537} INFO - Filling up the DagBag from /home/airflow/.local/lib/python3.7/site-packages/airflow/example_dags/example_branch_operator.py
[2022-11-08T14:53:06.782+0000] {processor.py:766} INFO - DAG(s) dict_keys(['example_branch_operator']) retrieved from /home/airflow/.local/lib/python3.7/site-packages/airflow/example_dags/example_branch_operator.py
[2022-11-08T14:53:06.823+0000] {logging_mixin.py:120} INFO - [2022-11-08T14:53:06.823+0000] {dag.py:2585} INFO - Sync 1 DAGs
[2022-11-08T14:53:06.850+0000] {logging_mixin.py:120} INFO - [2022-11-08T14:53:06.850+0000] {dag.py:3340} INFO - Setting next_dagrun for example_branch_operator to 2022-11-07T00:00:00+00:00, run_after=2022-11-08T00:00:00+00:00
[2022-11-08T14:53:06.869+0000] {processor.py:176} INFO - Processing /home/airflow/.local/lib/python3.7/site-packages/airflow/example_dags/example_branch_operator.py took 0.110 seconds
[2022-11-08T14:53:36.958+0000] {processor.py:154} INFO - Started process (PID=8696) to work on /home/airflow/.local/lib/python3.7/site-packages/airflow/example_dags/example_branch_operator.py
[2022-11-08T14:53:36.959+0000] {processor.py:756} INFO - Processing file /home/airflow/.local/lib/python3.7/site-packages/airflow/example_dags/example_branch_operator.py for tasks to queue
[2022-11-08T14:53:36.960+0000] {logging_mixin.py:120} INFO - [2022-11-08T14:53:36.960+0000] {dagbag.py:537} INFO - Filling up the DagBag from /home/airflow/.local/lib/python3.7/site-packages/airflow/example_dags/example_branch_operator.py
[2022-11-08T14:53:36.979+0000] {processor.py:766} INFO - DAG(s) dict_keys(['example_branch_operator']) retrieved from /home/airflow/.local/lib/python3.7/site-packages/airflow/example_dags/example_branch_operator.py
[2022-11-08T14:53:37.032+0000] {logging_mixin.py:120} INFO - [2022-11-08T14:53:37.032+0000] {dag.py:2585} INFO - Sync 1 DAGs
[2022-11-08T14:53:37.060+0000] {logging_mixin.py:120} INFO - [2022-11-08T14:53:37.060+0000] {dag.py:3340} INFO - Setting next_dagrun for example_branch_operator to 2022-11-07T00:00:00+00:00, run_after=2022-11-08T00:00:00+00:00
[2022-11-08T14:53:37.080+0000] {processor.py:176} INFO - Processing /home/airflow/.local/lib/python3.7/site-packages/airflow/example_dags/example_branch_operator.py took 0.125 seconds
[2022-11-08T14:54:07.392+0000] {processor.py:154} INFO - Started process (PID=8903) to work on /home/airflow/.local/lib/python3.7/site-packages/airflow/example_dags/example_branch_operator.py
[2022-11-08T14:54:07.393+0000] {processor.py:756} INFO - Processing file /home/airflow/.local/lib/python3.7/site-packages/airflow/example_dags/example_branch_operator.py for tasks to queue
[2022-11-08T14:54:07.393+0000] {logging_mixin.py:120} INFO - [2022-11-08T14:54:07.393+0000] {dagbag.py:537} INFO - Filling up the DagBag from /home/airflow/.local/lib/python3.7/site-packages/airflow/example_dags/example_branch_operator.py
[2022-11-08T14:54:07.412+0000] {processor.py:766} INFO - DAG(s) dict_keys(['example_branch_operator']) retrieved from /home/airflow/.local/lib/python3.7/site-packages/airflow/example_dags/example_branch_operator.py
[2022-11-08T14:54:07.457+0000] {logging_mixin.py:120} INFO - [2022-11-08T14:54:07.456+0000] {dag.py:2585} INFO - Sync 1 DAGs
[2022-11-08T14:54:07.484+0000] {logging_mixin.py:120} INFO - [2022-11-08T14:54:07.484+0000] {dag.py:3340} INFO - Setting next_dagrun for example_branch_operator to 2022-11-07T00:00:00+00:00, run_after=2022-11-08T00:00:00+00:00
[2022-11-08T14:54:07.506+0000] {processor.py:176} INFO - Processing /home/airflow/.local/lib/python3.7/site-packages/airflow/example_dags/example_branch_operator.py took 0.118 seconds
[2022-11-08T14:54:38.179+0000] {processor.py:154} INFO - Started process (PID=9112) to work on /home/airflow/.local/lib/python3.7/site-packages/airflow/example_dags/example_branch_operator.py
[2022-11-08T14:54:38.180+0000] {processor.py:756} INFO - Processing file /home/airflow/.local/lib/python3.7/site-packages/airflow/example_dags/example_branch_operator.py for tasks to queue
[2022-11-08T14:54:38.181+0000] {logging_mixin.py:120} INFO - [2022-11-08T14:54:38.181+0000] {dagbag.py:537} INFO - Filling up the DagBag from /home/airflow/.local/lib/python3.7/site-packages/airflow/example_dags/example_branch_operator.py
[2022-11-08T14:54:38.211+0000] {processor.py:766} INFO - DAG(s) dict_keys(['example_branch_operator']) retrieved from /home/airflow/.local/lib/python3.7/site-packages/airflow/example_dags/example_branch_operator.py
[2022-11-08T14:54:38.270+0000] {logging_mixin.py:120} INFO - [2022-11-08T14:54:38.270+0000] {dag.py:2585} INFO - Sync 1 DAGs
[2022-11-08T14:54:38.308+0000] {logging_mixin.py:120} INFO - [2022-11-08T14:54:38.308+0000] {dag.py:3340} INFO - Setting next_dagrun for example_branch_operator to 2022-11-07T00:00:00+00:00, run_after=2022-11-08T00:00:00+00:00
[2022-11-08T14:54:38.336+0000] {processor.py:176} INFO - Processing /home/airflow/.local/lib/python3.7/site-packages/airflow/example_dags/example_branch_operator.py took 0.163 seconds
[2022-11-08T14:55:08.432+0000] {processor.py:154} INFO - Started process (PID=9308) to work on /home/airflow/.local/lib/python3.7/site-packages/airflow/example_dags/example_branch_operator.py
[2022-11-08T14:55:08.433+0000] {processor.py:756} INFO - Processing file /home/airflow/.local/lib/python3.7/site-packages/airflow/example_dags/example_branch_operator.py for tasks to queue
[2022-11-08T14:55:08.434+0000] {logging_mixin.py:120} INFO - [2022-11-08T14:55:08.434+0000] {dagbag.py:537} INFO - Filling up the DagBag from /home/airflow/.local/lib/python3.7/site-packages/airflow/example_dags/example_branch_operator.py
[2022-11-08T14:55:08.457+0000] {processor.py:766} INFO - DAG(s) dict_keys(['example_branch_operator']) retrieved from /home/airflow/.local/lib/python3.7/site-packages/airflow/example_dags/example_branch_operator.py
[2022-11-08T14:55:08.505+0000] {logging_mixin.py:120} INFO - [2022-11-08T14:55:08.505+0000] {dag.py:2585} INFO - Sync 1 DAGs
[2022-11-08T14:55:08.537+0000] {logging_mixin.py:120} INFO - [2022-11-08T14:55:08.536+0000] {dag.py:3340} INFO - Setting next_dagrun for example_branch_operator to 2022-11-07T00:00:00+00:00, run_after=2022-11-08T00:00:00+00:00
[2022-11-08T14:55:08.562+0000] {processor.py:176} INFO - Processing /home/airflow/.local/lib/python3.7/site-packages/airflow/example_dags/example_branch_operator.py took 0.135 seconds
[2022-11-08T14:55:38.838+0000] {processor.py:154} INFO - Started process (PID=9520) to work on /home/airflow/.local/lib/python3.7/site-packages/airflow/example_dags/example_branch_operator.py
[2022-11-08T14:55:38.839+0000] {processor.py:756} INFO - Processing file /home/airflow/.local/lib/python3.7/site-packages/airflow/example_dags/example_branch_operator.py for tasks to queue
[2022-11-08T14:55:38.840+0000] {logging_mixin.py:120} INFO - [2022-11-08T14:55:38.840+0000] {dagbag.py:537} INFO - Filling up the DagBag from /home/airflow/.local/lib/python3.7/site-packages/airflow/example_dags/example_branch_operator.py
[2022-11-08T14:55:38.858+0000] {processor.py:766} INFO - DAG(s) dict_keys(['example_branch_operator']) retrieved from /home/airflow/.local/lib/python3.7/site-packages/airflow/example_dags/example_branch_operator.py
[2022-11-08T14:55:38.906+0000] {logging_mixin.py:120} INFO - [2022-11-08T14:55:38.906+0000] {dag.py:2585} INFO - Sync 1 DAGs
[2022-11-08T14:55:38.935+0000] {logging_mixin.py:120} INFO - [2022-11-08T14:55:38.935+0000] {dag.py:3340} INFO - Setting next_dagrun for example_branch_operator to 2022-11-07T00:00:00+00:00, run_after=2022-11-08T00:00:00+00:00
[2022-11-08T14:55:38.957+0000] {processor.py:176} INFO - Processing /home/airflow/.local/lib/python3.7/site-packages/airflow/example_dags/example_branch_operator.py took 0.123 seconds
[2022-11-08T14:56:09.193+0000] {processor.py:154} INFO - Started process (PID=9722) to work on /home/airflow/.local/lib/python3.7/site-packages/airflow/example_dags/example_branch_operator.py
[2022-11-08T14:56:09.194+0000] {processor.py:756} INFO - Processing file /home/airflow/.local/lib/python3.7/site-packages/airflow/example_dags/example_branch_operator.py for tasks to queue
[2022-11-08T14:56:09.194+0000] {logging_mixin.py:120} INFO - [2022-11-08T14:56:09.194+0000] {dagbag.py:537} INFO - Filling up the DagBag from /home/airflow/.local/lib/python3.7/site-packages/airflow/example_dags/example_branch_operator.py
[2022-11-08T14:56:09.215+0000] {processor.py:766} INFO - DAG(s) dict_keys(['example_branch_operator']) retrieved from /home/airflow/.local/lib/python3.7/site-packages/airflow/example_dags/example_branch_operator.py
[2022-11-08T14:56:09.267+0000] {logging_mixin.py:120} INFO - [2022-11-08T14:56:09.267+0000] {dag.py:2585} INFO - Sync 1 DAGs
[2022-11-08T14:56:09.294+0000] {logging_mixin.py:120} INFO - [2022-11-08T14:56:09.294+0000] {dag.py:3340} INFO - Setting next_dagrun for example_branch_operator to 2022-11-07T00:00:00+00:00, run_after=2022-11-08T00:00:00+00:00
[2022-11-08T14:56:09.316+0000] {processor.py:176} INFO - Processing /home/airflow/.local/lib/python3.7/site-packages/airflow/example_dags/example_branch_operator.py took 0.127 seconds
[2022-11-08T14:56:40.610+0000] {processor.py:154} INFO - Started process (PID=9933) to work on /home/airflow/.local/lib/python3.7/site-packages/airflow/example_dags/example_branch_operator.py
[2022-11-08T14:56:40.611+0000] {processor.py:756} INFO - Processing file /home/airflow/.local/lib/python3.7/site-packages/airflow/example_dags/example_branch_operator.py for tasks to queue
[2022-11-08T14:56:40.612+0000] {logging_mixin.py:120} INFO - [2022-11-08T14:56:40.612+0000] {dagbag.py:537} INFO - Filling up the DagBag from /home/airflow/.local/lib/python3.7/site-packages/airflow/example_dags/example_branch_operator.py
[2022-11-08T14:56:40.636+0000] {processor.py:766} INFO - DAG(s) dict_keys(['example_branch_operator']) retrieved from /home/airflow/.local/lib/python3.7/site-packages/airflow/example_dags/example_branch_operator.py
[2022-11-08T14:56:40.713+0000] {logging_mixin.py:120} INFO - [2022-11-08T14:56:40.713+0000] {dag.py:2585} INFO - Sync 1 DAGs
[2022-11-08T14:56:40.742+0000] {logging_mixin.py:120} INFO - [2022-11-08T14:56:40.742+0000] {dag.py:3340} INFO - Setting next_dagrun for example_branch_operator to 2022-11-07T00:00:00+00:00, run_after=2022-11-08T00:00:00+00:00
[2022-11-08T14:56:40.773+0000] {processor.py:176} INFO - Processing /home/airflow/.local/lib/python3.7/site-packages/airflow/example_dags/example_branch_operator.py took 0.168 seconds
[2022-11-08T14:57:10.971+0000] {processor.py:154} INFO - Started process (PID=10133) to work on /home/airflow/.local/lib/python3.7/site-packages/airflow/example_dags/example_branch_operator.py
[2022-11-08T14:57:10.973+0000] {processor.py:756} INFO - Processing file /home/airflow/.local/lib/python3.7/site-packages/airflow/example_dags/example_branch_operator.py for tasks to queue
[2022-11-08T14:57:10.973+0000] {logging_mixin.py:120} INFO - [2022-11-08T14:57:10.973+0000] {dagbag.py:537} INFO - Filling up the DagBag from /home/airflow/.local/lib/python3.7/site-packages/airflow/example_dags/example_branch_operator.py
[2022-11-08T14:57:10.996+0000] {processor.py:766} INFO - DAG(s) dict_keys(['example_branch_operator']) retrieved from /home/airflow/.local/lib/python3.7/site-packages/airflow/example_dags/example_branch_operator.py
[2022-11-08T14:57:11.042+0000] {logging_mixin.py:120} INFO - [2022-11-08T14:57:11.042+0000] {dag.py:2585} INFO - Sync 1 DAGs
[2022-11-08T14:57:11.071+0000] {logging_mixin.py:120} INFO - [2022-11-08T14:57:11.071+0000] {dag.py:3340} INFO - Setting next_dagrun for example_branch_operator to 2022-11-07T00:00:00+00:00, run_after=2022-11-08T00:00:00+00:00
[2022-11-08T14:57:11.096+0000] {processor.py:176} INFO - Processing /home/airflow/.local/lib/python3.7/site-packages/airflow/example_dags/example_branch_operator.py took 0.128 seconds
[2022-11-08T14:57:42.087+0000] {processor.py:154} INFO - Started process (PID=10340) to work on /home/airflow/.local/lib/python3.7/site-packages/airflow/example_dags/example_branch_operator.py
[2022-11-08T14:57:42.088+0000] {processor.py:756} INFO - Processing file /home/airflow/.local/lib/python3.7/site-packages/airflow/example_dags/example_branch_operator.py for tasks to queue
[2022-11-08T14:57:42.089+0000] {logging_mixin.py:120} INFO - [2022-11-08T14:57:42.088+0000] {dagbag.py:537} INFO - Filling up the DagBag from /home/airflow/.local/lib/python3.7/site-packages/airflow/example_dags/example_branch_operator.py
[2022-11-08T14:57:42.107+0000] {processor.py:766} INFO - DAG(s) dict_keys(['example_branch_operator']) retrieved from /home/airflow/.local/lib/python3.7/site-packages/airflow/example_dags/example_branch_operator.py
[2022-11-08T14:57:42.150+0000] {logging_mixin.py:120} INFO - [2022-11-08T14:57:42.150+0000] {dag.py:2585} INFO - Sync 1 DAGs
[2022-11-08T14:57:42.176+0000] {logging_mixin.py:120} INFO - [2022-11-08T14:57:42.176+0000] {dag.py:3340} INFO - Setting next_dagrun for example_branch_operator to 2022-11-07T00:00:00+00:00, run_after=2022-11-08T00:00:00+00:00
[2022-11-08T14:57:42.199+0000] {processor.py:176} INFO - Processing /home/airflow/.local/lib/python3.7/site-packages/airflow/example_dags/example_branch_operator.py took 0.117 seconds
[2022-11-08T14:58:12.373+0000] {processor.py:154} INFO - Started process (PID=10547) to work on /home/airflow/.local/lib/python3.7/site-packages/airflow/example_dags/example_branch_operator.py
[2022-11-08T14:58:12.374+0000] {processor.py:756} INFO - Processing file /home/airflow/.local/lib/python3.7/site-packages/airflow/example_dags/example_branch_operator.py for tasks to queue
[2022-11-08T14:58:12.375+0000] {logging_mixin.py:120} INFO - [2022-11-08T14:58:12.375+0000] {dagbag.py:537} INFO - Filling up the DagBag from /home/airflow/.local/lib/python3.7/site-packages/airflow/example_dags/example_branch_operator.py
[2022-11-08T14:58:12.392+0000] {processor.py:766} INFO - DAG(s) dict_keys(['example_branch_operator']) retrieved from /home/airflow/.local/lib/python3.7/site-packages/airflow/example_dags/example_branch_operator.py
[2022-11-08T14:58:12.434+0000] {logging_mixin.py:120} INFO - [2022-11-08T14:58:12.434+0000] {dag.py:2585} INFO - Sync 1 DAGs
[2022-11-08T14:58:12.457+0000] {logging_mixin.py:120} INFO - [2022-11-08T14:58:12.457+0000] {dag.py:3340} INFO - Setting next_dagrun for example_branch_operator to 2022-11-07T00:00:00+00:00, run_after=2022-11-08T00:00:00+00:00
[2022-11-08T14:58:12.479+0000] {processor.py:176} INFO - Processing /home/airflow/.local/lib/python3.7/site-packages/airflow/example_dags/example_branch_operator.py took 0.110 seconds
[2022-11-08T14:58:42.660+0000] {processor.py:154} INFO - Started process (PID=10745) to work on /home/airflow/.local/lib/python3.7/site-packages/airflow/example_dags/example_branch_operator.py
[2022-11-08T14:58:42.661+0000] {processor.py:756} INFO - Processing file /home/airflow/.local/lib/python3.7/site-packages/airflow/example_dags/example_branch_operator.py for tasks to queue
[2022-11-08T14:58:42.662+0000] {logging_mixin.py:120} INFO - [2022-11-08T14:58:42.662+0000] {dagbag.py:537} INFO - Filling up the DagBag from /home/airflow/.local/lib/python3.7/site-packages/airflow/example_dags/example_branch_operator.py
[2022-11-08T14:58:42.681+0000] {processor.py:766} INFO - DAG(s) dict_keys(['example_branch_operator']) retrieved from /home/airflow/.local/lib/python3.7/site-packages/airflow/example_dags/example_branch_operator.py
[2022-11-08T14:58:42.728+0000] {logging_mixin.py:120} INFO - [2022-11-08T14:58:42.728+0000] {dag.py:2585} INFO - Sync 1 DAGs
[2022-11-08T14:58:42.757+0000] {logging_mixin.py:120} INFO - [2022-11-08T14:58:42.757+0000] {dag.py:3340} INFO - Setting next_dagrun for example_branch_operator to 2022-11-07T00:00:00+00:00, run_after=2022-11-08T00:00:00+00:00
[2022-11-08T14:58:42.778+0000] {processor.py:176} INFO - Processing /home/airflow/.local/lib/python3.7/site-packages/airflow/example_dags/example_branch_operator.py took 0.122 seconds
[2022-11-08T14:59:12.963+0000] {processor.py:154} INFO - Started process (PID=10952) to work on /home/airflow/.local/lib/python3.7/site-packages/airflow/example_dags/example_branch_operator.py
[2022-11-08T14:59:12.964+0000] {processor.py:756} INFO - Processing file /home/airflow/.local/lib/python3.7/site-packages/airflow/example_dags/example_branch_operator.py for tasks to queue
[2022-11-08T14:59:12.965+0000] {logging_mixin.py:120} INFO - [2022-11-08T14:59:12.965+0000] {dagbag.py:537} INFO - Filling up the DagBag from /home/airflow/.local/lib/python3.7/site-packages/airflow/example_dags/example_branch_operator.py
[2022-11-08T14:59:12.983+0000] {processor.py:766} INFO - DAG(s) dict_keys(['example_branch_operator']) retrieved from /home/airflow/.local/lib/python3.7/site-packages/airflow/example_dags/example_branch_operator.py
[2022-11-08T14:59:13.030+0000] {logging_mixin.py:120} INFO - [2022-11-08T14:59:13.029+0000] {dag.py:2585} INFO - Sync 1 DAGs
[2022-11-08T14:59:13.057+0000] {logging_mixin.py:120} INFO - [2022-11-08T14:59:13.057+0000] {dag.py:3340} INFO - Setting next_dagrun for example_branch_operator to 2022-11-07T00:00:00+00:00, run_after=2022-11-08T00:00:00+00:00
[2022-11-08T14:59:13.079+0000] {processor.py:176} INFO - Processing /home/airflow/.local/lib/python3.7/site-packages/airflow/example_dags/example_branch_operator.py took 0.120 seconds
[2022-11-08T14:59:43.189+0000] {processor.py:154} INFO - Started process (PID=11159) to work on /home/airflow/.local/lib/python3.7/site-packages/airflow/example_dags/example_branch_operator.py
[2022-11-08T14:59:43.190+0000] {processor.py:756} INFO - Processing file /home/airflow/.local/lib/python3.7/site-packages/airflow/example_dags/example_branch_operator.py for tasks to queue
[2022-11-08T14:59:43.191+0000] {logging_mixin.py:120} INFO - [2022-11-08T14:59:43.191+0000] {dagbag.py:537} INFO - Filling up the DagBag from /home/airflow/.local/lib/python3.7/site-packages/airflow/example_dags/example_branch_operator.py
[2022-11-08T14:59:43.210+0000] {processor.py:766} INFO - DAG(s) dict_keys(['example_branch_operator']) retrieved from /home/airflow/.local/lib/python3.7/site-packages/airflow/example_dags/example_branch_operator.py
[2022-11-08T14:59:43.254+0000] {logging_mixin.py:120} INFO - [2022-11-08T14:59:43.253+0000] {dag.py:2585} INFO - Sync 1 DAGs
[2022-11-08T14:59:43.277+0000] {logging_mixin.py:120} INFO - [2022-11-08T14:59:43.277+0000] {dag.py:3340} INFO - Setting next_dagrun for example_branch_operator to 2022-11-07T00:00:00+00:00, run_after=2022-11-08T00:00:00+00:00
[2022-11-08T14:59:43.299+0000] {processor.py:176} INFO - Processing /home/airflow/.local/lib/python3.7/site-packages/airflow/example_dags/example_branch_operator.py took 0.114 seconds
[2022-11-08T15:00:13.628+0000] {processor.py:154} INFO - Started process (PID=11366) to work on /home/airflow/.local/lib/python3.7/site-packages/airflow/example_dags/example_branch_operator.py
[2022-11-08T15:00:13.629+0000] {processor.py:756} INFO - Processing file /home/airflow/.local/lib/python3.7/site-packages/airflow/example_dags/example_branch_operator.py for tasks to queue
[2022-11-08T15:00:13.630+0000] {logging_mixin.py:120} INFO - [2022-11-08T15:00:13.630+0000] {dagbag.py:537} INFO - Filling up the DagBag from /home/airflow/.local/lib/python3.7/site-packages/airflow/example_dags/example_branch_operator.py
[2022-11-08T15:00:13.656+0000] {processor.py:766} INFO - DAG(s) dict_keys(['example_branch_operator']) retrieved from /home/airflow/.local/lib/python3.7/site-packages/airflow/example_dags/example_branch_operator.py
[2022-11-08T15:00:13.705+0000] {logging_mixin.py:120} INFO - [2022-11-08T15:00:13.705+0000] {dag.py:2585} INFO - Sync 1 DAGs
[2022-11-08T15:00:13.735+0000] {logging_mixin.py:120} INFO - [2022-11-08T15:00:13.735+0000] {dag.py:3340} INFO - Setting next_dagrun for example_branch_operator to 2022-11-07T00:00:00+00:00, run_after=2022-11-08T00:00:00+00:00
[2022-11-08T15:00:13.755+0000] {processor.py:176} INFO - Processing /home/airflow/.local/lib/python3.7/site-packages/airflow/example_dags/example_branch_operator.py took 0.132 seconds
[2022-11-08T15:00:43.921+0000] {processor.py:154} INFO - Started process (PID=11564) to work on /home/airflow/.local/lib/python3.7/site-packages/airflow/example_dags/example_branch_operator.py
[2022-11-08T15:00:43.922+0000] {processor.py:756} INFO - Processing file /home/airflow/.local/lib/python3.7/site-packages/airflow/example_dags/example_branch_operator.py for tasks to queue
[2022-11-08T15:00:43.923+0000] {logging_mixin.py:120} INFO - [2022-11-08T15:00:43.923+0000] {dagbag.py:537} INFO - Filling up the DagBag from /home/airflow/.local/lib/python3.7/site-packages/airflow/example_dags/example_branch_operator.py
[2022-11-08T15:00:43.944+0000] {processor.py:766} INFO - DAG(s) dict_keys(['example_branch_operator']) retrieved from /home/airflow/.local/lib/python3.7/site-packages/airflow/example_dags/example_branch_operator.py
[2022-11-08T15:00:44.001+0000] {logging_mixin.py:120} INFO - [2022-11-08T15:00:44.001+0000] {dag.py:2585} INFO - Sync 1 DAGs
[2022-11-08T15:00:44.035+0000] {logging_mixin.py:120} INFO - [2022-11-08T15:00:44.035+0000] {dag.py:3340} INFO - Setting next_dagrun for example_branch_operator to 2022-11-07T00:00:00+00:00, run_after=2022-11-08T00:00:00+00:00
[2022-11-08T15:00:44.056+0000] {processor.py:176} INFO - Processing /home/airflow/.local/lib/python3.7/site-packages/airflow/example_dags/example_branch_operator.py took 0.139 seconds
[2022-11-08T15:01:14.181+0000] {processor.py:154} INFO - Started process (PID=11772) to work on /home/airflow/.local/lib/python3.7/site-packages/airflow/example_dags/example_branch_operator.py
[2022-11-08T15:01:14.183+0000] {processor.py:756} INFO - Processing file /home/airflow/.local/lib/python3.7/site-packages/airflow/example_dags/example_branch_operator.py for tasks to queue
[2022-11-08T15:01:14.184+0000] {logging_mixin.py:120} INFO - [2022-11-08T15:01:14.183+0000] {dagbag.py:537} INFO - Filling up the DagBag from /home/airflow/.local/lib/python3.7/site-packages/airflow/example_dags/example_branch_operator.py
[2022-11-08T15:01:14.208+0000] {processor.py:766} INFO - DAG(s) dict_keys(['example_branch_operator']) retrieved from /home/airflow/.local/lib/python3.7/site-packages/airflow/example_dags/example_branch_operator.py
[2022-11-08T15:01:14.261+0000] {logging_mixin.py:120} INFO - [2022-11-08T15:01:14.261+0000] {dag.py:2585} INFO - Sync 1 DAGs
[2022-11-08T15:01:14.294+0000] {logging_mixin.py:120} INFO - [2022-11-08T15:01:14.294+0000] {dag.py:3340} INFO - Setting next_dagrun for example_branch_operator to 2022-11-07T00:00:00+00:00, run_after=2022-11-08T00:00:00+00:00
[2022-11-08T15:01:14.325+0000] {processor.py:176} INFO - Processing /home/airflow/.local/lib/python3.7/site-packages/airflow/example_dags/example_branch_operator.py took 0.149 seconds
