[2022-11-08T14:24:59.252+0000] {processor.py:154} INFO - Started process (PID=39) to work on /home/airflow/.local/lib/python3.7/site-packages/airflow/example_dags/example_task_group.py
[2022-11-08T14:24:59.253+0000] {processor.py:756} INFO - Processing file /home/airflow/.local/lib/python3.7/site-packages/airflow/example_dags/example_task_group.py for tasks to queue
[2022-11-08T14:24:59.254+0000] {logging_mixin.py:120} INFO - [2022-11-08T14:24:59.254+0000] {dagbag.py:537} INFO - Filling up the DagBag from /home/airflow/.local/lib/python3.7/site-packages/airflow/example_dags/example_task_group.py
[2022-11-08T14:24:59.271+0000] {processor.py:766} INFO - DAG(s) dict_keys(['example_task_group']) retrieved from /home/airflow/.local/lib/python3.7/site-packages/airflow/example_dags/example_task_group.py
[2022-11-08T14:24:59.293+0000] {logging_mixin.py:120} INFO - [2022-11-08T14:24:59.293+0000] {dag.py:2585} INFO - Sync 1 DAGs
[2022-11-08T14:24:59.317+0000] {logging_mixin.py:120} INFO - [2022-11-08T14:24:59.317+0000] {dag.py:3340} INFO - Setting next_dagrun for example_task_group to 2022-11-07T14:24:59.317204+00:00, run_after=2022-11-08T14:24:59.317204+00:00
[2022-11-08T14:24:59.334+0000] {processor.py:176} INFO - Processing /home/airflow/.local/lib/python3.7/site-packages/airflow/example_dags/example_task_group.py took 0.085 seconds
[2022-11-08T14:25:29.631+0000] {processor.py:154} INFO - Started process (PID=102) to work on /home/airflow/.local/lib/python3.7/site-packages/airflow/example_dags/example_task_group.py
[2022-11-08T14:25:29.632+0000] {processor.py:756} INFO - Processing file /home/airflow/.local/lib/python3.7/site-packages/airflow/example_dags/example_task_group.py for tasks to queue
[2022-11-08T14:25:29.634+0000] {logging_mixin.py:120} INFO - [2022-11-08T14:25:29.634+0000] {dagbag.py:537} INFO - Filling up the DagBag from /home/airflow/.local/lib/python3.7/site-packages/airflow/example_dags/example_task_group.py
[2022-11-08T14:25:29.655+0000] {processor.py:766} INFO - DAG(s) dict_keys(['example_task_group']) retrieved from /home/airflow/.local/lib/python3.7/site-packages/airflow/example_dags/example_task_group.py
[2022-11-08T14:25:29.706+0000] {logging_mixin.py:120} INFO - [2022-11-08T14:25:29.706+0000] {dag.py:2585} INFO - Sync 1 DAGs
[2022-11-08T14:25:29.741+0000] {logging_mixin.py:120} INFO - [2022-11-08T14:25:29.741+0000] {dag.py:3340} INFO - Setting next_dagrun for example_task_group to 2022-11-07T14:25:29.741103+00:00, run_after=2022-11-08T14:25:29.741103+00:00
[2022-11-08T14:25:29.772+0000] {processor.py:176} INFO - Processing /home/airflow/.local/lib/python3.7/site-packages/airflow/example_dags/example_task_group.py took 0.147 seconds
[2022-11-08T14:26:00.644+0000] {processor.py:154} INFO - Started process (PID=166) to work on /home/airflow/.local/lib/python3.7/site-packages/airflow/example_dags/example_task_group.py
[2022-11-08T14:26:00.645+0000] {processor.py:756} INFO - Processing file /home/airflow/.local/lib/python3.7/site-packages/airflow/example_dags/example_task_group.py for tasks to queue
[2022-11-08T14:26:00.645+0000] {logging_mixin.py:120} INFO - [2022-11-08T14:26:00.645+0000] {dagbag.py:537} INFO - Filling up the DagBag from /home/airflow/.local/lib/python3.7/site-packages/airflow/example_dags/example_task_group.py
[2022-11-08T14:26:00.662+0000] {processor.py:766} INFO - DAG(s) dict_keys(['example_task_group']) retrieved from /home/airflow/.local/lib/python3.7/site-packages/airflow/example_dags/example_task_group.py
[2022-11-08T14:26:00.701+0000] {logging_mixin.py:120} INFO - [2022-11-08T14:26:00.700+0000] {dag.py:2585} INFO - Sync 1 DAGs
[2022-11-08T14:26:00.723+0000] {logging_mixin.py:120} INFO - [2022-11-08T14:26:00.723+0000] {dag.py:3340} INFO - Setting next_dagrun for example_task_group to 2022-11-07T14:26:00.723181+00:00, run_after=2022-11-08T14:26:00.723181+00:00
[2022-11-08T14:26:00.742+0000] {processor.py:176} INFO - Processing /home/airflow/.local/lib/python3.7/site-packages/airflow/example_dags/example_task_group.py took 0.101 seconds
[2022-11-08T14:26:31.255+0000] {processor.py:154} INFO - Started process (PID=229) to work on /home/airflow/.local/lib/python3.7/site-packages/airflow/example_dags/example_task_group.py
[2022-11-08T14:26:31.256+0000] {processor.py:756} INFO - Processing file /home/airflow/.local/lib/python3.7/site-packages/airflow/example_dags/example_task_group.py for tasks to queue
[2022-11-08T14:26:31.257+0000] {logging_mixin.py:120} INFO - [2022-11-08T14:26:31.257+0000] {dagbag.py:537} INFO - Filling up the DagBag from /home/airflow/.local/lib/python3.7/site-packages/airflow/example_dags/example_task_group.py
[2022-11-08T14:26:31.272+0000] {processor.py:766} INFO - DAG(s) dict_keys(['example_task_group']) retrieved from /home/airflow/.local/lib/python3.7/site-packages/airflow/example_dags/example_task_group.py
[2022-11-08T14:26:31.313+0000] {logging_mixin.py:120} INFO - [2022-11-08T14:26:31.312+0000] {dag.py:2585} INFO - Sync 1 DAGs
[2022-11-08T14:26:31.337+0000] {logging_mixin.py:120} INFO - [2022-11-08T14:26:31.336+0000] {dag.py:3340} INFO - Setting next_dagrun for example_task_group to 2022-11-07T14:26:31.336626+00:00, run_after=2022-11-08T14:26:31.336626+00:00
[2022-11-08T14:26:31.357+0000] {processor.py:176} INFO - Processing /home/airflow/.local/lib/python3.7/site-packages/airflow/example_dags/example_task_group.py took 0.106 seconds
[2022-11-08T14:27:01.920+0000] {processor.py:154} INFO - Started process (PID=283) to work on /home/airflow/.local/lib/python3.7/site-packages/airflow/example_dags/example_task_group.py
[2022-11-08T14:27:01.921+0000] {processor.py:756} INFO - Processing file /home/airflow/.local/lib/python3.7/site-packages/airflow/example_dags/example_task_group.py for tasks to queue
[2022-11-08T14:27:01.922+0000] {logging_mixin.py:120} INFO - [2022-11-08T14:27:01.922+0000] {dagbag.py:537} INFO - Filling up the DagBag from /home/airflow/.local/lib/python3.7/site-packages/airflow/example_dags/example_task_group.py
[2022-11-08T14:27:01.940+0000] {processor.py:766} INFO - DAG(s) dict_keys(['example_task_group']) retrieved from /home/airflow/.local/lib/python3.7/site-packages/airflow/example_dags/example_task_group.py
[2022-11-08T14:27:01.981+0000] {logging_mixin.py:120} INFO - [2022-11-08T14:27:01.981+0000] {dag.py:2585} INFO - Sync 1 DAGs
[2022-11-08T14:27:02.005+0000] {logging_mixin.py:120} INFO - [2022-11-08T14:27:02.005+0000] {dag.py:3340} INFO - Setting next_dagrun for example_task_group to 2022-11-07T14:27:02.005127+00:00, run_after=2022-11-08T14:27:02.005127+00:00
[2022-11-08T14:27:02.028+0000] {processor.py:176} INFO - Processing /home/airflow/.local/lib/python3.7/site-packages/airflow/example_dags/example_task_group.py took 0.113 seconds
[2022-11-08T14:27:32.876+0000] {processor.py:154} INFO - Started process (PID=346) to work on /home/airflow/.local/lib/python3.7/site-packages/airflow/example_dags/example_task_group.py
[2022-11-08T14:27:32.877+0000] {processor.py:756} INFO - Processing file /home/airflow/.local/lib/python3.7/site-packages/airflow/example_dags/example_task_group.py for tasks to queue
[2022-11-08T14:27:32.878+0000] {logging_mixin.py:120} INFO - [2022-11-08T14:27:32.878+0000] {dagbag.py:537} INFO - Filling up the DagBag from /home/airflow/.local/lib/python3.7/site-packages/airflow/example_dags/example_task_group.py
[2022-11-08T14:27:32.897+0000] {processor.py:766} INFO - DAG(s) dict_keys(['example_task_group']) retrieved from /home/airflow/.local/lib/python3.7/site-packages/airflow/example_dags/example_task_group.py
[2022-11-08T14:27:32.956+0000] {logging_mixin.py:120} INFO - [2022-11-08T14:27:32.956+0000] {dag.py:2585} INFO - Sync 1 DAGs
[2022-11-08T14:27:33.004+0000] {logging_mixin.py:120} INFO - [2022-11-08T14:27:33.004+0000] {dag.py:3340} INFO - Setting next_dagrun for example_task_group to 2022-11-07T14:27:33.004166+00:00, run_after=2022-11-08T14:27:33.004166+00:00
[2022-11-08T14:27:33.026+0000] {processor.py:176} INFO - Processing /home/airflow/.local/lib/python3.7/site-packages/airflow/example_dags/example_task_group.py took 0.155 seconds
[2022-11-08T14:28:03.661+0000] {processor.py:154} INFO - Started process (PID=410) to work on /home/airflow/.local/lib/python3.7/site-packages/airflow/example_dags/example_task_group.py
[2022-11-08T14:28:03.662+0000] {processor.py:756} INFO - Processing file /home/airflow/.local/lib/python3.7/site-packages/airflow/example_dags/example_task_group.py for tasks to queue
[2022-11-08T14:28:03.663+0000] {logging_mixin.py:120} INFO - [2022-11-08T14:28:03.663+0000] {dagbag.py:537} INFO - Filling up the DagBag from /home/airflow/.local/lib/python3.7/site-packages/airflow/example_dags/example_task_group.py
[2022-11-08T14:28:03.680+0000] {processor.py:766} INFO - DAG(s) dict_keys(['example_task_group']) retrieved from /home/airflow/.local/lib/python3.7/site-packages/airflow/example_dags/example_task_group.py
[2022-11-08T14:28:03.726+0000] {logging_mixin.py:120} INFO - [2022-11-08T14:28:03.726+0000] {dag.py:2585} INFO - Sync 1 DAGs
[2022-11-08T14:28:03.754+0000] {logging_mixin.py:120} INFO - [2022-11-08T14:28:03.754+0000] {dag.py:3340} INFO - Setting next_dagrun for example_task_group to 2022-11-07T14:28:03.754368+00:00, run_after=2022-11-08T14:28:03.754368+00:00
[2022-11-08T14:28:03.775+0000] {processor.py:176} INFO - Processing /home/airflow/.local/lib/python3.7/site-packages/airflow/example_dags/example_task_group.py took 0.119 seconds
[2022-11-08T14:28:34.324+0000] {processor.py:154} INFO - Started process (PID=473) to work on /home/airflow/.local/lib/python3.7/site-packages/airflow/example_dags/example_task_group.py
[2022-11-08T14:28:34.325+0000] {processor.py:756} INFO - Processing file /home/airflow/.local/lib/python3.7/site-packages/airflow/example_dags/example_task_group.py for tasks to queue
[2022-11-08T14:28:34.326+0000] {logging_mixin.py:120} INFO - [2022-11-08T14:28:34.326+0000] {dagbag.py:537} INFO - Filling up the DagBag from /home/airflow/.local/lib/python3.7/site-packages/airflow/example_dags/example_task_group.py
[2022-11-08T14:28:34.345+0000] {processor.py:766} INFO - DAG(s) dict_keys(['example_task_group']) retrieved from /home/airflow/.local/lib/python3.7/site-packages/airflow/example_dags/example_task_group.py
[2022-11-08T14:28:34.391+0000] {logging_mixin.py:120} INFO - [2022-11-08T14:28:34.391+0000] {dag.py:2585} INFO - Sync 1 DAGs
[2022-11-08T14:28:34.419+0000] {logging_mixin.py:120} INFO - [2022-11-08T14:28:34.419+0000] {dag.py:3340} INFO - Setting next_dagrun for example_task_group to 2022-11-07T14:28:34.418833+00:00, run_after=2022-11-08T14:28:34.418833+00:00
[2022-11-08T14:28:34.445+0000] {processor.py:176} INFO - Processing /home/airflow/.local/lib/python3.7/site-packages/airflow/example_dags/example_task_group.py took 0.126 seconds
[2022-11-08T14:29:05.125+0000] {processor.py:154} INFO - Started process (PID=527) to work on /home/airflow/.local/lib/python3.7/site-packages/airflow/example_dags/example_task_group.py
[2022-11-08T14:29:05.126+0000] {processor.py:756} INFO - Processing file /home/airflow/.local/lib/python3.7/site-packages/airflow/example_dags/example_task_group.py for tasks to queue
[2022-11-08T14:29:05.126+0000] {logging_mixin.py:120} INFO - [2022-11-08T14:29:05.126+0000] {dagbag.py:537} INFO - Filling up the DagBag from /home/airflow/.local/lib/python3.7/site-packages/airflow/example_dags/example_task_group.py
[2022-11-08T14:29:05.141+0000] {processor.py:766} INFO - DAG(s) dict_keys(['example_task_group']) retrieved from /home/airflow/.local/lib/python3.7/site-packages/airflow/example_dags/example_task_group.py
[2022-11-08T14:29:05.178+0000] {logging_mixin.py:120} INFO - [2022-11-08T14:29:05.178+0000] {dag.py:2585} INFO - Sync 1 DAGs
[2022-11-08T14:29:05.198+0000] {logging_mixin.py:120} INFO - [2022-11-08T14:29:05.197+0000] {dag.py:3340} INFO - Setting next_dagrun for example_task_group to 2022-11-07T14:29:05.197703+00:00, run_after=2022-11-08T14:29:05.197703+00:00
[2022-11-08T14:29:05.214+0000] {processor.py:176} INFO - Processing /home/airflow/.local/lib/python3.7/site-packages/airflow/example_dags/example_task_group.py took 0.092 seconds
[2022-11-08T14:29:35.645+0000] {processor.py:154} INFO - Started process (PID=590) to work on /home/airflow/.local/lib/python3.7/site-packages/airflow/example_dags/example_task_group.py
[2022-11-08T14:29:35.647+0000] {processor.py:756} INFO - Processing file /home/airflow/.local/lib/python3.7/site-packages/airflow/example_dags/example_task_group.py for tasks to queue
[2022-11-08T14:29:35.648+0000] {logging_mixin.py:120} INFO - [2022-11-08T14:29:35.647+0000] {dagbag.py:537} INFO - Filling up the DagBag from /home/airflow/.local/lib/python3.7/site-packages/airflow/example_dags/example_task_group.py
[2022-11-08T14:29:35.674+0000] {processor.py:766} INFO - DAG(s) dict_keys(['example_task_group']) retrieved from /home/airflow/.local/lib/python3.7/site-packages/airflow/example_dags/example_task_group.py
[2022-11-08T14:29:35.723+0000] {logging_mixin.py:120} INFO - [2022-11-08T14:29:35.723+0000] {dag.py:2585} INFO - Sync 1 DAGs
[2022-11-08T14:29:35.768+0000] {logging_mixin.py:120} INFO - [2022-11-08T14:29:35.768+0000] {dag.py:3340} INFO - Setting next_dagrun for example_task_group to 2022-11-07T14:29:35.768555+00:00, run_after=2022-11-08T14:29:35.768555+00:00
[2022-11-08T14:29:35.791+0000] {processor.py:176} INFO - Processing /home/airflow/.local/lib/python3.7/site-packages/airflow/example_dags/example_task_group.py took 0.151 seconds
[2022-11-08T14:30:06.206+0000] {processor.py:154} INFO - Started process (PID=653) to work on /home/airflow/.local/lib/python3.7/site-packages/airflow/example_dags/example_task_group.py
[2022-11-08T14:30:06.207+0000] {processor.py:756} INFO - Processing file /home/airflow/.local/lib/python3.7/site-packages/airflow/example_dags/example_task_group.py for tasks to queue
[2022-11-08T14:30:06.207+0000] {logging_mixin.py:120} INFO - [2022-11-08T14:30:06.207+0000] {dagbag.py:537} INFO - Filling up the DagBag from /home/airflow/.local/lib/python3.7/site-packages/airflow/example_dags/example_task_group.py
[2022-11-08T14:30:06.222+0000] {processor.py:766} INFO - DAG(s) dict_keys(['example_task_group']) retrieved from /home/airflow/.local/lib/python3.7/site-packages/airflow/example_dags/example_task_group.py
[2022-11-08T14:30:06.257+0000] {logging_mixin.py:120} INFO - [2022-11-08T14:30:06.257+0000] {dag.py:2585} INFO - Sync 1 DAGs
[2022-11-08T14:30:06.281+0000] {logging_mixin.py:120} INFO - [2022-11-08T14:30:06.281+0000] {dag.py:3340} INFO - Setting next_dagrun for example_task_group to 2022-11-07T14:30:06.280883+00:00, run_after=2022-11-08T14:30:06.280883+00:00
[2022-11-08T14:30:06.302+0000] {processor.py:176} INFO - Processing /home/airflow/.local/lib/python3.7/site-packages/airflow/example_dags/example_task_group.py took 0.099 seconds
[2022-11-08T14:30:36.613+0000] {processor.py:154} INFO - Started process (PID=717) to work on /home/airflow/.local/lib/python3.7/site-packages/airflow/example_dags/example_task_group.py
[2022-11-08T14:30:36.614+0000] {processor.py:756} INFO - Processing file /home/airflow/.local/lib/python3.7/site-packages/airflow/example_dags/example_task_group.py for tasks to queue
[2022-11-08T14:30:36.614+0000] {logging_mixin.py:120} INFO - [2022-11-08T14:30:36.614+0000] {dagbag.py:537} INFO - Filling up the DagBag from /home/airflow/.local/lib/python3.7/site-packages/airflow/example_dags/example_task_group.py
[2022-11-08T14:30:36.629+0000] {processor.py:766} INFO - DAG(s) dict_keys(['example_task_group']) retrieved from /home/airflow/.local/lib/python3.7/site-packages/airflow/example_dags/example_task_group.py
[2022-11-08T14:30:36.664+0000] {logging_mixin.py:120} INFO - [2022-11-08T14:30:36.664+0000] {dag.py:2585} INFO - Sync 1 DAGs
[2022-11-08T14:30:36.685+0000] {logging_mixin.py:120} INFO - [2022-11-08T14:30:36.685+0000] {dag.py:3340} INFO - Setting next_dagrun for example_task_group to 2022-11-07T14:30:36.685210+00:00, run_after=2022-11-08T14:30:36.685210+00:00
[2022-11-08T14:30:36.718+0000] {processor.py:176} INFO - Processing /home/airflow/.local/lib/python3.7/site-packages/airflow/example_dags/example_task_group.py took 0.108 seconds
[2022-11-08T14:31:07.577+0000] {processor.py:154} INFO - Started process (PID=780) to work on /home/airflow/.local/lib/python3.7/site-packages/airflow/example_dags/example_task_group.py
[2022-11-08T14:31:07.578+0000] {processor.py:756} INFO - Processing file /home/airflow/.local/lib/python3.7/site-packages/airflow/example_dags/example_task_group.py for tasks to queue
[2022-11-08T14:31:07.579+0000] {logging_mixin.py:120} INFO - [2022-11-08T14:31:07.579+0000] {dagbag.py:537} INFO - Filling up the DagBag from /home/airflow/.local/lib/python3.7/site-packages/airflow/example_dags/example_task_group.py
[2022-11-08T14:31:07.610+0000] {processor.py:766} INFO - DAG(s) dict_keys(['example_task_group']) retrieved from /home/airflow/.local/lib/python3.7/site-packages/airflow/example_dags/example_task_group.py
[2022-11-08T14:31:07.649+0000] {logging_mixin.py:120} INFO - [2022-11-08T14:31:07.649+0000] {dag.py:2585} INFO - Sync 1 DAGs
[2022-11-08T14:31:07.670+0000] {logging_mixin.py:120} INFO - [2022-11-08T14:31:07.670+0000] {dag.py:3340} INFO - Setting next_dagrun for example_task_group to 2022-11-07T14:31:07.670059+00:00, run_after=2022-11-08T14:31:07.670059+00:00
[2022-11-08T14:31:07.692+0000] {processor.py:176} INFO - Processing /home/airflow/.local/lib/python3.7/site-packages/airflow/example_dags/example_task_group.py took 0.120 seconds
[2022-11-08T14:31:38.211+0000] {processor.py:154} INFO - Started process (PID=834) to work on /home/airflow/.local/lib/python3.7/site-packages/airflow/example_dags/example_task_group.py
[2022-11-08T14:31:38.212+0000] {processor.py:756} INFO - Processing file /home/airflow/.local/lib/python3.7/site-packages/airflow/example_dags/example_task_group.py for tasks to queue
[2022-11-08T14:31:38.212+0000] {logging_mixin.py:120} INFO - [2022-11-08T14:31:38.212+0000] {dagbag.py:537} INFO - Filling up the DagBag from /home/airflow/.local/lib/python3.7/site-packages/airflow/example_dags/example_task_group.py
[2022-11-08T14:31:38.227+0000] {processor.py:766} INFO - DAG(s) dict_keys(['example_task_group']) retrieved from /home/airflow/.local/lib/python3.7/site-packages/airflow/example_dags/example_task_group.py
[2022-11-08T14:31:38.249+0000] {logging_mixin.py:120} INFO - [2022-11-08T14:31:38.249+0000] {dag.py:2585} INFO - Sync 1 DAGs
[2022-11-08T14:31:38.269+0000] {logging_mixin.py:120} INFO - [2022-11-08T14:31:38.269+0000] {dag.py:3340} INFO - Setting next_dagrun for example_task_group to 2022-11-07T14:31:38.269113+00:00, run_after=2022-11-08T14:31:38.269113+00:00
[2022-11-08T14:31:38.287+0000] {processor.py:176} INFO - Processing /home/airflow/.local/lib/python3.7/site-packages/airflow/example_dags/example_task_group.py took 0.080 seconds
[2022-11-08T14:32:08.464+0000] {processor.py:154} INFO - Started process (PID=896) to work on /home/airflow/.local/lib/python3.7/site-packages/airflow/example_dags/example_task_group.py
[2022-11-08T14:32:08.465+0000] {processor.py:756} INFO - Processing file /home/airflow/.local/lib/python3.7/site-packages/airflow/example_dags/example_task_group.py for tasks to queue
[2022-11-08T14:32:08.466+0000] {logging_mixin.py:120} INFO - [2022-11-08T14:32:08.466+0000] {dagbag.py:537} INFO - Filling up the DagBag from /home/airflow/.local/lib/python3.7/site-packages/airflow/example_dags/example_task_group.py
[2022-11-08T14:32:08.481+0000] {processor.py:766} INFO - DAG(s) dict_keys(['example_task_group']) retrieved from /home/airflow/.local/lib/python3.7/site-packages/airflow/example_dags/example_task_group.py
[2022-11-08T14:32:08.517+0000] {logging_mixin.py:120} INFO - [2022-11-08T14:32:08.517+0000] {dag.py:2585} INFO - Sync 1 DAGs
[2022-11-08T14:32:08.542+0000] {logging_mixin.py:120} INFO - [2022-11-08T14:32:08.541+0000] {dag.py:3340} INFO - Setting next_dagrun for example_task_group to 2022-11-07T14:32:08.541681+00:00, run_after=2022-11-08T14:32:08.541681+00:00
[2022-11-08T14:32:08.571+0000] {processor.py:176} INFO - Processing /home/airflow/.local/lib/python3.7/site-packages/airflow/example_dags/example_task_group.py took 0.110 seconds
[2022-11-08T14:32:38.834+0000] {processor.py:154} INFO - Started process (PID=182) to work on /home/airflow/.local/lib/python3.7/site-packages/airflow/example_dags/example_task_group.py
[2022-11-08T14:32:38.835+0000] {processor.py:756} INFO - Processing file /home/airflow/.local/lib/python3.7/site-packages/airflow/example_dags/example_task_group.py for tasks to queue
[2022-11-08T14:32:38.836+0000] {logging_mixin.py:120} INFO - [2022-11-08T14:32:38.836+0000] {dagbag.py:537} INFO - Filling up the DagBag from /home/airflow/.local/lib/python3.7/site-packages/airflow/example_dags/example_task_group.py
[2022-11-08T14:32:38.855+0000] {processor.py:766} INFO - DAG(s) dict_keys(['example_task_group']) retrieved from /home/airflow/.local/lib/python3.7/site-packages/airflow/example_dags/example_task_group.py
[2022-11-08T14:32:38.875+0000] {logging_mixin.py:120} INFO - [2022-11-08T14:32:38.875+0000] {dag.py:2585} INFO - Sync 1 DAGs
[2022-11-08T14:32:38.893+0000] {logging_mixin.py:120} INFO - [2022-11-08T14:32:38.893+0000] {dag.py:3340} INFO - Setting next_dagrun for example_task_group to 2022-11-07T14:32:38.893340+00:00, run_after=2022-11-08T14:32:38.893340+00:00
[2022-11-08T14:32:38.908+0000] {processor.py:176} INFO - Processing /home/airflow/.local/lib/python3.7/site-packages/airflow/example_dags/example_task_group.py took 0.077 seconds
[2022-11-08T14:33:10.045+0000] {processor.py:154} INFO - Started process (PID=388) to work on /home/airflow/.local/lib/python3.7/site-packages/airflow/example_dags/example_task_group.py
[2022-11-08T14:33:10.046+0000] {processor.py:756} INFO - Processing file /home/airflow/.local/lib/python3.7/site-packages/airflow/example_dags/example_task_group.py for tasks to queue
[2022-11-08T14:33:10.047+0000] {logging_mixin.py:120} INFO - [2022-11-08T14:33:10.046+0000] {dagbag.py:537} INFO - Filling up the DagBag from /home/airflow/.local/lib/python3.7/site-packages/airflow/example_dags/example_task_group.py
[2022-11-08T14:33:10.069+0000] {processor.py:766} INFO - DAG(s) dict_keys(['example_task_group']) retrieved from /home/airflow/.local/lib/python3.7/site-packages/airflow/example_dags/example_task_group.py
[2022-11-08T14:33:10.131+0000] {logging_mixin.py:120} INFO - [2022-11-08T14:33:10.131+0000] {dag.py:2585} INFO - Sync 1 DAGs
[2022-11-08T14:33:10.154+0000] {logging_mixin.py:120} INFO - [2022-11-08T14:33:10.154+0000] {dag.py:3340} INFO - Setting next_dagrun for example_task_group to 2022-11-07T14:33:10.154319+00:00, run_after=2022-11-08T14:33:10.154319+00:00
[2022-11-08T14:33:10.171+0000] {processor.py:176} INFO - Processing /home/airflow/.local/lib/python3.7/site-packages/airflow/example_dags/example_task_group.py took 0.131 seconds
[2022-11-08T14:33:40.863+0000] {processor.py:154} INFO - Started process (PID=595) to work on /home/airflow/.local/lib/python3.7/site-packages/airflow/example_dags/example_task_group.py
[2022-11-08T14:33:40.864+0000] {processor.py:756} INFO - Processing file /home/airflow/.local/lib/python3.7/site-packages/airflow/example_dags/example_task_group.py for tasks to queue
[2022-11-08T14:33:40.865+0000] {logging_mixin.py:120} INFO - [2022-11-08T14:33:40.865+0000] {dagbag.py:537} INFO - Filling up the DagBag from /home/airflow/.local/lib/python3.7/site-packages/airflow/example_dags/example_task_group.py
[2022-11-08T14:33:40.882+0000] {processor.py:766} INFO - DAG(s) dict_keys(['example_task_group']) retrieved from /home/airflow/.local/lib/python3.7/site-packages/airflow/example_dags/example_task_group.py
[2022-11-08T14:33:40.909+0000] {logging_mixin.py:120} INFO - [2022-11-08T14:33:40.909+0000] {dag.py:2585} INFO - Sync 1 DAGs
[2022-11-08T14:33:40.934+0000] {logging_mixin.py:120} INFO - [2022-11-08T14:33:40.933+0000] {dag.py:3340} INFO - Setting next_dagrun for example_task_group to 2022-11-07T14:33:40.933627+00:00, run_after=2022-11-08T14:33:40.933627+00:00
[2022-11-08T14:33:40.954+0000] {processor.py:176} INFO - Processing /home/airflow/.local/lib/python3.7/site-packages/airflow/example_dags/example_task_group.py took 0.095 seconds
[2022-11-08T14:34:11.502+0000] {processor.py:154} INFO - Started process (PID=803) to work on /home/airflow/.local/lib/python3.7/site-packages/airflow/example_dags/example_task_group.py
[2022-11-08T14:34:11.503+0000] {processor.py:756} INFO - Processing file /home/airflow/.local/lib/python3.7/site-packages/airflow/example_dags/example_task_group.py for tasks to queue
[2022-11-08T14:34:11.504+0000] {logging_mixin.py:120} INFO - [2022-11-08T14:34:11.504+0000] {dagbag.py:537} INFO - Filling up the DagBag from /home/airflow/.local/lib/python3.7/site-packages/airflow/example_dags/example_task_group.py
[2022-11-08T14:34:11.526+0000] {processor.py:766} INFO - DAG(s) dict_keys(['example_task_group']) retrieved from /home/airflow/.local/lib/python3.7/site-packages/airflow/example_dags/example_task_group.py
[2022-11-08T14:34:11.579+0000] {logging_mixin.py:120} INFO - [2022-11-08T14:34:11.579+0000] {dag.py:2585} INFO - Sync 1 DAGs
[2022-11-08T14:34:11.610+0000] {logging_mixin.py:120} INFO - [2022-11-08T14:34:11.610+0000] {dag.py:3340} INFO - Setting next_dagrun for example_task_group to 2022-11-07T14:34:11.609269+00:00, run_after=2022-11-08T14:34:11.609269+00:00
[2022-11-08T14:34:11.631+0000] {processor.py:176} INFO - Processing /home/airflow/.local/lib/python3.7/site-packages/airflow/example_dags/example_task_group.py took 0.135 seconds
[2022-11-08T14:34:42.603+0000] {processor.py:154} INFO - Started process (PID=1001) to work on /home/airflow/.local/lib/python3.7/site-packages/airflow/example_dags/example_task_group.py
[2022-11-08T14:34:42.604+0000] {processor.py:756} INFO - Processing file /home/airflow/.local/lib/python3.7/site-packages/airflow/example_dags/example_task_group.py for tasks to queue
[2022-11-08T14:34:42.606+0000] {logging_mixin.py:120} INFO - [2022-11-08T14:34:42.605+0000] {dagbag.py:537} INFO - Filling up the DagBag from /home/airflow/.local/lib/python3.7/site-packages/airflow/example_dags/example_task_group.py
[2022-11-08T14:34:42.632+0000] {processor.py:766} INFO - DAG(s) dict_keys(['example_task_group']) retrieved from /home/airflow/.local/lib/python3.7/site-packages/airflow/example_dags/example_task_group.py
[2022-11-08T14:34:42.680+0000] {logging_mixin.py:120} INFO - [2022-11-08T14:34:42.680+0000] {dag.py:2585} INFO - Sync 1 DAGs
[2022-11-08T14:34:42.704+0000] {logging_mixin.py:120} INFO - [2022-11-08T14:34:42.704+0000] {dag.py:3340} INFO - Setting next_dagrun for example_task_group to 2022-11-07T14:34:42.704050+00:00, run_after=2022-11-08T14:34:42.704050+00:00
[2022-11-08T14:34:42.727+0000] {processor.py:176} INFO - Processing /home/airflow/.local/lib/python3.7/site-packages/airflow/example_dags/example_task_group.py took 0.130 seconds
[2022-11-08T14:35:13.657+0000] {processor.py:154} INFO - Started process (PID=1208) to work on /home/airflow/.local/lib/python3.7/site-packages/airflow/example_dags/example_task_group.py
[2022-11-08T14:35:13.658+0000] {processor.py:756} INFO - Processing file /home/airflow/.local/lib/python3.7/site-packages/airflow/example_dags/example_task_group.py for tasks to queue
[2022-11-08T14:35:13.659+0000] {logging_mixin.py:120} INFO - [2022-11-08T14:35:13.658+0000] {dagbag.py:537} INFO - Filling up the DagBag from /home/airflow/.local/lib/python3.7/site-packages/airflow/example_dags/example_task_group.py
[2022-11-08T14:35:13.674+0000] {processor.py:766} INFO - DAG(s) dict_keys(['example_task_group']) retrieved from /home/airflow/.local/lib/python3.7/site-packages/airflow/example_dags/example_task_group.py
[2022-11-08T14:35:13.710+0000] {logging_mixin.py:120} INFO - [2022-11-08T14:35:13.710+0000] {dag.py:2585} INFO - Sync 1 DAGs
[2022-11-08T14:35:13.733+0000] {logging_mixin.py:120} INFO - [2022-11-08T14:35:13.733+0000] {dag.py:3340} INFO - Setting next_dagrun for example_task_group to 2022-11-07T14:35:13.733479+00:00, run_after=2022-11-08T14:35:13.733479+00:00
[2022-11-08T14:35:13.749+0000] {processor.py:176} INFO - Processing /home/airflow/.local/lib/python3.7/site-packages/airflow/example_dags/example_task_group.py took 0.095 seconds
[2022-11-08T14:35:44.479+0000] {processor.py:154} INFO - Started process (PID=1415) to work on /home/airflow/.local/lib/python3.7/site-packages/airflow/example_dags/example_task_group.py
[2022-11-08T14:35:44.480+0000] {processor.py:756} INFO - Processing file /home/airflow/.local/lib/python3.7/site-packages/airflow/example_dags/example_task_group.py for tasks to queue
[2022-11-08T14:35:44.481+0000] {logging_mixin.py:120} INFO - [2022-11-08T14:35:44.480+0000] {dagbag.py:537} INFO - Filling up the DagBag from /home/airflow/.local/lib/python3.7/site-packages/airflow/example_dags/example_task_group.py
[2022-11-08T14:35:44.496+0000] {processor.py:766} INFO - DAG(s) dict_keys(['example_task_group']) retrieved from /home/airflow/.local/lib/python3.7/site-packages/airflow/example_dags/example_task_group.py
[2022-11-08T14:35:44.530+0000] {logging_mixin.py:120} INFO - [2022-11-08T14:35:44.530+0000] {dag.py:2585} INFO - Sync 1 DAGs
[2022-11-08T14:35:44.550+0000] {logging_mixin.py:120} INFO - [2022-11-08T14:35:44.550+0000] {dag.py:3340} INFO - Setting next_dagrun for example_task_group to 2022-11-07T14:35:44.550424+00:00, run_after=2022-11-08T14:35:44.550424+00:00
[2022-11-08T14:35:44.566+0000] {processor.py:176} INFO - Processing /home/airflow/.local/lib/python3.7/site-packages/airflow/example_dags/example_task_group.py took 0.090 seconds
[2022-11-08T14:36:15.001+0000] {processor.py:154} INFO - Started process (PID=1622) to work on /home/airflow/.local/lib/python3.7/site-packages/airflow/example_dags/example_task_group.py
[2022-11-08T14:36:15.002+0000] {processor.py:756} INFO - Processing file /home/airflow/.local/lib/python3.7/site-packages/airflow/example_dags/example_task_group.py for tasks to queue
[2022-11-08T14:36:15.002+0000] {logging_mixin.py:120} INFO - [2022-11-08T14:36:15.002+0000] {dagbag.py:537} INFO - Filling up the DagBag from /home/airflow/.local/lib/python3.7/site-packages/airflow/example_dags/example_task_group.py
[2022-11-08T14:36:15.019+0000] {processor.py:766} INFO - DAG(s) dict_keys(['example_task_group']) retrieved from /home/airflow/.local/lib/python3.7/site-packages/airflow/example_dags/example_task_group.py
[2022-11-08T14:36:15.057+0000] {logging_mixin.py:120} INFO - [2022-11-08T14:36:15.057+0000] {dag.py:2585} INFO - Sync 1 DAGs
[2022-11-08T14:36:15.080+0000] {logging_mixin.py:120} INFO - [2022-11-08T14:36:15.079+0000] {dag.py:3340} INFO - Setting next_dagrun for example_task_group to 2022-11-07T14:36:15.079737+00:00, run_after=2022-11-08T14:36:15.079737+00:00
[2022-11-08T14:36:15.099+0000] {processor.py:176} INFO - Processing /home/airflow/.local/lib/python3.7/site-packages/airflow/example_dags/example_task_group.py took 0.101 seconds
[2022-11-08T14:36:45.860+0000] {processor.py:154} INFO - Started process (PID=1829) to work on /home/airflow/.local/lib/python3.7/site-packages/airflow/example_dags/example_task_group.py
[2022-11-08T14:36:45.862+0000] {processor.py:756} INFO - Processing file /home/airflow/.local/lib/python3.7/site-packages/airflow/example_dags/example_task_group.py for tasks to queue
[2022-11-08T14:36:45.862+0000] {logging_mixin.py:120} INFO - [2022-11-08T14:36:45.862+0000] {dagbag.py:537} INFO - Filling up the DagBag from /home/airflow/.local/lib/python3.7/site-packages/airflow/example_dags/example_task_group.py
[2022-11-08T14:36:45.878+0000] {processor.py:766} INFO - DAG(s) dict_keys(['example_task_group']) retrieved from /home/airflow/.local/lib/python3.7/site-packages/airflow/example_dags/example_task_group.py
[2022-11-08T14:36:45.914+0000] {logging_mixin.py:120} INFO - [2022-11-08T14:36:45.914+0000] {dag.py:2585} INFO - Sync 1 DAGs
[2022-11-08T14:36:45.936+0000] {logging_mixin.py:120} INFO - [2022-11-08T14:36:45.936+0000] {dag.py:3340} INFO - Setting next_dagrun for example_task_group to 2022-11-07T14:36:45.935862+00:00, run_after=2022-11-08T14:36:45.935862+00:00
[2022-11-08T14:36:45.954+0000] {processor.py:176} INFO - Processing /home/airflow/.local/lib/python3.7/site-packages/airflow/example_dags/example_task_group.py took 0.097 seconds
[2022-11-08T14:37:16.756+0000] {processor.py:154} INFO - Started process (PID=2027) to work on /home/airflow/.local/lib/python3.7/site-packages/airflow/example_dags/example_task_group.py
[2022-11-08T14:37:16.757+0000] {processor.py:756} INFO - Processing file /home/airflow/.local/lib/python3.7/site-packages/airflow/example_dags/example_task_group.py for tasks to queue
[2022-11-08T14:37:16.757+0000] {logging_mixin.py:120} INFO - [2022-11-08T14:37:16.757+0000] {dagbag.py:537} INFO - Filling up the DagBag from /home/airflow/.local/lib/python3.7/site-packages/airflow/example_dags/example_task_group.py
[2022-11-08T14:37:16.772+0000] {processor.py:766} INFO - DAG(s) dict_keys(['example_task_group']) retrieved from /home/airflow/.local/lib/python3.7/site-packages/airflow/example_dags/example_task_group.py
[2022-11-08T14:37:16.812+0000] {logging_mixin.py:120} INFO - [2022-11-08T14:37:16.812+0000] {dag.py:2585} INFO - Sync 1 DAGs
[2022-11-08T14:37:16.842+0000] {logging_mixin.py:120} INFO - [2022-11-08T14:37:16.842+0000] {dag.py:3340} INFO - Setting next_dagrun for example_task_group to 2022-11-07T14:37:16.841889+00:00, run_after=2022-11-08T14:37:16.841889+00:00
[2022-11-08T14:37:16.861+0000] {processor.py:176} INFO - Processing /home/airflow/.local/lib/python3.7/site-packages/airflow/example_dags/example_task_group.py took 0.109 seconds
[2022-11-08T14:37:47.400+0000] {processor.py:154} INFO - Started process (PID=2234) to work on /home/airflow/.local/lib/python3.7/site-packages/airflow/example_dags/example_task_group.py
[2022-11-08T14:37:47.401+0000] {processor.py:756} INFO - Processing file /home/airflow/.local/lib/python3.7/site-packages/airflow/example_dags/example_task_group.py for tasks to queue
[2022-11-08T14:37:47.402+0000] {logging_mixin.py:120} INFO - [2022-11-08T14:37:47.402+0000] {dagbag.py:537} INFO - Filling up the DagBag from /home/airflow/.local/lib/python3.7/site-packages/airflow/example_dags/example_task_group.py
[2022-11-08T14:37:47.418+0000] {processor.py:766} INFO - DAG(s) dict_keys(['example_task_group']) retrieved from /home/airflow/.local/lib/python3.7/site-packages/airflow/example_dags/example_task_group.py
[2022-11-08T14:37:47.452+0000] {logging_mixin.py:120} INFO - [2022-11-08T14:37:47.452+0000] {dag.py:2585} INFO - Sync 1 DAGs
[2022-11-08T14:37:47.472+0000] {logging_mixin.py:120} INFO - [2022-11-08T14:37:47.472+0000] {dag.py:3340} INFO - Setting next_dagrun for example_task_group to 2022-11-07T14:37:47.471803+00:00, run_after=2022-11-08T14:37:47.471803+00:00
[2022-11-08T14:37:47.488+0000] {processor.py:176} INFO - Processing /home/airflow/.local/lib/python3.7/site-packages/airflow/example_dags/example_task_group.py took 0.091 seconds
[2022-11-08T14:38:17.904+0000] {processor.py:154} INFO - Started process (PID=2440) to work on /home/airflow/.local/lib/python3.7/site-packages/airflow/example_dags/example_task_group.py
[2022-11-08T14:38:17.905+0000] {processor.py:756} INFO - Processing file /home/airflow/.local/lib/python3.7/site-packages/airflow/example_dags/example_task_group.py for tasks to queue
[2022-11-08T14:38:17.906+0000] {logging_mixin.py:120} INFO - [2022-11-08T14:38:17.906+0000] {dagbag.py:537} INFO - Filling up the DagBag from /home/airflow/.local/lib/python3.7/site-packages/airflow/example_dags/example_task_group.py
[2022-11-08T14:38:17.927+0000] {processor.py:766} INFO - DAG(s) dict_keys(['example_task_group']) retrieved from /home/airflow/.local/lib/python3.7/site-packages/airflow/example_dags/example_task_group.py
[2022-11-08T14:38:17.967+0000] {logging_mixin.py:120} INFO - [2022-11-08T14:38:17.967+0000] {dag.py:2585} INFO - Sync 1 DAGs
[2022-11-08T14:38:18.001+0000] {logging_mixin.py:120} INFO - [2022-11-08T14:38:18.001+0000] {dag.py:3340} INFO - Setting next_dagrun for example_task_group to 2022-11-07T14:38:18.000963+00:00, run_after=2022-11-08T14:38:18.000963+00:00
[2022-11-08T14:38:18.034+0000] {processor.py:176} INFO - Processing /home/airflow/.local/lib/python3.7/site-packages/airflow/example_dags/example_task_group.py took 0.134 seconds
[2022-11-08T14:38:48.595+0000] {processor.py:154} INFO - Started process (PID=2647) to work on /home/airflow/.local/lib/python3.7/site-packages/airflow/example_dags/example_task_group.py
[2022-11-08T14:38:48.596+0000] {processor.py:756} INFO - Processing file /home/airflow/.local/lib/python3.7/site-packages/airflow/example_dags/example_task_group.py for tasks to queue
[2022-11-08T14:38:48.597+0000] {logging_mixin.py:120} INFO - [2022-11-08T14:38:48.597+0000] {dagbag.py:537} INFO - Filling up the DagBag from /home/airflow/.local/lib/python3.7/site-packages/airflow/example_dags/example_task_group.py
[2022-11-08T14:38:48.612+0000] {processor.py:766} INFO - DAG(s) dict_keys(['example_task_group']) retrieved from /home/airflow/.local/lib/python3.7/site-packages/airflow/example_dags/example_task_group.py
[2022-11-08T14:38:48.651+0000] {logging_mixin.py:120} INFO - [2022-11-08T14:38:48.651+0000] {dag.py:2585} INFO - Sync 1 DAGs
[2022-11-08T14:38:48.675+0000] {logging_mixin.py:120} INFO - [2022-11-08T14:38:48.675+0000] {dag.py:3340} INFO - Setting next_dagrun for example_task_group to 2022-11-07T14:38:48.675181+00:00, run_after=2022-11-08T14:38:48.675181+00:00
[2022-11-08T14:38:48.695+0000] {processor.py:176} INFO - Processing /home/airflow/.local/lib/python3.7/site-packages/airflow/example_dags/example_task_group.py took 0.103 seconds
[2022-11-08T14:39:19.229+0000] {processor.py:154} INFO - Started process (PID=2845) to work on /home/airflow/.local/lib/python3.7/site-packages/airflow/example_dags/example_task_group.py
[2022-11-08T14:39:19.230+0000] {processor.py:756} INFO - Processing file /home/airflow/.local/lib/python3.7/site-packages/airflow/example_dags/example_task_group.py for tasks to queue
[2022-11-08T14:39:19.231+0000] {logging_mixin.py:120} INFO - [2022-11-08T14:39:19.231+0000] {dagbag.py:537} INFO - Filling up the DagBag from /home/airflow/.local/lib/python3.7/site-packages/airflow/example_dags/example_task_group.py
[2022-11-08T14:39:19.248+0000] {processor.py:766} INFO - DAG(s) dict_keys(['example_task_group']) retrieved from /home/airflow/.local/lib/python3.7/site-packages/airflow/example_dags/example_task_group.py
[2022-11-08T14:39:19.299+0000] {logging_mixin.py:120} INFO - [2022-11-08T14:39:19.298+0000] {dag.py:2585} INFO - Sync 1 DAGs
[2022-11-08T14:39:19.324+0000] {logging_mixin.py:120} INFO - [2022-11-08T14:39:19.324+0000] {dag.py:3340} INFO - Setting next_dagrun for example_task_group to 2022-11-07T14:39:19.324422+00:00, run_after=2022-11-08T14:39:19.324422+00:00
[2022-11-08T14:39:19.345+0000] {processor.py:176} INFO - Processing /home/airflow/.local/lib/python3.7/site-packages/airflow/example_dags/example_task_group.py took 0.120 seconds
[2022-11-08T14:39:50.127+0000] {processor.py:154} INFO - Started process (PID=3052) to work on /home/airflow/.local/lib/python3.7/site-packages/airflow/example_dags/example_task_group.py
[2022-11-08T14:39:50.128+0000] {processor.py:756} INFO - Processing file /home/airflow/.local/lib/python3.7/site-packages/airflow/example_dags/example_task_group.py for tasks to queue
[2022-11-08T14:39:50.129+0000] {logging_mixin.py:120} INFO - [2022-11-08T14:39:50.129+0000] {dagbag.py:537} INFO - Filling up the DagBag from /home/airflow/.local/lib/python3.7/site-packages/airflow/example_dags/example_task_group.py
[2022-11-08T14:39:50.143+0000] {processor.py:766} INFO - DAG(s) dict_keys(['example_task_group']) retrieved from /home/airflow/.local/lib/python3.7/site-packages/airflow/example_dags/example_task_group.py
[2022-11-08T14:39:50.177+0000] {logging_mixin.py:120} INFO - [2022-11-08T14:39:50.177+0000] {dag.py:2585} INFO - Sync 1 DAGs
[2022-11-08T14:39:50.198+0000] {logging_mixin.py:120} INFO - [2022-11-08T14:39:50.198+0000] {dag.py:3340} INFO - Setting next_dagrun for example_task_group to 2022-11-07T14:39:50.197862+00:00, run_after=2022-11-08T14:39:50.197862+00:00
[2022-11-08T14:39:50.216+0000] {processor.py:176} INFO - Processing /home/airflow/.local/lib/python3.7/site-packages/airflow/example_dags/example_task_group.py took 0.092 seconds
[2022-11-08T14:40:21.132+0000] {processor.py:154} INFO - Started process (PID=3259) to work on /home/airflow/.local/lib/python3.7/site-packages/airflow/example_dags/example_task_group.py
[2022-11-08T14:40:21.133+0000] {processor.py:756} INFO - Processing file /home/airflow/.local/lib/python3.7/site-packages/airflow/example_dags/example_task_group.py for tasks to queue
[2022-11-08T14:40:21.134+0000] {logging_mixin.py:120} INFO - [2022-11-08T14:40:21.134+0000] {dagbag.py:537} INFO - Filling up the DagBag from /home/airflow/.local/lib/python3.7/site-packages/airflow/example_dags/example_task_group.py
[2022-11-08T14:40:21.149+0000] {processor.py:766} INFO - DAG(s) dict_keys(['example_task_group']) retrieved from /home/airflow/.local/lib/python3.7/site-packages/airflow/example_dags/example_task_group.py
[2022-11-08T14:40:21.186+0000] {logging_mixin.py:120} INFO - [2022-11-08T14:40:21.186+0000] {dag.py:2585} INFO - Sync 1 DAGs
[2022-11-08T14:40:21.208+0000] {logging_mixin.py:120} INFO - [2022-11-08T14:40:21.207+0000] {dag.py:3340} INFO - Setting next_dagrun for example_task_group to 2022-11-07T14:40:21.207622+00:00, run_after=2022-11-08T14:40:21.207622+00:00
[2022-11-08T14:40:21.223+0000] {processor.py:176} INFO - Processing /home/airflow/.local/lib/python3.7/site-packages/airflow/example_dags/example_task_group.py took 0.095 seconds
[2022-11-08T14:40:51.339+0000] {processor.py:154} INFO - Started process (PID=3466) to work on /home/airflow/.local/lib/python3.7/site-packages/airflow/example_dags/example_task_group.py
[2022-11-08T14:40:51.340+0000] {processor.py:756} INFO - Processing file /home/airflow/.local/lib/python3.7/site-packages/airflow/example_dags/example_task_group.py for tasks to queue
[2022-11-08T14:40:51.341+0000] {logging_mixin.py:120} INFO - [2022-11-08T14:40:51.341+0000] {dagbag.py:537} INFO - Filling up the DagBag from /home/airflow/.local/lib/python3.7/site-packages/airflow/example_dags/example_task_group.py
[2022-11-08T14:40:51.360+0000] {processor.py:766} INFO - DAG(s) dict_keys(['example_task_group']) retrieved from /home/airflow/.local/lib/python3.7/site-packages/airflow/example_dags/example_task_group.py
[2022-11-08T14:40:51.413+0000] {logging_mixin.py:120} INFO - [2022-11-08T14:40:51.413+0000] {dag.py:2585} INFO - Sync 1 DAGs
[2022-11-08T14:40:51.445+0000] {logging_mixin.py:120} INFO - [2022-11-08T14:40:51.445+0000] {dag.py:3340} INFO - Setting next_dagrun for example_task_group to 2022-11-07T14:40:51.445034+00:00, run_after=2022-11-08T14:40:51.445034+00:00
[2022-11-08T14:40:51.466+0000] {processor.py:176} INFO - Processing /home/airflow/.local/lib/python3.7/site-packages/airflow/example_dags/example_task_group.py took 0.132 seconds
[2022-11-08T14:41:21.873+0000] {processor.py:154} INFO - Started process (PID=3673) to work on /home/airflow/.local/lib/python3.7/site-packages/airflow/example_dags/example_task_group.py
[2022-11-08T14:41:21.874+0000] {processor.py:756} INFO - Processing file /home/airflow/.local/lib/python3.7/site-packages/airflow/example_dags/example_task_group.py for tasks to queue
[2022-11-08T14:41:21.875+0000] {logging_mixin.py:120} INFO - [2022-11-08T14:41:21.875+0000] {dagbag.py:537} INFO - Filling up the DagBag from /home/airflow/.local/lib/python3.7/site-packages/airflow/example_dags/example_task_group.py
[2022-11-08T14:41:21.894+0000] {processor.py:766} INFO - DAG(s) dict_keys(['example_task_group']) retrieved from /home/airflow/.local/lib/python3.7/site-packages/airflow/example_dags/example_task_group.py
[2022-11-08T14:41:21.943+0000] {logging_mixin.py:120} INFO - [2022-11-08T14:41:21.943+0000] {dag.py:2585} INFO - Sync 1 DAGs
[2022-11-08T14:41:21.966+0000] {logging_mixin.py:120} INFO - [2022-11-08T14:41:21.966+0000] {dag.py:3340} INFO - Setting next_dagrun for example_task_group to 2022-11-07T14:41:21.966318+00:00, run_after=2022-11-08T14:41:21.966318+00:00
[2022-11-08T14:41:21.986+0000] {processor.py:176} INFO - Processing /home/airflow/.local/lib/python3.7/site-packages/airflow/example_dags/example_task_group.py took 0.117 seconds
[2022-11-08T14:41:52.045+0000] {processor.py:154} INFO - Started process (PID=3871) to work on /home/airflow/.local/lib/python3.7/site-packages/airflow/example_dags/example_task_group.py
[2022-11-08T14:41:52.046+0000] {processor.py:756} INFO - Processing file /home/airflow/.local/lib/python3.7/site-packages/airflow/example_dags/example_task_group.py for tasks to queue
[2022-11-08T14:41:52.047+0000] {logging_mixin.py:120} INFO - [2022-11-08T14:41:52.047+0000] {dagbag.py:537} INFO - Filling up the DagBag from /home/airflow/.local/lib/python3.7/site-packages/airflow/example_dags/example_task_group.py
[2022-11-08T14:41:52.065+0000] {processor.py:766} INFO - DAG(s) dict_keys(['example_task_group']) retrieved from /home/airflow/.local/lib/python3.7/site-packages/airflow/example_dags/example_task_group.py
[2022-11-08T14:41:52.109+0000] {logging_mixin.py:120} INFO - [2022-11-08T14:41:52.109+0000] {dag.py:2585} INFO - Sync 1 DAGs
[2022-11-08T14:41:52.134+0000] {logging_mixin.py:120} INFO - [2022-11-08T14:41:52.134+0000] {dag.py:3340} INFO - Setting next_dagrun for example_task_group to 2022-11-07T14:41:52.133899+00:00, run_after=2022-11-08T14:41:52.133899+00:00
[2022-11-08T14:41:52.156+0000] {processor.py:176} INFO - Processing /home/airflow/.local/lib/python3.7/site-packages/airflow/example_dags/example_task_group.py took 0.115 seconds
[2022-11-08T14:42:22.311+0000] {processor.py:154} INFO - Started process (PID=4078) to work on /home/airflow/.local/lib/python3.7/site-packages/airflow/example_dags/example_task_group.py
[2022-11-08T14:42:22.312+0000] {processor.py:756} INFO - Processing file /home/airflow/.local/lib/python3.7/site-packages/airflow/example_dags/example_task_group.py for tasks to queue
[2022-11-08T14:42:22.313+0000] {logging_mixin.py:120} INFO - [2022-11-08T14:42:22.313+0000] {dagbag.py:537} INFO - Filling up the DagBag from /home/airflow/.local/lib/python3.7/site-packages/airflow/example_dags/example_task_group.py
[2022-11-08T14:42:22.331+0000] {processor.py:766} INFO - DAG(s) dict_keys(['example_task_group']) retrieved from /home/airflow/.local/lib/python3.7/site-packages/airflow/example_dags/example_task_group.py
[2022-11-08T14:42:22.361+0000] {logging_mixin.py:120} INFO - [2022-11-08T14:42:22.361+0000] {dag.py:2585} INFO - Sync 1 DAGs
[2022-11-08T14:42:22.398+0000] {logging_mixin.py:120} INFO - [2022-11-08T14:42:22.398+0000] {dag.py:3340} INFO - Setting next_dagrun for example_task_group to 2022-11-07T14:42:22.398020+00:00, run_after=2022-11-08T14:42:22.398020+00:00
[2022-11-08T14:42:22.419+0000] {processor.py:176} INFO - Processing /home/airflow/.local/lib/python3.7/site-packages/airflow/example_dags/example_task_group.py took 0.112 seconds
[2022-11-08T14:42:53.115+0000] {processor.py:154} INFO - Started process (PID=4285) to work on /home/airflow/.local/lib/python3.7/site-packages/airflow/example_dags/example_task_group.py
[2022-11-08T14:42:53.116+0000] {processor.py:756} INFO - Processing file /home/airflow/.local/lib/python3.7/site-packages/airflow/example_dags/example_task_group.py for tasks to queue
[2022-11-08T14:42:53.116+0000] {logging_mixin.py:120} INFO - [2022-11-08T14:42:53.116+0000] {dagbag.py:537} INFO - Filling up the DagBag from /home/airflow/.local/lib/python3.7/site-packages/airflow/example_dags/example_task_group.py
[2022-11-08T14:42:53.131+0000] {processor.py:766} INFO - DAG(s) dict_keys(['example_task_group']) retrieved from /home/airflow/.local/lib/python3.7/site-packages/airflow/example_dags/example_task_group.py
[2022-11-08T14:42:53.165+0000] {logging_mixin.py:120} INFO - [2022-11-08T14:42:53.164+0000] {dag.py:2585} INFO - Sync 1 DAGs
[2022-11-08T14:42:53.184+0000] {logging_mixin.py:120} INFO - [2022-11-08T14:42:53.184+0000] {dag.py:3340} INFO - Setting next_dagrun for example_task_group to 2022-11-07T14:42:53.184077+00:00, run_after=2022-11-08T14:42:53.184077+00:00
[2022-11-08T14:42:53.210+0000] {processor.py:176} INFO - Processing /home/airflow/.local/lib/python3.7/site-packages/airflow/example_dags/example_task_group.py took 0.098 seconds
[2022-11-08T14:43:23.835+0000] {processor.py:154} INFO - Started process (PID=4492) to work on /home/airflow/.local/lib/python3.7/site-packages/airflow/example_dags/example_task_group.py
[2022-11-08T14:43:23.836+0000] {processor.py:756} INFO - Processing file /home/airflow/.local/lib/python3.7/site-packages/airflow/example_dags/example_task_group.py for tasks to queue
[2022-11-08T14:43:23.837+0000] {logging_mixin.py:120} INFO - [2022-11-08T14:43:23.837+0000] {dagbag.py:537} INFO - Filling up the DagBag from /home/airflow/.local/lib/python3.7/site-packages/airflow/example_dags/example_task_group.py
[2022-11-08T14:43:23.851+0000] {processor.py:766} INFO - DAG(s) dict_keys(['example_task_group']) retrieved from /home/airflow/.local/lib/python3.7/site-packages/airflow/example_dags/example_task_group.py
[2022-11-08T14:43:23.882+0000] {logging_mixin.py:120} INFO - [2022-11-08T14:43:23.882+0000] {dag.py:2585} INFO - Sync 1 DAGs
[2022-11-08T14:43:23.901+0000] {logging_mixin.py:120} INFO - [2022-11-08T14:43:23.901+0000] {dag.py:3340} INFO - Setting next_dagrun for example_task_group to 2022-11-07T14:43:23.900974+00:00, run_after=2022-11-08T14:43:23.900974+00:00
[2022-11-08T14:43:23.916+0000] {processor.py:176} INFO - Processing /home/airflow/.local/lib/python3.7/site-packages/airflow/example_dags/example_task_group.py took 0.083 seconds
[2022-11-08T14:43:54.186+0000] {processor.py:154} INFO - Started process (PID=4690) to work on /home/airflow/.local/lib/python3.7/site-packages/airflow/example_dags/example_task_group.py
[2022-11-08T14:43:54.187+0000] {processor.py:756} INFO - Processing file /home/airflow/.local/lib/python3.7/site-packages/airflow/example_dags/example_task_group.py for tasks to queue
[2022-11-08T14:43:54.188+0000] {logging_mixin.py:120} INFO - [2022-11-08T14:43:54.187+0000] {dagbag.py:537} INFO - Filling up the DagBag from /home/airflow/.local/lib/python3.7/site-packages/airflow/example_dags/example_task_group.py
[2022-11-08T14:43:54.204+0000] {processor.py:766} INFO - DAG(s) dict_keys(['example_task_group']) retrieved from /home/airflow/.local/lib/python3.7/site-packages/airflow/example_dags/example_task_group.py
[2022-11-08T14:43:54.245+0000] {logging_mixin.py:120} INFO - [2022-11-08T14:43:54.245+0000] {dag.py:2585} INFO - Sync 1 DAGs
[2022-11-08T14:43:54.270+0000] {logging_mixin.py:120} INFO - [2022-11-08T14:43:54.270+0000] {dag.py:3340} INFO - Setting next_dagrun for example_task_group to 2022-11-07T14:43:54.269773+00:00, run_after=2022-11-08T14:43:54.269773+00:00
[2022-11-08T14:43:54.290+0000] {processor.py:176} INFO - Processing /home/airflow/.local/lib/python3.7/site-packages/airflow/example_dags/example_task_group.py took 0.108 seconds
[2022-11-08T14:44:24.872+0000] {processor.py:154} INFO - Started process (PID=4897) to work on /home/airflow/.local/lib/python3.7/site-packages/airflow/example_dags/example_task_group.py
[2022-11-08T14:44:24.873+0000] {processor.py:756} INFO - Processing file /home/airflow/.local/lib/python3.7/site-packages/airflow/example_dags/example_task_group.py for tasks to queue
[2022-11-08T14:44:24.874+0000] {logging_mixin.py:120} INFO - [2022-11-08T14:44:24.874+0000] {dagbag.py:537} INFO - Filling up the DagBag from /home/airflow/.local/lib/python3.7/site-packages/airflow/example_dags/example_task_group.py
[2022-11-08T14:44:24.892+0000] {processor.py:766} INFO - DAG(s) dict_keys(['example_task_group']) retrieved from /home/airflow/.local/lib/python3.7/site-packages/airflow/example_dags/example_task_group.py
[2022-11-08T14:44:24.942+0000] {logging_mixin.py:120} INFO - [2022-11-08T14:44:24.942+0000] {dag.py:2585} INFO - Sync 1 DAGs
[2022-11-08T14:44:24.979+0000] {logging_mixin.py:120} INFO - [2022-11-08T14:44:24.979+0000] {dag.py:3340} INFO - Setting next_dagrun for example_task_group to 2022-11-07T14:44:24.978688+00:00, run_after=2022-11-08T14:44:24.978688+00:00
[2022-11-08T14:44:25.005+0000] {processor.py:176} INFO - Processing /home/airflow/.local/lib/python3.7/site-packages/airflow/example_dags/example_task_group.py took 0.137 seconds
[2022-11-08T14:44:55.623+0000] {processor.py:154} INFO - Started process (PID=5103) to work on /home/airflow/.local/lib/python3.7/site-packages/airflow/example_dags/example_task_group.py
[2022-11-08T14:44:55.624+0000] {processor.py:756} INFO - Processing file /home/airflow/.local/lib/python3.7/site-packages/airflow/example_dags/example_task_group.py for tasks to queue
[2022-11-08T14:44:55.624+0000] {logging_mixin.py:120} INFO - [2022-11-08T14:44:55.624+0000] {dagbag.py:537} INFO - Filling up the DagBag from /home/airflow/.local/lib/python3.7/site-packages/airflow/example_dags/example_task_group.py
[2022-11-08T14:44:55.642+0000] {processor.py:766} INFO - DAG(s) dict_keys(['example_task_group']) retrieved from /home/airflow/.local/lib/python3.7/site-packages/airflow/example_dags/example_task_group.py
[2022-11-08T14:44:55.674+0000] {logging_mixin.py:120} INFO - [2022-11-08T14:44:55.674+0000] {dag.py:2585} INFO - Sync 1 DAGs
[2022-11-08T14:44:55.693+0000] {logging_mixin.py:120} INFO - [2022-11-08T14:44:55.693+0000] {dag.py:3340} INFO - Setting next_dagrun for example_task_group to 2022-11-07T14:44:55.693263+00:00, run_after=2022-11-08T14:44:55.693263+00:00
[2022-11-08T14:44:55.710+0000] {processor.py:176} INFO - Processing /home/airflow/.local/lib/python3.7/site-packages/airflow/example_dags/example_task_group.py took 0.091 seconds
[2022-11-08T14:45:26.078+0000] {processor.py:154} INFO - Started process (PID=5310) to work on /home/airflow/.local/lib/python3.7/site-packages/airflow/example_dags/example_task_group.py
[2022-11-08T14:45:26.078+0000] {processor.py:756} INFO - Processing file /home/airflow/.local/lib/python3.7/site-packages/airflow/example_dags/example_task_group.py for tasks to queue
[2022-11-08T14:45:26.079+0000] {logging_mixin.py:120} INFO - [2022-11-08T14:45:26.079+0000] {dagbag.py:537} INFO - Filling up the DagBag from /home/airflow/.local/lib/python3.7/site-packages/airflow/example_dags/example_task_group.py
[2022-11-08T14:45:26.096+0000] {processor.py:766} INFO - DAG(s) dict_keys(['example_task_group']) retrieved from /home/airflow/.local/lib/python3.7/site-packages/airflow/example_dags/example_task_group.py
[2022-11-08T14:45:26.135+0000] {logging_mixin.py:120} INFO - [2022-11-08T14:45:26.135+0000] {dag.py:2585} INFO - Sync 1 DAGs
[2022-11-08T14:45:26.155+0000] {logging_mixin.py:120} INFO - [2022-11-08T14:45:26.154+0000] {dag.py:3340} INFO - Setting next_dagrun for example_task_group to 2022-11-07T14:45:26.154724+00:00, run_after=2022-11-08T14:45:26.154724+00:00
[2022-11-08T14:45:26.170+0000] {processor.py:176} INFO - Processing /home/airflow/.local/lib/python3.7/site-packages/airflow/example_dags/example_task_group.py took 0.096 seconds
[2022-11-08T14:45:56.486+0000] {processor.py:154} INFO - Started process (PID=5517) to work on /home/airflow/.local/lib/python3.7/site-packages/airflow/example_dags/example_task_group.py
[2022-11-08T14:45:56.487+0000] {processor.py:756} INFO - Processing file /home/airflow/.local/lib/python3.7/site-packages/airflow/example_dags/example_task_group.py for tasks to queue
[2022-11-08T14:45:56.488+0000] {logging_mixin.py:120} INFO - [2022-11-08T14:45:56.488+0000] {dagbag.py:537} INFO - Filling up the DagBag from /home/airflow/.local/lib/python3.7/site-packages/airflow/example_dags/example_task_group.py
[2022-11-08T14:45:56.502+0000] {processor.py:766} INFO - DAG(s) dict_keys(['example_task_group']) retrieved from /home/airflow/.local/lib/python3.7/site-packages/airflow/example_dags/example_task_group.py
[2022-11-08T14:45:56.535+0000] {logging_mixin.py:120} INFO - [2022-11-08T14:45:56.535+0000] {dag.py:2585} INFO - Sync 1 DAGs
[2022-11-08T14:45:56.554+0000] {logging_mixin.py:120} INFO - [2022-11-08T14:45:56.553+0000] {dag.py:3340} INFO - Setting next_dagrun for example_task_group to 2022-11-07T14:45:56.553734+00:00, run_after=2022-11-08T14:45:56.553734+00:00
[2022-11-08T14:45:56.570+0000] {processor.py:176} INFO - Processing /home/airflow/.local/lib/python3.7/site-packages/airflow/example_dags/example_task_group.py took 0.086 seconds
[2022-11-08T14:46:26.926+0000] {processor.py:154} INFO - Started process (PID=5715) to work on /home/airflow/.local/lib/python3.7/site-packages/airflow/example_dags/example_task_group.py
[2022-11-08T14:46:26.928+0000] {processor.py:756} INFO - Processing file /home/airflow/.local/lib/python3.7/site-packages/airflow/example_dags/example_task_group.py for tasks to queue
[2022-11-08T14:46:26.929+0000] {logging_mixin.py:120} INFO - [2022-11-08T14:46:26.929+0000] {dagbag.py:537} INFO - Filling up the DagBag from /home/airflow/.local/lib/python3.7/site-packages/airflow/example_dags/example_task_group.py
[2022-11-08T14:46:26.951+0000] {processor.py:766} INFO - DAG(s) dict_keys(['example_task_group']) retrieved from /home/airflow/.local/lib/python3.7/site-packages/airflow/example_dags/example_task_group.py
[2022-11-08T14:46:27.004+0000] {logging_mixin.py:120} INFO - [2022-11-08T14:46:27.004+0000] {dag.py:2585} INFO - Sync 1 DAGs
[2022-11-08T14:46:27.034+0000] {logging_mixin.py:120} INFO - [2022-11-08T14:46:27.033+0000] {dag.py:3340} INFO - Setting next_dagrun for example_task_group to 2022-11-07T14:46:27.033402+00:00, run_after=2022-11-08T14:46:27.033402+00:00
[2022-11-08T14:46:27.052+0000] {processor.py:176} INFO - Processing /home/airflow/.local/lib/python3.7/site-packages/airflow/example_dags/example_task_group.py took 0.131 seconds
[2022-11-08T14:46:57.724+0000] {processor.py:154} INFO - Started process (PID=5922) to work on /home/airflow/.local/lib/python3.7/site-packages/airflow/example_dags/example_task_group.py
[2022-11-08T14:46:57.725+0000] {processor.py:756} INFO - Processing file /home/airflow/.local/lib/python3.7/site-packages/airflow/example_dags/example_task_group.py for tasks to queue
[2022-11-08T14:46:57.725+0000] {logging_mixin.py:120} INFO - [2022-11-08T14:46:57.725+0000] {dagbag.py:537} INFO - Filling up the DagBag from /home/airflow/.local/lib/python3.7/site-packages/airflow/example_dags/example_task_group.py
[2022-11-08T14:46:57.739+0000] {processor.py:766} INFO - DAG(s) dict_keys(['example_task_group']) retrieved from /home/airflow/.local/lib/python3.7/site-packages/airflow/example_dags/example_task_group.py
[2022-11-08T14:46:57.767+0000] {logging_mixin.py:120} INFO - [2022-11-08T14:46:57.767+0000] {dag.py:2585} INFO - Sync 1 DAGs
[2022-11-08T14:46:57.792+0000] {logging_mixin.py:120} INFO - [2022-11-08T14:46:57.791+0000] {dag.py:3340} INFO - Setting next_dagrun for example_task_group to 2022-11-07T14:46:57.791590+00:00, run_after=2022-11-08T14:46:57.791590+00:00
[2022-11-08T14:46:57.809+0000] {processor.py:176} INFO - Processing /home/airflow/.local/lib/python3.7/site-packages/airflow/example_dags/example_task_group.py took 0.089 seconds
[2022-11-08T14:47:28.100+0000] {processor.py:154} INFO - Started process (PID=6129) to work on /home/airflow/.local/lib/python3.7/site-packages/airflow/example_dags/example_task_group.py
[2022-11-08T14:47:28.101+0000] {processor.py:756} INFO - Processing file /home/airflow/.local/lib/python3.7/site-packages/airflow/example_dags/example_task_group.py for tasks to queue
[2022-11-08T14:47:28.102+0000] {logging_mixin.py:120} INFO - [2022-11-08T14:47:28.102+0000] {dagbag.py:537} INFO - Filling up the DagBag from /home/airflow/.local/lib/python3.7/site-packages/airflow/example_dags/example_task_group.py
[2022-11-08T14:47:28.118+0000] {processor.py:766} INFO - DAG(s) dict_keys(['example_task_group']) retrieved from /home/airflow/.local/lib/python3.7/site-packages/airflow/example_dags/example_task_group.py
[2022-11-08T14:47:28.157+0000] {logging_mixin.py:120} INFO - [2022-11-08T14:47:28.157+0000] {dag.py:2585} INFO - Sync 1 DAGs
[2022-11-08T14:47:28.183+0000] {logging_mixin.py:120} INFO - [2022-11-08T14:47:28.183+0000] {dag.py:3340} INFO - Setting next_dagrun for example_task_group to 2022-11-07T14:47:28.182945+00:00, run_after=2022-11-08T14:47:28.182945+00:00
[2022-11-08T14:47:28.202+0000] {processor.py:176} INFO - Processing /home/airflow/.local/lib/python3.7/site-packages/airflow/example_dags/example_task_group.py took 0.106 seconds
[2022-11-08T14:47:58.927+0000] {processor.py:154} INFO - Started process (PID=6336) to work on /home/airflow/.local/lib/python3.7/site-packages/airflow/example_dags/example_task_group.py
[2022-11-08T14:47:58.928+0000] {processor.py:756} INFO - Processing file /home/airflow/.local/lib/python3.7/site-packages/airflow/example_dags/example_task_group.py for tasks to queue
[2022-11-08T14:47:58.928+0000] {logging_mixin.py:120} INFO - [2022-11-08T14:47:58.928+0000] {dagbag.py:537} INFO - Filling up the DagBag from /home/airflow/.local/lib/python3.7/site-packages/airflow/example_dags/example_task_group.py
[2022-11-08T14:47:58.944+0000] {processor.py:766} INFO - DAG(s) dict_keys(['example_task_group']) retrieved from /home/airflow/.local/lib/python3.7/site-packages/airflow/example_dags/example_task_group.py
[2022-11-08T14:47:58.980+0000] {logging_mixin.py:120} INFO - [2022-11-08T14:47:58.980+0000] {dag.py:2585} INFO - Sync 1 DAGs
[2022-11-08T14:47:59.002+0000] {logging_mixin.py:120} INFO - [2022-11-08T14:47:59.002+0000] {dag.py:3340} INFO - Setting next_dagrun for example_task_group to 2022-11-07T14:47:59.001774+00:00, run_after=2022-11-08T14:47:59.001774+00:00
[2022-11-08T14:47:59.018+0000] {processor.py:176} INFO - Processing /home/airflow/.local/lib/python3.7/site-packages/airflow/example_dags/example_task_group.py took 0.095 seconds
[2022-11-08T14:48:29.710+0000] {processor.py:154} INFO - Started process (PID=6543) to work on /home/airflow/.local/lib/python3.7/site-packages/airflow/example_dags/example_task_group.py
[2022-11-08T14:48:29.711+0000] {processor.py:756} INFO - Processing file /home/airflow/.local/lib/python3.7/site-packages/airflow/example_dags/example_task_group.py for tasks to queue
[2022-11-08T14:48:29.712+0000] {logging_mixin.py:120} INFO - [2022-11-08T14:48:29.712+0000] {dagbag.py:537} INFO - Filling up the DagBag from /home/airflow/.local/lib/python3.7/site-packages/airflow/example_dags/example_task_group.py
[2022-11-08T14:48:29.736+0000] {processor.py:766} INFO - DAG(s) dict_keys(['example_task_group']) retrieved from /home/airflow/.local/lib/python3.7/site-packages/airflow/example_dags/example_task_group.py
[2022-11-08T14:48:29.786+0000] {logging_mixin.py:120} INFO - [2022-11-08T14:48:29.785+0000] {dag.py:2585} INFO - Sync 1 DAGs
[2022-11-08T14:48:29.815+0000] {logging_mixin.py:120} INFO - [2022-11-08T14:48:29.815+0000] {dag.py:3340} INFO - Setting next_dagrun for example_task_group to 2022-11-07T14:48:29.815274+00:00, run_after=2022-11-08T14:48:29.815274+00:00
[2022-11-08T14:48:29.841+0000] {processor.py:176} INFO - Processing /home/airflow/.local/lib/python3.7/site-packages/airflow/example_dags/example_task_group.py took 0.138 seconds
[2022-11-08T14:49:00.018+0000] {processor.py:154} INFO - Started process (PID=6742) to work on /home/airflow/.local/lib/python3.7/site-packages/airflow/example_dags/example_task_group.py
[2022-11-08T14:49:00.019+0000] {processor.py:756} INFO - Processing file /home/airflow/.local/lib/python3.7/site-packages/airflow/example_dags/example_task_group.py for tasks to queue
[2022-11-08T14:49:00.019+0000] {logging_mixin.py:120} INFO - [2022-11-08T14:49:00.019+0000] {dagbag.py:537} INFO - Filling up the DagBag from /home/airflow/.local/lib/python3.7/site-packages/airflow/example_dags/example_task_group.py
[2022-11-08T14:49:00.035+0000] {processor.py:766} INFO - DAG(s) dict_keys(['example_task_group']) retrieved from /home/airflow/.local/lib/python3.7/site-packages/airflow/example_dags/example_task_group.py
[2022-11-08T14:49:00.069+0000] {logging_mixin.py:120} INFO - [2022-11-08T14:49:00.069+0000] {dag.py:2585} INFO - Sync 1 DAGs
[2022-11-08T14:49:00.091+0000] {logging_mixin.py:120} INFO - [2022-11-08T14:49:00.090+0000] {dag.py:3340} INFO - Setting next_dagrun for example_task_group to 2022-11-07T14:49:00.090706+00:00, run_after=2022-11-08T14:49:00.090706+00:00
[2022-11-08T14:49:00.106+0000] {processor.py:176} INFO - Processing /home/airflow/.local/lib/python3.7/site-packages/airflow/example_dags/example_task_group.py took 0.092 seconds
[2022-11-08T14:49:30.570+0000] {processor.py:154} INFO - Started process (PID=6949) to work on /home/airflow/.local/lib/python3.7/site-packages/airflow/example_dags/example_task_group.py
[2022-11-08T14:49:30.571+0000] {processor.py:756} INFO - Processing file /home/airflow/.local/lib/python3.7/site-packages/airflow/example_dags/example_task_group.py for tasks to queue
[2022-11-08T14:49:30.572+0000] {logging_mixin.py:120} INFO - [2022-11-08T14:49:30.572+0000] {dagbag.py:537} INFO - Filling up the DagBag from /home/airflow/.local/lib/python3.7/site-packages/airflow/example_dags/example_task_group.py
[2022-11-08T14:49:30.586+0000] {processor.py:766} INFO - DAG(s) dict_keys(['example_task_group']) retrieved from /home/airflow/.local/lib/python3.7/site-packages/airflow/example_dags/example_task_group.py
[2022-11-08T14:49:30.618+0000] {logging_mixin.py:120} INFO - [2022-11-08T14:49:30.618+0000] {dag.py:2585} INFO - Sync 1 DAGs
[2022-11-08T14:49:30.639+0000] {logging_mixin.py:120} INFO - [2022-11-08T14:49:30.639+0000] {dag.py:3340} INFO - Setting next_dagrun for example_task_group to 2022-11-07T14:49:30.639197+00:00, run_after=2022-11-08T14:49:30.639197+00:00
[2022-11-08T14:49:30.656+0000] {processor.py:176} INFO - Processing /home/airflow/.local/lib/python3.7/site-packages/airflow/example_dags/example_task_group.py took 0.090 seconds
[2022-11-08T14:50:00.988+0000] {processor.py:154} INFO - Started process (PID=7156) to work on /home/airflow/.local/lib/python3.7/site-packages/airflow/example_dags/example_task_group.py
[2022-11-08T14:50:00.989+0000] {processor.py:756} INFO - Processing file /home/airflow/.local/lib/python3.7/site-packages/airflow/example_dags/example_task_group.py for tasks to queue
[2022-11-08T14:50:00.989+0000] {logging_mixin.py:120} INFO - [2022-11-08T14:50:00.989+0000] {dagbag.py:537} INFO - Filling up the DagBag from /home/airflow/.local/lib/python3.7/site-packages/airflow/example_dags/example_task_group.py
[2022-11-08T14:50:01.004+0000] {processor.py:766} INFO - DAG(s) dict_keys(['example_task_group']) retrieved from /home/airflow/.local/lib/python3.7/site-packages/airflow/example_dags/example_task_group.py
[2022-11-08T14:50:01.041+0000] {logging_mixin.py:120} INFO - [2022-11-08T14:50:01.041+0000] {dag.py:2585} INFO - Sync 1 DAGs
[2022-11-08T14:50:01.062+0000] {logging_mixin.py:120} INFO - [2022-11-08T14:50:01.062+0000] {dag.py:3340} INFO - Setting next_dagrun for example_task_group to 2022-11-07T14:50:01.061979+00:00, run_after=2022-11-08T14:50:01.061979+00:00
[2022-11-08T14:50:01.081+0000] {processor.py:176} INFO - Processing /home/airflow/.local/lib/python3.7/site-packages/airflow/example_dags/example_task_group.py took 0.097 seconds
[2022-11-08T14:50:31.517+0000] {processor.py:154} INFO - Started process (PID=7362) to work on /home/airflow/.local/lib/python3.7/site-packages/airflow/example_dags/example_task_group.py
[2022-11-08T14:50:31.519+0000] {processor.py:756} INFO - Processing file /home/airflow/.local/lib/python3.7/site-packages/airflow/example_dags/example_task_group.py for tasks to queue
[2022-11-08T14:50:31.519+0000] {logging_mixin.py:120} INFO - [2022-11-08T14:50:31.519+0000] {dagbag.py:537} INFO - Filling up the DagBag from /home/airflow/.local/lib/python3.7/site-packages/airflow/example_dags/example_task_group.py
[2022-11-08T14:50:31.535+0000] {processor.py:766} INFO - DAG(s) dict_keys(['example_task_group']) retrieved from /home/airflow/.local/lib/python3.7/site-packages/airflow/example_dags/example_task_group.py
[2022-11-08T14:50:31.571+0000] {logging_mixin.py:120} INFO - [2022-11-08T14:50:31.571+0000] {dag.py:2585} INFO - Sync 1 DAGs
[2022-11-08T14:50:31.592+0000] {logging_mixin.py:120} INFO - [2022-11-08T14:50:31.592+0000] {dag.py:3340} INFO - Setting next_dagrun for example_task_group to 2022-11-07T14:50:31.592470+00:00, run_after=2022-11-08T14:50:31.592470+00:00
[2022-11-08T14:50:31.612+0000] {processor.py:176} INFO - Processing /home/airflow/.local/lib/python3.7/site-packages/airflow/example_dags/example_task_group.py took 0.098 seconds
[2022-11-08T14:51:02.295+0000] {processor.py:154} INFO - Started process (PID=7560) to work on /home/airflow/.local/lib/python3.7/site-packages/airflow/example_dags/example_task_group.py
[2022-11-08T14:51:02.296+0000] {processor.py:756} INFO - Processing file /home/airflow/.local/lib/python3.7/site-packages/airflow/example_dags/example_task_group.py for tasks to queue
[2022-11-08T14:51:02.296+0000] {logging_mixin.py:120} INFO - [2022-11-08T14:51:02.296+0000] {dagbag.py:537} INFO - Filling up the DagBag from /home/airflow/.local/lib/python3.7/site-packages/airflow/example_dags/example_task_group.py
[2022-11-08T14:51:02.311+0000] {processor.py:766} INFO - DAG(s) dict_keys(['example_task_group']) retrieved from /home/airflow/.local/lib/python3.7/site-packages/airflow/example_dags/example_task_group.py
[2022-11-08T14:51:02.347+0000] {logging_mixin.py:120} INFO - [2022-11-08T14:51:02.347+0000] {dag.py:2585} INFO - Sync 1 DAGs
[2022-11-08T14:51:02.368+0000] {logging_mixin.py:120} INFO - [2022-11-08T14:51:02.367+0000] {dag.py:3340} INFO - Setting next_dagrun for example_task_group to 2022-11-07T14:51:02.367693+00:00, run_after=2022-11-08T14:51:02.367693+00:00
[2022-11-08T14:51:02.383+0000] {processor.py:176} INFO - Processing /home/airflow/.local/lib/python3.7/site-packages/airflow/example_dags/example_task_group.py took 0.091 seconds
[2022-11-08T14:51:33.097+0000] {processor.py:154} INFO - Started process (PID=7770) to work on /home/airflow/.local/lib/python3.7/site-packages/airflow/example_dags/example_task_group.py
[2022-11-08T14:51:33.098+0000] {processor.py:756} INFO - Processing file /home/airflow/.local/lib/python3.7/site-packages/airflow/example_dags/example_task_group.py for tasks to queue
[2022-11-08T14:51:33.099+0000] {logging_mixin.py:120} INFO - [2022-11-08T14:51:33.099+0000] {dagbag.py:537} INFO - Filling up the DagBag from /home/airflow/.local/lib/python3.7/site-packages/airflow/example_dags/example_task_group.py
[2022-11-08T14:51:33.117+0000] {processor.py:766} INFO - DAG(s) dict_keys(['example_task_group']) retrieved from /home/airflow/.local/lib/python3.7/site-packages/airflow/example_dags/example_task_group.py
[2022-11-08T14:51:33.165+0000] {logging_mixin.py:120} INFO - [2022-11-08T14:51:33.165+0000] {dag.py:2585} INFO - Sync 1 DAGs
[2022-11-08T14:51:33.191+0000] {logging_mixin.py:120} INFO - [2022-11-08T14:51:33.191+0000] {dag.py:3340} INFO - Setting next_dagrun for example_task_group to 2022-11-07T14:51:33.191516+00:00, run_after=2022-11-08T14:51:33.191516+00:00
[2022-11-08T14:51:33.211+0000] {processor.py:176} INFO - Processing /home/airflow/.local/lib/python3.7/site-packages/airflow/example_dags/example_task_group.py took 0.117 seconds
[2022-11-08T14:52:04.226+0000] {processor.py:154} INFO - Started process (PID=7977) to work on /home/airflow/.local/lib/python3.7/site-packages/airflow/example_dags/example_task_group.py
[2022-11-08T14:52:04.227+0000] {processor.py:756} INFO - Processing file /home/airflow/.local/lib/python3.7/site-packages/airflow/example_dags/example_task_group.py for tasks to queue
[2022-11-08T14:52:04.228+0000] {logging_mixin.py:120} INFO - [2022-11-08T14:52:04.227+0000] {dagbag.py:537} INFO - Filling up the DagBag from /home/airflow/.local/lib/python3.7/site-packages/airflow/example_dags/example_task_group.py
[2022-11-08T14:52:04.248+0000] {processor.py:766} INFO - DAG(s) dict_keys(['example_task_group']) retrieved from /home/airflow/.local/lib/python3.7/site-packages/airflow/example_dags/example_task_group.py
[2022-11-08T14:52:04.291+0000] {logging_mixin.py:120} INFO - [2022-11-08T14:52:04.291+0000] {dag.py:2585} INFO - Sync 1 DAGs
[2022-11-08T14:52:04.319+0000] {logging_mixin.py:120} INFO - [2022-11-08T14:52:04.319+0000] {dag.py:3340} INFO - Setting next_dagrun for example_task_group to 2022-11-07T14:52:04.318925+00:00, run_after=2022-11-08T14:52:04.318925+00:00
[2022-11-08T14:52:04.341+0000] {processor.py:176} INFO - Processing /home/airflow/.local/lib/python3.7/site-packages/airflow/example_dags/example_task_group.py took 0.119 seconds
[2022-11-08T14:52:34.590+0000] {processor.py:154} INFO - Started process (PID=8184) to work on /home/airflow/.local/lib/python3.7/site-packages/airflow/example_dags/example_task_group.py
[2022-11-08T14:52:34.591+0000] {processor.py:756} INFO - Processing file /home/airflow/.local/lib/python3.7/site-packages/airflow/example_dags/example_task_group.py for tasks to queue
[2022-11-08T14:52:34.593+0000] {logging_mixin.py:120} INFO - [2022-11-08T14:52:34.593+0000] {dagbag.py:537} INFO - Filling up the DagBag from /home/airflow/.local/lib/python3.7/site-packages/airflow/example_dags/example_task_group.py
[2022-11-08T14:52:34.612+0000] {processor.py:766} INFO - DAG(s) dict_keys(['example_task_group']) retrieved from /home/airflow/.local/lib/python3.7/site-packages/airflow/example_dags/example_task_group.py
[2022-11-08T14:52:34.676+0000] {logging_mixin.py:120} INFO - [2022-11-08T14:52:34.676+0000] {dag.py:2585} INFO - Sync 1 DAGs
[2022-11-08T14:52:34.719+0000] {logging_mixin.py:120} INFO - [2022-11-08T14:52:34.718+0000] {dag.py:3340} INFO - Setting next_dagrun for example_task_group to 2022-11-07T14:52:34.718126+00:00, run_after=2022-11-08T14:52:34.718126+00:00
[2022-11-08T14:52:34.756+0000] {processor.py:176} INFO - Processing /home/airflow/.local/lib/python3.7/site-packages/airflow/example_dags/example_task_group.py took 0.174 seconds
[2022-11-08T14:53:04.795+0000] {processor.py:154} INFO - Started process (PID=8383) to work on /home/airflow/.local/lib/python3.7/site-packages/airflow/example_dags/example_task_group.py
[2022-11-08T14:53:04.796+0000] {processor.py:756} INFO - Processing file /home/airflow/.local/lib/python3.7/site-packages/airflow/example_dags/example_task_group.py for tasks to queue
[2022-11-08T14:53:04.797+0000] {logging_mixin.py:120} INFO - [2022-11-08T14:53:04.797+0000] {dagbag.py:537} INFO - Filling up the DagBag from /home/airflow/.local/lib/python3.7/site-packages/airflow/example_dags/example_task_group.py
[2022-11-08T14:53:04.813+0000] {processor.py:766} INFO - DAG(s) dict_keys(['example_task_group']) retrieved from /home/airflow/.local/lib/python3.7/site-packages/airflow/example_dags/example_task_group.py
[2022-11-08T14:53:04.854+0000] {logging_mixin.py:120} INFO - [2022-11-08T14:53:04.853+0000] {dag.py:2585} INFO - Sync 1 DAGs
[2022-11-08T14:53:04.879+0000] {logging_mixin.py:120} INFO - [2022-11-08T14:53:04.879+0000] {dag.py:3340} INFO - Setting next_dagrun for example_task_group to 2022-11-07T14:53:04.879252+00:00, run_after=2022-11-08T14:53:04.879252+00:00
[2022-11-08T14:53:04.900+0000] {processor.py:176} INFO - Processing /home/airflow/.local/lib/python3.7/site-packages/airflow/example_dags/example_task_group.py took 0.110 seconds
[2022-11-08T14:53:34.976+0000] {processor.py:154} INFO - Started process (PID=8588) to work on /home/airflow/.local/lib/python3.7/site-packages/airflow/example_dags/example_task_group.py
[2022-11-08T14:53:34.977+0000] {processor.py:756} INFO - Processing file /home/airflow/.local/lib/python3.7/site-packages/airflow/example_dags/example_task_group.py for tasks to queue
[2022-11-08T14:53:34.978+0000] {logging_mixin.py:120} INFO - [2022-11-08T14:53:34.977+0000] {dagbag.py:537} INFO - Filling up the DagBag from /home/airflow/.local/lib/python3.7/site-packages/airflow/example_dags/example_task_group.py
[2022-11-08T14:53:34.994+0000] {processor.py:766} INFO - DAG(s) dict_keys(['example_task_group']) retrieved from /home/airflow/.local/lib/python3.7/site-packages/airflow/example_dags/example_task_group.py
[2022-11-08T14:53:35.039+0000] {logging_mixin.py:120} INFO - [2022-11-08T14:53:35.039+0000] {dag.py:2585} INFO - Sync 1 DAGs
[2022-11-08T14:53:35.062+0000] {logging_mixin.py:120} INFO - [2022-11-08T14:53:35.062+0000] {dag.py:3340} INFO - Setting next_dagrun for example_task_group to 2022-11-07T14:53:35.062343+00:00, run_after=2022-11-08T14:53:35.062343+00:00
[2022-11-08T14:53:35.085+0000] {processor.py:176} INFO - Processing /home/airflow/.local/lib/python3.7/site-packages/airflow/example_dags/example_task_group.py took 0.112 seconds
[2022-11-08T14:54:05.155+0000] {processor.py:154} INFO - Started process (PID=8795) to work on /home/airflow/.local/lib/python3.7/site-packages/airflow/example_dags/example_task_group.py
[2022-11-08T14:54:05.156+0000] {processor.py:756} INFO - Processing file /home/airflow/.local/lib/python3.7/site-packages/airflow/example_dags/example_task_group.py for tasks to queue
[2022-11-08T14:54:05.156+0000] {logging_mixin.py:120} INFO - [2022-11-08T14:54:05.156+0000] {dagbag.py:537} INFO - Filling up the DagBag from /home/airflow/.local/lib/python3.7/site-packages/airflow/example_dags/example_task_group.py
[2022-11-08T14:54:05.172+0000] {processor.py:766} INFO - DAG(s) dict_keys(['example_task_group']) retrieved from /home/airflow/.local/lib/python3.7/site-packages/airflow/example_dags/example_task_group.py
[2022-11-08T14:54:05.216+0000] {logging_mixin.py:120} INFO - [2022-11-08T14:54:05.216+0000] {dag.py:2585} INFO - Sync 1 DAGs
[2022-11-08T14:54:05.241+0000] {logging_mixin.py:120} INFO - [2022-11-08T14:54:05.241+0000] {dag.py:3340} INFO - Setting next_dagrun for example_task_group to 2022-11-07T14:54:05.240969+00:00, run_after=2022-11-08T14:54:05.240969+00:00
[2022-11-08T14:54:05.258+0000] {processor.py:176} INFO - Processing /home/airflow/.local/lib/python3.7/site-packages/airflow/example_dags/example_task_group.py took 0.107 seconds
[2022-11-08T14:54:36.032+0000] {processor.py:154} INFO - Started process (PID=8996) to work on /home/airflow/.local/lib/python3.7/site-packages/airflow/example_dags/example_task_group.py
[2022-11-08T14:54:36.033+0000] {processor.py:756} INFO - Processing file /home/airflow/.local/lib/python3.7/site-packages/airflow/example_dags/example_task_group.py for tasks to queue
[2022-11-08T14:54:36.034+0000] {logging_mixin.py:120} INFO - [2022-11-08T14:54:36.034+0000] {dagbag.py:537} INFO - Filling up the DagBag from /home/airflow/.local/lib/python3.7/site-packages/airflow/example_dags/example_task_group.py
[2022-11-08T14:54:36.051+0000] {processor.py:766} INFO - DAG(s) dict_keys(['example_task_group']) retrieved from /home/airflow/.local/lib/python3.7/site-packages/airflow/example_dags/example_task_group.py
[2022-11-08T14:54:36.099+0000] {logging_mixin.py:120} INFO - [2022-11-08T14:54:36.099+0000] {dag.py:2585} INFO - Sync 1 DAGs
[2022-11-08T14:54:36.123+0000] {logging_mixin.py:120} INFO - [2022-11-08T14:54:36.123+0000] {dag.py:3340} INFO - Setting next_dagrun for example_task_group to 2022-11-07T14:54:36.122777+00:00, run_after=2022-11-08T14:54:36.122777+00:00
[2022-11-08T14:54:36.142+0000] {processor.py:176} INFO - Processing /home/airflow/.local/lib/python3.7/site-packages/airflow/example_dags/example_task_group.py took 0.114 seconds
[2022-11-08T14:55:06.615+0000] {processor.py:154} INFO - Started process (PID=9203) to work on /home/airflow/.local/lib/python3.7/site-packages/airflow/example_dags/example_task_group.py
[2022-11-08T14:55:06.616+0000] {processor.py:756} INFO - Processing file /home/airflow/.local/lib/python3.7/site-packages/airflow/example_dags/example_task_group.py for tasks to queue
[2022-11-08T14:55:06.617+0000] {logging_mixin.py:120} INFO - [2022-11-08T14:55:06.617+0000] {dagbag.py:537} INFO - Filling up the DagBag from /home/airflow/.local/lib/python3.7/site-packages/airflow/example_dags/example_task_group.py
[2022-11-08T14:55:06.635+0000] {processor.py:766} INFO - DAG(s) dict_keys(['example_task_group']) retrieved from /home/airflow/.local/lib/python3.7/site-packages/airflow/example_dags/example_task_group.py
[2022-11-08T14:55:06.677+0000] {logging_mixin.py:120} INFO - [2022-11-08T14:55:06.676+0000] {dag.py:2585} INFO - Sync 1 DAGs
[2022-11-08T14:55:06.702+0000] {logging_mixin.py:120} INFO - [2022-11-08T14:55:06.702+0000] {dag.py:3340} INFO - Setting next_dagrun for example_task_group to 2022-11-07T14:55:06.702028+00:00, run_after=2022-11-08T14:55:06.702028+00:00
[2022-11-08T14:55:06.722+0000] {processor.py:176} INFO - Processing /home/airflow/.local/lib/python3.7/site-packages/airflow/example_dags/example_task_group.py took 0.111 seconds
[2022-11-08T14:55:36.865+0000] {processor.py:154} INFO - Started process (PID=9412) to work on /home/airflow/.local/lib/python3.7/site-packages/airflow/example_dags/example_task_group.py
[2022-11-08T14:55:36.866+0000] {processor.py:756} INFO - Processing file /home/airflow/.local/lib/python3.7/site-packages/airflow/example_dags/example_task_group.py for tasks to queue
[2022-11-08T14:55:36.867+0000] {logging_mixin.py:120} INFO - [2022-11-08T14:55:36.867+0000] {dagbag.py:537} INFO - Filling up the DagBag from /home/airflow/.local/lib/python3.7/site-packages/airflow/example_dags/example_task_group.py
[2022-11-08T14:55:36.890+0000] {processor.py:766} INFO - DAG(s) dict_keys(['example_task_group']) retrieved from /home/airflow/.local/lib/python3.7/site-packages/airflow/example_dags/example_task_group.py
[2022-11-08T14:55:36.939+0000] {logging_mixin.py:120} INFO - [2022-11-08T14:55:36.939+0000] {dag.py:2585} INFO - Sync 1 DAGs
[2022-11-08T14:55:36.967+0000] {logging_mixin.py:120} INFO - [2022-11-08T14:55:36.966+0000] {dag.py:3340} INFO - Setting next_dagrun for example_task_group to 2022-11-07T14:55:36.966280+00:00, run_after=2022-11-08T14:55:36.966280+00:00
[2022-11-08T14:55:36.996+0000] {processor.py:176} INFO - Processing /home/airflow/.local/lib/python3.7/site-packages/airflow/example_dags/example_task_group.py took 0.134 seconds
[2022-11-08T14:56:07.224+0000] {processor.py:154} INFO - Started process (PID=9617) to work on /home/airflow/.local/lib/python3.7/site-packages/airflow/example_dags/example_task_group.py
[2022-11-08T14:56:07.226+0000] {processor.py:756} INFO - Processing file /home/airflow/.local/lib/python3.7/site-packages/airflow/example_dags/example_task_group.py for tasks to queue
[2022-11-08T14:56:07.227+0000] {logging_mixin.py:120} INFO - [2022-11-08T14:56:07.227+0000] {dagbag.py:537} INFO - Filling up the DagBag from /home/airflow/.local/lib/python3.7/site-packages/airflow/example_dags/example_task_group.py
[2022-11-08T14:56:07.251+0000] {processor.py:766} INFO - DAG(s) dict_keys(['example_task_group']) retrieved from /home/airflow/.local/lib/python3.7/site-packages/airflow/example_dags/example_task_group.py
[2022-11-08T14:56:07.302+0000] {logging_mixin.py:120} INFO - [2022-11-08T14:56:07.302+0000] {dag.py:2585} INFO - Sync 1 DAGs
[2022-11-08T14:56:07.328+0000] {logging_mixin.py:120} INFO - [2022-11-08T14:56:07.328+0000] {dag.py:3340} INFO - Setting next_dagrun for example_task_group to 2022-11-07T14:56:07.328461+00:00, run_after=2022-11-08T14:56:07.328461+00:00
[2022-11-08T14:56:07.349+0000] {processor.py:176} INFO - Processing /home/airflow/.local/lib/python3.7/site-packages/airflow/example_dags/example_task_group.py took 0.129 seconds
[2022-11-08T14:56:37.510+0000] {processor.py:154} INFO - Started process (PID=9815) to work on /home/airflow/.local/lib/python3.7/site-packages/airflow/example_dags/example_task_group.py
[2022-11-08T14:56:37.511+0000] {processor.py:756} INFO - Processing file /home/airflow/.local/lib/python3.7/site-packages/airflow/example_dags/example_task_group.py for tasks to queue
[2022-11-08T14:56:37.512+0000] {logging_mixin.py:120} INFO - [2022-11-08T14:56:37.512+0000] {dagbag.py:537} INFO - Filling up the DagBag from /home/airflow/.local/lib/python3.7/site-packages/airflow/example_dags/example_task_group.py
[2022-11-08T14:56:37.530+0000] {processor.py:766} INFO - DAG(s) dict_keys(['example_task_group']) retrieved from /home/airflow/.local/lib/python3.7/site-packages/airflow/example_dags/example_task_group.py
[2022-11-08T14:56:37.573+0000] {logging_mixin.py:120} INFO - [2022-11-08T14:56:37.573+0000] {dag.py:2585} INFO - Sync 1 DAGs
[2022-11-08T14:56:37.598+0000] {logging_mixin.py:120} INFO - [2022-11-08T14:56:37.598+0000] {dag.py:3340} INFO - Setting next_dagrun for example_task_group to 2022-11-07T14:56:37.597770+00:00, run_after=2022-11-08T14:56:37.597770+00:00
[2022-11-08T14:56:37.616+0000] {processor.py:176} INFO - Processing /home/airflow/.local/lib/python3.7/site-packages/airflow/example_dags/example_task_group.py took 0.109 seconds
[2022-11-08T14:57:08.037+0000] {processor.py:154} INFO - Started process (PID=10023) to work on /home/airflow/.local/lib/python3.7/site-packages/airflow/example_dags/example_task_group.py
[2022-11-08T14:57:08.038+0000] {processor.py:756} INFO - Processing file /home/airflow/.local/lib/python3.7/site-packages/airflow/example_dags/example_task_group.py for tasks to queue
[2022-11-08T14:57:08.039+0000] {logging_mixin.py:120} INFO - [2022-11-08T14:57:08.039+0000] {dagbag.py:537} INFO - Filling up the DagBag from /home/airflow/.local/lib/python3.7/site-packages/airflow/example_dags/example_task_group.py
[2022-11-08T14:57:08.056+0000] {processor.py:766} INFO - DAG(s) dict_keys(['example_task_group']) retrieved from /home/airflow/.local/lib/python3.7/site-packages/airflow/example_dags/example_task_group.py
[2022-11-08T14:57:08.099+0000] {logging_mixin.py:120} INFO - [2022-11-08T14:57:08.099+0000] {dag.py:2585} INFO - Sync 1 DAGs
[2022-11-08T14:57:08.126+0000] {logging_mixin.py:120} INFO - [2022-11-08T14:57:08.126+0000] {dag.py:3340} INFO - Setting next_dagrun for example_task_group to 2022-11-07T14:57:08.126038+00:00, run_after=2022-11-08T14:57:08.126038+00:00
[2022-11-08T14:57:08.143+0000] {processor.py:176} INFO - Processing /home/airflow/.local/lib/python3.7/site-packages/airflow/example_dags/example_task_group.py took 0.110 seconds
[2022-11-08T14:57:38.252+0000] {processor.py:154} INFO - Started process (PID=10230) to work on /home/airflow/.local/lib/python3.7/site-packages/airflow/example_dags/example_task_group.py
[2022-11-08T14:57:38.254+0000] {processor.py:756} INFO - Processing file /home/airflow/.local/lib/python3.7/site-packages/airflow/example_dags/example_task_group.py for tasks to queue
[2022-11-08T14:57:38.254+0000] {logging_mixin.py:120} INFO - [2022-11-08T14:57:38.254+0000] {dagbag.py:537} INFO - Filling up the DagBag from /home/airflow/.local/lib/python3.7/site-packages/airflow/example_dags/example_task_group.py
[2022-11-08T14:57:38.272+0000] {processor.py:766} INFO - DAG(s) dict_keys(['example_task_group']) retrieved from /home/airflow/.local/lib/python3.7/site-packages/airflow/example_dags/example_task_group.py
[2022-11-08T14:57:38.314+0000] {logging_mixin.py:120} INFO - [2022-11-08T14:57:38.314+0000] {dag.py:2585} INFO - Sync 1 DAGs
[2022-11-08T14:57:38.341+0000] {logging_mixin.py:120} INFO - [2022-11-08T14:57:38.341+0000] {dag.py:3340} INFO - Setting next_dagrun for example_task_group to 2022-11-07T14:57:38.340877+00:00, run_after=2022-11-08T14:57:38.340877+00:00
[2022-11-08T14:57:38.364+0000] {processor.py:176} INFO - Processing /home/airflow/.local/lib/python3.7/site-packages/airflow/example_dags/example_task_group.py took 0.116 seconds
[2022-11-08T14:58:09.367+0000] {processor.py:154} INFO - Started process (PID=10428) to work on /home/airflow/.local/lib/python3.7/site-packages/airflow/example_dags/example_task_group.py
[2022-11-08T14:58:09.368+0000] {processor.py:756} INFO - Processing file /home/airflow/.local/lib/python3.7/site-packages/airflow/example_dags/example_task_group.py for tasks to queue
[2022-11-08T14:58:09.368+0000] {logging_mixin.py:120} INFO - [2022-11-08T14:58:09.368+0000] {dagbag.py:537} INFO - Filling up the DagBag from /home/airflow/.local/lib/python3.7/site-packages/airflow/example_dags/example_task_group.py
[2022-11-08T14:58:09.385+0000] {processor.py:766} INFO - DAG(s) dict_keys(['example_task_group']) retrieved from /home/airflow/.local/lib/python3.7/site-packages/airflow/example_dags/example_task_group.py
[2022-11-08T14:58:09.433+0000] {logging_mixin.py:120} INFO - [2022-11-08T14:58:09.433+0000] {dag.py:2585} INFO - Sync 1 DAGs
[2022-11-08T14:58:09.458+0000] {logging_mixin.py:120} INFO - [2022-11-08T14:58:09.458+0000] {dag.py:3340} INFO - Setting next_dagrun for example_task_group to 2022-11-07T14:58:09.457797+00:00, run_after=2022-11-08T14:58:09.457797+00:00
[2022-11-08T14:58:09.480+0000] {processor.py:176} INFO - Processing /home/airflow/.local/lib/python3.7/site-packages/airflow/example_dags/example_task_group.py took 0.118 seconds
[2022-11-08T14:58:39.640+0000] {processor.py:154} INFO - Started process (PID=10635) to work on /home/airflow/.local/lib/python3.7/site-packages/airflow/example_dags/example_task_group.py
[2022-11-08T14:58:39.642+0000] {processor.py:756} INFO - Processing file /home/airflow/.local/lib/python3.7/site-packages/airflow/example_dags/example_task_group.py for tasks to queue
[2022-11-08T14:58:39.643+0000] {logging_mixin.py:120} INFO - [2022-11-08T14:58:39.642+0000] {dagbag.py:537} INFO - Filling up the DagBag from /home/airflow/.local/lib/python3.7/site-packages/airflow/example_dags/example_task_group.py
[2022-11-08T14:58:39.674+0000] {processor.py:766} INFO - DAG(s) dict_keys(['example_task_group']) retrieved from /home/airflow/.local/lib/python3.7/site-packages/airflow/example_dags/example_task_group.py
[2022-11-08T14:58:39.738+0000] {logging_mixin.py:120} INFO - [2022-11-08T14:58:39.738+0000] {dag.py:2585} INFO - Sync 1 DAGs
[2022-11-08T14:58:39.768+0000] {logging_mixin.py:120} INFO - [2022-11-08T14:58:39.768+0000] {dag.py:3340} INFO - Setting next_dagrun for example_task_group to 2022-11-07T14:58:39.767754+00:00, run_after=2022-11-08T14:58:39.767754+00:00
[2022-11-08T14:58:39.793+0000] {processor.py:176} INFO - Processing /home/airflow/.local/lib/python3.7/site-packages/airflow/example_dags/example_task_group.py took 0.158 seconds
[2022-11-08T14:59:09.861+0000] {processor.py:154} INFO - Started process (PID=10842) to work on /home/airflow/.local/lib/python3.7/site-packages/airflow/example_dags/example_task_group.py
[2022-11-08T14:59:09.862+0000] {processor.py:756} INFO - Processing file /home/airflow/.local/lib/python3.7/site-packages/airflow/example_dags/example_task_group.py for tasks to queue
[2022-11-08T14:59:09.863+0000] {logging_mixin.py:120} INFO - [2022-11-08T14:59:09.863+0000] {dagbag.py:537} INFO - Filling up the DagBag from /home/airflow/.local/lib/python3.7/site-packages/airflow/example_dags/example_task_group.py
[2022-11-08T14:59:09.878+0000] {processor.py:766} INFO - DAG(s) dict_keys(['example_task_group']) retrieved from /home/airflow/.local/lib/python3.7/site-packages/airflow/example_dags/example_task_group.py
[2022-11-08T14:59:09.918+0000] {logging_mixin.py:120} INFO - [2022-11-08T14:59:09.918+0000] {dag.py:2585} INFO - Sync 1 DAGs
[2022-11-08T14:59:09.943+0000] {logging_mixin.py:120} INFO - [2022-11-08T14:59:09.942+0000] {dag.py:3340} INFO - Setting next_dagrun for example_task_group to 2022-11-07T14:59:09.942534+00:00, run_after=2022-11-08T14:59:09.942534+00:00
[2022-11-08T14:59:09.962+0000] {processor.py:176} INFO - Processing /home/airflow/.local/lib/python3.7/site-packages/airflow/example_dags/example_task_group.py took 0.105 seconds
[2022-11-08T14:59:40.154+0000] {processor.py:154} INFO - Started process (PID=11046) to work on /home/airflow/.local/lib/python3.7/site-packages/airflow/example_dags/example_task_group.py
[2022-11-08T14:59:40.155+0000] {processor.py:756} INFO - Processing file /home/airflow/.local/lib/python3.7/site-packages/airflow/example_dags/example_task_group.py for tasks to queue
[2022-11-08T14:59:40.156+0000] {logging_mixin.py:120} INFO - [2022-11-08T14:59:40.156+0000] {dagbag.py:537} INFO - Filling up the DagBag from /home/airflow/.local/lib/python3.7/site-packages/airflow/example_dags/example_task_group.py
[2022-11-08T14:59:40.174+0000] {processor.py:766} INFO - DAG(s) dict_keys(['example_task_group']) retrieved from /home/airflow/.local/lib/python3.7/site-packages/airflow/example_dags/example_task_group.py
[2022-11-08T14:59:40.218+0000] {logging_mixin.py:120} INFO - [2022-11-08T14:59:40.218+0000] {dag.py:2585} INFO - Sync 1 DAGs
[2022-11-08T14:59:40.241+0000] {logging_mixin.py:120} INFO - [2022-11-08T14:59:40.241+0000] {dag.py:3340} INFO - Setting next_dagrun for example_task_group to 2022-11-07T14:59:40.241398+00:00, run_after=2022-11-08T14:59:40.241398+00:00
[2022-11-08T14:59:40.261+0000] {processor.py:176} INFO - Processing /home/airflow/.local/lib/python3.7/site-packages/airflow/example_dags/example_task_group.py took 0.112 seconds
[2022-11-08T15:00:10.412+0000] {processor.py:154} INFO - Started process (PID=11244) to work on /home/airflow/.local/lib/python3.7/site-packages/airflow/example_dags/example_task_group.py
[2022-11-08T15:00:10.414+0000] {processor.py:756} INFO - Processing file /home/airflow/.local/lib/python3.7/site-packages/airflow/example_dags/example_task_group.py for tasks to queue
[2022-11-08T15:00:10.415+0000] {logging_mixin.py:120} INFO - [2022-11-08T15:00:10.415+0000] {dagbag.py:537} INFO - Filling up the DagBag from /home/airflow/.local/lib/python3.7/site-packages/airflow/example_dags/example_task_group.py
[2022-11-08T15:00:10.435+0000] {processor.py:766} INFO - DAG(s) dict_keys(['example_task_group']) retrieved from /home/airflow/.local/lib/python3.7/site-packages/airflow/example_dags/example_task_group.py
[2022-11-08T15:00:10.486+0000] {logging_mixin.py:120} INFO - [2022-11-08T15:00:10.486+0000] {dag.py:2585} INFO - Sync 1 DAGs
[2022-11-08T15:00:10.519+0000] {logging_mixin.py:120} INFO - [2022-11-08T15:00:10.518+0000] {dag.py:3340} INFO - Setting next_dagrun for example_task_group to 2022-11-07T15:00:10.518617+00:00, run_after=2022-11-08T15:00:10.518617+00:00
[2022-11-08T15:00:10.542+0000] {processor.py:176} INFO - Processing /home/airflow/.local/lib/python3.7/site-packages/airflow/example_dags/example_task_group.py took 0.132 seconds
[2022-11-08T15:00:40.801+0000] {processor.py:154} INFO - Started process (PID=11451) to work on /home/airflow/.local/lib/python3.7/site-packages/airflow/example_dags/example_task_group.py
[2022-11-08T15:00:40.801+0000] {processor.py:756} INFO - Processing file /home/airflow/.local/lib/python3.7/site-packages/airflow/example_dags/example_task_group.py for tasks to queue
[2022-11-08T15:00:40.802+0000] {logging_mixin.py:120} INFO - [2022-11-08T15:00:40.802+0000] {dagbag.py:537} INFO - Filling up the DagBag from /home/airflow/.local/lib/python3.7/site-packages/airflow/example_dags/example_task_group.py
[2022-11-08T15:00:40.819+0000] {processor.py:766} INFO - DAG(s) dict_keys(['example_task_group']) retrieved from /home/airflow/.local/lib/python3.7/site-packages/airflow/example_dags/example_task_group.py
[2022-11-08T15:00:40.860+0000] {logging_mixin.py:120} INFO - [2022-11-08T15:00:40.860+0000] {dag.py:2585} INFO - Sync 1 DAGs
[2022-11-08T15:00:40.884+0000] {logging_mixin.py:120} INFO - [2022-11-08T15:00:40.884+0000] {dag.py:3340} INFO - Setting next_dagrun for example_task_group to 2022-11-07T15:00:40.884150+00:00, run_after=2022-11-08T15:00:40.884150+00:00
[2022-11-08T15:00:40.906+0000] {processor.py:176} INFO - Processing /home/airflow/.local/lib/python3.7/site-packages/airflow/example_dags/example_task_group.py took 0.110 seconds
[2022-11-08T15:01:11.030+0000] {processor.py:154} INFO - Started process (PID=11659) to work on /home/airflow/.local/lib/python3.7/site-packages/airflow/example_dags/example_task_group.py
[2022-11-08T15:01:11.031+0000] {processor.py:756} INFO - Processing file /home/airflow/.local/lib/python3.7/site-packages/airflow/example_dags/example_task_group.py for tasks to queue
[2022-11-08T15:01:11.032+0000] {logging_mixin.py:120} INFO - [2022-11-08T15:01:11.032+0000] {dagbag.py:537} INFO - Filling up the DagBag from /home/airflow/.local/lib/python3.7/site-packages/airflow/example_dags/example_task_group.py
[2022-11-08T15:01:11.050+0000] {processor.py:766} INFO - DAG(s) dict_keys(['example_task_group']) retrieved from /home/airflow/.local/lib/python3.7/site-packages/airflow/example_dags/example_task_group.py
[2022-11-08T15:01:11.090+0000] {logging_mixin.py:120} INFO - [2022-11-08T15:01:11.090+0000] {dag.py:2585} INFO - Sync 1 DAGs
[2022-11-08T15:01:11.116+0000] {logging_mixin.py:120} INFO - [2022-11-08T15:01:11.116+0000] {dag.py:3340} INFO - Setting next_dagrun for example_task_group to 2022-11-07T15:01:11.116208+00:00, run_after=2022-11-08T15:01:11.116208+00:00
[2022-11-08T15:01:11.140+0000] {processor.py:176} INFO - Processing /home/airflow/.local/lib/python3.7/site-packages/airflow/example_dags/example_task_group.py took 0.113 seconds
