[2022-11-08T14:25:00.092+0000] {processor.py:154} INFO - Started process (PID=52) to work on /home/airflow/.local/lib/python3.7/site-packages/airflow/example_dags/example_nested_branch_dag.py
[2022-11-08T14:25:00.093+0000] {processor.py:756} INFO - Processing file /home/airflow/.local/lib/python3.7/site-packages/airflow/example_dags/example_nested_branch_dag.py for tasks to queue
[2022-11-08T14:25:00.094+0000] {logging_mixin.py:120} INFO - [2022-11-08T14:25:00.094+0000] {dagbag.py:537} INFO - Filling up the DagBag from /home/airflow/.local/lib/python3.7/site-packages/airflow/example_dags/example_nested_branch_dag.py
[2022-11-08T14:25:00.122+0000] {processor.py:766} INFO - DAG(s) dict_keys(['example_nested_branch_dag']) retrieved from /home/airflow/.local/lib/python3.7/site-packages/airflow/example_dags/example_nested_branch_dag.py
[2022-11-08T14:25:00.150+0000] {logging_mixin.py:120} INFO - [2022-11-08T14:25:00.149+0000] {dag.py:2585} INFO - Sync 1 DAGs
[2022-11-08T14:25:00.176+0000] {logging_mixin.py:120} INFO - [2022-11-08T14:25:00.176+0000] {dag.py:3340} INFO - Setting next_dagrun for example_nested_branch_dag to 2022-11-07T00:00:00+00:00, run_after=2022-11-08T00:00:00+00:00
[2022-11-08T14:25:00.194+0000] {processor.py:176} INFO - Processing /home/airflow/.local/lib/python3.7/site-packages/airflow/example_dags/example_nested_branch_dag.py took 0.106 seconds
[2022-11-08T14:25:30.817+0000] {processor.py:154} INFO - Started process (PID=115) to work on /home/airflow/.local/lib/python3.7/site-packages/airflow/example_dags/example_nested_branch_dag.py
[2022-11-08T14:25:30.818+0000] {processor.py:756} INFO - Processing file /home/airflow/.local/lib/python3.7/site-packages/airflow/example_dags/example_nested_branch_dag.py for tasks to queue
[2022-11-08T14:25:30.818+0000] {logging_mixin.py:120} INFO - [2022-11-08T14:25:30.818+0000] {dagbag.py:537} INFO - Filling up the DagBag from /home/airflow/.local/lib/python3.7/site-packages/airflow/example_dags/example_nested_branch_dag.py
[2022-11-08T14:25:30.842+0000] {processor.py:766} INFO - DAG(s) dict_keys(['example_nested_branch_dag']) retrieved from /home/airflow/.local/lib/python3.7/site-packages/airflow/example_dags/example_nested_branch_dag.py
[2022-11-08T14:25:30.882+0000] {logging_mixin.py:120} INFO - [2022-11-08T14:25:30.881+0000] {dag.py:2585} INFO - Sync 1 DAGs
[2022-11-08T14:25:30.907+0000] {logging_mixin.py:120} INFO - [2022-11-08T14:25:30.906+0000] {dag.py:3340} INFO - Setting next_dagrun for example_nested_branch_dag to 2022-11-07T00:00:00+00:00, run_after=2022-11-08T00:00:00+00:00
[2022-11-08T14:25:30.924+0000] {processor.py:176} INFO - Processing /home/airflow/.local/lib/python3.7/site-packages/airflow/example_dags/example_nested_branch_dag.py took 0.112 seconds
[2022-11-08T14:26:01.601+0000] {processor.py:154} INFO - Started process (PID=179) to work on /home/airflow/.local/lib/python3.7/site-packages/airflow/example_dags/example_nested_branch_dag.py
[2022-11-08T14:26:01.602+0000] {processor.py:756} INFO - Processing file /home/airflow/.local/lib/python3.7/site-packages/airflow/example_dags/example_nested_branch_dag.py for tasks to queue
[2022-11-08T14:26:01.603+0000] {logging_mixin.py:120} INFO - [2022-11-08T14:26:01.603+0000] {dagbag.py:537} INFO - Filling up the DagBag from /home/airflow/.local/lib/python3.7/site-packages/airflow/example_dags/example_nested_branch_dag.py
[2022-11-08T14:26:01.626+0000] {processor.py:766} INFO - DAG(s) dict_keys(['example_nested_branch_dag']) retrieved from /home/airflow/.local/lib/python3.7/site-packages/airflow/example_dags/example_nested_branch_dag.py
[2022-11-08T14:26:01.673+0000] {logging_mixin.py:120} INFO - [2022-11-08T14:26:01.673+0000] {dag.py:2585} INFO - Sync 1 DAGs
[2022-11-08T14:26:01.700+0000] {logging_mixin.py:120} INFO - [2022-11-08T14:26:01.700+0000] {dag.py:3340} INFO - Setting next_dagrun for example_nested_branch_dag to 2022-11-07T00:00:00+00:00, run_after=2022-11-08T00:00:00+00:00
[2022-11-08T14:26:01.724+0000] {processor.py:176} INFO - Processing /home/airflow/.local/lib/python3.7/site-packages/airflow/example_dags/example_nested_branch_dag.py took 0.127 seconds
[2022-11-08T14:26:32.210+0000] {processor.py:154} INFO - Started process (PID=242) to work on /home/airflow/.local/lib/python3.7/site-packages/airflow/example_dags/example_nested_branch_dag.py
[2022-11-08T14:26:32.211+0000] {processor.py:756} INFO - Processing file /home/airflow/.local/lib/python3.7/site-packages/airflow/example_dags/example_nested_branch_dag.py for tasks to queue
[2022-11-08T14:26:32.212+0000] {logging_mixin.py:120} INFO - [2022-11-08T14:26:32.212+0000] {dagbag.py:537} INFO - Filling up the DagBag from /home/airflow/.local/lib/python3.7/site-packages/airflow/example_dags/example_nested_branch_dag.py
[2022-11-08T14:26:32.235+0000] {processor.py:766} INFO - DAG(s) dict_keys(['example_nested_branch_dag']) retrieved from /home/airflow/.local/lib/python3.7/site-packages/airflow/example_dags/example_nested_branch_dag.py
[2022-11-08T14:26:32.282+0000] {logging_mixin.py:120} INFO - [2022-11-08T14:26:32.282+0000] {dag.py:2585} INFO - Sync 1 DAGs
[2022-11-08T14:26:32.305+0000] {logging_mixin.py:120} INFO - [2022-11-08T14:26:32.305+0000] {dag.py:3340} INFO - Setting next_dagrun for example_nested_branch_dag to 2022-11-07T00:00:00+00:00, run_after=2022-11-08T00:00:00+00:00
[2022-11-08T14:26:32.326+0000] {processor.py:176} INFO - Processing /home/airflow/.local/lib/python3.7/site-packages/airflow/example_dags/example_nested_branch_dag.py took 0.119 seconds
[2022-11-08T14:27:02.928+0000] {processor.py:154} INFO - Started process (PID=296) to work on /home/airflow/.local/lib/python3.7/site-packages/airflow/example_dags/example_nested_branch_dag.py
[2022-11-08T14:27:02.929+0000] {processor.py:756} INFO - Processing file /home/airflow/.local/lib/python3.7/site-packages/airflow/example_dags/example_nested_branch_dag.py for tasks to queue
[2022-11-08T14:27:02.930+0000] {logging_mixin.py:120} INFO - [2022-11-08T14:27:02.930+0000] {dagbag.py:537} INFO - Filling up the DagBag from /home/airflow/.local/lib/python3.7/site-packages/airflow/example_dags/example_nested_branch_dag.py
[2022-11-08T14:27:02.954+0000] {processor.py:766} INFO - DAG(s) dict_keys(['example_nested_branch_dag']) retrieved from /home/airflow/.local/lib/python3.7/site-packages/airflow/example_dags/example_nested_branch_dag.py
[2022-11-08T14:27:02.993+0000] {logging_mixin.py:120} INFO - [2022-11-08T14:27:02.993+0000] {dag.py:2585} INFO - Sync 1 DAGs
[2022-11-08T14:27:03.017+0000] {logging_mixin.py:120} INFO - [2022-11-08T14:27:03.017+0000] {dag.py:3340} INFO - Setting next_dagrun for example_nested_branch_dag to 2022-11-07T00:00:00+00:00, run_after=2022-11-08T00:00:00+00:00
[2022-11-08T14:27:03.036+0000] {processor.py:176} INFO - Processing /home/airflow/.local/lib/python3.7/site-packages/airflow/example_dags/example_nested_branch_dag.py took 0.111 seconds
[2022-11-08T14:27:33.962+0000] {processor.py:154} INFO - Started process (PID=359) to work on /home/airflow/.local/lib/python3.7/site-packages/airflow/example_dags/example_nested_branch_dag.py
[2022-11-08T14:27:33.963+0000] {processor.py:756} INFO - Processing file /home/airflow/.local/lib/python3.7/site-packages/airflow/example_dags/example_nested_branch_dag.py for tasks to queue
[2022-11-08T14:27:33.964+0000] {logging_mixin.py:120} INFO - [2022-11-08T14:27:33.964+0000] {dagbag.py:537} INFO - Filling up the DagBag from /home/airflow/.local/lib/python3.7/site-packages/airflow/example_dags/example_nested_branch_dag.py
[2022-11-08T14:27:33.987+0000] {processor.py:766} INFO - DAG(s) dict_keys(['example_nested_branch_dag']) retrieved from /home/airflow/.local/lib/python3.7/site-packages/airflow/example_dags/example_nested_branch_dag.py
[2022-11-08T14:27:34.027+0000] {logging_mixin.py:120} INFO - [2022-11-08T14:27:34.026+0000] {dag.py:2585} INFO - Sync 1 DAGs
[2022-11-08T14:27:34.052+0000] {logging_mixin.py:120} INFO - [2022-11-08T14:27:34.052+0000] {dag.py:3340} INFO - Setting next_dagrun for example_nested_branch_dag to 2022-11-07T00:00:00+00:00, run_after=2022-11-08T00:00:00+00:00
[2022-11-08T14:27:34.074+0000] {processor.py:176} INFO - Processing /home/airflow/.local/lib/python3.7/site-packages/airflow/example_dags/example_nested_branch_dag.py took 0.115 seconds
[2022-11-08T14:28:04.532+0000] {processor.py:154} INFO - Started process (PID=423) to work on /home/airflow/.local/lib/python3.7/site-packages/airflow/example_dags/example_nested_branch_dag.py
[2022-11-08T14:28:04.533+0000] {processor.py:756} INFO - Processing file /home/airflow/.local/lib/python3.7/site-packages/airflow/example_dags/example_nested_branch_dag.py for tasks to queue
[2022-11-08T14:28:04.533+0000] {logging_mixin.py:120} INFO - [2022-11-08T14:28:04.533+0000] {dagbag.py:537} INFO - Filling up the DagBag from /home/airflow/.local/lib/python3.7/site-packages/airflow/example_dags/example_nested_branch_dag.py
[2022-11-08T14:28:04.553+0000] {processor.py:766} INFO - DAG(s) dict_keys(['example_nested_branch_dag']) retrieved from /home/airflow/.local/lib/python3.7/site-packages/airflow/example_dags/example_nested_branch_dag.py
[2022-11-08T14:28:04.587+0000] {logging_mixin.py:120} INFO - [2022-11-08T14:28:04.586+0000] {dag.py:2585} INFO - Sync 1 DAGs
[2022-11-08T14:28:04.607+0000] {logging_mixin.py:120} INFO - [2022-11-08T14:28:04.606+0000] {dag.py:3340} INFO - Setting next_dagrun for example_nested_branch_dag to 2022-11-07T00:00:00+00:00, run_after=2022-11-08T00:00:00+00:00
[2022-11-08T14:28:04.622+0000] {processor.py:176} INFO - Processing /home/airflow/.local/lib/python3.7/site-packages/airflow/example_dags/example_nested_branch_dag.py took 0.093 seconds
[2022-11-08T14:28:35.360+0000] {processor.py:154} INFO - Started process (PID=486) to work on /home/airflow/.local/lib/python3.7/site-packages/airflow/example_dags/example_nested_branch_dag.py
[2022-11-08T14:28:35.361+0000] {processor.py:756} INFO - Processing file /home/airflow/.local/lib/python3.7/site-packages/airflow/example_dags/example_nested_branch_dag.py for tasks to queue
[2022-11-08T14:28:35.362+0000] {logging_mixin.py:120} INFO - [2022-11-08T14:28:35.362+0000] {dagbag.py:537} INFO - Filling up the DagBag from /home/airflow/.local/lib/python3.7/site-packages/airflow/example_dags/example_nested_branch_dag.py
[2022-11-08T14:28:35.386+0000] {processor.py:766} INFO - DAG(s) dict_keys(['example_nested_branch_dag']) retrieved from /home/airflow/.local/lib/python3.7/site-packages/airflow/example_dags/example_nested_branch_dag.py
[2022-11-08T14:28:35.434+0000] {logging_mixin.py:120} INFO - [2022-11-08T14:28:35.434+0000] {dag.py:2585} INFO - Sync 1 DAGs
[2022-11-08T14:28:35.462+0000] {logging_mixin.py:120} INFO - [2022-11-08T14:28:35.462+0000] {dag.py:3340} INFO - Setting next_dagrun for example_nested_branch_dag to 2022-11-07T00:00:00+00:00, run_after=2022-11-08T00:00:00+00:00
[2022-11-08T14:28:35.485+0000] {processor.py:176} INFO - Processing /home/airflow/.local/lib/python3.7/site-packages/airflow/example_dags/example_nested_branch_dag.py took 0.129 seconds
[2022-11-08T14:29:06.023+0000] {processor.py:154} INFO - Started process (PID=549) to work on /home/airflow/.local/lib/python3.7/site-packages/airflow/example_dags/example_nested_branch_dag.py
[2022-11-08T14:29:06.024+0000] {processor.py:756} INFO - Processing file /home/airflow/.local/lib/python3.7/site-packages/airflow/example_dags/example_nested_branch_dag.py for tasks to queue
[2022-11-08T14:29:06.025+0000] {logging_mixin.py:120} INFO - [2022-11-08T14:29:06.025+0000] {dagbag.py:537} INFO - Filling up the DagBag from /home/airflow/.local/lib/python3.7/site-packages/airflow/example_dags/example_nested_branch_dag.py
[2022-11-08T14:29:06.047+0000] {processor.py:766} INFO - DAG(s) dict_keys(['example_nested_branch_dag']) retrieved from /home/airflow/.local/lib/python3.7/site-packages/airflow/example_dags/example_nested_branch_dag.py
[2022-11-08T14:29:06.085+0000] {logging_mixin.py:120} INFO - [2022-11-08T14:29:06.085+0000] {dag.py:2585} INFO - Sync 1 DAGs
[2022-11-08T14:29:06.110+0000] {logging_mixin.py:120} INFO - [2022-11-08T14:29:06.110+0000] {dag.py:3340} INFO - Setting next_dagrun for example_nested_branch_dag to 2022-11-07T00:00:00+00:00, run_after=2022-11-08T00:00:00+00:00
[2022-11-08T14:29:06.134+0000] {processor.py:176} INFO - Processing /home/airflow/.local/lib/python3.7/site-packages/airflow/example_dags/example_nested_branch_dag.py took 0.114 seconds
[2022-11-08T14:29:36.613+0000] {processor.py:154} INFO - Started process (PID=603) to work on /home/airflow/.local/lib/python3.7/site-packages/airflow/example_dags/example_nested_branch_dag.py
[2022-11-08T14:29:36.614+0000] {processor.py:756} INFO - Processing file /home/airflow/.local/lib/python3.7/site-packages/airflow/example_dags/example_nested_branch_dag.py for tasks to queue
[2022-11-08T14:29:36.615+0000] {logging_mixin.py:120} INFO - [2022-11-08T14:29:36.615+0000] {dagbag.py:537} INFO - Filling up the DagBag from /home/airflow/.local/lib/python3.7/site-packages/airflow/example_dags/example_nested_branch_dag.py
[2022-11-08T14:29:36.635+0000] {processor.py:766} INFO - DAG(s) dict_keys(['example_nested_branch_dag']) retrieved from /home/airflow/.local/lib/python3.7/site-packages/airflow/example_dags/example_nested_branch_dag.py
[2022-11-08T14:29:36.669+0000] {logging_mixin.py:120} INFO - [2022-11-08T14:29:36.669+0000] {dag.py:2585} INFO - Sync 1 DAGs
[2022-11-08T14:29:36.689+0000] {logging_mixin.py:120} INFO - [2022-11-08T14:29:36.689+0000] {dag.py:3340} INFO - Setting next_dagrun for example_nested_branch_dag to 2022-11-07T00:00:00+00:00, run_after=2022-11-08T00:00:00+00:00
[2022-11-08T14:29:36.703+0000] {processor.py:176} INFO - Processing /home/airflow/.local/lib/python3.7/site-packages/airflow/example_dags/example_nested_branch_dag.py took 0.093 seconds
[2022-11-08T14:30:07.079+0000] {processor.py:154} INFO - Started process (PID=666) to work on /home/airflow/.local/lib/python3.7/site-packages/airflow/example_dags/example_nested_branch_dag.py
[2022-11-08T14:30:07.080+0000] {processor.py:756} INFO - Processing file /home/airflow/.local/lib/python3.7/site-packages/airflow/example_dags/example_nested_branch_dag.py for tasks to queue
[2022-11-08T14:30:07.081+0000] {logging_mixin.py:120} INFO - [2022-11-08T14:30:07.080+0000] {dagbag.py:537} INFO - Filling up the DagBag from /home/airflow/.local/lib/python3.7/site-packages/airflow/example_dags/example_nested_branch_dag.py
[2022-11-08T14:30:07.102+0000] {processor.py:766} INFO - DAG(s) dict_keys(['example_nested_branch_dag']) retrieved from /home/airflow/.local/lib/python3.7/site-packages/airflow/example_dags/example_nested_branch_dag.py
[2022-11-08T14:30:07.139+0000] {logging_mixin.py:120} INFO - [2022-11-08T14:30:07.139+0000] {dag.py:2585} INFO - Sync 1 DAGs
[2022-11-08T14:30:07.163+0000] {logging_mixin.py:120} INFO - [2022-11-08T14:30:07.163+0000] {dag.py:3340} INFO - Setting next_dagrun for example_nested_branch_dag to 2022-11-07T00:00:00+00:00, run_after=2022-11-08T00:00:00+00:00
[2022-11-08T14:30:07.180+0000] {processor.py:176} INFO - Processing /home/airflow/.local/lib/python3.7/site-packages/airflow/example_dags/example_nested_branch_dag.py took 0.104 seconds
[2022-11-08T14:30:37.510+0000] {processor.py:154} INFO - Started process (PID=730) to work on /home/airflow/.local/lib/python3.7/site-packages/airflow/example_dags/example_nested_branch_dag.py
[2022-11-08T14:30:37.512+0000] {processor.py:756} INFO - Processing file /home/airflow/.local/lib/python3.7/site-packages/airflow/example_dags/example_nested_branch_dag.py for tasks to queue
[2022-11-08T14:30:37.512+0000] {logging_mixin.py:120} INFO - [2022-11-08T14:30:37.512+0000] {dagbag.py:537} INFO - Filling up the DagBag from /home/airflow/.local/lib/python3.7/site-packages/airflow/example_dags/example_nested_branch_dag.py
[2022-11-08T14:30:37.537+0000] {processor.py:766} INFO - DAG(s) dict_keys(['example_nested_branch_dag']) retrieved from /home/airflow/.local/lib/python3.7/site-packages/airflow/example_dags/example_nested_branch_dag.py
[2022-11-08T14:30:37.577+0000] {logging_mixin.py:120} INFO - [2022-11-08T14:30:37.577+0000] {dag.py:2585} INFO - Sync 1 DAGs
[2022-11-08T14:30:37.597+0000] {logging_mixin.py:120} INFO - [2022-11-08T14:30:37.597+0000] {dag.py:3340} INFO - Setting next_dagrun for example_nested_branch_dag to 2022-11-07T00:00:00+00:00, run_after=2022-11-08T00:00:00+00:00
[2022-11-08T14:30:37.614+0000] {processor.py:176} INFO - Processing /home/airflow/.local/lib/python3.7/site-packages/airflow/example_dags/example_nested_branch_dag.py took 0.108 seconds
[2022-11-08T14:31:08.600+0000] {processor.py:154} INFO - Started process (PID=793) to work on /home/airflow/.local/lib/python3.7/site-packages/airflow/example_dags/example_nested_branch_dag.py
[2022-11-08T14:31:08.601+0000] {processor.py:756} INFO - Processing file /home/airflow/.local/lib/python3.7/site-packages/airflow/example_dags/example_nested_branch_dag.py for tasks to queue
[2022-11-08T14:31:08.601+0000] {logging_mixin.py:120} INFO - [2022-11-08T14:31:08.601+0000] {dagbag.py:537} INFO - Filling up the DagBag from /home/airflow/.local/lib/python3.7/site-packages/airflow/example_dags/example_nested_branch_dag.py
[2022-11-08T14:31:08.622+0000] {processor.py:766} INFO - DAG(s) dict_keys(['example_nested_branch_dag']) retrieved from /home/airflow/.local/lib/python3.7/site-packages/airflow/example_dags/example_nested_branch_dag.py
[2022-11-08T14:31:08.657+0000] {logging_mixin.py:120} INFO - [2022-11-08T14:31:08.657+0000] {dag.py:2585} INFO - Sync 1 DAGs
[2022-11-08T14:31:08.683+0000] {logging_mixin.py:120} INFO - [2022-11-08T14:31:08.683+0000] {dag.py:3340} INFO - Setting next_dagrun for example_nested_branch_dag to 2022-11-07T00:00:00+00:00, run_after=2022-11-08T00:00:00+00:00
[2022-11-08T14:31:08.704+0000] {processor.py:176} INFO - Processing /home/airflow/.local/lib/python3.7/site-packages/airflow/example_dags/example_nested_branch_dag.py took 0.108 seconds
[2022-11-08T14:31:38.936+0000] {processor.py:154} INFO - Started process (PID=847) to work on /home/airflow/.local/lib/python3.7/site-packages/airflow/example_dags/example_nested_branch_dag.py
[2022-11-08T14:31:38.937+0000] {processor.py:756} INFO - Processing file /home/airflow/.local/lib/python3.7/site-packages/airflow/example_dags/example_nested_branch_dag.py for tasks to queue
[2022-11-08T14:31:38.938+0000] {logging_mixin.py:120} INFO - [2022-11-08T14:31:38.938+0000] {dagbag.py:537} INFO - Filling up the DagBag from /home/airflow/.local/lib/python3.7/site-packages/airflow/example_dags/example_nested_branch_dag.py
[2022-11-08T14:31:38.958+0000] {processor.py:766} INFO - DAG(s) dict_keys(['example_nested_branch_dag']) retrieved from /home/airflow/.local/lib/python3.7/site-packages/airflow/example_dags/example_nested_branch_dag.py
[2022-11-08T14:31:38.981+0000] {logging_mixin.py:120} INFO - [2022-11-08T14:31:38.981+0000] {dag.py:2585} INFO - Sync 1 DAGs
[2022-11-08T14:31:39.015+0000] {logging_mixin.py:120} INFO - [2022-11-08T14:31:39.015+0000] {dag.py:3340} INFO - Setting next_dagrun for example_nested_branch_dag to 2022-11-07T00:00:00+00:00, run_after=2022-11-08T00:00:00+00:00
[2022-11-08T14:31:39.034+0000] {processor.py:176} INFO - Processing /home/airflow/.local/lib/python3.7/site-packages/airflow/example_dags/example_nested_branch_dag.py took 0.101 seconds
[2022-11-08T14:32:09.338+0000] {processor.py:154} INFO - Started process (PID=909) to work on /home/airflow/.local/lib/python3.7/site-packages/airflow/example_dags/example_nested_branch_dag.py
[2022-11-08T14:32:09.339+0000] {processor.py:756} INFO - Processing file /home/airflow/.local/lib/python3.7/site-packages/airflow/example_dags/example_nested_branch_dag.py for tasks to queue
[2022-11-08T14:32:09.339+0000] {logging_mixin.py:120} INFO - [2022-11-08T14:32:09.339+0000] {dagbag.py:537} INFO - Filling up the DagBag from /home/airflow/.local/lib/python3.7/site-packages/airflow/example_dags/example_nested_branch_dag.py
[2022-11-08T14:32:09.359+0000] {processor.py:766} INFO - DAG(s) dict_keys(['example_nested_branch_dag']) retrieved from /home/airflow/.local/lib/python3.7/site-packages/airflow/example_dags/example_nested_branch_dag.py
[2022-11-08T14:32:09.399+0000] {logging_mixin.py:120} INFO - [2022-11-08T14:32:09.399+0000] {dag.py:2585} INFO - Sync 1 DAGs
[2022-11-08T14:32:09.419+0000] {logging_mixin.py:120} INFO - [2022-11-08T14:32:09.419+0000] {dag.py:3340} INFO - Setting next_dagrun for example_nested_branch_dag to 2022-11-07T00:00:00+00:00, run_after=2022-11-08T00:00:00+00:00
[2022-11-08T14:32:09.435+0000] {processor.py:176} INFO - Processing /home/airflow/.local/lib/python3.7/site-packages/airflow/example_dags/example_nested_branch_dag.py took 0.100 seconds
[2022-11-08T14:32:39.567+0000] {processor.py:154} INFO - Started process (PID=247) to work on /home/airflow/.local/lib/python3.7/site-packages/airflow/example_dags/example_nested_branch_dag.py
[2022-11-08T14:32:39.568+0000] {processor.py:756} INFO - Processing file /home/airflow/.local/lib/python3.7/site-packages/airflow/example_dags/example_nested_branch_dag.py for tasks to queue
[2022-11-08T14:32:39.569+0000] {logging_mixin.py:120} INFO - [2022-11-08T14:32:39.569+0000] {dagbag.py:537} INFO - Filling up the DagBag from /home/airflow/.local/lib/python3.7/site-packages/airflow/example_dags/example_nested_branch_dag.py
[2022-11-08T14:32:39.593+0000] {processor.py:766} INFO - DAG(s) dict_keys(['example_nested_branch_dag']) retrieved from /home/airflow/.local/lib/python3.7/site-packages/airflow/example_dags/example_nested_branch_dag.py
[2022-11-08T14:32:39.615+0000] {logging_mixin.py:120} INFO - [2022-11-08T14:32:39.614+0000] {dag.py:2585} INFO - Sync 1 DAGs
[2022-11-08T14:32:39.637+0000] {logging_mixin.py:120} INFO - [2022-11-08T14:32:39.637+0000] {dag.py:3340} INFO - Setting next_dagrun for example_nested_branch_dag to 2022-11-07T00:00:00+00:00, run_after=2022-11-08T00:00:00+00:00
[2022-11-08T14:32:39.654+0000] {processor.py:176} INFO - Processing /home/airflow/.local/lib/python3.7/site-packages/airflow/example_dags/example_nested_branch_dag.py took 0.090 seconds
[2022-11-08T14:33:11.215+0000] {processor.py:154} INFO - Started process (PID=455) to work on /home/airflow/.local/lib/python3.7/site-packages/airflow/example_dags/example_nested_branch_dag.py
[2022-11-08T14:33:11.217+0000] {processor.py:756} INFO - Processing file /home/airflow/.local/lib/python3.7/site-packages/airflow/example_dags/example_nested_branch_dag.py for tasks to queue
[2022-11-08T14:33:11.218+0000] {logging_mixin.py:120} INFO - [2022-11-08T14:33:11.217+0000] {dagbag.py:537} INFO - Filling up the DagBag from /home/airflow/.local/lib/python3.7/site-packages/airflow/example_dags/example_nested_branch_dag.py
[2022-11-08T14:33:11.244+0000] {processor.py:766} INFO - DAG(s) dict_keys(['example_nested_branch_dag']) retrieved from /home/airflow/.local/lib/python3.7/site-packages/airflow/example_dags/example_nested_branch_dag.py
[2022-11-08T14:33:11.288+0000] {logging_mixin.py:120} INFO - [2022-11-08T14:33:11.287+0000] {dag.py:2585} INFO - Sync 1 DAGs
[2022-11-08T14:33:11.308+0000] {logging_mixin.py:120} INFO - [2022-11-08T14:33:11.308+0000] {dag.py:3340} INFO - Setting next_dagrun for example_nested_branch_dag to 2022-11-07T00:00:00+00:00, run_after=2022-11-08T00:00:00+00:00
[2022-11-08T14:33:11.324+0000] {processor.py:176} INFO - Processing /home/airflow/.local/lib/python3.7/site-packages/airflow/example_dags/example_nested_branch_dag.py took 0.114 seconds
[2022-11-08T14:33:41.877+0000] {processor.py:154} INFO - Started process (PID=660) to work on /home/airflow/.local/lib/python3.7/site-packages/airflow/example_dags/example_nested_branch_dag.py
[2022-11-08T14:33:41.878+0000] {processor.py:756} INFO - Processing file /home/airflow/.local/lib/python3.7/site-packages/airflow/example_dags/example_nested_branch_dag.py for tasks to queue
[2022-11-08T14:33:41.878+0000] {logging_mixin.py:120} INFO - [2022-11-08T14:33:41.878+0000] {dagbag.py:537} INFO - Filling up the DagBag from /home/airflow/.local/lib/python3.7/site-packages/airflow/example_dags/example_nested_branch_dag.py
[2022-11-08T14:33:41.901+0000] {processor.py:766} INFO - DAG(s) dict_keys(['example_nested_branch_dag']) retrieved from /home/airflow/.local/lib/python3.7/site-packages/airflow/example_dags/example_nested_branch_dag.py
[2022-11-08T14:33:41.924+0000] {logging_mixin.py:120} INFO - [2022-11-08T14:33:41.924+0000] {dag.py:2585} INFO - Sync 1 DAGs
[2022-11-08T14:33:41.947+0000] {logging_mixin.py:120} INFO - [2022-11-08T14:33:41.947+0000] {dag.py:3340} INFO - Setting next_dagrun for example_nested_branch_dag to 2022-11-07T00:00:00+00:00, run_after=2022-11-08T00:00:00+00:00
[2022-11-08T14:33:41.966+0000] {processor.py:176} INFO - Processing /home/airflow/.local/lib/python3.7/site-packages/airflow/example_dags/example_nested_branch_dag.py took 0.092 seconds
[2022-11-08T14:34:12.701+0000] {processor.py:154} INFO - Started process (PID=868) to work on /home/airflow/.local/lib/python3.7/site-packages/airflow/example_dags/example_nested_branch_dag.py
[2022-11-08T14:34:12.703+0000] {processor.py:756} INFO - Processing file /home/airflow/.local/lib/python3.7/site-packages/airflow/example_dags/example_nested_branch_dag.py for tasks to queue
[2022-11-08T14:34:12.704+0000] {logging_mixin.py:120} INFO - [2022-11-08T14:34:12.704+0000] {dagbag.py:537} INFO - Filling up the DagBag from /home/airflow/.local/lib/python3.7/site-packages/airflow/example_dags/example_nested_branch_dag.py
[2022-11-08T14:34:12.736+0000] {processor.py:766} INFO - DAG(s) dict_keys(['example_nested_branch_dag']) retrieved from /home/airflow/.local/lib/python3.7/site-packages/airflow/example_dags/example_nested_branch_dag.py
[2022-11-08T14:34:12.779+0000] {logging_mixin.py:120} INFO - [2022-11-08T14:34:12.779+0000] {dag.py:2585} INFO - Sync 1 DAGs
[2022-11-08T14:34:12.803+0000] {logging_mixin.py:120} INFO - [2022-11-08T14:34:12.803+0000] {dag.py:3340} INFO - Setting next_dagrun for example_nested_branch_dag to 2022-11-07T00:00:00+00:00, run_after=2022-11-08T00:00:00+00:00
[2022-11-08T14:34:12.824+0000] {processor.py:176} INFO - Processing /home/airflow/.local/lib/python3.7/site-packages/airflow/example_dags/example_nested_branch_dag.py took 0.127 seconds
[2022-11-08T14:34:43.798+0000] {processor.py:154} INFO - Started process (PID=1066) to work on /home/airflow/.local/lib/python3.7/site-packages/airflow/example_dags/example_nested_branch_dag.py
[2022-11-08T14:34:43.799+0000] {processor.py:756} INFO - Processing file /home/airflow/.local/lib/python3.7/site-packages/airflow/example_dags/example_nested_branch_dag.py for tasks to queue
[2022-11-08T14:34:43.800+0000] {logging_mixin.py:120} INFO - [2022-11-08T14:34:43.799+0000] {dagbag.py:537} INFO - Filling up the DagBag from /home/airflow/.local/lib/python3.7/site-packages/airflow/example_dags/example_nested_branch_dag.py
[2022-11-08T14:34:43.827+0000] {processor.py:766} INFO - DAG(s) dict_keys(['example_nested_branch_dag']) retrieved from /home/airflow/.local/lib/python3.7/site-packages/airflow/example_dags/example_nested_branch_dag.py
[2022-11-08T14:34:43.881+0000] {logging_mixin.py:120} INFO - [2022-11-08T14:34:43.881+0000] {dag.py:2585} INFO - Sync 1 DAGs
[2022-11-08T14:34:43.906+0000] {logging_mixin.py:120} INFO - [2022-11-08T14:34:43.906+0000] {dag.py:3340} INFO - Setting next_dagrun for example_nested_branch_dag to 2022-11-07T00:00:00+00:00, run_after=2022-11-08T00:00:00+00:00
[2022-11-08T14:34:43.926+0000] {processor.py:176} INFO - Processing /home/airflow/.local/lib/python3.7/site-packages/airflow/example_dags/example_nested_branch_dag.py took 0.132 seconds
[2022-11-08T14:35:14.754+0000] {processor.py:154} INFO - Started process (PID=1273) to work on /home/airflow/.local/lib/python3.7/site-packages/airflow/example_dags/example_nested_branch_dag.py
[2022-11-08T14:35:14.755+0000] {processor.py:756} INFO - Processing file /home/airflow/.local/lib/python3.7/site-packages/airflow/example_dags/example_nested_branch_dag.py for tasks to queue
[2022-11-08T14:35:14.756+0000] {logging_mixin.py:120} INFO - [2022-11-08T14:35:14.756+0000] {dagbag.py:537} INFO - Filling up the DagBag from /home/airflow/.local/lib/python3.7/site-packages/airflow/example_dags/example_nested_branch_dag.py
[2022-11-08T14:35:14.781+0000] {processor.py:766} INFO - DAG(s) dict_keys(['example_nested_branch_dag']) retrieved from /home/airflow/.local/lib/python3.7/site-packages/airflow/example_dags/example_nested_branch_dag.py
[2022-11-08T14:35:14.832+0000] {logging_mixin.py:120} INFO - [2022-11-08T14:35:14.832+0000] {dag.py:2585} INFO - Sync 1 DAGs
[2022-11-08T14:35:14.870+0000] {logging_mixin.py:120} INFO - [2022-11-08T14:35:14.870+0000] {dag.py:3340} INFO - Setting next_dagrun for example_nested_branch_dag to 2022-11-07T00:00:00+00:00, run_after=2022-11-08T00:00:00+00:00
[2022-11-08T14:35:14.891+0000] {processor.py:176} INFO - Processing /home/airflow/.local/lib/python3.7/site-packages/airflow/example_dags/example_nested_branch_dag.py took 0.142 seconds
[2022-11-08T14:35:45.359+0000] {processor.py:154} INFO - Started process (PID=1480) to work on /home/airflow/.local/lib/python3.7/site-packages/airflow/example_dags/example_nested_branch_dag.py
[2022-11-08T14:35:45.360+0000] {processor.py:756} INFO - Processing file /home/airflow/.local/lib/python3.7/site-packages/airflow/example_dags/example_nested_branch_dag.py for tasks to queue
[2022-11-08T14:35:45.361+0000] {logging_mixin.py:120} INFO - [2022-11-08T14:35:45.361+0000] {dagbag.py:537} INFO - Filling up the DagBag from /home/airflow/.local/lib/python3.7/site-packages/airflow/example_dags/example_nested_branch_dag.py
[2022-11-08T14:35:45.381+0000] {processor.py:766} INFO - DAG(s) dict_keys(['example_nested_branch_dag']) retrieved from /home/airflow/.local/lib/python3.7/site-packages/airflow/example_dags/example_nested_branch_dag.py
[2022-11-08T14:35:45.416+0000] {logging_mixin.py:120} INFO - [2022-11-08T14:35:45.416+0000] {dag.py:2585} INFO - Sync 1 DAGs
[2022-11-08T14:35:45.436+0000] {logging_mixin.py:120} INFO - [2022-11-08T14:35:45.436+0000] {dag.py:3340} INFO - Setting next_dagrun for example_nested_branch_dag to 2022-11-07T00:00:00+00:00, run_after=2022-11-08T00:00:00+00:00
[2022-11-08T14:35:45.451+0000] {processor.py:176} INFO - Processing /home/airflow/.local/lib/python3.7/site-packages/airflow/example_dags/example_nested_branch_dag.py took 0.096 seconds
[2022-11-08T14:36:16.154+0000] {processor.py:154} INFO - Started process (PID=1689) to work on /home/airflow/.local/lib/python3.7/site-packages/airflow/example_dags/example_nested_branch_dag.py
[2022-11-08T14:36:16.155+0000] {processor.py:756} INFO - Processing file /home/airflow/.local/lib/python3.7/site-packages/airflow/example_dags/example_nested_branch_dag.py for tasks to queue
[2022-11-08T14:36:16.156+0000] {logging_mixin.py:120} INFO - [2022-11-08T14:36:16.156+0000] {dagbag.py:537} INFO - Filling up the DagBag from /home/airflow/.local/lib/python3.7/site-packages/airflow/example_dags/example_nested_branch_dag.py
[2022-11-08T14:36:16.183+0000] {processor.py:766} INFO - DAG(s) dict_keys(['example_nested_branch_dag']) retrieved from /home/airflow/.local/lib/python3.7/site-packages/airflow/example_dags/example_nested_branch_dag.py
[2022-11-08T14:36:16.222+0000] {logging_mixin.py:120} INFO - [2022-11-08T14:36:16.222+0000] {dag.py:2585} INFO - Sync 1 DAGs
[2022-11-08T14:36:16.244+0000] {logging_mixin.py:120} INFO - [2022-11-08T14:36:16.243+0000] {dag.py:3340} INFO - Setting next_dagrun for example_nested_branch_dag to 2022-11-07T00:00:00+00:00, run_after=2022-11-08T00:00:00+00:00
[2022-11-08T14:36:16.261+0000] {processor.py:176} INFO - Processing /home/airflow/.local/lib/python3.7/site-packages/airflow/example_dags/example_nested_branch_dag.py took 0.112 seconds
[2022-11-08T14:36:46.811+0000] {processor.py:154} INFO - Started process (PID=1894) to work on /home/airflow/.local/lib/python3.7/site-packages/airflow/example_dags/example_nested_branch_dag.py
[2022-11-08T14:36:46.812+0000] {processor.py:756} INFO - Processing file /home/airflow/.local/lib/python3.7/site-packages/airflow/example_dags/example_nested_branch_dag.py for tasks to queue
[2022-11-08T14:36:46.812+0000] {logging_mixin.py:120} INFO - [2022-11-08T14:36:46.812+0000] {dagbag.py:537} INFO - Filling up the DagBag from /home/airflow/.local/lib/python3.7/site-packages/airflow/example_dags/example_nested_branch_dag.py
[2022-11-08T14:36:46.833+0000] {processor.py:766} INFO - DAG(s) dict_keys(['example_nested_branch_dag']) retrieved from /home/airflow/.local/lib/python3.7/site-packages/airflow/example_dags/example_nested_branch_dag.py
[2022-11-08T14:36:46.867+0000] {logging_mixin.py:120} INFO - [2022-11-08T14:36:46.866+0000] {dag.py:2585} INFO - Sync 1 DAGs
[2022-11-08T14:36:46.887+0000] {logging_mixin.py:120} INFO - [2022-11-08T14:36:46.887+0000] {dag.py:3340} INFO - Setting next_dagrun for example_nested_branch_dag to 2022-11-07T00:00:00+00:00, run_after=2022-11-08T00:00:00+00:00
[2022-11-08T14:36:46.902+0000] {processor.py:176} INFO - Processing /home/airflow/.local/lib/python3.7/site-packages/airflow/example_dags/example_nested_branch_dag.py took 0.095 seconds
[2022-11-08T14:37:17.686+0000] {processor.py:154} INFO - Started process (PID=2092) to work on /home/airflow/.local/lib/python3.7/site-packages/airflow/example_dags/example_nested_branch_dag.py
[2022-11-08T14:37:17.687+0000] {processor.py:756} INFO - Processing file /home/airflow/.local/lib/python3.7/site-packages/airflow/example_dags/example_nested_branch_dag.py for tasks to queue
[2022-11-08T14:37:17.688+0000] {logging_mixin.py:120} INFO - [2022-11-08T14:37:17.688+0000] {dagbag.py:537} INFO - Filling up the DagBag from /home/airflow/.local/lib/python3.7/site-packages/airflow/example_dags/example_nested_branch_dag.py
[2022-11-08T14:37:17.712+0000] {processor.py:766} INFO - DAG(s) dict_keys(['example_nested_branch_dag']) retrieved from /home/airflow/.local/lib/python3.7/site-packages/airflow/example_dags/example_nested_branch_dag.py
[2022-11-08T14:37:17.757+0000] {logging_mixin.py:120} INFO - [2022-11-08T14:37:17.757+0000] {dag.py:2585} INFO - Sync 1 DAGs
[2022-11-08T14:37:17.784+0000] {logging_mixin.py:120} INFO - [2022-11-08T14:37:17.783+0000] {dag.py:3340} INFO - Setting next_dagrun for example_nested_branch_dag to 2022-11-07T00:00:00+00:00, run_after=2022-11-08T00:00:00+00:00
[2022-11-08T14:37:17.803+0000] {processor.py:176} INFO - Processing /home/airflow/.local/lib/python3.7/site-packages/airflow/example_dags/example_nested_branch_dag.py took 0.120 seconds
[2022-11-08T14:37:48.333+0000] {processor.py:154} INFO - Started process (PID=2299) to work on /home/airflow/.local/lib/python3.7/site-packages/airflow/example_dags/example_nested_branch_dag.py
[2022-11-08T14:37:48.334+0000] {processor.py:756} INFO - Processing file /home/airflow/.local/lib/python3.7/site-packages/airflow/example_dags/example_nested_branch_dag.py for tasks to queue
[2022-11-08T14:37:48.334+0000] {logging_mixin.py:120} INFO - [2022-11-08T14:37:48.334+0000] {dagbag.py:537} INFO - Filling up the DagBag from /home/airflow/.local/lib/python3.7/site-packages/airflow/example_dags/example_nested_branch_dag.py
[2022-11-08T14:37:48.355+0000] {processor.py:766} INFO - DAG(s) dict_keys(['example_nested_branch_dag']) retrieved from /home/airflow/.local/lib/python3.7/site-packages/airflow/example_dags/example_nested_branch_dag.py
[2022-11-08T14:37:48.378+0000] {logging_mixin.py:120} INFO - [2022-11-08T14:37:48.378+0000] {dag.py:2585} INFO - Sync 1 DAGs
[2022-11-08T14:37:48.404+0000] {logging_mixin.py:120} INFO - [2022-11-08T14:37:48.403+0000] {dag.py:3340} INFO - Setting next_dagrun for example_nested_branch_dag to 2022-11-07T00:00:00+00:00, run_after=2022-11-08T00:00:00+00:00
[2022-11-08T14:37:48.421+0000] {processor.py:176} INFO - Processing /home/airflow/.local/lib/python3.7/site-packages/airflow/example_dags/example_nested_branch_dag.py took 0.091 seconds
[2022-11-08T14:38:19.051+0000] {processor.py:154} INFO - Started process (PID=2505) to work on /home/airflow/.local/lib/python3.7/site-packages/airflow/example_dags/example_nested_branch_dag.py
[2022-11-08T14:38:19.053+0000] {processor.py:756} INFO - Processing file /home/airflow/.local/lib/python3.7/site-packages/airflow/example_dags/example_nested_branch_dag.py for tasks to queue
[2022-11-08T14:38:19.054+0000] {logging_mixin.py:120} INFO - [2022-11-08T14:38:19.054+0000] {dagbag.py:537} INFO - Filling up the DagBag from /home/airflow/.local/lib/python3.7/site-packages/airflow/example_dags/example_nested_branch_dag.py
[2022-11-08T14:38:19.088+0000] {processor.py:766} INFO - DAG(s) dict_keys(['example_nested_branch_dag']) retrieved from /home/airflow/.local/lib/python3.7/site-packages/airflow/example_dags/example_nested_branch_dag.py
[2022-11-08T14:38:19.115+0000] {logging_mixin.py:120} INFO - [2022-11-08T14:38:19.114+0000] {dag.py:2585} INFO - Sync 1 DAGs
[2022-11-08T14:38:19.140+0000] {logging_mixin.py:120} INFO - [2022-11-08T14:38:19.139+0000] {dag.py:3340} INFO - Setting next_dagrun for example_nested_branch_dag to 2022-11-07T00:00:00+00:00, run_after=2022-11-08T00:00:00+00:00
[2022-11-08T14:38:19.156+0000] {processor.py:176} INFO - Processing /home/airflow/.local/lib/python3.7/site-packages/airflow/example_dags/example_nested_branch_dag.py took 0.111 seconds
[2022-11-08T14:38:49.464+0000] {processor.py:154} INFO - Started process (PID=2712) to work on /home/airflow/.local/lib/python3.7/site-packages/airflow/example_dags/example_nested_branch_dag.py
[2022-11-08T14:38:49.465+0000] {processor.py:756} INFO - Processing file /home/airflow/.local/lib/python3.7/site-packages/airflow/example_dags/example_nested_branch_dag.py for tasks to queue
[2022-11-08T14:38:49.465+0000] {logging_mixin.py:120} INFO - [2022-11-08T14:38:49.465+0000] {dagbag.py:537} INFO - Filling up the DagBag from /home/airflow/.local/lib/python3.7/site-packages/airflow/example_dags/example_nested_branch_dag.py
[2022-11-08T14:38:49.486+0000] {processor.py:766} INFO - DAG(s) dict_keys(['example_nested_branch_dag']) retrieved from /home/airflow/.local/lib/python3.7/site-packages/airflow/example_dags/example_nested_branch_dag.py
[2022-11-08T14:38:49.525+0000] {logging_mixin.py:120} INFO - [2022-11-08T14:38:49.525+0000] {dag.py:2585} INFO - Sync 1 DAGs
[2022-11-08T14:38:49.548+0000] {logging_mixin.py:120} INFO - [2022-11-08T14:38:49.548+0000] {dag.py:3340} INFO - Setting next_dagrun for example_nested_branch_dag to 2022-11-07T00:00:00+00:00, run_after=2022-11-08T00:00:00+00:00
[2022-11-08T14:38:49.566+0000] {processor.py:176} INFO - Processing /home/airflow/.local/lib/python3.7/site-packages/airflow/example_dags/example_nested_branch_dag.py took 0.106 seconds
[2022-11-08T14:39:20.240+0000] {processor.py:154} INFO - Started process (PID=2919) to work on /home/airflow/.local/lib/python3.7/site-packages/airflow/example_dags/example_nested_branch_dag.py
[2022-11-08T14:39:20.241+0000] {processor.py:756} INFO - Processing file /home/airflow/.local/lib/python3.7/site-packages/airflow/example_dags/example_nested_branch_dag.py for tasks to queue
[2022-11-08T14:39:20.242+0000] {logging_mixin.py:120} INFO - [2022-11-08T14:39:20.242+0000] {dagbag.py:537} INFO - Filling up the DagBag from /home/airflow/.local/lib/python3.7/site-packages/airflow/example_dags/example_nested_branch_dag.py
[2022-11-08T14:39:20.263+0000] {processor.py:766} INFO - DAG(s) dict_keys(['example_nested_branch_dag']) retrieved from /home/airflow/.local/lib/python3.7/site-packages/airflow/example_dags/example_nested_branch_dag.py
[2022-11-08T14:39:20.298+0000] {logging_mixin.py:120} INFO - [2022-11-08T14:39:20.298+0000] {dag.py:2585} INFO - Sync 1 DAGs
[2022-11-08T14:39:20.321+0000] {logging_mixin.py:120} INFO - [2022-11-08T14:39:20.321+0000] {dag.py:3340} INFO - Setting next_dagrun for example_nested_branch_dag to 2022-11-07T00:00:00+00:00, run_after=2022-11-08T00:00:00+00:00
[2022-11-08T14:39:20.338+0000] {processor.py:176} INFO - Processing /home/airflow/.local/lib/python3.7/site-packages/airflow/example_dags/example_nested_branch_dag.py took 0.101 seconds
[2022-11-08T14:39:51.119+0000] {processor.py:154} INFO - Started process (PID=3117) to work on /home/airflow/.local/lib/python3.7/site-packages/airflow/example_dags/example_nested_branch_dag.py
[2022-11-08T14:39:51.120+0000] {processor.py:756} INFO - Processing file /home/airflow/.local/lib/python3.7/site-packages/airflow/example_dags/example_nested_branch_dag.py for tasks to queue
[2022-11-08T14:39:51.121+0000] {logging_mixin.py:120} INFO - [2022-11-08T14:39:51.121+0000] {dagbag.py:537} INFO - Filling up the DagBag from /home/airflow/.local/lib/python3.7/site-packages/airflow/example_dags/example_nested_branch_dag.py
[2022-11-08T14:39:51.143+0000] {processor.py:766} INFO - DAG(s) dict_keys(['example_nested_branch_dag']) retrieved from /home/airflow/.local/lib/python3.7/site-packages/airflow/example_dags/example_nested_branch_dag.py
[2022-11-08T14:39:51.183+0000] {logging_mixin.py:120} INFO - [2022-11-08T14:39:51.183+0000] {dag.py:2585} INFO - Sync 1 DAGs
[2022-11-08T14:39:51.206+0000] {logging_mixin.py:120} INFO - [2022-11-08T14:39:51.206+0000] {dag.py:3340} INFO - Setting next_dagrun for example_nested_branch_dag to 2022-11-07T00:00:00+00:00, run_after=2022-11-08T00:00:00+00:00
[2022-11-08T14:39:51.225+0000] {processor.py:176} INFO - Processing /home/airflow/.local/lib/python3.7/site-packages/airflow/example_dags/example_nested_branch_dag.py took 0.109 seconds
[2022-11-08T14:40:22.249+0000] {processor.py:154} INFO - Started process (PID=3324) to work on /home/airflow/.local/lib/python3.7/site-packages/airflow/example_dags/example_nested_branch_dag.py
[2022-11-08T14:40:22.250+0000] {processor.py:756} INFO - Processing file /home/airflow/.local/lib/python3.7/site-packages/airflow/example_dags/example_nested_branch_dag.py for tasks to queue
[2022-11-08T14:40:22.251+0000] {logging_mixin.py:120} INFO - [2022-11-08T14:40:22.251+0000] {dagbag.py:537} INFO - Filling up the DagBag from /home/airflow/.local/lib/python3.7/site-packages/airflow/example_dags/example_nested_branch_dag.py
[2022-11-08T14:40:22.281+0000] {processor.py:766} INFO - DAG(s) dict_keys(['example_nested_branch_dag']) retrieved from /home/airflow/.local/lib/python3.7/site-packages/airflow/example_dags/example_nested_branch_dag.py
[2022-11-08T14:40:22.357+0000] {logging_mixin.py:120} INFO - [2022-11-08T14:40:22.357+0000] {dag.py:2585} INFO - Sync 1 DAGs
[2022-11-08T14:40:22.397+0000] {logging_mixin.py:120} INFO - [2022-11-08T14:40:22.397+0000] {dag.py:3340} INFO - Setting next_dagrun for example_nested_branch_dag to 2022-11-07T00:00:00+00:00, run_after=2022-11-08T00:00:00+00:00
[2022-11-08T14:40:22.423+0000] {processor.py:176} INFO - Processing /home/airflow/.local/lib/python3.7/site-packages/airflow/example_dags/example_nested_branch_dag.py took 0.179 seconds
[2022-11-08T14:40:52.516+0000] {processor.py:154} INFO - Started process (PID=3533) to work on /home/airflow/.local/lib/python3.7/site-packages/airflow/example_dags/example_nested_branch_dag.py
[2022-11-08T14:40:52.517+0000] {processor.py:756} INFO - Processing file /home/airflow/.local/lib/python3.7/site-packages/airflow/example_dags/example_nested_branch_dag.py for tasks to queue
[2022-11-08T14:40:52.517+0000] {logging_mixin.py:120} INFO - [2022-11-08T14:40:52.517+0000] {dagbag.py:537} INFO - Filling up the DagBag from /home/airflow/.local/lib/python3.7/site-packages/airflow/example_dags/example_nested_branch_dag.py
[2022-11-08T14:40:52.540+0000] {processor.py:766} INFO - DAG(s) dict_keys(['example_nested_branch_dag']) retrieved from /home/airflow/.local/lib/python3.7/site-packages/airflow/example_dags/example_nested_branch_dag.py
[2022-11-08T14:40:52.581+0000] {logging_mixin.py:120} INFO - [2022-11-08T14:40:52.581+0000] {dag.py:2585} INFO - Sync 1 DAGs
[2022-11-08T14:40:52.610+0000] {logging_mixin.py:120} INFO - [2022-11-08T14:40:52.610+0000] {dag.py:3340} INFO - Setting next_dagrun for example_nested_branch_dag to 2022-11-07T00:00:00+00:00, run_after=2022-11-08T00:00:00+00:00
[2022-11-08T14:40:52.630+0000] {processor.py:176} INFO - Processing /home/airflow/.local/lib/python3.7/site-packages/airflow/example_dags/example_nested_branch_dag.py took 0.118 seconds
[2022-11-08T14:41:22.930+0000] {processor.py:154} INFO - Started process (PID=3740) to work on /home/airflow/.local/lib/python3.7/site-packages/airflow/example_dags/example_nested_branch_dag.py
[2022-11-08T14:41:22.931+0000] {processor.py:756} INFO - Processing file /home/airflow/.local/lib/python3.7/site-packages/airflow/example_dags/example_nested_branch_dag.py for tasks to queue
[2022-11-08T14:41:22.932+0000] {logging_mixin.py:120} INFO - [2022-11-08T14:41:22.931+0000] {dagbag.py:537} INFO - Filling up the DagBag from /home/airflow/.local/lib/python3.7/site-packages/airflow/example_dags/example_nested_branch_dag.py
[2022-11-08T14:41:22.952+0000] {processor.py:766} INFO - DAG(s) dict_keys(['example_nested_branch_dag']) retrieved from /home/airflow/.local/lib/python3.7/site-packages/airflow/example_dags/example_nested_branch_dag.py
[2022-11-08T14:41:22.989+0000] {logging_mixin.py:120} INFO - [2022-11-08T14:41:22.989+0000] {dag.py:2585} INFO - Sync 1 DAGs
[2022-11-08T14:41:23.009+0000] {logging_mixin.py:120} INFO - [2022-11-08T14:41:23.009+0000] {dag.py:3340} INFO - Setting next_dagrun for example_nested_branch_dag to 2022-11-07T00:00:00+00:00, run_after=2022-11-08T00:00:00+00:00
[2022-11-08T14:41:23.027+0000] {processor.py:176} INFO - Processing /home/airflow/.local/lib/python3.7/site-packages/airflow/example_dags/example_nested_branch_dag.py took 0.100 seconds
[2022-11-08T14:41:53.208+0000] {processor.py:154} INFO - Started process (PID=3936) to work on /home/airflow/.local/lib/python3.7/site-packages/airflow/example_dags/example_nested_branch_dag.py
[2022-11-08T14:41:53.209+0000] {processor.py:756} INFO - Processing file /home/airflow/.local/lib/python3.7/site-packages/airflow/example_dags/example_nested_branch_dag.py for tasks to queue
[2022-11-08T14:41:53.210+0000] {logging_mixin.py:120} INFO - [2022-11-08T14:41:53.210+0000] {dagbag.py:537} INFO - Filling up the DagBag from /home/airflow/.local/lib/python3.7/site-packages/airflow/example_dags/example_nested_branch_dag.py
[2022-11-08T14:41:53.238+0000] {processor.py:766} INFO - DAG(s) dict_keys(['example_nested_branch_dag']) retrieved from /home/airflow/.local/lib/python3.7/site-packages/airflow/example_dags/example_nested_branch_dag.py
[2022-11-08T14:41:53.285+0000] {logging_mixin.py:120} INFO - [2022-11-08T14:41:53.285+0000] {dag.py:2585} INFO - Sync 1 DAGs
[2022-11-08T14:41:53.312+0000] {logging_mixin.py:120} INFO - [2022-11-08T14:41:53.312+0000] {dag.py:3340} INFO - Setting next_dagrun for example_nested_branch_dag to 2022-11-07T00:00:00+00:00, run_after=2022-11-08T00:00:00+00:00
[2022-11-08T14:41:53.336+0000] {processor.py:176} INFO - Processing /home/airflow/.local/lib/python3.7/site-packages/airflow/example_dags/example_nested_branch_dag.py took 0.133 seconds
[2022-11-08T14:42:23.415+0000] {processor.py:154} INFO - Started process (PID=4145) to work on /home/airflow/.local/lib/python3.7/site-packages/airflow/example_dags/example_nested_branch_dag.py
[2022-11-08T14:42:23.415+0000] {processor.py:756} INFO - Processing file /home/airflow/.local/lib/python3.7/site-packages/airflow/example_dags/example_nested_branch_dag.py for tasks to queue
[2022-11-08T14:42:23.416+0000] {logging_mixin.py:120} INFO - [2022-11-08T14:42:23.416+0000] {dagbag.py:537} INFO - Filling up the DagBag from /home/airflow/.local/lib/python3.7/site-packages/airflow/example_dags/example_nested_branch_dag.py
[2022-11-08T14:42:23.438+0000] {processor.py:766} INFO - DAG(s) dict_keys(['example_nested_branch_dag']) retrieved from /home/airflow/.local/lib/python3.7/site-packages/airflow/example_dags/example_nested_branch_dag.py
[2022-11-08T14:42:23.462+0000] {logging_mixin.py:120} INFO - [2022-11-08T14:42:23.461+0000] {dag.py:2585} INFO - Sync 1 DAGs
[2022-11-08T14:42:23.485+0000] {logging_mixin.py:120} INFO - [2022-11-08T14:42:23.485+0000] {dag.py:3340} INFO - Setting next_dagrun for example_nested_branch_dag to 2022-11-07T00:00:00+00:00, run_after=2022-11-08T00:00:00+00:00
[2022-11-08T14:42:23.502+0000] {processor.py:176} INFO - Processing /home/airflow/.local/lib/python3.7/site-packages/airflow/example_dags/example_nested_branch_dag.py took 0.091 seconds
[2022-11-08T14:42:54.069+0000] {processor.py:154} INFO - Started process (PID=4352) to work on /home/airflow/.local/lib/python3.7/site-packages/airflow/example_dags/example_nested_branch_dag.py
[2022-11-08T14:42:54.069+0000] {processor.py:756} INFO - Processing file /home/airflow/.local/lib/python3.7/site-packages/airflow/example_dags/example_nested_branch_dag.py for tasks to queue
[2022-11-08T14:42:54.070+0000] {logging_mixin.py:120} INFO - [2022-11-08T14:42:54.070+0000] {dagbag.py:537} INFO - Filling up the DagBag from /home/airflow/.local/lib/python3.7/site-packages/airflow/example_dags/example_nested_branch_dag.py
[2022-11-08T14:42:54.089+0000] {processor.py:766} INFO - DAG(s) dict_keys(['example_nested_branch_dag']) retrieved from /home/airflow/.local/lib/python3.7/site-packages/airflow/example_dags/example_nested_branch_dag.py
[2022-11-08T14:42:54.121+0000] {logging_mixin.py:120} INFO - [2022-11-08T14:42:54.121+0000] {dag.py:2585} INFO - Sync 1 DAGs
[2022-11-08T14:42:54.143+0000] {logging_mixin.py:120} INFO - [2022-11-08T14:42:54.142+0000] {dag.py:3340} INFO - Setting next_dagrun for example_nested_branch_dag to 2022-11-07T00:00:00+00:00, run_after=2022-11-08T00:00:00+00:00
[2022-11-08T14:42:54.158+0000] {processor.py:176} INFO - Processing /home/airflow/.local/lib/python3.7/site-packages/airflow/example_dags/example_nested_branch_dag.py took 0.092 seconds
[2022-11-08T14:43:24.624+0000] {processor.py:154} INFO - Started process (PID=4557) to work on /home/airflow/.local/lib/python3.7/site-packages/airflow/example_dags/example_nested_branch_dag.py
[2022-11-08T14:43:24.624+0000] {processor.py:756} INFO - Processing file /home/airflow/.local/lib/python3.7/site-packages/airflow/example_dags/example_nested_branch_dag.py for tasks to queue
[2022-11-08T14:43:24.625+0000] {logging_mixin.py:120} INFO - [2022-11-08T14:43:24.625+0000] {dagbag.py:537} INFO - Filling up the DagBag from /home/airflow/.local/lib/python3.7/site-packages/airflow/example_dags/example_nested_branch_dag.py
[2022-11-08T14:43:24.648+0000] {processor.py:766} INFO - DAG(s) dict_keys(['example_nested_branch_dag']) retrieved from /home/airflow/.local/lib/python3.7/site-packages/airflow/example_dags/example_nested_branch_dag.py
[2022-11-08T14:43:24.695+0000] {logging_mixin.py:120} INFO - [2022-11-08T14:43:24.694+0000] {dag.py:2585} INFO - Sync 1 DAGs
[2022-11-08T14:43:24.721+0000] {logging_mixin.py:120} INFO - [2022-11-08T14:43:24.721+0000] {dag.py:3340} INFO - Setting next_dagrun for example_nested_branch_dag to 2022-11-07T00:00:00+00:00, run_after=2022-11-08T00:00:00+00:00
[2022-11-08T14:43:24.736+0000] {processor.py:176} INFO - Processing /home/airflow/.local/lib/python3.7/site-packages/airflow/example_dags/example_nested_branch_dag.py took 0.116 seconds
[2022-11-08T14:43:55.158+0000] {processor.py:154} INFO - Started process (PID=4764) to work on /home/airflow/.local/lib/python3.7/site-packages/airflow/example_dags/example_nested_branch_dag.py
[2022-11-08T14:43:55.160+0000] {processor.py:756} INFO - Processing file /home/airflow/.local/lib/python3.7/site-packages/airflow/example_dags/example_nested_branch_dag.py for tasks to queue
[2022-11-08T14:43:55.160+0000] {logging_mixin.py:120} INFO - [2022-11-08T14:43:55.160+0000] {dagbag.py:537} INFO - Filling up the DagBag from /home/airflow/.local/lib/python3.7/site-packages/airflow/example_dags/example_nested_branch_dag.py
[2022-11-08T14:43:55.187+0000] {processor.py:766} INFO - DAG(s) dict_keys(['example_nested_branch_dag']) retrieved from /home/airflow/.local/lib/python3.7/site-packages/airflow/example_dags/example_nested_branch_dag.py
[2022-11-08T14:43:55.223+0000] {logging_mixin.py:120} INFO - [2022-11-08T14:43:55.223+0000] {dag.py:2585} INFO - Sync 1 DAGs
[2022-11-08T14:43:55.245+0000] {logging_mixin.py:120} INFO - [2022-11-08T14:43:55.245+0000] {dag.py:3340} INFO - Setting next_dagrun for example_nested_branch_dag to 2022-11-07T00:00:00+00:00, run_after=2022-11-08T00:00:00+00:00
[2022-11-08T14:43:55.262+0000] {processor.py:176} INFO - Processing /home/airflow/.local/lib/python3.7/site-packages/airflow/example_dags/example_nested_branch_dag.py took 0.108 seconds
[2022-11-08T14:44:25.896+0000] {processor.py:154} INFO - Started process (PID=4962) to work on /home/airflow/.local/lib/python3.7/site-packages/airflow/example_dags/example_nested_branch_dag.py
[2022-11-08T14:44:25.897+0000] {processor.py:756} INFO - Processing file /home/airflow/.local/lib/python3.7/site-packages/airflow/example_dags/example_nested_branch_dag.py for tasks to queue
[2022-11-08T14:44:25.897+0000] {logging_mixin.py:120} INFO - [2022-11-08T14:44:25.897+0000] {dagbag.py:537} INFO - Filling up the DagBag from /home/airflow/.local/lib/python3.7/site-packages/airflow/example_dags/example_nested_branch_dag.py
[2022-11-08T14:44:25.922+0000] {processor.py:766} INFO - DAG(s) dict_keys(['example_nested_branch_dag']) retrieved from /home/airflow/.local/lib/python3.7/site-packages/airflow/example_dags/example_nested_branch_dag.py
[2022-11-08T14:44:25.969+0000] {logging_mixin.py:120} INFO - [2022-11-08T14:44:25.968+0000] {dag.py:2585} INFO - Sync 1 DAGs
[2022-11-08T14:44:26.001+0000] {logging_mixin.py:120} INFO - [2022-11-08T14:44:26.000+0000] {dag.py:3340} INFO - Setting next_dagrun for example_nested_branch_dag to 2022-11-07T00:00:00+00:00, run_after=2022-11-08T00:00:00+00:00
[2022-11-08T14:44:26.027+0000] {processor.py:176} INFO - Processing /home/airflow/.local/lib/python3.7/site-packages/airflow/example_dags/example_nested_branch_dag.py took 0.134 seconds
[2022-11-08T14:44:56.533+0000] {processor.py:154} INFO - Started process (PID=5170) to work on /home/airflow/.local/lib/python3.7/site-packages/airflow/example_dags/example_nested_branch_dag.py
[2022-11-08T14:44:56.534+0000] {processor.py:756} INFO - Processing file /home/airflow/.local/lib/python3.7/site-packages/airflow/example_dags/example_nested_branch_dag.py for tasks to queue
[2022-11-08T14:44:56.534+0000] {logging_mixin.py:120} INFO - [2022-11-08T14:44:56.534+0000] {dagbag.py:537} INFO - Filling up the DagBag from /home/airflow/.local/lib/python3.7/site-packages/airflow/example_dags/example_nested_branch_dag.py
[2022-11-08T14:44:56.555+0000] {processor.py:766} INFO - DAG(s) dict_keys(['example_nested_branch_dag']) retrieved from /home/airflow/.local/lib/python3.7/site-packages/airflow/example_dags/example_nested_branch_dag.py
[2022-11-08T14:44:56.587+0000] {logging_mixin.py:120} INFO - [2022-11-08T14:44:56.587+0000] {dag.py:2585} INFO - Sync 1 DAGs
[2022-11-08T14:44:56.608+0000] {logging_mixin.py:120} INFO - [2022-11-08T14:44:56.607+0000] {dag.py:3340} INFO - Setting next_dagrun for example_nested_branch_dag to 2022-11-07T00:00:00+00:00, run_after=2022-11-08T00:00:00+00:00
[2022-11-08T14:44:56.624+0000] {processor.py:176} INFO - Processing /home/airflow/.local/lib/python3.7/site-packages/airflow/example_dags/example_nested_branch_dag.py took 0.094 seconds
[2022-11-08T14:45:26.993+0000] {processor.py:154} INFO - Started process (PID=5375) to work on /home/airflow/.local/lib/python3.7/site-packages/airflow/example_dags/example_nested_branch_dag.py
[2022-11-08T14:45:26.994+0000] {processor.py:756} INFO - Processing file /home/airflow/.local/lib/python3.7/site-packages/airflow/example_dags/example_nested_branch_dag.py for tasks to queue
[2022-11-08T14:45:26.995+0000] {logging_mixin.py:120} INFO - [2022-11-08T14:45:26.994+0000] {dagbag.py:537} INFO - Filling up the DagBag from /home/airflow/.local/lib/python3.7/site-packages/airflow/example_dags/example_nested_branch_dag.py
[2022-11-08T14:45:27.015+0000] {processor.py:766} INFO - DAG(s) dict_keys(['example_nested_branch_dag']) retrieved from /home/airflow/.local/lib/python3.7/site-packages/airflow/example_dags/example_nested_branch_dag.py
[2022-11-08T14:45:27.048+0000] {logging_mixin.py:120} INFO - [2022-11-08T14:45:27.048+0000] {dag.py:2585} INFO - Sync 1 DAGs
[2022-11-08T14:45:27.071+0000] {logging_mixin.py:120} INFO - [2022-11-08T14:45:27.071+0000] {dag.py:3340} INFO - Setting next_dagrun for example_nested_branch_dag to 2022-11-07T00:00:00+00:00, run_after=2022-11-08T00:00:00+00:00
[2022-11-08T14:45:27.086+0000] {processor.py:176} INFO - Processing /home/airflow/.local/lib/python3.7/site-packages/airflow/example_dags/example_nested_branch_dag.py took 0.096 seconds
[2022-11-08T14:45:57.317+0000] {processor.py:154} INFO - Started process (PID=5582) to work on /home/airflow/.local/lib/python3.7/site-packages/airflow/example_dags/example_nested_branch_dag.py
[2022-11-08T14:45:57.318+0000] {processor.py:756} INFO - Processing file /home/airflow/.local/lib/python3.7/site-packages/airflow/example_dags/example_nested_branch_dag.py for tasks to queue
[2022-11-08T14:45:57.319+0000] {logging_mixin.py:120} INFO - [2022-11-08T14:45:57.319+0000] {dagbag.py:537} INFO - Filling up the DagBag from /home/airflow/.local/lib/python3.7/site-packages/airflow/example_dags/example_nested_branch_dag.py
[2022-11-08T14:45:57.341+0000] {processor.py:766} INFO - DAG(s) dict_keys(['example_nested_branch_dag']) retrieved from /home/airflow/.local/lib/python3.7/site-packages/airflow/example_dags/example_nested_branch_dag.py
[2022-11-08T14:45:57.376+0000] {logging_mixin.py:120} INFO - [2022-11-08T14:45:57.376+0000] {dag.py:2585} INFO - Sync 1 DAGs
[2022-11-08T14:45:57.396+0000] {logging_mixin.py:120} INFO - [2022-11-08T14:45:57.396+0000] {dag.py:3340} INFO - Setting next_dagrun for example_nested_branch_dag to 2022-11-07T00:00:00+00:00, run_after=2022-11-08T00:00:00+00:00
[2022-11-08T14:45:57.413+0000] {processor.py:176} INFO - Processing /home/airflow/.local/lib/python3.7/site-packages/airflow/example_dags/example_nested_branch_dag.py took 0.099 seconds
[2022-11-08T14:46:28.113+0000] {processor.py:154} INFO - Started process (PID=5788) to work on /home/airflow/.local/lib/python3.7/site-packages/airflow/example_dags/example_nested_branch_dag.py
[2022-11-08T14:46:28.114+0000] {processor.py:756} INFO - Processing file /home/airflow/.local/lib/python3.7/site-packages/airflow/example_dags/example_nested_branch_dag.py for tasks to queue
[2022-11-08T14:46:28.116+0000] {logging_mixin.py:120} INFO - [2022-11-08T14:46:28.115+0000] {dagbag.py:537} INFO - Filling up the DagBag from /home/airflow/.local/lib/python3.7/site-packages/airflow/example_dags/example_nested_branch_dag.py
[2022-11-08T14:46:28.152+0000] {processor.py:766} INFO - DAG(s) dict_keys(['example_nested_branch_dag']) retrieved from /home/airflow/.local/lib/python3.7/site-packages/airflow/example_dags/example_nested_branch_dag.py
[2022-11-08T14:46:28.199+0000] {logging_mixin.py:120} INFO - [2022-11-08T14:46:28.199+0000] {dag.py:2585} INFO - Sync 1 DAGs
[2022-11-08T14:46:28.224+0000] {logging_mixin.py:120} INFO - [2022-11-08T14:46:28.224+0000] {dag.py:3340} INFO - Setting next_dagrun for example_nested_branch_dag to 2022-11-07T00:00:00+00:00, run_after=2022-11-08T00:00:00+00:00
[2022-11-08T14:46:28.247+0000] {processor.py:176} INFO - Processing /home/airflow/.local/lib/python3.7/site-packages/airflow/example_dags/example_nested_branch_dag.py took 0.139 seconds
[2022-11-08T14:46:58.433+0000] {processor.py:154} INFO - Started process (PID=5987) to work on /home/airflow/.local/lib/python3.7/site-packages/airflow/example_dags/example_nested_branch_dag.py
[2022-11-08T14:46:58.434+0000] {processor.py:756} INFO - Processing file /home/airflow/.local/lib/python3.7/site-packages/airflow/example_dags/example_nested_branch_dag.py for tasks to queue
[2022-11-08T14:46:58.435+0000] {logging_mixin.py:120} INFO - [2022-11-08T14:46:58.434+0000] {dagbag.py:537} INFO - Filling up the DagBag from /home/airflow/.local/lib/python3.7/site-packages/airflow/example_dags/example_nested_branch_dag.py
[2022-11-08T14:46:58.456+0000] {processor.py:766} INFO - DAG(s) dict_keys(['example_nested_branch_dag']) retrieved from /home/airflow/.local/lib/python3.7/site-packages/airflow/example_dags/example_nested_branch_dag.py
[2022-11-08T14:46:58.476+0000] {logging_mixin.py:120} INFO - [2022-11-08T14:46:58.476+0000] {dag.py:2585} INFO - Sync 1 DAGs
[2022-11-08T14:46:58.497+0000] {logging_mixin.py:120} INFO - [2022-11-08T14:46:58.496+0000] {dag.py:3340} INFO - Setting next_dagrun for example_nested_branch_dag to 2022-11-07T00:00:00+00:00, run_after=2022-11-08T00:00:00+00:00
[2022-11-08T14:46:58.513+0000] {processor.py:176} INFO - Processing /home/airflow/.local/lib/python3.7/site-packages/airflow/example_dags/example_nested_branch_dag.py took 0.083 seconds
[2022-11-08T14:47:29.109+0000] {processor.py:154} INFO - Started process (PID=6194) to work on /home/airflow/.local/lib/python3.7/site-packages/airflow/example_dags/example_nested_branch_dag.py
[2022-11-08T14:47:29.110+0000] {processor.py:756} INFO - Processing file /home/airflow/.local/lib/python3.7/site-packages/airflow/example_dags/example_nested_branch_dag.py for tasks to queue
[2022-11-08T14:47:29.110+0000] {logging_mixin.py:120} INFO - [2022-11-08T14:47:29.110+0000] {dagbag.py:537} INFO - Filling up the DagBag from /home/airflow/.local/lib/python3.7/site-packages/airflow/example_dags/example_nested_branch_dag.py
[2022-11-08T14:47:29.135+0000] {processor.py:766} INFO - DAG(s) dict_keys(['example_nested_branch_dag']) retrieved from /home/airflow/.local/lib/python3.7/site-packages/airflow/example_dags/example_nested_branch_dag.py
[2022-11-08T14:47:29.177+0000] {logging_mixin.py:120} INFO - [2022-11-08T14:47:29.176+0000] {dag.py:2585} INFO - Sync 1 DAGs
[2022-11-08T14:47:29.200+0000] {logging_mixin.py:120} INFO - [2022-11-08T14:47:29.199+0000] {dag.py:3340} INFO - Setting next_dagrun for example_nested_branch_dag to 2022-11-07T00:00:00+00:00, run_after=2022-11-08T00:00:00+00:00
[2022-11-08T14:47:29.218+0000] {processor.py:176} INFO - Processing /home/airflow/.local/lib/python3.7/site-packages/airflow/example_dags/example_nested_branch_dag.py took 0.115 seconds
[2022-11-08T14:48:00.050+0000] {processor.py:154} INFO - Started process (PID=6403) to work on /home/airflow/.local/lib/python3.7/site-packages/airflow/example_dags/example_nested_branch_dag.py
[2022-11-08T14:48:00.051+0000] {processor.py:756} INFO - Processing file /home/airflow/.local/lib/python3.7/site-packages/airflow/example_dags/example_nested_branch_dag.py for tasks to queue
[2022-11-08T14:48:00.051+0000] {logging_mixin.py:120} INFO - [2022-11-08T14:48:00.051+0000] {dagbag.py:537} INFO - Filling up the DagBag from /home/airflow/.local/lib/python3.7/site-packages/airflow/example_dags/example_nested_branch_dag.py
[2022-11-08T14:48:00.072+0000] {processor.py:766} INFO - DAG(s) dict_keys(['example_nested_branch_dag']) retrieved from /home/airflow/.local/lib/python3.7/site-packages/airflow/example_dags/example_nested_branch_dag.py
[2022-11-08T14:48:00.107+0000] {logging_mixin.py:120} INFO - [2022-11-08T14:48:00.107+0000] {dag.py:2585} INFO - Sync 1 DAGs
[2022-11-08T14:48:00.129+0000] {logging_mixin.py:120} INFO - [2022-11-08T14:48:00.129+0000] {dag.py:3340} INFO - Setting next_dagrun for example_nested_branch_dag to 2022-11-07T00:00:00+00:00, run_after=2022-11-08T00:00:00+00:00
[2022-11-08T14:48:00.145+0000] {processor.py:176} INFO - Processing /home/airflow/.local/lib/python3.7/site-packages/airflow/example_dags/example_nested_branch_dag.py took 0.099 seconds
[2022-11-08T14:48:30.826+0000] {processor.py:154} INFO - Started process (PID=6608) to work on /home/airflow/.local/lib/python3.7/site-packages/airflow/example_dags/example_nested_branch_dag.py
[2022-11-08T14:48:30.827+0000] {processor.py:756} INFO - Processing file /home/airflow/.local/lib/python3.7/site-packages/airflow/example_dags/example_nested_branch_dag.py for tasks to queue
[2022-11-08T14:48:30.828+0000] {logging_mixin.py:120} INFO - [2022-11-08T14:48:30.828+0000] {dagbag.py:537} INFO - Filling up the DagBag from /home/airflow/.local/lib/python3.7/site-packages/airflow/example_dags/example_nested_branch_dag.py
[2022-11-08T14:48:30.862+0000] {processor.py:766} INFO - DAG(s) dict_keys(['example_nested_branch_dag']) retrieved from /home/airflow/.local/lib/python3.7/site-packages/airflow/example_dags/example_nested_branch_dag.py
[2022-11-08T14:48:30.901+0000] {logging_mixin.py:120} INFO - [2022-11-08T14:48:30.900+0000] {dag.py:2585} INFO - Sync 1 DAGs
[2022-11-08T14:48:30.927+0000] {logging_mixin.py:120} INFO - [2022-11-08T14:48:30.927+0000] {dag.py:3340} INFO - Setting next_dagrun for example_nested_branch_dag to 2022-11-07T00:00:00+00:00, run_after=2022-11-08T00:00:00+00:00
[2022-11-08T14:48:30.948+0000] {processor.py:176} INFO - Processing /home/airflow/.local/lib/python3.7/site-packages/airflow/example_dags/example_nested_branch_dag.py took 0.127 seconds
[2022-11-08T14:49:01.118+0000] {processor.py:154} INFO - Started process (PID=6807) to work on /home/airflow/.local/lib/python3.7/site-packages/airflow/example_dags/example_nested_branch_dag.py
[2022-11-08T14:49:01.118+0000] {processor.py:756} INFO - Processing file /home/airflow/.local/lib/python3.7/site-packages/airflow/example_dags/example_nested_branch_dag.py for tasks to queue
[2022-11-08T14:49:01.119+0000] {logging_mixin.py:120} INFO - [2022-11-08T14:49:01.119+0000] {dagbag.py:537} INFO - Filling up the DagBag from /home/airflow/.local/lib/python3.7/site-packages/airflow/example_dags/example_nested_branch_dag.py
[2022-11-08T14:49:01.146+0000] {processor.py:766} INFO - DAG(s) dict_keys(['example_nested_branch_dag']) retrieved from /home/airflow/.local/lib/python3.7/site-packages/airflow/example_dags/example_nested_branch_dag.py
[2022-11-08T14:49:01.182+0000] {logging_mixin.py:120} INFO - [2022-11-08T14:49:01.182+0000] {dag.py:2585} INFO - Sync 1 DAGs
[2022-11-08T14:49:01.207+0000] {logging_mixin.py:120} INFO - [2022-11-08T14:49:01.207+0000] {dag.py:3340} INFO - Setting next_dagrun for example_nested_branch_dag to 2022-11-07T00:00:00+00:00, run_after=2022-11-08T00:00:00+00:00
[2022-11-08T14:49:01.226+0000] {processor.py:176} INFO - Processing /home/airflow/.local/lib/python3.7/site-packages/airflow/example_dags/example_nested_branch_dag.py took 0.112 seconds
[2022-11-08T14:49:31.498+0000] {processor.py:154} INFO - Started process (PID=7016) to work on /home/airflow/.local/lib/python3.7/site-packages/airflow/example_dags/example_nested_branch_dag.py
[2022-11-08T14:49:31.499+0000] {processor.py:756} INFO - Processing file /home/airflow/.local/lib/python3.7/site-packages/airflow/example_dags/example_nested_branch_dag.py for tasks to queue
[2022-11-08T14:49:31.499+0000] {logging_mixin.py:120} INFO - [2022-11-08T14:49:31.499+0000] {dagbag.py:537} INFO - Filling up the DagBag from /home/airflow/.local/lib/python3.7/site-packages/airflow/example_dags/example_nested_branch_dag.py
[2022-11-08T14:49:31.520+0000] {processor.py:766} INFO - DAG(s) dict_keys(['example_nested_branch_dag']) retrieved from /home/airflow/.local/lib/python3.7/site-packages/airflow/example_dags/example_nested_branch_dag.py
[2022-11-08T14:49:31.553+0000] {logging_mixin.py:120} INFO - [2022-11-08T14:49:31.553+0000] {dag.py:2585} INFO - Sync 1 DAGs
[2022-11-08T14:49:31.572+0000] {logging_mixin.py:120} INFO - [2022-11-08T14:49:31.572+0000] {dag.py:3340} INFO - Setting next_dagrun for example_nested_branch_dag to 2022-11-07T00:00:00+00:00, run_after=2022-11-08T00:00:00+00:00
[2022-11-08T14:49:31.586+0000] {processor.py:176} INFO - Processing /home/airflow/.local/lib/python3.7/site-packages/airflow/example_dags/example_nested_branch_dag.py took 0.091 seconds
[2022-11-08T14:50:01.925+0000] {processor.py:154} INFO - Started process (PID=7221) to work on /home/airflow/.local/lib/python3.7/site-packages/airflow/example_dags/example_nested_branch_dag.py
[2022-11-08T14:50:01.926+0000] {processor.py:756} INFO - Processing file /home/airflow/.local/lib/python3.7/site-packages/airflow/example_dags/example_nested_branch_dag.py for tasks to queue
[2022-11-08T14:50:01.926+0000] {logging_mixin.py:120} INFO - [2022-11-08T14:50:01.926+0000] {dagbag.py:537} INFO - Filling up the DagBag from /home/airflow/.local/lib/python3.7/site-packages/airflow/example_dags/example_nested_branch_dag.py
[2022-11-08T14:50:01.947+0000] {processor.py:766} INFO - DAG(s) dict_keys(['example_nested_branch_dag']) retrieved from /home/airflow/.local/lib/python3.7/site-packages/airflow/example_dags/example_nested_branch_dag.py
[2022-11-08T14:50:01.982+0000] {logging_mixin.py:120} INFO - [2022-11-08T14:50:01.982+0000] {dag.py:2585} INFO - Sync 1 DAGs
[2022-11-08T14:50:02.005+0000] {logging_mixin.py:120} INFO - [2022-11-08T14:50:02.004+0000] {dag.py:3340} INFO - Setting next_dagrun for example_nested_branch_dag to 2022-11-07T00:00:00+00:00, run_after=2022-11-08T00:00:00+00:00
[2022-11-08T14:50:02.024+0000] {processor.py:176} INFO - Processing /home/airflow/.local/lib/python3.7/site-packages/airflow/example_dags/example_nested_branch_dag.py took 0.102 seconds
[2022-11-08T14:50:32.565+0000] {processor.py:154} INFO - Started process (PID=7429) to work on /home/airflow/.local/lib/python3.7/site-packages/airflow/example_dags/example_nested_branch_dag.py
[2022-11-08T14:50:32.566+0000] {processor.py:756} INFO - Processing file /home/airflow/.local/lib/python3.7/site-packages/airflow/example_dags/example_nested_branch_dag.py for tasks to queue
[2022-11-08T14:50:32.567+0000] {logging_mixin.py:120} INFO - [2022-11-08T14:50:32.566+0000] {dagbag.py:537} INFO - Filling up the DagBag from /home/airflow/.local/lib/python3.7/site-packages/airflow/example_dags/example_nested_branch_dag.py
[2022-11-08T14:50:32.587+0000] {processor.py:766} INFO - DAG(s) dict_keys(['example_nested_branch_dag']) retrieved from /home/airflow/.local/lib/python3.7/site-packages/airflow/example_dags/example_nested_branch_dag.py
[2022-11-08T14:50:32.624+0000] {logging_mixin.py:120} INFO - [2022-11-08T14:50:32.624+0000] {dag.py:2585} INFO - Sync 1 DAGs
[2022-11-08T14:50:32.643+0000] {logging_mixin.py:120} INFO - [2022-11-08T14:50:32.643+0000] {dag.py:3340} INFO - Setting next_dagrun for example_nested_branch_dag to 2022-11-07T00:00:00+00:00, run_after=2022-11-08T00:00:00+00:00
[2022-11-08T14:50:32.659+0000] {processor.py:176} INFO - Processing /home/airflow/.local/lib/python3.7/site-packages/airflow/example_dags/example_nested_branch_dag.py took 0.097 seconds
[2022-11-08T14:51:03.247+0000] {processor.py:154} INFO - Started process (PID=7625) to work on /home/airflow/.local/lib/python3.7/site-packages/airflow/example_dags/example_nested_branch_dag.py
[2022-11-08T14:51:03.248+0000] {processor.py:756} INFO - Processing file /home/airflow/.local/lib/python3.7/site-packages/airflow/example_dags/example_nested_branch_dag.py for tasks to queue
[2022-11-08T14:51:03.249+0000] {logging_mixin.py:120} INFO - [2022-11-08T14:51:03.249+0000] {dagbag.py:537} INFO - Filling up the DagBag from /home/airflow/.local/lib/python3.7/site-packages/airflow/example_dags/example_nested_branch_dag.py
[2022-11-08T14:51:03.270+0000] {processor.py:766} INFO - DAG(s) dict_keys(['example_nested_branch_dag']) retrieved from /home/airflow/.local/lib/python3.7/site-packages/airflow/example_dags/example_nested_branch_dag.py
[2022-11-08T14:51:03.310+0000] {logging_mixin.py:120} INFO - [2022-11-08T14:51:03.310+0000] {dag.py:2585} INFO - Sync 1 DAGs
[2022-11-08T14:51:03.332+0000] {logging_mixin.py:120} INFO - [2022-11-08T14:51:03.332+0000] {dag.py:3340} INFO - Setting next_dagrun for example_nested_branch_dag to 2022-11-07T00:00:00+00:00, run_after=2022-11-08T00:00:00+00:00
[2022-11-08T14:51:03.354+0000] {processor.py:176} INFO - Processing /home/airflow/.local/lib/python3.7/site-packages/airflow/example_dags/example_nested_branch_dag.py took 0.110 seconds
[2022-11-08T14:51:34.171+0000] {processor.py:154} INFO - Started process (PID=7835) to work on /home/airflow/.local/lib/python3.7/site-packages/airflow/example_dags/example_nested_branch_dag.py
[2022-11-08T14:51:34.172+0000] {processor.py:756} INFO - Processing file /home/airflow/.local/lib/python3.7/site-packages/airflow/example_dags/example_nested_branch_dag.py for tasks to queue
[2022-11-08T14:51:34.172+0000] {logging_mixin.py:120} INFO - [2022-11-08T14:51:34.172+0000] {dagbag.py:537} INFO - Filling up the DagBag from /home/airflow/.local/lib/python3.7/site-packages/airflow/example_dags/example_nested_branch_dag.py
[2022-11-08T14:51:34.198+0000] {processor.py:766} INFO - DAG(s) dict_keys(['example_nested_branch_dag']) retrieved from /home/airflow/.local/lib/python3.7/site-packages/airflow/example_dags/example_nested_branch_dag.py
[2022-11-08T14:51:34.249+0000] {logging_mixin.py:120} INFO - [2022-11-08T14:51:34.248+0000] {dag.py:2585} INFO - Sync 1 DAGs
[2022-11-08T14:51:34.275+0000] {logging_mixin.py:120} INFO - [2022-11-08T14:51:34.274+0000] {dag.py:3340} INFO - Setting next_dagrun for example_nested_branch_dag to 2022-11-07T00:00:00+00:00, run_after=2022-11-08T00:00:00+00:00
[2022-11-08T14:51:34.300+0000] {processor.py:176} INFO - Processing /home/airflow/.local/lib/python3.7/site-packages/airflow/example_dags/example_nested_branch_dag.py took 0.134 seconds
[2022-11-08T14:52:05.328+0000] {processor.py:154} INFO - Started process (PID=8042) to work on /home/airflow/.local/lib/python3.7/site-packages/airflow/example_dags/example_nested_branch_dag.py
[2022-11-08T14:52:05.329+0000] {processor.py:756} INFO - Processing file /home/airflow/.local/lib/python3.7/site-packages/airflow/example_dags/example_nested_branch_dag.py for tasks to queue
[2022-11-08T14:52:05.330+0000] {logging_mixin.py:120} INFO - [2022-11-08T14:52:05.330+0000] {dagbag.py:537} INFO - Filling up the DagBag from /home/airflow/.local/lib/python3.7/site-packages/airflow/example_dags/example_nested_branch_dag.py
[2022-11-08T14:52:05.356+0000] {processor.py:766} INFO - DAG(s) dict_keys(['example_nested_branch_dag']) retrieved from /home/airflow/.local/lib/python3.7/site-packages/airflow/example_dags/example_nested_branch_dag.py
[2022-11-08T14:52:05.402+0000] {logging_mixin.py:120} INFO - [2022-11-08T14:52:05.402+0000] {dag.py:2585} INFO - Sync 1 DAGs
[2022-11-08T14:52:05.429+0000] {logging_mixin.py:120} INFO - [2022-11-08T14:52:05.428+0000] {dag.py:3340} INFO - Setting next_dagrun for example_nested_branch_dag to 2022-11-07T00:00:00+00:00, run_after=2022-11-08T00:00:00+00:00
[2022-11-08T14:52:05.449+0000] {processor.py:176} INFO - Processing /home/airflow/.local/lib/python3.7/site-packages/airflow/example_dags/example_nested_branch_dag.py took 0.124 seconds
[2022-11-08T14:52:35.809+0000] {processor.py:154} INFO - Started process (PID=8249) to work on /home/airflow/.local/lib/python3.7/site-packages/airflow/example_dags/example_nested_branch_dag.py
[2022-11-08T14:52:35.810+0000] {processor.py:756} INFO - Processing file /home/airflow/.local/lib/python3.7/site-packages/airflow/example_dags/example_nested_branch_dag.py for tasks to queue
[2022-11-08T14:52:35.811+0000] {logging_mixin.py:120} INFO - [2022-11-08T14:52:35.811+0000] {dagbag.py:537} INFO - Filling up the DagBag from /home/airflow/.local/lib/python3.7/site-packages/airflow/example_dags/example_nested_branch_dag.py
[2022-11-08T14:52:35.836+0000] {processor.py:766} INFO - DAG(s) dict_keys(['example_nested_branch_dag']) retrieved from /home/airflow/.local/lib/python3.7/site-packages/airflow/example_dags/example_nested_branch_dag.py
[2022-11-08T14:52:35.882+0000] {logging_mixin.py:120} INFO - [2022-11-08T14:52:35.882+0000] {dag.py:2585} INFO - Sync 1 DAGs
[2022-11-08T14:52:35.912+0000] {logging_mixin.py:120} INFO - [2022-11-08T14:52:35.912+0000] {dag.py:3340} INFO - Setting next_dagrun for example_nested_branch_dag to 2022-11-07T00:00:00+00:00, run_after=2022-11-08T00:00:00+00:00
[2022-11-08T14:52:35.931+0000] {processor.py:176} INFO - Processing /home/airflow/.local/lib/python3.7/site-packages/airflow/example_dags/example_nested_branch_dag.py took 0.126 seconds
[2022-11-08T14:53:06.170+0000] {processor.py:154} INFO - Started process (PID=8448) to work on /home/airflow/.local/lib/python3.7/site-packages/airflow/example_dags/example_nested_branch_dag.py
[2022-11-08T14:53:06.171+0000] {processor.py:756} INFO - Processing file /home/airflow/.local/lib/python3.7/site-packages/airflow/example_dags/example_nested_branch_dag.py for tasks to queue
[2022-11-08T14:53:06.172+0000] {logging_mixin.py:120} INFO - [2022-11-08T14:53:06.172+0000] {dagbag.py:537} INFO - Filling up the DagBag from /home/airflow/.local/lib/python3.7/site-packages/airflow/example_dags/example_nested_branch_dag.py
[2022-11-08T14:53:06.200+0000] {processor.py:766} INFO - DAG(s) dict_keys(['example_nested_branch_dag']) retrieved from /home/airflow/.local/lib/python3.7/site-packages/airflow/example_dags/example_nested_branch_dag.py
[2022-11-08T14:53:06.244+0000] {logging_mixin.py:120} INFO - [2022-11-08T14:53:06.244+0000] {dag.py:2585} INFO - Sync 1 DAGs
[2022-11-08T14:53:06.271+0000] {logging_mixin.py:120} INFO - [2022-11-08T14:53:06.270+0000] {dag.py:3340} INFO - Setting next_dagrun for example_nested_branch_dag to 2022-11-07T00:00:00+00:00, run_after=2022-11-08T00:00:00+00:00
[2022-11-08T14:53:06.297+0000] {processor.py:176} INFO - Processing /home/airflow/.local/lib/python3.7/site-packages/airflow/example_dags/example_nested_branch_dag.py took 0.131 seconds
[2022-11-08T14:53:36.361+0000] {processor.py:154} INFO - Started process (PID=8656) to work on /home/airflow/.local/lib/python3.7/site-packages/airflow/example_dags/example_nested_branch_dag.py
[2022-11-08T14:53:36.362+0000] {processor.py:756} INFO - Processing file /home/airflow/.local/lib/python3.7/site-packages/airflow/example_dags/example_nested_branch_dag.py for tasks to queue
[2022-11-08T14:53:36.363+0000] {logging_mixin.py:120} INFO - [2022-11-08T14:53:36.363+0000] {dagbag.py:537} INFO - Filling up the DagBag from /home/airflow/.local/lib/python3.7/site-packages/airflow/example_dags/example_nested_branch_dag.py
[2022-11-08T14:53:36.389+0000] {processor.py:766} INFO - DAG(s) dict_keys(['example_nested_branch_dag']) retrieved from /home/airflow/.local/lib/python3.7/site-packages/airflow/example_dags/example_nested_branch_dag.py
[2022-11-08T14:53:36.434+0000] {logging_mixin.py:120} INFO - [2022-11-08T14:53:36.434+0000] {dag.py:2585} INFO - Sync 1 DAGs
[2022-11-08T14:53:36.458+0000] {logging_mixin.py:120} INFO - [2022-11-08T14:53:36.458+0000] {dag.py:3340} INFO - Setting next_dagrun for example_nested_branch_dag to 2022-11-07T00:00:00+00:00, run_after=2022-11-08T00:00:00+00:00
[2022-11-08T14:53:36.477+0000] {processor.py:176} INFO - Processing /home/airflow/.local/lib/python3.7/site-packages/airflow/example_dags/example_nested_branch_dag.py took 0.119 seconds
[2022-11-08T14:54:06.718+0000] {processor.py:154} INFO - Started process (PID=8863) to work on /home/airflow/.local/lib/python3.7/site-packages/airflow/example_dags/example_nested_branch_dag.py
[2022-11-08T14:54:06.719+0000] {processor.py:756} INFO - Processing file /home/airflow/.local/lib/python3.7/site-packages/airflow/example_dags/example_nested_branch_dag.py for tasks to queue
[2022-11-08T14:54:06.720+0000] {logging_mixin.py:120} INFO - [2022-11-08T14:54:06.720+0000] {dagbag.py:537} INFO - Filling up the DagBag from /home/airflow/.local/lib/python3.7/site-packages/airflow/example_dags/example_nested_branch_dag.py
[2022-11-08T14:54:06.745+0000] {processor.py:766} INFO - DAG(s) dict_keys(['example_nested_branch_dag']) retrieved from /home/airflow/.local/lib/python3.7/site-packages/airflow/example_dags/example_nested_branch_dag.py
[2022-11-08T14:54:06.802+0000] {logging_mixin.py:120} INFO - [2022-11-08T14:54:06.802+0000] {dag.py:2585} INFO - Sync 1 DAGs
[2022-11-08T14:54:06.836+0000] {logging_mixin.py:120} INFO - [2022-11-08T14:54:06.836+0000] {dag.py:3340} INFO - Setting next_dagrun for example_nested_branch_dag to 2022-11-07T00:00:00+00:00, run_after=2022-11-08T00:00:00+00:00
[2022-11-08T14:54:06.858+0000] {processor.py:176} INFO - Processing /home/airflow/.local/lib/python3.7/site-packages/airflow/example_dags/example_nested_branch_dag.py took 0.144 seconds
[2022-11-08T14:54:37.190+0000] {processor.py:154} INFO - Started process (PID=9063) to work on /home/airflow/.local/lib/python3.7/site-packages/airflow/example_dags/example_nested_branch_dag.py
[2022-11-08T14:54:37.192+0000] {processor.py:756} INFO - Processing file /home/airflow/.local/lib/python3.7/site-packages/airflow/example_dags/example_nested_branch_dag.py for tasks to queue
[2022-11-08T14:54:37.193+0000] {logging_mixin.py:120} INFO - [2022-11-08T14:54:37.192+0000] {dagbag.py:537} INFO - Filling up the DagBag from /home/airflow/.local/lib/python3.7/site-packages/airflow/example_dags/example_nested_branch_dag.py
[2022-11-08T14:54:37.224+0000] {processor.py:766} INFO - DAG(s) dict_keys(['example_nested_branch_dag']) retrieved from /home/airflow/.local/lib/python3.7/site-packages/airflow/example_dags/example_nested_branch_dag.py
[2022-11-08T14:54:37.278+0000] {logging_mixin.py:120} INFO - [2022-11-08T14:54:37.278+0000] {dag.py:2585} INFO - Sync 1 DAGs
[2022-11-08T14:54:37.320+0000] {logging_mixin.py:120} INFO - [2022-11-08T14:54:37.320+0000] {dag.py:3340} INFO - Setting next_dagrun for example_nested_branch_dag to 2022-11-07T00:00:00+00:00, run_after=2022-11-08T00:00:00+00:00
[2022-11-08T14:54:37.343+0000] {processor.py:176} INFO - Processing /home/airflow/.local/lib/python3.7/site-packages/airflow/example_dags/example_nested_branch_dag.py took 0.161 seconds
[2022-11-08T14:55:07.735+0000] {processor.py:154} INFO - Started process (PID=9268) to work on /home/airflow/.local/lib/python3.7/site-packages/airflow/example_dags/example_nested_branch_dag.py
[2022-11-08T14:55:07.736+0000] {processor.py:756} INFO - Processing file /home/airflow/.local/lib/python3.7/site-packages/airflow/example_dags/example_nested_branch_dag.py for tasks to queue
[2022-11-08T14:55:07.737+0000] {logging_mixin.py:120} INFO - [2022-11-08T14:55:07.737+0000] {dagbag.py:537} INFO - Filling up the DagBag from /home/airflow/.local/lib/python3.7/site-packages/airflow/example_dags/example_nested_branch_dag.py
[2022-11-08T14:55:07.764+0000] {processor.py:766} INFO - DAG(s) dict_keys(['example_nested_branch_dag']) retrieved from /home/airflow/.local/lib/python3.7/site-packages/airflow/example_dags/example_nested_branch_dag.py
[2022-11-08T14:55:07.815+0000] {logging_mixin.py:120} INFO - [2022-11-08T14:55:07.815+0000] {dag.py:2585} INFO - Sync 1 DAGs
[2022-11-08T14:55:07.842+0000] {logging_mixin.py:120} INFO - [2022-11-08T14:55:07.842+0000] {dag.py:3340} INFO - Setting next_dagrun for example_nested_branch_dag to 2022-11-07T00:00:00+00:00, run_after=2022-11-08T00:00:00+00:00
[2022-11-08T14:55:07.871+0000] {processor.py:176} INFO - Processing /home/airflow/.local/lib/python3.7/site-packages/airflow/example_dags/example_nested_branch_dag.py took 0.141 seconds
[2022-11-08T14:55:38.026+0000] {processor.py:154} INFO - Started process (PID=9476) to work on /home/airflow/.local/lib/python3.7/site-packages/airflow/example_dags/example_nested_branch_dag.py
[2022-11-08T14:55:38.027+0000] {processor.py:756} INFO - Processing file /home/airflow/.local/lib/python3.7/site-packages/airflow/example_dags/example_nested_branch_dag.py for tasks to queue
[2022-11-08T14:55:38.028+0000] {logging_mixin.py:120} INFO - [2022-11-08T14:55:38.027+0000] {dagbag.py:537} INFO - Filling up the DagBag from /home/airflow/.local/lib/python3.7/site-packages/airflow/example_dags/example_nested_branch_dag.py
[2022-11-08T14:55:38.056+0000] {processor.py:766} INFO - DAG(s) dict_keys(['example_nested_branch_dag']) retrieved from /home/airflow/.local/lib/python3.7/site-packages/airflow/example_dags/example_nested_branch_dag.py
[2022-11-08T14:55:38.104+0000] {logging_mixin.py:120} INFO - [2022-11-08T14:55:38.104+0000] {dag.py:2585} INFO - Sync 1 DAGs
[2022-11-08T14:55:38.132+0000] {logging_mixin.py:120} INFO - [2022-11-08T14:55:38.131+0000] {dag.py:3340} INFO - Setting next_dagrun for example_nested_branch_dag to 2022-11-07T00:00:00+00:00, run_after=2022-11-08T00:00:00+00:00
[2022-11-08T14:55:38.158+0000] {processor.py:176} INFO - Processing /home/airflow/.local/lib/python3.7/site-packages/airflow/example_dags/example_nested_branch_dag.py took 0.138 seconds
[2022-11-08T14:56:08.580+0000] {processor.py:154} INFO - Started process (PID=9682) to work on /home/airflow/.local/lib/python3.7/site-packages/airflow/example_dags/example_nested_branch_dag.py
[2022-11-08T14:56:08.581+0000] {processor.py:756} INFO - Processing file /home/airflow/.local/lib/python3.7/site-packages/airflow/example_dags/example_nested_branch_dag.py for tasks to queue
[2022-11-08T14:56:08.582+0000] {logging_mixin.py:120} INFO - [2022-11-08T14:56:08.581+0000] {dagbag.py:537} INFO - Filling up the DagBag from /home/airflow/.local/lib/python3.7/site-packages/airflow/example_dags/example_nested_branch_dag.py
[2022-11-08T14:56:08.609+0000] {processor.py:766} INFO - DAG(s) dict_keys(['example_nested_branch_dag']) retrieved from /home/airflow/.local/lib/python3.7/site-packages/airflow/example_dags/example_nested_branch_dag.py
[2022-11-08T14:56:08.653+0000] {logging_mixin.py:120} INFO - [2022-11-08T14:56:08.652+0000] {dag.py:2585} INFO - Sync 1 DAGs
[2022-11-08T14:56:08.676+0000] {logging_mixin.py:120} INFO - [2022-11-08T14:56:08.676+0000] {dag.py:3340} INFO - Setting next_dagrun for example_nested_branch_dag to 2022-11-07T00:00:00+00:00, run_after=2022-11-08T00:00:00+00:00
[2022-11-08T14:56:08.695+0000] {processor.py:176} INFO - Processing /home/airflow/.local/lib/python3.7/site-packages/airflow/example_dags/example_nested_branch_dag.py took 0.119 seconds
[2022-11-08T14:56:39.575+0000] {processor.py:154} INFO - Started process (PID=9880) to work on /home/airflow/.local/lib/python3.7/site-packages/airflow/example_dags/example_nested_branch_dag.py
[2022-11-08T14:56:39.577+0000] {processor.py:756} INFO - Processing file /home/airflow/.local/lib/python3.7/site-packages/airflow/example_dags/example_nested_branch_dag.py for tasks to queue
[2022-11-08T14:56:39.578+0000] {logging_mixin.py:120} INFO - [2022-11-08T14:56:39.578+0000] {dagbag.py:537} INFO - Filling up the DagBag from /home/airflow/.local/lib/python3.7/site-packages/airflow/example_dags/example_nested_branch_dag.py
[2022-11-08T14:56:39.611+0000] {processor.py:766} INFO - DAG(s) dict_keys(['example_nested_branch_dag']) retrieved from /home/airflow/.local/lib/python3.7/site-packages/airflow/example_dags/example_nested_branch_dag.py
[2022-11-08T14:56:39.693+0000] {logging_mixin.py:120} INFO - [2022-11-08T14:56:39.692+0000] {dag.py:2585} INFO - Sync 1 DAGs
[2022-11-08T14:56:39.743+0000] {logging_mixin.py:120} INFO - [2022-11-08T14:56:39.742+0000] {dag.py:3340} INFO - Setting next_dagrun for example_nested_branch_dag to 2022-11-07T00:00:00+00:00, run_after=2022-11-08T00:00:00+00:00
[2022-11-08T14:56:39.778+0000] {processor.py:176} INFO - Processing /home/airflow/.local/lib/python3.7/site-packages/airflow/example_dags/example_nested_branch_dag.py took 0.208 seconds
[2022-11-08T14:57:10.099+0000] {processor.py:154} INFO - Started process (PID=10088) to work on /home/airflow/.local/lib/python3.7/site-packages/airflow/example_dags/example_nested_branch_dag.py
[2022-11-08T14:57:10.100+0000] {processor.py:756} INFO - Processing file /home/airflow/.local/lib/python3.7/site-packages/airflow/example_dags/example_nested_branch_dag.py for tasks to queue
[2022-11-08T14:57:10.101+0000] {logging_mixin.py:120} INFO - [2022-11-08T14:57:10.100+0000] {dagbag.py:537} INFO - Filling up the DagBag from /home/airflow/.local/lib/python3.7/site-packages/airflow/example_dags/example_nested_branch_dag.py
[2022-11-08T14:57:10.137+0000] {processor.py:766} INFO - DAG(s) dict_keys(['example_nested_branch_dag']) retrieved from /home/airflow/.local/lib/python3.7/site-packages/airflow/example_dags/example_nested_branch_dag.py
[2022-11-08T14:57:10.196+0000] {logging_mixin.py:120} INFO - [2022-11-08T14:57:10.196+0000] {dag.py:2585} INFO - Sync 1 DAGs
[2022-11-08T14:57:10.227+0000] {logging_mixin.py:120} INFO - [2022-11-08T14:57:10.227+0000] {dag.py:3340} INFO - Setting next_dagrun for example_nested_branch_dag to 2022-11-07T00:00:00+00:00, run_after=2022-11-08T00:00:00+00:00
[2022-11-08T14:57:10.251+0000] {processor.py:176} INFO - Processing /home/airflow/.local/lib/python3.7/site-packages/airflow/example_dags/example_nested_branch_dag.py took 0.155 seconds
[2022-11-08T14:57:40.340+0000] {processor.py:154} INFO - Started process (PID=10295) to work on /home/airflow/.local/lib/python3.7/site-packages/airflow/example_dags/example_nested_branch_dag.py
[2022-11-08T14:57:40.341+0000] {processor.py:756} INFO - Processing file /home/airflow/.local/lib/python3.7/site-packages/airflow/example_dags/example_nested_branch_dag.py for tasks to queue
[2022-11-08T14:57:40.341+0000] {logging_mixin.py:120} INFO - [2022-11-08T14:57:40.341+0000] {dagbag.py:537} INFO - Filling up the DagBag from /home/airflow/.local/lib/python3.7/site-packages/airflow/example_dags/example_nested_branch_dag.py
[2022-11-08T14:57:40.367+0000] {processor.py:766} INFO - DAG(s) dict_keys(['example_nested_branch_dag']) retrieved from /home/airflow/.local/lib/python3.7/site-packages/airflow/example_dags/example_nested_branch_dag.py
[2022-11-08T14:57:40.410+0000] {logging_mixin.py:120} INFO - [2022-11-08T14:57:40.409+0000] {dag.py:2585} INFO - Sync 1 DAGs
[2022-11-08T14:57:40.432+0000] {logging_mixin.py:120} INFO - [2022-11-08T14:57:40.432+0000] {dag.py:3340} INFO - Setting next_dagrun for example_nested_branch_dag to 2022-11-07T00:00:00+00:00, run_after=2022-11-08T00:00:00+00:00
[2022-11-08T14:57:40.453+0000] {processor.py:176} INFO - Processing /home/airflow/.local/lib/python3.7/site-packages/airflow/example_dags/example_nested_branch_dag.py took 0.118 seconds
[2022-11-08T14:58:10.682+0000] {processor.py:154} INFO - Started process (PID=10502) to work on /home/airflow/.local/lib/python3.7/site-packages/airflow/example_dags/example_nested_branch_dag.py
[2022-11-08T14:58:10.683+0000] {processor.py:756} INFO - Processing file /home/airflow/.local/lib/python3.7/site-packages/airflow/example_dags/example_nested_branch_dag.py for tasks to queue
[2022-11-08T14:58:10.685+0000] {logging_mixin.py:120} INFO - [2022-11-08T14:58:10.684+0000] {dagbag.py:537} INFO - Filling up the DagBag from /home/airflow/.local/lib/python3.7/site-packages/airflow/example_dags/example_nested_branch_dag.py
[2022-11-08T14:58:10.715+0000] {processor.py:766} INFO - DAG(s) dict_keys(['example_nested_branch_dag']) retrieved from /home/airflow/.local/lib/python3.7/site-packages/airflow/example_dags/example_nested_branch_dag.py
[2022-11-08T14:58:10.764+0000] {logging_mixin.py:120} INFO - [2022-11-08T14:58:10.764+0000] {dag.py:2585} INFO - Sync 1 DAGs
[2022-11-08T14:58:10.795+0000] {logging_mixin.py:120} INFO - [2022-11-08T14:58:10.795+0000] {dag.py:3340} INFO - Setting next_dagrun for example_nested_branch_dag to 2022-11-07T00:00:00+00:00, run_after=2022-11-08T00:00:00+00:00
[2022-11-08T14:58:10.820+0000] {processor.py:176} INFO - Processing /home/airflow/.local/lib/python3.7/site-packages/airflow/example_dags/example_nested_branch_dag.py took 0.143 seconds
[2022-11-08T14:58:40.912+0000] {processor.py:154} INFO - Started process (PID=10700) to work on /home/airflow/.local/lib/python3.7/site-packages/airflow/example_dags/example_nested_branch_dag.py
[2022-11-08T14:58:40.913+0000] {processor.py:756} INFO - Processing file /home/airflow/.local/lib/python3.7/site-packages/airflow/example_dags/example_nested_branch_dag.py for tasks to queue
[2022-11-08T14:58:40.914+0000] {logging_mixin.py:120} INFO - [2022-11-08T14:58:40.914+0000] {dagbag.py:537} INFO - Filling up the DagBag from /home/airflow/.local/lib/python3.7/site-packages/airflow/example_dags/example_nested_branch_dag.py
[2022-11-08T14:58:40.942+0000] {processor.py:766} INFO - DAG(s) dict_keys(['example_nested_branch_dag']) retrieved from /home/airflow/.local/lib/python3.7/site-packages/airflow/example_dags/example_nested_branch_dag.py
[2022-11-08T14:58:40.994+0000] {logging_mixin.py:120} INFO - [2022-11-08T14:58:40.993+0000] {dag.py:2585} INFO - Sync 1 DAGs
[2022-11-08T14:58:41.028+0000] {logging_mixin.py:120} INFO - [2022-11-08T14:58:41.027+0000] {dag.py:3340} INFO - Setting next_dagrun for example_nested_branch_dag to 2022-11-07T00:00:00+00:00, run_after=2022-11-08T00:00:00+00:00
[2022-11-08T14:58:41.046+0000] {processor.py:176} INFO - Processing /home/airflow/.local/lib/python3.7/site-packages/airflow/example_dags/example_nested_branch_dag.py took 0.140 seconds
[2022-11-08T14:59:11.238+0000] {processor.py:154} INFO - Started process (PID=10907) to work on /home/airflow/.local/lib/python3.7/site-packages/airflow/example_dags/example_nested_branch_dag.py
[2022-11-08T14:59:11.239+0000] {processor.py:756} INFO - Processing file /home/airflow/.local/lib/python3.7/site-packages/airflow/example_dags/example_nested_branch_dag.py for tasks to queue
[2022-11-08T14:59:11.241+0000] {logging_mixin.py:120} INFO - [2022-11-08T14:59:11.240+0000] {dagbag.py:537} INFO - Filling up the DagBag from /home/airflow/.local/lib/python3.7/site-packages/airflow/example_dags/example_nested_branch_dag.py
[2022-11-08T14:59:11.266+0000] {processor.py:766} INFO - DAG(s) dict_keys(['example_nested_branch_dag']) retrieved from /home/airflow/.local/lib/python3.7/site-packages/airflow/example_dags/example_nested_branch_dag.py
[2022-11-08T14:59:11.311+0000] {logging_mixin.py:120} INFO - [2022-11-08T14:59:11.311+0000] {dag.py:2585} INFO - Sync 1 DAGs
[2022-11-08T14:59:11.338+0000] {logging_mixin.py:120} INFO - [2022-11-08T14:59:11.338+0000] {dag.py:3340} INFO - Setting next_dagrun for example_nested_branch_dag to 2022-11-07T00:00:00+00:00, run_after=2022-11-08T00:00:00+00:00
[2022-11-08T14:59:11.360+0000] {processor.py:176} INFO - Processing /home/airflow/.local/lib/python3.7/site-packages/airflow/example_dags/example_nested_branch_dag.py took 0.125 seconds
[2022-11-08T14:59:41.494+0000] {processor.py:154} INFO - Started process (PID=11114) to work on /home/airflow/.local/lib/python3.7/site-packages/airflow/example_dags/example_nested_branch_dag.py
[2022-11-08T14:59:41.495+0000] {processor.py:756} INFO - Processing file /home/airflow/.local/lib/python3.7/site-packages/airflow/example_dags/example_nested_branch_dag.py for tasks to queue
[2022-11-08T14:59:41.496+0000] {logging_mixin.py:120} INFO - [2022-11-08T14:59:41.495+0000] {dagbag.py:537} INFO - Filling up the DagBag from /home/airflow/.local/lib/python3.7/site-packages/airflow/example_dags/example_nested_branch_dag.py
[2022-11-08T14:59:41.522+0000] {processor.py:766} INFO - DAG(s) dict_keys(['example_nested_branch_dag']) retrieved from /home/airflow/.local/lib/python3.7/site-packages/airflow/example_dags/example_nested_branch_dag.py
[2022-11-08T14:59:41.566+0000] {logging_mixin.py:120} INFO - [2022-11-08T14:59:41.566+0000] {dag.py:2585} INFO - Sync 1 DAGs
[2022-11-08T14:59:41.595+0000] {logging_mixin.py:120} INFO - [2022-11-08T14:59:41.594+0000] {dag.py:3340} INFO - Setting next_dagrun for example_nested_branch_dag to 2022-11-07T00:00:00+00:00, run_after=2022-11-08T00:00:00+00:00
[2022-11-08T14:59:41.616+0000] {processor.py:176} INFO - Processing /home/airflow/.local/lib/python3.7/site-packages/airflow/example_dags/example_nested_branch_dag.py took 0.127 seconds
[2022-11-08T15:00:11.809+0000] {processor.py:154} INFO - Started process (PID=11312) to work on /home/airflow/.local/lib/python3.7/site-packages/airflow/example_dags/example_nested_branch_dag.py
[2022-11-08T15:00:11.810+0000] {processor.py:756} INFO - Processing file /home/airflow/.local/lib/python3.7/site-packages/airflow/example_dags/example_nested_branch_dag.py for tasks to queue
[2022-11-08T15:00:11.810+0000] {logging_mixin.py:120} INFO - [2022-11-08T15:00:11.810+0000] {dagbag.py:537} INFO - Filling up the DagBag from /home/airflow/.local/lib/python3.7/site-packages/airflow/example_dags/example_nested_branch_dag.py
[2022-11-08T15:00:11.838+0000] {processor.py:766} INFO - DAG(s) dict_keys(['example_nested_branch_dag']) retrieved from /home/airflow/.local/lib/python3.7/site-packages/airflow/example_dags/example_nested_branch_dag.py
[2022-11-08T15:00:11.886+0000] {logging_mixin.py:120} INFO - [2022-11-08T15:00:11.885+0000] {dag.py:2585} INFO - Sync 1 DAGs
[2022-11-08T15:00:11.917+0000] {logging_mixin.py:120} INFO - [2022-11-08T15:00:11.917+0000] {dag.py:3340} INFO - Setting next_dagrun for example_nested_branch_dag to 2022-11-07T00:00:00+00:00, run_after=2022-11-08T00:00:00+00:00
[2022-11-08T15:00:11.940+0000] {processor.py:176} INFO - Processing /home/airflow/.local/lib/python3.7/site-packages/airflow/example_dags/example_nested_branch_dag.py took 0.134 seconds
[2022-11-08T15:00:42.102+0000] {processor.py:154} INFO - Started process (PID=11521) to work on /home/airflow/.local/lib/python3.7/site-packages/airflow/example_dags/example_nested_branch_dag.py
[2022-11-08T15:00:42.103+0000] {processor.py:756} INFO - Processing file /home/airflow/.local/lib/python3.7/site-packages/airflow/example_dags/example_nested_branch_dag.py for tasks to queue
[2022-11-08T15:00:42.105+0000] {logging_mixin.py:120} INFO - [2022-11-08T15:00:42.105+0000] {dagbag.py:537} INFO - Filling up the DagBag from /home/airflow/.local/lib/python3.7/site-packages/airflow/example_dags/example_nested_branch_dag.py
[2022-11-08T15:00:42.132+0000] {processor.py:766} INFO - DAG(s) dict_keys(['example_nested_branch_dag']) retrieved from /home/airflow/.local/lib/python3.7/site-packages/airflow/example_dags/example_nested_branch_dag.py
[2022-11-08T15:00:42.183+0000] {logging_mixin.py:120} INFO - [2022-11-08T15:00:42.183+0000] {dag.py:2585} INFO - Sync 1 DAGs
[2022-11-08T15:00:42.218+0000] {logging_mixin.py:120} INFO - [2022-11-08T15:00:42.218+0000] {dag.py:3340} INFO - Setting next_dagrun for example_nested_branch_dag to 2022-11-07T00:00:00+00:00, run_after=2022-11-08T00:00:00+00:00
[2022-11-08T15:00:42.246+0000] {processor.py:176} INFO - Processing /home/airflow/.local/lib/python3.7/site-packages/airflow/example_dags/example_nested_branch_dag.py took 0.148 seconds
[2022-11-08T15:01:12.357+0000] {processor.py:154} INFO - Started process (PID=11727) to work on /home/airflow/.local/lib/python3.7/site-packages/airflow/example_dags/example_nested_branch_dag.py
[2022-11-08T15:01:12.358+0000] {processor.py:756} INFO - Processing file /home/airflow/.local/lib/python3.7/site-packages/airflow/example_dags/example_nested_branch_dag.py for tasks to queue
[2022-11-08T15:01:12.359+0000] {logging_mixin.py:120} INFO - [2022-11-08T15:01:12.358+0000] {dagbag.py:537} INFO - Filling up the DagBag from /home/airflow/.local/lib/python3.7/site-packages/airflow/example_dags/example_nested_branch_dag.py
[2022-11-08T15:01:12.384+0000] {processor.py:766} INFO - DAG(s) dict_keys(['example_nested_branch_dag']) retrieved from /home/airflow/.local/lib/python3.7/site-packages/airflow/example_dags/example_nested_branch_dag.py
[2022-11-08T15:01:12.430+0000] {logging_mixin.py:120} INFO - [2022-11-08T15:01:12.429+0000] {dag.py:2585} INFO - Sync 1 DAGs
[2022-11-08T15:01:12.458+0000] {logging_mixin.py:120} INFO - [2022-11-08T15:01:12.458+0000] {dag.py:3340} INFO - Setting next_dagrun for example_nested_branch_dag to 2022-11-07T00:00:00+00:00, run_after=2022-11-08T00:00:00+00:00
[2022-11-08T15:01:12.487+0000] {processor.py:176} INFO - Processing /home/airflow/.local/lib/python3.7/site-packages/airflow/example_dags/example_nested_branch_dag.py took 0.134 seconds
