[2022-11-08T14:25:00.032+0000] {processor.py:154} INFO - Started process (PID=51) to work on /home/airflow/.local/lib/python3.7/site-packages/airflow/example_dags/example_trigger_target_dag.py
[2022-11-08T14:25:00.032+0000] {processor.py:756} INFO - Processing file /home/airflow/.local/lib/python3.7/site-packages/airflow/example_dags/example_trigger_target_dag.py for tasks to queue
[2022-11-08T14:25:00.033+0000] {logging_mixin.py:120} INFO - [2022-11-08T14:25:00.033+0000] {dagbag.py:537} INFO - Filling up the DagBag from /home/airflow/.local/lib/python3.7/site-packages/airflow/example_dags/example_trigger_target_dag.py
[2022-11-08T14:25:00.056+0000] {processor.py:766} INFO - DAG(s) dict_keys(['example_trigger_target_dag']) retrieved from /home/airflow/.local/lib/python3.7/site-packages/airflow/example_dags/example_trigger_target_dag.py
[2022-11-08T14:25:00.084+0000] {logging_mixin.py:120} INFO - [2022-11-08T14:25:00.084+0000] {dag.py:2585} INFO - Sync 1 DAGs
[2022-11-08T14:25:00.112+0000] {logging_mixin.py:120} INFO - [2022-11-08T14:25:00.112+0000] {dag.py:3340} INFO - Setting next_dagrun for example_trigger_target_dag to None, run_after=None
[2022-11-08T14:25:00.132+0000] {processor.py:176} INFO - Processing /home/airflow/.local/lib/python3.7/site-packages/airflow/example_dags/example_trigger_target_dag.py took 0.104 seconds
[2022-11-08T14:25:30.773+0000] {processor.py:154} INFO - Started process (PID=114) to work on /home/airflow/.local/lib/python3.7/site-packages/airflow/example_dags/example_trigger_target_dag.py
[2022-11-08T14:25:30.774+0000] {processor.py:756} INFO - Processing file /home/airflow/.local/lib/python3.7/site-packages/airflow/example_dags/example_trigger_target_dag.py for tasks to queue
[2022-11-08T14:25:30.775+0000] {logging_mixin.py:120} INFO - [2022-11-08T14:25:30.775+0000] {dagbag.py:537} INFO - Filling up the DagBag from /home/airflow/.local/lib/python3.7/site-packages/airflow/example_dags/example_trigger_target_dag.py
[2022-11-08T14:25:30.802+0000] {processor.py:766} INFO - DAG(s) dict_keys(['example_trigger_target_dag']) retrieved from /home/airflow/.local/lib/python3.7/site-packages/airflow/example_dags/example_trigger_target_dag.py
[2022-11-08T14:25:30.842+0000] {logging_mixin.py:120} INFO - [2022-11-08T14:25:30.842+0000] {dag.py:2585} INFO - Sync 1 DAGs
[2022-11-08T14:25:30.864+0000] {logging_mixin.py:120} INFO - [2022-11-08T14:25:30.864+0000] {dag.py:3340} INFO - Setting next_dagrun for example_trigger_target_dag to None, run_after=None
[2022-11-08T14:25:30.882+0000] {processor.py:176} INFO - Processing /home/airflow/.local/lib/python3.7/site-packages/airflow/example_dags/example_trigger_target_dag.py took 0.112 seconds
[2022-11-08T14:26:01.519+0000] {processor.py:154} INFO - Started process (PID=178) to work on /home/airflow/.local/lib/python3.7/site-packages/airflow/example_dags/example_trigger_target_dag.py
[2022-11-08T14:26:01.520+0000] {processor.py:756} INFO - Processing file /home/airflow/.local/lib/python3.7/site-packages/airflow/example_dags/example_trigger_target_dag.py for tasks to queue
[2022-11-08T14:26:01.520+0000] {logging_mixin.py:120} INFO - [2022-11-08T14:26:01.520+0000] {dagbag.py:537} INFO - Filling up the DagBag from /home/airflow/.local/lib/python3.7/site-packages/airflow/example_dags/example_trigger_target_dag.py
[2022-11-08T14:26:01.540+0000] {processor.py:766} INFO - DAG(s) dict_keys(['example_trigger_target_dag']) retrieved from /home/airflow/.local/lib/python3.7/site-packages/airflow/example_dags/example_trigger_target_dag.py
[2022-11-08T14:26:01.580+0000] {logging_mixin.py:120} INFO - [2022-11-08T14:26:01.580+0000] {dag.py:2585} INFO - Sync 1 DAGs
[2022-11-08T14:26:01.604+0000] {logging_mixin.py:120} INFO - [2022-11-08T14:26:01.604+0000] {dag.py:3340} INFO - Setting next_dagrun for example_trigger_target_dag to None, run_after=None
[2022-11-08T14:26:01.621+0000] {processor.py:176} INFO - Processing /home/airflow/.local/lib/python3.7/site-packages/airflow/example_dags/example_trigger_target_dag.py took 0.105 seconds
[2022-11-08T14:26:32.136+0000] {processor.py:154} INFO - Started process (PID=241) to work on /home/airflow/.local/lib/python3.7/site-packages/airflow/example_dags/example_trigger_target_dag.py
[2022-11-08T14:26:32.137+0000] {processor.py:756} INFO - Processing file /home/airflow/.local/lib/python3.7/site-packages/airflow/example_dags/example_trigger_target_dag.py for tasks to queue
[2022-11-08T14:26:32.138+0000] {logging_mixin.py:120} INFO - [2022-11-08T14:26:32.138+0000] {dagbag.py:537} INFO - Filling up the DagBag from /home/airflow/.local/lib/python3.7/site-packages/airflow/example_dags/example_trigger_target_dag.py
[2022-11-08T14:26:32.157+0000] {processor.py:766} INFO - DAG(s) dict_keys(['example_trigger_target_dag']) retrieved from /home/airflow/.local/lib/python3.7/site-packages/airflow/example_dags/example_trigger_target_dag.py
[2022-11-08T14:26:32.197+0000] {logging_mixin.py:120} INFO - [2022-11-08T14:26:32.197+0000] {dag.py:2585} INFO - Sync 1 DAGs
[2022-11-08T14:26:32.218+0000] {logging_mixin.py:120} INFO - [2022-11-08T14:26:32.218+0000] {dag.py:3340} INFO - Setting next_dagrun for example_trigger_target_dag to None, run_after=None
[2022-11-08T14:26:32.238+0000] {processor.py:176} INFO - Processing /home/airflow/.local/lib/python3.7/site-packages/airflow/example_dags/example_trigger_target_dag.py took 0.106 seconds
[2022-11-08T14:27:02.833+0000] {processor.py:154} INFO - Started process (PID=295) to work on /home/airflow/.local/lib/python3.7/site-packages/airflow/example_dags/example_trigger_target_dag.py
[2022-11-08T14:27:02.834+0000] {processor.py:756} INFO - Processing file /home/airflow/.local/lib/python3.7/site-packages/airflow/example_dags/example_trigger_target_dag.py for tasks to queue
[2022-11-08T14:27:02.835+0000] {logging_mixin.py:120} INFO - [2022-11-08T14:27:02.834+0000] {dagbag.py:537} INFO - Filling up the DagBag from /home/airflow/.local/lib/python3.7/site-packages/airflow/example_dags/example_trigger_target_dag.py
[2022-11-08T14:27:02.855+0000] {processor.py:766} INFO - DAG(s) dict_keys(['example_trigger_target_dag']) retrieved from /home/airflow/.local/lib/python3.7/site-packages/airflow/example_dags/example_trigger_target_dag.py
[2022-11-08T14:27:02.894+0000] {logging_mixin.py:120} INFO - [2022-11-08T14:27:02.894+0000] {dag.py:2585} INFO - Sync 1 DAGs
[2022-11-08T14:27:02.919+0000] {logging_mixin.py:120} INFO - [2022-11-08T14:27:02.919+0000] {dag.py:3340} INFO - Setting next_dagrun for example_trigger_target_dag to None, run_after=None
[2022-11-08T14:27:02.938+0000] {processor.py:176} INFO - Processing /home/airflow/.local/lib/python3.7/site-packages/airflow/example_dags/example_trigger_target_dag.py took 0.109 seconds
[2022-11-08T14:27:33.948+0000] {processor.py:154} INFO - Started process (PID=358) to work on /home/airflow/.local/lib/python3.7/site-packages/airflow/example_dags/example_trigger_target_dag.py
[2022-11-08T14:27:33.949+0000] {processor.py:756} INFO - Processing file /home/airflow/.local/lib/python3.7/site-packages/airflow/example_dags/example_trigger_target_dag.py for tasks to queue
[2022-11-08T14:27:33.949+0000] {logging_mixin.py:120} INFO - [2022-11-08T14:27:33.949+0000] {dagbag.py:537} INFO - Filling up the DagBag from /home/airflow/.local/lib/python3.7/site-packages/airflow/example_dags/example_trigger_target_dag.py
[2022-11-08T14:27:33.972+0000] {processor.py:766} INFO - DAG(s) dict_keys(['example_trigger_target_dag']) retrieved from /home/airflow/.local/lib/python3.7/site-packages/airflow/example_dags/example_trigger_target_dag.py
[2022-11-08T14:27:34.012+0000] {logging_mixin.py:120} INFO - [2022-11-08T14:27:34.012+0000] {dag.py:2585} INFO - Sync 1 DAGs
[2022-11-08T14:27:34.033+0000] {logging_mixin.py:120} INFO - [2022-11-08T14:27:34.033+0000] {dag.py:3340} INFO - Setting next_dagrun for example_trigger_target_dag to None, run_after=None
[2022-11-08T14:27:34.055+0000] {processor.py:176} INFO - Processing /home/airflow/.local/lib/python3.7/site-packages/airflow/example_dags/example_trigger_target_dag.py took 0.112 seconds
[2022-11-08T14:28:04.453+0000] {processor.py:154} INFO - Started process (PID=422) to work on /home/airflow/.local/lib/python3.7/site-packages/airflow/example_dags/example_trigger_target_dag.py
[2022-11-08T14:28:04.454+0000] {processor.py:756} INFO - Processing file /home/airflow/.local/lib/python3.7/site-packages/airflow/example_dags/example_trigger_target_dag.py for tasks to queue
[2022-11-08T14:28:04.455+0000] {logging_mixin.py:120} INFO - [2022-11-08T14:28:04.455+0000] {dagbag.py:537} INFO - Filling up the DagBag from /home/airflow/.local/lib/python3.7/site-packages/airflow/example_dags/example_trigger_target_dag.py
[2022-11-08T14:28:04.472+0000] {processor.py:766} INFO - DAG(s) dict_keys(['example_trigger_target_dag']) retrieved from /home/airflow/.local/lib/python3.7/site-packages/airflow/example_dags/example_trigger_target_dag.py
[2022-11-08T14:28:04.506+0000] {logging_mixin.py:120} INFO - [2022-11-08T14:28:04.506+0000] {dag.py:2585} INFO - Sync 1 DAGs
[2022-11-08T14:28:04.525+0000] {logging_mixin.py:120} INFO - [2022-11-08T14:28:04.525+0000] {dag.py:3340} INFO - Setting next_dagrun for example_trigger_target_dag to None, run_after=None
[2022-11-08T14:28:04.542+0000] {processor.py:176} INFO - Processing /home/airflow/.local/lib/python3.7/site-packages/airflow/example_dags/example_trigger_target_dag.py took 0.092 seconds
[2022-11-08T14:28:35.292+0000] {processor.py:154} INFO - Started process (PID=485) to work on /home/airflow/.local/lib/python3.7/site-packages/airflow/example_dags/example_trigger_target_dag.py
[2022-11-08T14:28:35.293+0000] {processor.py:756} INFO - Processing file /home/airflow/.local/lib/python3.7/site-packages/airflow/example_dags/example_trigger_target_dag.py for tasks to queue
[2022-11-08T14:28:35.294+0000] {logging_mixin.py:120} INFO - [2022-11-08T14:28:35.294+0000] {dagbag.py:537} INFO - Filling up the DagBag from /home/airflow/.local/lib/python3.7/site-packages/airflow/example_dags/example_trigger_target_dag.py
[2022-11-08T14:28:35.314+0000] {processor.py:766} INFO - DAG(s) dict_keys(['example_trigger_target_dag']) retrieved from /home/airflow/.local/lib/python3.7/site-packages/airflow/example_dags/example_trigger_target_dag.py
[2022-11-08T14:28:35.355+0000] {logging_mixin.py:120} INFO - [2022-11-08T14:28:35.354+0000] {dag.py:2585} INFO - Sync 1 DAGs
[2022-11-08T14:28:35.379+0000] {logging_mixin.py:120} INFO - [2022-11-08T14:28:35.379+0000] {dag.py:3340} INFO - Setting next_dagrun for example_trigger_target_dag to None, run_after=None
[2022-11-08T14:28:35.400+0000] {processor.py:176} INFO - Processing /home/airflow/.local/lib/python3.7/site-packages/airflow/example_dags/example_trigger_target_dag.py took 0.111 seconds
[2022-11-08T14:29:05.921+0000] {processor.py:154} INFO - Started process (PID=548) to work on /home/airflow/.local/lib/python3.7/site-packages/airflow/example_dags/example_trigger_target_dag.py
[2022-11-08T14:29:05.923+0000] {processor.py:756} INFO - Processing file /home/airflow/.local/lib/python3.7/site-packages/airflow/example_dags/example_trigger_target_dag.py for tasks to queue
[2022-11-08T14:29:05.923+0000] {logging_mixin.py:120} INFO - [2022-11-08T14:29:05.923+0000] {dagbag.py:537} INFO - Filling up the DagBag from /home/airflow/.local/lib/python3.7/site-packages/airflow/example_dags/example_trigger_target_dag.py
[2022-11-08T14:29:05.947+0000] {processor.py:766} INFO - DAG(s) dict_keys(['example_trigger_target_dag']) retrieved from /home/airflow/.local/lib/python3.7/site-packages/airflow/example_dags/example_trigger_target_dag.py
[2022-11-08T14:29:05.994+0000] {logging_mixin.py:120} INFO - [2022-11-08T14:29:05.994+0000] {dag.py:2585} INFO - Sync 1 DAGs
[2022-11-08T14:29:06.023+0000] {logging_mixin.py:120} INFO - [2022-11-08T14:29:06.023+0000] {dag.py:3340} INFO - Setting next_dagrun for example_trigger_target_dag to None, run_after=None
[2022-11-08T14:29:06.039+0000] {processor.py:176} INFO - Processing /home/airflow/.local/lib/python3.7/site-packages/airflow/example_dags/example_trigger_target_dag.py took 0.121 seconds
[2022-11-08T14:29:36.558+0000] {processor.py:154} INFO - Started process (PID=602) to work on /home/airflow/.local/lib/python3.7/site-packages/airflow/example_dags/example_trigger_target_dag.py
[2022-11-08T14:29:36.559+0000] {processor.py:756} INFO - Processing file /home/airflow/.local/lib/python3.7/site-packages/airflow/example_dags/example_trigger_target_dag.py for tasks to queue
[2022-11-08T14:29:36.559+0000] {logging_mixin.py:120} INFO - [2022-11-08T14:29:36.559+0000] {dagbag.py:537} INFO - Filling up the DagBag from /home/airflow/.local/lib/python3.7/site-packages/airflow/example_dags/example_trigger_target_dag.py
[2022-11-08T14:29:36.582+0000] {processor.py:766} INFO - DAG(s) dict_keys(['example_trigger_target_dag']) retrieved from /home/airflow/.local/lib/python3.7/site-packages/airflow/example_dags/example_trigger_target_dag.py
[2022-11-08T14:29:36.620+0000] {logging_mixin.py:120} INFO - [2022-11-08T14:29:36.620+0000] {dag.py:2585} INFO - Sync 1 DAGs
[2022-11-08T14:29:36.640+0000] {logging_mixin.py:120} INFO - [2022-11-08T14:29:36.640+0000] {dag.py:3340} INFO - Setting next_dagrun for example_trigger_target_dag to None, run_after=None
[2022-11-08T14:29:36.656+0000] {processor.py:176} INFO - Processing /home/airflow/.local/lib/python3.7/site-packages/airflow/example_dags/example_trigger_target_dag.py took 0.102 seconds
[2022-11-08T14:30:07.005+0000] {processor.py:154} INFO - Started process (PID=665) to work on /home/airflow/.local/lib/python3.7/site-packages/airflow/example_dags/example_trigger_target_dag.py
[2022-11-08T14:30:07.006+0000] {processor.py:756} INFO - Processing file /home/airflow/.local/lib/python3.7/site-packages/airflow/example_dags/example_trigger_target_dag.py for tasks to queue
[2022-11-08T14:30:07.007+0000] {logging_mixin.py:120} INFO - [2022-11-08T14:30:07.006+0000] {dagbag.py:537} INFO - Filling up the DagBag from /home/airflow/.local/lib/python3.7/site-packages/airflow/example_dags/example_trigger_target_dag.py
[2022-11-08T14:30:07.024+0000] {processor.py:766} INFO - DAG(s) dict_keys(['example_trigger_target_dag']) retrieved from /home/airflow/.local/lib/python3.7/site-packages/airflow/example_dags/example_trigger_target_dag.py
[2022-11-08T14:30:07.061+0000] {logging_mixin.py:120} INFO - [2022-11-08T14:30:07.061+0000] {dag.py:2585} INFO - Sync 1 DAGs
[2022-11-08T14:30:07.082+0000] {logging_mixin.py:120} INFO - [2022-11-08T14:30:07.082+0000] {dag.py:3340} INFO - Setting next_dagrun for example_trigger_target_dag to None, run_after=None
[2022-11-08T14:30:07.098+0000] {processor.py:176} INFO - Processing /home/airflow/.local/lib/python3.7/site-packages/airflow/example_dags/example_trigger_target_dag.py took 0.096 seconds
[2022-11-08T14:30:37.429+0000] {processor.py:154} INFO - Started process (PID=729) to work on /home/airflow/.local/lib/python3.7/site-packages/airflow/example_dags/example_trigger_target_dag.py
[2022-11-08T14:30:37.430+0000] {processor.py:756} INFO - Processing file /home/airflow/.local/lib/python3.7/site-packages/airflow/example_dags/example_trigger_target_dag.py for tasks to queue
[2022-11-08T14:30:37.431+0000] {logging_mixin.py:120} INFO - [2022-11-08T14:30:37.431+0000] {dagbag.py:537} INFO - Filling up the DagBag from /home/airflow/.local/lib/python3.7/site-packages/airflow/example_dags/example_trigger_target_dag.py
[2022-11-08T14:30:37.448+0000] {processor.py:766} INFO - DAG(s) dict_keys(['example_trigger_target_dag']) retrieved from /home/airflow/.local/lib/python3.7/site-packages/airflow/example_dags/example_trigger_target_dag.py
[2022-11-08T14:30:37.480+0000] {logging_mixin.py:120} INFO - [2022-11-08T14:30:37.480+0000] {dag.py:2585} INFO - Sync 1 DAGs
[2022-11-08T14:30:37.499+0000] {logging_mixin.py:120} INFO - [2022-11-08T14:30:37.499+0000] {dag.py:3340} INFO - Setting next_dagrun for example_trigger_target_dag to None, run_after=None
[2022-11-08T14:30:37.516+0000] {processor.py:176} INFO - Processing /home/airflow/.local/lib/python3.7/site-packages/airflow/example_dags/example_trigger_target_dag.py took 0.090 seconds
[2022-11-08T14:31:08.482+0000] {processor.py:154} INFO - Started process (PID=792) to work on /home/airflow/.local/lib/python3.7/site-packages/airflow/example_dags/example_trigger_target_dag.py
[2022-11-08T14:31:08.482+0000] {processor.py:756} INFO - Processing file /home/airflow/.local/lib/python3.7/site-packages/airflow/example_dags/example_trigger_target_dag.py for tasks to queue
[2022-11-08T14:31:08.483+0000] {logging_mixin.py:120} INFO - [2022-11-08T14:31:08.483+0000] {dagbag.py:537} INFO - Filling up the DagBag from /home/airflow/.local/lib/python3.7/site-packages/airflow/example_dags/example_trigger_target_dag.py
[2022-11-08T14:31:08.502+0000] {processor.py:766} INFO - DAG(s) dict_keys(['example_trigger_target_dag']) retrieved from /home/airflow/.local/lib/python3.7/site-packages/airflow/example_dags/example_trigger_target_dag.py
[2022-11-08T14:31:08.540+0000] {logging_mixin.py:120} INFO - [2022-11-08T14:31:08.540+0000] {dag.py:2585} INFO - Sync 1 DAGs
[2022-11-08T14:31:08.562+0000] {logging_mixin.py:120} INFO - [2022-11-08T14:31:08.562+0000] {dag.py:3340} INFO - Setting next_dagrun for example_trigger_target_dag to None, run_after=None
[2022-11-08T14:31:08.579+0000] {processor.py:176} INFO - Processing /home/airflow/.local/lib/python3.7/site-packages/airflow/example_dags/example_trigger_target_dag.py took 0.100 seconds
[2022-11-08T14:31:38.881+0000] {processor.py:154} INFO - Started process (PID=846) to work on /home/airflow/.local/lib/python3.7/site-packages/airflow/example_dags/example_trigger_target_dag.py
[2022-11-08T14:31:38.882+0000] {processor.py:756} INFO - Processing file /home/airflow/.local/lib/python3.7/site-packages/airflow/example_dags/example_trigger_target_dag.py for tasks to queue
[2022-11-08T14:31:38.883+0000] {logging_mixin.py:120} INFO - [2022-11-08T14:31:38.883+0000] {dagbag.py:537} INFO - Filling up the DagBag from /home/airflow/.local/lib/python3.7/site-packages/airflow/example_dags/example_trigger_target_dag.py
[2022-11-08T14:31:38.900+0000] {processor.py:766} INFO - DAG(s) dict_keys(['example_trigger_target_dag']) retrieved from /home/airflow/.local/lib/python3.7/site-packages/airflow/example_dags/example_trigger_target_dag.py
[2022-11-08T14:31:38.924+0000] {logging_mixin.py:120} INFO - [2022-11-08T14:31:38.924+0000] {dag.py:2585} INFO - Sync 1 DAGs
[2022-11-08T14:31:38.947+0000] {logging_mixin.py:120} INFO - [2022-11-08T14:31:38.947+0000] {dag.py:3340} INFO - Setting next_dagrun for example_trigger_target_dag to None, run_after=None
[2022-11-08T14:31:38.964+0000] {processor.py:176} INFO - Processing /home/airflow/.local/lib/python3.7/site-packages/airflow/example_dags/example_trigger_target_dag.py took 0.086 seconds
[2022-11-08T14:32:09.273+0000] {processor.py:154} INFO - Started process (PID=908) to work on /home/airflow/.local/lib/python3.7/site-packages/airflow/example_dags/example_trigger_target_dag.py
[2022-11-08T14:32:09.273+0000] {processor.py:756} INFO - Processing file /home/airflow/.local/lib/python3.7/site-packages/airflow/example_dags/example_trigger_target_dag.py for tasks to queue
[2022-11-08T14:32:09.274+0000] {logging_mixin.py:120} INFO - [2022-11-08T14:32:09.274+0000] {dagbag.py:537} INFO - Filling up the DagBag from /home/airflow/.local/lib/python3.7/site-packages/airflow/example_dags/example_trigger_target_dag.py
[2022-11-08T14:32:09.290+0000] {processor.py:766} INFO - DAG(s) dict_keys(['example_trigger_target_dag']) retrieved from /home/airflow/.local/lib/python3.7/site-packages/airflow/example_dags/example_trigger_target_dag.py
[2022-11-08T14:32:09.324+0000] {logging_mixin.py:120} INFO - [2022-11-08T14:32:09.324+0000] {dag.py:2585} INFO - Sync 1 DAGs
[2022-11-08T14:32:09.344+0000] {logging_mixin.py:120} INFO - [2022-11-08T14:32:09.344+0000] {dag.py:3340} INFO - Setting next_dagrun for example_trigger_target_dag to None, run_after=None
[2022-11-08T14:32:09.361+0000] {processor.py:176} INFO - Processing /home/airflow/.local/lib/python3.7/site-packages/airflow/example_dags/example_trigger_target_dag.py took 0.091 seconds
[2022-11-08T14:32:39.511+0000] {processor.py:154} INFO - Started process (PID=242) to work on /home/airflow/.local/lib/python3.7/site-packages/airflow/example_dags/example_trigger_target_dag.py
[2022-11-08T14:32:39.512+0000] {processor.py:756} INFO - Processing file /home/airflow/.local/lib/python3.7/site-packages/airflow/example_dags/example_trigger_target_dag.py for tasks to queue
[2022-11-08T14:32:39.513+0000] {logging_mixin.py:120} INFO - [2022-11-08T14:32:39.513+0000] {dagbag.py:537} INFO - Filling up the DagBag from /home/airflow/.local/lib/python3.7/site-packages/airflow/example_dags/example_trigger_target_dag.py
[2022-11-08T14:32:39.534+0000] {processor.py:766} INFO - DAG(s) dict_keys(['example_trigger_target_dag']) retrieved from /home/airflow/.local/lib/python3.7/site-packages/airflow/example_dags/example_trigger_target_dag.py
[2022-11-08T14:32:39.555+0000] {logging_mixin.py:120} INFO - [2022-11-08T14:32:39.555+0000] {dag.py:2585} INFO - Sync 1 DAGs
[2022-11-08T14:32:39.576+0000] {logging_mixin.py:120} INFO - [2022-11-08T14:32:39.576+0000] {dag.py:3340} INFO - Setting next_dagrun for example_trigger_target_dag to None, run_after=None
[2022-11-08T14:32:39.594+0000] {processor.py:176} INFO - Processing /home/airflow/.local/lib/python3.7/site-packages/airflow/example_dags/example_trigger_target_dag.py took 0.085 seconds
[2022-11-08T14:33:11.063+0000] {processor.py:154} INFO - Started process (PID=450) to work on /home/airflow/.local/lib/python3.7/site-packages/airflow/example_dags/example_trigger_target_dag.py
[2022-11-08T14:33:11.064+0000] {processor.py:756} INFO - Processing file /home/airflow/.local/lib/python3.7/site-packages/airflow/example_dags/example_trigger_target_dag.py for tasks to queue
[2022-11-08T14:33:11.065+0000] {logging_mixin.py:120} INFO - [2022-11-08T14:33:11.065+0000] {dagbag.py:537} INFO - Filling up the DagBag from /home/airflow/.local/lib/python3.7/site-packages/airflow/example_dags/example_trigger_target_dag.py
[2022-11-08T14:33:11.085+0000] {processor.py:766} INFO - DAG(s) dict_keys(['example_trigger_target_dag']) retrieved from /home/airflow/.local/lib/python3.7/site-packages/airflow/example_dags/example_trigger_target_dag.py
[2022-11-08T14:33:11.129+0000] {logging_mixin.py:120} INFO - [2022-11-08T14:33:11.129+0000] {dag.py:2585} INFO - Sync 1 DAGs
[2022-11-08T14:33:11.154+0000] {logging_mixin.py:120} INFO - [2022-11-08T14:33:11.154+0000] {dag.py:3340} INFO - Setting next_dagrun for example_trigger_target_dag to None, run_after=None
[2022-11-08T14:33:11.180+0000] {processor.py:176} INFO - Processing /home/airflow/.local/lib/python3.7/site-packages/airflow/example_dags/example_trigger_target_dag.py took 0.120 seconds
[2022-11-08T14:33:41.775+0000] {processor.py:154} INFO - Started process (PID=655) to work on /home/airflow/.local/lib/python3.7/site-packages/airflow/example_dags/example_trigger_target_dag.py
[2022-11-08T14:33:41.775+0000] {processor.py:756} INFO - Processing file /home/airflow/.local/lib/python3.7/site-packages/airflow/example_dags/example_trigger_target_dag.py for tasks to queue
[2022-11-08T14:33:41.776+0000] {logging_mixin.py:120} INFO - [2022-11-08T14:33:41.776+0000] {dagbag.py:537} INFO - Filling up the DagBag from /home/airflow/.local/lib/python3.7/site-packages/airflow/example_dags/example_trigger_target_dag.py
[2022-11-08T14:33:41.795+0000] {processor.py:766} INFO - DAG(s) dict_keys(['example_trigger_target_dag']) retrieved from /home/airflow/.local/lib/python3.7/site-packages/airflow/example_dags/example_trigger_target_dag.py
[2022-11-08T14:33:41.820+0000] {logging_mixin.py:120} INFO - [2022-11-08T14:33:41.820+0000] {dag.py:2585} INFO - Sync 1 DAGs
[2022-11-08T14:33:41.856+0000] {logging_mixin.py:120} INFO - [2022-11-08T14:33:41.855+0000] {dag.py:3340} INFO - Setting next_dagrun for example_trigger_target_dag to None, run_after=None
[2022-11-08T14:33:41.875+0000] {processor.py:176} INFO - Processing /home/airflow/.local/lib/python3.7/site-packages/airflow/example_dags/example_trigger_target_dag.py took 0.103 seconds
[2022-11-08T14:34:12.604+0000] {processor.py:154} INFO - Started process (PID=863) to work on /home/airflow/.local/lib/python3.7/site-packages/airflow/example_dags/example_trigger_target_dag.py
[2022-11-08T14:34:12.605+0000] {processor.py:756} INFO - Processing file /home/airflow/.local/lib/python3.7/site-packages/airflow/example_dags/example_trigger_target_dag.py for tasks to queue
[2022-11-08T14:34:12.606+0000] {logging_mixin.py:120} INFO - [2022-11-08T14:34:12.606+0000] {dagbag.py:537} INFO - Filling up the DagBag from /home/airflow/.local/lib/python3.7/site-packages/airflow/example_dags/example_trigger_target_dag.py
[2022-11-08T14:34:12.637+0000] {processor.py:766} INFO - DAG(s) dict_keys(['example_trigger_target_dag']) retrieved from /home/airflow/.local/lib/python3.7/site-packages/airflow/example_dags/example_trigger_target_dag.py
[2022-11-08T14:34:12.690+0000] {logging_mixin.py:120} INFO - [2022-11-08T14:34:12.690+0000] {dag.py:2585} INFO - Sync 1 DAGs
[2022-11-08T14:34:12.724+0000] {logging_mixin.py:120} INFO - [2022-11-08T14:34:12.724+0000] {dag.py:3340} INFO - Setting next_dagrun for example_trigger_target_dag to None, run_after=None
[2022-11-08T14:34:12.747+0000] {processor.py:176} INFO - Processing /home/airflow/.local/lib/python3.7/site-packages/airflow/example_dags/example_trigger_target_dag.py took 0.146 seconds
[2022-11-08T14:34:43.774+0000] {processor.py:154} INFO - Started process (PID=1061) to work on /home/airflow/.local/lib/python3.7/site-packages/airflow/example_dags/example_trigger_target_dag.py
[2022-11-08T14:34:43.775+0000] {processor.py:756} INFO - Processing file /home/airflow/.local/lib/python3.7/site-packages/airflow/example_dags/example_trigger_target_dag.py for tasks to queue
[2022-11-08T14:34:43.776+0000] {logging_mixin.py:120} INFO - [2022-11-08T14:34:43.776+0000] {dagbag.py:537} INFO - Filling up the DagBag from /home/airflow/.local/lib/python3.7/site-packages/airflow/example_dags/example_trigger_target_dag.py
[2022-11-08T14:34:43.800+0000] {processor.py:766} INFO - DAG(s) dict_keys(['example_trigger_target_dag']) retrieved from /home/airflow/.local/lib/python3.7/site-packages/airflow/example_dags/example_trigger_target_dag.py
[2022-11-08T14:34:43.850+0000] {logging_mixin.py:120} INFO - [2022-11-08T14:34:43.850+0000] {dag.py:2585} INFO - Sync 1 DAGs
[2022-11-08T14:34:43.880+0000] {logging_mixin.py:120} INFO - [2022-11-08T14:34:43.879+0000] {dag.py:3340} INFO - Setting next_dagrun for example_trigger_target_dag to None, run_after=None
[2022-11-08T14:34:43.898+0000] {processor.py:176} INFO - Processing /home/airflow/.local/lib/python3.7/site-packages/airflow/example_dags/example_trigger_target_dag.py took 0.129 seconds
[2022-11-08T14:35:14.626+0000] {processor.py:154} INFO - Started process (PID=1268) to work on /home/airflow/.local/lib/python3.7/site-packages/airflow/example_dags/example_trigger_target_dag.py
[2022-11-08T14:35:14.627+0000] {processor.py:756} INFO - Processing file /home/airflow/.local/lib/python3.7/site-packages/airflow/example_dags/example_trigger_target_dag.py for tasks to queue
[2022-11-08T14:35:14.628+0000] {logging_mixin.py:120} INFO - [2022-11-08T14:35:14.628+0000] {dagbag.py:537} INFO - Filling up the DagBag from /home/airflow/.local/lib/python3.7/site-packages/airflow/example_dags/example_trigger_target_dag.py
[2022-11-08T14:35:14.650+0000] {processor.py:766} INFO - DAG(s) dict_keys(['example_trigger_target_dag']) retrieved from /home/airflow/.local/lib/python3.7/site-packages/airflow/example_dags/example_trigger_target_dag.py
[2022-11-08T14:35:14.700+0000] {logging_mixin.py:120} INFO - [2022-11-08T14:35:14.700+0000] {dag.py:2585} INFO - Sync 1 DAGs
[2022-11-08T14:35:14.730+0000] {logging_mixin.py:120} INFO - [2022-11-08T14:35:14.730+0000] {dag.py:3340} INFO - Setting next_dagrun for example_trigger_target_dag to None, run_after=None
[2022-11-08T14:35:14.751+0000] {processor.py:176} INFO - Processing /home/airflow/.local/lib/python3.7/site-packages/airflow/example_dags/example_trigger_target_dag.py took 0.129 seconds
[2022-11-08T14:35:45.292+0000] {processor.py:154} INFO - Started process (PID=1475) to work on /home/airflow/.local/lib/python3.7/site-packages/airflow/example_dags/example_trigger_target_dag.py
[2022-11-08T14:35:45.293+0000] {processor.py:756} INFO - Processing file /home/airflow/.local/lib/python3.7/site-packages/airflow/example_dags/example_trigger_target_dag.py for tasks to queue
[2022-11-08T14:35:45.294+0000] {logging_mixin.py:120} INFO - [2022-11-08T14:35:45.294+0000] {dagbag.py:537} INFO - Filling up the DagBag from /home/airflow/.local/lib/python3.7/site-packages/airflow/example_dags/example_trigger_target_dag.py
[2022-11-08T14:35:45.313+0000] {processor.py:766} INFO - DAG(s) dict_keys(['example_trigger_target_dag']) retrieved from /home/airflow/.local/lib/python3.7/site-packages/airflow/example_dags/example_trigger_target_dag.py
[2022-11-08T14:35:45.351+0000] {logging_mixin.py:120} INFO - [2022-11-08T14:35:45.351+0000] {dag.py:2585} INFO - Sync 1 DAGs
[2022-11-08T14:35:45.370+0000] {logging_mixin.py:120} INFO - [2022-11-08T14:35:45.370+0000] {dag.py:3340} INFO - Setting next_dagrun for example_trigger_target_dag to None, run_after=None
[2022-11-08T14:35:45.386+0000] {processor.py:176} INFO - Processing /home/airflow/.local/lib/python3.7/site-packages/airflow/example_dags/example_trigger_target_dag.py took 0.098 seconds
[2022-11-08T14:36:16.047+0000] {processor.py:154} INFO - Started process (PID=1684) to work on /home/airflow/.local/lib/python3.7/site-packages/airflow/example_dags/example_trigger_target_dag.py
[2022-11-08T14:36:16.047+0000] {processor.py:756} INFO - Processing file /home/airflow/.local/lib/python3.7/site-packages/airflow/example_dags/example_trigger_target_dag.py for tasks to queue
[2022-11-08T14:36:16.048+0000] {logging_mixin.py:120} INFO - [2022-11-08T14:36:16.048+0000] {dagbag.py:537} INFO - Filling up the DagBag from /home/airflow/.local/lib/python3.7/site-packages/airflow/example_dags/example_trigger_target_dag.py
[2022-11-08T14:36:16.065+0000] {processor.py:766} INFO - DAG(s) dict_keys(['example_trigger_target_dag']) retrieved from /home/airflow/.local/lib/python3.7/site-packages/airflow/example_dags/example_trigger_target_dag.py
[2022-11-08T14:36:16.096+0000] {logging_mixin.py:120} INFO - [2022-11-08T14:36:16.096+0000] {dag.py:2585} INFO - Sync 1 DAGs
[2022-11-08T14:36:16.114+0000] {logging_mixin.py:120} INFO - [2022-11-08T14:36:16.114+0000] {dag.py:3340} INFO - Setting next_dagrun for example_trigger_target_dag to None, run_after=None
[2022-11-08T14:36:16.129+0000] {processor.py:176} INFO - Processing /home/airflow/.local/lib/python3.7/site-packages/airflow/example_dags/example_trigger_target_dag.py took 0.086 seconds
[2022-11-08T14:36:46.732+0000] {processor.py:154} INFO - Started process (PID=1889) to work on /home/airflow/.local/lib/python3.7/site-packages/airflow/example_dags/example_trigger_target_dag.py
[2022-11-08T14:36:46.733+0000] {processor.py:756} INFO - Processing file /home/airflow/.local/lib/python3.7/site-packages/airflow/example_dags/example_trigger_target_dag.py for tasks to queue
[2022-11-08T14:36:46.733+0000] {logging_mixin.py:120} INFO - [2022-11-08T14:36:46.733+0000] {dagbag.py:537} INFO - Filling up the DagBag from /home/airflow/.local/lib/python3.7/site-packages/airflow/example_dags/example_trigger_target_dag.py
[2022-11-08T14:36:46.750+0000] {processor.py:766} INFO - DAG(s) dict_keys(['example_trigger_target_dag']) retrieved from /home/airflow/.local/lib/python3.7/site-packages/airflow/example_dags/example_trigger_target_dag.py
[2022-11-08T14:36:46.784+0000] {logging_mixin.py:120} INFO - [2022-11-08T14:36:46.783+0000] {dag.py:2585} INFO - Sync 1 DAGs
[2022-11-08T14:36:46.810+0000] {logging_mixin.py:120} INFO - [2022-11-08T14:36:46.810+0000] {dag.py:3340} INFO - Setting next_dagrun for example_trigger_target_dag to None, run_after=None
[2022-11-08T14:36:46.827+0000] {processor.py:176} INFO - Processing /home/airflow/.local/lib/python3.7/site-packages/airflow/example_dags/example_trigger_target_dag.py took 0.099 seconds
[2022-11-08T14:37:17.616+0000] {processor.py:154} INFO - Started process (PID=2087) to work on /home/airflow/.local/lib/python3.7/site-packages/airflow/example_dags/example_trigger_target_dag.py
[2022-11-08T14:37:17.617+0000] {processor.py:756} INFO - Processing file /home/airflow/.local/lib/python3.7/site-packages/airflow/example_dags/example_trigger_target_dag.py for tasks to queue
[2022-11-08T14:37:17.618+0000] {logging_mixin.py:120} INFO - [2022-11-08T14:37:17.618+0000] {dagbag.py:537} INFO - Filling up the DagBag from /home/airflow/.local/lib/python3.7/site-packages/airflow/example_dags/example_trigger_target_dag.py
[2022-11-08T14:37:17.649+0000] {processor.py:766} INFO - DAG(s) dict_keys(['example_trigger_target_dag']) retrieved from /home/airflow/.local/lib/python3.7/site-packages/airflow/example_dags/example_trigger_target_dag.py
[2022-11-08T14:37:17.694+0000] {logging_mixin.py:120} INFO - [2022-11-08T14:37:17.694+0000] {dag.py:2585} INFO - Sync 1 DAGs
[2022-11-08T14:37:17.719+0000] {logging_mixin.py:120} INFO - [2022-11-08T14:37:17.719+0000] {dag.py:3340} INFO - Setting next_dagrun for example_trigger_target_dag to None, run_after=None
[2022-11-08T14:37:17.742+0000] {processor.py:176} INFO - Processing /home/airflow/.local/lib/python3.7/site-packages/airflow/example_dags/example_trigger_target_dag.py took 0.131 seconds
[2022-11-08T14:37:48.300+0000] {processor.py:154} INFO - Started process (PID=2294) to work on /home/airflow/.local/lib/python3.7/site-packages/airflow/example_dags/example_trigger_target_dag.py
[2022-11-08T14:37:48.301+0000] {processor.py:756} INFO - Processing file /home/airflow/.local/lib/python3.7/site-packages/airflow/example_dags/example_trigger_target_dag.py for tasks to queue
[2022-11-08T14:37:48.301+0000] {logging_mixin.py:120} INFO - [2022-11-08T14:37:48.301+0000] {dagbag.py:537} INFO - Filling up the DagBag from /home/airflow/.local/lib/python3.7/site-packages/airflow/example_dags/example_trigger_target_dag.py
[2022-11-08T14:37:48.330+0000] {processor.py:766} INFO - DAG(s) dict_keys(['example_trigger_target_dag']) retrieved from /home/airflow/.local/lib/python3.7/site-packages/airflow/example_dags/example_trigger_target_dag.py
[2022-11-08T14:37:48.351+0000] {logging_mixin.py:120} INFO - [2022-11-08T14:37:48.351+0000] {dag.py:2585} INFO - Sync 1 DAGs
[2022-11-08T14:37:48.374+0000] {logging_mixin.py:120} INFO - [2022-11-08T14:37:48.374+0000] {dag.py:3340} INFO - Setting next_dagrun for example_trigger_target_dag to None, run_after=None
[2022-11-08T14:37:48.391+0000] {processor.py:176} INFO - Processing /home/airflow/.local/lib/python3.7/site-packages/airflow/example_dags/example_trigger_target_dag.py took 0.096 seconds
[2022-11-08T14:38:18.987+0000] {processor.py:154} INFO - Started process (PID=2500) to work on /home/airflow/.local/lib/python3.7/site-packages/airflow/example_dags/example_trigger_target_dag.py
[2022-11-08T14:38:18.988+0000] {processor.py:756} INFO - Processing file /home/airflow/.local/lib/python3.7/site-packages/airflow/example_dags/example_trigger_target_dag.py for tasks to queue
[2022-11-08T14:38:18.989+0000] {logging_mixin.py:120} INFO - [2022-11-08T14:38:18.989+0000] {dagbag.py:537} INFO - Filling up the DagBag from /home/airflow/.local/lib/python3.7/site-packages/airflow/example_dags/example_trigger_target_dag.py
[2022-11-08T14:38:19.018+0000] {processor.py:766} INFO - DAG(s) dict_keys(['example_trigger_target_dag']) retrieved from /home/airflow/.local/lib/python3.7/site-packages/airflow/example_dags/example_trigger_target_dag.py
[2022-11-08T14:38:19.056+0000] {logging_mixin.py:120} INFO - [2022-11-08T14:38:19.055+0000] {dag.py:2585} INFO - Sync 1 DAGs
[2022-11-08T14:38:19.090+0000] {logging_mixin.py:120} INFO - [2022-11-08T14:38:19.089+0000] {dag.py:3340} INFO - Setting next_dagrun for example_trigger_target_dag to None, run_after=None
[2022-11-08T14:38:19.109+0000] {processor.py:176} INFO - Processing /home/airflow/.local/lib/python3.7/site-packages/airflow/example_dags/example_trigger_target_dag.py took 0.126 seconds
[2022-11-08T14:38:49.415+0000] {processor.py:154} INFO - Started process (PID=2707) to work on /home/airflow/.local/lib/python3.7/site-packages/airflow/example_dags/example_trigger_target_dag.py
[2022-11-08T14:38:49.416+0000] {processor.py:756} INFO - Processing file /home/airflow/.local/lib/python3.7/site-packages/airflow/example_dags/example_trigger_target_dag.py for tasks to queue
[2022-11-08T14:38:49.417+0000] {logging_mixin.py:120} INFO - [2022-11-08T14:38:49.416+0000] {dagbag.py:537} INFO - Filling up the DagBag from /home/airflow/.local/lib/python3.7/site-packages/airflow/example_dags/example_trigger_target_dag.py
[2022-11-08T14:38:49.438+0000] {processor.py:766} INFO - DAG(s) dict_keys(['example_trigger_target_dag']) retrieved from /home/airflow/.local/lib/python3.7/site-packages/airflow/example_dags/example_trigger_target_dag.py
[2022-11-08T14:38:49.473+0000] {logging_mixin.py:120} INFO - [2022-11-08T14:38:49.473+0000] {dag.py:2585} INFO - Sync 1 DAGs
[2022-11-08T14:38:49.495+0000] {logging_mixin.py:120} INFO - [2022-11-08T14:38:49.495+0000] {dag.py:3340} INFO - Setting next_dagrun for example_trigger_target_dag to None, run_after=None
[2022-11-08T14:38:49.511+0000] {processor.py:176} INFO - Processing /home/airflow/.local/lib/python3.7/site-packages/airflow/example_dags/example_trigger_target_dag.py took 0.100 seconds
[2022-11-08T14:39:20.205+0000] {processor.py:154} INFO - Started process (PID=2914) to work on /home/airflow/.local/lib/python3.7/site-packages/airflow/example_dags/example_trigger_target_dag.py
[2022-11-08T14:39:20.206+0000] {processor.py:756} INFO - Processing file /home/airflow/.local/lib/python3.7/site-packages/airflow/example_dags/example_trigger_target_dag.py for tasks to queue
[2022-11-08T14:39:20.206+0000] {logging_mixin.py:120} INFO - [2022-11-08T14:39:20.206+0000] {dagbag.py:537} INFO - Filling up the DagBag from /home/airflow/.local/lib/python3.7/site-packages/airflow/example_dags/example_trigger_target_dag.py
[2022-11-08T14:39:20.225+0000] {processor.py:766} INFO - DAG(s) dict_keys(['example_trigger_target_dag']) retrieved from /home/airflow/.local/lib/python3.7/site-packages/airflow/example_dags/example_trigger_target_dag.py
[2022-11-08T14:39:20.261+0000] {logging_mixin.py:120} INFO - [2022-11-08T14:39:20.261+0000] {dag.py:2585} INFO - Sync 1 DAGs
[2022-11-08T14:39:20.281+0000] {logging_mixin.py:120} INFO - [2022-11-08T14:39:20.281+0000] {dag.py:3340} INFO - Setting next_dagrun for example_trigger_target_dag to None, run_after=None
[2022-11-08T14:39:20.301+0000] {processor.py:176} INFO - Processing /home/airflow/.local/lib/python3.7/site-packages/airflow/example_dags/example_trigger_target_dag.py took 0.100 seconds
[2022-11-08T14:39:51.035+0000] {processor.py:154} INFO - Started process (PID=3112) to work on /home/airflow/.local/lib/python3.7/site-packages/airflow/example_dags/example_trigger_target_dag.py
[2022-11-08T14:39:51.036+0000] {processor.py:756} INFO - Processing file /home/airflow/.local/lib/python3.7/site-packages/airflow/example_dags/example_trigger_target_dag.py for tasks to queue
[2022-11-08T14:39:51.036+0000] {logging_mixin.py:120} INFO - [2022-11-08T14:39:51.036+0000] {dagbag.py:537} INFO - Filling up the DagBag from /home/airflow/.local/lib/python3.7/site-packages/airflow/example_dags/example_trigger_target_dag.py
[2022-11-08T14:39:51.059+0000] {processor.py:766} INFO - DAG(s) dict_keys(['example_trigger_target_dag']) retrieved from /home/airflow/.local/lib/python3.7/site-packages/airflow/example_dags/example_trigger_target_dag.py
[2022-11-08T14:39:51.103+0000] {logging_mixin.py:120} INFO - [2022-11-08T14:39:51.102+0000] {dag.py:2585} INFO - Sync 1 DAGs
[2022-11-08T14:39:51.126+0000] {logging_mixin.py:120} INFO - [2022-11-08T14:39:51.126+0000] {dag.py:3340} INFO - Setting next_dagrun for example_trigger_target_dag to None, run_after=None
[2022-11-08T14:39:51.145+0000] {processor.py:176} INFO - Processing /home/airflow/.local/lib/python3.7/site-packages/airflow/example_dags/example_trigger_target_dag.py took 0.113 seconds
[2022-11-08T14:40:22.166+0000] {processor.py:154} INFO - Started process (PID=3319) to work on /home/airflow/.local/lib/python3.7/site-packages/airflow/example_dags/example_trigger_target_dag.py
[2022-11-08T14:40:22.167+0000] {processor.py:756} INFO - Processing file /home/airflow/.local/lib/python3.7/site-packages/airflow/example_dags/example_trigger_target_dag.py for tasks to queue
[2022-11-08T14:40:22.168+0000] {logging_mixin.py:120} INFO - [2022-11-08T14:40:22.168+0000] {dagbag.py:537} INFO - Filling up the DagBag from /home/airflow/.local/lib/python3.7/site-packages/airflow/example_dags/example_trigger_target_dag.py
[2022-11-08T14:40:22.192+0000] {processor.py:766} INFO - DAG(s) dict_keys(['example_trigger_target_dag']) retrieved from /home/airflow/.local/lib/python3.7/site-packages/airflow/example_dags/example_trigger_target_dag.py
[2022-11-08T14:40:22.244+0000] {logging_mixin.py:120} INFO - [2022-11-08T14:40:22.243+0000] {dag.py:2585} INFO - Sync 1 DAGs
[2022-11-08T14:40:22.272+0000] {logging_mixin.py:120} INFO - [2022-11-08T14:40:22.271+0000] {dag.py:3340} INFO - Setting next_dagrun for example_trigger_target_dag to None, run_after=None
[2022-11-08T14:40:22.296+0000] {processor.py:176} INFO - Processing /home/airflow/.local/lib/python3.7/site-packages/airflow/example_dags/example_trigger_target_dag.py took 0.134 seconds
[2022-11-08T14:40:52.383+0000] {processor.py:154} INFO - Started process (PID=3526) to work on /home/airflow/.local/lib/python3.7/site-packages/airflow/example_dags/example_trigger_target_dag.py
[2022-11-08T14:40:52.384+0000] {processor.py:756} INFO - Processing file /home/airflow/.local/lib/python3.7/site-packages/airflow/example_dags/example_trigger_target_dag.py for tasks to queue
[2022-11-08T14:40:52.385+0000] {logging_mixin.py:120} INFO - [2022-11-08T14:40:52.384+0000] {dagbag.py:537} INFO - Filling up the DagBag from /home/airflow/.local/lib/python3.7/site-packages/airflow/example_dags/example_trigger_target_dag.py
[2022-11-08T14:40:52.405+0000] {processor.py:766} INFO - DAG(s) dict_keys(['example_trigger_target_dag']) retrieved from /home/airflow/.local/lib/python3.7/site-packages/airflow/example_dags/example_trigger_target_dag.py
[2022-11-08T14:40:52.444+0000] {logging_mixin.py:120} INFO - [2022-11-08T14:40:52.444+0000] {dag.py:2585} INFO - Sync 1 DAGs
[2022-11-08T14:40:52.467+0000] {logging_mixin.py:120} INFO - [2022-11-08T14:40:52.467+0000] {dag.py:3340} INFO - Setting next_dagrun for example_trigger_target_dag to None, run_after=None
[2022-11-08T14:40:52.489+0000] {processor.py:176} INFO - Processing /home/airflow/.local/lib/python3.7/site-packages/airflow/example_dags/example_trigger_target_dag.py took 0.109 seconds
[2022-11-08T14:41:22.812+0000] {processor.py:154} INFO - Started process (PID=3733) to work on /home/airflow/.local/lib/python3.7/site-packages/airflow/example_dags/example_trigger_target_dag.py
[2022-11-08T14:41:22.813+0000] {processor.py:756} INFO - Processing file /home/airflow/.local/lib/python3.7/site-packages/airflow/example_dags/example_trigger_target_dag.py for tasks to queue
[2022-11-08T14:41:22.814+0000] {logging_mixin.py:120} INFO - [2022-11-08T14:41:22.814+0000] {dagbag.py:537} INFO - Filling up the DagBag from /home/airflow/.local/lib/python3.7/site-packages/airflow/example_dags/example_trigger_target_dag.py
[2022-11-08T14:41:22.831+0000] {processor.py:766} INFO - DAG(s) dict_keys(['example_trigger_target_dag']) retrieved from /home/airflow/.local/lib/python3.7/site-packages/airflow/example_dags/example_trigger_target_dag.py
[2022-11-08T14:41:22.867+0000] {logging_mixin.py:120} INFO - [2022-11-08T14:41:22.867+0000] {dag.py:2585} INFO - Sync 1 DAGs
[2022-11-08T14:41:22.887+0000] {logging_mixin.py:120} INFO - [2022-11-08T14:41:22.887+0000] {dag.py:3340} INFO - Setting next_dagrun for example_trigger_target_dag to None, run_after=None
[2022-11-08T14:41:22.902+0000] {processor.py:176} INFO - Processing /home/airflow/.local/lib/python3.7/site-packages/airflow/example_dags/example_trigger_target_dag.py took 0.093 seconds
[2022-11-08T14:41:53.107+0000] {processor.py:154} INFO - Started process (PID=3931) to work on /home/airflow/.local/lib/python3.7/site-packages/airflow/example_dags/example_trigger_target_dag.py
[2022-11-08T14:41:53.109+0000] {processor.py:756} INFO - Processing file /home/airflow/.local/lib/python3.7/site-packages/airflow/example_dags/example_trigger_target_dag.py for tasks to queue
[2022-11-08T14:41:53.109+0000] {logging_mixin.py:120} INFO - [2022-11-08T14:41:53.109+0000] {dagbag.py:537} INFO - Filling up the DagBag from /home/airflow/.local/lib/python3.7/site-packages/airflow/example_dags/example_trigger_target_dag.py
[2022-11-08T14:41:53.134+0000] {processor.py:766} INFO - DAG(s) dict_keys(['example_trigger_target_dag']) retrieved from /home/airflow/.local/lib/python3.7/site-packages/airflow/example_dags/example_trigger_target_dag.py
[2022-11-08T14:41:53.182+0000] {logging_mixin.py:120} INFO - [2022-11-08T14:41:53.182+0000] {dag.py:2585} INFO - Sync 1 DAGs
[2022-11-08T14:41:53.209+0000] {logging_mixin.py:120} INFO - [2022-11-08T14:41:53.209+0000] {dag.py:3340} INFO - Setting next_dagrun for example_trigger_target_dag to None, run_after=None
[2022-11-08T14:41:53.230+0000] {processor.py:176} INFO - Processing /home/airflow/.local/lib/python3.7/site-packages/airflow/example_dags/example_trigger_target_dag.py took 0.128 seconds
[2022-11-08T14:42:23.298+0000] {processor.py:154} INFO - Started process (PID=4138) to work on /home/airflow/.local/lib/python3.7/site-packages/airflow/example_dags/example_trigger_target_dag.py
[2022-11-08T14:42:23.299+0000] {processor.py:756} INFO - Processing file /home/airflow/.local/lib/python3.7/site-packages/airflow/example_dags/example_trigger_target_dag.py for tasks to queue
[2022-11-08T14:42:23.299+0000] {logging_mixin.py:120} INFO - [2022-11-08T14:42:23.299+0000] {dagbag.py:537} INFO - Filling up the DagBag from /home/airflow/.local/lib/python3.7/site-packages/airflow/example_dags/example_trigger_target_dag.py
[2022-11-08T14:42:23.325+0000] {processor.py:766} INFO - DAG(s) dict_keys(['example_trigger_target_dag']) retrieved from /home/airflow/.local/lib/python3.7/site-packages/airflow/example_dags/example_trigger_target_dag.py
[2022-11-08T14:42:23.351+0000] {logging_mixin.py:120} INFO - [2022-11-08T14:42:23.351+0000] {dag.py:2585} INFO - Sync 1 DAGs
[2022-11-08T14:42:23.373+0000] {logging_mixin.py:120} INFO - [2022-11-08T14:42:23.373+0000] {dag.py:3340} INFO - Setting next_dagrun for example_trigger_target_dag to None, run_after=None
[2022-11-08T14:42:23.391+0000] {processor.py:176} INFO - Processing /home/airflow/.local/lib/python3.7/site-packages/airflow/example_dags/example_trigger_target_dag.py took 0.098 seconds
[2022-11-08T14:42:53.972+0000] {processor.py:154} INFO - Started process (PID=4345) to work on /home/airflow/.local/lib/python3.7/site-packages/airflow/example_dags/example_trigger_target_dag.py
[2022-11-08T14:42:53.973+0000] {processor.py:756} INFO - Processing file /home/airflow/.local/lib/python3.7/site-packages/airflow/example_dags/example_trigger_target_dag.py for tasks to queue
[2022-11-08T14:42:53.974+0000] {logging_mixin.py:120} INFO - [2022-11-08T14:42:53.973+0000] {dagbag.py:537} INFO - Filling up the DagBag from /home/airflow/.local/lib/python3.7/site-packages/airflow/example_dags/example_trigger_target_dag.py
[2022-11-08T14:42:53.990+0000] {processor.py:766} INFO - DAG(s) dict_keys(['example_trigger_target_dag']) retrieved from /home/airflow/.local/lib/python3.7/site-packages/airflow/example_dags/example_trigger_target_dag.py
[2022-11-08T14:42:54.022+0000] {logging_mixin.py:120} INFO - [2022-11-08T14:42:54.022+0000] {dag.py:2585} INFO - Sync 1 DAGs
[2022-11-08T14:42:54.041+0000] {logging_mixin.py:120} INFO - [2022-11-08T14:42:54.041+0000] {dag.py:3340} INFO - Setting next_dagrun for example_trigger_target_dag to None, run_after=None
[2022-11-08T14:42:54.057+0000] {processor.py:176} INFO - Processing /home/airflow/.local/lib/python3.7/site-packages/airflow/example_dags/example_trigger_target_dag.py took 0.088 seconds
[2022-11-08T14:43:24.545+0000] {processor.py:154} INFO - Started process (PID=4552) to work on /home/airflow/.local/lib/python3.7/site-packages/airflow/example_dags/example_trigger_target_dag.py
[2022-11-08T14:43:24.546+0000] {processor.py:756} INFO - Processing file /home/airflow/.local/lib/python3.7/site-packages/airflow/example_dags/example_trigger_target_dag.py for tasks to queue
[2022-11-08T14:43:24.547+0000] {logging_mixin.py:120} INFO - [2022-11-08T14:43:24.547+0000] {dagbag.py:537} INFO - Filling up the DagBag from /home/airflow/.local/lib/python3.7/site-packages/airflow/example_dags/example_trigger_target_dag.py
[2022-11-08T14:43:24.564+0000] {processor.py:766} INFO - DAG(s) dict_keys(['example_trigger_target_dag']) retrieved from /home/airflow/.local/lib/python3.7/site-packages/airflow/example_dags/example_trigger_target_dag.py
[2022-11-08T14:43:24.598+0000] {logging_mixin.py:120} INFO - [2022-11-08T14:43:24.598+0000] {dag.py:2585} INFO - Sync 1 DAGs
[2022-11-08T14:43:24.617+0000] {logging_mixin.py:120} INFO - [2022-11-08T14:43:24.617+0000] {dag.py:3340} INFO - Setting next_dagrun for example_trigger_target_dag to None, run_after=None
[2022-11-08T14:43:24.633+0000] {processor.py:176} INFO - Processing /home/airflow/.local/lib/python3.7/site-packages/airflow/example_dags/example_trigger_target_dag.py took 0.091 seconds
[2022-11-08T14:43:55.088+0000] {processor.py:154} INFO - Started process (PID=4757) to work on /home/airflow/.local/lib/python3.7/site-packages/airflow/example_dags/example_trigger_target_dag.py
[2022-11-08T14:43:55.089+0000] {processor.py:756} INFO - Processing file /home/airflow/.local/lib/python3.7/site-packages/airflow/example_dags/example_trigger_target_dag.py for tasks to queue
[2022-11-08T14:43:55.090+0000] {logging_mixin.py:120} INFO - [2022-11-08T14:43:55.089+0000] {dagbag.py:537} INFO - Filling up the DagBag from /home/airflow/.local/lib/python3.7/site-packages/airflow/example_dags/example_trigger_target_dag.py
[2022-11-08T14:43:55.114+0000] {processor.py:766} INFO - DAG(s) dict_keys(['example_trigger_target_dag']) retrieved from /home/airflow/.local/lib/python3.7/site-packages/airflow/example_dags/example_trigger_target_dag.py
[2022-11-08T14:43:55.155+0000] {logging_mixin.py:120} INFO - [2022-11-08T14:43:55.155+0000] {dag.py:2585} INFO - Sync 1 DAGs
[2022-11-08T14:43:55.184+0000] {logging_mixin.py:120} INFO - [2022-11-08T14:43:55.183+0000] {dag.py:3340} INFO - Setting next_dagrun for example_trigger_target_dag to None, run_after=None
[2022-11-08T14:43:55.200+0000] {processor.py:176} INFO - Processing /home/airflow/.local/lib/python3.7/site-packages/airflow/example_dags/example_trigger_target_dag.py took 0.116 seconds
[2022-11-08T14:44:25.847+0000] {processor.py:154} INFO - Started process (PID=4957) to work on /home/airflow/.local/lib/python3.7/site-packages/airflow/example_dags/example_trigger_target_dag.py
[2022-11-08T14:44:25.848+0000] {processor.py:756} INFO - Processing file /home/airflow/.local/lib/python3.7/site-packages/airflow/example_dags/example_trigger_target_dag.py for tasks to queue
[2022-11-08T14:44:25.848+0000] {logging_mixin.py:120} INFO - [2022-11-08T14:44:25.848+0000] {dagbag.py:537} INFO - Filling up the DagBag from /home/airflow/.local/lib/python3.7/site-packages/airflow/example_dags/example_trigger_target_dag.py
[2022-11-08T14:44:25.869+0000] {processor.py:766} INFO - DAG(s) dict_keys(['example_trigger_target_dag']) retrieved from /home/airflow/.local/lib/python3.7/site-packages/airflow/example_dags/example_trigger_target_dag.py
[2022-11-08T14:44:25.910+0000] {logging_mixin.py:120} INFO - [2022-11-08T14:44:25.910+0000] {dag.py:2585} INFO - Sync 1 DAGs
[2022-11-08T14:44:25.933+0000] {logging_mixin.py:120} INFO - [2022-11-08T14:44:25.933+0000] {dag.py:3340} INFO - Setting next_dagrun for example_trigger_target_dag to None, run_after=None
[2022-11-08T14:44:25.953+0000] {processor.py:176} INFO - Processing /home/airflow/.local/lib/python3.7/site-packages/airflow/example_dags/example_trigger_target_dag.py took 0.109 seconds
[2022-11-08T14:44:56.436+0000] {processor.py:154} INFO - Started process (PID=5163) to work on /home/airflow/.local/lib/python3.7/site-packages/airflow/example_dags/example_trigger_target_dag.py
[2022-11-08T14:44:56.437+0000] {processor.py:756} INFO - Processing file /home/airflow/.local/lib/python3.7/site-packages/airflow/example_dags/example_trigger_target_dag.py for tasks to queue
[2022-11-08T14:44:56.438+0000] {logging_mixin.py:120} INFO - [2022-11-08T14:44:56.438+0000] {dagbag.py:537} INFO - Filling up the DagBag from /home/airflow/.local/lib/python3.7/site-packages/airflow/example_dags/example_trigger_target_dag.py
[2022-11-08T14:44:56.454+0000] {processor.py:766} INFO - DAG(s) dict_keys(['example_trigger_target_dag']) retrieved from /home/airflow/.local/lib/python3.7/site-packages/airflow/example_dags/example_trigger_target_dag.py
[2022-11-08T14:44:56.487+0000] {logging_mixin.py:120} INFO - [2022-11-08T14:44:56.486+0000] {dag.py:2585} INFO - Sync 1 DAGs
[2022-11-08T14:44:56.505+0000] {logging_mixin.py:120} INFO - [2022-11-08T14:44:56.505+0000] {dag.py:3340} INFO - Setting next_dagrun for example_trigger_target_dag to None, run_after=None
[2022-11-08T14:44:56.522+0000] {processor.py:176} INFO - Processing /home/airflow/.local/lib/python3.7/site-packages/airflow/example_dags/example_trigger_target_dag.py took 0.088 seconds
[2022-11-08T14:45:26.907+0000] {processor.py:154} INFO - Started process (PID=5370) to work on /home/airflow/.local/lib/python3.7/site-packages/airflow/example_dags/example_trigger_target_dag.py
[2022-11-08T14:45:26.908+0000] {processor.py:756} INFO - Processing file /home/airflow/.local/lib/python3.7/site-packages/airflow/example_dags/example_trigger_target_dag.py for tasks to queue
[2022-11-08T14:45:26.909+0000] {logging_mixin.py:120} INFO - [2022-11-08T14:45:26.909+0000] {dagbag.py:537} INFO - Filling up the DagBag from /home/airflow/.local/lib/python3.7/site-packages/airflow/example_dags/example_trigger_target_dag.py
[2022-11-08T14:45:26.926+0000] {processor.py:766} INFO - DAG(s) dict_keys(['example_trigger_target_dag']) retrieved from /home/airflow/.local/lib/python3.7/site-packages/airflow/example_dags/example_trigger_target_dag.py
[2022-11-08T14:45:26.959+0000] {logging_mixin.py:120} INFO - [2022-11-08T14:45:26.959+0000] {dag.py:2585} INFO - Sync 1 DAGs
[2022-11-08T14:45:26.977+0000] {logging_mixin.py:120} INFO - [2022-11-08T14:45:26.977+0000] {dag.py:3340} INFO - Setting next_dagrun for example_trigger_target_dag to None, run_after=None
[2022-11-08T14:45:26.993+0000] {processor.py:176} INFO - Processing /home/airflow/.local/lib/python3.7/site-packages/airflow/example_dags/example_trigger_target_dag.py took 0.088 seconds
[2022-11-08T14:45:57.235+0000] {processor.py:154} INFO - Started process (PID=5577) to work on /home/airflow/.local/lib/python3.7/site-packages/airflow/example_dags/example_trigger_target_dag.py
[2022-11-08T14:45:57.236+0000] {processor.py:756} INFO - Processing file /home/airflow/.local/lib/python3.7/site-packages/airflow/example_dags/example_trigger_target_dag.py for tasks to queue
[2022-11-08T14:45:57.236+0000] {logging_mixin.py:120} INFO - [2022-11-08T14:45:57.236+0000] {dagbag.py:537} INFO - Filling up the DagBag from /home/airflow/.local/lib/python3.7/site-packages/airflow/example_dags/example_trigger_target_dag.py
[2022-11-08T14:45:57.254+0000] {processor.py:766} INFO - DAG(s) dict_keys(['example_trigger_target_dag']) retrieved from /home/airflow/.local/lib/python3.7/site-packages/airflow/example_dags/example_trigger_target_dag.py
[2022-11-08T14:45:57.293+0000] {logging_mixin.py:120} INFO - [2022-11-08T14:45:57.293+0000] {dag.py:2585} INFO - Sync 1 DAGs
[2022-11-08T14:45:57.317+0000] {logging_mixin.py:120} INFO - [2022-11-08T14:45:57.317+0000] {dag.py:3340} INFO - Setting next_dagrun for example_trigger_target_dag to None, run_after=None
[2022-11-08T14:45:57.333+0000] {processor.py:176} INFO - Processing /home/airflow/.local/lib/python3.7/site-packages/airflow/example_dags/example_trigger_target_dag.py took 0.101 seconds
[2022-11-08T14:46:28.095+0000] {processor.py:154} INFO - Started process (PID=5785) to work on /home/airflow/.local/lib/python3.7/site-packages/airflow/example_dags/example_trigger_target_dag.py
[2022-11-08T14:46:28.096+0000] {processor.py:756} INFO - Processing file /home/airflow/.local/lib/python3.7/site-packages/airflow/example_dags/example_trigger_target_dag.py for tasks to queue
[2022-11-08T14:46:28.097+0000] {logging_mixin.py:120} INFO - [2022-11-08T14:46:28.097+0000] {dagbag.py:537} INFO - Filling up the DagBag from /home/airflow/.local/lib/python3.7/site-packages/airflow/example_dags/example_trigger_target_dag.py
[2022-11-08T14:46:28.122+0000] {processor.py:766} INFO - DAG(s) dict_keys(['example_trigger_target_dag']) retrieved from /home/airflow/.local/lib/python3.7/site-packages/airflow/example_dags/example_trigger_target_dag.py
[2022-11-08T14:46:28.163+0000] {logging_mixin.py:120} INFO - [2022-11-08T14:46:28.162+0000] {dag.py:2585} INFO - Sync 1 DAGs
[2022-11-08T14:46:28.188+0000] {logging_mixin.py:120} INFO - [2022-11-08T14:46:28.188+0000] {dag.py:3340} INFO - Setting next_dagrun for example_trigger_target_dag to None, run_after=None
[2022-11-08T14:46:28.211+0000] {processor.py:176} INFO - Processing /home/airflow/.local/lib/python3.7/site-packages/airflow/example_dags/example_trigger_target_dag.py took 0.120 seconds
[2022-11-08T14:46:58.370+0000] {processor.py:154} INFO - Started process (PID=5982) to work on /home/airflow/.local/lib/python3.7/site-packages/airflow/example_dags/example_trigger_target_dag.py
[2022-11-08T14:46:58.371+0000] {processor.py:756} INFO - Processing file /home/airflow/.local/lib/python3.7/site-packages/airflow/example_dags/example_trigger_target_dag.py for tasks to queue
[2022-11-08T14:46:58.371+0000] {logging_mixin.py:120} INFO - [2022-11-08T14:46:58.371+0000] {dagbag.py:537} INFO - Filling up the DagBag from /home/airflow/.local/lib/python3.7/site-packages/airflow/example_dags/example_trigger_target_dag.py
[2022-11-08T14:46:58.388+0000] {processor.py:766} INFO - DAG(s) dict_keys(['example_trigger_target_dag']) retrieved from /home/airflow/.local/lib/python3.7/site-packages/airflow/example_dags/example_trigger_target_dag.py
[2022-11-08T14:46:58.408+0000] {logging_mixin.py:120} INFO - [2022-11-08T14:46:58.408+0000] {dag.py:2585} INFO - Sync 1 DAGs
[2022-11-08T14:46:58.429+0000] {logging_mixin.py:120} INFO - [2022-11-08T14:46:58.429+0000] {dag.py:3340} INFO - Setting next_dagrun for example_trigger_target_dag to None, run_after=None
[2022-11-08T14:46:58.446+0000] {processor.py:176} INFO - Processing /home/airflow/.local/lib/python3.7/site-packages/airflow/example_dags/example_trigger_target_dag.py took 0.080 seconds
[2022-11-08T14:47:29.008+0000] {processor.py:154} INFO - Started process (PID=6189) to work on /home/airflow/.local/lib/python3.7/site-packages/airflow/example_dags/example_trigger_target_dag.py
[2022-11-08T14:47:29.009+0000] {processor.py:756} INFO - Processing file /home/airflow/.local/lib/python3.7/site-packages/airflow/example_dags/example_trigger_target_dag.py for tasks to queue
[2022-11-08T14:47:29.010+0000] {logging_mixin.py:120} INFO - [2022-11-08T14:47:29.010+0000] {dagbag.py:537} INFO - Filling up the DagBag from /home/airflow/.local/lib/python3.7/site-packages/airflow/example_dags/example_trigger_target_dag.py
[2022-11-08T14:47:29.030+0000] {processor.py:766} INFO - DAG(s) dict_keys(['example_trigger_target_dag']) retrieved from /home/airflow/.local/lib/python3.7/site-packages/airflow/example_dags/example_trigger_target_dag.py
[2022-11-08T14:47:29.070+0000] {logging_mixin.py:120} INFO - [2022-11-08T14:47:29.070+0000] {dag.py:2585} INFO - Sync 1 DAGs
[2022-11-08T14:47:29.095+0000] {logging_mixin.py:120} INFO - [2022-11-08T14:47:29.094+0000] {dag.py:3340} INFO - Setting next_dagrun for example_trigger_target_dag to None, run_after=None
[2022-11-08T14:47:29.115+0000] {processor.py:176} INFO - Processing /home/airflow/.local/lib/python3.7/site-packages/airflow/example_dags/example_trigger_target_dag.py took 0.111 seconds
[2022-11-08T14:47:59.924+0000] {processor.py:154} INFO - Started process (PID=6396) to work on /home/airflow/.local/lib/python3.7/site-packages/airflow/example_dags/example_trigger_target_dag.py
[2022-11-08T14:47:59.925+0000] {processor.py:756} INFO - Processing file /home/airflow/.local/lib/python3.7/site-packages/airflow/example_dags/example_trigger_target_dag.py for tasks to queue
[2022-11-08T14:47:59.926+0000] {logging_mixin.py:120} INFO - [2022-11-08T14:47:59.925+0000] {dagbag.py:537} INFO - Filling up the DagBag from /home/airflow/.local/lib/python3.7/site-packages/airflow/example_dags/example_trigger_target_dag.py
[2022-11-08T14:47:59.951+0000] {processor.py:766} INFO - DAG(s) dict_keys(['example_trigger_target_dag']) retrieved from /home/airflow/.local/lib/python3.7/site-packages/airflow/example_dags/example_trigger_target_dag.py
[2022-11-08T14:47:59.986+0000] {logging_mixin.py:120} INFO - [2022-11-08T14:47:59.986+0000] {dag.py:2585} INFO - Sync 1 DAGs
[2022-11-08T14:48:00.007+0000] {logging_mixin.py:120} INFO - [2022-11-08T14:48:00.007+0000] {dag.py:3340} INFO - Setting next_dagrun for example_trigger_target_dag to None, run_after=None
[2022-11-08T14:48:00.024+0000] {processor.py:176} INFO - Processing /home/airflow/.local/lib/python3.7/site-packages/airflow/example_dags/example_trigger_target_dag.py took 0.105 seconds
[2022-11-08T14:48:30.810+0000] {processor.py:154} INFO - Started process (PID=6605) to work on /home/airflow/.local/lib/python3.7/site-packages/airflow/example_dags/example_trigger_target_dag.py
[2022-11-08T14:48:30.811+0000] {processor.py:756} INFO - Processing file /home/airflow/.local/lib/python3.7/site-packages/airflow/example_dags/example_trigger_target_dag.py for tasks to queue
[2022-11-08T14:48:30.812+0000] {logging_mixin.py:120} INFO - [2022-11-08T14:48:30.811+0000] {dagbag.py:537} INFO - Filling up the DagBag from /home/airflow/.local/lib/python3.7/site-packages/airflow/example_dags/example_trigger_target_dag.py
[2022-11-08T14:48:30.840+0000] {processor.py:766} INFO - DAG(s) dict_keys(['example_trigger_target_dag']) retrieved from /home/airflow/.local/lib/python3.7/site-packages/airflow/example_dags/example_trigger_target_dag.py
[2022-11-08T14:48:30.890+0000] {logging_mixin.py:120} INFO - [2022-11-08T14:48:30.890+0000] {dag.py:2585} INFO - Sync 1 DAGs
[2022-11-08T14:48:30.926+0000] {logging_mixin.py:120} INFO - [2022-11-08T14:48:30.926+0000] {dag.py:3340} INFO - Setting next_dagrun for example_trigger_target_dag to None, run_after=None
[2022-11-08T14:48:30.947+0000] {processor.py:176} INFO - Processing /home/airflow/.local/lib/python3.7/site-packages/airflow/example_dags/example_trigger_target_dag.py took 0.141 seconds
[2022-11-08T14:49:01.024+0000] {processor.py:154} INFO - Started process (PID=6802) to work on /home/airflow/.local/lib/python3.7/site-packages/airflow/example_dags/example_trigger_target_dag.py
[2022-11-08T14:49:01.024+0000] {processor.py:756} INFO - Processing file /home/airflow/.local/lib/python3.7/site-packages/airflow/example_dags/example_trigger_target_dag.py for tasks to queue
[2022-11-08T14:49:01.025+0000] {logging_mixin.py:120} INFO - [2022-11-08T14:49:01.025+0000] {dagbag.py:537} INFO - Filling up the DagBag from /home/airflow/.local/lib/python3.7/site-packages/airflow/example_dags/example_trigger_target_dag.py
[2022-11-08T14:49:01.044+0000] {processor.py:766} INFO - DAG(s) dict_keys(['example_trigger_target_dag']) retrieved from /home/airflow/.local/lib/python3.7/site-packages/airflow/example_dags/example_trigger_target_dag.py
[2022-11-08T14:49:01.080+0000] {logging_mixin.py:120} INFO - [2022-11-08T14:49:01.080+0000] {dag.py:2585} INFO - Sync 1 DAGs
[2022-11-08T14:49:01.103+0000] {logging_mixin.py:120} INFO - [2022-11-08T14:49:01.103+0000] {dag.py:3340} INFO - Setting next_dagrun for example_trigger_target_dag to None, run_after=None
[2022-11-08T14:49:01.120+0000] {processor.py:176} INFO - Processing /home/airflow/.local/lib/python3.7/site-packages/airflow/example_dags/example_trigger_target_dag.py took 0.099 seconds
[2022-11-08T14:49:31.404+0000] {processor.py:154} INFO - Started process (PID=7009) to work on /home/airflow/.local/lib/python3.7/site-packages/airflow/example_dags/example_trigger_target_dag.py
[2022-11-08T14:49:31.404+0000] {processor.py:756} INFO - Processing file /home/airflow/.local/lib/python3.7/site-packages/airflow/example_dags/example_trigger_target_dag.py for tasks to queue
[2022-11-08T14:49:31.405+0000] {logging_mixin.py:120} INFO - [2022-11-08T14:49:31.405+0000] {dagbag.py:537} INFO - Filling up the DagBag from /home/airflow/.local/lib/python3.7/site-packages/airflow/example_dags/example_trigger_target_dag.py
[2022-11-08T14:49:31.422+0000] {processor.py:766} INFO - DAG(s) dict_keys(['example_trigger_target_dag']) retrieved from /home/airflow/.local/lib/python3.7/site-packages/airflow/example_dags/example_trigger_target_dag.py
[2022-11-08T14:49:31.455+0000] {logging_mixin.py:120} INFO - [2022-11-08T14:49:31.455+0000] {dag.py:2585} INFO - Sync 1 DAGs
[2022-11-08T14:49:31.473+0000] {logging_mixin.py:120} INFO - [2022-11-08T14:49:31.473+0000] {dag.py:3340} INFO - Setting next_dagrun for example_trigger_target_dag to None, run_after=None
[2022-11-08T14:49:31.488+0000] {processor.py:176} INFO - Processing /home/airflow/.local/lib/python3.7/site-packages/airflow/example_dags/example_trigger_target_dag.py took 0.088 seconds
[2022-11-08T14:50:01.831+0000] {processor.py:154} INFO - Started process (PID=7216) to work on /home/airflow/.local/lib/python3.7/site-packages/airflow/example_dags/example_trigger_target_dag.py
[2022-11-08T14:50:01.832+0000] {processor.py:756} INFO - Processing file /home/airflow/.local/lib/python3.7/site-packages/airflow/example_dags/example_trigger_target_dag.py for tasks to queue
[2022-11-08T14:50:01.832+0000] {logging_mixin.py:120} INFO - [2022-11-08T14:50:01.832+0000] {dagbag.py:537} INFO - Filling up the DagBag from /home/airflow/.local/lib/python3.7/site-packages/airflow/example_dags/example_trigger_target_dag.py
[2022-11-08T14:50:01.850+0000] {processor.py:766} INFO - DAG(s) dict_keys(['example_trigger_target_dag']) retrieved from /home/airflow/.local/lib/python3.7/site-packages/airflow/example_dags/example_trigger_target_dag.py
[2022-11-08T14:50:01.885+0000] {logging_mixin.py:120} INFO - [2022-11-08T14:50:01.885+0000] {dag.py:2585} INFO - Sync 1 DAGs
[2022-11-08T14:50:01.907+0000] {logging_mixin.py:120} INFO - [2022-11-08T14:50:01.906+0000] {dag.py:3340} INFO - Setting next_dagrun for example_trigger_target_dag to None, run_after=None
[2022-11-08T14:50:01.924+0000] {processor.py:176} INFO - Processing /home/airflow/.local/lib/python3.7/site-packages/airflow/example_dags/example_trigger_target_dag.py took 0.096 seconds
[2022-11-08T14:50:32.459+0000] {processor.py:154} INFO - Started process (PID=7422) to work on /home/airflow/.local/lib/python3.7/site-packages/airflow/example_dags/example_trigger_target_dag.py
[2022-11-08T14:50:32.460+0000] {processor.py:756} INFO - Processing file /home/airflow/.local/lib/python3.7/site-packages/airflow/example_dags/example_trigger_target_dag.py for tasks to queue
[2022-11-08T14:50:32.460+0000] {logging_mixin.py:120} INFO - [2022-11-08T14:50:32.460+0000] {dagbag.py:537} INFO - Filling up the DagBag from /home/airflow/.local/lib/python3.7/site-packages/airflow/example_dags/example_trigger_target_dag.py
[2022-11-08T14:50:32.476+0000] {processor.py:766} INFO - DAG(s) dict_keys(['example_trigger_target_dag']) retrieved from /home/airflow/.local/lib/python3.7/site-packages/airflow/example_dags/example_trigger_target_dag.py
[2022-11-08T14:50:32.507+0000] {logging_mixin.py:120} INFO - [2022-11-08T14:50:32.507+0000] {dag.py:2585} INFO - Sync 1 DAGs
[2022-11-08T14:50:32.524+0000] {logging_mixin.py:120} INFO - [2022-11-08T14:50:32.524+0000] {dag.py:3340} INFO - Setting next_dagrun for example_trigger_target_dag to None, run_after=None
[2022-11-08T14:50:32.541+0000] {processor.py:176} INFO - Processing /home/airflow/.local/lib/python3.7/site-packages/airflow/example_dags/example_trigger_target_dag.py took 0.085 seconds
[2022-11-08T14:51:03.234+0000] {processor.py:154} INFO - Started process (PID=7622) to work on /home/airflow/.local/lib/python3.7/site-packages/airflow/example_dags/example_trigger_target_dag.py
[2022-11-08T14:51:03.235+0000] {processor.py:756} INFO - Processing file /home/airflow/.local/lib/python3.7/site-packages/airflow/example_dags/example_trigger_target_dag.py for tasks to queue
[2022-11-08T14:51:03.235+0000] {logging_mixin.py:120} INFO - [2022-11-08T14:51:03.235+0000] {dagbag.py:537} INFO - Filling up the DagBag from /home/airflow/.local/lib/python3.7/site-packages/airflow/example_dags/example_trigger_target_dag.py
[2022-11-08T14:51:03.253+0000] {processor.py:766} INFO - DAG(s) dict_keys(['example_trigger_target_dag']) retrieved from /home/airflow/.local/lib/python3.7/site-packages/airflow/example_dags/example_trigger_target_dag.py
[2022-11-08T14:51:03.293+0000] {logging_mixin.py:120} INFO - [2022-11-08T14:51:03.293+0000] {dag.py:2585} INFO - Sync 1 DAGs
[2022-11-08T14:51:03.314+0000] {logging_mixin.py:120} INFO - [2022-11-08T14:51:03.314+0000] {dag.py:3340} INFO - Setting next_dagrun for example_trigger_target_dag to None, run_after=None
[2022-11-08T14:51:03.331+0000] {processor.py:176} INFO - Processing /home/airflow/.local/lib/python3.7/site-packages/airflow/example_dags/example_trigger_target_dag.py took 0.100 seconds
[2022-11-08T14:51:34.075+0000] {processor.py:154} INFO - Started process (PID=7830) to work on /home/airflow/.local/lib/python3.7/site-packages/airflow/example_dags/example_trigger_target_dag.py
[2022-11-08T14:51:34.076+0000] {processor.py:756} INFO - Processing file /home/airflow/.local/lib/python3.7/site-packages/airflow/example_dags/example_trigger_target_dag.py for tasks to queue
[2022-11-08T14:51:34.076+0000] {logging_mixin.py:120} INFO - [2022-11-08T14:51:34.076+0000] {dagbag.py:537} INFO - Filling up the DagBag from /home/airflow/.local/lib/python3.7/site-packages/airflow/example_dags/example_trigger_target_dag.py
[2022-11-08T14:51:34.098+0000] {processor.py:766} INFO - DAG(s) dict_keys(['example_trigger_target_dag']) retrieved from /home/airflow/.local/lib/python3.7/site-packages/airflow/example_dags/example_trigger_target_dag.py
[2022-11-08T14:51:34.141+0000] {logging_mixin.py:120} INFO - [2022-11-08T14:51:34.141+0000] {dag.py:2585} INFO - Sync 1 DAGs
[2022-11-08T14:51:34.170+0000] {logging_mixin.py:120} INFO - [2022-11-08T14:51:34.170+0000] {dag.py:3340} INFO - Setting next_dagrun for example_trigger_target_dag to None, run_after=None
[2022-11-08T14:51:34.190+0000] {processor.py:176} INFO - Processing /home/airflow/.local/lib/python3.7/site-packages/airflow/example_dags/example_trigger_target_dag.py took 0.119 seconds
[2022-11-08T14:52:05.267+0000] {processor.py:154} INFO - Started process (PID=8037) to work on /home/airflow/.local/lib/python3.7/site-packages/airflow/example_dags/example_trigger_target_dag.py
[2022-11-08T14:52:05.268+0000] {processor.py:756} INFO - Processing file /home/airflow/.local/lib/python3.7/site-packages/airflow/example_dags/example_trigger_target_dag.py for tasks to queue
[2022-11-08T14:52:05.269+0000] {logging_mixin.py:120} INFO - [2022-11-08T14:52:05.269+0000] {dagbag.py:537} INFO - Filling up the DagBag from /home/airflow/.local/lib/python3.7/site-packages/airflow/example_dags/example_trigger_target_dag.py
[2022-11-08T14:52:05.290+0000] {processor.py:766} INFO - DAG(s) dict_keys(['example_trigger_target_dag']) retrieved from /home/airflow/.local/lib/python3.7/site-packages/airflow/example_dags/example_trigger_target_dag.py
[2022-11-08T14:52:05.339+0000] {logging_mixin.py:120} INFO - [2022-11-08T14:52:05.339+0000] {dag.py:2585} INFO - Sync 1 DAGs
[2022-11-08T14:52:05.365+0000] {logging_mixin.py:120} INFO - [2022-11-08T14:52:05.364+0000] {dag.py:3340} INFO - Setting next_dagrun for example_trigger_target_dag to None, run_after=None
[2022-11-08T14:52:05.386+0000] {processor.py:176} INFO - Processing /home/airflow/.local/lib/python3.7/site-packages/airflow/example_dags/example_trigger_target_dag.py took 0.123 seconds
[2022-11-08T14:52:35.723+0000] {processor.py:154} INFO - Started process (PID=8244) to work on /home/airflow/.local/lib/python3.7/site-packages/airflow/example_dags/example_trigger_target_dag.py
[2022-11-08T14:52:35.723+0000] {processor.py:756} INFO - Processing file /home/airflow/.local/lib/python3.7/site-packages/airflow/example_dags/example_trigger_target_dag.py for tasks to queue
[2022-11-08T14:52:35.724+0000] {logging_mixin.py:120} INFO - [2022-11-08T14:52:35.724+0000] {dagbag.py:537} INFO - Filling up the DagBag from /home/airflow/.local/lib/python3.7/site-packages/airflow/example_dags/example_trigger_target_dag.py
[2022-11-08T14:52:35.750+0000] {processor.py:766} INFO - DAG(s) dict_keys(['example_trigger_target_dag']) retrieved from /home/airflow/.local/lib/python3.7/site-packages/airflow/example_dags/example_trigger_target_dag.py
[2022-11-08T14:52:35.804+0000] {logging_mixin.py:120} INFO - [2022-11-08T14:52:35.803+0000] {dag.py:2585} INFO - Sync 1 DAGs
[2022-11-08T14:52:35.832+0000] {logging_mixin.py:120} INFO - [2022-11-08T14:52:35.832+0000] {dag.py:3340} INFO - Setting next_dagrun for example_trigger_target_dag to None, run_after=None
[2022-11-08T14:52:35.851+0000] {processor.py:176} INFO - Processing /home/airflow/.local/lib/python3.7/site-packages/airflow/example_dags/example_trigger_target_dag.py took 0.132 seconds
[2022-11-08T14:53:06.052+0000] {processor.py:154} INFO - Started process (PID=8443) to work on /home/airflow/.local/lib/python3.7/site-packages/airflow/example_dags/example_trigger_target_dag.py
[2022-11-08T14:53:06.053+0000] {processor.py:756} INFO - Processing file /home/airflow/.local/lib/python3.7/site-packages/airflow/example_dags/example_trigger_target_dag.py for tasks to queue
[2022-11-08T14:53:06.054+0000] {logging_mixin.py:120} INFO - [2022-11-08T14:53:06.054+0000] {dagbag.py:537} INFO - Filling up the DagBag from /home/airflow/.local/lib/python3.7/site-packages/airflow/example_dags/example_trigger_target_dag.py
[2022-11-08T14:53:06.079+0000] {processor.py:766} INFO - DAG(s) dict_keys(['example_trigger_target_dag']) retrieved from /home/airflow/.local/lib/python3.7/site-packages/airflow/example_dags/example_trigger_target_dag.py
[2022-11-08T14:53:06.128+0000] {logging_mixin.py:120} INFO - [2022-11-08T14:53:06.128+0000] {dag.py:2585} INFO - Sync 1 DAGs
[2022-11-08T14:53:06.154+0000] {logging_mixin.py:120} INFO - [2022-11-08T14:53:06.154+0000] {dag.py:3340} INFO - Setting next_dagrun for example_trigger_target_dag to None, run_after=None
[2022-11-08T14:53:06.176+0000] {processor.py:176} INFO - Processing /home/airflow/.local/lib/python3.7/site-packages/airflow/example_dags/example_trigger_target_dag.py took 0.130 seconds
[2022-11-08T14:53:36.333+0000] {processor.py:154} INFO - Started process (PID=8651) to work on /home/airflow/.local/lib/python3.7/site-packages/airflow/example_dags/example_trigger_target_dag.py
[2022-11-08T14:53:36.335+0000] {processor.py:756} INFO - Processing file /home/airflow/.local/lib/python3.7/site-packages/airflow/example_dags/example_trigger_target_dag.py for tasks to queue
[2022-11-08T14:53:36.336+0000] {logging_mixin.py:120} INFO - [2022-11-08T14:53:36.336+0000] {dagbag.py:537} INFO - Filling up the DagBag from /home/airflow/.local/lib/python3.7/site-packages/airflow/example_dags/example_trigger_target_dag.py
[2022-11-08T14:53:36.357+0000] {processor.py:766} INFO - DAG(s) dict_keys(['example_trigger_target_dag']) retrieved from /home/airflow/.local/lib/python3.7/site-packages/airflow/example_dags/example_trigger_target_dag.py
[2022-11-08T14:53:36.398+0000] {logging_mixin.py:120} INFO - [2022-11-08T14:53:36.398+0000] {dag.py:2585} INFO - Sync 1 DAGs
[2022-11-08T14:53:36.423+0000] {logging_mixin.py:120} INFO - [2022-11-08T14:53:36.423+0000] {dag.py:3340} INFO - Setting next_dagrun for example_trigger_target_dag to None, run_after=None
[2022-11-08T14:53:36.442+0000] {processor.py:176} INFO - Processing /home/airflow/.local/lib/python3.7/site-packages/airflow/example_dags/example_trigger_target_dag.py took 0.114 seconds
[2022-11-08T14:54:06.601+0000] {processor.py:154} INFO - Started process (PID=8858) to work on /home/airflow/.local/lib/python3.7/site-packages/airflow/example_dags/example_trigger_target_dag.py
[2022-11-08T14:54:06.602+0000] {processor.py:756} INFO - Processing file /home/airflow/.local/lib/python3.7/site-packages/airflow/example_dags/example_trigger_target_dag.py for tasks to queue
[2022-11-08T14:54:06.603+0000] {logging_mixin.py:120} INFO - [2022-11-08T14:54:06.602+0000] {dagbag.py:537} INFO - Filling up the DagBag from /home/airflow/.local/lib/python3.7/site-packages/airflow/example_dags/example_trigger_target_dag.py
[2022-11-08T14:54:06.625+0000] {processor.py:766} INFO - DAG(s) dict_keys(['example_trigger_target_dag']) retrieved from /home/airflow/.local/lib/python3.7/site-packages/airflow/example_dags/example_trigger_target_dag.py
[2022-11-08T14:54:06.669+0000] {logging_mixin.py:120} INFO - [2022-11-08T14:54:06.669+0000] {dag.py:2585} INFO - Sync 1 DAGs
[2022-11-08T14:54:06.692+0000] {logging_mixin.py:120} INFO - [2022-11-08T14:54:06.692+0000] {dag.py:3340} INFO - Setting next_dagrun for example_trigger_target_dag to None, run_after=None
[2022-11-08T14:54:06.713+0000] {processor.py:176} INFO - Processing /home/airflow/.local/lib/python3.7/site-packages/airflow/example_dags/example_trigger_target_dag.py took 0.117 seconds
[2022-11-08T14:54:37.039+0000] {processor.py:154} INFO - Started process (PID=9056) to work on /home/airflow/.local/lib/python3.7/site-packages/airflow/example_dags/example_trigger_target_dag.py
[2022-11-08T14:54:37.041+0000] {processor.py:756} INFO - Processing file /home/airflow/.local/lib/python3.7/site-packages/airflow/example_dags/example_trigger_target_dag.py for tasks to queue
[2022-11-08T14:54:37.041+0000] {logging_mixin.py:120} INFO - [2022-11-08T14:54:37.041+0000] {dagbag.py:537} INFO - Filling up the DagBag from /home/airflow/.local/lib/python3.7/site-packages/airflow/example_dags/example_trigger_target_dag.py
[2022-11-08T14:54:37.065+0000] {processor.py:766} INFO - DAG(s) dict_keys(['example_trigger_target_dag']) retrieved from /home/airflow/.local/lib/python3.7/site-packages/airflow/example_dags/example_trigger_target_dag.py
[2022-11-08T14:54:37.109+0000] {logging_mixin.py:120} INFO - [2022-11-08T14:54:37.109+0000] {dag.py:2585} INFO - Sync 1 DAGs
[2022-11-08T14:54:37.135+0000] {logging_mixin.py:120} INFO - [2022-11-08T14:54:37.135+0000] {dag.py:3340} INFO - Setting next_dagrun for example_trigger_target_dag to None, run_after=None
[2022-11-08T14:54:37.157+0000] {processor.py:176} INFO - Processing /home/airflow/.local/lib/python3.7/site-packages/airflow/example_dags/example_trigger_target_dag.py took 0.123 seconds
[2022-11-08T14:55:07.645+0000] {processor.py:154} INFO - Started process (PID=9263) to work on /home/airflow/.local/lib/python3.7/site-packages/airflow/example_dags/example_trigger_target_dag.py
[2022-11-08T14:55:07.646+0000] {processor.py:756} INFO - Processing file /home/airflow/.local/lib/python3.7/site-packages/airflow/example_dags/example_trigger_target_dag.py for tasks to queue
[2022-11-08T14:55:07.647+0000] {logging_mixin.py:120} INFO - [2022-11-08T14:55:07.647+0000] {dagbag.py:537} INFO - Filling up the DagBag from /home/airflow/.local/lib/python3.7/site-packages/airflow/example_dags/example_trigger_target_dag.py
[2022-11-08T14:55:07.669+0000] {processor.py:766} INFO - DAG(s) dict_keys(['example_trigger_target_dag']) retrieved from /home/airflow/.local/lib/python3.7/site-packages/airflow/example_dags/example_trigger_target_dag.py
[2022-11-08T14:55:07.715+0000] {logging_mixin.py:120} INFO - [2022-11-08T14:55:07.715+0000] {dag.py:2585} INFO - Sync 1 DAGs
[2022-11-08T14:55:07.745+0000] {logging_mixin.py:120} INFO - [2022-11-08T14:55:07.745+0000] {dag.py:3340} INFO - Setting next_dagrun for example_trigger_target_dag to None, run_after=None
[2022-11-08T14:55:07.767+0000] {processor.py:176} INFO - Processing /home/airflow/.local/lib/python3.7/site-packages/airflow/example_dags/example_trigger_target_dag.py took 0.126 seconds
[2022-11-08T14:55:37.889+0000] {processor.py:154} INFO - Started process (PID=9470) to work on /home/airflow/.local/lib/python3.7/site-packages/airflow/example_dags/example_trigger_target_dag.py
[2022-11-08T14:55:37.890+0000] {processor.py:756} INFO - Processing file /home/airflow/.local/lib/python3.7/site-packages/airflow/example_dags/example_trigger_target_dag.py for tasks to queue
[2022-11-08T14:55:37.891+0000] {logging_mixin.py:120} INFO - [2022-11-08T14:55:37.891+0000] {dagbag.py:537} INFO - Filling up the DagBag from /home/airflow/.local/lib/python3.7/site-packages/airflow/example_dags/example_trigger_target_dag.py
[2022-11-08T14:55:37.912+0000] {processor.py:766} INFO - DAG(s) dict_keys(['example_trigger_target_dag']) retrieved from /home/airflow/.local/lib/python3.7/site-packages/airflow/example_dags/example_trigger_target_dag.py
[2022-11-08T14:55:37.959+0000] {logging_mixin.py:120} INFO - [2022-11-08T14:55:37.958+0000] {dag.py:2585} INFO - Sync 1 DAGs
[2022-11-08T14:55:37.985+0000] {logging_mixin.py:120} INFO - [2022-11-08T14:55:37.984+0000] {dag.py:3340} INFO - Setting next_dagrun for example_trigger_target_dag to None, run_after=None
[2022-11-08T14:55:38.009+0000] {processor.py:176} INFO - Processing /home/airflow/.local/lib/python3.7/site-packages/airflow/example_dags/example_trigger_target_dag.py took 0.125 seconds
[2022-11-08T14:56:08.477+0000] {processor.py:154} INFO - Started process (PID=9677) to work on /home/airflow/.local/lib/python3.7/site-packages/airflow/example_dags/example_trigger_target_dag.py
[2022-11-08T14:56:08.478+0000] {processor.py:756} INFO - Processing file /home/airflow/.local/lib/python3.7/site-packages/airflow/example_dags/example_trigger_target_dag.py for tasks to queue
[2022-11-08T14:56:08.479+0000] {logging_mixin.py:120} INFO - [2022-11-08T14:56:08.479+0000] {dagbag.py:537} INFO - Filling up the DagBag from /home/airflow/.local/lib/python3.7/site-packages/airflow/example_dags/example_trigger_target_dag.py
[2022-11-08T14:56:08.502+0000] {processor.py:766} INFO - DAG(s) dict_keys(['example_trigger_target_dag']) retrieved from /home/airflow/.local/lib/python3.7/site-packages/airflow/example_dags/example_trigger_target_dag.py
[2022-11-08T14:56:08.546+0000] {logging_mixin.py:120} INFO - [2022-11-08T14:56:08.546+0000] {dag.py:2585} INFO - Sync 1 DAGs
[2022-11-08T14:56:08.568+0000] {logging_mixin.py:120} INFO - [2022-11-08T14:56:08.568+0000] {dag.py:3340} INFO - Setting next_dagrun for example_trigger_target_dag to None, run_after=None
[2022-11-08T14:56:08.588+0000] {processor.py:176} INFO - Processing /home/airflow/.local/lib/python3.7/site-packages/airflow/example_dags/example_trigger_target_dag.py took 0.117 seconds
[2022-11-08T14:56:39.556+0000] {processor.py:154} INFO - Started process (PID=9877) to work on /home/airflow/.local/lib/python3.7/site-packages/airflow/example_dags/example_trigger_target_dag.py
[2022-11-08T14:56:39.557+0000] {processor.py:756} INFO - Processing file /home/airflow/.local/lib/python3.7/site-packages/airflow/example_dags/example_trigger_target_dag.py for tasks to queue
[2022-11-08T14:56:39.557+0000] {logging_mixin.py:120} INFO - [2022-11-08T14:56:39.557+0000] {dagbag.py:537} INFO - Filling up the DagBag from /home/airflow/.local/lib/python3.7/site-packages/airflow/example_dags/example_trigger_target_dag.py
[2022-11-08T14:56:39.587+0000] {processor.py:766} INFO - DAG(s) dict_keys(['example_trigger_target_dag']) retrieved from /home/airflow/.local/lib/python3.7/site-packages/airflow/example_dags/example_trigger_target_dag.py
[2022-11-08T14:56:39.648+0000] {logging_mixin.py:120} INFO - [2022-11-08T14:56:39.648+0000] {dag.py:2585} INFO - Sync 1 DAGs
[2022-11-08T14:56:39.702+0000] {logging_mixin.py:120} INFO - [2022-11-08T14:56:39.701+0000] {dag.py:3340} INFO - Setting next_dagrun for example_trigger_target_dag to None, run_after=None
[2022-11-08T14:56:39.744+0000] {processor.py:176} INFO - Processing /home/airflow/.local/lib/python3.7/site-packages/airflow/example_dags/example_trigger_target_dag.py took 0.194 seconds
[2022-11-08T14:57:10.053+0000] {processor.py:154} INFO - Started process (PID=10083) to work on /home/airflow/.local/lib/python3.7/site-packages/airflow/example_dags/example_trigger_target_dag.py
[2022-11-08T14:57:10.055+0000] {processor.py:756} INFO - Processing file /home/airflow/.local/lib/python3.7/site-packages/airflow/example_dags/example_trigger_target_dag.py for tasks to queue
[2022-11-08T14:57:10.056+0000] {logging_mixin.py:120} INFO - [2022-11-08T14:57:10.055+0000] {dagbag.py:537} INFO - Filling up the DagBag from /home/airflow/.local/lib/python3.7/site-packages/airflow/example_dags/example_trigger_target_dag.py
[2022-11-08T14:57:10.082+0000] {processor.py:766} INFO - DAG(s) dict_keys(['example_trigger_target_dag']) retrieved from /home/airflow/.local/lib/python3.7/site-packages/airflow/example_dags/example_trigger_target_dag.py
[2022-11-08T14:57:10.139+0000] {logging_mixin.py:120} INFO - [2022-11-08T14:57:10.139+0000] {dag.py:2585} INFO - Sync 1 DAGs
[2022-11-08T14:57:10.176+0000] {logging_mixin.py:120} INFO - [2022-11-08T14:57:10.175+0000] {dag.py:3340} INFO - Setting next_dagrun for example_trigger_target_dag to None, run_after=None
[2022-11-08T14:57:10.203+0000] {processor.py:176} INFO - Processing /home/airflow/.local/lib/python3.7/site-packages/airflow/example_dags/example_trigger_target_dag.py took 0.155 seconds
[2022-11-08T14:57:40.320+0000] {processor.py:154} INFO - Started process (PID=10290) to work on /home/airflow/.local/lib/python3.7/site-packages/airflow/example_dags/example_trigger_target_dag.py
[2022-11-08T14:57:40.321+0000] {processor.py:756} INFO - Processing file /home/airflow/.local/lib/python3.7/site-packages/airflow/example_dags/example_trigger_target_dag.py for tasks to queue
[2022-11-08T14:57:40.322+0000] {logging_mixin.py:120} INFO - [2022-11-08T14:57:40.322+0000] {dagbag.py:537} INFO - Filling up the DagBag from /home/airflow/.local/lib/python3.7/site-packages/airflow/example_dags/example_trigger_target_dag.py
[2022-11-08T14:57:40.343+0000] {processor.py:766} INFO - DAG(s) dict_keys(['example_trigger_target_dag']) retrieved from /home/airflow/.local/lib/python3.7/site-packages/airflow/example_dags/example_trigger_target_dag.py
[2022-11-08T14:57:40.386+0000] {logging_mixin.py:120} INFO - [2022-11-08T14:57:40.386+0000] {dag.py:2585} INFO - Sync 1 DAGs
[2022-11-08T14:57:40.411+0000] {logging_mixin.py:120} INFO - [2022-11-08T14:57:40.411+0000] {dag.py:3340} INFO - Setting next_dagrun for example_trigger_target_dag to None, run_after=None
[2022-11-08T14:57:40.428+0000] {processor.py:176} INFO - Processing /home/airflow/.local/lib/python3.7/site-packages/airflow/example_dags/example_trigger_target_dag.py took 0.115 seconds
[2022-11-08T14:58:10.565+0000] {processor.py:154} INFO - Started process (PID=10497) to work on /home/airflow/.local/lib/python3.7/site-packages/airflow/example_dags/example_trigger_target_dag.py
[2022-11-08T14:58:10.566+0000] {processor.py:756} INFO - Processing file /home/airflow/.local/lib/python3.7/site-packages/airflow/example_dags/example_trigger_target_dag.py for tasks to queue
[2022-11-08T14:58:10.567+0000] {logging_mixin.py:120} INFO - [2022-11-08T14:58:10.567+0000] {dagbag.py:537} INFO - Filling up the DagBag from /home/airflow/.local/lib/python3.7/site-packages/airflow/example_dags/example_trigger_target_dag.py
[2022-11-08T14:58:10.593+0000] {processor.py:766} INFO - DAG(s) dict_keys(['example_trigger_target_dag']) retrieved from /home/airflow/.local/lib/python3.7/site-packages/airflow/example_dags/example_trigger_target_dag.py
[2022-11-08T14:58:10.643+0000] {logging_mixin.py:120} INFO - [2022-11-08T14:58:10.643+0000] {dag.py:2585} INFO - Sync 1 DAGs
[2022-11-08T14:58:10.671+0000] {logging_mixin.py:120} INFO - [2022-11-08T14:58:10.670+0000] {dag.py:3340} INFO - Setting next_dagrun for example_trigger_target_dag to None, run_after=None
[2022-11-08T14:58:10.693+0000] {processor.py:176} INFO - Processing /home/airflow/.local/lib/python3.7/site-packages/airflow/example_dags/example_trigger_target_dag.py took 0.132 seconds
[2022-11-08T14:58:40.805+0000] {processor.py:154} INFO - Started process (PID=10695) to work on /home/airflow/.local/lib/python3.7/site-packages/airflow/example_dags/example_trigger_target_dag.py
[2022-11-08T14:58:40.807+0000] {processor.py:756} INFO - Processing file /home/airflow/.local/lib/python3.7/site-packages/airflow/example_dags/example_trigger_target_dag.py for tasks to queue
[2022-11-08T14:58:40.807+0000] {logging_mixin.py:120} INFO - [2022-11-08T14:58:40.807+0000] {dagbag.py:537} INFO - Filling up the DagBag from /home/airflow/.local/lib/python3.7/site-packages/airflow/example_dags/example_trigger_target_dag.py
[2022-11-08T14:58:40.837+0000] {processor.py:766} INFO - DAG(s) dict_keys(['example_trigger_target_dag']) retrieved from /home/airflow/.local/lib/python3.7/site-packages/airflow/example_dags/example_trigger_target_dag.py
[2022-11-08T14:58:40.891+0000] {logging_mixin.py:120} INFO - [2022-11-08T14:58:40.891+0000] {dag.py:2585} INFO - Sync 1 DAGs
[2022-11-08T14:58:40.922+0000] {logging_mixin.py:120} INFO - [2022-11-08T14:58:40.922+0000] {dag.py:3340} INFO - Setting next_dagrun for example_trigger_target_dag to None, run_after=None
[2022-11-08T14:58:40.946+0000] {processor.py:176} INFO - Processing /home/airflow/.local/lib/python3.7/site-packages/airflow/example_dags/example_trigger_target_dag.py took 0.146 seconds
[2022-11-08T14:59:11.213+0000] {processor.py:154} INFO - Started process (PID=10902) to work on /home/airflow/.local/lib/python3.7/site-packages/airflow/example_dags/example_trigger_target_dag.py
[2022-11-08T14:59:11.214+0000] {processor.py:756} INFO - Processing file /home/airflow/.local/lib/python3.7/site-packages/airflow/example_dags/example_trigger_target_dag.py for tasks to queue
[2022-11-08T14:59:11.215+0000] {logging_mixin.py:120} INFO - [2022-11-08T14:59:11.215+0000] {dagbag.py:537} INFO - Filling up the DagBag from /home/airflow/.local/lib/python3.7/site-packages/airflow/example_dags/example_trigger_target_dag.py
[2022-11-08T14:59:11.242+0000] {processor.py:766} INFO - DAG(s) dict_keys(['example_trigger_target_dag']) retrieved from /home/airflow/.local/lib/python3.7/site-packages/airflow/example_dags/example_trigger_target_dag.py
[2022-11-08T14:59:11.288+0000] {logging_mixin.py:120} INFO - [2022-11-08T14:59:11.287+0000] {dag.py:2585} INFO - Sync 1 DAGs
[2022-11-08T14:59:11.312+0000] {logging_mixin.py:120} INFO - [2022-11-08T14:59:11.312+0000] {dag.py:3340} INFO - Setting next_dagrun for example_trigger_target_dag to None, run_after=None
[2022-11-08T14:59:11.333+0000] {processor.py:176} INFO - Processing /home/airflow/.local/lib/python3.7/site-packages/airflow/example_dags/example_trigger_target_dag.py took 0.125 seconds
[2022-11-08T14:59:41.467+0000] {processor.py:154} INFO - Started process (PID=11109) to work on /home/airflow/.local/lib/python3.7/site-packages/airflow/example_dags/example_trigger_target_dag.py
[2022-11-08T14:59:41.468+0000] {processor.py:756} INFO - Processing file /home/airflow/.local/lib/python3.7/site-packages/airflow/example_dags/example_trigger_target_dag.py for tasks to queue
[2022-11-08T14:59:41.469+0000] {logging_mixin.py:120} INFO - [2022-11-08T14:59:41.469+0000] {dagbag.py:537} INFO - Filling up the DagBag from /home/airflow/.local/lib/python3.7/site-packages/airflow/example_dags/example_trigger_target_dag.py
[2022-11-08T14:59:41.490+0000] {processor.py:766} INFO - DAG(s) dict_keys(['example_trigger_target_dag']) retrieved from /home/airflow/.local/lib/python3.7/site-packages/airflow/example_dags/example_trigger_target_dag.py
[2022-11-08T14:59:41.534+0000] {logging_mixin.py:120} INFO - [2022-11-08T14:59:41.534+0000] {dag.py:2585} INFO - Sync 1 DAGs
[2022-11-08T14:59:41.559+0000] {logging_mixin.py:120} INFO - [2022-11-08T14:59:41.558+0000] {dag.py:3340} INFO - Setting next_dagrun for example_trigger_target_dag to None, run_after=None
[2022-11-08T14:59:41.578+0000] {processor.py:176} INFO - Processing /home/airflow/.local/lib/python3.7/site-packages/airflow/example_dags/example_trigger_target_dag.py took 0.115 seconds
[2022-11-08T15:00:11.774+0000] {processor.py:154} INFO - Started process (PID=11307) to work on /home/airflow/.local/lib/python3.7/site-packages/airflow/example_dags/example_trigger_target_dag.py
[2022-11-08T15:00:11.775+0000] {processor.py:756} INFO - Processing file /home/airflow/.local/lib/python3.7/site-packages/airflow/example_dags/example_trigger_target_dag.py for tasks to queue
[2022-11-08T15:00:11.776+0000] {logging_mixin.py:120} INFO - [2022-11-08T15:00:11.776+0000] {dagbag.py:537} INFO - Filling up the DagBag from /home/airflow/.local/lib/python3.7/site-packages/airflow/example_dags/example_trigger_target_dag.py
[2022-11-08T15:00:11.800+0000] {processor.py:766} INFO - DAG(s) dict_keys(['example_trigger_target_dag']) retrieved from /home/airflow/.local/lib/python3.7/site-packages/airflow/example_dags/example_trigger_target_dag.py
[2022-11-08T15:00:11.849+0000] {logging_mixin.py:120} INFO - [2022-11-08T15:00:11.849+0000] {dag.py:2585} INFO - Sync 1 DAGs
[2022-11-08T15:00:11.877+0000] {logging_mixin.py:120} INFO - [2022-11-08T15:00:11.877+0000] {dag.py:3340} INFO - Setting next_dagrun for example_trigger_target_dag to None, run_after=None
[2022-11-08T15:00:11.897+0000] {processor.py:176} INFO - Processing /home/airflow/.local/lib/python3.7/site-packages/airflow/example_dags/example_trigger_target_dag.py took 0.126 seconds
[2022-11-08T15:00:41.968+0000] {processor.py:154} INFO - Started process (PID=11514) to work on /home/airflow/.local/lib/python3.7/site-packages/airflow/example_dags/example_trigger_target_dag.py
[2022-11-08T15:00:41.969+0000] {processor.py:756} INFO - Processing file /home/airflow/.local/lib/python3.7/site-packages/airflow/example_dags/example_trigger_target_dag.py for tasks to queue
[2022-11-08T15:00:41.970+0000] {logging_mixin.py:120} INFO - [2022-11-08T15:00:41.970+0000] {dagbag.py:537} INFO - Filling up the DagBag from /home/airflow/.local/lib/python3.7/site-packages/airflow/example_dags/example_trigger_target_dag.py
[2022-11-08T15:00:41.992+0000] {processor.py:766} INFO - DAG(s) dict_keys(['example_trigger_target_dag']) retrieved from /home/airflow/.local/lib/python3.7/site-packages/airflow/example_dags/example_trigger_target_dag.py
[2022-11-08T15:00:42.035+0000] {logging_mixin.py:120} INFO - [2022-11-08T15:00:42.035+0000] {dag.py:2585} INFO - Sync 1 DAGs
[2022-11-08T15:00:42.062+0000] {logging_mixin.py:120} INFO - [2022-11-08T15:00:42.062+0000] {dag.py:3340} INFO - Setting next_dagrun for example_trigger_target_dag to None, run_after=None
[2022-11-08T15:00:42.085+0000] {processor.py:176} INFO - Processing /home/airflow/.local/lib/python3.7/site-packages/airflow/example_dags/example_trigger_target_dag.py took 0.120 seconds
[2022-11-08T15:01:12.210+0000] {processor.py:154} INFO - Started process (PID=11722) to work on /home/airflow/.local/lib/python3.7/site-packages/airflow/example_dags/example_trigger_target_dag.py
[2022-11-08T15:01:12.211+0000] {processor.py:756} INFO - Processing file /home/airflow/.local/lib/python3.7/site-packages/airflow/example_dags/example_trigger_target_dag.py for tasks to queue
[2022-11-08T15:01:12.212+0000] {logging_mixin.py:120} INFO - [2022-11-08T15:01:12.212+0000] {dagbag.py:537} INFO - Filling up the DagBag from /home/airflow/.local/lib/python3.7/site-packages/airflow/example_dags/example_trigger_target_dag.py
[2022-11-08T15:01:12.235+0000] {processor.py:766} INFO - DAG(s) dict_keys(['example_trigger_target_dag']) retrieved from /home/airflow/.local/lib/python3.7/site-packages/airflow/example_dags/example_trigger_target_dag.py
[2022-11-08T15:01:12.277+0000] {logging_mixin.py:120} INFO - [2022-11-08T15:01:12.277+0000] {dag.py:2585} INFO - Sync 1 DAGs
[2022-11-08T15:01:12.301+0000] {logging_mixin.py:120} INFO - [2022-11-08T15:01:12.301+0000] {dag.py:3340} INFO - Setting next_dagrun for example_trigger_target_dag to None, run_after=None
[2022-11-08T15:01:12.324+0000] {processor.py:176} INFO - Processing /home/airflow/.local/lib/python3.7/site-packages/airflow/example_dags/example_trigger_target_dag.py took 0.117 seconds
