[2022-11-08T14:24:59.121+0000] {processor.py:154} INFO - Started process (PID=36) to work on /home/airflow/.local/lib/python3.7/site-packages/airflow/example_dags/example_time_delta_sensor_async.py
[2022-11-08T14:24:59.122+0000] {processor.py:756} INFO - Processing file /home/airflow/.local/lib/python3.7/site-packages/airflow/example_dags/example_time_delta_sensor_async.py for tasks to queue
[2022-11-08T14:24:59.123+0000] {logging_mixin.py:120} INFO - [2022-11-08T14:24:59.123+0000] {dagbag.py:537} INFO - Filling up the DagBag from /home/airflow/.local/lib/python3.7/site-packages/airflow/example_dags/example_time_delta_sensor_async.py
[2022-11-08T14:24:59.154+0000] {processor.py:766} INFO - DAG(s) dict_keys(['example_time_delta_sensor_async']) retrieved from /home/airflow/.local/lib/python3.7/site-packages/airflow/example_dags/example_time_delta_sensor_async.py
[2022-11-08T14:24:59.181+0000] {logging_mixin.py:120} INFO - [2022-11-08T14:24:59.180+0000] {dag.py:2585} INFO - Sync 1 DAGs
[2022-11-08T14:24:59.204+0000] {logging_mixin.py:120} INFO - [2022-11-08T14:24:59.204+0000] {dag.py:3340} INFO - Setting next_dagrun for example_time_delta_sensor_async to None, run_after=None
[2022-11-08T14:24:59.221+0000] {processor.py:176} INFO - Processing /home/airflow/.local/lib/python3.7/site-packages/airflow/example_dags/example_time_delta_sensor_async.py took 0.105 seconds
[2022-11-08T14:25:29.338+0000] {processor.py:154} INFO - Started process (PID=99) to work on /home/airflow/.local/lib/python3.7/site-packages/airflow/example_dags/example_time_delta_sensor_async.py
[2022-11-08T14:25:29.339+0000] {processor.py:756} INFO - Processing file /home/airflow/.local/lib/python3.7/site-packages/airflow/example_dags/example_time_delta_sensor_async.py for tasks to queue
[2022-11-08T14:25:29.339+0000] {logging_mixin.py:120} INFO - [2022-11-08T14:25:29.339+0000] {dagbag.py:537} INFO - Filling up the DagBag from /home/airflow/.local/lib/python3.7/site-packages/airflow/example_dags/example_time_delta_sensor_async.py
[2022-11-08T14:25:29.355+0000] {processor.py:766} INFO - DAG(s) dict_keys(['example_time_delta_sensor_async']) retrieved from /home/airflow/.local/lib/python3.7/site-packages/airflow/example_dags/example_time_delta_sensor_async.py
[2022-11-08T14:25:29.555+0000] {logging_mixin.py:120} INFO - [2022-11-08T14:25:29.554+0000] {dag.py:2585} INFO - Sync 1 DAGs
[2022-11-08T14:25:29.578+0000] {logging_mixin.py:120} INFO - [2022-11-08T14:25:29.578+0000] {dag.py:3340} INFO - Setting next_dagrun for example_time_delta_sensor_async to None, run_after=None
[2022-11-08T14:25:29.599+0000] {processor.py:176} INFO - Processing /home/airflow/.local/lib/python3.7/site-packages/airflow/example_dags/example_time_delta_sensor_async.py took 0.264 seconds
[2022-11-08T14:26:00.418+0000] {processor.py:154} INFO - Started process (PID=163) to work on /home/airflow/.local/lib/python3.7/site-packages/airflow/example_dags/example_time_delta_sensor_async.py
[2022-11-08T14:26:00.420+0000] {processor.py:756} INFO - Processing file /home/airflow/.local/lib/python3.7/site-packages/airflow/example_dags/example_time_delta_sensor_async.py for tasks to queue
[2022-11-08T14:26:00.421+0000] {logging_mixin.py:120} INFO - [2022-11-08T14:26:00.421+0000] {dagbag.py:537} INFO - Filling up the DagBag from /home/airflow/.local/lib/python3.7/site-packages/airflow/example_dags/example_time_delta_sensor_async.py
[2022-11-08T14:26:00.435+0000] {processor.py:766} INFO - DAG(s) dict_keys(['example_time_delta_sensor_async']) retrieved from /home/airflow/.local/lib/python3.7/site-packages/airflow/example_dags/example_time_delta_sensor_async.py
[2022-11-08T14:26:00.578+0000] {logging_mixin.py:120} INFO - [2022-11-08T14:26:00.578+0000] {dag.py:2585} INFO - Sync 1 DAGs
[2022-11-08T14:26:00.601+0000] {logging_mixin.py:120} INFO - [2022-11-08T14:26:00.600+0000] {dag.py:3340} INFO - Setting next_dagrun for example_time_delta_sensor_async to None, run_after=None
[2022-11-08T14:26:00.619+0000] {processor.py:176} INFO - Processing /home/airflow/.local/lib/python3.7/site-packages/airflow/example_dags/example_time_delta_sensor_async.py took 0.205 seconds
[2022-11-08T14:26:31.007+0000] {processor.py:154} INFO - Started process (PID=226) to work on /home/airflow/.local/lib/python3.7/site-packages/airflow/example_dags/example_time_delta_sensor_async.py
[2022-11-08T14:26:31.008+0000] {processor.py:756} INFO - Processing file /home/airflow/.local/lib/python3.7/site-packages/airflow/example_dags/example_time_delta_sensor_async.py for tasks to queue
[2022-11-08T14:26:31.009+0000] {logging_mixin.py:120} INFO - [2022-11-08T14:26:31.009+0000] {dagbag.py:537} INFO - Filling up the DagBag from /home/airflow/.local/lib/python3.7/site-packages/airflow/example_dags/example_time_delta_sensor_async.py
[2022-11-08T14:26:31.024+0000] {processor.py:766} INFO - DAG(s) dict_keys(['example_time_delta_sensor_async']) retrieved from /home/airflow/.local/lib/python3.7/site-packages/airflow/example_dags/example_time_delta_sensor_async.py
[2022-11-08T14:26:31.191+0000] {logging_mixin.py:120} INFO - [2022-11-08T14:26:31.191+0000] {dag.py:2585} INFO - Sync 1 DAGs
[2022-11-08T14:26:31.213+0000] {logging_mixin.py:120} INFO - [2022-11-08T14:26:31.213+0000] {dag.py:3340} INFO - Setting next_dagrun for example_time_delta_sensor_async to None, run_after=None
[2022-11-08T14:26:31.232+0000] {processor.py:176} INFO - Processing /home/airflow/.local/lib/python3.7/site-packages/airflow/example_dags/example_time_delta_sensor_async.py took 0.232 seconds
[2022-11-08T14:27:01.677+0000] {processor.py:154} INFO - Started process (PID=280) to work on /home/airflow/.local/lib/python3.7/site-packages/airflow/example_dags/example_time_delta_sensor_async.py
[2022-11-08T14:27:01.678+0000] {processor.py:756} INFO - Processing file /home/airflow/.local/lib/python3.7/site-packages/airflow/example_dags/example_time_delta_sensor_async.py for tasks to queue
[2022-11-08T14:27:01.679+0000] {logging_mixin.py:120} INFO - [2022-11-08T14:27:01.679+0000] {dagbag.py:537} INFO - Filling up the DagBag from /home/airflow/.local/lib/python3.7/site-packages/airflow/example_dags/example_time_delta_sensor_async.py
[2022-11-08T14:27:01.693+0000] {processor.py:766} INFO - DAG(s) dict_keys(['example_time_delta_sensor_async']) retrieved from /home/airflow/.local/lib/python3.7/site-packages/airflow/example_dags/example_time_delta_sensor_async.py
[2022-11-08T14:27:01.848+0000] {logging_mixin.py:120} INFO - [2022-11-08T14:27:01.848+0000] {dag.py:2585} INFO - Sync 1 DAGs
[2022-11-08T14:27:01.873+0000] {logging_mixin.py:120} INFO - [2022-11-08T14:27:01.873+0000] {dag.py:3340} INFO - Setting next_dagrun for example_time_delta_sensor_async to None, run_after=None
[2022-11-08T14:27:01.893+0000] {processor.py:176} INFO - Processing /home/airflow/.local/lib/python3.7/site-packages/airflow/example_dags/example_time_delta_sensor_async.py took 0.219 seconds
[2022-11-08T14:27:32.554+0000] {processor.py:154} INFO - Started process (PID=343) to work on /home/airflow/.local/lib/python3.7/site-packages/airflow/example_dags/example_time_delta_sensor_async.py
[2022-11-08T14:27:32.556+0000] {processor.py:756} INFO - Processing file /home/airflow/.local/lib/python3.7/site-packages/airflow/example_dags/example_time_delta_sensor_async.py for tasks to queue
[2022-11-08T14:27:32.558+0000] {logging_mixin.py:120} INFO - [2022-11-08T14:27:32.557+0000] {dagbag.py:537} INFO - Filling up the DagBag from /home/airflow/.local/lib/python3.7/site-packages/airflow/example_dags/example_time_delta_sensor_async.py
[2022-11-08T14:27:32.572+0000] {processor.py:766} INFO - DAG(s) dict_keys(['example_time_delta_sensor_async']) retrieved from /home/airflow/.local/lib/python3.7/site-packages/airflow/example_dags/example_time_delta_sensor_async.py
[2022-11-08T14:27:32.767+0000] {logging_mixin.py:120} INFO - [2022-11-08T14:27:32.767+0000] {dag.py:2585} INFO - Sync 1 DAGs
[2022-11-08T14:27:32.810+0000] {logging_mixin.py:120} INFO - [2022-11-08T14:27:32.809+0000] {dag.py:3340} INFO - Setting next_dagrun for example_time_delta_sensor_async to None, run_after=None
[2022-11-08T14:27:32.839+0000] {processor.py:176} INFO - Processing /home/airflow/.local/lib/python3.7/site-packages/airflow/example_dags/example_time_delta_sensor_async.py took 0.290 seconds
[2022-11-08T14:28:03.414+0000] {processor.py:154} INFO - Started process (PID=407) to work on /home/airflow/.local/lib/python3.7/site-packages/airflow/example_dags/example_time_delta_sensor_async.py
[2022-11-08T14:28:03.415+0000] {processor.py:756} INFO - Processing file /home/airflow/.local/lib/python3.7/site-packages/airflow/example_dags/example_time_delta_sensor_async.py for tasks to queue
[2022-11-08T14:28:03.415+0000] {logging_mixin.py:120} INFO - [2022-11-08T14:28:03.415+0000] {dagbag.py:537} INFO - Filling up the DagBag from /home/airflow/.local/lib/python3.7/site-packages/airflow/example_dags/example_time_delta_sensor_async.py
[2022-11-08T14:28:03.427+0000] {processor.py:766} INFO - DAG(s) dict_keys(['example_time_delta_sensor_async']) retrieved from /home/airflow/.local/lib/python3.7/site-packages/airflow/example_dags/example_time_delta_sensor_async.py
[2022-11-08T14:28:03.578+0000] {logging_mixin.py:120} INFO - [2022-11-08T14:28:03.578+0000] {dag.py:2585} INFO - Sync 1 DAGs
[2022-11-08T14:28:03.605+0000] {logging_mixin.py:120} INFO - [2022-11-08T14:28:03.604+0000] {dag.py:3340} INFO - Setting next_dagrun for example_time_delta_sensor_async to None, run_after=None
[2022-11-08T14:28:03.626+0000] {processor.py:176} INFO - Processing /home/airflow/.local/lib/python3.7/site-packages/airflow/example_dags/example_time_delta_sensor_async.py took 0.216 seconds
[2022-11-08T14:28:34.081+0000] {processor.py:154} INFO - Started process (PID=470) to work on /home/airflow/.local/lib/python3.7/site-packages/airflow/example_dags/example_time_delta_sensor_async.py
[2022-11-08T14:28:34.082+0000] {processor.py:756} INFO - Processing file /home/airflow/.local/lib/python3.7/site-packages/airflow/example_dags/example_time_delta_sensor_async.py for tasks to queue
[2022-11-08T14:28:34.083+0000] {logging_mixin.py:120} INFO - [2022-11-08T14:28:34.082+0000] {dagbag.py:537} INFO - Filling up the DagBag from /home/airflow/.local/lib/python3.7/site-packages/airflow/example_dags/example_time_delta_sensor_async.py
[2022-11-08T14:28:34.094+0000] {processor.py:766} INFO - DAG(s) dict_keys(['example_time_delta_sensor_async']) retrieved from /home/airflow/.local/lib/python3.7/site-packages/airflow/example_dags/example_time_delta_sensor_async.py
[2022-11-08T14:28:34.239+0000] {logging_mixin.py:120} INFO - [2022-11-08T14:28:34.239+0000] {dag.py:2585} INFO - Sync 1 DAGs
[2022-11-08T14:28:34.269+0000] {logging_mixin.py:120} INFO - [2022-11-08T14:28:34.269+0000] {dag.py:3340} INFO - Setting next_dagrun for example_time_delta_sensor_async to None, run_after=None
[2022-11-08T14:28:34.294+0000] {processor.py:176} INFO - Processing /home/airflow/.local/lib/python3.7/site-packages/airflow/example_dags/example_time_delta_sensor_async.py took 0.217 seconds
[2022-11-08T14:29:04.936+0000] {processor.py:154} INFO - Started process (PID=524) to work on /home/airflow/.local/lib/python3.7/site-packages/airflow/example_dags/example_time_delta_sensor_async.py
[2022-11-08T14:29:04.936+0000] {processor.py:756} INFO - Processing file /home/airflow/.local/lib/python3.7/site-packages/airflow/example_dags/example_time_delta_sensor_async.py for tasks to queue
[2022-11-08T14:29:04.937+0000] {logging_mixin.py:120} INFO - [2022-11-08T14:29:04.937+0000] {dagbag.py:537} INFO - Filling up the DagBag from /home/airflow/.local/lib/python3.7/site-packages/airflow/example_dags/example_time_delta_sensor_async.py
[2022-11-08T14:29:04.947+0000] {processor.py:766} INFO - DAG(s) dict_keys(['example_time_delta_sensor_async']) retrieved from /home/airflow/.local/lib/python3.7/site-packages/airflow/example_dags/example_time_delta_sensor_async.py
[2022-11-08T14:29:05.069+0000] {logging_mixin.py:120} INFO - [2022-11-08T14:29:05.069+0000] {dag.py:2585} INFO - Sync 1 DAGs
[2022-11-08T14:29:05.088+0000] {logging_mixin.py:120} INFO - [2022-11-08T14:29:05.088+0000] {dag.py:3340} INFO - Setting next_dagrun for example_time_delta_sensor_async to None, run_after=None
[2022-11-08T14:29:05.104+0000] {processor.py:176} INFO - Processing /home/airflow/.local/lib/python3.7/site-packages/airflow/example_dags/example_time_delta_sensor_async.py took 0.172 seconds
[2022-11-08T14:29:35.388+0000] {processor.py:154} INFO - Started process (PID=587) to work on /home/airflow/.local/lib/python3.7/site-packages/airflow/example_dags/example_time_delta_sensor_async.py
[2022-11-08T14:29:35.389+0000] {processor.py:756} INFO - Processing file /home/airflow/.local/lib/python3.7/site-packages/airflow/example_dags/example_time_delta_sensor_async.py for tasks to queue
[2022-11-08T14:29:35.390+0000] {logging_mixin.py:120} INFO - [2022-11-08T14:29:35.390+0000] {dagbag.py:537} INFO - Filling up the DagBag from /home/airflow/.local/lib/python3.7/site-packages/airflow/example_dags/example_time_delta_sensor_async.py
[2022-11-08T14:29:35.404+0000] {processor.py:766} INFO - DAG(s) dict_keys(['example_time_delta_sensor_async']) retrieved from /home/airflow/.local/lib/python3.7/site-packages/airflow/example_dags/example_time_delta_sensor_async.py
[2022-11-08T14:29:35.570+0000] {logging_mixin.py:120} INFO - [2022-11-08T14:29:35.570+0000] {dag.py:2585} INFO - Sync 1 DAGs
[2022-11-08T14:29:35.590+0000] {logging_mixin.py:120} INFO - [2022-11-08T14:29:35.590+0000] {dag.py:3340} INFO - Setting next_dagrun for example_time_delta_sensor_async to None, run_after=None
[2022-11-08T14:29:35.609+0000] {processor.py:176} INFO - Processing /home/airflow/.local/lib/python3.7/site-packages/airflow/example_dags/example_time_delta_sensor_async.py took 0.227 seconds
[2022-11-08T14:30:05.980+0000] {processor.py:154} INFO - Started process (PID=650) to work on /home/airflow/.local/lib/python3.7/site-packages/airflow/example_dags/example_time_delta_sensor_async.py
[2022-11-08T14:30:05.982+0000] {processor.py:756} INFO - Processing file /home/airflow/.local/lib/python3.7/site-packages/airflow/example_dags/example_time_delta_sensor_async.py for tasks to queue
[2022-11-08T14:30:05.982+0000] {logging_mixin.py:120} INFO - [2022-11-08T14:30:05.982+0000] {dagbag.py:537} INFO - Filling up the DagBag from /home/airflow/.local/lib/python3.7/site-packages/airflow/example_dags/example_time_delta_sensor_async.py
[2022-11-08T14:30:05.996+0000] {processor.py:766} INFO - DAG(s) dict_keys(['example_time_delta_sensor_async']) retrieved from /home/airflow/.local/lib/python3.7/site-packages/airflow/example_dags/example_time_delta_sensor_async.py
[2022-11-08T14:30:06.149+0000] {logging_mixin.py:120} INFO - [2022-11-08T14:30:06.148+0000] {dag.py:2585} INFO - Sync 1 DAGs
[2022-11-08T14:30:06.168+0000] {logging_mixin.py:120} INFO - [2022-11-08T14:30:06.168+0000] {dag.py:3340} INFO - Setting next_dagrun for example_time_delta_sensor_async to None, run_after=None
[2022-11-08T14:30:06.185+0000] {processor.py:176} INFO - Processing /home/airflow/.local/lib/python3.7/site-packages/airflow/example_dags/example_time_delta_sensor_async.py took 0.208 seconds
[2022-11-08T14:30:36.403+0000] {processor.py:154} INFO - Started process (PID=714) to work on /home/airflow/.local/lib/python3.7/site-packages/airflow/example_dags/example_time_delta_sensor_async.py
[2022-11-08T14:30:36.404+0000] {processor.py:756} INFO - Processing file /home/airflow/.local/lib/python3.7/site-packages/airflow/example_dags/example_time_delta_sensor_async.py for tasks to queue
[2022-11-08T14:30:36.405+0000] {logging_mixin.py:120} INFO - [2022-11-08T14:30:36.405+0000] {dagbag.py:537} INFO - Filling up the DagBag from /home/airflow/.local/lib/python3.7/site-packages/airflow/example_dags/example_time_delta_sensor_async.py
[2022-11-08T14:30:36.419+0000] {processor.py:766} INFO - DAG(s) dict_keys(['example_time_delta_sensor_async']) retrieved from /home/airflow/.local/lib/python3.7/site-packages/airflow/example_dags/example_time_delta_sensor_async.py
[2022-11-08T14:30:36.559+0000] {logging_mixin.py:120} INFO - [2022-11-08T14:30:36.559+0000] {dag.py:2585} INFO - Sync 1 DAGs
[2022-11-08T14:30:36.577+0000] {logging_mixin.py:120} INFO - [2022-11-08T14:30:36.577+0000] {dag.py:3340} INFO - Setting next_dagrun for example_time_delta_sensor_async to None, run_after=None
[2022-11-08T14:30:36.592+0000] {processor.py:176} INFO - Processing /home/airflow/.local/lib/python3.7/site-packages/airflow/example_dags/example_time_delta_sensor_async.py took 0.193 seconds
[2022-11-08T14:31:07.267+0000] {processor.py:154} INFO - Started process (PID=777) to work on /home/airflow/.local/lib/python3.7/site-packages/airflow/example_dags/example_time_delta_sensor_async.py
[2022-11-08T14:31:07.268+0000] {processor.py:756} INFO - Processing file /home/airflow/.local/lib/python3.7/site-packages/airflow/example_dags/example_time_delta_sensor_async.py for tasks to queue
[2022-11-08T14:31:07.269+0000] {logging_mixin.py:120} INFO - [2022-11-08T14:31:07.269+0000] {dagbag.py:537} INFO - Filling up the DagBag from /home/airflow/.local/lib/python3.7/site-packages/airflow/example_dags/example_time_delta_sensor_async.py
[2022-11-08T14:31:07.282+0000] {processor.py:766} INFO - DAG(s) dict_keys(['example_time_delta_sensor_async']) retrieved from /home/airflow/.local/lib/python3.7/site-packages/airflow/example_dags/example_time_delta_sensor_async.py
[2022-11-08T14:31:07.472+0000] {logging_mixin.py:120} INFO - [2022-11-08T14:31:07.471+0000] {dag.py:2585} INFO - Sync 1 DAGs
[2022-11-08T14:31:07.507+0000] {logging_mixin.py:120} INFO - [2022-11-08T14:31:07.506+0000] {dag.py:3340} INFO - Setting next_dagrun for example_time_delta_sensor_async to None, run_after=None
[2022-11-08T14:31:07.542+0000] {processor.py:176} INFO - Processing /home/airflow/.local/lib/python3.7/site-packages/airflow/example_dags/example_time_delta_sensor_async.py took 0.279 seconds
[2022-11-08T14:31:38.048+0000] {processor.py:154} INFO - Started process (PID=831) to work on /home/airflow/.local/lib/python3.7/site-packages/airflow/example_dags/example_time_delta_sensor_async.py
[2022-11-08T14:31:38.050+0000] {processor.py:756} INFO - Processing file /home/airflow/.local/lib/python3.7/site-packages/airflow/example_dags/example_time_delta_sensor_async.py for tasks to queue
[2022-11-08T14:31:38.052+0000] {logging_mixin.py:120} INFO - [2022-11-08T14:31:38.051+0000] {dagbag.py:537} INFO - Filling up the DagBag from /home/airflow/.local/lib/python3.7/site-packages/airflow/example_dags/example_time_delta_sensor_async.py
[2022-11-08T14:31:38.075+0000] {processor.py:766} INFO - DAG(s) dict_keys(['example_time_delta_sensor_async']) retrieved from /home/airflow/.local/lib/python3.7/site-packages/airflow/example_dags/example_time_delta_sensor_async.py
[2022-11-08T14:31:38.110+0000] {logging_mixin.py:120} INFO - [2022-11-08T14:31:38.110+0000] {dag.py:2585} INFO - Sync 1 DAGs
[2022-11-08T14:31:38.136+0000] {logging_mixin.py:120} INFO - [2022-11-08T14:31:38.136+0000] {dag.py:3340} INFO - Setting next_dagrun for example_time_delta_sensor_async to None, run_after=None
[2022-11-08T14:31:38.160+0000] {processor.py:176} INFO - Processing /home/airflow/.local/lib/python3.7/site-packages/airflow/example_dags/example_time_delta_sensor_async.py took 0.116 seconds
[2022-11-08T14:32:08.263+0000] {processor.py:154} INFO - Started process (PID=893) to work on /home/airflow/.local/lib/python3.7/site-packages/airflow/example_dags/example_time_delta_sensor_async.py
[2022-11-08T14:32:08.264+0000] {processor.py:756} INFO - Processing file /home/airflow/.local/lib/python3.7/site-packages/airflow/example_dags/example_time_delta_sensor_async.py for tasks to queue
[2022-11-08T14:32:08.264+0000] {logging_mixin.py:120} INFO - [2022-11-08T14:32:08.264+0000] {dagbag.py:537} INFO - Filling up the DagBag from /home/airflow/.local/lib/python3.7/site-packages/airflow/example_dags/example_time_delta_sensor_async.py
[2022-11-08T14:32:08.275+0000] {processor.py:766} INFO - DAG(s) dict_keys(['example_time_delta_sensor_async']) retrieved from /home/airflow/.local/lib/python3.7/site-packages/airflow/example_dags/example_time_delta_sensor_async.py
[2022-11-08T14:32:08.406+0000] {logging_mixin.py:120} INFO - [2022-11-08T14:32:08.406+0000] {dag.py:2585} INFO - Sync 1 DAGs
[2022-11-08T14:32:08.425+0000] {logging_mixin.py:120} INFO - [2022-11-08T14:32:08.424+0000] {dag.py:3340} INFO - Setting next_dagrun for example_time_delta_sensor_async to None, run_after=None
[2022-11-08T14:32:08.442+0000] {processor.py:176} INFO - Processing /home/airflow/.local/lib/python3.7/site-packages/airflow/example_dags/example_time_delta_sensor_async.py took 0.182 seconds
[2022-11-08T14:32:38.706+0000] {processor.py:154} INFO - Started process (PID=168) to work on /home/airflow/.local/lib/python3.7/site-packages/airflow/example_dags/example_time_delta_sensor_async.py
[2022-11-08T14:32:38.707+0000] {processor.py:756} INFO - Processing file /home/airflow/.local/lib/python3.7/site-packages/airflow/example_dags/example_time_delta_sensor_async.py for tasks to queue
[2022-11-08T14:32:38.708+0000] {logging_mixin.py:120} INFO - [2022-11-08T14:32:38.708+0000] {dagbag.py:537} INFO - Filling up the DagBag from /home/airflow/.local/lib/python3.7/site-packages/airflow/example_dags/example_time_delta_sensor_async.py
[2022-11-08T14:32:38.742+0000] {processor.py:766} INFO - DAG(s) dict_keys(['example_time_delta_sensor_async']) retrieved from /home/airflow/.local/lib/python3.7/site-packages/airflow/example_dags/example_time_delta_sensor_async.py
[2022-11-08T14:32:38.766+0000] {logging_mixin.py:120} INFO - [2022-11-08T14:32:38.766+0000] {dag.py:2585} INFO - Sync 1 DAGs
[2022-11-08T14:32:38.784+0000] {logging_mixin.py:120} INFO - [2022-11-08T14:32:38.784+0000] {dag.py:3340} INFO - Setting next_dagrun for example_time_delta_sensor_async to None, run_after=None
[2022-11-08T14:32:38.800+0000] {processor.py:176} INFO - Processing /home/airflow/.local/lib/python3.7/site-packages/airflow/example_dags/example_time_delta_sensor_async.py took 0.097 seconds
[2022-11-08T14:33:09.767+0000] {processor.py:154} INFO - Started process (PID=375) to work on /home/airflow/.local/lib/python3.7/site-packages/airflow/example_dags/example_time_delta_sensor_async.py
[2022-11-08T14:33:09.768+0000] {processor.py:756} INFO - Processing file /home/airflow/.local/lib/python3.7/site-packages/airflow/example_dags/example_time_delta_sensor_async.py for tasks to queue
[2022-11-08T14:33:09.769+0000] {logging_mixin.py:120} INFO - [2022-11-08T14:33:09.769+0000] {dagbag.py:537} INFO - Filling up the DagBag from /home/airflow/.local/lib/python3.7/site-packages/airflow/example_dags/example_time_delta_sensor_async.py
[2022-11-08T14:33:09.783+0000] {processor.py:766} INFO - DAG(s) dict_keys(['example_time_delta_sensor_async']) retrieved from /home/airflow/.local/lib/python3.7/site-packages/airflow/example_dags/example_time_delta_sensor_async.py
[2022-11-08T14:33:09.957+0000] {logging_mixin.py:120} INFO - [2022-11-08T14:33:09.957+0000] {dag.py:2585} INFO - Sync 1 DAGs
[2022-11-08T14:33:09.983+0000] {logging_mixin.py:120} INFO - [2022-11-08T14:33:09.983+0000] {dag.py:3340} INFO - Setting next_dagrun for example_time_delta_sensor_async to None, run_after=None
[2022-11-08T14:33:10.006+0000] {processor.py:176} INFO - Processing /home/airflow/.local/lib/python3.7/site-packages/airflow/example_dags/example_time_delta_sensor_async.py took 0.243 seconds
[2022-11-08T14:33:40.711+0000] {processor.py:154} INFO - Started process (PID=582) to work on /home/airflow/.local/lib/python3.7/site-packages/airflow/example_dags/example_time_delta_sensor_async.py
[2022-11-08T14:33:40.712+0000] {processor.py:756} INFO - Processing file /home/airflow/.local/lib/python3.7/site-packages/airflow/example_dags/example_time_delta_sensor_async.py for tasks to queue
[2022-11-08T14:33:40.713+0000] {logging_mixin.py:120} INFO - [2022-11-08T14:33:40.713+0000] {dagbag.py:537} INFO - Filling up the DagBag from /home/airflow/.local/lib/python3.7/site-packages/airflow/example_dags/example_time_delta_sensor_async.py
[2022-11-08T14:33:40.725+0000] {processor.py:766} INFO - DAG(s) dict_keys(['example_time_delta_sensor_async']) retrieved from /home/airflow/.local/lib/python3.7/site-packages/airflow/example_dags/example_time_delta_sensor_async.py
[2022-11-08T14:33:40.749+0000] {logging_mixin.py:120} INFO - [2022-11-08T14:33:40.749+0000] {dag.py:2585} INFO - Sync 1 DAGs
[2022-11-08T14:33:40.783+0000] {logging_mixin.py:120} INFO - [2022-11-08T14:33:40.783+0000] {dag.py:3340} INFO - Setting next_dagrun for example_time_delta_sensor_async to None, run_after=None
[2022-11-08T14:33:40.810+0000] {processor.py:176} INFO - Processing /home/airflow/.local/lib/python3.7/site-packages/airflow/example_dags/example_time_delta_sensor_async.py took 0.103 seconds
[2022-11-08T14:34:11.217+0000] {processor.py:154} INFO - Started process (PID=790) to work on /home/airflow/.local/lib/python3.7/site-packages/airflow/example_dags/example_time_delta_sensor_async.py
[2022-11-08T14:34:11.218+0000] {processor.py:756} INFO - Processing file /home/airflow/.local/lib/python3.7/site-packages/airflow/example_dags/example_time_delta_sensor_async.py for tasks to queue
[2022-11-08T14:34:11.219+0000] {logging_mixin.py:120} INFO - [2022-11-08T14:34:11.219+0000] {dagbag.py:537} INFO - Filling up the DagBag from /home/airflow/.local/lib/python3.7/site-packages/airflow/example_dags/example_time_delta_sensor_async.py
[2022-11-08T14:34:11.238+0000] {processor.py:766} INFO - DAG(s) dict_keys(['example_time_delta_sensor_async']) retrieved from /home/airflow/.local/lib/python3.7/site-packages/airflow/example_dags/example_time_delta_sensor_async.py
[2022-11-08T14:34:11.410+0000] {logging_mixin.py:120} INFO - [2022-11-08T14:34:11.410+0000] {dag.py:2585} INFO - Sync 1 DAGs
[2022-11-08T14:34:11.436+0000] {logging_mixin.py:120} INFO - [2022-11-08T14:34:11.436+0000] {dag.py:3340} INFO - Setting next_dagrun for example_time_delta_sensor_async to None, run_after=None
[2022-11-08T14:34:11.462+0000] {processor.py:176} INFO - Processing /home/airflow/.local/lib/python3.7/site-packages/airflow/example_dags/example_time_delta_sensor_async.py took 0.250 seconds
[2022-11-08T14:34:42.346+0000] {processor.py:154} INFO - Started process (PID=988) to work on /home/airflow/.local/lib/python3.7/site-packages/airflow/example_dags/example_time_delta_sensor_async.py
[2022-11-08T14:34:42.347+0000] {processor.py:756} INFO - Processing file /home/airflow/.local/lib/python3.7/site-packages/airflow/example_dags/example_time_delta_sensor_async.py for tasks to queue
[2022-11-08T14:34:42.348+0000] {logging_mixin.py:120} INFO - [2022-11-08T14:34:42.348+0000] {dagbag.py:537} INFO - Filling up the DagBag from /home/airflow/.local/lib/python3.7/site-packages/airflow/example_dags/example_time_delta_sensor_async.py
[2022-11-08T14:34:42.359+0000] {processor.py:766} INFO - DAG(s) dict_keys(['example_time_delta_sensor_async']) retrieved from /home/airflow/.local/lib/python3.7/site-packages/airflow/example_dags/example_time_delta_sensor_async.py
[2022-11-08T14:34:42.526+0000] {logging_mixin.py:120} INFO - [2022-11-08T14:34:42.526+0000] {dag.py:2585} INFO - Sync 1 DAGs
[2022-11-08T14:34:42.549+0000] {logging_mixin.py:120} INFO - [2022-11-08T14:34:42.548+0000] {dag.py:3340} INFO - Setting next_dagrun for example_time_delta_sensor_async to None, run_after=None
[2022-11-08T14:34:42.568+0000] {processor.py:176} INFO - Processing /home/airflow/.local/lib/python3.7/site-packages/airflow/example_dags/example_time_delta_sensor_async.py took 0.225 seconds
[2022-11-08T14:35:13.436+0000] {processor.py:154} INFO - Started process (PID=1195) to work on /home/airflow/.local/lib/python3.7/site-packages/airflow/example_dags/example_time_delta_sensor_async.py
[2022-11-08T14:35:13.437+0000] {processor.py:756} INFO - Processing file /home/airflow/.local/lib/python3.7/site-packages/airflow/example_dags/example_time_delta_sensor_async.py for tasks to queue
[2022-11-08T14:35:13.437+0000] {logging_mixin.py:120} INFO - [2022-11-08T14:35:13.437+0000] {dagbag.py:537} INFO - Filling up the DagBag from /home/airflow/.local/lib/python3.7/site-packages/airflow/example_dags/example_time_delta_sensor_async.py
[2022-11-08T14:35:13.453+0000] {processor.py:766} INFO - DAG(s) dict_keys(['example_time_delta_sensor_async']) retrieved from /home/airflow/.local/lib/python3.7/site-packages/airflow/example_dags/example_time_delta_sensor_async.py
[2022-11-08T14:35:13.595+0000] {logging_mixin.py:120} INFO - [2022-11-08T14:35:13.595+0000] {dag.py:2585} INFO - Sync 1 DAGs
[2022-11-08T14:35:13.615+0000] {logging_mixin.py:120} INFO - [2022-11-08T14:35:13.615+0000] {dag.py:3340} INFO - Setting next_dagrun for example_time_delta_sensor_async to None, run_after=None
[2022-11-08T14:35:13.631+0000] {processor.py:176} INFO - Processing /home/airflow/.local/lib/python3.7/site-packages/airflow/example_dags/example_time_delta_sensor_async.py took 0.200 seconds
[2022-11-08T14:35:44.264+0000] {processor.py:154} INFO - Started process (PID=1402) to work on /home/airflow/.local/lib/python3.7/site-packages/airflow/example_dags/example_time_delta_sensor_async.py
[2022-11-08T14:35:44.265+0000] {processor.py:756} INFO - Processing file /home/airflow/.local/lib/python3.7/site-packages/airflow/example_dags/example_time_delta_sensor_async.py for tasks to queue
[2022-11-08T14:35:44.266+0000] {logging_mixin.py:120} INFO - [2022-11-08T14:35:44.265+0000] {dagbag.py:537} INFO - Filling up the DagBag from /home/airflow/.local/lib/python3.7/site-packages/airflow/example_dags/example_time_delta_sensor_async.py
[2022-11-08T14:35:44.278+0000] {processor.py:766} INFO - DAG(s) dict_keys(['example_time_delta_sensor_async']) retrieved from /home/airflow/.local/lib/python3.7/site-packages/airflow/example_dags/example_time_delta_sensor_async.py
[2022-11-08T14:35:44.413+0000] {logging_mixin.py:120} INFO - [2022-11-08T14:35:44.413+0000] {dag.py:2585} INFO - Sync 1 DAGs
[2022-11-08T14:35:44.434+0000] {logging_mixin.py:120} INFO - [2022-11-08T14:35:44.434+0000] {dag.py:3340} INFO - Setting next_dagrun for example_time_delta_sensor_async to None, run_after=None
[2022-11-08T14:35:44.453+0000] {processor.py:176} INFO - Processing /home/airflow/.local/lib/python3.7/site-packages/airflow/example_dags/example_time_delta_sensor_async.py took 0.192 seconds
[2022-11-08T14:36:14.757+0000] {processor.py:154} INFO - Started process (PID=1609) to work on /home/airflow/.local/lib/python3.7/site-packages/airflow/example_dags/example_time_delta_sensor_async.py
[2022-11-08T14:36:14.758+0000] {processor.py:756} INFO - Processing file /home/airflow/.local/lib/python3.7/site-packages/airflow/example_dags/example_time_delta_sensor_async.py for tasks to queue
[2022-11-08T14:36:14.759+0000] {logging_mixin.py:120} INFO - [2022-11-08T14:36:14.759+0000] {dagbag.py:537} INFO - Filling up the DagBag from /home/airflow/.local/lib/python3.7/site-packages/airflow/example_dags/example_time_delta_sensor_async.py
[2022-11-08T14:36:14.771+0000] {processor.py:766} INFO - DAG(s) dict_keys(['example_time_delta_sensor_async']) retrieved from /home/airflow/.local/lib/python3.7/site-packages/airflow/example_dags/example_time_delta_sensor_async.py
[2022-11-08T14:36:14.929+0000] {logging_mixin.py:120} INFO - [2022-11-08T14:36:14.929+0000] {dag.py:2585} INFO - Sync 1 DAGs
[2022-11-08T14:36:14.951+0000] {logging_mixin.py:120} INFO - [2022-11-08T14:36:14.951+0000] {dag.py:3340} INFO - Setting next_dagrun for example_time_delta_sensor_async to None, run_after=None
[2022-11-08T14:36:14.975+0000] {processor.py:176} INFO - Processing /home/airflow/.local/lib/python3.7/site-packages/airflow/example_dags/example_time_delta_sensor_async.py took 0.222 seconds
[2022-11-08T14:36:45.629+0000] {processor.py:154} INFO - Started process (PID=1814) to work on /home/airflow/.local/lib/python3.7/site-packages/airflow/example_dags/example_time_delta_sensor_async.py
[2022-11-08T14:36:45.630+0000] {processor.py:756} INFO - Processing file /home/airflow/.local/lib/python3.7/site-packages/airflow/example_dags/example_time_delta_sensor_async.py for tasks to queue
[2022-11-08T14:36:45.631+0000] {logging_mixin.py:120} INFO - [2022-11-08T14:36:45.631+0000] {dagbag.py:537} INFO - Filling up the DagBag from /home/airflow/.local/lib/python3.7/site-packages/airflow/example_dags/example_time_delta_sensor_async.py
[2022-11-08T14:36:45.647+0000] {processor.py:766} INFO - DAG(s) dict_keys(['example_time_delta_sensor_async']) retrieved from /home/airflow/.local/lib/python3.7/site-packages/airflow/example_dags/example_time_delta_sensor_async.py
[2022-11-08T14:36:45.793+0000] {logging_mixin.py:120} INFO - [2022-11-08T14:36:45.792+0000] {dag.py:2585} INFO - Sync 1 DAGs
[2022-11-08T14:36:45.816+0000] {logging_mixin.py:120} INFO - [2022-11-08T14:36:45.816+0000] {dag.py:3340} INFO - Setting next_dagrun for example_time_delta_sensor_async to None, run_after=None
[2022-11-08T14:36:45.833+0000] {processor.py:176} INFO - Processing /home/airflow/.local/lib/python3.7/site-packages/airflow/example_dags/example_time_delta_sensor_async.py took 0.208 seconds
[2022-11-08T14:37:16.557+0000] {processor.py:154} INFO - Started process (PID=2014) to work on /home/airflow/.local/lib/python3.7/site-packages/airflow/example_dags/example_time_delta_sensor_async.py
[2022-11-08T14:37:16.558+0000] {processor.py:756} INFO - Processing file /home/airflow/.local/lib/python3.7/site-packages/airflow/example_dags/example_time_delta_sensor_async.py for tasks to queue
[2022-11-08T14:37:16.559+0000] {logging_mixin.py:120} INFO - [2022-11-08T14:37:16.559+0000] {dagbag.py:537} INFO - Filling up the DagBag from /home/airflow/.local/lib/python3.7/site-packages/airflow/example_dags/example_time_delta_sensor_async.py
[2022-11-08T14:37:16.571+0000] {processor.py:766} INFO - DAG(s) dict_keys(['example_time_delta_sensor_async']) retrieved from /home/airflow/.local/lib/python3.7/site-packages/airflow/example_dags/example_time_delta_sensor_async.py
[2022-11-08T14:37:16.697+0000] {logging_mixin.py:120} INFO - [2022-11-08T14:37:16.697+0000] {dag.py:2585} INFO - Sync 1 DAGs
[2022-11-08T14:37:16.715+0000] {logging_mixin.py:120} INFO - [2022-11-08T14:37:16.715+0000] {dag.py:3340} INFO - Setting next_dagrun for example_time_delta_sensor_async to None, run_after=None
[2022-11-08T14:37:16.731+0000] {processor.py:176} INFO - Processing /home/airflow/.local/lib/python3.7/site-packages/airflow/example_dags/example_time_delta_sensor_async.py took 0.178 seconds
[2022-11-08T14:37:47.166+0000] {processor.py:154} INFO - Started process (PID=2221) to work on /home/airflow/.local/lib/python3.7/site-packages/airflow/example_dags/example_time_delta_sensor_async.py
[2022-11-08T14:37:47.167+0000] {processor.py:756} INFO - Processing file /home/airflow/.local/lib/python3.7/site-packages/airflow/example_dags/example_time_delta_sensor_async.py for tasks to queue
[2022-11-08T14:37:47.168+0000] {logging_mixin.py:120} INFO - [2022-11-08T14:37:47.167+0000] {dagbag.py:537} INFO - Filling up the DagBag from /home/airflow/.local/lib/python3.7/site-packages/airflow/example_dags/example_time_delta_sensor_async.py
[2022-11-08T14:37:47.183+0000] {processor.py:766} INFO - DAG(s) dict_keys(['example_time_delta_sensor_async']) retrieved from /home/airflow/.local/lib/python3.7/site-packages/airflow/example_dags/example_time_delta_sensor_async.py
[2022-11-08T14:37:47.335+0000] {logging_mixin.py:120} INFO - [2022-11-08T14:37:47.335+0000] {dag.py:2585} INFO - Sync 1 DAGs
[2022-11-08T14:37:47.355+0000] {logging_mixin.py:120} INFO - [2022-11-08T14:37:47.354+0000] {dag.py:3340} INFO - Setting next_dagrun for example_time_delta_sensor_async to None, run_after=None
[2022-11-08T14:37:47.372+0000] {processor.py:176} INFO - Processing /home/airflow/.local/lib/python3.7/site-packages/airflow/example_dags/example_time_delta_sensor_async.py took 0.210 seconds
[2022-11-08T14:38:17.623+0000] {processor.py:154} INFO - Started process (PID=2427) to work on /home/airflow/.local/lib/python3.7/site-packages/airflow/example_dags/example_time_delta_sensor_async.py
[2022-11-08T14:38:17.625+0000] {processor.py:756} INFO - Processing file /home/airflow/.local/lib/python3.7/site-packages/airflow/example_dags/example_time_delta_sensor_async.py for tasks to queue
[2022-11-08T14:38:17.626+0000] {logging_mixin.py:120} INFO - [2022-11-08T14:38:17.626+0000] {dagbag.py:537} INFO - Filling up the DagBag from /home/airflow/.local/lib/python3.7/site-packages/airflow/example_dags/example_time_delta_sensor_async.py
[2022-11-08T14:38:17.646+0000] {processor.py:766} INFO - DAG(s) dict_keys(['example_time_delta_sensor_async']) retrieved from /home/airflow/.local/lib/python3.7/site-packages/airflow/example_dags/example_time_delta_sensor_async.py
[2022-11-08T14:38:17.683+0000] {logging_mixin.py:120} INFO - [2022-11-08T14:38:17.682+0000] {dag.py:2585} INFO - Sync 1 DAGs
[2022-11-08T14:38:17.730+0000] {logging_mixin.py:120} INFO - [2022-11-08T14:38:17.729+0000] {dag.py:3340} INFO - Setting next_dagrun for example_time_delta_sensor_async to None, run_after=None
[2022-11-08T14:38:17.768+0000] {processor.py:176} INFO - Processing /home/airflow/.local/lib/python3.7/site-packages/airflow/example_dags/example_time_delta_sensor_async.py took 0.151 seconds
[2022-11-08T14:38:48.379+0000] {processor.py:154} INFO - Started process (PID=2634) to work on /home/airflow/.local/lib/python3.7/site-packages/airflow/example_dags/example_time_delta_sensor_async.py
[2022-11-08T14:38:48.380+0000] {processor.py:756} INFO - Processing file /home/airflow/.local/lib/python3.7/site-packages/airflow/example_dags/example_time_delta_sensor_async.py for tasks to queue
[2022-11-08T14:38:48.380+0000] {logging_mixin.py:120} INFO - [2022-11-08T14:38:48.380+0000] {dagbag.py:537} INFO - Filling up the DagBag from /home/airflow/.local/lib/python3.7/site-packages/airflow/example_dags/example_time_delta_sensor_async.py
[2022-11-08T14:38:48.392+0000] {processor.py:766} INFO - DAG(s) dict_keys(['example_time_delta_sensor_async']) retrieved from /home/airflow/.local/lib/python3.7/site-packages/airflow/example_dags/example_time_delta_sensor_async.py
[2022-11-08T14:38:48.528+0000] {logging_mixin.py:120} INFO - [2022-11-08T14:38:48.528+0000] {dag.py:2585} INFO - Sync 1 DAGs
[2022-11-08T14:38:48.549+0000] {logging_mixin.py:120} INFO - [2022-11-08T14:38:48.549+0000] {dag.py:3340} INFO - Setting next_dagrun for example_time_delta_sensor_async to None, run_after=None
[2022-11-08T14:38:48.566+0000] {processor.py:176} INFO - Processing /home/airflow/.local/lib/python3.7/site-packages/airflow/example_dags/example_time_delta_sensor_async.py took 0.190 seconds
[2022-11-08T14:39:18.969+0000] {processor.py:154} INFO - Started process (PID=2832) to work on /home/airflow/.local/lib/python3.7/site-packages/airflow/example_dags/example_time_delta_sensor_async.py
[2022-11-08T14:39:18.970+0000] {processor.py:756} INFO - Processing file /home/airflow/.local/lib/python3.7/site-packages/airflow/example_dags/example_time_delta_sensor_async.py for tasks to queue
[2022-11-08T14:39:18.971+0000] {logging_mixin.py:120} INFO - [2022-11-08T14:39:18.971+0000] {dagbag.py:537} INFO - Filling up the DagBag from /home/airflow/.local/lib/python3.7/site-packages/airflow/example_dags/example_time_delta_sensor_async.py
[2022-11-08T14:39:18.986+0000] {processor.py:766} INFO - DAG(s) dict_keys(['example_time_delta_sensor_async']) retrieved from /home/airflow/.local/lib/python3.7/site-packages/airflow/example_dags/example_time_delta_sensor_async.py
[2022-11-08T14:39:19.140+0000] {logging_mixin.py:120} INFO - [2022-11-08T14:39:19.140+0000] {dag.py:2585} INFO - Sync 1 DAGs
[2022-11-08T14:39:19.168+0000] {logging_mixin.py:120} INFO - [2022-11-08T14:39:19.167+0000] {dag.py:3340} INFO - Setting next_dagrun for example_time_delta_sensor_async to None, run_after=None
[2022-11-08T14:39:19.193+0000] {processor.py:176} INFO - Processing /home/airflow/.local/lib/python3.7/site-packages/airflow/example_dags/example_time_delta_sensor_async.py took 0.228 seconds
[2022-11-08T14:39:49.914+0000] {processor.py:154} INFO - Started process (PID=3039) to work on /home/airflow/.local/lib/python3.7/site-packages/airflow/example_dags/example_time_delta_sensor_async.py
[2022-11-08T14:39:49.915+0000] {processor.py:756} INFO - Processing file /home/airflow/.local/lib/python3.7/site-packages/airflow/example_dags/example_time_delta_sensor_async.py for tasks to queue
[2022-11-08T14:39:49.915+0000] {logging_mixin.py:120} INFO - [2022-11-08T14:39:49.915+0000] {dagbag.py:537} INFO - Filling up the DagBag from /home/airflow/.local/lib/python3.7/site-packages/airflow/example_dags/example_time_delta_sensor_async.py
[2022-11-08T14:39:49.929+0000] {processor.py:766} INFO - DAG(s) dict_keys(['example_time_delta_sensor_async']) retrieved from /home/airflow/.local/lib/python3.7/site-packages/airflow/example_dags/example_time_delta_sensor_async.py
[2022-11-08T14:39:50.067+0000] {logging_mixin.py:120} INFO - [2022-11-08T14:39:50.067+0000] {dag.py:2585} INFO - Sync 1 DAGs
[2022-11-08T14:39:50.086+0000] {logging_mixin.py:120} INFO - [2022-11-08T14:39:50.086+0000] {dag.py:3340} INFO - Setting next_dagrun for example_time_delta_sensor_async to None, run_after=None
[2022-11-08T14:39:50.102+0000] {processor.py:176} INFO - Processing /home/airflow/.local/lib/python3.7/site-packages/airflow/example_dags/example_time_delta_sensor_async.py took 0.192 seconds
[2022-11-08T14:40:20.915+0000] {processor.py:154} INFO - Started process (PID=3246) to work on /home/airflow/.local/lib/python3.7/site-packages/airflow/example_dags/example_time_delta_sensor_async.py
[2022-11-08T14:40:20.916+0000] {processor.py:756} INFO - Processing file /home/airflow/.local/lib/python3.7/site-packages/airflow/example_dags/example_time_delta_sensor_async.py for tasks to queue
[2022-11-08T14:40:20.916+0000] {logging_mixin.py:120} INFO - [2022-11-08T14:40:20.916+0000] {dagbag.py:537} INFO - Filling up the DagBag from /home/airflow/.local/lib/python3.7/site-packages/airflow/example_dags/example_time_delta_sensor_async.py
[2022-11-08T14:40:20.929+0000] {processor.py:766} INFO - DAG(s) dict_keys(['example_time_delta_sensor_async']) retrieved from /home/airflow/.local/lib/python3.7/site-packages/airflow/example_dags/example_time_delta_sensor_async.py
[2022-11-08T14:40:21.066+0000] {logging_mixin.py:120} INFO - [2022-11-08T14:40:21.066+0000] {dag.py:2585} INFO - Sync 1 DAGs
[2022-11-08T14:40:21.086+0000] {logging_mixin.py:120} INFO - [2022-11-08T14:40:21.086+0000] {dag.py:3340} INFO - Setting next_dagrun for example_time_delta_sensor_async to None, run_after=None
[2022-11-08T14:40:21.104+0000] {processor.py:176} INFO - Processing /home/airflow/.local/lib/python3.7/site-packages/airflow/example_dags/example_time_delta_sensor_async.py took 0.192 seconds
[2022-11-08T14:40:51.197+0000] {processor.py:154} INFO - Started process (PID=3458) to work on /home/airflow/.local/lib/python3.7/site-packages/airflow/example_dags/example_time_delta_sensor_async.py
[2022-11-08T14:40:51.198+0000] {processor.py:756} INFO - Processing file /home/airflow/.local/lib/python3.7/site-packages/airflow/example_dags/example_time_delta_sensor_async.py for tasks to queue
[2022-11-08T14:40:51.198+0000] {logging_mixin.py:120} INFO - [2022-11-08T14:40:51.198+0000] {dagbag.py:537} INFO - Filling up the DagBag from /home/airflow/.local/lib/python3.7/site-packages/airflow/example_dags/example_time_delta_sensor_async.py
[2022-11-08T14:40:51.210+0000] {processor.py:766} INFO - DAG(s) dict_keys(['example_time_delta_sensor_async']) retrieved from /home/airflow/.local/lib/python3.7/site-packages/airflow/example_dags/example_time_delta_sensor_async.py
[2022-11-08T14:40:51.372+0000] {logging_mixin.py:120} INFO - [2022-11-08T14:40:51.372+0000] {dag.py:2585} INFO - Sync 1 DAGs
[2022-11-08T14:40:51.399+0000] {logging_mixin.py:120} INFO - [2022-11-08T14:40:51.399+0000] {dag.py:3340} INFO - Setting next_dagrun for example_time_delta_sensor_async to None, run_after=None
[2022-11-08T14:40:51.421+0000] {processor.py:176} INFO - Processing /home/airflow/.local/lib/python3.7/site-packages/airflow/example_dags/example_time_delta_sensor_async.py took 0.229 seconds
[2022-11-08T14:41:21.610+0000] {processor.py:154} INFO - Started process (PID=3658) to work on /home/airflow/.local/lib/python3.7/site-packages/airflow/example_dags/example_time_delta_sensor_async.py
[2022-11-08T14:41:21.611+0000] {processor.py:756} INFO - Processing file /home/airflow/.local/lib/python3.7/site-packages/airflow/example_dags/example_time_delta_sensor_async.py for tasks to queue
[2022-11-08T14:41:21.612+0000] {logging_mixin.py:120} INFO - [2022-11-08T14:41:21.612+0000] {dagbag.py:537} INFO - Filling up the DagBag from /home/airflow/.local/lib/python3.7/site-packages/airflow/example_dags/example_time_delta_sensor_async.py
[2022-11-08T14:41:21.624+0000] {processor.py:766} INFO - DAG(s) dict_keys(['example_time_delta_sensor_async']) retrieved from /home/airflow/.local/lib/python3.7/site-packages/airflow/example_dags/example_time_delta_sensor_async.py
[2022-11-08T14:41:21.805+0000] {logging_mixin.py:120} INFO - [2022-11-08T14:41:21.804+0000] {dag.py:2585} INFO - Sync 1 DAGs
[2022-11-08T14:41:21.827+0000] {logging_mixin.py:120} INFO - [2022-11-08T14:41:21.827+0000] {dag.py:3340} INFO - Setting next_dagrun for example_time_delta_sensor_async to None, run_after=None
[2022-11-08T14:41:21.845+0000] {processor.py:176} INFO - Processing /home/airflow/.local/lib/python3.7/site-packages/airflow/example_dags/example_time_delta_sensor_async.py took 0.239 seconds
[2022-11-08T14:41:51.904+0000] {processor.py:154} INFO - Started process (PID=3863) to work on /home/airflow/.local/lib/python3.7/site-packages/airflow/example_dags/example_time_delta_sensor_async.py
[2022-11-08T14:41:51.905+0000] {processor.py:756} INFO - Processing file /home/airflow/.local/lib/python3.7/site-packages/airflow/example_dags/example_time_delta_sensor_async.py for tasks to queue
[2022-11-08T14:41:51.906+0000] {logging_mixin.py:120} INFO - [2022-11-08T14:41:51.905+0000] {dagbag.py:537} INFO - Filling up the DagBag from /home/airflow/.local/lib/python3.7/site-packages/airflow/example_dags/example_time_delta_sensor_async.py
[2022-11-08T14:41:51.917+0000] {processor.py:766} INFO - DAG(s) dict_keys(['example_time_delta_sensor_async']) retrieved from /home/airflow/.local/lib/python3.7/site-packages/airflow/example_dags/example_time_delta_sensor_async.py
[2022-11-08T14:41:52.065+0000] {logging_mixin.py:120} INFO - [2022-11-08T14:41:52.065+0000] {dag.py:2585} INFO - Sync 1 DAGs
[2022-11-08T14:41:52.090+0000] {logging_mixin.py:120} INFO - [2022-11-08T14:41:52.090+0000] {dag.py:3340} INFO - Setting next_dagrun for example_time_delta_sensor_async to None, run_after=None
[2022-11-08T14:41:52.110+0000] {processor.py:176} INFO - Processing /home/airflow/.local/lib/python3.7/site-packages/airflow/example_dags/example_time_delta_sensor_async.py took 0.209 seconds
[2022-11-08T14:42:22.162+0000] {processor.py:154} INFO - Started process (PID=4070) to work on /home/airflow/.local/lib/python3.7/site-packages/airflow/example_dags/example_time_delta_sensor_async.py
[2022-11-08T14:42:22.164+0000] {processor.py:756} INFO - Processing file /home/airflow/.local/lib/python3.7/site-packages/airflow/example_dags/example_time_delta_sensor_async.py for tasks to queue
[2022-11-08T14:42:22.165+0000] {logging_mixin.py:120} INFO - [2022-11-08T14:42:22.164+0000] {dagbag.py:537} INFO - Filling up the DagBag from /home/airflow/.local/lib/python3.7/site-packages/airflow/example_dags/example_time_delta_sensor_async.py
[2022-11-08T14:42:22.187+0000] {processor.py:766} INFO - DAG(s) dict_keys(['example_time_delta_sensor_async']) retrieved from /home/airflow/.local/lib/python3.7/site-packages/airflow/example_dags/example_time_delta_sensor_async.py
[2022-11-08T14:42:22.229+0000] {logging_mixin.py:120} INFO - [2022-11-08T14:42:22.228+0000] {dag.py:2585} INFO - Sync 1 DAGs
[2022-11-08T14:42:22.259+0000] {logging_mixin.py:120} INFO - [2022-11-08T14:42:22.259+0000] {dag.py:3340} INFO - Setting next_dagrun for example_time_delta_sensor_async to None, run_after=None
[2022-11-08T14:42:22.279+0000] {processor.py:176} INFO - Processing /home/airflow/.local/lib/python3.7/site-packages/airflow/example_dags/example_time_delta_sensor_async.py took 0.122 seconds
[2022-11-08T14:42:52.905+0000] {processor.py:154} INFO - Started process (PID=4272) to work on /home/airflow/.local/lib/python3.7/site-packages/airflow/example_dags/example_time_delta_sensor_async.py
[2022-11-08T14:42:52.906+0000] {processor.py:756} INFO - Processing file /home/airflow/.local/lib/python3.7/site-packages/airflow/example_dags/example_time_delta_sensor_async.py for tasks to queue
[2022-11-08T14:42:52.906+0000] {logging_mixin.py:120} INFO - [2022-11-08T14:42:52.906+0000] {dagbag.py:537} INFO - Filling up the DagBag from /home/airflow/.local/lib/python3.7/site-packages/airflow/example_dags/example_time_delta_sensor_async.py
[2022-11-08T14:42:52.916+0000] {processor.py:766} INFO - DAG(s) dict_keys(['example_time_delta_sensor_async']) retrieved from /home/airflow/.local/lib/python3.7/site-packages/airflow/example_dags/example_time_delta_sensor_async.py
[2022-11-08T14:42:53.055+0000] {logging_mixin.py:120} INFO - [2022-11-08T14:42:53.054+0000] {dag.py:2585} INFO - Sync 1 DAGs
[2022-11-08T14:42:53.076+0000] {logging_mixin.py:120} INFO - [2022-11-08T14:42:53.076+0000] {dag.py:3340} INFO - Setting next_dagrun for example_time_delta_sensor_async to None, run_after=None
[2022-11-08T14:42:53.091+0000] {processor.py:176} INFO - Processing /home/airflow/.local/lib/python3.7/site-packages/airflow/example_dags/example_time_delta_sensor_async.py took 0.190 seconds
[2022-11-08T14:43:23.642+0000] {processor.py:154} INFO - Started process (PID=4479) to work on /home/airflow/.local/lib/python3.7/site-packages/airflow/example_dags/example_time_delta_sensor_async.py
[2022-11-08T14:43:23.643+0000] {processor.py:756} INFO - Processing file /home/airflow/.local/lib/python3.7/site-packages/airflow/example_dags/example_time_delta_sensor_async.py for tasks to queue
[2022-11-08T14:43:23.644+0000] {logging_mixin.py:120} INFO - [2022-11-08T14:43:23.644+0000] {dagbag.py:537} INFO - Filling up the DagBag from /home/airflow/.local/lib/python3.7/site-packages/airflow/example_dags/example_time_delta_sensor_async.py
[2022-11-08T14:43:23.655+0000] {processor.py:766} INFO - DAG(s) dict_keys(['example_time_delta_sensor_async']) retrieved from /home/airflow/.local/lib/python3.7/site-packages/airflow/example_dags/example_time_delta_sensor_async.py
[2022-11-08T14:43:23.778+0000] {logging_mixin.py:120} INFO - [2022-11-08T14:43:23.777+0000] {dag.py:2585} INFO - Sync 1 DAGs
[2022-11-08T14:43:23.796+0000] {logging_mixin.py:120} INFO - [2022-11-08T14:43:23.796+0000] {dag.py:3340} INFO - Setting next_dagrun for example_time_delta_sensor_async to None, run_after=None
[2022-11-08T14:43:23.811+0000] {processor.py:176} INFO - Processing /home/airflow/.local/lib/python3.7/site-packages/airflow/example_dags/example_time_delta_sensor_async.py took 0.173 seconds
[2022-11-08T14:43:53.916+0000] {processor.py:154} INFO - Started process (PID=4677) to work on /home/airflow/.local/lib/python3.7/site-packages/airflow/example_dags/example_time_delta_sensor_async.py
[2022-11-08T14:43:53.917+0000] {processor.py:756} INFO - Processing file /home/airflow/.local/lib/python3.7/site-packages/airflow/example_dags/example_time_delta_sensor_async.py for tasks to queue
[2022-11-08T14:43:53.918+0000] {logging_mixin.py:120} INFO - [2022-11-08T14:43:53.917+0000] {dagbag.py:537} INFO - Filling up the DagBag from /home/airflow/.local/lib/python3.7/site-packages/airflow/example_dags/example_time_delta_sensor_async.py
[2022-11-08T14:43:53.932+0000] {processor.py:766} INFO - DAG(s) dict_keys(['example_time_delta_sensor_async']) retrieved from /home/airflow/.local/lib/python3.7/site-packages/airflow/example_dags/example_time_delta_sensor_async.py
[2022-11-08T14:43:54.114+0000] {logging_mixin.py:120} INFO - [2022-11-08T14:43:54.114+0000] {dag.py:2585} INFO - Sync 1 DAGs
[2022-11-08T14:43:54.141+0000] {logging_mixin.py:120} INFO - [2022-11-08T14:43:54.141+0000] {dag.py:3340} INFO - Setting next_dagrun for example_time_delta_sensor_async to None, run_after=None
[2022-11-08T14:43:54.159+0000] {processor.py:176} INFO - Processing /home/airflow/.local/lib/python3.7/site-packages/airflow/example_dags/example_time_delta_sensor_async.py took 0.248 seconds
[2022-11-08T14:44:24.581+0000] {processor.py:154} INFO - Started process (PID=4884) to work on /home/airflow/.local/lib/python3.7/site-packages/airflow/example_dags/example_time_delta_sensor_async.py
[2022-11-08T14:44:24.583+0000] {processor.py:756} INFO - Processing file /home/airflow/.local/lib/python3.7/site-packages/airflow/example_dags/example_time_delta_sensor_async.py for tasks to queue
[2022-11-08T14:44:24.585+0000] {logging_mixin.py:120} INFO - [2022-11-08T14:44:24.584+0000] {dagbag.py:537} INFO - Filling up the DagBag from /home/airflow/.local/lib/python3.7/site-packages/airflow/example_dags/example_time_delta_sensor_async.py
[2022-11-08T14:44:24.599+0000] {processor.py:766} INFO - DAG(s) dict_keys(['example_time_delta_sensor_async']) retrieved from /home/airflow/.local/lib/python3.7/site-packages/airflow/example_dags/example_time_delta_sensor_async.py
[2022-11-08T14:44:24.793+0000] {logging_mixin.py:120} INFO - [2022-11-08T14:44:24.792+0000] {dag.py:2585} INFO - Sync 1 DAGs
[2022-11-08T14:44:24.814+0000] {logging_mixin.py:120} INFO - [2022-11-08T14:44:24.814+0000] {dag.py:3340} INFO - Setting next_dagrun for example_time_delta_sensor_async to None, run_after=None
[2022-11-08T14:44:24.838+0000] {processor.py:176} INFO - Processing /home/airflow/.local/lib/python3.7/site-packages/airflow/example_dags/example_time_delta_sensor_async.py took 0.263 seconds
[2022-11-08T14:44:55.425+0000] {processor.py:154} INFO - Started process (PID=5090) to work on /home/airflow/.local/lib/python3.7/site-packages/airflow/example_dags/example_time_delta_sensor_async.py
[2022-11-08T14:44:55.426+0000] {processor.py:756} INFO - Processing file /home/airflow/.local/lib/python3.7/site-packages/airflow/example_dags/example_time_delta_sensor_async.py for tasks to queue
[2022-11-08T14:44:55.427+0000] {logging_mixin.py:120} INFO - [2022-11-08T14:44:55.427+0000] {dagbag.py:537} INFO - Filling up the DagBag from /home/airflow/.local/lib/python3.7/site-packages/airflow/example_dags/example_time_delta_sensor_async.py
[2022-11-08T14:44:55.437+0000] {processor.py:766} INFO - DAG(s) dict_keys(['example_time_delta_sensor_async']) retrieved from /home/airflow/.local/lib/python3.7/site-packages/airflow/example_dags/example_time_delta_sensor_async.py
[2022-11-08T14:44:55.563+0000] {logging_mixin.py:120} INFO - [2022-11-08T14:44:55.563+0000] {dag.py:2585} INFO - Sync 1 DAGs
[2022-11-08T14:44:55.582+0000] {logging_mixin.py:120} INFO - [2022-11-08T14:44:55.582+0000] {dag.py:3340} INFO - Setting next_dagrun for example_time_delta_sensor_async to None, run_after=None
[2022-11-08T14:44:55.598+0000] {processor.py:176} INFO - Processing /home/airflow/.local/lib/python3.7/site-packages/airflow/example_dags/example_time_delta_sensor_async.py took 0.178 seconds
[2022-11-08T14:45:25.877+0000] {processor.py:154} INFO - Started process (PID=5297) to work on /home/airflow/.local/lib/python3.7/site-packages/airflow/example_dags/example_time_delta_sensor_async.py
[2022-11-08T14:45:25.878+0000] {processor.py:756} INFO - Processing file /home/airflow/.local/lib/python3.7/site-packages/airflow/example_dags/example_time_delta_sensor_async.py for tasks to queue
[2022-11-08T14:45:25.879+0000] {logging_mixin.py:120} INFO - [2022-11-08T14:45:25.878+0000] {dagbag.py:537} INFO - Filling up the DagBag from /home/airflow/.local/lib/python3.7/site-packages/airflow/example_dags/example_time_delta_sensor_async.py
[2022-11-08T14:45:25.889+0000] {processor.py:766} INFO - DAG(s) dict_keys(['example_time_delta_sensor_async']) retrieved from /home/airflow/.local/lib/python3.7/site-packages/airflow/example_dags/example_time_delta_sensor_async.py
[2022-11-08T14:45:26.013+0000] {logging_mixin.py:120} INFO - [2022-11-08T14:45:26.012+0000] {dag.py:2585} INFO - Sync 1 DAGs
[2022-11-08T14:45:26.032+0000] {logging_mixin.py:120} INFO - [2022-11-08T14:45:26.031+0000] {dag.py:3340} INFO - Setting next_dagrun for example_time_delta_sensor_async to None, run_after=None
[2022-11-08T14:45:26.049+0000] {processor.py:176} INFO - Processing /home/airflow/.local/lib/python3.7/site-packages/airflow/example_dags/example_time_delta_sensor_async.py took 0.175 seconds
[2022-11-08T14:45:56.285+0000] {processor.py:154} INFO - Started process (PID=5504) to work on /home/airflow/.local/lib/python3.7/site-packages/airflow/example_dags/example_time_delta_sensor_async.py
[2022-11-08T14:45:56.286+0000] {processor.py:756} INFO - Processing file /home/airflow/.local/lib/python3.7/site-packages/airflow/example_dags/example_time_delta_sensor_async.py for tasks to queue
[2022-11-08T14:45:56.287+0000] {logging_mixin.py:120} INFO - [2022-11-08T14:45:56.287+0000] {dagbag.py:537} INFO - Filling up the DagBag from /home/airflow/.local/lib/python3.7/site-packages/airflow/example_dags/example_time_delta_sensor_async.py
[2022-11-08T14:45:56.299+0000] {processor.py:766} INFO - DAG(s) dict_keys(['example_time_delta_sensor_async']) retrieved from /home/airflow/.local/lib/python3.7/site-packages/airflow/example_dags/example_time_delta_sensor_async.py
[2022-11-08T14:45:56.426+0000] {logging_mixin.py:120} INFO - [2022-11-08T14:45:56.426+0000] {dag.py:2585} INFO - Sync 1 DAGs
[2022-11-08T14:45:56.445+0000] {logging_mixin.py:120} INFO - [2022-11-08T14:45:56.445+0000] {dag.py:3340} INFO - Setting next_dagrun for example_time_delta_sensor_async to None, run_after=None
[2022-11-08T14:45:56.460+0000] {processor.py:176} INFO - Processing /home/airflow/.local/lib/python3.7/site-packages/airflow/example_dags/example_time_delta_sensor_async.py took 0.179 seconds
[2022-11-08T14:46:26.658+0000] {processor.py:154} INFO - Started process (PID=5702) to work on /home/airflow/.local/lib/python3.7/site-packages/airflow/example_dags/example_time_delta_sensor_async.py
[2022-11-08T14:46:26.659+0000] {processor.py:756} INFO - Processing file /home/airflow/.local/lib/python3.7/site-packages/airflow/example_dags/example_time_delta_sensor_async.py for tasks to queue
[2022-11-08T14:46:26.660+0000] {logging_mixin.py:120} INFO - [2022-11-08T14:46:26.660+0000] {dagbag.py:537} INFO - Filling up the DagBag from /home/airflow/.local/lib/python3.7/site-packages/airflow/example_dags/example_time_delta_sensor_async.py
[2022-11-08T14:46:26.672+0000] {processor.py:766} INFO - DAG(s) dict_keys(['example_time_delta_sensor_async']) retrieved from /home/airflow/.local/lib/python3.7/site-packages/airflow/example_dags/example_time_delta_sensor_async.py
[2022-11-08T14:46:26.840+0000] {logging_mixin.py:120} INFO - [2022-11-08T14:46:26.840+0000] {dag.py:2585} INFO - Sync 1 DAGs
[2022-11-08T14:46:26.864+0000] {logging_mixin.py:120} INFO - [2022-11-08T14:46:26.864+0000] {dag.py:3340} INFO - Setting next_dagrun for example_time_delta_sensor_async to None, run_after=None
[2022-11-08T14:46:26.884+0000] {processor.py:176} INFO - Processing /home/airflow/.local/lib/python3.7/site-packages/airflow/example_dags/example_time_delta_sensor_async.py took 0.229 seconds
[2022-11-08T14:46:57.617+0000] {processor.py:154} INFO - Started process (PID=5909) to work on /home/airflow/.local/lib/python3.7/site-packages/airflow/example_dags/example_time_delta_sensor_async.py
[2022-11-08T14:46:57.618+0000] {processor.py:756} INFO - Processing file /home/airflow/.local/lib/python3.7/site-packages/airflow/example_dags/example_time_delta_sensor_async.py for tasks to queue
[2022-11-08T14:46:57.619+0000] {logging_mixin.py:120} INFO - [2022-11-08T14:46:57.619+0000] {dagbag.py:537} INFO - Filling up the DagBag from /home/airflow/.local/lib/python3.7/site-packages/airflow/example_dags/example_time_delta_sensor_async.py
[2022-11-08T14:46:57.630+0000] {processor.py:766} INFO - DAG(s) dict_keys(['example_time_delta_sensor_async']) retrieved from /home/airflow/.local/lib/python3.7/site-packages/airflow/example_dags/example_time_delta_sensor_async.py
[2022-11-08T14:46:57.651+0000] {logging_mixin.py:120} INFO - [2022-11-08T14:46:57.651+0000] {dag.py:2585} INFO - Sync 1 DAGs
[2022-11-08T14:46:57.672+0000] {logging_mixin.py:120} INFO - [2022-11-08T14:46:57.672+0000] {dag.py:3340} INFO - Setting next_dagrun for example_time_delta_sensor_async to None, run_after=None
[2022-11-08T14:46:57.687+0000] {processor.py:176} INFO - Processing /home/airflow/.local/lib/python3.7/site-packages/airflow/example_dags/example_time_delta_sensor_async.py took 0.075 seconds
[2022-11-08T14:47:27.834+0000] {processor.py:154} INFO - Started process (PID=6116) to work on /home/airflow/.local/lib/python3.7/site-packages/airflow/example_dags/example_time_delta_sensor_async.py
[2022-11-08T14:47:27.835+0000] {processor.py:756} INFO - Processing file /home/airflow/.local/lib/python3.7/site-packages/airflow/example_dags/example_time_delta_sensor_async.py for tasks to queue
[2022-11-08T14:47:27.836+0000] {logging_mixin.py:120} INFO - [2022-11-08T14:47:27.836+0000] {dagbag.py:537} INFO - Filling up the DagBag from /home/airflow/.local/lib/python3.7/site-packages/airflow/example_dags/example_time_delta_sensor_async.py
[2022-11-08T14:47:27.850+0000] {processor.py:766} INFO - DAG(s) dict_keys(['example_time_delta_sensor_async']) retrieved from /home/airflow/.local/lib/python3.7/site-packages/airflow/example_dags/example_time_delta_sensor_async.py
[2022-11-08T14:47:28.012+0000] {logging_mixin.py:120} INFO - [2022-11-08T14:47:28.012+0000] {dag.py:2585} INFO - Sync 1 DAGs
[2022-11-08T14:47:28.041+0000] {logging_mixin.py:120} INFO - [2022-11-08T14:47:28.040+0000] {dag.py:3340} INFO - Setting next_dagrun for example_time_delta_sensor_async to None, run_after=None
[2022-11-08T14:47:28.065+0000] {processor.py:176} INFO - Processing /home/airflow/.local/lib/python3.7/site-packages/airflow/example_dags/example_time_delta_sensor_async.py took 0.234 seconds
[2022-11-08T14:47:58.690+0000] {processor.py:154} INFO - Started process (PID=6323) to work on /home/airflow/.local/lib/python3.7/site-packages/airflow/example_dags/example_time_delta_sensor_async.py
[2022-11-08T14:47:58.691+0000] {processor.py:756} INFO - Processing file /home/airflow/.local/lib/python3.7/site-packages/airflow/example_dags/example_time_delta_sensor_async.py for tasks to queue
[2022-11-08T14:47:58.691+0000] {logging_mixin.py:120} INFO - [2022-11-08T14:47:58.691+0000] {dagbag.py:537} INFO - Filling up the DagBag from /home/airflow/.local/lib/python3.7/site-packages/airflow/example_dags/example_time_delta_sensor_async.py
[2022-11-08T14:47:58.704+0000] {processor.py:766} INFO - DAG(s) dict_keys(['example_time_delta_sensor_async']) retrieved from /home/airflow/.local/lib/python3.7/site-packages/airflow/example_dags/example_time_delta_sensor_async.py
[2022-11-08T14:47:58.863+0000] {logging_mixin.py:120} INFO - [2022-11-08T14:47:58.863+0000] {dag.py:2585} INFO - Sync 1 DAGs
[2022-11-08T14:47:58.884+0000] {logging_mixin.py:120} INFO - [2022-11-08T14:47:58.884+0000] {dag.py:3340} INFO - Setting next_dagrun for example_time_delta_sensor_async to None, run_after=None
[2022-11-08T14:47:58.901+0000] {processor.py:176} INFO - Processing /home/airflow/.local/lib/python3.7/site-packages/airflow/example_dags/example_time_delta_sensor_async.py took 0.215 seconds
[2022-11-08T14:48:29.362+0000] {processor.py:154} INFO - Started process (PID=6528) to work on /home/airflow/.local/lib/python3.7/site-packages/airflow/example_dags/example_time_delta_sensor_async.py
[2022-11-08T14:48:29.363+0000] {processor.py:756} INFO - Processing file /home/airflow/.local/lib/python3.7/site-packages/airflow/example_dags/example_time_delta_sensor_async.py for tasks to queue
[2022-11-08T14:48:29.365+0000] {logging_mixin.py:120} INFO - [2022-11-08T14:48:29.364+0000] {dagbag.py:537} INFO - Filling up the DagBag from /home/airflow/.local/lib/python3.7/site-packages/airflow/example_dags/example_time_delta_sensor_async.py
[2022-11-08T14:48:29.385+0000] {processor.py:766} INFO - DAG(s) dict_keys(['example_time_delta_sensor_async']) retrieved from /home/airflow/.local/lib/python3.7/site-packages/airflow/example_dags/example_time_delta_sensor_async.py
[2022-11-08T14:48:29.646+0000] {logging_mixin.py:120} INFO - [2022-11-08T14:48:29.645+0000] {dag.py:2585} INFO - Sync 1 DAGs
[2022-11-08T14:48:29.684+0000] {logging_mixin.py:120} INFO - [2022-11-08T14:48:29.684+0000] {dag.py:3340} INFO - Setting next_dagrun for example_time_delta_sensor_async to None, run_after=None
[2022-11-08T14:48:29.708+0000] {processor.py:176} INFO - Processing /home/airflow/.local/lib/python3.7/site-packages/airflow/example_dags/example_time_delta_sensor_async.py took 0.349 seconds
[2022-11-08T14:48:59.802+0000] {processor.py:154} INFO - Started process (PID=6729) to work on /home/airflow/.local/lib/python3.7/site-packages/airflow/example_dags/example_time_delta_sensor_async.py
[2022-11-08T14:48:59.803+0000] {processor.py:756} INFO - Processing file /home/airflow/.local/lib/python3.7/site-packages/airflow/example_dags/example_time_delta_sensor_async.py for tasks to queue
[2022-11-08T14:48:59.804+0000] {logging_mixin.py:120} INFO - [2022-11-08T14:48:59.804+0000] {dagbag.py:537} INFO - Filling up the DagBag from /home/airflow/.local/lib/python3.7/site-packages/airflow/example_dags/example_time_delta_sensor_async.py
[2022-11-08T14:48:59.816+0000] {processor.py:766} INFO - DAG(s) dict_keys(['example_time_delta_sensor_async']) retrieved from /home/airflow/.local/lib/python3.7/site-packages/airflow/example_dags/example_time_delta_sensor_async.py
[2022-11-08T14:48:59.955+0000] {logging_mixin.py:120} INFO - [2022-11-08T14:48:59.954+0000] {dag.py:2585} INFO - Sync 1 DAGs
[2022-11-08T14:48:59.976+0000] {logging_mixin.py:120} INFO - [2022-11-08T14:48:59.975+0000] {dag.py:3340} INFO - Setting next_dagrun for example_time_delta_sensor_async to None, run_after=None
[2022-11-08T14:48:59.992+0000] {processor.py:176} INFO - Processing /home/airflow/.local/lib/python3.7/site-packages/airflow/example_dags/example_time_delta_sensor_async.py took 0.193 seconds
[2022-11-08T14:49:30.374+0000] {processor.py:154} INFO - Started process (PID=6936) to work on /home/airflow/.local/lib/python3.7/site-packages/airflow/example_dags/example_time_delta_sensor_async.py
[2022-11-08T14:49:30.374+0000] {processor.py:756} INFO - Processing file /home/airflow/.local/lib/python3.7/site-packages/airflow/example_dags/example_time_delta_sensor_async.py for tasks to queue
[2022-11-08T14:49:30.375+0000] {logging_mixin.py:120} INFO - [2022-11-08T14:49:30.375+0000] {dagbag.py:537} INFO - Filling up the DagBag from /home/airflow/.local/lib/python3.7/site-packages/airflow/example_dags/example_time_delta_sensor_async.py
[2022-11-08T14:49:30.385+0000] {processor.py:766} INFO - DAG(s) dict_keys(['example_time_delta_sensor_async']) retrieved from /home/airflow/.local/lib/python3.7/site-packages/airflow/example_dags/example_time_delta_sensor_async.py
[2022-11-08T14:49:30.509+0000] {logging_mixin.py:120} INFO - [2022-11-08T14:49:30.508+0000] {dag.py:2585} INFO - Sync 1 DAGs
[2022-11-08T14:49:30.527+0000] {logging_mixin.py:120} INFO - [2022-11-08T14:49:30.527+0000] {dag.py:3340} INFO - Setting next_dagrun for example_time_delta_sensor_async to None, run_after=None
[2022-11-08T14:49:30.543+0000] {processor.py:176} INFO - Processing /home/airflow/.local/lib/python3.7/site-packages/airflow/example_dags/example_time_delta_sensor_async.py took 0.174 seconds
[2022-11-08T14:50:00.767+0000] {processor.py:154} INFO - Started process (PID=7143) to work on /home/airflow/.local/lib/python3.7/site-packages/airflow/example_dags/example_time_delta_sensor_async.py
[2022-11-08T14:50:00.768+0000] {processor.py:756} INFO - Processing file /home/airflow/.local/lib/python3.7/site-packages/airflow/example_dags/example_time_delta_sensor_async.py for tasks to queue
[2022-11-08T14:50:00.769+0000] {logging_mixin.py:120} INFO - [2022-11-08T14:50:00.769+0000] {dagbag.py:537} INFO - Filling up the DagBag from /home/airflow/.local/lib/python3.7/site-packages/airflow/example_dags/example_time_delta_sensor_async.py
[2022-11-08T14:50:00.779+0000] {processor.py:766} INFO - DAG(s) dict_keys(['example_time_delta_sensor_async']) retrieved from /home/airflow/.local/lib/python3.7/site-packages/airflow/example_dags/example_time_delta_sensor_async.py
[2022-11-08T14:50:00.926+0000] {logging_mixin.py:120} INFO - [2022-11-08T14:50:00.925+0000] {dag.py:2585} INFO - Sync 1 DAGs
[2022-11-08T14:50:00.946+0000] {logging_mixin.py:120} INFO - [2022-11-08T14:50:00.946+0000] {dag.py:3340} INFO - Setting next_dagrun for example_time_delta_sensor_async to None, run_after=None
[2022-11-08T14:50:00.962+0000] {processor.py:176} INFO - Processing /home/airflow/.local/lib/python3.7/site-packages/airflow/example_dags/example_time_delta_sensor_async.py took 0.200 seconds
[2022-11-08T14:50:31.294+0000] {processor.py:154} INFO - Started process (PID=7349) to work on /home/airflow/.local/lib/python3.7/site-packages/airflow/example_dags/example_time_delta_sensor_async.py
[2022-11-08T14:50:31.294+0000] {processor.py:756} INFO - Processing file /home/airflow/.local/lib/python3.7/site-packages/airflow/example_dags/example_time_delta_sensor_async.py for tasks to queue
[2022-11-08T14:50:31.295+0000] {logging_mixin.py:120} INFO - [2022-11-08T14:50:31.295+0000] {dagbag.py:537} INFO - Filling up the DagBag from /home/airflow/.local/lib/python3.7/site-packages/airflow/example_dags/example_time_delta_sensor_async.py
[2022-11-08T14:50:31.306+0000] {processor.py:766} INFO - DAG(s) dict_keys(['example_time_delta_sensor_async']) retrieved from /home/airflow/.local/lib/python3.7/site-packages/airflow/example_dags/example_time_delta_sensor_async.py
[2022-11-08T14:50:31.443+0000] {logging_mixin.py:120} INFO - [2022-11-08T14:50:31.442+0000] {dag.py:2585} INFO - Sync 1 DAGs
[2022-11-08T14:50:31.471+0000] {logging_mixin.py:120} INFO - [2022-11-08T14:50:31.471+0000] {dag.py:3340} INFO - Setting next_dagrun for example_time_delta_sensor_async to None, run_after=None
[2022-11-08T14:50:31.492+0000] {processor.py:176} INFO - Processing /home/airflow/.local/lib/python3.7/site-packages/airflow/example_dags/example_time_delta_sensor_async.py took 0.202 seconds
[2022-11-08T14:51:02.098+0000] {processor.py:154} INFO - Started process (PID=7547) to work on /home/airflow/.local/lib/python3.7/site-packages/airflow/example_dags/example_time_delta_sensor_async.py
[2022-11-08T14:51:02.099+0000] {processor.py:756} INFO - Processing file /home/airflow/.local/lib/python3.7/site-packages/airflow/example_dags/example_time_delta_sensor_async.py for tasks to queue
[2022-11-08T14:51:02.100+0000] {logging_mixin.py:120} INFO - [2022-11-08T14:51:02.100+0000] {dagbag.py:537} INFO - Filling up the DagBag from /home/airflow/.local/lib/python3.7/site-packages/airflow/example_dags/example_time_delta_sensor_async.py
[2022-11-08T14:51:02.111+0000] {processor.py:766} INFO - DAG(s) dict_keys(['example_time_delta_sensor_async']) retrieved from /home/airflow/.local/lib/python3.7/site-packages/airflow/example_dags/example_time_delta_sensor_async.py
[2022-11-08T14:51:02.235+0000] {logging_mixin.py:120} INFO - [2022-11-08T14:51:02.235+0000] {dag.py:2585} INFO - Sync 1 DAGs
[2022-11-08T14:51:02.255+0000] {logging_mixin.py:120} INFO - [2022-11-08T14:51:02.254+0000] {dag.py:3340} INFO - Setting next_dagrun for example_time_delta_sensor_async to None, run_after=None
[2022-11-08T14:51:02.271+0000] {processor.py:176} INFO - Processing /home/airflow/.local/lib/python3.7/site-packages/airflow/example_dags/example_time_delta_sensor_async.py took 0.176 seconds
[2022-11-08T14:51:32.833+0000] {processor.py:154} INFO - Started process (PID=7757) to work on /home/airflow/.local/lib/python3.7/site-packages/airflow/example_dags/example_time_delta_sensor_async.py
[2022-11-08T14:51:32.834+0000] {processor.py:756} INFO - Processing file /home/airflow/.local/lib/python3.7/site-packages/airflow/example_dags/example_time_delta_sensor_async.py for tasks to queue
[2022-11-08T14:51:32.835+0000] {logging_mixin.py:120} INFO - [2022-11-08T14:51:32.834+0000] {dagbag.py:537} INFO - Filling up the DagBag from /home/airflow/.local/lib/python3.7/site-packages/airflow/example_dags/example_time_delta_sensor_async.py
[2022-11-08T14:51:32.848+0000] {processor.py:766} INFO - DAG(s) dict_keys(['example_time_delta_sensor_async']) retrieved from /home/airflow/.local/lib/python3.7/site-packages/airflow/example_dags/example_time_delta_sensor_async.py
[2022-11-08T14:51:33.014+0000] {logging_mixin.py:120} INFO - [2022-11-08T14:51:33.014+0000] {dag.py:2585} INFO - Sync 1 DAGs
[2022-11-08T14:51:33.043+0000] {logging_mixin.py:120} INFO - [2022-11-08T14:51:33.043+0000] {dag.py:3340} INFO - Setting next_dagrun for example_time_delta_sensor_async to None, run_after=None
[2022-11-08T14:51:33.065+0000] {processor.py:176} INFO - Processing /home/airflow/.local/lib/python3.7/site-packages/airflow/example_dags/example_time_delta_sensor_async.py took 0.239 seconds
[2022-11-08T14:52:03.960+0000] {processor.py:154} INFO - Started process (PID=7964) to work on /home/airflow/.local/lib/python3.7/site-packages/airflow/example_dags/example_time_delta_sensor_async.py
[2022-11-08T14:52:03.961+0000] {processor.py:756} INFO - Processing file /home/airflow/.local/lib/python3.7/site-packages/airflow/example_dags/example_time_delta_sensor_async.py for tasks to queue
[2022-11-08T14:52:03.962+0000] {logging_mixin.py:120} INFO - [2022-11-08T14:52:03.962+0000] {dagbag.py:537} INFO - Filling up the DagBag from /home/airflow/.local/lib/python3.7/site-packages/airflow/example_dags/example_time_delta_sensor_async.py
[2022-11-08T14:52:03.978+0000] {processor.py:766} INFO - DAG(s) dict_keys(['example_time_delta_sensor_async']) retrieved from /home/airflow/.local/lib/python3.7/site-packages/airflow/example_dags/example_time_delta_sensor_async.py
[2022-11-08T14:52:04.137+0000] {logging_mixin.py:120} INFO - [2022-11-08T14:52:04.137+0000] {dag.py:2585} INFO - Sync 1 DAGs
[2022-11-08T14:52:04.164+0000] {logging_mixin.py:120} INFO - [2022-11-08T14:52:04.164+0000] {dag.py:3340} INFO - Setting next_dagrun for example_time_delta_sensor_async to None, run_after=None
[2022-11-08T14:52:04.187+0000] {processor.py:176} INFO - Processing /home/airflow/.local/lib/python3.7/site-packages/airflow/example_dags/example_time_delta_sensor_async.py took 0.230 seconds
[2022-11-08T14:52:34.397+0000] {processor.py:154} INFO - Started process (PID=8176) to work on /home/airflow/.local/lib/python3.7/site-packages/airflow/example_dags/example_time_delta_sensor_async.py
[2022-11-08T14:52:34.398+0000] {processor.py:756} INFO - Processing file /home/airflow/.local/lib/python3.7/site-packages/airflow/example_dags/example_time_delta_sensor_async.py for tasks to queue
[2022-11-08T14:52:34.399+0000] {logging_mixin.py:120} INFO - [2022-11-08T14:52:34.399+0000] {dagbag.py:537} INFO - Filling up the DagBag from /home/airflow/.local/lib/python3.7/site-packages/airflow/example_dags/example_time_delta_sensor_async.py
[2022-11-08T14:52:34.419+0000] {processor.py:766} INFO - DAG(s) dict_keys(['example_time_delta_sensor_async']) retrieved from /home/airflow/.local/lib/python3.7/site-packages/airflow/example_dags/example_time_delta_sensor_async.py
[2022-11-08T14:52:34.599+0000] {logging_mixin.py:120} INFO - [2022-11-08T14:52:34.599+0000] {dag.py:2585} INFO - Sync 1 DAGs
[2022-11-08T14:52:34.628+0000] {logging_mixin.py:120} INFO - [2022-11-08T14:52:34.628+0000] {dag.py:3340} INFO - Setting next_dagrun for example_time_delta_sensor_async to None, run_after=None
[2022-11-08T14:52:34.665+0000] {processor.py:176} INFO - Processing /home/airflow/.local/lib/python3.7/site-packages/airflow/example_dags/example_time_delta_sensor_async.py took 0.275 seconds
[2022-11-08T14:53:04.790+0000] {processor.py:154} INFO - Started process (PID=8380) to work on /home/airflow/.local/lib/python3.7/site-packages/airflow/example_dags/example_time_delta_sensor_async.py
[2022-11-08T14:53:04.791+0000] {processor.py:756} INFO - Processing file /home/airflow/.local/lib/python3.7/site-packages/airflow/example_dags/example_time_delta_sensor_async.py for tasks to queue
[2022-11-08T14:53:04.792+0000] {logging_mixin.py:120} INFO - [2022-11-08T14:53:04.791+0000] {dagbag.py:537} INFO - Filling up the DagBag from /home/airflow/.local/lib/python3.7/site-packages/airflow/example_dags/example_time_delta_sensor_async.py
[2022-11-08T14:53:04.806+0000] {processor.py:766} INFO - DAG(s) dict_keys(['example_time_delta_sensor_async']) retrieved from /home/airflow/.local/lib/python3.7/site-packages/airflow/example_dags/example_time_delta_sensor_async.py
[2022-11-08T14:53:04.950+0000] {logging_mixin.py:120} INFO - [2022-11-08T14:53:04.950+0000] {dag.py:2585} INFO - Sync 1 DAGs
[2022-11-08T14:53:04.976+0000] {logging_mixin.py:120} INFO - [2022-11-08T14:53:04.976+0000] {dag.py:3340} INFO - Setting next_dagrun for example_time_delta_sensor_async to None, run_after=None
[2022-11-08T14:53:04.995+0000] {processor.py:176} INFO - Processing /home/airflow/.local/lib/python3.7/site-packages/airflow/example_dags/example_time_delta_sensor_async.py took 0.210 seconds
[2022-11-08T14:53:35.117+0000] {processor.py:154} INFO - Started process (PID=8593) to work on /home/airflow/.local/lib/python3.7/site-packages/airflow/example_dags/example_time_delta_sensor_async.py
[2022-11-08T14:53:35.118+0000] {processor.py:756} INFO - Processing file /home/airflow/.local/lib/python3.7/site-packages/airflow/example_dags/example_time_delta_sensor_async.py for tasks to queue
[2022-11-08T14:53:35.119+0000] {logging_mixin.py:120} INFO - [2022-11-08T14:53:35.119+0000] {dagbag.py:537} INFO - Filling up the DagBag from /home/airflow/.local/lib/python3.7/site-packages/airflow/example_dags/example_time_delta_sensor_async.py
[2022-11-08T14:53:35.135+0000] {processor.py:766} INFO - DAG(s) dict_keys(['example_time_delta_sensor_async']) retrieved from /home/airflow/.local/lib/python3.7/site-packages/airflow/example_dags/example_time_delta_sensor_async.py
[2022-11-08T14:53:35.305+0000] {logging_mixin.py:120} INFO - [2022-11-08T14:53:35.305+0000] {dag.py:2585} INFO - Sync 1 DAGs
[2022-11-08T14:53:35.333+0000] {logging_mixin.py:120} INFO - [2022-11-08T14:53:35.333+0000] {dag.py:3340} INFO - Setting next_dagrun for example_time_delta_sensor_async to None, run_after=None
[2022-11-08T14:53:35.360+0000] {processor.py:176} INFO - Processing /home/airflow/.local/lib/python3.7/site-packages/airflow/example_dags/example_time_delta_sensor_async.py took 0.248 seconds
[2022-11-08T14:54:05.430+0000] {processor.py:154} INFO - Started process (PID=8805) to work on /home/airflow/.local/lib/python3.7/site-packages/airflow/example_dags/example_time_delta_sensor_async.py
[2022-11-08T14:54:05.431+0000] {processor.py:756} INFO - Processing file /home/airflow/.local/lib/python3.7/site-packages/airflow/example_dags/example_time_delta_sensor_async.py for tasks to queue
[2022-11-08T14:54:05.431+0000] {logging_mixin.py:120} INFO - [2022-11-08T14:54:05.431+0000] {dagbag.py:537} INFO - Filling up the DagBag from /home/airflow/.local/lib/python3.7/site-packages/airflow/example_dags/example_time_delta_sensor_async.py
[2022-11-08T14:54:05.446+0000] {processor.py:766} INFO - DAG(s) dict_keys(['example_time_delta_sensor_async']) retrieved from /home/airflow/.local/lib/python3.7/site-packages/airflow/example_dags/example_time_delta_sensor_async.py
[2022-11-08T14:54:05.595+0000] {logging_mixin.py:120} INFO - [2022-11-08T14:54:05.595+0000] {dag.py:2585} INFO - Sync 1 DAGs
[2022-11-08T14:54:05.619+0000] {logging_mixin.py:120} INFO - [2022-11-08T14:54:05.619+0000] {dag.py:3340} INFO - Setting next_dagrun for example_time_delta_sensor_async to None, run_after=None
[2022-11-08T14:54:05.639+0000] {processor.py:176} INFO - Processing /home/airflow/.local/lib/python3.7/site-packages/airflow/example_dags/example_time_delta_sensor_async.py took 0.212 seconds
[2022-11-08T14:54:35.779+0000] {processor.py:154} INFO - Started process (PID=8983) to work on /home/airflow/.local/lib/python3.7/site-packages/airflow/example_dags/example_time_delta_sensor_async.py
[2022-11-08T14:54:35.780+0000] {processor.py:756} INFO - Processing file /home/airflow/.local/lib/python3.7/site-packages/airflow/example_dags/example_time_delta_sensor_async.py for tasks to queue
[2022-11-08T14:54:35.781+0000] {logging_mixin.py:120} INFO - [2022-11-08T14:54:35.781+0000] {dagbag.py:537} INFO - Filling up the DagBag from /home/airflow/.local/lib/python3.7/site-packages/airflow/example_dags/example_time_delta_sensor_async.py
[2022-11-08T14:54:35.799+0000] {processor.py:766} INFO - DAG(s) dict_keys(['example_time_delta_sensor_async']) retrieved from /home/airflow/.local/lib/python3.7/site-packages/airflow/example_dags/example_time_delta_sensor_async.py
[2022-11-08T14:54:35.955+0000] {logging_mixin.py:120} INFO - [2022-11-08T14:54:35.955+0000] {dag.py:2585} INFO - Sync 1 DAGs
[2022-11-08T14:54:35.979+0000] {logging_mixin.py:120} INFO - [2022-11-08T14:54:35.979+0000] {dag.py:3340} INFO - Setting next_dagrun for example_time_delta_sensor_async to None, run_after=None
[2022-11-08T14:54:35.999+0000] {processor.py:176} INFO - Processing /home/airflow/.local/lib/python3.7/site-packages/airflow/example_dags/example_time_delta_sensor_async.py took 0.226 seconds
[2022-11-08T14:55:06.366+0000] {processor.py:154} INFO - Started process (PID=9190) to work on /home/airflow/.local/lib/python3.7/site-packages/airflow/example_dags/example_time_delta_sensor_async.py
[2022-11-08T14:55:06.367+0000] {processor.py:756} INFO - Processing file /home/airflow/.local/lib/python3.7/site-packages/airflow/example_dags/example_time_delta_sensor_async.py for tasks to queue
[2022-11-08T14:55:06.368+0000] {logging_mixin.py:120} INFO - [2022-11-08T14:55:06.368+0000] {dagbag.py:537} INFO - Filling up the DagBag from /home/airflow/.local/lib/python3.7/site-packages/airflow/example_dags/example_time_delta_sensor_async.py
[2022-11-08T14:55:06.382+0000] {processor.py:766} INFO - DAG(s) dict_keys(['example_time_delta_sensor_async']) retrieved from /home/airflow/.local/lib/python3.7/site-packages/airflow/example_dags/example_time_delta_sensor_async.py
[2022-11-08T14:55:06.536+0000] {logging_mixin.py:120} INFO - [2022-11-08T14:55:06.535+0000] {dag.py:2585} INFO - Sync 1 DAGs
[2022-11-08T14:55:06.560+0000] {logging_mixin.py:120} INFO - [2022-11-08T14:55:06.560+0000] {dag.py:3340} INFO - Setting next_dagrun for example_time_delta_sensor_async to None, run_after=None
[2022-11-08T14:55:06.580+0000] {processor.py:176} INFO - Processing /home/airflow/.local/lib/python3.7/site-packages/airflow/example_dags/example_time_delta_sensor_async.py took 0.218 seconds
[2022-11-08T14:55:36.619+0000] {processor.py:154} INFO - Started process (PID=9400) to work on /home/airflow/.local/lib/python3.7/site-packages/airflow/example_dags/example_time_delta_sensor_async.py
[2022-11-08T14:55:36.620+0000] {processor.py:756} INFO - Processing file /home/airflow/.local/lib/python3.7/site-packages/airflow/example_dags/example_time_delta_sensor_async.py for tasks to queue
[2022-11-08T14:55:36.621+0000] {logging_mixin.py:120} INFO - [2022-11-08T14:55:36.621+0000] {dagbag.py:537} INFO - Filling up the DagBag from /home/airflow/.local/lib/python3.7/site-packages/airflow/example_dags/example_time_delta_sensor_async.py
[2022-11-08T14:55:36.641+0000] {processor.py:766} INFO - DAG(s) dict_keys(['example_time_delta_sensor_async']) retrieved from /home/airflow/.local/lib/python3.7/site-packages/airflow/example_dags/example_time_delta_sensor_async.py
[2022-11-08T14:55:36.785+0000] {logging_mixin.py:120} INFO - [2022-11-08T14:55:36.785+0000] {dag.py:2585} INFO - Sync 1 DAGs
[2022-11-08T14:55:36.810+0000] {logging_mixin.py:120} INFO - [2022-11-08T14:55:36.810+0000] {dag.py:3340} INFO - Setting next_dagrun for example_time_delta_sensor_async to None, run_after=None
[2022-11-08T14:55:36.832+0000] {processor.py:176} INFO - Processing /home/airflow/.local/lib/python3.7/site-packages/airflow/example_dags/example_time_delta_sensor_async.py took 0.219 seconds
[2022-11-08T14:56:06.928+0000] {processor.py:154} INFO - Started process (PID=9604) to work on /home/airflow/.local/lib/python3.7/site-packages/airflow/example_dags/example_time_delta_sensor_async.py
[2022-11-08T14:56:06.930+0000] {processor.py:756} INFO - Processing file /home/airflow/.local/lib/python3.7/site-packages/airflow/example_dags/example_time_delta_sensor_async.py for tasks to queue
[2022-11-08T14:56:06.931+0000] {logging_mixin.py:120} INFO - [2022-11-08T14:56:06.931+0000] {dagbag.py:537} INFO - Filling up the DagBag from /home/airflow/.local/lib/python3.7/site-packages/airflow/example_dags/example_time_delta_sensor_async.py
[2022-11-08T14:56:06.948+0000] {processor.py:766} INFO - DAG(s) dict_keys(['example_time_delta_sensor_async']) retrieved from /home/airflow/.local/lib/python3.7/site-packages/airflow/example_dags/example_time_delta_sensor_async.py
[2022-11-08T14:56:07.119+0000] {logging_mixin.py:120} INFO - [2022-11-08T14:56:07.118+0000] {dag.py:2585} INFO - Sync 1 DAGs
[2022-11-08T14:56:07.143+0000] {logging_mixin.py:120} INFO - [2022-11-08T14:56:07.142+0000] {dag.py:3340} INFO - Setting next_dagrun for example_time_delta_sensor_async to None, run_after=None
[2022-11-08T14:56:07.166+0000] {processor.py:176} INFO - Processing /home/airflow/.local/lib/python3.7/site-packages/airflow/example_dags/example_time_delta_sensor_async.py took 0.243 seconds
[2022-11-08T14:56:37.240+0000] {processor.py:154} INFO - Started process (PID=9802) to work on /home/airflow/.local/lib/python3.7/site-packages/airflow/example_dags/example_time_delta_sensor_async.py
[2022-11-08T14:56:37.242+0000] {processor.py:756} INFO - Processing file /home/airflow/.local/lib/python3.7/site-packages/airflow/example_dags/example_time_delta_sensor_async.py for tasks to queue
[2022-11-08T14:56:37.242+0000] {logging_mixin.py:120} INFO - [2022-11-08T14:56:37.242+0000] {dagbag.py:537} INFO - Filling up the DagBag from /home/airflow/.local/lib/python3.7/site-packages/airflow/example_dags/example_time_delta_sensor_async.py
[2022-11-08T14:56:37.255+0000] {processor.py:766} INFO - DAG(s) dict_keys(['example_time_delta_sensor_async']) retrieved from /home/airflow/.local/lib/python3.7/site-packages/airflow/example_dags/example_time_delta_sensor_async.py
[2022-11-08T14:56:37.423+0000] {logging_mixin.py:120} INFO - [2022-11-08T14:56:37.423+0000] {dag.py:2585} INFO - Sync 1 DAGs
[2022-11-08T14:56:37.459+0000] {logging_mixin.py:120} INFO - [2022-11-08T14:56:37.459+0000] {dag.py:3340} INFO - Setting next_dagrun for example_time_delta_sensor_async to None, run_after=None
[2022-11-08T14:56:37.477+0000] {processor.py:176} INFO - Processing /home/airflow/.local/lib/python3.7/site-packages/airflow/example_dags/example_time_delta_sensor_async.py took 0.241 seconds
[2022-11-08T14:57:07.788+0000] {processor.py:154} INFO - Started process (PID=10010) to work on /home/airflow/.local/lib/python3.7/site-packages/airflow/example_dags/example_time_delta_sensor_async.py
[2022-11-08T14:57:07.790+0000] {processor.py:756} INFO - Processing file /home/airflow/.local/lib/python3.7/site-packages/airflow/example_dags/example_time_delta_sensor_async.py for tasks to queue
[2022-11-08T14:57:07.791+0000] {logging_mixin.py:120} INFO - [2022-11-08T14:57:07.791+0000] {dagbag.py:537} INFO - Filling up the DagBag from /home/airflow/.local/lib/python3.7/site-packages/airflow/example_dags/example_time_delta_sensor_async.py
[2022-11-08T14:57:07.805+0000] {processor.py:766} INFO - DAG(s) dict_keys(['example_time_delta_sensor_async']) retrieved from /home/airflow/.local/lib/python3.7/site-packages/airflow/example_dags/example_time_delta_sensor_async.py
[2022-11-08T14:57:07.961+0000] {logging_mixin.py:120} INFO - [2022-11-08T14:57:07.961+0000] {dag.py:2585} INFO - Sync 1 DAGs
[2022-11-08T14:57:07.986+0000] {logging_mixin.py:120} INFO - [2022-11-08T14:57:07.986+0000] {dag.py:3340} INFO - Setting next_dagrun for example_time_delta_sensor_async to None, run_after=None
[2022-11-08T14:57:08.005+0000] {processor.py:176} INFO - Processing /home/airflow/.local/lib/python3.7/site-packages/airflow/example_dags/example_time_delta_sensor_async.py took 0.221 seconds
[2022-11-08T14:57:38.121+0000] {processor.py:154} INFO - Started process (PID=10222) to work on /home/airflow/.local/lib/python3.7/site-packages/airflow/example_dags/example_time_delta_sensor_async.py
[2022-11-08T14:57:38.122+0000] {processor.py:756} INFO - Processing file /home/airflow/.local/lib/python3.7/site-packages/airflow/example_dags/example_time_delta_sensor_async.py for tasks to queue
[2022-11-08T14:57:38.123+0000] {logging_mixin.py:120} INFO - [2022-11-08T14:57:38.123+0000] {dagbag.py:537} INFO - Filling up the DagBag from /home/airflow/.local/lib/python3.7/site-packages/airflow/example_dags/example_time_delta_sensor_async.py
[2022-11-08T14:57:38.137+0000] {processor.py:766} INFO - DAG(s) dict_keys(['example_time_delta_sensor_async']) retrieved from /home/airflow/.local/lib/python3.7/site-packages/airflow/example_dags/example_time_delta_sensor_async.py
[2022-11-08T14:57:38.282+0000] {logging_mixin.py:120} INFO - [2022-11-08T14:57:38.281+0000] {dag.py:2585} INFO - Sync 1 DAGs
[2022-11-08T14:57:38.304+0000] {logging_mixin.py:120} INFO - [2022-11-08T14:57:38.304+0000] {dag.py:3340} INFO - Setting next_dagrun for example_time_delta_sensor_async to None, run_after=None
[2022-11-08T14:57:38.327+0000] {processor.py:176} INFO - Processing /home/airflow/.local/lib/python3.7/site-packages/airflow/example_dags/example_time_delta_sensor_async.py took 0.210 seconds
[2022-11-08T14:58:09.117+0000] {processor.py:154} INFO - Started process (PID=10415) to work on /home/airflow/.local/lib/python3.7/site-packages/airflow/example_dags/example_time_delta_sensor_async.py
[2022-11-08T14:58:09.118+0000] {processor.py:756} INFO - Processing file /home/airflow/.local/lib/python3.7/site-packages/airflow/example_dags/example_time_delta_sensor_async.py for tasks to queue
[2022-11-08T14:58:09.118+0000] {logging_mixin.py:120} INFO - [2022-11-08T14:58:09.118+0000] {dagbag.py:537} INFO - Filling up the DagBag from /home/airflow/.local/lib/python3.7/site-packages/airflow/example_dags/example_time_delta_sensor_async.py
[2022-11-08T14:58:09.135+0000] {processor.py:766} INFO - DAG(s) dict_keys(['example_time_delta_sensor_async']) retrieved from /home/airflow/.local/lib/python3.7/site-packages/airflow/example_dags/example_time_delta_sensor_async.py
[2022-11-08T14:58:09.289+0000] {logging_mixin.py:120} INFO - [2022-11-08T14:58:09.289+0000] {dag.py:2585} INFO - Sync 1 DAGs
[2022-11-08T14:58:09.315+0000] {logging_mixin.py:120} INFO - [2022-11-08T14:58:09.314+0000] {dag.py:3340} INFO - Setting next_dagrun for example_time_delta_sensor_async to None, run_after=None
[2022-11-08T14:58:09.335+0000] {processor.py:176} INFO - Processing /home/airflow/.local/lib/python3.7/site-packages/airflow/example_dags/example_time_delta_sensor_async.py took 0.221 seconds
[2022-11-08T14:58:39.452+0000] {processor.py:154} INFO - Started process (PID=10627) to work on /home/airflow/.local/lib/python3.7/site-packages/airflow/example_dags/example_time_delta_sensor_async.py
[2022-11-08T14:58:39.454+0000] {processor.py:756} INFO - Processing file /home/airflow/.local/lib/python3.7/site-packages/airflow/example_dags/example_time_delta_sensor_async.py for tasks to queue
[2022-11-08T14:58:39.455+0000] {logging_mixin.py:120} INFO - [2022-11-08T14:58:39.454+0000] {dagbag.py:537} INFO - Filling up the DagBag from /home/airflow/.local/lib/python3.7/site-packages/airflow/example_dags/example_time_delta_sensor_async.py
[2022-11-08T14:58:39.468+0000] {processor.py:766} INFO - DAG(s) dict_keys(['example_time_delta_sensor_async']) retrieved from /home/airflow/.local/lib/python3.7/site-packages/airflow/example_dags/example_time_delta_sensor_async.py
[2022-11-08T14:58:39.691+0000] {logging_mixin.py:120} INFO - [2022-11-08T14:58:39.690+0000] {dag.py:2585} INFO - Sync 1 DAGs
[2022-11-08T14:58:39.731+0000] {logging_mixin.py:120} INFO - [2022-11-08T14:58:39.731+0000] {dag.py:3340} INFO - Setting next_dagrun for example_time_delta_sensor_async to None, run_after=None
[2022-11-08T14:58:39.759+0000] {processor.py:176} INFO - Processing /home/airflow/.local/lib/python3.7/site-packages/airflow/example_dags/example_time_delta_sensor_async.py took 0.312 seconds
[2022-11-08T14:59:09.854+0000] {processor.py:154} INFO - Started process (PID=10839) to work on /home/airflow/.local/lib/python3.7/site-packages/airflow/example_dags/example_time_delta_sensor_async.py
[2022-11-08T14:59:09.855+0000] {processor.py:756} INFO - Processing file /home/airflow/.local/lib/python3.7/site-packages/airflow/example_dags/example_time_delta_sensor_async.py for tasks to queue
[2022-11-08T14:59:09.856+0000] {logging_mixin.py:120} INFO - [2022-11-08T14:59:09.856+0000] {dagbag.py:537} INFO - Filling up the DagBag from /home/airflow/.local/lib/python3.7/site-packages/airflow/example_dags/example_time_delta_sensor_async.py
[2022-11-08T14:59:09.870+0000] {processor.py:766} INFO - DAG(s) dict_keys(['example_time_delta_sensor_async']) retrieved from /home/airflow/.local/lib/python3.7/site-packages/airflow/example_dags/example_time_delta_sensor_async.py
[2022-11-08T14:59:10.019+0000] {logging_mixin.py:120} INFO - [2022-11-08T14:59:10.019+0000] {dag.py:2585} INFO - Sync 1 DAGs
[2022-11-08T14:59:10.046+0000] {logging_mixin.py:120} INFO - [2022-11-08T14:59:10.046+0000] {dag.py:3340} INFO - Setting next_dagrun for example_time_delta_sensor_async to None, run_after=None
[2022-11-08T14:59:10.068+0000] {processor.py:176} INFO - Processing /home/airflow/.local/lib/python3.7/site-packages/airflow/example_dags/example_time_delta_sensor_async.py took 0.218 seconds
[2022-11-08T14:59:40.171+0000] {processor.py:154} INFO - Started process (PID=11049) to work on /home/airflow/.local/lib/python3.7/site-packages/airflow/example_dags/example_time_delta_sensor_async.py
[2022-11-08T14:59:40.172+0000] {processor.py:756} INFO - Processing file /home/airflow/.local/lib/python3.7/site-packages/airflow/example_dags/example_time_delta_sensor_async.py for tasks to queue
[2022-11-08T14:59:40.173+0000] {logging_mixin.py:120} INFO - [2022-11-08T14:59:40.173+0000] {dagbag.py:537} INFO - Filling up the DagBag from /home/airflow/.local/lib/python3.7/site-packages/airflow/example_dags/example_time_delta_sensor_async.py
[2022-11-08T14:59:40.189+0000] {processor.py:766} INFO - DAG(s) dict_keys(['example_time_delta_sensor_async']) retrieved from /home/airflow/.local/lib/python3.7/site-packages/airflow/example_dags/example_time_delta_sensor_async.py
[2022-11-08T14:59:40.340+0000] {logging_mixin.py:120} INFO - [2022-11-08T14:59:40.339+0000] {dag.py:2585} INFO - Sync 1 DAGs
[2022-11-08T14:59:40.366+0000] {logging_mixin.py:120} INFO - [2022-11-08T14:59:40.365+0000] {dag.py:3340} INFO - Setting next_dagrun for example_time_delta_sensor_async to None, run_after=None
[2022-11-08T14:59:40.385+0000] {processor.py:176} INFO - Processing /home/airflow/.local/lib/python3.7/site-packages/airflow/example_dags/example_time_delta_sensor_async.py took 0.217 seconds
[2022-11-08T15:00:10.430+0000] {processor.py:154} INFO - Started process (PID=11247) to work on /home/airflow/.local/lib/python3.7/site-packages/airflow/example_dags/example_time_delta_sensor_async.py
[2022-11-08T15:00:10.431+0000] {processor.py:756} INFO - Processing file /home/airflow/.local/lib/python3.7/site-packages/airflow/example_dags/example_time_delta_sensor_async.py for tasks to queue
[2022-11-08T15:00:10.433+0000] {logging_mixin.py:120} INFO - [2022-11-08T15:00:10.432+0000] {dagbag.py:537} INFO - Filling up the DagBag from /home/airflow/.local/lib/python3.7/site-packages/airflow/example_dags/example_time_delta_sensor_async.py
[2022-11-08T15:00:10.450+0000] {processor.py:766} INFO - DAG(s) dict_keys(['example_time_delta_sensor_async']) retrieved from /home/airflow/.local/lib/python3.7/site-packages/airflow/example_dags/example_time_delta_sensor_async.py
[2022-11-08T15:00:10.612+0000] {logging_mixin.py:120} INFO - [2022-11-08T15:00:10.612+0000] {dag.py:2585} INFO - Sync 1 DAGs
[2022-11-08T15:00:10.636+0000] {logging_mixin.py:120} INFO - [2022-11-08T15:00:10.636+0000] {dag.py:3340} INFO - Setting next_dagrun for example_time_delta_sensor_async to None, run_after=None
[2022-11-08T15:00:10.658+0000] {processor.py:176} INFO - Processing /home/airflow/.local/lib/python3.7/site-packages/airflow/example_dags/example_time_delta_sensor_async.py took 0.233 seconds
[2022-11-08T15:00:40.935+0000] {processor.py:154} INFO - Started process (PID=11456) to work on /home/airflow/.local/lib/python3.7/site-packages/airflow/example_dags/example_time_delta_sensor_async.py
[2022-11-08T15:00:40.936+0000] {processor.py:756} INFO - Processing file /home/airflow/.local/lib/python3.7/site-packages/airflow/example_dags/example_time_delta_sensor_async.py for tasks to queue
[2022-11-08T15:00:40.937+0000] {logging_mixin.py:120} INFO - [2022-11-08T15:00:40.937+0000] {dagbag.py:537} INFO - Filling up the DagBag from /home/airflow/.local/lib/python3.7/site-packages/airflow/example_dags/example_time_delta_sensor_async.py
[2022-11-08T15:00:40.953+0000] {processor.py:766} INFO - DAG(s) dict_keys(['example_time_delta_sensor_async']) retrieved from /home/airflow/.local/lib/python3.7/site-packages/airflow/example_dags/example_time_delta_sensor_async.py
[2022-11-08T15:00:41.109+0000] {logging_mixin.py:120} INFO - [2022-11-08T15:00:41.109+0000] {dag.py:2585} INFO - Sync 1 DAGs
[2022-11-08T15:00:41.138+0000] {logging_mixin.py:120} INFO - [2022-11-08T15:00:41.138+0000] {dag.py:3340} INFO - Setting next_dagrun for example_time_delta_sensor_async to None, run_after=None
[2022-11-08T15:00:41.158+0000] {processor.py:176} INFO - Processing /home/airflow/.local/lib/python3.7/site-packages/airflow/example_dags/example_time_delta_sensor_async.py took 0.227 seconds
[2022-11-08T15:01:11.330+0000] {processor.py:154} INFO - Started process (PID=11669) to work on /home/airflow/.local/lib/python3.7/site-packages/airflow/example_dags/example_time_delta_sensor_async.py
[2022-11-08T15:01:11.331+0000] {processor.py:756} INFO - Processing file /home/airflow/.local/lib/python3.7/site-packages/airflow/example_dags/example_time_delta_sensor_async.py for tasks to queue
[2022-11-08T15:01:11.332+0000] {logging_mixin.py:120} INFO - [2022-11-08T15:01:11.332+0000] {dagbag.py:537} INFO - Filling up the DagBag from /home/airflow/.local/lib/python3.7/site-packages/airflow/example_dags/example_time_delta_sensor_async.py
[2022-11-08T15:01:11.346+0000] {processor.py:766} INFO - DAG(s) dict_keys(['example_time_delta_sensor_async']) retrieved from /home/airflow/.local/lib/python3.7/site-packages/airflow/example_dags/example_time_delta_sensor_async.py
[2022-11-08T15:01:11.532+0000] {logging_mixin.py:120} INFO - [2022-11-08T15:01:11.532+0000] {dag.py:2585} INFO - Sync 1 DAGs
[2022-11-08T15:01:11.561+0000] {logging_mixin.py:120} INFO - [2022-11-08T15:01:11.560+0000] {dag.py:3340} INFO - Setting next_dagrun for example_time_delta_sensor_async to None, run_after=None
[2022-11-08T15:01:11.584+0000] {processor.py:176} INFO - Processing /home/airflow/.local/lib/python3.7/site-packages/airflow/example_dags/example_time_delta_sensor_async.py took 0.259 seconds
