[2022-11-08T14:24:59.893+0000] {processor.py:154} INFO - Started process (PID=48) to work on /home/airflow/.local/lib/python3.7/site-packages/airflow/example_dags/example_latest_only.py
[2022-11-08T14:24:59.894+0000] {processor.py:756} INFO - Processing file /home/airflow/.local/lib/python3.7/site-packages/airflow/example_dags/example_latest_only.py for tasks to queue
[2022-11-08T14:24:59.894+0000] {logging_mixin.py:120} INFO - [2022-11-08T14:24:59.894+0000] {dagbag.py:537} INFO - Filling up the DagBag from /home/airflow/.local/lib/python3.7/site-packages/airflow/example_dags/example_latest_only.py
[2022-11-08T14:24:59.910+0000] {processor.py:766} INFO - DAG(s) dict_keys(['latest_only']) retrieved from /home/airflow/.local/lib/python3.7/site-packages/airflow/example_dags/example_latest_only.py
[2022-11-08T14:24:59.931+0000] {logging_mixin.py:120} INFO - [2022-11-08T14:24:59.931+0000] {dag.py:2585} INFO - Sync 1 DAGs
[2022-11-08T14:24:59.951+0000] {logging_mixin.py:120} INFO - [2022-11-08T14:24:59.951+0000] {dag.py:3340} INFO - Setting next_dagrun for latest_only to 2022-11-08T10:24:59.951390+00:00, run_after=2022-11-08T14:24:59.951390+00:00
[2022-11-08T14:24:59.967+0000] {processor.py:176} INFO - Processing /home/airflow/.local/lib/python3.7/site-packages/airflow/example_dags/example_latest_only.py took 0.077 seconds
[2022-11-08T14:25:30.505+0000] {processor.py:154} INFO - Started process (PID=111) to work on /home/airflow/.local/lib/python3.7/site-packages/airflow/example_dags/example_latest_only.py
[2022-11-08T14:25:30.507+0000] {processor.py:756} INFO - Processing file /home/airflow/.local/lib/python3.7/site-packages/airflow/example_dags/example_latest_only.py for tasks to queue
[2022-11-08T14:25:30.508+0000] {logging_mixin.py:120} INFO - [2022-11-08T14:25:30.508+0000] {dagbag.py:537} INFO - Filling up the DagBag from /home/airflow/.local/lib/python3.7/site-packages/airflow/example_dags/example_latest_only.py
[2022-11-08T14:25:30.522+0000] {processor.py:766} INFO - DAG(s) dict_keys(['latest_only']) retrieved from /home/airflow/.local/lib/python3.7/site-packages/airflow/example_dags/example_latest_only.py
[2022-11-08T14:25:30.573+0000] {logging_mixin.py:120} INFO - [2022-11-08T14:25:30.573+0000] {dag.py:2585} INFO - Sync 1 DAGs
[2022-11-08T14:25:30.601+0000] {logging_mixin.py:120} INFO - [2022-11-08T14:25:30.601+0000] {dag.py:3340} INFO - Setting next_dagrun for latest_only to 2022-11-08T10:25:30.601330+00:00, run_after=2022-11-08T14:25:30.601330+00:00
[2022-11-08T14:25:30.623+0000] {processor.py:176} INFO - Processing /home/airflow/.local/lib/python3.7/site-packages/airflow/example_dags/example_latest_only.py took 0.127 seconds
[2022-11-08T14:26:01.341+0000] {processor.py:154} INFO - Started process (PID=175) to work on /home/airflow/.local/lib/python3.7/site-packages/airflow/example_dags/example_latest_only.py
[2022-11-08T14:26:01.342+0000] {processor.py:756} INFO - Processing file /home/airflow/.local/lib/python3.7/site-packages/airflow/example_dags/example_latest_only.py for tasks to queue
[2022-11-08T14:26:01.343+0000] {logging_mixin.py:120} INFO - [2022-11-08T14:26:01.343+0000] {dagbag.py:537} INFO - Filling up the DagBag from /home/airflow/.local/lib/python3.7/site-packages/airflow/example_dags/example_latest_only.py
[2022-11-08T14:26:01.362+0000] {processor.py:766} INFO - DAG(s) dict_keys(['latest_only']) retrieved from /home/airflow/.local/lib/python3.7/site-packages/airflow/example_dags/example_latest_only.py
[2022-11-08T14:26:01.405+0000] {logging_mixin.py:120} INFO - [2022-11-08T14:26:01.405+0000] {dag.py:2585} INFO - Sync 1 DAGs
[2022-11-08T14:26:01.430+0000] {logging_mixin.py:120} INFO - [2022-11-08T14:26:01.430+0000] {dag.py:3340} INFO - Setting next_dagrun for latest_only to 2022-11-08T10:26:01.430192+00:00, run_after=2022-11-08T14:26:01.430192+00:00
[2022-11-08T14:26:01.448+0000] {processor.py:176} INFO - Processing /home/airflow/.local/lib/python3.7/site-packages/airflow/example_dags/example_latest_only.py took 0.113 seconds
[2022-11-08T14:26:31.961+0000] {processor.py:154} INFO - Started process (PID=238) to work on /home/airflow/.local/lib/python3.7/site-packages/airflow/example_dags/example_latest_only.py
[2022-11-08T14:26:31.962+0000] {processor.py:756} INFO - Processing file /home/airflow/.local/lib/python3.7/site-packages/airflow/example_dags/example_latest_only.py for tasks to queue
[2022-11-08T14:26:31.962+0000] {logging_mixin.py:120} INFO - [2022-11-08T14:26:31.962+0000] {dagbag.py:537} INFO - Filling up the DagBag from /home/airflow/.local/lib/python3.7/site-packages/airflow/example_dags/example_latest_only.py
[2022-11-08T14:26:31.977+0000] {processor.py:766} INFO - DAG(s) dict_keys(['latest_only']) retrieved from /home/airflow/.local/lib/python3.7/site-packages/airflow/example_dags/example_latest_only.py
[2022-11-08T14:26:32.016+0000] {logging_mixin.py:120} INFO - [2022-11-08T14:26:32.016+0000] {dag.py:2585} INFO - Sync 1 DAGs
[2022-11-08T14:26:32.038+0000] {logging_mixin.py:120} INFO - [2022-11-08T14:26:32.038+0000] {dag.py:3340} INFO - Setting next_dagrun for latest_only to 2022-11-08T10:26:32.038022+00:00, run_after=2022-11-08T14:26:32.038022+00:00
[2022-11-08T14:26:32.056+0000] {processor.py:176} INFO - Processing /home/airflow/.local/lib/python3.7/site-packages/airflow/example_dags/example_latest_only.py took 0.099 seconds
[2022-11-08T14:27:02.672+0000] {processor.py:154} INFO - Started process (PID=292) to work on /home/airflow/.local/lib/python3.7/site-packages/airflow/example_dags/example_latest_only.py
[2022-11-08T14:27:02.673+0000] {processor.py:756} INFO - Processing file /home/airflow/.local/lib/python3.7/site-packages/airflow/example_dags/example_latest_only.py for tasks to queue
[2022-11-08T14:27:02.673+0000] {logging_mixin.py:120} INFO - [2022-11-08T14:27:02.673+0000] {dagbag.py:537} INFO - Filling up the DagBag from /home/airflow/.local/lib/python3.7/site-packages/airflow/example_dags/example_latest_only.py
[2022-11-08T14:27:02.689+0000] {processor.py:766} INFO - DAG(s) dict_keys(['latest_only']) retrieved from /home/airflow/.local/lib/python3.7/site-packages/airflow/example_dags/example_latest_only.py
[2022-11-08T14:27:02.727+0000] {logging_mixin.py:120} INFO - [2022-11-08T14:27:02.727+0000] {dag.py:2585} INFO - Sync 1 DAGs
[2022-11-08T14:27:02.749+0000] {logging_mixin.py:120} INFO - [2022-11-08T14:27:02.749+0000] {dag.py:3340} INFO - Setting next_dagrun for latest_only to 2022-11-08T10:27:02.749003+00:00, run_after=2022-11-08T14:27:02.749003+00:00
[2022-11-08T14:27:02.768+0000] {processor.py:176} INFO - Processing /home/airflow/.local/lib/python3.7/site-packages/airflow/example_dags/example_latest_only.py took 0.100 seconds
[2022-11-08T14:27:33.661+0000] {processor.py:154} INFO - Started process (PID=355) to work on /home/airflow/.local/lib/python3.7/site-packages/airflow/example_dags/example_latest_only.py
[2022-11-08T14:27:33.663+0000] {processor.py:756} INFO - Processing file /home/airflow/.local/lib/python3.7/site-packages/airflow/example_dags/example_latest_only.py for tasks to queue
[2022-11-08T14:27:33.663+0000] {logging_mixin.py:120} INFO - [2022-11-08T14:27:33.663+0000] {dagbag.py:537} INFO - Filling up the DagBag from /home/airflow/.local/lib/python3.7/site-packages/airflow/example_dags/example_latest_only.py
[2022-11-08T14:27:33.679+0000] {processor.py:766} INFO - DAG(s) dict_keys(['latest_only']) retrieved from /home/airflow/.local/lib/python3.7/site-packages/airflow/example_dags/example_latest_only.py
[2022-11-08T14:27:33.719+0000] {logging_mixin.py:120} INFO - [2022-11-08T14:27:33.719+0000] {dag.py:2585} INFO - Sync 1 DAGs
[2022-11-08T14:27:33.743+0000] {logging_mixin.py:120} INFO - [2022-11-08T14:27:33.743+0000] {dag.py:3340} INFO - Setting next_dagrun for latest_only to 2022-11-08T10:27:33.743060+00:00, run_after=2022-11-08T14:27:33.743060+00:00
[2022-11-08T14:27:33.768+0000] {processor.py:176} INFO - Processing /home/airflow/.local/lib/python3.7/site-packages/airflow/example_dags/example_latest_only.py took 0.111 seconds
[2022-11-08T14:28:04.300+0000] {processor.py:154} INFO - Started process (PID=419) to work on /home/airflow/.local/lib/python3.7/site-packages/airflow/example_dags/example_latest_only.py
[2022-11-08T14:28:04.301+0000] {processor.py:756} INFO - Processing file /home/airflow/.local/lib/python3.7/site-packages/airflow/example_dags/example_latest_only.py for tasks to queue
[2022-11-08T14:28:04.301+0000] {logging_mixin.py:120} INFO - [2022-11-08T14:28:04.301+0000] {dagbag.py:537} INFO - Filling up the DagBag from /home/airflow/.local/lib/python3.7/site-packages/airflow/example_dags/example_latest_only.py
[2022-11-08T14:28:04.315+0000] {processor.py:766} INFO - DAG(s) dict_keys(['latest_only']) retrieved from /home/airflow/.local/lib/python3.7/site-packages/airflow/example_dags/example_latest_only.py
[2022-11-08T14:28:04.356+0000] {logging_mixin.py:120} INFO - [2022-11-08T14:28:04.356+0000] {dag.py:2585} INFO - Sync 1 DAGs
[2022-11-08T14:28:04.378+0000] {logging_mixin.py:120} INFO - [2022-11-08T14:28:04.378+0000] {dag.py:3340} INFO - Setting next_dagrun for latest_only to 2022-11-08T10:28:04.378164+00:00, run_after=2022-11-08T14:28:04.378164+00:00
[2022-11-08T14:28:04.395+0000] {processor.py:176} INFO - Processing /home/airflow/.local/lib/python3.7/site-packages/airflow/example_dags/example_latest_only.py took 0.099 seconds
[2022-11-08T14:28:35.094+0000] {processor.py:154} INFO - Started process (PID=482) to work on /home/airflow/.local/lib/python3.7/site-packages/airflow/example_dags/example_latest_only.py
[2022-11-08T14:28:35.096+0000] {processor.py:756} INFO - Processing file /home/airflow/.local/lib/python3.7/site-packages/airflow/example_dags/example_latest_only.py for tasks to queue
[2022-11-08T14:28:35.096+0000] {logging_mixin.py:120} INFO - [2022-11-08T14:28:35.096+0000] {dagbag.py:537} INFO - Filling up the DagBag from /home/airflow/.local/lib/python3.7/site-packages/airflow/example_dags/example_latest_only.py
[2022-11-08T14:28:35.114+0000] {processor.py:766} INFO - DAG(s) dict_keys(['latest_only']) retrieved from /home/airflow/.local/lib/python3.7/site-packages/airflow/example_dags/example_latest_only.py
[2022-11-08T14:28:35.156+0000] {logging_mixin.py:120} INFO - [2022-11-08T14:28:35.156+0000] {dag.py:2585} INFO - Sync 1 DAGs
[2022-11-08T14:28:35.179+0000] {logging_mixin.py:120} INFO - [2022-11-08T14:28:35.179+0000] {dag.py:3340} INFO - Setting next_dagrun for latest_only to 2022-11-08T10:28:35.179270+00:00, run_after=2022-11-08T14:28:35.179270+00:00
[2022-11-08T14:28:35.199+0000] {processor.py:176} INFO - Processing /home/airflow/.local/lib/python3.7/site-packages/airflow/example_dags/example_latest_only.py took 0.109 seconds
[2022-11-08T14:29:05.774+0000] {processor.py:154} INFO - Started process (PID=545) to work on /home/airflow/.local/lib/python3.7/site-packages/airflow/example_dags/example_latest_only.py
[2022-11-08T14:29:05.776+0000] {processor.py:756} INFO - Processing file /home/airflow/.local/lib/python3.7/site-packages/airflow/example_dags/example_latest_only.py for tasks to queue
[2022-11-08T14:29:05.776+0000] {logging_mixin.py:120} INFO - [2022-11-08T14:29:05.776+0000] {dagbag.py:537} INFO - Filling up the DagBag from /home/airflow/.local/lib/python3.7/site-packages/airflow/example_dags/example_latest_only.py
[2022-11-08T14:29:05.792+0000] {processor.py:766} INFO - DAG(s) dict_keys(['latest_only']) retrieved from /home/airflow/.local/lib/python3.7/site-packages/airflow/example_dags/example_latest_only.py
[2022-11-08T14:29:05.826+0000] {logging_mixin.py:120} INFO - [2022-11-08T14:29:05.826+0000] {dag.py:2585} INFO - Sync 1 DAGs
[2022-11-08T14:29:05.851+0000] {logging_mixin.py:120} INFO - [2022-11-08T14:29:05.851+0000] {dag.py:3340} INFO - Setting next_dagrun for latest_only to 2022-11-08T10:29:05.850786+00:00, run_after=2022-11-08T14:29:05.850786+00:00
[2022-11-08T14:29:05.875+0000] {processor.py:176} INFO - Processing /home/airflow/.local/lib/python3.7/site-packages/airflow/example_dags/example_latest_only.py took 0.105 seconds
[2022-11-08T14:29:36.365+0000] {processor.py:154} INFO - Started process (PID=599) to work on /home/airflow/.local/lib/python3.7/site-packages/airflow/example_dags/example_latest_only.py
[2022-11-08T14:29:36.366+0000] {processor.py:756} INFO - Processing file /home/airflow/.local/lib/python3.7/site-packages/airflow/example_dags/example_latest_only.py for tasks to queue
[2022-11-08T14:29:36.366+0000] {logging_mixin.py:120} INFO - [2022-11-08T14:29:36.366+0000] {dagbag.py:537} INFO - Filling up the DagBag from /home/airflow/.local/lib/python3.7/site-packages/airflow/example_dags/example_latest_only.py
[2022-11-08T14:29:36.378+0000] {processor.py:766} INFO - DAG(s) dict_keys(['latest_only']) retrieved from /home/airflow/.local/lib/python3.7/site-packages/airflow/example_dags/example_latest_only.py
[2022-11-08T14:29:36.415+0000] {logging_mixin.py:120} INFO - [2022-11-08T14:29:36.414+0000] {dag.py:2585} INFO - Sync 1 DAGs
[2022-11-08T14:29:36.444+0000] {logging_mixin.py:120} INFO - [2022-11-08T14:29:36.443+0000] {dag.py:3340} INFO - Setting next_dagrun for latest_only to 2022-11-08T10:29:36.443488+00:00, run_after=2022-11-08T14:29:36.443488+00:00
[2022-11-08T14:29:36.465+0000] {processor.py:176} INFO - Processing /home/airflow/.local/lib/python3.7/site-packages/airflow/example_dags/example_latest_only.py took 0.103 seconds
[2022-11-08T14:30:06.841+0000] {processor.py:154} INFO - Started process (PID=662) to work on /home/airflow/.local/lib/python3.7/site-packages/airflow/example_dags/example_latest_only.py
[2022-11-08T14:30:06.842+0000] {processor.py:756} INFO - Processing file /home/airflow/.local/lib/python3.7/site-packages/airflow/example_dags/example_latest_only.py for tasks to queue
[2022-11-08T14:30:06.843+0000] {logging_mixin.py:120} INFO - [2022-11-08T14:30:06.842+0000] {dagbag.py:537} INFO - Filling up the DagBag from /home/airflow/.local/lib/python3.7/site-packages/airflow/example_dags/example_latest_only.py
[2022-11-08T14:30:06.856+0000] {processor.py:766} INFO - DAG(s) dict_keys(['latest_only']) retrieved from /home/airflow/.local/lib/python3.7/site-packages/airflow/example_dags/example_latest_only.py
[2022-11-08T14:30:06.897+0000] {logging_mixin.py:120} INFO - [2022-11-08T14:30:06.897+0000] {dag.py:2585} INFO - Sync 1 DAGs
[2022-11-08T14:30:06.919+0000] {logging_mixin.py:120} INFO - [2022-11-08T14:30:06.919+0000] {dag.py:3340} INFO - Setting next_dagrun for latest_only to 2022-11-08T10:30:06.919347+00:00, run_after=2022-11-08T14:30:06.919347+00:00
[2022-11-08T14:30:06.939+0000] {processor.py:176} INFO - Processing /home/airflow/.local/lib/python3.7/site-packages/airflow/example_dags/example_latest_only.py took 0.102 seconds
[2022-11-08T14:30:37.299+0000] {processor.py:154} INFO - Started process (PID=726) to work on /home/airflow/.local/lib/python3.7/site-packages/airflow/example_dags/example_latest_only.py
[2022-11-08T14:30:37.300+0000] {processor.py:756} INFO - Processing file /home/airflow/.local/lib/python3.7/site-packages/airflow/example_dags/example_latest_only.py for tasks to queue
[2022-11-08T14:30:37.301+0000] {logging_mixin.py:120} INFO - [2022-11-08T14:30:37.300+0000] {dagbag.py:537} INFO - Filling up the DagBag from /home/airflow/.local/lib/python3.7/site-packages/airflow/example_dags/example_latest_only.py
[2022-11-08T14:30:37.312+0000] {processor.py:766} INFO - DAG(s) dict_keys(['latest_only']) retrieved from /home/airflow/.local/lib/python3.7/site-packages/airflow/example_dags/example_latest_only.py
[2022-11-08T14:30:37.343+0000] {logging_mixin.py:120} INFO - [2022-11-08T14:30:37.343+0000] {dag.py:2585} INFO - Sync 1 DAGs
[2022-11-08T14:30:37.363+0000] {logging_mixin.py:120} INFO - [2022-11-08T14:30:37.362+0000] {dag.py:3340} INFO - Setting next_dagrun for latest_only to 2022-11-08T10:30:37.362681+00:00, run_after=2022-11-08T14:30:37.362681+00:00
[2022-11-08T14:30:37.378+0000] {processor.py:176} INFO - Processing /home/airflow/.local/lib/python3.7/site-packages/airflow/example_dags/example_latest_only.py took 0.082 seconds
[2022-11-08T14:31:08.240+0000] {processor.py:154} INFO - Started process (PID=789) to work on /home/airflow/.local/lib/python3.7/site-packages/airflow/example_dags/example_latest_only.py
[2022-11-08T14:31:08.241+0000] {processor.py:756} INFO - Processing file /home/airflow/.local/lib/python3.7/site-packages/airflow/example_dags/example_latest_only.py for tasks to queue
[2022-11-08T14:31:08.241+0000] {logging_mixin.py:120} INFO - [2022-11-08T14:31:08.241+0000] {dagbag.py:537} INFO - Filling up the DagBag from /home/airflow/.local/lib/python3.7/site-packages/airflow/example_dags/example_latest_only.py
[2022-11-08T14:31:08.256+0000] {processor.py:766} INFO - DAG(s) dict_keys(['latest_only']) retrieved from /home/airflow/.local/lib/python3.7/site-packages/airflow/example_dags/example_latest_only.py
[2022-11-08T14:31:08.298+0000] {logging_mixin.py:120} INFO - [2022-11-08T14:31:08.298+0000] {dag.py:2585} INFO - Sync 1 DAGs
[2022-11-08T14:31:08.319+0000] {logging_mixin.py:120} INFO - [2022-11-08T14:31:08.319+0000] {dag.py:3340} INFO - Setting next_dagrun for latest_only to 2022-11-08T10:31:08.319247+00:00, run_after=2022-11-08T14:31:08.319247+00:00
[2022-11-08T14:31:08.336+0000] {processor.py:176} INFO - Processing /home/airflow/.local/lib/python3.7/site-packages/airflow/example_dags/example_latest_only.py took 0.100 seconds
[2022-11-08T14:31:38.737+0000] {processor.py:154} INFO - Started process (PID=843) to work on /home/airflow/.local/lib/python3.7/site-packages/airflow/example_dags/example_latest_only.py
[2022-11-08T14:31:38.738+0000] {processor.py:756} INFO - Processing file /home/airflow/.local/lib/python3.7/site-packages/airflow/example_dags/example_latest_only.py for tasks to queue
[2022-11-08T14:31:38.738+0000] {logging_mixin.py:120} INFO - [2022-11-08T14:31:38.738+0000] {dagbag.py:537} INFO - Filling up the DagBag from /home/airflow/.local/lib/python3.7/site-packages/airflow/example_dags/example_latest_only.py
[2022-11-08T14:31:38.750+0000] {processor.py:766} INFO - DAG(s) dict_keys(['latest_only']) retrieved from /home/airflow/.local/lib/python3.7/site-packages/airflow/example_dags/example_latest_only.py
[2022-11-08T14:31:38.771+0000] {logging_mixin.py:120} INFO - [2022-11-08T14:31:38.771+0000] {dag.py:2585} INFO - Sync 1 DAGs
[2022-11-08T14:31:38.793+0000] {logging_mixin.py:120} INFO - [2022-11-08T14:31:38.793+0000] {dag.py:3340} INFO - Setting next_dagrun for latest_only to 2022-11-08T10:31:38.793059+00:00, run_after=2022-11-08T14:31:38.793059+00:00
[2022-11-08T14:31:38.810+0000] {processor.py:176} INFO - Processing /home/airflow/.local/lib/python3.7/site-packages/airflow/example_dags/example_latest_only.py took 0.077 seconds
[2022-11-08T14:32:09.109+0000] {processor.py:154} INFO - Started process (PID=905) to work on /home/airflow/.local/lib/python3.7/site-packages/airflow/example_dags/example_latest_only.py
[2022-11-08T14:32:09.110+0000] {processor.py:756} INFO - Processing file /home/airflow/.local/lib/python3.7/site-packages/airflow/example_dags/example_latest_only.py for tasks to queue
[2022-11-08T14:32:09.111+0000] {logging_mixin.py:120} INFO - [2022-11-08T14:32:09.111+0000] {dagbag.py:537} INFO - Filling up the DagBag from /home/airflow/.local/lib/python3.7/site-packages/airflow/example_dags/example_latest_only.py
[2022-11-08T14:32:09.124+0000] {processor.py:766} INFO - DAG(s) dict_keys(['latest_only']) retrieved from /home/airflow/.local/lib/python3.7/site-packages/airflow/example_dags/example_latest_only.py
[2022-11-08T14:32:09.158+0000] {logging_mixin.py:120} INFO - [2022-11-08T14:32:09.157+0000] {dag.py:2585} INFO - Sync 1 DAGs
[2022-11-08T14:32:09.178+0000] {logging_mixin.py:120} INFO - [2022-11-08T14:32:09.178+0000] {dag.py:3340} INFO - Setting next_dagrun for latest_only to 2022-11-08T10:32:09.178061+00:00, run_after=2022-11-08T14:32:09.178061+00:00
[2022-11-08T14:32:09.196+0000] {processor.py:176} INFO - Processing /home/airflow/.local/lib/python3.7/site-packages/airflow/example_dags/example_latest_only.py took 0.090 seconds
[2022-11-08T14:32:39.339+0000] {processor.py:154} INFO - Started process (PID=227) to work on /home/airflow/.local/lib/python3.7/site-packages/airflow/example_dags/example_latest_only.py
[2022-11-08T14:32:39.340+0000] {processor.py:756} INFO - Processing file /home/airflow/.local/lib/python3.7/site-packages/airflow/example_dags/example_latest_only.py for tasks to queue
[2022-11-08T14:32:39.340+0000] {logging_mixin.py:120} INFO - [2022-11-08T14:32:39.340+0000] {dagbag.py:537} INFO - Filling up the DagBag from /home/airflow/.local/lib/python3.7/site-packages/airflow/example_dags/example_latest_only.py
[2022-11-08T14:32:39.357+0000] {processor.py:766} INFO - DAG(s) dict_keys(['latest_only']) retrieved from /home/airflow/.local/lib/python3.7/site-packages/airflow/example_dags/example_latest_only.py
[2022-11-08T14:32:39.381+0000] {logging_mixin.py:120} INFO - [2022-11-08T14:32:39.381+0000] {dag.py:2585} INFO - Sync 1 DAGs
[2022-11-08T14:32:39.403+0000] {logging_mixin.py:120} INFO - [2022-11-08T14:32:39.402+0000] {dag.py:3340} INFO - Setting next_dagrun for latest_only to 2022-11-08T10:32:39.402701+00:00, run_after=2022-11-08T14:32:39.402701+00:00
[2022-11-08T14:32:39.421+0000] {processor.py:176} INFO - Processing /home/airflow/.local/lib/python3.7/site-packages/airflow/example_dags/example_latest_only.py took 0.085 seconds
[2022-11-08T14:33:10.767+0000] {processor.py:154} INFO - Started process (PID=433) to work on /home/airflow/.local/lib/python3.7/site-packages/airflow/example_dags/example_latest_only.py
[2022-11-08T14:33:10.768+0000] {processor.py:756} INFO - Processing file /home/airflow/.local/lib/python3.7/site-packages/airflow/example_dags/example_latest_only.py for tasks to queue
[2022-11-08T14:33:10.769+0000] {logging_mixin.py:120} INFO - [2022-11-08T14:33:10.769+0000] {dagbag.py:537} INFO - Filling up the DagBag from /home/airflow/.local/lib/python3.7/site-packages/airflow/example_dags/example_latest_only.py
[2022-11-08T14:33:10.786+0000] {processor.py:766} INFO - DAG(s) dict_keys(['latest_only']) retrieved from /home/airflow/.local/lib/python3.7/site-packages/airflow/example_dags/example_latest_only.py
[2022-11-08T14:33:10.833+0000] {logging_mixin.py:120} INFO - [2022-11-08T14:33:10.833+0000] {dag.py:2585} INFO - Sync 1 DAGs
[2022-11-08T14:33:10.861+0000] {logging_mixin.py:120} INFO - [2022-11-08T14:33:10.861+0000] {dag.py:3340} INFO - Setting next_dagrun for latest_only to 2022-11-08T10:33:10.860854+00:00, run_after=2022-11-08T14:33:10.860854+00:00
[2022-11-08T14:33:10.884+0000] {processor.py:176} INFO - Processing /home/airflow/.local/lib/python3.7/site-packages/airflow/example_dags/example_latest_only.py took 0.122 seconds
[2022-11-08T14:33:41.616+0000] {processor.py:154} INFO - Started process (PID=642) to work on /home/airflow/.local/lib/python3.7/site-packages/airflow/example_dags/example_latest_only.py
[2022-11-08T14:33:41.617+0000] {processor.py:756} INFO - Processing file /home/airflow/.local/lib/python3.7/site-packages/airflow/example_dags/example_latest_only.py for tasks to queue
[2022-11-08T14:33:41.618+0000] {logging_mixin.py:120} INFO - [2022-11-08T14:33:41.617+0000] {dagbag.py:537} INFO - Filling up the DagBag from /home/airflow/.local/lib/python3.7/site-packages/airflow/example_dags/example_latest_only.py
[2022-11-08T14:33:41.630+0000] {processor.py:766} INFO - DAG(s) dict_keys(['latest_only']) retrieved from /home/airflow/.local/lib/python3.7/site-packages/airflow/example_dags/example_latest_only.py
[2022-11-08T14:33:41.659+0000] {logging_mixin.py:120} INFO - [2022-11-08T14:33:41.658+0000] {dag.py:2585} INFO - Sync 1 DAGs
[2022-11-08T14:33:41.694+0000] {logging_mixin.py:120} INFO - [2022-11-08T14:33:41.694+0000] {dag.py:3340} INFO - Setting next_dagrun for latest_only to 2022-11-08T10:33:41.693646+00:00, run_after=2022-11-08T14:33:41.693646+00:00
[2022-11-08T14:33:41.716+0000] {processor.py:176} INFO - Processing /home/airflow/.local/lib/python3.7/site-packages/airflow/example_dags/example_latest_only.py took 0.104 seconds
[2022-11-08T14:34:12.338+0000] {processor.py:154} INFO - Started process (PID=848) to work on /home/airflow/.local/lib/python3.7/site-packages/airflow/example_dags/example_latest_only.py
[2022-11-08T14:34:12.338+0000] {processor.py:756} INFO - Processing file /home/airflow/.local/lib/python3.7/site-packages/airflow/example_dags/example_latest_only.py for tasks to queue
[2022-11-08T14:34:12.339+0000] {logging_mixin.py:120} INFO - [2022-11-08T14:34:12.339+0000] {dagbag.py:537} INFO - Filling up the DagBag from /home/airflow/.local/lib/python3.7/site-packages/airflow/example_dags/example_latest_only.py
[2022-11-08T14:34:12.352+0000] {processor.py:766} INFO - DAG(s) dict_keys(['latest_only']) retrieved from /home/airflow/.local/lib/python3.7/site-packages/airflow/example_dags/example_latest_only.py
[2022-11-08T14:34:12.409+0000] {logging_mixin.py:120} INFO - [2022-11-08T14:34:12.409+0000] {dag.py:2585} INFO - Sync 1 DAGs
[2022-11-08T14:34:12.440+0000] {logging_mixin.py:120} INFO - [2022-11-08T14:34:12.440+0000] {dag.py:3340} INFO - Setting next_dagrun for latest_only to 2022-11-08T10:34:12.440159+00:00, run_after=2022-11-08T14:34:12.440159+00:00
[2022-11-08T14:34:12.472+0000] {processor.py:176} INFO - Processing /home/airflow/.local/lib/python3.7/site-packages/airflow/example_dags/example_latest_only.py took 0.137 seconds
[2022-11-08T14:34:43.514+0000] {processor.py:154} INFO - Started process (PID=1046) to work on /home/airflow/.local/lib/python3.7/site-packages/airflow/example_dags/example_latest_only.py
[2022-11-08T14:34:43.515+0000] {processor.py:756} INFO - Processing file /home/airflow/.local/lib/python3.7/site-packages/airflow/example_dags/example_latest_only.py for tasks to queue
[2022-11-08T14:34:43.516+0000] {logging_mixin.py:120} INFO - [2022-11-08T14:34:43.516+0000] {dagbag.py:537} INFO - Filling up the DagBag from /home/airflow/.local/lib/python3.7/site-packages/airflow/example_dags/example_latest_only.py
[2022-11-08T14:34:43.533+0000] {processor.py:766} INFO - DAG(s) dict_keys(['latest_only']) retrieved from /home/airflow/.local/lib/python3.7/site-packages/airflow/example_dags/example_latest_only.py
[2022-11-08T14:34:43.574+0000] {logging_mixin.py:120} INFO - [2022-11-08T14:34:43.574+0000] {dag.py:2585} INFO - Sync 1 DAGs
[2022-11-08T14:34:43.600+0000] {logging_mixin.py:120} INFO - [2022-11-08T14:34:43.600+0000] {dag.py:3340} INFO - Setting next_dagrun for latest_only to 2022-11-08T10:34:43.599835+00:00, run_after=2022-11-08T14:34:43.599835+00:00
[2022-11-08T14:34:43.621+0000] {processor.py:176} INFO - Processing /home/airflow/.local/lib/python3.7/site-packages/airflow/example_dags/example_latest_only.py took 0.111 seconds
[2022-11-08T14:35:14.344+0000] {processor.py:154} INFO - Started process (PID=1253) to work on /home/airflow/.local/lib/python3.7/site-packages/airflow/example_dags/example_latest_only.py
[2022-11-08T14:35:14.345+0000] {processor.py:756} INFO - Processing file /home/airflow/.local/lib/python3.7/site-packages/airflow/example_dags/example_latest_only.py for tasks to queue
[2022-11-08T14:35:14.346+0000] {logging_mixin.py:120} INFO - [2022-11-08T14:35:14.346+0000] {dagbag.py:537} INFO - Filling up the DagBag from /home/airflow/.local/lib/python3.7/site-packages/airflow/example_dags/example_latest_only.py
[2022-11-08T14:35:14.363+0000] {processor.py:766} INFO - DAG(s) dict_keys(['latest_only']) retrieved from /home/airflow/.local/lib/python3.7/site-packages/airflow/example_dags/example_latest_only.py
[2022-11-08T14:35:14.400+0000] {logging_mixin.py:120} INFO - [2022-11-08T14:35:14.400+0000] {dag.py:2585} INFO - Sync 1 DAGs
[2022-11-08T14:35:14.422+0000] {logging_mixin.py:120} INFO - [2022-11-08T14:35:14.422+0000] {dag.py:3340} INFO - Setting next_dagrun for latest_only to 2022-11-08T10:35:14.422481+00:00, run_after=2022-11-08T14:35:14.422481+00:00
[2022-11-08T14:35:14.440+0000] {processor.py:176} INFO - Processing /home/airflow/.local/lib/python3.7/site-packages/airflow/example_dags/example_latest_only.py took 0.099 seconds
[2022-11-08T14:35:45.122+0000] {processor.py:154} INFO - Started process (PID=1460) to work on /home/airflow/.local/lib/python3.7/site-packages/airflow/example_dags/example_latest_only.py
[2022-11-08T14:35:45.123+0000] {processor.py:756} INFO - Processing file /home/airflow/.local/lib/python3.7/site-packages/airflow/example_dags/example_latest_only.py for tasks to queue
[2022-11-08T14:35:45.124+0000] {logging_mixin.py:120} INFO - [2022-11-08T14:35:45.124+0000] {dagbag.py:537} INFO - Filling up the DagBag from /home/airflow/.local/lib/python3.7/site-packages/airflow/example_dags/example_latest_only.py
[2022-11-08T14:35:45.139+0000] {processor.py:766} INFO - DAG(s) dict_keys(['latest_only']) retrieved from /home/airflow/.local/lib/python3.7/site-packages/airflow/example_dags/example_latest_only.py
[2022-11-08T14:35:45.178+0000] {logging_mixin.py:120} INFO - [2022-11-08T14:35:45.178+0000] {dag.py:2585} INFO - Sync 1 DAGs
[2022-11-08T14:35:45.199+0000] {logging_mixin.py:120} INFO - [2022-11-08T14:35:45.199+0000] {dag.py:3340} INFO - Setting next_dagrun for latest_only to 2022-11-08T10:35:45.199292+00:00, run_after=2022-11-08T14:35:45.199292+00:00
[2022-11-08T14:35:45.217+0000] {processor.py:176} INFO - Processing /home/airflow/.local/lib/python3.7/site-packages/airflow/example_dags/example_latest_only.py took 0.098 seconds
[2022-11-08T14:36:15.793+0000] {processor.py:154} INFO - Started process (PID=1667) to work on /home/airflow/.local/lib/python3.7/site-packages/airflow/example_dags/example_latest_only.py
[2022-11-08T14:36:15.794+0000] {processor.py:756} INFO - Processing file /home/airflow/.local/lib/python3.7/site-packages/airflow/example_dags/example_latest_only.py for tasks to queue
[2022-11-08T14:36:15.795+0000] {logging_mixin.py:120} INFO - [2022-11-08T14:36:15.795+0000] {dagbag.py:537} INFO - Filling up the DagBag from /home/airflow/.local/lib/python3.7/site-packages/airflow/example_dags/example_latest_only.py
[2022-11-08T14:36:15.809+0000] {processor.py:766} INFO - DAG(s) dict_keys(['latest_only']) retrieved from /home/airflow/.local/lib/python3.7/site-packages/airflow/example_dags/example_latest_only.py
[2022-11-08T14:36:15.844+0000] {logging_mixin.py:120} INFO - [2022-11-08T14:36:15.844+0000] {dag.py:2585} INFO - Sync 1 DAGs
[2022-11-08T14:36:15.864+0000] {logging_mixin.py:120} INFO - [2022-11-08T14:36:15.864+0000] {dag.py:3340} INFO - Setting next_dagrun for latest_only to 2022-11-08T10:36:15.863922+00:00, run_after=2022-11-08T14:36:15.863922+00:00
[2022-11-08T14:36:15.882+0000] {processor.py:176} INFO - Processing /home/airflow/.local/lib/python3.7/site-packages/airflow/example_dags/example_latest_only.py took 0.095 seconds
[2022-11-08T14:36:46.544+0000] {processor.py:154} INFO - Started process (PID=1874) to work on /home/airflow/.local/lib/python3.7/site-packages/airflow/example_dags/example_latest_only.py
[2022-11-08T14:36:46.545+0000] {processor.py:756} INFO - Processing file /home/airflow/.local/lib/python3.7/site-packages/airflow/example_dags/example_latest_only.py for tasks to queue
[2022-11-08T14:36:46.546+0000] {logging_mixin.py:120} INFO - [2022-11-08T14:36:46.546+0000] {dagbag.py:537} INFO - Filling up the DagBag from /home/airflow/.local/lib/python3.7/site-packages/airflow/example_dags/example_latest_only.py
[2022-11-08T14:36:46.566+0000] {processor.py:766} INFO - DAG(s) dict_keys(['latest_only']) retrieved from /home/airflow/.local/lib/python3.7/site-packages/airflow/example_dags/example_latest_only.py
[2022-11-08T14:36:46.612+0000] {logging_mixin.py:120} INFO - [2022-11-08T14:36:46.612+0000] {dag.py:2585} INFO - Sync 1 DAGs
[2022-11-08T14:36:46.645+0000] {logging_mixin.py:120} INFO - [2022-11-08T14:36:46.645+0000] {dag.py:3340} INFO - Setting next_dagrun for latest_only to 2022-11-08T10:36:46.645406+00:00, run_after=2022-11-08T14:36:46.645406+00:00
[2022-11-08T14:36:46.667+0000] {processor.py:176} INFO - Processing /home/airflow/.local/lib/python3.7/site-packages/airflow/example_dags/example_latest_only.py took 0.127 seconds
[2022-11-08T14:37:17.400+0000] {processor.py:154} INFO - Started process (PID=2072) to work on /home/airflow/.local/lib/python3.7/site-packages/airflow/example_dags/example_latest_only.py
[2022-11-08T14:37:17.401+0000] {processor.py:756} INFO - Processing file /home/airflow/.local/lib/python3.7/site-packages/airflow/example_dags/example_latest_only.py for tasks to queue
[2022-11-08T14:37:17.402+0000] {logging_mixin.py:120} INFO - [2022-11-08T14:37:17.402+0000] {dagbag.py:537} INFO - Filling up the DagBag from /home/airflow/.local/lib/python3.7/site-packages/airflow/example_dags/example_latest_only.py
[2022-11-08T14:37:17.414+0000] {processor.py:766} INFO - DAG(s) dict_keys(['latest_only']) retrieved from /home/airflow/.local/lib/python3.7/site-packages/airflow/example_dags/example_latest_only.py
[2022-11-08T14:37:17.450+0000] {logging_mixin.py:120} INFO - [2022-11-08T14:37:17.450+0000] {dag.py:2585} INFO - Sync 1 DAGs
[2022-11-08T14:37:17.477+0000] {logging_mixin.py:120} INFO - [2022-11-08T14:37:17.477+0000] {dag.py:3340} INFO - Setting next_dagrun for latest_only to 2022-11-08T10:37:17.476904+00:00, run_after=2022-11-08T14:37:17.476904+00:00
[2022-11-08T14:37:17.500+0000] {processor.py:176} INFO - Processing /home/airflow/.local/lib/python3.7/site-packages/airflow/example_dags/example_latest_only.py took 0.104 seconds
[2022-11-08T14:37:48.123+0000] {processor.py:154} INFO - Started process (PID=2279) to work on /home/airflow/.local/lib/python3.7/site-packages/airflow/example_dags/example_latest_only.py
[2022-11-08T14:37:48.124+0000] {processor.py:756} INFO - Processing file /home/airflow/.local/lib/python3.7/site-packages/airflow/example_dags/example_latest_only.py for tasks to queue
[2022-11-08T14:37:48.124+0000] {logging_mixin.py:120} INFO - [2022-11-08T14:37:48.124+0000] {dagbag.py:537} INFO - Filling up the DagBag from /home/airflow/.local/lib/python3.7/site-packages/airflow/example_dags/example_latest_only.py
[2022-11-08T14:37:48.138+0000] {processor.py:766} INFO - DAG(s) dict_keys(['latest_only']) retrieved from /home/airflow/.local/lib/python3.7/site-packages/airflow/example_dags/example_latest_only.py
[2022-11-08T14:37:48.159+0000] {logging_mixin.py:120} INFO - [2022-11-08T14:37:48.159+0000] {dag.py:2585} INFO - Sync 1 DAGs
[2022-11-08T14:37:48.182+0000] {logging_mixin.py:120} INFO - [2022-11-08T14:37:48.182+0000] {dag.py:3340} INFO - Setting next_dagrun for latest_only to 2022-11-08T10:37:48.181973+00:00, run_after=2022-11-08T14:37:48.181973+00:00
[2022-11-08T14:37:48.198+0000] {processor.py:176} INFO - Processing /home/airflow/.local/lib/python3.7/site-packages/airflow/example_dags/example_latest_only.py took 0.078 seconds
[2022-11-08T14:38:18.734+0000] {processor.py:154} INFO - Started process (PID=2485) to work on /home/airflow/.local/lib/python3.7/site-packages/airflow/example_dags/example_latest_only.py
[2022-11-08T14:38:18.735+0000] {processor.py:756} INFO - Processing file /home/airflow/.local/lib/python3.7/site-packages/airflow/example_dags/example_latest_only.py for tasks to queue
[2022-11-08T14:38:18.735+0000] {logging_mixin.py:120} INFO - [2022-11-08T14:38:18.735+0000] {dagbag.py:537} INFO - Filling up the DagBag from /home/airflow/.local/lib/python3.7/site-packages/airflow/example_dags/example_latest_only.py
[2022-11-08T14:38:18.755+0000] {processor.py:766} INFO - DAG(s) dict_keys(['latest_only']) retrieved from /home/airflow/.local/lib/python3.7/site-packages/airflow/example_dags/example_latest_only.py
[2022-11-08T14:38:18.786+0000] {logging_mixin.py:120} INFO - [2022-11-08T14:38:18.785+0000] {dag.py:2585} INFO - Sync 1 DAGs
[2022-11-08T14:38:18.820+0000] {logging_mixin.py:120} INFO - [2022-11-08T14:38:18.820+0000] {dag.py:3340} INFO - Setting next_dagrun for latest_only to 2022-11-08T10:38:18.819995+00:00, run_after=2022-11-08T14:38:18.819995+00:00
[2022-11-08T14:38:18.844+0000] {processor.py:176} INFO - Processing /home/airflow/.local/lib/python3.7/site-packages/airflow/example_dags/example_latest_only.py took 0.112 seconds
[2022-11-08T14:38:49.208+0000] {processor.py:154} INFO - Started process (PID=2692) to work on /home/airflow/.local/lib/python3.7/site-packages/airflow/example_dags/example_latest_only.py
[2022-11-08T14:38:49.209+0000] {processor.py:756} INFO - Processing file /home/airflow/.local/lib/python3.7/site-packages/airflow/example_dags/example_latest_only.py for tasks to queue
[2022-11-08T14:38:49.209+0000] {logging_mixin.py:120} INFO - [2022-11-08T14:38:49.209+0000] {dagbag.py:537} INFO - Filling up the DagBag from /home/airflow/.local/lib/python3.7/site-packages/airflow/example_dags/example_latest_only.py
[2022-11-08T14:38:49.223+0000] {processor.py:766} INFO - DAG(s) dict_keys(['latest_only']) retrieved from /home/airflow/.local/lib/python3.7/site-packages/airflow/example_dags/example_latest_only.py
[2022-11-08T14:38:49.264+0000] {logging_mixin.py:120} INFO - [2022-11-08T14:38:49.264+0000] {dag.py:2585} INFO - Sync 1 DAGs
[2022-11-08T14:38:49.291+0000] {logging_mixin.py:120} INFO - [2022-11-08T14:38:49.291+0000] {dag.py:3340} INFO - Setting next_dagrun for latest_only to 2022-11-08T10:38:49.290981+00:00, run_after=2022-11-08T14:38:49.290981+00:00
[2022-11-08T14:38:49.308+0000] {processor.py:176} INFO - Processing /home/airflow/.local/lib/python3.7/site-packages/airflow/example_dags/example_latest_only.py took 0.104 seconds
[2022-11-08T14:39:19.992+0000] {processor.py:154} INFO - Started process (PID=2899) to work on /home/airflow/.local/lib/python3.7/site-packages/airflow/example_dags/example_latest_only.py
[2022-11-08T14:39:19.993+0000] {processor.py:756} INFO - Processing file /home/airflow/.local/lib/python3.7/site-packages/airflow/example_dags/example_latest_only.py for tasks to queue
[2022-11-08T14:39:19.994+0000] {logging_mixin.py:120} INFO - [2022-11-08T14:39:19.993+0000] {dagbag.py:537} INFO - Filling up the DagBag from /home/airflow/.local/lib/python3.7/site-packages/airflow/example_dags/example_latest_only.py
[2022-11-08T14:39:20.008+0000] {processor.py:766} INFO - DAG(s) dict_keys(['latest_only']) retrieved from /home/airflow/.local/lib/python3.7/site-packages/airflow/example_dags/example_latest_only.py
[2022-11-08T14:39:20.048+0000] {logging_mixin.py:120} INFO - [2022-11-08T14:39:20.047+0000] {dag.py:2585} INFO - Sync 1 DAGs
[2022-11-08T14:39:20.073+0000] {logging_mixin.py:120} INFO - [2022-11-08T14:39:20.073+0000] {dag.py:3340} INFO - Setting next_dagrun for latest_only to 2022-11-08T10:39:20.072976+00:00, run_after=2022-11-08T14:39:20.072976+00:00
[2022-11-08T14:39:20.091+0000] {processor.py:176} INFO - Processing /home/airflow/.local/lib/python3.7/site-packages/airflow/example_dags/example_latest_only.py took 0.102 seconds
[2022-11-08T14:39:50.839+0000] {processor.py:154} INFO - Started process (PID=3097) to work on /home/airflow/.local/lib/python3.7/site-packages/airflow/example_dags/example_latest_only.py
[2022-11-08T14:39:50.840+0000] {processor.py:756} INFO - Processing file /home/airflow/.local/lib/python3.7/site-packages/airflow/example_dags/example_latest_only.py for tasks to queue
[2022-11-08T14:39:50.841+0000] {logging_mixin.py:120} INFO - [2022-11-08T14:39:50.841+0000] {dagbag.py:537} INFO - Filling up the DagBag from /home/airflow/.local/lib/python3.7/site-packages/airflow/example_dags/example_latest_only.py
[2022-11-08T14:39:50.860+0000] {processor.py:766} INFO - DAG(s) dict_keys(['latest_only']) retrieved from /home/airflow/.local/lib/python3.7/site-packages/airflow/example_dags/example_latest_only.py
[2022-11-08T14:39:50.904+0000] {logging_mixin.py:120} INFO - [2022-11-08T14:39:50.903+0000] {dag.py:2585} INFO - Sync 1 DAGs
[2022-11-08T14:39:50.925+0000] {logging_mixin.py:120} INFO - [2022-11-08T14:39:50.925+0000] {dag.py:3340} INFO - Setting next_dagrun for latest_only to 2022-11-08T10:39:50.924860+00:00, run_after=2022-11-08T14:39:50.924860+00:00
[2022-11-08T14:39:50.943+0000] {processor.py:176} INFO - Processing /home/airflow/.local/lib/python3.7/site-packages/airflow/example_dags/example_latest_only.py took 0.109 seconds
[2022-11-08T14:40:21.889+0000] {processor.py:154} INFO - Started process (PID=3304) to work on /home/airflow/.local/lib/python3.7/site-packages/airflow/example_dags/example_latest_only.py
[2022-11-08T14:40:21.891+0000] {processor.py:756} INFO - Processing file /home/airflow/.local/lib/python3.7/site-packages/airflow/example_dags/example_latest_only.py for tasks to queue
[2022-11-08T14:40:21.892+0000] {logging_mixin.py:120} INFO - [2022-11-08T14:40:21.891+0000] {dagbag.py:537} INFO - Filling up the DagBag from /home/airflow/.local/lib/python3.7/site-packages/airflow/example_dags/example_latest_only.py
[2022-11-08T14:40:21.909+0000] {processor.py:766} INFO - DAG(s) dict_keys(['latest_only']) retrieved from /home/airflow/.local/lib/python3.7/site-packages/airflow/example_dags/example_latest_only.py
[2022-11-08T14:40:21.966+0000] {logging_mixin.py:120} INFO - [2022-11-08T14:40:21.966+0000] {dag.py:2585} INFO - Sync 1 DAGs
[2022-11-08T14:40:21.997+0000] {logging_mixin.py:120} INFO - [2022-11-08T14:40:21.996+0000] {dag.py:3340} INFO - Setting next_dagrun for latest_only to 2022-11-08T10:40:21.996447+00:00, run_after=2022-11-08T14:40:21.996447+00:00
[2022-11-08T14:40:22.030+0000] {processor.py:176} INFO - Processing /home/airflow/.local/lib/python3.7/site-packages/airflow/example_dags/example_latest_only.py took 0.146 seconds
[2022-11-08T14:40:52.168+0000] {processor.py:154} INFO - Started process (PID=3511) to work on /home/airflow/.local/lib/python3.7/site-packages/airflow/example_dags/example_latest_only.py
[2022-11-08T14:40:52.169+0000] {processor.py:756} INFO - Processing file /home/airflow/.local/lib/python3.7/site-packages/airflow/example_dags/example_latest_only.py for tasks to queue
[2022-11-08T14:40:52.170+0000] {logging_mixin.py:120} INFO - [2022-11-08T14:40:52.170+0000] {dagbag.py:537} INFO - Filling up the DagBag from /home/airflow/.local/lib/python3.7/site-packages/airflow/example_dags/example_latest_only.py
[2022-11-08T14:40:52.188+0000] {processor.py:766} INFO - DAG(s) dict_keys(['latest_only']) retrieved from /home/airflow/.local/lib/python3.7/site-packages/airflow/example_dags/example_latest_only.py
[2022-11-08T14:40:52.236+0000] {logging_mixin.py:120} INFO - [2022-11-08T14:40:52.236+0000] {dag.py:2585} INFO - Sync 1 DAGs
[2022-11-08T14:40:52.261+0000] {logging_mixin.py:120} INFO - [2022-11-08T14:40:52.261+0000] {dag.py:3340} INFO - Setting next_dagrun for latest_only to 2022-11-08T10:40:52.261140+00:00, run_after=2022-11-08T14:40:52.261140+00:00
[2022-11-08T14:40:52.284+0000] {processor.py:176} INFO - Processing /home/airflow/.local/lib/python3.7/site-packages/airflow/example_dags/example_latest_only.py took 0.120 seconds
[2022-11-08T14:41:22.574+0000] {processor.py:154} INFO - Started process (PID=3718) to work on /home/airflow/.local/lib/python3.7/site-packages/airflow/example_dags/example_latest_only.py
[2022-11-08T14:41:22.575+0000] {processor.py:756} INFO - Processing file /home/airflow/.local/lib/python3.7/site-packages/airflow/example_dags/example_latest_only.py for tasks to queue
[2022-11-08T14:41:22.575+0000] {logging_mixin.py:120} INFO - [2022-11-08T14:41:22.575+0000] {dagbag.py:537} INFO - Filling up the DagBag from /home/airflow/.local/lib/python3.7/site-packages/airflow/example_dags/example_latest_only.py
[2022-11-08T14:41:22.589+0000] {processor.py:766} INFO - DAG(s) dict_keys(['latest_only']) retrieved from /home/airflow/.local/lib/python3.7/site-packages/airflow/example_dags/example_latest_only.py
[2022-11-08T14:41:22.624+0000] {logging_mixin.py:120} INFO - [2022-11-08T14:41:22.624+0000] {dag.py:2585} INFO - Sync 1 DAGs
[2022-11-08T14:41:22.646+0000] {logging_mixin.py:120} INFO - [2022-11-08T14:41:22.646+0000] {dag.py:3340} INFO - Setting next_dagrun for latest_only to 2022-11-08T10:41:22.646119+00:00, run_after=2022-11-08T14:41:22.646119+00:00
[2022-11-08T14:41:22.662+0000] {processor.py:176} INFO - Processing /home/airflow/.local/lib/python3.7/site-packages/airflow/example_dags/example_latest_only.py took 0.092 seconds
[2022-11-08T14:41:52.894+0000] {processor.py:154} INFO - Started process (PID=3916) to work on /home/airflow/.local/lib/python3.7/site-packages/airflow/example_dags/example_latest_only.py
[2022-11-08T14:41:52.896+0000] {processor.py:756} INFO - Processing file /home/airflow/.local/lib/python3.7/site-packages/airflow/example_dags/example_latest_only.py for tasks to queue
[2022-11-08T14:41:52.897+0000] {logging_mixin.py:120} INFO - [2022-11-08T14:41:52.897+0000] {dagbag.py:537} INFO - Filling up the DagBag from /home/airflow/.local/lib/python3.7/site-packages/airflow/example_dags/example_latest_only.py
[2022-11-08T14:41:52.915+0000] {processor.py:766} INFO - DAG(s) dict_keys(['latest_only']) retrieved from /home/airflow/.local/lib/python3.7/site-packages/airflow/example_dags/example_latest_only.py
[2022-11-08T14:41:52.962+0000] {logging_mixin.py:120} INFO - [2022-11-08T14:41:52.962+0000] {dag.py:2585} INFO - Sync 1 DAGs
[2022-11-08T14:41:52.989+0000] {logging_mixin.py:120} INFO - [2022-11-08T14:41:52.989+0000] {dag.py:3340} INFO - Setting next_dagrun for latest_only to 2022-11-08T10:41:52.989174+00:00, run_after=2022-11-08T14:41:52.989174+00:00
[2022-11-08T14:41:53.012+0000] {processor.py:176} INFO - Processing /home/airflow/.local/lib/python3.7/site-packages/airflow/example_dags/example_latest_only.py took 0.122 seconds
[2022-11-08T14:42:23.097+0000] {processor.py:154} INFO - Started process (PID=4123) to work on /home/airflow/.local/lib/python3.7/site-packages/airflow/example_dags/example_latest_only.py
[2022-11-08T14:42:23.098+0000] {processor.py:756} INFO - Processing file /home/airflow/.local/lib/python3.7/site-packages/airflow/example_dags/example_latest_only.py for tasks to queue
[2022-11-08T14:42:23.099+0000] {logging_mixin.py:120} INFO - [2022-11-08T14:42:23.099+0000] {dagbag.py:537} INFO - Filling up the DagBag from /home/airflow/.local/lib/python3.7/site-packages/airflow/example_dags/example_latest_only.py
[2022-11-08T14:42:23.116+0000] {processor.py:766} INFO - DAG(s) dict_keys(['latest_only']) retrieved from /home/airflow/.local/lib/python3.7/site-packages/airflow/example_dags/example_latest_only.py
[2022-11-08T14:42:23.145+0000] {logging_mixin.py:120} INFO - [2022-11-08T14:42:23.145+0000] {dag.py:2585} INFO - Sync 1 DAGs
[2022-11-08T14:42:23.178+0000] {logging_mixin.py:120} INFO - [2022-11-08T14:42:23.178+0000] {dag.py:3340} INFO - Setting next_dagrun for latest_only to 2022-11-08T10:42:23.177647+00:00, run_after=2022-11-08T14:42:23.177647+00:00
[2022-11-08T14:42:23.202+0000] {processor.py:176} INFO - Processing /home/airflow/.local/lib/python3.7/site-packages/airflow/example_dags/example_latest_only.py took 0.108 seconds
[2022-11-08T14:42:53.852+0000] {processor.py:154} INFO - Started process (PID=4332) to work on /home/airflow/.local/lib/python3.7/site-packages/airflow/example_dags/example_latest_only.py
[2022-11-08T14:42:53.852+0000] {processor.py:756} INFO - Processing file /home/airflow/.local/lib/python3.7/site-packages/airflow/example_dags/example_latest_only.py for tasks to queue
[2022-11-08T14:42:53.853+0000] {logging_mixin.py:120} INFO - [2022-11-08T14:42:53.853+0000] {dagbag.py:537} INFO - Filling up the DagBag from /home/airflow/.local/lib/python3.7/site-packages/airflow/example_dags/example_latest_only.py
[2022-11-08T14:42:53.865+0000] {processor.py:766} INFO - DAG(s) dict_keys(['latest_only']) retrieved from /home/airflow/.local/lib/python3.7/site-packages/airflow/example_dags/example_latest_only.py
[2022-11-08T14:42:53.899+0000] {logging_mixin.py:120} INFO - [2022-11-08T14:42:53.899+0000] {dag.py:2585} INFO - Sync 1 DAGs
[2022-11-08T14:42:53.919+0000] {logging_mixin.py:120} INFO - [2022-11-08T14:42:53.919+0000] {dag.py:3340} INFO - Setting next_dagrun for latest_only to 2022-11-08T10:42:53.918868+00:00, run_after=2022-11-08T14:42:53.918868+00:00
[2022-11-08T14:42:53.936+0000] {processor.py:176} INFO - Processing /home/airflow/.local/lib/python3.7/site-packages/airflow/example_dags/example_latest_only.py took 0.087 seconds
[2022-11-08T14:43:24.407+0000] {processor.py:154} INFO - Started process (PID=4537) to work on /home/airflow/.local/lib/python3.7/site-packages/airflow/example_dags/example_latest_only.py
[2022-11-08T14:43:24.408+0000] {processor.py:756} INFO - Processing file /home/airflow/.local/lib/python3.7/site-packages/airflow/example_dags/example_latest_only.py for tasks to queue
[2022-11-08T14:43:24.409+0000] {logging_mixin.py:120} INFO - [2022-11-08T14:43:24.409+0000] {dagbag.py:537} INFO - Filling up the DagBag from /home/airflow/.local/lib/python3.7/site-packages/airflow/example_dags/example_latest_only.py
[2022-11-08T14:43:24.421+0000] {processor.py:766} INFO - DAG(s) dict_keys(['latest_only']) retrieved from /home/airflow/.local/lib/python3.7/site-packages/airflow/example_dags/example_latest_only.py
[2022-11-08T14:43:24.453+0000] {logging_mixin.py:120} INFO - [2022-11-08T14:43:24.453+0000] {dag.py:2585} INFO - Sync 1 DAGs
[2022-11-08T14:43:24.473+0000] {logging_mixin.py:120} INFO - [2022-11-08T14:43:24.473+0000] {dag.py:3340} INFO - Setting next_dagrun for latest_only to 2022-11-08T10:43:24.473483+00:00, run_after=2022-11-08T14:43:24.473483+00:00
[2022-11-08T14:43:24.488+0000] {processor.py:176} INFO - Processing /home/airflow/.local/lib/python3.7/site-packages/airflow/example_dags/example_latest_only.py took 0.084 seconds
[2022-11-08T14:43:54.914+0000] {processor.py:154} INFO - Started process (PID=4735) to work on /home/airflow/.local/lib/python3.7/site-packages/airflow/example_dags/example_latest_only.py
[2022-11-08T14:43:54.915+0000] {processor.py:756} INFO - Processing file /home/airflow/.local/lib/python3.7/site-packages/airflow/example_dags/example_latest_only.py for tasks to queue
[2022-11-08T14:43:54.915+0000] {logging_mixin.py:120} INFO - [2022-11-08T14:43:54.915+0000] {dagbag.py:537} INFO - Filling up the DagBag from /home/airflow/.local/lib/python3.7/site-packages/airflow/example_dags/example_latest_only.py
[2022-11-08T14:43:54.927+0000] {processor.py:766} INFO - DAG(s) dict_keys(['latest_only']) retrieved from /home/airflow/.local/lib/python3.7/site-packages/airflow/example_dags/example_latest_only.py
[2022-11-08T14:43:54.963+0000] {logging_mixin.py:120} INFO - [2022-11-08T14:43:54.963+0000] {dag.py:2585} INFO - Sync 1 DAGs
[2022-11-08T14:43:54.982+0000] {logging_mixin.py:120} INFO - [2022-11-08T14:43:54.982+0000] {dag.py:3340} INFO - Setting next_dagrun for latest_only to 2022-11-08T10:43:54.981906+00:00, run_after=2022-11-08T14:43:54.981906+00:00
[2022-11-08T14:43:54.997+0000] {processor.py:176} INFO - Processing /home/airflow/.local/lib/python3.7/site-packages/airflow/example_dags/example_latest_only.py took 0.087 seconds
[2022-11-08T14:44:25.642+0000] {processor.py:154} INFO - Started process (PID=4942) to work on /home/airflow/.local/lib/python3.7/site-packages/airflow/example_dags/example_latest_only.py
[2022-11-08T14:44:25.643+0000] {processor.py:756} INFO - Processing file /home/airflow/.local/lib/python3.7/site-packages/airflow/example_dags/example_latest_only.py for tasks to queue
[2022-11-08T14:44:25.644+0000] {logging_mixin.py:120} INFO - [2022-11-08T14:44:25.644+0000] {dagbag.py:537} INFO - Filling up the DagBag from /home/airflow/.local/lib/python3.7/site-packages/airflow/example_dags/example_latest_only.py
[2022-11-08T14:44:25.660+0000] {processor.py:766} INFO - DAG(s) dict_keys(['latest_only']) retrieved from /home/airflow/.local/lib/python3.7/site-packages/airflow/example_dags/example_latest_only.py
[2022-11-08T14:44:25.703+0000] {logging_mixin.py:120} INFO - [2022-11-08T14:44:25.703+0000] {dag.py:2585} INFO - Sync 1 DAGs
[2022-11-08T14:44:25.726+0000] {logging_mixin.py:120} INFO - [2022-11-08T14:44:25.726+0000] {dag.py:3340} INFO - Setting next_dagrun for latest_only to 2022-11-08T10:44:25.726046+00:00, run_after=2022-11-08T14:44:25.726046+00:00
[2022-11-08T14:44:25.745+0000] {processor.py:176} INFO - Processing /home/airflow/.local/lib/python3.7/site-packages/airflow/example_dags/example_latest_only.py took 0.108 seconds
[2022-11-08T14:44:56.316+0000] {processor.py:154} INFO - Started process (PID=5150) to work on /home/airflow/.local/lib/python3.7/site-packages/airflow/example_dags/example_latest_only.py
[2022-11-08T14:44:56.317+0000] {processor.py:756} INFO - Processing file /home/airflow/.local/lib/python3.7/site-packages/airflow/example_dags/example_latest_only.py for tasks to queue
[2022-11-08T14:44:56.318+0000] {logging_mixin.py:120} INFO - [2022-11-08T14:44:56.318+0000] {dagbag.py:537} INFO - Filling up the DagBag from /home/airflow/.local/lib/python3.7/site-packages/airflow/example_dags/example_latest_only.py
[2022-11-08T14:44:56.331+0000] {processor.py:766} INFO - DAG(s) dict_keys(['latest_only']) retrieved from /home/airflow/.local/lib/python3.7/site-packages/airflow/example_dags/example_latest_only.py
[2022-11-08T14:44:56.362+0000] {logging_mixin.py:120} INFO - [2022-11-08T14:44:56.362+0000] {dag.py:2585} INFO - Sync 1 DAGs
[2022-11-08T14:44:56.382+0000] {logging_mixin.py:120} INFO - [2022-11-08T14:44:56.382+0000] {dag.py:3340} INFO - Setting next_dagrun for latest_only to 2022-11-08T10:44:56.382268+00:00, run_after=2022-11-08T14:44:56.382268+00:00
[2022-11-08T14:44:56.399+0000] {processor.py:176} INFO - Processing /home/airflow/.local/lib/python3.7/site-packages/airflow/example_dags/example_latest_only.py took 0.086 seconds
[2022-11-08T14:45:26.774+0000] {processor.py:154} INFO - Started process (PID=5357) to work on /home/airflow/.local/lib/python3.7/site-packages/airflow/example_dags/example_latest_only.py
[2022-11-08T14:45:26.775+0000] {processor.py:756} INFO - Processing file /home/airflow/.local/lib/python3.7/site-packages/airflow/example_dags/example_latest_only.py for tasks to queue
[2022-11-08T14:45:26.776+0000] {logging_mixin.py:120} INFO - [2022-11-08T14:45:26.776+0000] {dagbag.py:537} INFO - Filling up the DagBag from /home/airflow/.local/lib/python3.7/site-packages/airflow/example_dags/example_latest_only.py
[2022-11-08T14:45:26.790+0000] {processor.py:766} INFO - DAG(s) dict_keys(['latest_only']) retrieved from /home/airflow/.local/lib/python3.7/site-packages/airflow/example_dags/example_latest_only.py
[2022-11-08T14:45:26.821+0000] {logging_mixin.py:120} INFO - [2022-11-08T14:45:26.820+0000] {dag.py:2585} INFO - Sync 1 DAGs
[2022-11-08T14:45:26.840+0000] {logging_mixin.py:120} INFO - [2022-11-08T14:45:26.840+0000] {dag.py:3340} INFO - Setting next_dagrun for latest_only to 2022-11-08T10:45:26.840458+00:00, run_after=2022-11-08T14:45:26.840458+00:00
[2022-11-08T14:45:26.857+0000] {processor.py:176} INFO - Processing /home/airflow/.local/lib/python3.7/site-packages/airflow/example_dags/example_latest_only.py took 0.087 seconds
[2022-11-08T14:45:57.085+0000] {processor.py:154} INFO - Started process (PID=5562) to work on /home/airflow/.local/lib/python3.7/site-packages/airflow/example_dags/example_latest_only.py
[2022-11-08T14:45:57.086+0000] {processor.py:756} INFO - Processing file /home/airflow/.local/lib/python3.7/site-packages/airflow/example_dags/example_latest_only.py for tasks to queue
[2022-11-08T14:45:57.086+0000] {logging_mixin.py:120} INFO - [2022-11-08T14:45:57.086+0000] {dagbag.py:537} INFO - Filling up the DagBag from /home/airflow/.local/lib/python3.7/site-packages/airflow/example_dags/example_latest_only.py
[2022-11-08T14:45:57.098+0000] {processor.py:766} INFO - DAG(s) dict_keys(['latest_only']) retrieved from /home/airflow/.local/lib/python3.7/site-packages/airflow/example_dags/example_latest_only.py
[2022-11-08T14:45:57.137+0000] {logging_mixin.py:120} INFO - [2022-11-08T14:45:57.137+0000] {dag.py:2585} INFO - Sync 1 DAGs
[2022-11-08T14:45:57.156+0000] {logging_mixin.py:120} INFO - [2022-11-08T14:45:57.156+0000] {dag.py:3340} INFO - Setting next_dagrun for latest_only to 2022-11-08T10:45:57.156527+00:00, run_after=2022-11-08T14:45:57.156527+00:00
[2022-11-08T14:45:57.172+0000] {processor.py:176} INFO - Processing /home/airflow/.local/lib/python3.7/site-packages/airflow/example_dags/example_latest_only.py took 0.090 seconds
[2022-11-08T14:46:27.808+0000] {processor.py:154} INFO - Started process (PID=5766) to work on /home/airflow/.local/lib/python3.7/site-packages/airflow/example_dags/example_latest_only.py
[2022-11-08T14:46:27.809+0000] {processor.py:756} INFO - Processing file /home/airflow/.local/lib/python3.7/site-packages/airflow/example_dags/example_latest_only.py for tasks to queue
[2022-11-08T14:46:27.810+0000] {logging_mixin.py:120} INFO - [2022-11-08T14:46:27.810+0000] {dagbag.py:537} INFO - Filling up the DagBag from /home/airflow/.local/lib/python3.7/site-packages/airflow/example_dags/example_latest_only.py
[2022-11-08T14:46:27.826+0000] {processor.py:766} INFO - DAG(s) dict_keys(['latest_only']) retrieved from /home/airflow/.local/lib/python3.7/site-packages/airflow/example_dags/example_latest_only.py
[2022-11-08T14:46:27.873+0000] {logging_mixin.py:120} INFO - [2022-11-08T14:46:27.872+0000] {dag.py:2585} INFO - Sync 1 DAGs
[2022-11-08T14:46:27.899+0000] {logging_mixin.py:120} INFO - [2022-11-08T14:46:27.899+0000] {dag.py:3340} INFO - Setting next_dagrun for latest_only to 2022-11-08T10:46:27.899041+00:00, run_after=2022-11-08T14:46:27.899041+00:00
[2022-11-08T14:46:27.924+0000] {processor.py:176} INFO - Processing /home/airflow/.local/lib/python3.7/site-packages/airflow/example_dags/example_latest_only.py took 0.119 seconds
[2022-11-08T14:46:58.235+0000] {processor.py:154} INFO - Started process (PID=5967) to work on /home/airflow/.local/lib/python3.7/site-packages/airflow/example_dags/example_latest_only.py
[2022-11-08T14:46:58.236+0000] {processor.py:756} INFO - Processing file /home/airflow/.local/lib/python3.7/site-packages/airflow/example_dags/example_latest_only.py for tasks to queue
[2022-11-08T14:46:58.236+0000] {logging_mixin.py:120} INFO - [2022-11-08T14:46:58.236+0000] {dagbag.py:537} INFO - Filling up the DagBag from /home/airflow/.local/lib/python3.7/site-packages/airflow/example_dags/example_latest_only.py
[2022-11-08T14:46:58.249+0000] {processor.py:766} INFO - DAG(s) dict_keys(['latest_only']) retrieved from /home/airflow/.local/lib/python3.7/site-packages/airflow/example_dags/example_latest_only.py
[2022-11-08T14:46:58.271+0000] {logging_mixin.py:120} INFO - [2022-11-08T14:46:58.271+0000] {dag.py:2585} INFO - Sync 1 DAGs
[2022-11-08T14:46:58.291+0000] {logging_mixin.py:120} INFO - [2022-11-08T14:46:58.291+0000] {dag.py:3340} INFO - Setting next_dagrun for latest_only to 2022-11-08T10:46:58.290935+00:00, run_after=2022-11-08T14:46:58.290935+00:00
[2022-11-08T14:46:58.307+0000] {processor.py:176} INFO - Processing /home/airflow/.local/lib/python3.7/site-packages/airflow/example_dags/example_latest_only.py took 0.076 seconds
[2022-11-08T14:47:28.800+0000] {processor.py:154} INFO - Started process (PID=6174) to work on /home/airflow/.local/lib/python3.7/site-packages/airflow/example_dags/example_latest_only.py
[2022-11-08T14:47:28.802+0000] {processor.py:756} INFO - Processing file /home/airflow/.local/lib/python3.7/site-packages/airflow/example_dags/example_latest_only.py for tasks to queue
[2022-11-08T14:47:28.802+0000] {logging_mixin.py:120} INFO - [2022-11-08T14:47:28.802+0000] {dagbag.py:537} INFO - Filling up the DagBag from /home/airflow/.local/lib/python3.7/site-packages/airflow/example_dags/example_latest_only.py
[2022-11-08T14:47:28.823+0000] {processor.py:766} INFO - DAG(s) dict_keys(['latest_only']) retrieved from /home/airflow/.local/lib/python3.7/site-packages/airflow/example_dags/example_latest_only.py
[2022-11-08T14:47:28.876+0000] {logging_mixin.py:120} INFO - [2022-11-08T14:47:28.876+0000] {dag.py:2585} INFO - Sync 1 DAGs
[2022-11-08T14:47:28.901+0000] {logging_mixin.py:120} INFO - [2022-11-08T14:47:28.901+0000] {dag.py:3340} INFO - Setting next_dagrun for latest_only to 2022-11-08T10:47:28.901151+00:00, run_after=2022-11-08T14:47:28.901151+00:00
[2022-11-08T14:47:28.924+0000] {processor.py:176} INFO - Processing /home/airflow/.local/lib/python3.7/site-packages/airflow/example_dags/example_latest_only.py took 0.129 seconds
[2022-11-08T14:47:59.673+0000] {processor.py:154} INFO - Started process (PID=6381) to work on /home/airflow/.local/lib/python3.7/site-packages/airflow/example_dags/example_latest_only.py
[2022-11-08T14:47:59.674+0000] {processor.py:756} INFO - Processing file /home/airflow/.local/lib/python3.7/site-packages/airflow/example_dags/example_latest_only.py for tasks to queue
[2022-11-08T14:47:59.674+0000] {logging_mixin.py:120} INFO - [2022-11-08T14:47:59.674+0000] {dagbag.py:537} INFO - Filling up the DagBag from /home/airflow/.local/lib/python3.7/site-packages/airflow/example_dags/example_latest_only.py
[2022-11-08T14:47:59.692+0000] {processor.py:766} INFO - DAG(s) dict_keys(['latest_only']) retrieved from /home/airflow/.local/lib/python3.7/site-packages/airflow/example_dags/example_latest_only.py
[2022-11-08T14:47:59.733+0000] {logging_mixin.py:120} INFO - [2022-11-08T14:47:59.732+0000] {dag.py:2585} INFO - Sync 1 DAGs
[2022-11-08T14:47:59.754+0000] {logging_mixin.py:120} INFO - [2022-11-08T14:47:59.753+0000] {dag.py:3340} INFO - Setting next_dagrun for latest_only to 2022-11-08T10:47:59.753676+00:00, run_after=2022-11-08T14:47:59.753676+00:00
[2022-11-08T14:47:59.771+0000] {processor.py:176} INFO - Processing /home/airflow/.local/lib/python3.7/site-packages/airflow/example_dags/example_latest_only.py took 0.102 seconds
[2022-11-08T14:48:30.552+0000] {processor.py:154} INFO - Started process (PID=6588) to work on /home/airflow/.local/lib/python3.7/site-packages/airflow/example_dags/example_latest_only.py
[2022-11-08T14:48:30.553+0000] {processor.py:756} INFO - Processing file /home/airflow/.local/lib/python3.7/site-packages/airflow/example_dags/example_latest_only.py for tasks to queue
[2022-11-08T14:48:30.554+0000] {logging_mixin.py:120} INFO - [2022-11-08T14:48:30.554+0000] {dagbag.py:537} INFO - Filling up the DagBag from /home/airflow/.local/lib/python3.7/site-packages/airflow/example_dags/example_latest_only.py
[2022-11-08T14:48:30.570+0000] {processor.py:766} INFO - DAG(s) dict_keys(['latest_only']) retrieved from /home/airflow/.local/lib/python3.7/site-packages/airflow/example_dags/example_latest_only.py
[2022-11-08T14:48:30.609+0000] {logging_mixin.py:120} INFO - [2022-11-08T14:48:30.609+0000] {dag.py:2585} INFO - Sync 1 DAGs
[2022-11-08T14:48:30.632+0000] {logging_mixin.py:120} INFO - [2022-11-08T14:48:30.632+0000] {dag.py:3340} INFO - Setting next_dagrun for latest_only to 2022-11-08T10:48:30.632478+00:00, run_after=2022-11-08T14:48:30.632478+00:00
[2022-11-08T14:48:30.650+0000] {processor.py:176} INFO - Processing /home/airflow/.local/lib/python3.7/site-packages/airflow/example_dags/example_latest_only.py took 0.102 seconds
[2022-11-08T14:49:00.881+0000] {processor.py:154} INFO - Started process (PID=6789) to work on /home/airflow/.local/lib/python3.7/site-packages/airflow/example_dags/example_latest_only.py
[2022-11-08T14:49:00.882+0000] {processor.py:756} INFO - Processing file /home/airflow/.local/lib/python3.7/site-packages/airflow/example_dags/example_latest_only.py for tasks to queue
[2022-11-08T14:49:00.883+0000] {logging_mixin.py:120} INFO - [2022-11-08T14:49:00.883+0000] {dagbag.py:537} INFO - Filling up the DagBag from /home/airflow/.local/lib/python3.7/site-packages/airflow/example_dags/example_latest_only.py
[2022-11-08T14:49:00.896+0000] {processor.py:766} INFO - DAG(s) dict_keys(['latest_only']) retrieved from /home/airflow/.local/lib/python3.7/site-packages/airflow/example_dags/example_latest_only.py
[2022-11-08T14:49:00.931+0000] {logging_mixin.py:120} INFO - [2022-11-08T14:49:00.931+0000] {dag.py:2585} INFO - Sync 1 DAGs
[2022-11-08T14:49:00.955+0000] {logging_mixin.py:120} INFO - [2022-11-08T14:49:00.955+0000] {dag.py:3340} INFO - Setting next_dagrun for latest_only to 2022-11-08T10:49:00.954858+00:00, run_after=2022-11-08T14:49:00.954858+00:00
[2022-11-08T14:49:00.971+0000] {processor.py:176} INFO - Processing /home/airflow/.local/lib/python3.7/site-packages/airflow/example_dags/example_latest_only.py took 0.093 seconds
[2022-11-08T14:49:31.280+0000] {processor.py:154} INFO - Started process (PID=6996) to work on /home/airflow/.local/lib/python3.7/site-packages/airflow/example_dags/example_latest_only.py
[2022-11-08T14:49:31.281+0000] {processor.py:756} INFO - Processing file /home/airflow/.local/lib/python3.7/site-packages/airflow/example_dags/example_latest_only.py for tasks to queue
[2022-11-08T14:49:31.281+0000] {logging_mixin.py:120} INFO - [2022-11-08T14:49:31.281+0000] {dagbag.py:537} INFO - Filling up the DagBag from /home/airflow/.local/lib/python3.7/site-packages/airflow/example_dags/example_latest_only.py
[2022-11-08T14:49:31.294+0000] {processor.py:766} INFO - DAG(s) dict_keys(['latest_only']) retrieved from /home/airflow/.local/lib/python3.7/site-packages/airflow/example_dags/example_latest_only.py
[2022-11-08T14:49:31.329+0000] {logging_mixin.py:120} INFO - [2022-11-08T14:49:31.329+0000] {dag.py:2585} INFO - Sync 1 DAGs
[2022-11-08T14:49:31.349+0000] {logging_mixin.py:120} INFO - [2022-11-08T14:49:31.349+0000] {dag.py:3340} INFO - Setting next_dagrun for latest_only to 2022-11-08T10:49:31.349284+00:00, run_after=2022-11-08T14:49:31.349284+00:00
[2022-11-08T14:49:31.365+0000] {processor.py:176} INFO - Processing /home/airflow/.local/lib/python3.7/site-packages/airflow/example_dags/example_latest_only.py took 0.088 seconds
[2022-11-08T14:50:01.681+0000] {processor.py:154} INFO - Started process (PID=7201) to work on /home/airflow/.local/lib/python3.7/site-packages/airflow/example_dags/example_latest_only.py
[2022-11-08T14:50:01.682+0000] {processor.py:756} INFO - Processing file /home/airflow/.local/lib/python3.7/site-packages/airflow/example_dags/example_latest_only.py for tasks to queue
[2022-11-08T14:50:01.683+0000] {logging_mixin.py:120} INFO - [2022-11-08T14:50:01.683+0000] {dagbag.py:537} INFO - Filling up the DagBag from /home/airflow/.local/lib/python3.7/site-packages/airflow/example_dags/example_latest_only.py
[2022-11-08T14:50:01.697+0000] {processor.py:766} INFO - DAG(s) dict_keys(['latest_only']) retrieved from /home/airflow/.local/lib/python3.7/site-packages/airflow/example_dags/example_latest_only.py
[2022-11-08T14:50:01.737+0000] {logging_mixin.py:120} INFO - [2022-11-08T14:50:01.737+0000] {dag.py:2585} INFO - Sync 1 DAGs
[2022-11-08T14:50:01.759+0000] {logging_mixin.py:120} INFO - [2022-11-08T14:50:01.759+0000] {dag.py:3340} INFO - Setting next_dagrun for latest_only to 2022-11-08T10:50:01.759136+00:00, run_after=2022-11-08T14:50:01.759136+00:00
[2022-11-08T14:50:01.776+0000] {processor.py:176} INFO - Processing /home/airflow/.local/lib/python3.7/site-packages/airflow/example_dags/example_latest_only.py took 0.098 seconds
[2022-11-08T14:50:32.231+0000] {processor.py:154} INFO - Started process (PID=7407) to work on /home/airflow/.local/lib/python3.7/site-packages/airflow/example_dags/example_latest_only.py
[2022-11-08T14:50:32.231+0000] {processor.py:756} INFO - Processing file /home/airflow/.local/lib/python3.7/site-packages/airflow/example_dags/example_latest_only.py for tasks to queue
[2022-11-08T14:50:32.232+0000] {logging_mixin.py:120} INFO - [2022-11-08T14:50:32.232+0000] {dagbag.py:537} INFO - Filling up the DagBag from /home/airflow/.local/lib/python3.7/site-packages/airflow/example_dags/example_latest_only.py
[2022-11-08T14:50:32.244+0000] {processor.py:766} INFO - DAG(s) dict_keys(['latest_only']) retrieved from /home/airflow/.local/lib/python3.7/site-packages/airflow/example_dags/example_latest_only.py
[2022-11-08T14:50:32.281+0000] {logging_mixin.py:120} INFO - [2022-11-08T14:50:32.281+0000] {dag.py:2585} INFO - Sync 1 DAGs
[2022-11-08T14:50:32.300+0000] {logging_mixin.py:120} INFO - [2022-11-08T14:50:32.300+0000] {dag.py:3340} INFO - Setting next_dagrun for latest_only to 2022-11-08T10:50:32.300280+00:00, run_after=2022-11-08T14:50:32.300280+00:00
[2022-11-08T14:50:32.317+0000] {processor.py:176} INFO - Processing /home/airflow/.local/lib/python3.7/site-packages/airflow/example_dags/example_latest_only.py took 0.090 seconds
[2022-11-08T14:51:02.995+0000] {processor.py:154} INFO - Started process (PID=7605) to work on /home/airflow/.local/lib/python3.7/site-packages/airflow/example_dags/example_latest_only.py
[2022-11-08T14:51:02.996+0000] {processor.py:756} INFO - Processing file /home/airflow/.local/lib/python3.7/site-packages/airflow/example_dags/example_latest_only.py for tasks to queue
[2022-11-08T14:51:02.997+0000] {logging_mixin.py:120} INFO - [2022-11-08T14:51:02.997+0000] {dagbag.py:537} INFO - Filling up the DagBag from /home/airflow/.local/lib/python3.7/site-packages/airflow/example_dags/example_latest_only.py
[2022-11-08T14:51:03.015+0000] {processor.py:766} INFO - DAG(s) dict_keys(['latest_only']) retrieved from /home/airflow/.local/lib/python3.7/site-packages/airflow/example_dags/example_latest_only.py
[2022-11-08T14:51:03.061+0000] {logging_mixin.py:120} INFO - [2022-11-08T14:51:03.061+0000] {dag.py:2585} INFO - Sync 1 DAGs
[2022-11-08T14:51:03.082+0000] {logging_mixin.py:120} INFO - [2022-11-08T14:51:03.082+0000] {dag.py:3340} INFO - Setting next_dagrun for latest_only to 2022-11-08T10:51:03.082132+00:00, run_after=2022-11-08T14:51:03.082132+00:00
[2022-11-08T14:51:03.099+0000] {processor.py:176} INFO - Processing /home/airflow/.local/lib/python3.7/site-packages/airflow/example_dags/example_latest_only.py took 0.108 seconds
[2022-11-08T14:51:33.871+0000] {processor.py:154} INFO - Started process (PID=7815) to work on /home/airflow/.local/lib/python3.7/site-packages/airflow/example_dags/example_latest_only.py
[2022-11-08T14:51:33.872+0000] {processor.py:756} INFO - Processing file /home/airflow/.local/lib/python3.7/site-packages/airflow/example_dags/example_latest_only.py for tasks to queue
[2022-11-08T14:51:33.873+0000] {logging_mixin.py:120} INFO - [2022-11-08T14:51:33.873+0000] {dagbag.py:537} INFO - Filling up the DagBag from /home/airflow/.local/lib/python3.7/site-packages/airflow/example_dags/example_latest_only.py
[2022-11-08T14:51:33.890+0000] {processor.py:766} INFO - DAG(s) dict_keys(['latest_only']) retrieved from /home/airflow/.local/lib/python3.7/site-packages/airflow/example_dags/example_latest_only.py
[2022-11-08T14:51:33.944+0000] {logging_mixin.py:120} INFO - [2022-11-08T14:51:33.943+0000] {dag.py:2585} INFO - Sync 1 DAGs
[2022-11-08T14:51:33.975+0000] {logging_mixin.py:120} INFO - [2022-11-08T14:51:33.975+0000] {dag.py:3340} INFO - Setting next_dagrun for latest_only to 2022-11-08T10:51:33.975137+00:00, run_after=2022-11-08T14:51:33.975137+00:00
[2022-11-08T14:51:33.995+0000] {processor.py:176} INFO - Processing /home/airflow/.local/lib/python3.7/site-packages/airflow/example_dags/example_latest_only.py took 0.129 seconds
[2022-11-08T14:52:05.032+0000] {processor.py:154} INFO - Started process (PID=8022) to work on /home/airflow/.local/lib/python3.7/site-packages/airflow/example_dags/example_latest_only.py
[2022-11-08T14:52:05.033+0000] {processor.py:756} INFO - Processing file /home/airflow/.local/lib/python3.7/site-packages/airflow/example_dags/example_latest_only.py for tasks to queue
[2022-11-08T14:52:05.034+0000] {logging_mixin.py:120} INFO - [2022-11-08T14:52:05.034+0000] {dagbag.py:537} INFO - Filling up the DagBag from /home/airflow/.local/lib/python3.7/site-packages/airflow/example_dags/example_latest_only.py
[2022-11-08T14:52:05.052+0000] {processor.py:766} INFO - DAG(s) dict_keys(['latest_only']) retrieved from /home/airflow/.local/lib/python3.7/site-packages/airflow/example_dags/example_latest_only.py
[2022-11-08T14:52:05.098+0000] {logging_mixin.py:120} INFO - [2022-11-08T14:52:05.098+0000] {dag.py:2585} INFO - Sync 1 DAGs
[2022-11-08T14:52:05.125+0000] {logging_mixin.py:120} INFO - [2022-11-08T14:52:05.124+0000] {dag.py:3340} INFO - Setting next_dagrun for latest_only to 2022-11-08T10:52:05.124405+00:00, run_after=2022-11-08T14:52:05.124405+00:00
[2022-11-08T14:52:05.145+0000] {processor.py:176} INFO - Processing /home/airflow/.local/lib/python3.7/site-packages/airflow/example_dags/example_latest_only.py took 0.119 seconds
[2022-11-08T14:52:35.506+0000] {processor.py:154} INFO - Started process (PID=8229) to work on /home/airflow/.local/lib/python3.7/site-packages/airflow/example_dags/example_latest_only.py
[2022-11-08T14:52:35.507+0000] {processor.py:756} INFO - Processing file /home/airflow/.local/lib/python3.7/site-packages/airflow/example_dags/example_latest_only.py for tasks to queue
[2022-11-08T14:52:35.508+0000] {logging_mixin.py:120} INFO - [2022-11-08T14:52:35.508+0000] {dagbag.py:537} INFO - Filling up the DagBag from /home/airflow/.local/lib/python3.7/site-packages/airflow/example_dags/example_latest_only.py
[2022-11-08T14:52:35.525+0000] {processor.py:766} INFO - DAG(s) dict_keys(['latest_only']) retrieved from /home/airflow/.local/lib/python3.7/site-packages/airflow/example_dags/example_latest_only.py
[2022-11-08T14:52:35.572+0000] {logging_mixin.py:120} INFO - [2022-11-08T14:52:35.572+0000] {dag.py:2585} INFO - Sync 1 DAGs
[2022-11-08T14:52:35.597+0000] {logging_mixin.py:120} INFO - [2022-11-08T14:52:35.597+0000] {dag.py:3340} INFO - Setting next_dagrun for latest_only to 2022-11-08T10:52:35.597464+00:00, run_after=2022-11-08T14:52:35.597464+00:00
[2022-11-08T14:52:35.619+0000] {processor.py:176} INFO - Processing /home/airflow/.local/lib/python3.7/site-packages/airflow/example_dags/example_latest_only.py took 0.116 seconds
[2022-11-08T14:53:05.700+0000] {processor.py:154} INFO - Started process (PID=8428) to work on /home/airflow/.local/lib/python3.7/site-packages/airflow/example_dags/example_latest_only.py
[2022-11-08T14:53:05.701+0000] {processor.py:756} INFO - Processing file /home/airflow/.local/lib/python3.7/site-packages/airflow/example_dags/example_latest_only.py for tasks to queue
[2022-11-08T14:53:05.701+0000] {logging_mixin.py:120} INFO - [2022-11-08T14:53:05.701+0000] {dagbag.py:537} INFO - Filling up the DagBag from /home/airflow/.local/lib/python3.7/site-packages/airflow/example_dags/example_latest_only.py
[2022-11-08T14:53:05.716+0000] {processor.py:766} INFO - DAG(s) dict_keys(['latest_only']) retrieved from /home/airflow/.local/lib/python3.7/site-packages/airflow/example_dags/example_latest_only.py
[2022-11-08T14:53:05.764+0000] {logging_mixin.py:120} INFO - [2022-11-08T14:53:05.764+0000] {dag.py:2585} INFO - Sync 1 DAGs
[2022-11-08T14:53:05.796+0000] {logging_mixin.py:120} INFO - [2022-11-08T14:53:05.796+0000] {dag.py:3340} INFO - Setting next_dagrun for latest_only to 2022-11-08T10:53:05.795738+00:00, run_after=2022-11-08T14:53:05.795738+00:00
[2022-11-08T14:53:05.820+0000] {processor.py:176} INFO - Processing /home/airflow/.local/lib/python3.7/site-packages/airflow/example_dags/example_latest_only.py took 0.124 seconds
[2022-11-08T14:53:35.907+0000] {processor.py:154} INFO - Started process (PID=8633) to work on /home/airflow/.local/lib/python3.7/site-packages/airflow/example_dags/example_latest_only.py
[2022-11-08T14:53:35.908+0000] {processor.py:756} INFO - Processing file /home/airflow/.local/lib/python3.7/site-packages/airflow/example_dags/example_latest_only.py for tasks to queue
[2022-11-08T14:53:35.908+0000] {logging_mixin.py:120} INFO - [2022-11-08T14:53:35.908+0000] {dagbag.py:537} INFO - Filling up the DagBag from /home/airflow/.local/lib/python3.7/site-packages/airflow/example_dags/example_latest_only.py
[2022-11-08T14:53:35.924+0000] {processor.py:766} INFO - DAG(s) dict_keys(['latest_only']) retrieved from /home/airflow/.local/lib/python3.7/site-packages/airflow/example_dags/example_latest_only.py
[2022-11-08T14:53:35.968+0000] {logging_mixin.py:120} INFO - [2022-11-08T14:53:35.968+0000] {dag.py:2585} INFO - Sync 1 DAGs
[2022-11-08T14:53:35.991+0000] {logging_mixin.py:120} INFO - [2022-11-08T14:53:35.991+0000] {dag.py:3340} INFO - Setting next_dagrun for latest_only to 2022-11-08T10:53:35.991572+00:00, run_after=2022-11-08T14:53:35.991572+00:00
[2022-11-08T14:53:36.010+0000] {processor.py:176} INFO - Processing /home/airflow/.local/lib/python3.7/site-packages/airflow/example_dags/example_latest_only.py took 0.107 seconds
[2022-11-08T14:54:06.144+0000] {processor.py:154} INFO - Started process (PID=8838) to work on /home/airflow/.local/lib/python3.7/site-packages/airflow/example_dags/example_latest_only.py
[2022-11-08T14:54:06.145+0000] {processor.py:756} INFO - Processing file /home/airflow/.local/lib/python3.7/site-packages/airflow/example_dags/example_latest_only.py for tasks to queue
[2022-11-08T14:54:06.146+0000] {logging_mixin.py:120} INFO - [2022-11-08T14:54:06.146+0000] {dagbag.py:537} INFO - Filling up the DagBag from /home/airflow/.local/lib/python3.7/site-packages/airflow/example_dags/example_latest_only.py
[2022-11-08T14:54:06.168+0000] {processor.py:766} INFO - DAG(s) dict_keys(['latest_only']) retrieved from /home/airflow/.local/lib/python3.7/site-packages/airflow/example_dags/example_latest_only.py
[2022-11-08T14:54:06.214+0000] {logging_mixin.py:120} INFO - [2022-11-08T14:54:06.214+0000] {dag.py:2585} INFO - Sync 1 DAGs
[2022-11-08T14:54:06.236+0000] {logging_mixin.py:120} INFO - [2022-11-08T14:54:06.236+0000] {dag.py:3340} INFO - Setting next_dagrun for latest_only to 2022-11-08T10:54:06.236021+00:00, run_after=2022-11-08T14:54:06.236021+00:00
[2022-11-08T14:54:06.255+0000] {processor.py:176} INFO - Processing /home/airflow/.local/lib/python3.7/site-packages/airflow/example_dags/example_latest_only.py took 0.115 seconds
[2022-11-08T14:54:36.671+0000] {processor.py:154} INFO - Started process (PID=9036) to work on /home/airflow/.local/lib/python3.7/site-packages/airflow/example_dags/example_latest_only.py
[2022-11-08T14:54:36.672+0000] {processor.py:756} INFO - Processing file /home/airflow/.local/lib/python3.7/site-packages/airflow/example_dags/example_latest_only.py for tasks to queue
[2022-11-08T14:54:36.673+0000] {logging_mixin.py:120} INFO - [2022-11-08T14:54:36.672+0000] {dagbag.py:537} INFO - Filling up the DagBag from /home/airflow/.local/lib/python3.7/site-packages/airflow/example_dags/example_latest_only.py
[2022-11-08T14:54:36.689+0000] {processor.py:766} INFO - DAG(s) dict_keys(['latest_only']) retrieved from /home/airflow/.local/lib/python3.7/site-packages/airflow/example_dags/example_latest_only.py
[2022-11-08T14:54:36.741+0000] {logging_mixin.py:120} INFO - [2022-11-08T14:54:36.740+0000] {dag.py:2585} INFO - Sync 1 DAGs
[2022-11-08T14:54:36.771+0000] {logging_mixin.py:120} INFO - [2022-11-08T14:54:36.770+0000] {dag.py:3340} INFO - Setting next_dagrun for latest_only to 2022-11-08T10:54:36.770540+00:00, run_after=2022-11-08T14:54:36.770540+00:00
[2022-11-08T14:54:36.794+0000] {processor.py:176} INFO - Processing /home/airflow/.local/lib/python3.7/site-packages/airflow/example_dags/example_latest_only.py took 0.128 seconds
[2022-11-08T14:55:07.306+0000] {processor.py:154} INFO - Started process (PID=9248) to work on /home/airflow/.local/lib/python3.7/site-packages/airflow/example_dags/example_latest_only.py
[2022-11-08T14:55:07.307+0000] {processor.py:756} INFO - Processing file /home/airflow/.local/lib/python3.7/site-packages/airflow/example_dags/example_latest_only.py for tasks to queue
[2022-11-08T14:55:07.308+0000] {logging_mixin.py:120} INFO - [2022-11-08T14:55:07.307+0000] {dagbag.py:537} INFO - Filling up the DagBag from /home/airflow/.local/lib/python3.7/site-packages/airflow/example_dags/example_latest_only.py
[2022-11-08T14:55:07.325+0000] {processor.py:766} INFO - DAG(s) dict_keys(['latest_only']) retrieved from /home/airflow/.local/lib/python3.7/site-packages/airflow/example_dags/example_latest_only.py
[2022-11-08T14:55:07.377+0000] {logging_mixin.py:120} INFO - [2022-11-08T14:55:07.377+0000] {dag.py:2585} INFO - Sync 1 DAGs
[2022-11-08T14:55:07.416+0000] {logging_mixin.py:120} INFO - [2022-11-08T14:55:07.416+0000] {dag.py:3340} INFO - Setting next_dagrun for latest_only to 2022-11-08T10:55:07.415790+00:00, run_after=2022-11-08T14:55:07.415790+00:00
[2022-11-08T14:55:07.444+0000] {processor.py:176} INFO - Processing /home/airflow/.local/lib/python3.7/site-packages/airflow/example_dags/example_latest_only.py took 0.142 seconds
[2022-11-08T14:55:37.553+0000] {processor.py:154} INFO - Started process (PID=9450) to work on /home/airflow/.local/lib/python3.7/site-packages/airflow/example_dags/example_latest_only.py
[2022-11-08T14:55:37.554+0000] {processor.py:756} INFO - Processing file /home/airflow/.local/lib/python3.7/site-packages/airflow/example_dags/example_latest_only.py for tasks to queue
[2022-11-08T14:55:37.555+0000] {logging_mixin.py:120} INFO - [2022-11-08T14:55:37.555+0000] {dagbag.py:537} INFO - Filling up the DagBag from /home/airflow/.local/lib/python3.7/site-packages/airflow/example_dags/example_latest_only.py
[2022-11-08T14:55:37.572+0000] {processor.py:766} INFO - DAG(s) dict_keys(['latest_only']) retrieved from /home/airflow/.local/lib/python3.7/site-packages/airflow/example_dags/example_latest_only.py
[2022-11-08T14:55:37.615+0000] {logging_mixin.py:120} INFO - [2022-11-08T14:55:37.614+0000] {dag.py:2585} INFO - Sync 1 DAGs
[2022-11-08T14:55:37.641+0000] {logging_mixin.py:120} INFO - [2022-11-08T14:55:37.641+0000] {dag.py:3340} INFO - Setting next_dagrun for latest_only to 2022-11-08T10:55:37.641316+00:00, run_after=2022-11-08T14:55:37.641316+00:00
[2022-11-08T14:55:37.661+0000] {processor.py:176} INFO - Processing /home/airflow/.local/lib/python3.7/site-packages/airflow/example_dags/example_latest_only.py took 0.112 seconds
[2022-11-08T14:56:08.146+0000] {processor.py:154} INFO - Started process (PID=9662) to work on /home/airflow/.local/lib/python3.7/site-packages/airflow/example_dags/example_latest_only.py
[2022-11-08T14:56:08.147+0000] {processor.py:756} INFO - Processing file /home/airflow/.local/lib/python3.7/site-packages/airflow/example_dags/example_latest_only.py for tasks to queue
[2022-11-08T14:56:08.148+0000] {logging_mixin.py:120} INFO - [2022-11-08T14:56:08.148+0000] {dagbag.py:537} INFO - Filling up the DagBag from /home/airflow/.local/lib/python3.7/site-packages/airflow/example_dags/example_latest_only.py
[2022-11-08T14:56:08.165+0000] {processor.py:766} INFO - DAG(s) dict_keys(['latest_only']) retrieved from /home/airflow/.local/lib/python3.7/site-packages/airflow/example_dags/example_latest_only.py
[2022-11-08T14:56:08.210+0000] {logging_mixin.py:120} INFO - [2022-11-08T14:56:08.210+0000] {dag.py:2585} INFO - Sync 1 DAGs
[2022-11-08T14:56:08.237+0000] {logging_mixin.py:120} INFO - [2022-11-08T14:56:08.237+0000] {dag.py:3340} INFO - Setting next_dagrun for latest_only to 2022-11-08T10:56:08.236904+00:00, run_after=2022-11-08T14:56:08.236904+00:00
[2022-11-08T14:56:08.257+0000] {processor.py:176} INFO - Processing /home/airflow/.local/lib/python3.7/site-packages/airflow/example_dags/example_latest_only.py took 0.117 seconds
[2022-11-08T14:56:39.183+0000] {processor.py:154} INFO - Started process (PID=9860) to work on /home/airflow/.local/lib/python3.7/site-packages/airflow/example_dags/example_latest_only.py
[2022-11-08T14:56:39.184+0000] {processor.py:756} INFO - Processing file /home/airflow/.local/lib/python3.7/site-packages/airflow/example_dags/example_latest_only.py for tasks to queue
[2022-11-08T14:56:39.184+0000] {logging_mixin.py:120} INFO - [2022-11-08T14:56:39.184+0000] {dagbag.py:537} INFO - Filling up the DagBag from /home/airflow/.local/lib/python3.7/site-packages/airflow/example_dags/example_latest_only.py
[2022-11-08T14:56:39.198+0000] {processor.py:766} INFO - DAG(s) dict_keys(['latest_only']) retrieved from /home/airflow/.local/lib/python3.7/site-packages/airflow/example_dags/example_latest_only.py
[2022-11-08T14:56:39.246+0000] {logging_mixin.py:120} INFO - [2022-11-08T14:56:39.245+0000] {dag.py:2585} INFO - Sync 1 DAGs
[2022-11-08T14:56:39.271+0000] {logging_mixin.py:120} INFO - [2022-11-08T14:56:39.271+0000] {dag.py:3340} INFO - Setting next_dagrun for latest_only to 2022-11-08T10:56:39.270762+00:00, run_after=2022-11-08T14:56:39.270762+00:00
[2022-11-08T14:56:39.296+0000] {processor.py:176} INFO - Processing /home/airflow/.local/lib/python3.7/site-packages/airflow/example_dags/example_latest_only.py took 0.119 seconds
[2022-11-08T14:57:09.744+0000] {processor.py:154} INFO - Started process (PID=10068) to work on /home/airflow/.local/lib/python3.7/site-packages/airflow/example_dags/example_latest_only.py
[2022-11-08T14:57:09.745+0000] {processor.py:756} INFO - Processing file /home/airflow/.local/lib/python3.7/site-packages/airflow/example_dags/example_latest_only.py for tasks to queue
[2022-11-08T14:57:09.745+0000] {logging_mixin.py:120} INFO - [2022-11-08T14:57:09.745+0000] {dagbag.py:537} INFO - Filling up the DagBag from /home/airflow/.local/lib/python3.7/site-packages/airflow/example_dags/example_latest_only.py
[2022-11-08T14:57:09.762+0000] {processor.py:766} INFO - DAG(s) dict_keys(['latest_only']) retrieved from /home/airflow/.local/lib/python3.7/site-packages/airflow/example_dags/example_latest_only.py
[2022-11-08T14:57:09.820+0000] {logging_mixin.py:120} INFO - [2022-11-08T14:57:09.820+0000] {dag.py:2585} INFO - Sync 1 DAGs
[2022-11-08T14:57:09.858+0000] {logging_mixin.py:120} INFO - [2022-11-08T14:57:09.858+0000] {dag.py:3340} INFO - Setting next_dagrun for latest_only to 2022-11-08T10:57:09.858015+00:00, run_after=2022-11-08T14:57:09.858015+00:00
[2022-11-08T14:57:09.885+0000] {processor.py:176} INFO - Processing /home/airflow/.local/lib/python3.7/site-packages/airflow/example_dags/example_latest_only.py took 0.146 seconds
[2022-11-08T14:57:40.006+0000] {processor.py:154} INFO - Started process (PID=10275) to work on /home/airflow/.local/lib/python3.7/site-packages/airflow/example_dags/example_latest_only.py
[2022-11-08T14:57:40.007+0000] {processor.py:756} INFO - Processing file /home/airflow/.local/lib/python3.7/site-packages/airflow/example_dags/example_latest_only.py for tasks to queue
[2022-11-08T14:57:40.008+0000] {logging_mixin.py:120} INFO - [2022-11-08T14:57:40.008+0000] {dagbag.py:537} INFO - Filling up the DagBag from /home/airflow/.local/lib/python3.7/site-packages/airflow/example_dags/example_latest_only.py
[2022-11-08T14:57:40.026+0000] {processor.py:766} INFO - DAG(s) dict_keys(['latest_only']) retrieved from /home/airflow/.local/lib/python3.7/site-packages/airflow/example_dags/example_latest_only.py
[2022-11-08T14:57:40.073+0000] {logging_mixin.py:120} INFO - [2022-11-08T14:57:40.072+0000] {dag.py:2585} INFO - Sync 1 DAGs
[2022-11-08T14:57:40.098+0000] {logging_mixin.py:120} INFO - [2022-11-08T14:57:40.098+0000] {dag.py:3340} INFO - Setting next_dagrun for latest_only to 2022-11-08T10:57:40.098188+00:00, run_after=2022-11-08T14:57:40.098188+00:00
[2022-11-08T14:57:40.119+0000] {processor.py:176} INFO - Processing /home/airflow/.local/lib/python3.7/site-packages/airflow/example_dags/example_latest_only.py took 0.119 seconds
[2022-11-08T14:58:10.232+0000] {processor.py:154} INFO - Started process (PID=10480) to work on /home/airflow/.local/lib/python3.7/site-packages/airflow/example_dags/example_latest_only.py
[2022-11-08T14:58:10.233+0000] {processor.py:756} INFO - Processing file /home/airflow/.local/lib/python3.7/site-packages/airflow/example_dags/example_latest_only.py for tasks to queue
[2022-11-08T14:58:10.235+0000] {logging_mixin.py:120} INFO - [2022-11-08T14:58:10.234+0000] {dagbag.py:537} INFO - Filling up the DagBag from /home/airflow/.local/lib/python3.7/site-packages/airflow/example_dags/example_latest_only.py
[2022-11-08T14:58:10.257+0000] {processor.py:766} INFO - DAG(s) dict_keys(['latest_only']) retrieved from /home/airflow/.local/lib/python3.7/site-packages/airflow/example_dags/example_latest_only.py
[2022-11-08T14:58:10.301+0000] {logging_mixin.py:120} INFO - [2022-11-08T14:58:10.301+0000] {dag.py:2585} INFO - Sync 1 DAGs
[2022-11-08T14:58:10.327+0000] {logging_mixin.py:120} INFO - [2022-11-08T14:58:10.327+0000] {dag.py:3340} INFO - Setting next_dagrun for latest_only to 2022-11-08T10:58:10.326729+00:00, run_after=2022-11-08T14:58:10.326729+00:00
[2022-11-08T14:58:10.347+0000] {processor.py:176} INFO - Processing /home/airflow/.local/lib/python3.7/site-packages/airflow/example_dags/example_latest_only.py took 0.120 seconds
[2022-11-08T14:58:40.414+0000] {processor.py:154} INFO - Started process (PID=10675) to work on /home/airflow/.local/lib/python3.7/site-packages/airflow/example_dags/example_latest_only.py
[2022-11-08T14:58:40.415+0000] {processor.py:756} INFO - Processing file /home/airflow/.local/lib/python3.7/site-packages/airflow/example_dags/example_latest_only.py for tasks to queue
[2022-11-08T14:58:40.416+0000] {logging_mixin.py:120} INFO - [2022-11-08T14:58:40.416+0000] {dagbag.py:537} INFO - Filling up the DagBag from /home/airflow/.local/lib/python3.7/site-packages/airflow/example_dags/example_latest_only.py
[2022-11-08T14:58:40.436+0000] {processor.py:766} INFO - DAG(s) dict_keys(['latest_only']) retrieved from /home/airflow/.local/lib/python3.7/site-packages/airflow/example_dags/example_latest_only.py
[2022-11-08T14:58:40.490+0000] {logging_mixin.py:120} INFO - [2022-11-08T14:58:40.489+0000] {dag.py:2585} INFO - Sync 1 DAGs
[2022-11-08T14:58:40.526+0000] {logging_mixin.py:120} INFO - [2022-11-08T14:58:40.526+0000] {dag.py:3340} INFO - Setting next_dagrun for latest_only to 2022-11-08T10:58:40.525725+00:00, run_after=2022-11-08T14:58:40.525725+00:00
[2022-11-08T14:58:40.555+0000] {processor.py:176} INFO - Processing /home/airflow/.local/lib/python3.7/site-packages/airflow/example_dags/example_latest_only.py took 0.146 seconds
[2022-11-08T14:59:10.768+0000] {processor.py:154} INFO - Started process (PID=10884) to work on /home/airflow/.local/lib/python3.7/site-packages/airflow/example_dags/example_latest_only.py
[2022-11-08T14:59:10.769+0000] {processor.py:756} INFO - Processing file /home/airflow/.local/lib/python3.7/site-packages/airflow/example_dags/example_latest_only.py for tasks to queue
[2022-11-08T14:59:10.770+0000] {logging_mixin.py:120} INFO - [2022-11-08T14:59:10.770+0000] {dagbag.py:537} INFO - Filling up the DagBag from /home/airflow/.local/lib/python3.7/site-packages/airflow/example_dags/example_latest_only.py
[2022-11-08T14:59:10.785+0000] {processor.py:766} INFO - DAG(s) dict_keys(['latest_only']) retrieved from /home/airflow/.local/lib/python3.7/site-packages/airflow/example_dags/example_latest_only.py
[2022-11-08T14:59:10.832+0000] {logging_mixin.py:120} INFO - [2022-11-08T14:59:10.831+0000] {dag.py:2585} INFO - Sync 1 DAGs
[2022-11-08T14:59:10.858+0000] {logging_mixin.py:120} INFO - [2022-11-08T14:59:10.858+0000] {dag.py:3340} INFO - Setting next_dagrun for latest_only to 2022-11-08T10:59:10.858219+00:00, run_after=2022-11-08T14:59:10.858219+00:00
[2022-11-08T14:59:10.881+0000] {processor.py:176} INFO - Processing /home/airflow/.local/lib/python3.7/site-packages/airflow/example_dags/example_latest_only.py took 0.117 seconds
[2022-11-08T14:59:41.075+0000] {processor.py:154} INFO - Started process (PID=11091) to work on /home/airflow/.local/lib/python3.7/site-packages/airflow/example_dags/example_latest_only.py
[2022-11-08T14:59:41.076+0000] {processor.py:756} INFO - Processing file /home/airflow/.local/lib/python3.7/site-packages/airflow/example_dags/example_latest_only.py for tasks to queue
[2022-11-08T14:59:41.076+0000] {logging_mixin.py:120} INFO - [2022-11-08T14:59:41.076+0000] {dagbag.py:537} INFO - Filling up the DagBag from /home/airflow/.local/lib/python3.7/site-packages/airflow/example_dags/example_latest_only.py
[2022-11-08T14:59:41.090+0000] {processor.py:766} INFO - DAG(s) dict_keys(['latest_only']) retrieved from /home/airflow/.local/lib/python3.7/site-packages/airflow/example_dags/example_latest_only.py
[2022-11-08T14:59:41.132+0000] {logging_mixin.py:120} INFO - [2022-11-08T14:59:41.132+0000] {dag.py:2585} INFO - Sync 1 DAGs
[2022-11-08T14:59:41.156+0000] {logging_mixin.py:120} INFO - [2022-11-08T14:59:41.156+0000] {dag.py:3340} INFO - Setting next_dagrun for latest_only to 2022-11-08T10:59:41.155714+00:00, run_after=2022-11-08T14:59:41.155714+00:00
[2022-11-08T14:59:41.176+0000] {processor.py:176} INFO - Processing /home/airflow/.local/lib/python3.7/site-packages/airflow/example_dags/example_latest_only.py took 0.104 seconds
[2022-11-08T15:00:11.365+0000] {processor.py:154} INFO - Started process (PID=11289) to work on /home/airflow/.local/lib/python3.7/site-packages/airflow/example_dags/example_latest_only.py
[2022-11-08T15:00:11.366+0000] {processor.py:756} INFO - Processing file /home/airflow/.local/lib/python3.7/site-packages/airflow/example_dags/example_latest_only.py for tasks to queue
[2022-11-08T15:00:11.367+0000] {logging_mixin.py:120} INFO - [2022-11-08T15:00:11.367+0000] {dagbag.py:537} INFO - Filling up the DagBag from /home/airflow/.local/lib/python3.7/site-packages/airflow/example_dags/example_latest_only.py
[2022-11-08T15:00:11.383+0000] {processor.py:766} INFO - DAG(s) dict_keys(['latest_only']) retrieved from /home/airflow/.local/lib/python3.7/site-packages/airflow/example_dags/example_latest_only.py
[2022-11-08T15:00:11.423+0000] {logging_mixin.py:120} INFO - [2022-11-08T15:00:11.423+0000] {dag.py:2585} INFO - Sync 1 DAGs
[2022-11-08T15:00:11.449+0000] {logging_mixin.py:120} INFO - [2022-11-08T15:00:11.449+0000] {dag.py:3340} INFO - Setting next_dagrun for latest_only to 2022-11-08T11:00:11.449315+00:00, run_after=2022-11-08T15:00:11.449315+00:00
[2022-11-08T15:00:11.468+0000] {processor.py:176} INFO - Processing /home/airflow/.local/lib/python3.7/site-packages/airflow/example_dags/example_latest_only.py took 0.107 seconds
[2022-11-08T15:00:41.611+0000] {processor.py:154} INFO - Started process (PID=11494) to work on /home/airflow/.local/lib/python3.7/site-packages/airflow/example_dags/example_latest_only.py
[2022-11-08T15:00:41.612+0000] {processor.py:756} INFO - Processing file /home/airflow/.local/lib/python3.7/site-packages/airflow/example_dags/example_latest_only.py for tasks to queue
[2022-11-08T15:00:41.613+0000] {logging_mixin.py:120} INFO - [2022-11-08T15:00:41.612+0000] {dagbag.py:537} INFO - Filling up the DagBag from /home/airflow/.local/lib/python3.7/site-packages/airflow/example_dags/example_latest_only.py
[2022-11-08T15:00:41.629+0000] {processor.py:766} INFO - DAG(s) dict_keys(['latest_only']) retrieved from /home/airflow/.local/lib/python3.7/site-packages/airflow/example_dags/example_latest_only.py
[2022-11-08T15:00:41.671+0000] {logging_mixin.py:120} INFO - [2022-11-08T15:00:41.671+0000] {dag.py:2585} INFO - Sync 1 DAGs
[2022-11-08T15:00:41.695+0000] {logging_mixin.py:120} INFO - [2022-11-08T15:00:41.695+0000] {dag.py:3340} INFO - Setting next_dagrun for latest_only to 2022-11-08T11:00:41.694939+00:00, run_after=2022-11-08T15:00:41.694939+00:00
[2022-11-08T15:00:41.715+0000] {processor.py:176} INFO - Processing /home/airflow/.local/lib/python3.7/site-packages/airflow/example_dags/example_latest_only.py took 0.109 seconds
[2022-11-08T15:01:11.916+0000] {processor.py:154} INFO - Started process (PID=11702) to work on /home/airflow/.local/lib/python3.7/site-packages/airflow/example_dags/example_latest_only.py
[2022-11-08T15:01:11.917+0000] {processor.py:756} INFO - Processing file /home/airflow/.local/lib/python3.7/site-packages/airflow/example_dags/example_latest_only.py for tasks to queue
[2022-11-08T15:01:11.918+0000] {logging_mixin.py:120} INFO - [2022-11-08T15:01:11.918+0000] {dagbag.py:537} INFO - Filling up the DagBag from /home/airflow/.local/lib/python3.7/site-packages/airflow/example_dags/example_latest_only.py
[2022-11-08T15:01:11.934+0000] {processor.py:766} INFO - DAG(s) dict_keys(['latest_only']) retrieved from /home/airflow/.local/lib/python3.7/site-packages/airflow/example_dags/example_latest_only.py
[2022-11-08T15:01:11.978+0000] {logging_mixin.py:120} INFO - [2022-11-08T15:01:11.978+0000] {dag.py:2585} INFO - Sync 1 DAGs
[2022-11-08T15:01:12.004+0000] {logging_mixin.py:120} INFO - [2022-11-08T15:01:12.003+0000] {dag.py:3340} INFO - Setting next_dagrun for latest_only to 2022-11-08T11:01:12.003523+00:00, run_after=2022-11-08T15:01:12.003523+00:00
[2022-11-08T15:01:12.024+0000] {processor.py:176} INFO - Processing /home/airflow/.local/lib/python3.7/site-packages/airflow/example_dags/example_latest_only.py took 0.111 seconds
