[2022-11-08T14:25:00.475+0000] {processor.py:154} INFO - Started process (PID=59) to work on /home/airflow/.local/lib/python3.7/site-packages/airflow/example_dags/example_skip_dag.py
[2022-11-08T14:25:00.476+0000] {processor.py:756} INFO - Processing file /home/airflow/.local/lib/python3.7/site-packages/airflow/example_dags/example_skip_dag.py for tasks to queue
[2022-11-08T14:25:00.476+0000] {logging_mixin.py:120} INFO - [2022-11-08T14:25:00.476+0000] {dagbag.py:537} INFO - Filling up the DagBag from /home/airflow/.local/lib/python3.7/site-packages/airflow/example_dags/example_skip_dag.py
[2022-11-08T14:25:00.492+0000] {processor.py:766} INFO - DAG(s) dict_keys(['example_skip_dag']) retrieved from /home/airflow/.local/lib/python3.7/site-packages/airflow/example_dags/example_skip_dag.py
[2022-11-08T14:25:00.517+0000] {logging_mixin.py:120} INFO - [2022-11-08T14:25:00.517+0000] {dag.py:2585} INFO - Sync 1 DAGs
[2022-11-08T14:25:00.541+0000] {logging_mixin.py:120} INFO - [2022-11-08T14:25:00.541+0000] {dag.py:3340} INFO - Setting next_dagrun for example_skip_dag to 2022-11-07T14:25:00.541205+00:00, run_after=2022-11-08T14:25:00.541205+00:00
[2022-11-08T14:25:00.559+0000] {processor.py:176} INFO - Processing /home/airflow/.local/lib/python3.7/site-packages/airflow/example_dags/example_skip_dag.py took 0.087 seconds
[2022-11-08T14:25:31.340+0000] {processor.py:154} INFO - Started process (PID=122) to work on /home/airflow/.local/lib/python3.7/site-packages/airflow/example_dags/example_skip_dag.py
[2022-11-08T14:25:31.341+0000] {processor.py:756} INFO - Processing file /home/airflow/.local/lib/python3.7/site-packages/airflow/example_dags/example_skip_dag.py for tasks to queue
[2022-11-08T14:25:31.342+0000] {logging_mixin.py:120} INFO - [2022-11-08T14:25:31.342+0000] {dagbag.py:537} INFO - Filling up the DagBag from /home/airflow/.local/lib/python3.7/site-packages/airflow/example_dags/example_skip_dag.py
[2022-11-08T14:25:31.356+0000] {processor.py:766} INFO - DAG(s) dict_keys(['example_skip_dag']) retrieved from /home/airflow/.local/lib/python3.7/site-packages/airflow/example_dags/example_skip_dag.py
[2022-11-08T14:25:31.401+0000] {logging_mixin.py:120} INFO - [2022-11-08T14:25:31.401+0000] {dag.py:2585} INFO - Sync 1 DAGs
[2022-11-08T14:25:31.430+0000] {logging_mixin.py:120} INFO - [2022-11-08T14:25:31.430+0000] {dag.py:3340} INFO - Setting next_dagrun for example_skip_dag to 2022-11-07T14:25:31.430429+00:00, run_after=2022-11-08T14:25:31.430429+00:00
[2022-11-08T14:25:31.448+0000] {processor.py:176} INFO - Processing /home/airflow/.local/lib/python3.7/site-packages/airflow/example_dags/example_skip_dag.py took 0.111 seconds
[2022-11-08T14:26:02.120+0000] {processor.py:154} INFO - Started process (PID=186) to work on /home/airflow/.local/lib/python3.7/site-packages/airflow/example_dags/example_skip_dag.py
[2022-11-08T14:26:02.121+0000] {processor.py:756} INFO - Processing file /home/airflow/.local/lib/python3.7/site-packages/airflow/example_dags/example_skip_dag.py for tasks to queue
[2022-11-08T14:26:02.122+0000] {logging_mixin.py:120} INFO - [2022-11-08T14:26:02.122+0000] {dagbag.py:537} INFO - Filling up the DagBag from /home/airflow/.local/lib/python3.7/site-packages/airflow/example_dags/example_skip_dag.py
[2022-11-08T14:26:02.136+0000] {processor.py:766} INFO - DAG(s) dict_keys(['example_skip_dag']) retrieved from /home/airflow/.local/lib/python3.7/site-packages/airflow/example_dags/example_skip_dag.py
[2022-11-08T14:26:02.173+0000] {logging_mixin.py:120} INFO - [2022-11-08T14:26:02.173+0000] {dag.py:2585} INFO - Sync 1 DAGs
[2022-11-08T14:26:02.193+0000] {logging_mixin.py:120} INFO - [2022-11-08T14:26:02.193+0000] {dag.py:3340} INFO - Setting next_dagrun for example_skip_dag to 2022-11-07T14:26:02.193514+00:00, run_after=2022-11-08T14:26:02.193514+00:00
[2022-11-08T14:26:02.212+0000] {processor.py:176} INFO - Processing /home/airflow/.local/lib/python3.7/site-packages/airflow/example_dags/example_skip_dag.py took 0.094 seconds
[2022-11-08T14:26:32.731+0000] {processor.py:154} INFO - Started process (PID=249) to work on /home/airflow/.local/lib/python3.7/site-packages/airflow/example_dags/example_skip_dag.py
[2022-11-08T14:26:32.732+0000] {processor.py:756} INFO - Processing file /home/airflow/.local/lib/python3.7/site-packages/airflow/example_dags/example_skip_dag.py for tasks to queue
[2022-11-08T14:26:32.733+0000] {logging_mixin.py:120} INFO - [2022-11-08T14:26:32.732+0000] {dagbag.py:537} INFO - Filling up the DagBag from /home/airflow/.local/lib/python3.7/site-packages/airflow/example_dags/example_skip_dag.py
[2022-11-08T14:26:32.748+0000] {processor.py:766} INFO - DAG(s) dict_keys(['example_skip_dag']) retrieved from /home/airflow/.local/lib/python3.7/site-packages/airflow/example_dags/example_skip_dag.py
[2022-11-08T14:26:32.791+0000] {logging_mixin.py:120} INFO - [2022-11-08T14:26:32.791+0000] {dag.py:2585} INFO - Sync 1 DAGs
[2022-11-08T14:26:32.815+0000] {logging_mixin.py:120} INFO - [2022-11-08T14:26:32.815+0000] {dag.py:3340} INFO - Setting next_dagrun for example_skip_dag to 2022-11-07T14:26:32.815440+00:00, run_after=2022-11-08T14:26:32.815440+00:00
[2022-11-08T14:26:32.835+0000] {processor.py:176} INFO - Processing /home/airflow/.local/lib/python3.7/site-packages/airflow/example_dags/example_skip_dag.py took 0.107 seconds
[2022-11-08T14:27:03.480+0000] {processor.py:154} INFO - Started process (PID=310) to work on /home/airflow/.local/lib/python3.7/site-packages/airflow/example_dags/example_skip_dag.py
[2022-11-08T14:27:03.481+0000] {processor.py:756} INFO - Processing file /home/airflow/.local/lib/python3.7/site-packages/airflow/example_dags/example_skip_dag.py for tasks to queue
[2022-11-08T14:27:03.482+0000] {logging_mixin.py:120} INFO - [2022-11-08T14:27:03.482+0000] {dagbag.py:537} INFO - Filling up the DagBag from /home/airflow/.local/lib/python3.7/site-packages/airflow/example_dags/example_skip_dag.py
[2022-11-08T14:27:03.498+0000] {processor.py:766} INFO - DAG(s) dict_keys(['example_skip_dag']) retrieved from /home/airflow/.local/lib/python3.7/site-packages/airflow/example_dags/example_skip_dag.py
[2022-11-08T14:27:03.534+0000] {logging_mixin.py:120} INFO - [2022-11-08T14:27:03.534+0000] {dag.py:2585} INFO - Sync 1 DAGs
[2022-11-08T14:27:03.557+0000] {logging_mixin.py:120} INFO - [2022-11-08T14:27:03.557+0000] {dag.py:3340} INFO - Setting next_dagrun for example_skip_dag to 2022-11-07T14:27:03.557029+00:00, run_after=2022-11-08T14:27:03.557029+00:00
[2022-11-08T14:27:03.577+0000] {processor.py:176} INFO - Processing /home/airflow/.local/lib/python3.7/site-packages/airflow/example_dags/example_skip_dag.py took 0.101 seconds
[2022-11-08T14:27:34.472+0000] {processor.py:154} INFO - Started process (PID=366) to work on /home/airflow/.local/lib/python3.7/site-packages/airflow/example_dags/example_skip_dag.py
[2022-11-08T14:27:34.473+0000] {processor.py:756} INFO - Processing file /home/airflow/.local/lib/python3.7/site-packages/airflow/example_dags/example_skip_dag.py for tasks to queue
[2022-11-08T14:27:34.473+0000] {logging_mixin.py:120} INFO - [2022-11-08T14:27:34.473+0000] {dagbag.py:537} INFO - Filling up the DagBag from /home/airflow/.local/lib/python3.7/site-packages/airflow/example_dags/example_skip_dag.py
[2022-11-08T14:27:34.486+0000] {processor.py:766} INFO - DAG(s) dict_keys(['example_skip_dag']) retrieved from /home/airflow/.local/lib/python3.7/site-packages/airflow/example_dags/example_skip_dag.py
[2022-11-08T14:27:34.522+0000] {logging_mixin.py:120} INFO - [2022-11-08T14:27:34.522+0000] {dag.py:2585} INFO - Sync 1 DAGs
[2022-11-08T14:27:34.550+0000] {logging_mixin.py:120} INFO - [2022-11-08T14:27:34.550+0000] {dag.py:3340} INFO - Setting next_dagrun for example_skip_dag to 2022-11-07T14:27:34.550340+00:00, run_after=2022-11-08T14:27:34.550340+00:00
[2022-11-08T14:27:34.568+0000] {processor.py:176} INFO - Processing /home/airflow/.local/lib/python3.7/site-packages/airflow/example_dags/example_skip_dag.py took 0.099 seconds
[2022-11-08T14:28:05.020+0000] {processor.py:154} INFO - Started process (PID=430) to work on /home/airflow/.local/lib/python3.7/site-packages/airflow/example_dags/example_skip_dag.py
[2022-11-08T14:28:05.021+0000] {processor.py:756} INFO - Processing file /home/airflow/.local/lib/python3.7/site-packages/airflow/example_dags/example_skip_dag.py for tasks to queue
[2022-11-08T14:28:05.022+0000] {logging_mixin.py:120} INFO - [2022-11-08T14:28:05.022+0000] {dagbag.py:537} INFO - Filling up the DagBag from /home/airflow/.local/lib/python3.7/site-packages/airflow/example_dags/example_skip_dag.py
[2022-11-08T14:28:05.034+0000] {processor.py:766} INFO - DAG(s) dict_keys(['example_skip_dag']) retrieved from /home/airflow/.local/lib/python3.7/site-packages/airflow/example_dags/example_skip_dag.py
[2022-11-08T14:28:05.066+0000] {logging_mixin.py:120} INFO - [2022-11-08T14:28:05.066+0000] {dag.py:2585} INFO - Sync 1 DAGs
[2022-11-08T14:28:05.086+0000] {logging_mixin.py:120} INFO - [2022-11-08T14:28:05.086+0000] {dag.py:3340} INFO - Setting next_dagrun for example_skip_dag to 2022-11-07T14:28:05.086222+00:00, run_after=2022-11-08T14:28:05.086222+00:00
[2022-11-08T14:28:05.103+0000] {processor.py:176} INFO - Processing /home/airflow/.local/lib/python3.7/site-packages/airflow/example_dags/example_skip_dag.py took 0.086 seconds
[2022-11-08T14:28:35.955+0000] {processor.py:154} INFO - Started process (PID=493) to work on /home/airflow/.local/lib/python3.7/site-packages/airflow/example_dags/example_skip_dag.py
[2022-11-08T14:28:35.956+0000] {processor.py:756} INFO - Processing file /home/airflow/.local/lib/python3.7/site-packages/airflow/example_dags/example_skip_dag.py for tasks to queue
[2022-11-08T14:28:35.956+0000] {logging_mixin.py:120} INFO - [2022-11-08T14:28:35.956+0000] {dagbag.py:537} INFO - Filling up the DagBag from /home/airflow/.local/lib/python3.7/site-packages/airflow/example_dags/example_skip_dag.py
[2022-11-08T14:28:35.972+0000] {processor.py:766} INFO - DAG(s) dict_keys(['example_skip_dag']) retrieved from /home/airflow/.local/lib/python3.7/site-packages/airflow/example_dags/example_skip_dag.py
[2022-11-08T14:28:36.008+0000] {logging_mixin.py:120} INFO - [2022-11-08T14:28:36.008+0000] {dag.py:2585} INFO - Sync 1 DAGs
[2022-11-08T14:28:36.029+0000] {logging_mixin.py:120} INFO - [2022-11-08T14:28:36.029+0000] {dag.py:3340} INFO - Setting next_dagrun for example_skip_dag to 2022-11-07T14:28:36.029452+00:00, run_after=2022-11-08T14:28:36.029452+00:00
[2022-11-08T14:28:36.046+0000] {processor.py:176} INFO - Processing /home/airflow/.local/lib/python3.7/site-packages/airflow/example_dags/example_skip_dag.py took 0.094 seconds
[2022-11-08T14:29:06.533+0000] {processor.py:154} INFO - Started process (PID=556) to work on /home/airflow/.local/lib/python3.7/site-packages/airflow/example_dags/example_skip_dag.py
[2022-11-08T14:29:06.534+0000] {processor.py:756} INFO - Processing file /home/airflow/.local/lib/python3.7/site-packages/airflow/example_dags/example_skip_dag.py for tasks to queue
[2022-11-08T14:29:06.535+0000] {logging_mixin.py:120} INFO - [2022-11-08T14:29:06.535+0000] {dagbag.py:537} INFO - Filling up the DagBag from /home/airflow/.local/lib/python3.7/site-packages/airflow/example_dags/example_skip_dag.py
[2022-11-08T14:29:06.548+0000] {processor.py:766} INFO - DAG(s) dict_keys(['example_skip_dag']) retrieved from /home/airflow/.local/lib/python3.7/site-packages/airflow/example_dags/example_skip_dag.py
[2022-11-08T14:29:06.581+0000] {logging_mixin.py:120} INFO - [2022-11-08T14:29:06.581+0000] {dag.py:2585} INFO - Sync 1 DAGs
[2022-11-08T14:29:06.602+0000] {logging_mixin.py:120} INFO - [2022-11-08T14:29:06.602+0000] {dag.py:3340} INFO - Setting next_dagrun for example_skip_dag to 2022-11-07T14:29:06.602123+00:00, run_after=2022-11-08T14:29:06.602123+00:00
[2022-11-08T14:29:06.620+0000] {processor.py:176} INFO - Processing /home/airflow/.local/lib/python3.7/site-packages/airflow/example_dags/example_skip_dag.py took 0.091 seconds
[2022-11-08T14:29:37.081+0000] {processor.py:154} INFO - Started process (PID=610) to work on /home/airflow/.local/lib/python3.7/site-packages/airflow/example_dags/example_skip_dag.py
[2022-11-08T14:29:37.082+0000] {processor.py:756} INFO - Processing file /home/airflow/.local/lib/python3.7/site-packages/airflow/example_dags/example_skip_dag.py for tasks to queue
[2022-11-08T14:29:37.083+0000] {logging_mixin.py:120} INFO - [2022-11-08T14:29:37.082+0000] {dagbag.py:537} INFO - Filling up the DagBag from /home/airflow/.local/lib/python3.7/site-packages/airflow/example_dags/example_skip_dag.py
[2022-11-08T14:29:37.094+0000] {processor.py:766} INFO - DAG(s) dict_keys(['example_skip_dag']) retrieved from /home/airflow/.local/lib/python3.7/site-packages/airflow/example_dags/example_skip_dag.py
[2022-11-08T14:29:37.127+0000] {logging_mixin.py:120} INFO - [2022-11-08T14:29:37.127+0000] {dag.py:2585} INFO - Sync 1 DAGs
[2022-11-08T14:29:37.147+0000] {logging_mixin.py:120} INFO - [2022-11-08T14:29:37.147+0000] {dag.py:3340} INFO - Setting next_dagrun for example_skip_dag to 2022-11-07T14:29:37.147443+00:00, run_after=2022-11-08T14:29:37.147443+00:00
[2022-11-08T14:29:37.164+0000] {processor.py:176} INFO - Processing /home/airflow/.local/lib/python3.7/site-packages/airflow/example_dags/example_skip_dag.py took 0.087 seconds
[2022-11-08T14:30:07.580+0000] {processor.py:154} INFO - Started process (PID=673) to work on /home/airflow/.local/lib/python3.7/site-packages/airflow/example_dags/example_skip_dag.py
[2022-11-08T14:30:07.581+0000] {processor.py:756} INFO - Processing file /home/airflow/.local/lib/python3.7/site-packages/airflow/example_dags/example_skip_dag.py for tasks to queue
[2022-11-08T14:30:07.581+0000] {logging_mixin.py:120} INFO - [2022-11-08T14:30:07.581+0000] {dagbag.py:537} INFO - Filling up the DagBag from /home/airflow/.local/lib/python3.7/site-packages/airflow/example_dags/example_skip_dag.py
[2022-11-08T14:30:07.595+0000] {processor.py:766} INFO - DAG(s) dict_keys(['example_skip_dag']) retrieved from /home/airflow/.local/lib/python3.7/site-packages/airflow/example_dags/example_skip_dag.py
[2022-11-08T14:30:07.632+0000] {logging_mixin.py:120} INFO - [2022-11-08T14:30:07.632+0000] {dag.py:2585} INFO - Sync 1 DAGs
[2022-11-08T14:30:07.652+0000] {logging_mixin.py:120} INFO - [2022-11-08T14:30:07.652+0000] {dag.py:3340} INFO - Setting next_dagrun for example_skip_dag to 2022-11-07T14:30:07.652580+00:00, run_after=2022-11-08T14:30:07.652580+00:00
[2022-11-08T14:30:07.669+0000] {processor.py:176} INFO - Processing /home/airflow/.local/lib/python3.7/site-packages/airflow/example_dags/example_skip_dag.py took 0.092 seconds
[2022-11-08T14:30:38.014+0000] {processor.py:154} INFO - Started process (PID=737) to work on /home/airflow/.local/lib/python3.7/site-packages/airflow/example_dags/example_skip_dag.py
[2022-11-08T14:30:38.015+0000] {processor.py:756} INFO - Processing file /home/airflow/.local/lib/python3.7/site-packages/airflow/example_dags/example_skip_dag.py for tasks to queue
[2022-11-08T14:30:38.016+0000] {logging_mixin.py:120} INFO - [2022-11-08T14:30:38.016+0000] {dagbag.py:537} INFO - Filling up the DagBag from /home/airflow/.local/lib/python3.7/site-packages/airflow/example_dags/example_skip_dag.py
[2022-11-08T14:30:38.032+0000] {processor.py:766} INFO - DAG(s) dict_keys(['example_skip_dag']) retrieved from /home/airflow/.local/lib/python3.7/site-packages/airflow/example_dags/example_skip_dag.py
[2022-11-08T14:30:38.078+0000] {logging_mixin.py:120} INFO - [2022-11-08T14:30:38.078+0000] {dag.py:2585} INFO - Sync 1 DAGs
[2022-11-08T14:30:38.102+0000] {logging_mixin.py:120} INFO - [2022-11-08T14:30:38.102+0000] {dag.py:3340} INFO - Setting next_dagrun for example_skip_dag to 2022-11-07T14:30:38.102270+00:00, run_after=2022-11-08T14:30:38.102270+00:00
[2022-11-08T14:30:38.121+0000] {processor.py:176} INFO - Processing /home/airflow/.local/lib/python3.7/site-packages/airflow/example_dags/example_skip_dag.py took 0.111 seconds
[2022-11-08T14:31:09.087+0000] {processor.py:154} INFO - Started process (PID=800) to work on /home/airflow/.local/lib/python3.7/site-packages/airflow/example_dags/example_skip_dag.py
[2022-11-08T14:31:09.087+0000] {processor.py:756} INFO - Processing file /home/airflow/.local/lib/python3.7/site-packages/airflow/example_dags/example_skip_dag.py for tasks to queue
[2022-11-08T14:31:09.088+0000] {logging_mixin.py:120} INFO - [2022-11-08T14:31:09.088+0000] {dagbag.py:537} INFO - Filling up the DagBag from /home/airflow/.local/lib/python3.7/site-packages/airflow/example_dags/example_skip_dag.py
[2022-11-08T14:31:09.103+0000] {processor.py:766} INFO - DAG(s) dict_keys(['example_skip_dag']) retrieved from /home/airflow/.local/lib/python3.7/site-packages/airflow/example_dags/example_skip_dag.py
[2022-11-08T14:31:09.141+0000] {logging_mixin.py:120} INFO - [2022-11-08T14:31:09.141+0000] {dag.py:2585} INFO - Sync 1 DAGs
[2022-11-08T14:31:09.163+0000] {logging_mixin.py:120} INFO - [2022-11-08T14:31:09.163+0000] {dag.py:3340} INFO - Setting next_dagrun for example_skip_dag to 2022-11-07T14:31:09.162913+00:00, run_after=2022-11-08T14:31:09.162913+00:00
[2022-11-08T14:31:09.183+0000] {processor.py:176} INFO - Processing /home/airflow/.local/lib/python3.7/site-packages/airflow/example_dags/example_skip_dag.py took 0.100 seconds
[2022-11-08T14:31:39.303+0000] {processor.py:154} INFO - Started process (PID=854) to work on /home/airflow/.local/lib/python3.7/site-packages/airflow/example_dags/example_skip_dag.py
[2022-11-08T14:31:39.303+0000] {processor.py:756} INFO - Processing file /home/airflow/.local/lib/python3.7/site-packages/airflow/example_dags/example_skip_dag.py for tasks to queue
[2022-11-08T14:31:39.304+0000] {logging_mixin.py:120} INFO - [2022-11-08T14:31:39.304+0000] {dagbag.py:537} INFO - Filling up the DagBag from /home/airflow/.local/lib/python3.7/site-packages/airflow/example_dags/example_skip_dag.py
[2022-11-08T14:31:39.317+0000] {processor.py:766} INFO - DAG(s) dict_keys(['example_skip_dag']) retrieved from /home/airflow/.local/lib/python3.7/site-packages/airflow/example_dags/example_skip_dag.py
[2022-11-08T14:31:39.341+0000] {logging_mixin.py:120} INFO - [2022-11-08T14:31:39.341+0000] {dag.py:2585} INFO - Sync 1 DAGs
[2022-11-08T14:31:39.365+0000] {logging_mixin.py:120} INFO - [2022-11-08T14:31:39.365+0000] {dag.py:3340} INFO - Setting next_dagrun for example_skip_dag to 2022-11-07T14:31:39.365242+00:00, run_after=2022-11-08T14:31:39.365242+00:00
[2022-11-08T14:31:39.383+0000] {processor.py:176} INFO - Processing /home/airflow/.local/lib/python3.7/site-packages/airflow/example_dags/example_skip_dag.py took 0.085 seconds
[2022-11-08T14:32:09.785+0000] {processor.py:154} INFO - Started process (PID=916) to work on /home/airflow/.local/lib/python3.7/site-packages/airflow/example_dags/example_skip_dag.py
[2022-11-08T14:32:09.786+0000] {processor.py:756} INFO - Processing file /home/airflow/.local/lib/python3.7/site-packages/airflow/example_dags/example_skip_dag.py for tasks to queue
[2022-11-08T14:32:09.787+0000] {logging_mixin.py:120} INFO - [2022-11-08T14:32:09.787+0000] {dagbag.py:537} INFO - Filling up the DagBag from /home/airflow/.local/lib/python3.7/site-packages/airflow/example_dags/example_skip_dag.py
[2022-11-08T14:32:09.799+0000] {processor.py:766} INFO - DAG(s) dict_keys(['example_skip_dag']) retrieved from /home/airflow/.local/lib/python3.7/site-packages/airflow/example_dags/example_skip_dag.py
[2022-11-08T14:32:09.831+0000] {logging_mixin.py:120} INFO - [2022-11-08T14:32:09.831+0000] {dag.py:2585} INFO - Sync 1 DAGs
[2022-11-08T14:32:09.850+0000] {logging_mixin.py:120} INFO - [2022-11-08T14:32:09.850+0000] {dag.py:3340} INFO - Setting next_dagrun for example_skip_dag to 2022-11-07T14:32:09.850222+00:00, run_after=2022-11-08T14:32:09.850222+00:00
[2022-11-08T14:32:09.866+0000] {processor.py:176} INFO - Processing /home/airflow/.local/lib/python3.7/site-packages/airflow/example_dags/example_skip_dag.py took 0.083 seconds
[2022-11-08T14:32:39.944+0000] {processor.py:154} INFO - Started process (PID=282) to work on /home/airflow/.local/lib/python3.7/site-packages/airflow/example_dags/example_skip_dag.py
[2022-11-08T14:32:39.945+0000] {processor.py:756} INFO - Processing file /home/airflow/.local/lib/python3.7/site-packages/airflow/example_dags/example_skip_dag.py for tasks to queue
[2022-11-08T14:32:39.946+0000] {logging_mixin.py:120} INFO - [2022-11-08T14:32:39.946+0000] {dagbag.py:537} INFO - Filling up the DagBag from /home/airflow/.local/lib/python3.7/site-packages/airflow/example_dags/example_skip_dag.py
[2022-11-08T14:32:39.963+0000] {processor.py:766} INFO - DAG(s) dict_keys(['example_skip_dag']) retrieved from /home/airflow/.local/lib/python3.7/site-packages/airflow/example_dags/example_skip_dag.py
[2022-11-08T14:32:39.987+0000] {logging_mixin.py:120} INFO - [2022-11-08T14:32:39.986+0000] {dag.py:2585} INFO - Sync 1 DAGs
[2022-11-08T14:32:40.010+0000] {logging_mixin.py:120} INFO - [2022-11-08T14:32:40.010+0000] {dag.py:3340} INFO - Setting next_dagrun for example_skip_dag to 2022-11-07T14:32:40.010287+00:00, run_after=2022-11-08T14:32:40.010287+00:00
[2022-11-08T14:32:40.030+0000] {processor.py:176} INFO - Processing /home/airflow/.local/lib/python3.7/site-packages/airflow/example_dags/example_skip_dag.py took 0.089 seconds
[2022-11-08T14:33:11.728+0000] {processor.py:154} INFO - Started process (PID=488) to work on /home/airflow/.local/lib/python3.7/site-packages/airflow/example_dags/example_skip_dag.py
[2022-11-08T14:33:11.729+0000] {processor.py:756} INFO - Processing file /home/airflow/.local/lib/python3.7/site-packages/airflow/example_dags/example_skip_dag.py for tasks to queue
[2022-11-08T14:33:11.730+0000] {logging_mixin.py:120} INFO - [2022-11-08T14:33:11.729+0000] {dagbag.py:537} INFO - Filling up the DagBag from /home/airflow/.local/lib/python3.7/site-packages/airflow/example_dags/example_skip_dag.py
[2022-11-08T14:33:11.742+0000] {processor.py:766} INFO - DAG(s) dict_keys(['example_skip_dag']) retrieved from /home/airflow/.local/lib/python3.7/site-packages/airflow/example_dags/example_skip_dag.py
[2022-11-08T14:33:11.776+0000] {logging_mixin.py:120} INFO - [2022-11-08T14:33:11.776+0000] {dag.py:2585} INFO - Sync 1 DAGs
[2022-11-08T14:33:11.797+0000] {logging_mixin.py:120} INFO - [2022-11-08T14:33:11.797+0000] {dag.py:3340} INFO - Setting next_dagrun for example_skip_dag to 2022-11-07T14:33:11.796835+00:00, run_after=2022-11-08T14:33:11.796835+00:00
[2022-11-08T14:33:11.816+0000] {processor.py:176} INFO - Processing /home/airflow/.local/lib/python3.7/site-packages/airflow/example_dags/example_skip_dag.py took 0.091 seconds
[2022-11-08T14:33:42.372+0000] {processor.py:154} INFO - Started process (PID=697) to work on /home/airflow/.local/lib/python3.7/site-packages/airflow/example_dags/example_skip_dag.py
[2022-11-08T14:33:42.373+0000] {processor.py:756} INFO - Processing file /home/airflow/.local/lib/python3.7/site-packages/airflow/example_dags/example_skip_dag.py for tasks to queue
[2022-11-08T14:33:42.374+0000] {logging_mixin.py:120} INFO - [2022-11-08T14:33:42.373+0000] {dagbag.py:537} INFO - Filling up the DagBag from /home/airflow/.local/lib/python3.7/site-packages/airflow/example_dags/example_skip_dag.py
[2022-11-08T14:33:42.392+0000] {processor.py:766} INFO - DAG(s) dict_keys(['example_skip_dag']) retrieved from /home/airflow/.local/lib/python3.7/site-packages/airflow/example_dags/example_skip_dag.py
[2022-11-08T14:33:42.420+0000] {logging_mixin.py:120} INFO - [2022-11-08T14:33:42.420+0000] {dag.py:2585} INFO - Sync 1 DAGs
[2022-11-08T14:33:42.442+0000] {logging_mixin.py:120} INFO - [2022-11-08T14:33:42.442+0000] {dag.py:3340} INFO - Setting next_dagrun for example_skip_dag to 2022-11-07T14:33:42.441869+00:00, run_after=2022-11-08T14:33:42.441869+00:00
[2022-11-08T14:33:42.461+0000] {processor.py:176} INFO - Processing /home/airflow/.local/lib/python3.7/site-packages/airflow/example_dags/example_skip_dag.py took 0.095 seconds
[2022-11-08T14:34:13.356+0000] {processor.py:154} INFO - Started process (PID=903) to work on /home/airflow/.local/lib/python3.7/site-packages/airflow/example_dags/example_skip_dag.py
[2022-11-08T14:34:13.357+0000] {processor.py:756} INFO - Processing file /home/airflow/.local/lib/python3.7/site-packages/airflow/example_dags/example_skip_dag.py for tasks to queue
[2022-11-08T14:34:13.357+0000] {logging_mixin.py:120} INFO - [2022-11-08T14:34:13.357+0000] {dagbag.py:537} INFO - Filling up the DagBag from /home/airflow/.local/lib/python3.7/site-packages/airflow/example_dags/example_skip_dag.py
[2022-11-08T14:34:13.372+0000] {processor.py:766} INFO - DAG(s) dict_keys(['example_skip_dag']) retrieved from /home/airflow/.local/lib/python3.7/site-packages/airflow/example_dags/example_skip_dag.py
[2022-11-08T14:34:13.419+0000] {logging_mixin.py:120} INFO - [2022-11-08T14:34:13.419+0000] {dag.py:2585} INFO - Sync 1 DAGs
[2022-11-08T14:34:13.444+0000] {logging_mixin.py:120} INFO - [2022-11-08T14:34:13.444+0000] {dag.py:3340} INFO - Setting next_dagrun for example_skip_dag to 2022-11-07T14:34:13.443855+00:00, run_after=2022-11-08T14:34:13.443855+00:00
[2022-11-08T14:34:13.463+0000] {processor.py:176} INFO - Processing /home/airflow/.local/lib/python3.7/site-packages/airflow/example_dags/example_skip_dag.py took 0.111 seconds
[2022-11-08T14:34:44.377+0000] {processor.py:154} INFO - Started process (PID=1110) to work on /home/airflow/.local/lib/python3.7/site-packages/airflow/example_dags/example_skip_dag.py
[2022-11-08T14:34:44.378+0000] {processor.py:756} INFO - Processing file /home/airflow/.local/lib/python3.7/site-packages/airflow/example_dags/example_skip_dag.py for tasks to queue
[2022-11-08T14:34:44.378+0000] {logging_mixin.py:120} INFO - [2022-11-08T14:34:44.378+0000] {dagbag.py:537} INFO - Filling up the DagBag from /home/airflow/.local/lib/python3.7/site-packages/airflow/example_dags/example_skip_dag.py
[2022-11-08T14:34:44.394+0000] {processor.py:766} INFO - DAG(s) dict_keys(['example_skip_dag']) retrieved from /home/airflow/.local/lib/python3.7/site-packages/airflow/example_dags/example_skip_dag.py
[2022-11-08T14:34:44.439+0000] {logging_mixin.py:120} INFO - [2022-11-08T14:34:44.438+0000] {dag.py:2585} INFO - Sync 1 DAGs
[2022-11-08T14:34:44.462+0000] {logging_mixin.py:120} INFO - [2022-11-08T14:34:44.461+0000] {dag.py:3340} INFO - Setting next_dagrun for example_skip_dag to 2022-11-07T14:34:44.461591+00:00, run_after=2022-11-08T14:34:44.461591+00:00
[2022-11-08T14:34:44.484+0000] {processor.py:176} INFO - Processing /home/airflow/.local/lib/python3.7/site-packages/airflow/example_dags/example_skip_dag.py took 0.111 seconds
[2022-11-08T14:35:15.291+0000] {processor.py:154} INFO - Started process (PID=1310) to work on /home/airflow/.local/lib/python3.7/site-packages/airflow/example_dags/example_skip_dag.py
[2022-11-08T14:35:15.292+0000] {processor.py:756} INFO - Processing file /home/airflow/.local/lib/python3.7/site-packages/airflow/example_dags/example_skip_dag.py for tasks to queue
[2022-11-08T14:35:15.292+0000] {logging_mixin.py:120} INFO - [2022-11-08T14:35:15.292+0000] {dagbag.py:537} INFO - Filling up the DagBag from /home/airflow/.local/lib/python3.7/site-packages/airflow/example_dags/example_skip_dag.py
[2022-11-08T14:35:15.307+0000] {processor.py:766} INFO - DAG(s) dict_keys(['example_skip_dag']) retrieved from /home/airflow/.local/lib/python3.7/site-packages/airflow/example_dags/example_skip_dag.py
[2022-11-08T14:35:15.345+0000] {logging_mixin.py:120} INFO - [2022-11-08T14:35:15.345+0000] {dag.py:2585} INFO - Sync 1 DAGs
[2022-11-08T14:35:15.376+0000] {logging_mixin.py:120} INFO - [2022-11-08T14:35:15.376+0000] {dag.py:3340} INFO - Setting next_dagrun for example_skip_dag to 2022-11-07T14:35:15.375781+00:00, run_after=2022-11-08T14:35:15.375781+00:00
[2022-11-08T14:35:15.403+0000] {processor.py:176} INFO - Processing /home/airflow/.local/lib/python3.7/site-packages/airflow/example_dags/example_skip_dag.py took 0.115 seconds
[2022-11-08T14:35:45.870+0000] {processor.py:154} INFO - Started process (PID=1517) to work on /home/airflow/.local/lib/python3.7/site-packages/airflow/example_dags/example_skip_dag.py
[2022-11-08T14:35:45.871+0000] {processor.py:756} INFO - Processing file /home/airflow/.local/lib/python3.7/site-packages/airflow/example_dags/example_skip_dag.py for tasks to queue
[2022-11-08T14:35:45.871+0000] {logging_mixin.py:120} INFO - [2022-11-08T14:35:45.871+0000] {dagbag.py:537} INFO - Filling up the DagBag from /home/airflow/.local/lib/python3.7/site-packages/airflow/example_dags/example_skip_dag.py
[2022-11-08T14:35:45.885+0000] {processor.py:766} INFO - DAG(s) dict_keys(['example_skip_dag']) retrieved from /home/airflow/.local/lib/python3.7/site-packages/airflow/example_dags/example_skip_dag.py
[2022-11-08T14:35:45.918+0000] {logging_mixin.py:120} INFO - [2022-11-08T14:35:45.918+0000] {dag.py:2585} INFO - Sync 1 DAGs
[2022-11-08T14:35:45.937+0000] {logging_mixin.py:120} INFO - [2022-11-08T14:35:45.937+0000] {dag.py:3340} INFO - Setting next_dagrun for example_skip_dag to 2022-11-07T14:35:45.937094+00:00, run_after=2022-11-08T14:35:45.937094+00:00
[2022-11-08T14:35:45.954+0000] {processor.py:176} INFO - Processing /home/airflow/.local/lib/python3.7/site-packages/airflow/example_dags/example_skip_dag.py took 0.086 seconds
[2022-11-08T14:36:16.667+0000] {processor.py:154} INFO - Started process (PID=1722) to work on /home/airflow/.local/lib/python3.7/site-packages/airflow/example_dags/example_skip_dag.py
[2022-11-08T14:36:16.668+0000] {processor.py:756} INFO - Processing file /home/airflow/.local/lib/python3.7/site-packages/airflow/example_dags/example_skip_dag.py for tasks to queue
[2022-11-08T14:36:16.669+0000] {logging_mixin.py:120} INFO - [2022-11-08T14:36:16.669+0000] {dagbag.py:537} INFO - Filling up the DagBag from /home/airflow/.local/lib/python3.7/site-packages/airflow/example_dags/example_skip_dag.py
[2022-11-08T14:36:16.687+0000] {processor.py:766} INFO - DAG(s) dict_keys(['example_skip_dag']) retrieved from /home/airflow/.local/lib/python3.7/site-packages/airflow/example_dags/example_skip_dag.py
[2022-11-08T14:36:16.725+0000] {logging_mixin.py:120} INFO - [2022-11-08T14:36:16.725+0000] {dag.py:2585} INFO - Sync 1 DAGs
[2022-11-08T14:36:16.747+0000] {logging_mixin.py:120} INFO - [2022-11-08T14:36:16.747+0000] {dag.py:3340} INFO - Setting next_dagrun for example_skip_dag to 2022-11-07T14:36:16.746871+00:00, run_after=2022-11-08T14:36:16.746871+00:00
[2022-11-08T14:36:16.764+0000] {processor.py:176} INFO - Processing /home/airflow/.local/lib/python3.7/site-packages/airflow/example_dags/example_skip_dag.py took 0.102 seconds
[2022-11-08T14:36:47.308+0000] {processor.py:154} INFO - Started process (PID=1931) to work on /home/airflow/.local/lib/python3.7/site-packages/airflow/example_dags/example_skip_dag.py
[2022-11-08T14:36:47.309+0000] {processor.py:756} INFO - Processing file /home/airflow/.local/lib/python3.7/site-packages/airflow/example_dags/example_skip_dag.py for tasks to queue
[2022-11-08T14:36:47.310+0000] {logging_mixin.py:120} INFO - [2022-11-08T14:36:47.310+0000] {dagbag.py:537} INFO - Filling up the DagBag from /home/airflow/.local/lib/python3.7/site-packages/airflow/example_dags/example_skip_dag.py
[2022-11-08T14:36:47.331+0000] {processor.py:766} INFO - DAG(s) dict_keys(['example_skip_dag']) retrieved from /home/airflow/.local/lib/python3.7/site-packages/airflow/example_dags/example_skip_dag.py
[2022-11-08T14:36:47.399+0000] {logging_mixin.py:120} INFO - [2022-11-08T14:36:47.398+0000] {dag.py:2585} INFO - Sync 1 DAGs
[2022-11-08T14:36:47.434+0000] {logging_mixin.py:120} INFO - [2022-11-08T14:36:47.434+0000] {dag.py:3340} INFO - Setting next_dagrun for example_skip_dag to 2022-11-07T14:36:47.434179+00:00, run_after=2022-11-08T14:36:47.434179+00:00
[2022-11-08T14:36:47.459+0000] {processor.py:176} INFO - Processing /home/airflow/.local/lib/python3.7/site-packages/airflow/example_dags/example_skip_dag.py took 0.156 seconds
[2022-11-08T14:37:18.235+0000] {processor.py:154} INFO - Started process (PID=2127) to work on /home/airflow/.local/lib/python3.7/site-packages/airflow/example_dags/example_skip_dag.py
[2022-11-08T14:37:18.236+0000] {processor.py:756} INFO - Processing file /home/airflow/.local/lib/python3.7/site-packages/airflow/example_dags/example_skip_dag.py for tasks to queue
[2022-11-08T14:37:18.237+0000] {logging_mixin.py:120} INFO - [2022-11-08T14:37:18.237+0000] {dagbag.py:537} INFO - Filling up the DagBag from /home/airflow/.local/lib/python3.7/site-packages/airflow/example_dags/example_skip_dag.py
[2022-11-08T14:37:18.255+0000] {processor.py:766} INFO - DAG(s) dict_keys(['example_skip_dag']) retrieved from /home/airflow/.local/lib/python3.7/site-packages/airflow/example_dags/example_skip_dag.py
[2022-11-08T14:37:18.295+0000] {logging_mixin.py:120} INFO - [2022-11-08T14:37:18.295+0000] {dag.py:2585} INFO - Sync 1 DAGs
[2022-11-08T14:37:18.316+0000] {logging_mixin.py:120} INFO - [2022-11-08T14:37:18.316+0000] {dag.py:3340} INFO - Setting next_dagrun for example_skip_dag to 2022-11-07T14:37:18.316163+00:00, run_after=2022-11-08T14:37:18.316163+00:00
[2022-11-08T14:37:18.333+0000] {processor.py:176} INFO - Processing /home/airflow/.local/lib/python3.7/site-packages/airflow/example_dags/example_skip_dag.py took 0.102 seconds
[2022-11-08T14:37:48.781+0000] {processor.py:154} INFO - Started process (PID=2334) to work on /home/airflow/.local/lib/python3.7/site-packages/airflow/example_dags/example_skip_dag.py
[2022-11-08T14:37:48.782+0000] {processor.py:756} INFO - Processing file /home/airflow/.local/lib/python3.7/site-packages/airflow/example_dags/example_skip_dag.py for tasks to queue
[2022-11-08T14:37:48.783+0000] {logging_mixin.py:120} INFO - [2022-11-08T14:37:48.783+0000] {dagbag.py:537} INFO - Filling up the DagBag from /home/airflow/.local/lib/python3.7/site-packages/airflow/example_dags/example_skip_dag.py
[2022-11-08T14:37:48.801+0000] {processor.py:766} INFO - DAG(s) dict_keys(['example_skip_dag']) retrieved from /home/airflow/.local/lib/python3.7/site-packages/airflow/example_dags/example_skip_dag.py
[2022-11-08T14:37:48.827+0000] {logging_mixin.py:120} INFO - [2022-11-08T14:37:48.827+0000] {dag.py:2585} INFO - Sync 1 DAGs
[2022-11-08T14:37:48.848+0000] {logging_mixin.py:120} INFO - [2022-11-08T14:37:48.848+0000] {dag.py:3340} INFO - Setting next_dagrun for example_skip_dag to 2022-11-07T14:37:48.847865+00:00, run_after=2022-11-08T14:37:48.847865+00:00
[2022-11-08T14:37:48.865+0000] {processor.py:176} INFO - Processing /home/airflow/.local/lib/python3.7/site-packages/airflow/example_dags/example_skip_dag.py took 0.087 seconds
[2022-11-08T14:38:19.520+0000] {processor.py:154} INFO - Started process (PID=2540) to work on /home/airflow/.local/lib/python3.7/site-packages/airflow/example_dags/example_skip_dag.py
[2022-11-08T14:38:19.521+0000] {processor.py:756} INFO - Processing file /home/airflow/.local/lib/python3.7/site-packages/airflow/example_dags/example_skip_dag.py for tasks to queue
[2022-11-08T14:38:19.521+0000] {logging_mixin.py:120} INFO - [2022-11-08T14:38:19.521+0000] {dagbag.py:537} INFO - Filling up the DagBag from /home/airflow/.local/lib/python3.7/site-packages/airflow/example_dags/example_skip_dag.py
[2022-11-08T14:38:19.539+0000] {processor.py:766} INFO - DAG(s) dict_keys(['example_skip_dag']) retrieved from /home/airflow/.local/lib/python3.7/site-packages/airflow/example_dags/example_skip_dag.py
[2022-11-08T14:38:19.565+0000] {logging_mixin.py:120} INFO - [2022-11-08T14:38:19.565+0000] {dag.py:2585} INFO - Sync 1 DAGs
[2022-11-08T14:38:19.586+0000] {logging_mixin.py:120} INFO - [2022-11-08T14:38:19.586+0000] {dag.py:3340} INFO - Setting next_dagrun for example_skip_dag to 2022-11-07T14:38:19.586478+00:00, run_after=2022-11-08T14:38:19.586478+00:00
[2022-11-08T14:38:19.605+0000] {processor.py:176} INFO - Processing /home/airflow/.local/lib/python3.7/site-packages/airflow/example_dags/example_skip_dag.py took 0.089 seconds
[2022-11-08T14:38:49.995+0000] {processor.py:154} INFO - Started process (PID=2747) to work on /home/airflow/.local/lib/python3.7/site-packages/airflow/example_dags/example_skip_dag.py
[2022-11-08T14:38:49.996+0000] {processor.py:756} INFO - Processing file /home/airflow/.local/lib/python3.7/site-packages/airflow/example_dags/example_skip_dag.py for tasks to queue
[2022-11-08T14:38:49.997+0000] {logging_mixin.py:120} INFO - [2022-11-08T14:38:49.996+0000] {dagbag.py:537} INFO - Filling up the DagBag from /home/airflow/.local/lib/python3.7/site-packages/airflow/example_dags/example_skip_dag.py
[2022-11-08T14:38:50.011+0000] {processor.py:766} INFO - DAG(s) dict_keys(['example_skip_dag']) retrieved from /home/airflow/.local/lib/python3.7/site-packages/airflow/example_dags/example_skip_dag.py
[2022-11-08T14:38:50.052+0000] {logging_mixin.py:120} INFO - [2022-11-08T14:38:50.052+0000] {dag.py:2585} INFO - Sync 1 DAGs
[2022-11-08T14:38:50.074+0000] {logging_mixin.py:120} INFO - [2022-11-08T14:38:50.074+0000] {dag.py:3340} INFO - Setting next_dagrun for example_skip_dag to 2022-11-07T14:38:50.074372+00:00, run_after=2022-11-08T14:38:50.074372+00:00
[2022-11-08T14:38:50.092+0000] {processor.py:176} INFO - Processing /home/airflow/.local/lib/python3.7/site-packages/airflow/example_dags/example_skip_dag.py took 0.101 seconds
[2022-11-08T14:39:20.769+0000] {processor.py:154} INFO - Started process (PID=2954) to work on /home/airflow/.local/lib/python3.7/site-packages/airflow/example_dags/example_skip_dag.py
[2022-11-08T14:39:20.770+0000] {processor.py:756} INFO - Processing file /home/airflow/.local/lib/python3.7/site-packages/airflow/example_dags/example_skip_dag.py for tasks to queue
[2022-11-08T14:39:20.771+0000] {logging_mixin.py:120} INFO - [2022-11-08T14:39:20.770+0000] {dagbag.py:537} INFO - Filling up the DagBag from /home/airflow/.local/lib/python3.7/site-packages/airflow/example_dags/example_skip_dag.py
[2022-11-08T14:39:20.784+0000] {processor.py:766} INFO - DAG(s) dict_keys(['example_skip_dag']) retrieved from /home/airflow/.local/lib/python3.7/site-packages/airflow/example_dags/example_skip_dag.py
[2022-11-08T14:39:20.824+0000] {logging_mixin.py:120} INFO - [2022-11-08T14:39:20.824+0000] {dag.py:2585} INFO - Sync 1 DAGs
[2022-11-08T14:39:20.847+0000] {logging_mixin.py:120} INFO - [2022-11-08T14:39:20.847+0000] {dag.py:3340} INFO - Setting next_dagrun for example_skip_dag to 2022-11-07T14:39:20.847423+00:00, run_after=2022-11-08T14:39:20.847423+00:00
[2022-11-08T14:39:20.865+0000] {processor.py:176} INFO - Processing /home/airflow/.local/lib/python3.7/site-packages/airflow/example_dags/example_skip_dag.py took 0.099 seconds
[2022-11-08T14:39:51.728+0000] {processor.py:154} INFO - Started process (PID=3154) to work on /home/airflow/.local/lib/python3.7/site-packages/airflow/example_dags/example_skip_dag.py
[2022-11-08T14:39:51.729+0000] {processor.py:756} INFO - Processing file /home/airflow/.local/lib/python3.7/site-packages/airflow/example_dags/example_skip_dag.py for tasks to queue
[2022-11-08T14:39:51.730+0000] {logging_mixin.py:120} INFO - [2022-11-08T14:39:51.730+0000] {dagbag.py:537} INFO - Filling up the DagBag from /home/airflow/.local/lib/python3.7/site-packages/airflow/example_dags/example_skip_dag.py
[2022-11-08T14:39:51.750+0000] {processor.py:766} INFO - DAG(s) dict_keys(['example_skip_dag']) retrieved from /home/airflow/.local/lib/python3.7/site-packages/airflow/example_dags/example_skip_dag.py
[2022-11-08T14:39:51.797+0000] {logging_mixin.py:120} INFO - [2022-11-08T14:39:51.797+0000] {dag.py:2585} INFO - Sync 1 DAGs
[2022-11-08T14:39:51.825+0000] {logging_mixin.py:120} INFO - [2022-11-08T14:39:51.824+0000] {dag.py:3340} INFO - Setting next_dagrun for example_skip_dag to 2022-11-07T14:39:51.824725+00:00, run_after=2022-11-08T14:39:51.824725+00:00
[2022-11-08T14:39:51.847+0000] {processor.py:176} INFO - Processing /home/airflow/.local/lib/python3.7/site-packages/airflow/example_dags/example_skip_dag.py took 0.122 seconds
[2022-11-08T14:40:23.002+0000] {processor.py:154} INFO - Started process (PID=3361) to work on /home/airflow/.local/lib/python3.7/site-packages/airflow/example_dags/example_skip_dag.py
[2022-11-08T14:40:23.003+0000] {processor.py:756} INFO - Processing file /home/airflow/.local/lib/python3.7/site-packages/airflow/example_dags/example_skip_dag.py for tasks to queue
[2022-11-08T14:40:23.004+0000] {logging_mixin.py:120} INFO - [2022-11-08T14:40:23.004+0000] {dagbag.py:537} INFO - Filling up the DagBag from /home/airflow/.local/lib/python3.7/site-packages/airflow/example_dags/example_skip_dag.py
[2022-11-08T14:40:23.020+0000] {processor.py:766} INFO - DAG(s) dict_keys(['example_skip_dag']) retrieved from /home/airflow/.local/lib/python3.7/site-packages/airflow/example_dags/example_skip_dag.py
[2022-11-08T14:40:23.062+0000] {logging_mixin.py:120} INFO - [2022-11-08T14:40:23.062+0000] {dag.py:2585} INFO - Sync 1 DAGs
[2022-11-08T14:40:23.089+0000] {logging_mixin.py:120} INFO - [2022-11-08T14:40:23.089+0000] {dag.py:3340} INFO - Setting next_dagrun for example_skip_dag to 2022-11-07T14:40:23.088847+00:00, run_after=2022-11-08T14:40:23.088847+00:00
[2022-11-08T14:40:23.108+0000] {processor.py:176} INFO - Processing /home/airflow/.local/lib/python3.7/site-packages/airflow/example_dags/example_skip_dag.py took 0.110 seconds
[2022-11-08T14:40:53.260+0000] {processor.py:154} INFO - Started process (PID=3566) to work on /home/airflow/.local/lib/python3.7/site-packages/airflow/example_dags/example_skip_dag.py
[2022-11-08T14:40:53.261+0000] {processor.py:756} INFO - Processing file /home/airflow/.local/lib/python3.7/site-packages/airflow/example_dags/example_skip_dag.py for tasks to queue
[2022-11-08T14:40:53.262+0000] {logging_mixin.py:120} INFO - [2022-11-08T14:40:53.262+0000] {dagbag.py:537} INFO - Filling up the DagBag from /home/airflow/.local/lib/python3.7/site-packages/airflow/example_dags/example_skip_dag.py
[2022-11-08T14:40:53.284+0000] {processor.py:766} INFO - DAG(s) dict_keys(['example_skip_dag']) retrieved from /home/airflow/.local/lib/python3.7/site-packages/airflow/example_dags/example_skip_dag.py
[2022-11-08T14:40:53.331+0000] {logging_mixin.py:120} INFO - [2022-11-08T14:40:53.331+0000] {dag.py:2585} INFO - Sync 1 DAGs
[2022-11-08T14:40:53.358+0000] {logging_mixin.py:120} INFO - [2022-11-08T14:40:53.358+0000] {dag.py:3340} INFO - Setting next_dagrun for example_skip_dag to 2022-11-07T14:40:53.357743+00:00, run_after=2022-11-08T14:40:53.357743+00:00
[2022-11-08T14:40:53.429+0000] {processor.py:176} INFO - Processing /home/airflow/.local/lib/python3.7/site-packages/airflow/example_dags/example_skip_dag.py took 0.174 seconds
[2022-11-08T14:41:23.572+0000] {processor.py:154} INFO - Started process (PID=3773) to work on /home/airflow/.local/lib/python3.7/site-packages/airflow/example_dags/example_skip_dag.py
[2022-11-08T14:41:23.573+0000] {processor.py:756} INFO - Processing file /home/airflow/.local/lib/python3.7/site-packages/airflow/example_dags/example_skip_dag.py for tasks to queue
[2022-11-08T14:41:23.574+0000] {logging_mixin.py:120} INFO - [2022-11-08T14:41:23.573+0000] {dagbag.py:537} INFO - Filling up the DagBag from /home/airflow/.local/lib/python3.7/site-packages/airflow/example_dags/example_skip_dag.py
[2022-11-08T14:41:23.587+0000] {processor.py:766} INFO - DAG(s) dict_keys(['example_skip_dag']) retrieved from /home/airflow/.local/lib/python3.7/site-packages/airflow/example_dags/example_skip_dag.py
[2022-11-08T14:41:23.629+0000] {logging_mixin.py:120} INFO - [2022-11-08T14:41:23.629+0000] {dag.py:2585} INFO - Sync 1 DAGs
[2022-11-08T14:41:23.657+0000] {logging_mixin.py:120} INFO - [2022-11-08T14:41:23.657+0000] {dag.py:3340} INFO - Setting next_dagrun for example_skip_dag to 2022-11-07T14:41:23.657080+00:00, run_after=2022-11-08T14:41:23.657080+00:00
[2022-11-08T14:41:23.682+0000] {processor.py:176} INFO - Processing /home/airflow/.local/lib/python3.7/site-packages/airflow/example_dags/example_skip_dag.py took 0.113 seconds
[2022-11-08T14:41:53.741+0000] {processor.py:154} INFO - Started process (PID=3971) to work on /home/airflow/.local/lib/python3.7/site-packages/airflow/example_dags/example_skip_dag.py
[2022-11-08T14:41:53.743+0000] {processor.py:756} INFO - Processing file /home/airflow/.local/lib/python3.7/site-packages/airflow/example_dags/example_skip_dag.py for tasks to queue
[2022-11-08T14:41:53.743+0000] {logging_mixin.py:120} INFO - [2022-11-08T14:41:53.743+0000] {dagbag.py:537} INFO - Filling up the DagBag from /home/airflow/.local/lib/python3.7/site-packages/airflow/example_dags/example_skip_dag.py
[2022-11-08T14:41:53.764+0000] {processor.py:766} INFO - DAG(s) dict_keys(['example_skip_dag']) retrieved from /home/airflow/.local/lib/python3.7/site-packages/airflow/example_dags/example_skip_dag.py
[2022-11-08T14:41:53.821+0000] {logging_mixin.py:120} INFO - [2022-11-08T14:41:53.820+0000] {dag.py:2585} INFO - Sync 1 DAGs
[2022-11-08T14:41:53.852+0000] {logging_mixin.py:120} INFO - [2022-11-08T14:41:53.852+0000] {dag.py:3340} INFO - Setting next_dagrun for example_skip_dag to 2022-11-07T14:41:53.851810+00:00, run_after=2022-11-08T14:41:53.851810+00:00
[2022-11-08T14:41:53.874+0000] {processor.py:176} INFO - Processing /home/airflow/.local/lib/python3.7/site-packages/airflow/example_dags/example_skip_dag.py took 0.138 seconds
[2022-11-08T14:42:23.952+0000] {processor.py:154} INFO - Started process (PID=4175) to work on /home/airflow/.local/lib/python3.7/site-packages/airflow/example_dags/example_skip_dag.py
[2022-11-08T14:42:23.953+0000] {processor.py:756} INFO - Processing file /home/airflow/.local/lib/python3.7/site-packages/airflow/example_dags/example_skip_dag.py for tasks to queue
[2022-11-08T14:42:23.954+0000] {logging_mixin.py:120} INFO - [2022-11-08T14:42:23.954+0000] {dagbag.py:537} INFO - Filling up the DagBag from /home/airflow/.local/lib/python3.7/site-packages/airflow/example_dags/example_skip_dag.py
[2022-11-08T14:42:23.967+0000] {processor.py:766} INFO - DAG(s) dict_keys(['example_skip_dag']) retrieved from /home/airflow/.local/lib/python3.7/site-packages/airflow/example_dags/example_skip_dag.py
[2022-11-08T14:42:23.990+0000] {logging_mixin.py:120} INFO - [2022-11-08T14:42:23.990+0000] {dag.py:2585} INFO - Sync 1 DAGs
[2022-11-08T14:42:24.011+0000] {logging_mixin.py:120} INFO - [2022-11-08T14:42:24.011+0000] {dag.py:3340} INFO - Setting next_dagrun for example_skip_dag to 2022-11-07T14:42:24.011130+00:00, run_after=2022-11-08T14:42:24.011130+00:00
[2022-11-08T14:42:24.031+0000] {processor.py:176} INFO - Processing /home/airflow/.local/lib/python3.7/site-packages/airflow/example_dags/example_skip_dag.py took 0.081 seconds
[2022-11-08T14:42:54.452+0000] {processor.py:154} INFO - Started process (PID=4382) to work on /home/airflow/.local/lib/python3.7/site-packages/airflow/example_dags/example_skip_dag.py
[2022-11-08T14:42:54.453+0000] {processor.py:756} INFO - Processing file /home/airflow/.local/lib/python3.7/site-packages/airflow/example_dags/example_skip_dag.py for tasks to queue
[2022-11-08T14:42:54.454+0000] {logging_mixin.py:120} INFO - [2022-11-08T14:42:54.454+0000] {dagbag.py:537} INFO - Filling up the DagBag from /home/airflow/.local/lib/python3.7/site-packages/airflow/example_dags/example_skip_dag.py
[2022-11-08T14:42:54.468+0000] {processor.py:766} INFO - DAG(s) dict_keys(['example_skip_dag']) retrieved from /home/airflow/.local/lib/python3.7/site-packages/airflow/example_dags/example_skip_dag.py
[2022-11-08T14:42:54.504+0000] {logging_mixin.py:120} INFO - [2022-11-08T14:42:54.504+0000] {dag.py:2585} INFO - Sync 1 DAGs
[2022-11-08T14:42:54.524+0000] {logging_mixin.py:120} INFO - [2022-11-08T14:42:54.524+0000] {dag.py:3340} INFO - Setting next_dagrun for example_skip_dag to 2022-11-07T14:42:54.523840+00:00, run_after=2022-11-08T14:42:54.523840+00:00
[2022-11-08T14:42:54.545+0000] {processor.py:176} INFO - Processing /home/airflow/.local/lib/python3.7/site-packages/airflow/example_dags/example_skip_dag.py took 0.096 seconds
[2022-11-08T14:43:25.002+0000] {processor.py:154} INFO - Started process (PID=4587) to work on /home/airflow/.local/lib/python3.7/site-packages/airflow/example_dags/example_skip_dag.py
[2022-11-08T14:43:25.003+0000] {processor.py:756} INFO - Processing file /home/airflow/.local/lib/python3.7/site-packages/airflow/example_dags/example_skip_dag.py for tasks to queue
[2022-11-08T14:43:25.004+0000] {logging_mixin.py:120} INFO - [2022-11-08T14:43:25.004+0000] {dagbag.py:537} INFO - Filling up the DagBag from /home/airflow/.local/lib/python3.7/site-packages/airflow/example_dags/example_skip_dag.py
[2022-11-08T14:43:25.016+0000] {processor.py:766} INFO - DAG(s) dict_keys(['example_skip_dag']) retrieved from /home/airflow/.local/lib/python3.7/site-packages/airflow/example_dags/example_skip_dag.py
[2022-11-08T14:43:25.051+0000] {logging_mixin.py:120} INFO - [2022-11-08T14:43:25.051+0000] {dag.py:2585} INFO - Sync 1 DAGs
[2022-11-08T14:43:25.071+0000] {logging_mixin.py:120} INFO - [2022-11-08T14:43:25.071+0000] {dag.py:3340} INFO - Setting next_dagrun for example_skip_dag to 2022-11-07T14:43:25.071201+00:00, run_after=2022-11-08T14:43:25.071201+00:00
[2022-11-08T14:43:25.087+0000] {processor.py:176} INFO - Processing /home/airflow/.local/lib/python3.7/site-packages/airflow/example_dags/example_skip_dag.py took 0.088 seconds
[2022-11-08T14:43:55.662+0000] {processor.py:154} INFO - Started process (PID=4799) to work on /home/airflow/.local/lib/python3.7/site-packages/airflow/example_dags/example_skip_dag.py
[2022-11-08T14:43:55.663+0000] {processor.py:756} INFO - Processing file /home/airflow/.local/lib/python3.7/site-packages/airflow/example_dags/example_skip_dag.py for tasks to queue
[2022-11-08T14:43:55.664+0000] {logging_mixin.py:120} INFO - [2022-11-08T14:43:55.664+0000] {dagbag.py:537} INFO - Filling up the DagBag from /home/airflow/.local/lib/python3.7/site-packages/airflow/example_dags/example_skip_dag.py
[2022-11-08T14:43:55.679+0000] {processor.py:766} INFO - DAG(s) dict_keys(['example_skip_dag']) retrieved from /home/airflow/.local/lib/python3.7/site-packages/airflow/example_dags/example_skip_dag.py
[2022-11-08T14:43:55.721+0000] {logging_mixin.py:120} INFO - [2022-11-08T14:43:55.721+0000] {dag.py:2585} INFO - Sync 1 DAGs
[2022-11-08T14:43:55.742+0000] {logging_mixin.py:120} INFO - [2022-11-08T14:43:55.741+0000] {dag.py:3340} INFO - Setting next_dagrun for example_skip_dag to 2022-11-07T14:43:55.741732+00:00, run_after=2022-11-08T14:43:55.741732+00:00
[2022-11-08T14:43:55.761+0000] {processor.py:176} INFO - Processing /home/airflow/.local/lib/python3.7/site-packages/airflow/example_dags/example_skip_dag.py took 0.102 seconds
[2022-11-08T14:44:26.488+0000] {processor.py:154} INFO - Started process (PID=4999) to work on /home/airflow/.local/lib/python3.7/site-packages/airflow/example_dags/example_skip_dag.py
[2022-11-08T14:44:26.489+0000] {processor.py:756} INFO - Processing file /home/airflow/.local/lib/python3.7/site-packages/airflow/example_dags/example_skip_dag.py for tasks to queue
[2022-11-08T14:44:26.490+0000] {logging_mixin.py:120} INFO - [2022-11-08T14:44:26.490+0000] {dagbag.py:537} INFO - Filling up the DagBag from /home/airflow/.local/lib/python3.7/site-packages/airflow/example_dags/example_skip_dag.py
[2022-11-08T14:44:26.503+0000] {processor.py:766} INFO - DAG(s) dict_keys(['example_skip_dag']) retrieved from /home/airflow/.local/lib/python3.7/site-packages/airflow/example_dags/example_skip_dag.py
[2022-11-08T14:44:26.547+0000] {logging_mixin.py:120} INFO - [2022-11-08T14:44:26.547+0000] {dag.py:2585} INFO - Sync 1 DAGs
[2022-11-08T14:44:26.575+0000] {logging_mixin.py:120} INFO - [2022-11-08T14:44:26.575+0000] {dag.py:3340} INFO - Setting next_dagrun for example_skip_dag to 2022-11-07T14:44:26.574968+00:00, run_after=2022-11-08T14:44:26.574968+00:00
[2022-11-08T14:44:26.594+0000] {processor.py:176} INFO - Processing /home/airflow/.local/lib/python3.7/site-packages/airflow/example_dags/example_skip_dag.py took 0.110 seconds
[2022-11-08T14:44:56.981+0000] {processor.py:154} INFO - Started process (PID=5205) to work on /home/airflow/.local/lib/python3.7/site-packages/airflow/example_dags/example_skip_dag.py
[2022-11-08T14:44:56.982+0000] {processor.py:756} INFO - Processing file /home/airflow/.local/lib/python3.7/site-packages/airflow/example_dags/example_skip_dag.py for tasks to queue
[2022-11-08T14:44:56.983+0000] {logging_mixin.py:120} INFO - [2022-11-08T14:44:56.983+0000] {dagbag.py:537} INFO - Filling up the DagBag from /home/airflow/.local/lib/python3.7/site-packages/airflow/example_dags/example_skip_dag.py
[2022-11-08T14:44:56.995+0000] {processor.py:766} INFO - DAG(s) dict_keys(['example_skip_dag']) retrieved from /home/airflow/.local/lib/python3.7/site-packages/airflow/example_dags/example_skip_dag.py
[2022-11-08T14:44:57.026+0000] {logging_mixin.py:120} INFO - [2022-11-08T14:44:57.026+0000] {dag.py:2585} INFO - Sync 1 DAGs
[2022-11-08T14:44:57.045+0000] {logging_mixin.py:120} INFO - [2022-11-08T14:44:57.045+0000] {dag.py:3340} INFO - Setting next_dagrun for example_skip_dag to 2022-11-07T14:44:57.044929+00:00, run_after=2022-11-08T14:44:57.044929+00:00
[2022-11-08T14:44:57.059+0000] {processor.py:176} INFO - Processing /home/airflow/.local/lib/python3.7/site-packages/airflow/example_dags/example_skip_dag.py took 0.081 seconds
[2022-11-08T14:45:27.455+0000] {processor.py:154} INFO - Started process (PID=5412) to work on /home/airflow/.local/lib/python3.7/site-packages/airflow/example_dags/example_skip_dag.py
[2022-11-08T14:45:27.456+0000] {processor.py:756} INFO - Processing file /home/airflow/.local/lib/python3.7/site-packages/airflow/example_dags/example_skip_dag.py for tasks to queue
[2022-11-08T14:45:27.457+0000] {logging_mixin.py:120} INFO - [2022-11-08T14:45:27.457+0000] {dagbag.py:537} INFO - Filling up the DagBag from /home/airflow/.local/lib/python3.7/site-packages/airflow/example_dags/example_skip_dag.py
[2022-11-08T14:45:27.468+0000] {processor.py:766} INFO - DAG(s) dict_keys(['example_skip_dag']) retrieved from /home/airflow/.local/lib/python3.7/site-packages/airflow/example_dags/example_skip_dag.py
[2022-11-08T14:45:27.501+0000] {logging_mixin.py:120} INFO - [2022-11-08T14:45:27.501+0000] {dag.py:2585} INFO - Sync 1 DAGs
[2022-11-08T14:45:27.522+0000] {logging_mixin.py:120} INFO - [2022-11-08T14:45:27.522+0000] {dag.py:3340} INFO - Setting next_dagrun for example_skip_dag to 2022-11-07T14:45:27.521934+00:00, run_after=2022-11-08T14:45:27.521934+00:00
[2022-11-08T14:45:27.537+0000] {processor.py:176} INFO - Processing /home/airflow/.local/lib/python3.7/site-packages/airflow/example_dags/example_skip_dag.py took 0.086 seconds
[2022-11-08T14:45:57.796+0000] {processor.py:154} INFO - Started process (PID=5617) to work on /home/airflow/.local/lib/python3.7/site-packages/airflow/example_dags/example_skip_dag.py
[2022-11-08T14:45:57.797+0000] {processor.py:756} INFO - Processing file /home/airflow/.local/lib/python3.7/site-packages/airflow/example_dags/example_skip_dag.py for tasks to queue
[2022-11-08T14:45:57.798+0000] {logging_mixin.py:120} INFO - [2022-11-08T14:45:57.797+0000] {dagbag.py:537} INFO - Filling up the DagBag from /home/airflow/.local/lib/python3.7/site-packages/airflow/example_dags/example_skip_dag.py
[2022-11-08T14:45:57.813+0000] {processor.py:766} INFO - DAG(s) dict_keys(['example_skip_dag']) retrieved from /home/airflow/.local/lib/python3.7/site-packages/airflow/example_dags/example_skip_dag.py
[2022-11-08T14:45:57.845+0000] {logging_mixin.py:120} INFO - [2022-11-08T14:45:57.845+0000] {dag.py:2585} INFO - Sync 1 DAGs
[2022-11-08T14:45:57.864+0000] {logging_mixin.py:120} INFO - [2022-11-08T14:45:57.864+0000] {dag.py:3340} INFO - Setting next_dagrun for example_skip_dag to 2022-11-07T14:45:57.864206+00:00, run_after=2022-11-08T14:45:57.864206+00:00
[2022-11-08T14:45:57.880+0000] {processor.py:176} INFO - Processing /home/airflow/.local/lib/python3.7/site-packages/airflow/example_dags/example_skip_dag.py took 0.088 seconds
[2022-11-08T14:46:28.704+0000] {processor.py:154} INFO - Started process (PID=5823) to work on /home/airflow/.local/lib/python3.7/site-packages/airflow/example_dags/example_skip_dag.py
[2022-11-08T14:46:28.706+0000] {processor.py:756} INFO - Processing file /home/airflow/.local/lib/python3.7/site-packages/airflow/example_dags/example_skip_dag.py for tasks to queue
[2022-11-08T14:46:28.707+0000] {logging_mixin.py:120} INFO - [2022-11-08T14:46:28.706+0000] {dagbag.py:537} INFO - Filling up the DagBag from /home/airflow/.local/lib/python3.7/site-packages/airflow/example_dags/example_skip_dag.py
[2022-11-08T14:46:28.725+0000] {processor.py:766} INFO - DAG(s) dict_keys(['example_skip_dag']) retrieved from /home/airflow/.local/lib/python3.7/site-packages/airflow/example_dags/example_skip_dag.py
[2022-11-08T14:46:28.765+0000] {logging_mixin.py:120} INFO - [2022-11-08T14:46:28.765+0000] {dag.py:2585} INFO - Sync 1 DAGs
[2022-11-08T14:46:28.790+0000] {logging_mixin.py:120} INFO - [2022-11-08T14:46:28.790+0000] {dag.py:3340} INFO - Setting next_dagrun for example_skip_dag to 2022-11-07T14:46:28.790291+00:00, run_after=2022-11-08T14:46:28.790291+00:00
[2022-11-08T14:46:28.810+0000] {processor.py:176} INFO - Processing /home/airflow/.local/lib/python3.7/site-packages/airflow/example_dags/example_skip_dag.py took 0.110 seconds
[2022-11-08T14:46:58.928+0000] {processor.py:154} INFO - Started process (PID=6024) to work on /home/airflow/.local/lib/python3.7/site-packages/airflow/example_dags/example_skip_dag.py
[2022-11-08T14:46:58.929+0000] {processor.py:756} INFO - Processing file /home/airflow/.local/lib/python3.7/site-packages/airflow/example_dags/example_skip_dag.py for tasks to queue
[2022-11-08T14:46:58.929+0000] {logging_mixin.py:120} INFO - [2022-11-08T14:46:58.929+0000] {dagbag.py:537} INFO - Filling up the DagBag from /home/airflow/.local/lib/python3.7/site-packages/airflow/example_dags/example_skip_dag.py
[2022-11-08T14:46:58.946+0000] {processor.py:766} INFO - DAG(s) dict_keys(['example_skip_dag']) retrieved from /home/airflow/.local/lib/python3.7/site-packages/airflow/example_dags/example_skip_dag.py
[2022-11-08T14:46:58.969+0000] {logging_mixin.py:120} INFO - [2022-11-08T14:46:58.969+0000] {dag.py:2585} INFO - Sync 1 DAGs
[2022-11-08T14:46:58.989+0000] {logging_mixin.py:120} INFO - [2022-11-08T14:46:58.989+0000] {dag.py:3340} INFO - Setting next_dagrun for example_skip_dag to 2022-11-07T14:46:58.988935+00:00, run_after=2022-11-08T14:46:58.988935+00:00
[2022-11-08T14:46:59.005+0000] {processor.py:176} INFO - Processing /home/airflow/.local/lib/python3.7/site-packages/airflow/example_dags/example_skip_dag.py took 0.081 seconds
[2022-11-08T14:47:29.625+0000] {processor.py:154} INFO - Started process (PID=6229) to work on /home/airflow/.local/lib/python3.7/site-packages/airflow/example_dags/example_skip_dag.py
[2022-11-08T14:47:29.626+0000] {processor.py:756} INFO - Processing file /home/airflow/.local/lib/python3.7/site-packages/airflow/example_dags/example_skip_dag.py for tasks to queue
[2022-11-08T14:47:29.626+0000] {logging_mixin.py:120} INFO - [2022-11-08T14:47:29.626+0000] {dagbag.py:537} INFO - Filling up the DagBag from /home/airflow/.local/lib/python3.7/site-packages/airflow/example_dags/example_skip_dag.py
[2022-11-08T14:47:29.641+0000] {processor.py:766} INFO - DAG(s) dict_keys(['example_skip_dag']) retrieved from /home/airflow/.local/lib/python3.7/site-packages/airflow/example_dags/example_skip_dag.py
[2022-11-08T14:47:29.686+0000] {logging_mixin.py:120} INFO - [2022-11-08T14:47:29.686+0000] {dag.py:2585} INFO - Sync 1 DAGs
[2022-11-08T14:47:29.713+0000] {logging_mixin.py:120} INFO - [2022-11-08T14:47:29.713+0000] {dag.py:3340} INFO - Setting next_dagrun for example_skip_dag to 2022-11-07T14:47:29.713413+00:00, run_after=2022-11-08T14:47:29.713413+00:00
[2022-11-08T14:47:29.733+0000] {processor.py:176} INFO - Processing /home/airflow/.local/lib/python3.7/site-packages/airflow/example_dags/example_skip_dag.py took 0.112 seconds
[2022-11-08T14:48:00.532+0000] {processor.py:154} INFO - Started process (PID=6436) to work on /home/airflow/.local/lib/python3.7/site-packages/airflow/example_dags/example_skip_dag.py
[2022-11-08T14:48:00.533+0000] {processor.py:756} INFO - Processing file /home/airflow/.local/lib/python3.7/site-packages/airflow/example_dags/example_skip_dag.py for tasks to queue
[2022-11-08T14:48:00.534+0000] {logging_mixin.py:120} INFO - [2022-11-08T14:48:00.533+0000] {dagbag.py:537} INFO - Filling up the DagBag from /home/airflow/.local/lib/python3.7/site-packages/airflow/example_dags/example_skip_dag.py
[2022-11-08T14:48:00.546+0000] {processor.py:766} INFO - DAG(s) dict_keys(['example_skip_dag']) retrieved from /home/airflow/.local/lib/python3.7/site-packages/airflow/example_dags/example_skip_dag.py
[2022-11-08T14:48:00.581+0000] {logging_mixin.py:120} INFO - [2022-11-08T14:48:00.580+0000] {dag.py:2585} INFO - Sync 1 DAGs
[2022-11-08T14:48:00.601+0000] {logging_mixin.py:120} INFO - [2022-11-08T14:48:00.601+0000] {dag.py:3340} INFO - Setting next_dagrun for example_skip_dag to 2022-11-07T14:48:00.601147+00:00, run_after=2022-11-08T14:48:00.601147+00:00
[2022-11-08T14:48:00.618+0000] {processor.py:176} INFO - Processing /home/airflow/.local/lib/python3.7/site-packages/airflow/example_dags/example_skip_dag.py took 0.091 seconds
[2022-11-08T14:48:31.638+0000] {processor.py:154} INFO - Started process (PID=6645) to work on /home/airflow/.local/lib/python3.7/site-packages/airflow/example_dags/example_skip_dag.py
[2022-11-08T14:48:31.639+0000] {processor.py:756} INFO - Processing file /home/airflow/.local/lib/python3.7/site-packages/airflow/example_dags/example_skip_dag.py for tasks to queue
[2022-11-08T14:48:31.640+0000] {logging_mixin.py:120} INFO - [2022-11-08T14:48:31.640+0000] {dagbag.py:537} INFO - Filling up the DagBag from /home/airflow/.local/lib/python3.7/site-packages/airflow/example_dags/example_skip_dag.py
[2022-11-08T14:48:31.656+0000] {processor.py:766} INFO - DAG(s) dict_keys(['example_skip_dag']) retrieved from /home/airflow/.local/lib/python3.7/site-packages/airflow/example_dags/example_skip_dag.py
[2022-11-08T14:48:31.697+0000] {logging_mixin.py:120} INFO - [2022-11-08T14:48:31.697+0000] {dag.py:2585} INFO - Sync 1 DAGs
[2022-11-08T14:48:31.721+0000] {logging_mixin.py:120} INFO - [2022-11-08T14:48:31.721+0000] {dag.py:3340} INFO - Setting next_dagrun for example_skip_dag to 2022-11-07T14:48:31.720991+00:00, run_after=2022-11-08T14:48:31.720991+00:00
[2022-11-08T14:48:31.740+0000] {processor.py:176} INFO - Processing /home/airflow/.local/lib/python3.7/site-packages/airflow/example_dags/example_skip_dag.py took 0.108 seconds
[2022-11-08T14:49:01.818+0000] {processor.py:154} INFO - Started process (PID=6842) to work on /home/airflow/.local/lib/python3.7/site-packages/airflow/example_dags/example_skip_dag.py
[2022-11-08T14:49:01.819+0000] {processor.py:756} INFO - Processing file /home/airflow/.local/lib/python3.7/site-packages/airflow/example_dags/example_skip_dag.py for tasks to queue
[2022-11-08T14:49:01.820+0000] {logging_mixin.py:120} INFO - [2022-11-08T14:49:01.820+0000] {dagbag.py:537} INFO - Filling up the DagBag from /home/airflow/.local/lib/python3.7/site-packages/airflow/example_dags/example_skip_dag.py
[2022-11-08T14:49:01.833+0000] {processor.py:766} INFO - DAG(s) dict_keys(['example_skip_dag']) retrieved from /home/airflow/.local/lib/python3.7/site-packages/airflow/example_dags/example_skip_dag.py
[2022-11-08T14:49:01.876+0000] {logging_mixin.py:120} INFO - [2022-11-08T14:49:01.876+0000] {dag.py:2585} INFO - Sync 1 DAGs
[2022-11-08T14:49:01.914+0000] {logging_mixin.py:120} INFO - [2022-11-08T14:49:01.913+0000] {dag.py:3340} INFO - Setting next_dagrun for example_skip_dag to 2022-11-07T14:49:01.913245+00:00, run_after=2022-11-08T14:49:01.913245+00:00
[2022-11-08T14:49:01.948+0000] {processor.py:176} INFO - Processing /home/airflow/.local/lib/python3.7/site-packages/airflow/example_dags/example_skip_dag.py took 0.134 seconds
[2022-11-08T14:49:32.853+0000] {processor.py:154} INFO - Started process (PID=7049) to work on /home/airflow/.local/lib/python3.7/site-packages/airflow/example_dags/example_skip_dag.py
[2022-11-08T14:49:32.854+0000] {processor.py:756} INFO - Processing file /home/airflow/.local/lib/python3.7/site-packages/airflow/example_dags/example_skip_dag.py for tasks to queue
[2022-11-08T14:49:32.854+0000] {logging_mixin.py:120} INFO - [2022-11-08T14:49:32.854+0000] {dagbag.py:537} INFO - Filling up the DagBag from /home/airflow/.local/lib/python3.7/site-packages/airflow/example_dags/example_skip_dag.py
[2022-11-08T14:49:32.866+0000] {processor.py:766} INFO - DAG(s) dict_keys(['example_skip_dag']) retrieved from /home/airflow/.local/lib/python3.7/site-packages/airflow/example_dags/example_skip_dag.py
[2022-11-08T14:49:32.897+0000] {logging_mixin.py:120} INFO - [2022-11-08T14:49:32.897+0000] {dag.py:2585} INFO - Sync 1 DAGs
[2022-11-08T14:49:32.916+0000] {logging_mixin.py:120} INFO - [2022-11-08T14:49:32.916+0000] {dag.py:3340} INFO - Setting next_dagrun for example_skip_dag to 2022-11-07T14:49:32.915966+00:00, run_after=2022-11-08T14:49:32.915966+00:00
[2022-11-08T14:49:32.931+0000] {processor.py:176} INFO - Processing /home/airflow/.local/lib/python3.7/site-packages/airflow/example_dags/example_skip_dag.py took 0.081 seconds
[2022-11-08T14:50:03.319+0000] {processor.py:154} INFO - Started process (PID=7256) to work on /home/airflow/.local/lib/python3.7/site-packages/airflow/example_dags/example_skip_dag.py
[2022-11-08T14:50:03.320+0000] {processor.py:756} INFO - Processing file /home/airflow/.local/lib/python3.7/site-packages/airflow/example_dags/example_skip_dag.py for tasks to queue
[2022-11-08T14:50:03.321+0000] {logging_mixin.py:120} INFO - [2022-11-08T14:50:03.321+0000] {dagbag.py:537} INFO - Filling up the DagBag from /home/airflow/.local/lib/python3.7/site-packages/airflow/example_dags/example_skip_dag.py
[2022-11-08T14:50:03.333+0000] {processor.py:766} INFO - DAG(s) dict_keys(['example_skip_dag']) retrieved from /home/airflow/.local/lib/python3.7/site-packages/airflow/example_dags/example_skip_dag.py
[2022-11-08T14:50:03.365+0000] {logging_mixin.py:120} INFO - [2022-11-08T14:50:03.365+0000] {dag.py:2585} INFO - Sync 1 DAGs
[2022-11-08T14:50:03.383+0000] {logging_mixin.py:120} INFO - [2022-11-08T14:50:03.383+0000] {dag.py:3340} INFO - Setting next_dagrun for example_skip_dag to 2022-11-07T14:50:03.383601+00:00, run_after=2022-11-08T14:50:03.383601+00:00
[2022-11-08T14:50:03.399+0000] {processor.py:176} INFO - Processing /home/airflow/.local/lib/python3.7/site-packages/airflow/example_dags/example_skip_dag.py took 0.084 seconds
[2022-11-08T14:50:33.925+0000] {processor.py:154} INFO - Started process (PID=7462) to work on /home/airflow/.local/lib/python3.7/site-packages/airflow/example_dags/example_skip_dag.py
[2022-11-08T14:50:33.925+0000] {processor.py:756} INFO - Processing file /home/airflow/.local/lib/python3.7/site-packages/airflow/example_dags/example_skip_dag.py for tasks to queue
[2022-11-08T14:50:33.926+0000] {logging_mixin.py:120} INFO - [2022-11-08T14:50:33.926+0000] {dagbag.py:537} INFO - Filling up the DagBag from /home/airflow/.local/lib/python3.7/site-packages/airflow/example_dags/example_skip_dag.py
[2022-11-08T14:50:33.943+0000] {processor.py:766} INFO - DAG(s) dict_keys(['example_skip_dag']) retrieved from /home/airflow/.local/lib/python3.7/site-packages/airflow/example_dags/example_skip_dag.py
[2022-11-08T14:50:33.985+0000] {logging_mixin.py:120} INFO - [2022-11-08T14:50:33.985+0000] {dag.py:2585} INFO - Sync 1 DAGs
[2022-11-08T14:50:34.007+0000] {logging_mixin.py:120} INFO - [2022-11-08T14:50:34.007+0000] {dag.py:3340} INFO - Setting next_dagrun for example_skip_dag to 2022-11-07T14:50:34.006939+00:00, run_after=2022-11-08T14:50:34.006939+00:00
[2022-11-08T14:50:34.026+0000] {processor.py:176} INFO - Processing /home/airflow/.local/lib/python3.7/site-packages/airflow/example_dags/example_skip_dag.py took 0.105 seconds
[2022-11-08T14:51:04.666+0000] {processor.py:154} INFO - Started process (PID=7669) to work on /home/airflow/.local/lib/python3.7/site-packages/airflow/example_dags/example_skip_dag.py
[2022-11-08T14:51:04.667+0000] {processor.py:756} INFO - Processing file /home/airflow/.local/lib/python3.7/site-packages/airflow/example_dags/example_skip_dag.py for tasks to queue
[2022-11-08T14:51:04.670+0000] {logging_mixin.py:120} INFO - [2022-11-08T14:51:04.668+0000] {dagbag.py:537} INFO - Filling up the DagBag from /home/airflow/.local/lib/python3.7/site-packages/airflow/example_dags/example_skip_dag.py
[2022-11-08T14:51:04.689+0000] {processor.py:766} INFO - DAG(s) dict_keys(['example_skip_dag']) retrieved from /home/airflow/.local/lib/python3.7/site-packages/airflow/example_dags/example_skip_dag.py
[2022-11-08T14:51:04.740+0000] {logging_mixin.py:120} INFO - [2022-11-08T14:51:04.739+0000] {dag.py:2585} INFO - Sync 1 DAGs
[2022-11-08T14:51:04.764+0000] {logging_mixin.py:120} INFO - [2022-11-08T14:51:04.764+0000] {dag.py:3340} INFO - Setting next_dagrun for example_skip_dag to 2022-11-07T14:51:04.763911+00:00, run_after=2022-11-08T14:51:04.763911+00:00
[2022-11-08T14:51:04.784+0000] {processor.py:176} INFO - Processing /home/airflow/.local/lib/python3.7/site-packages/airflow/example_dags/example_skip_dag.py took 0.124 seconds
[2022-11-08T14:51:35.644+0000] {processor.py:154} INFO - Started process (PID=7870) to work on /home/airflow/.local/lib/python3.7/site-packages/airflow/example_dags/example_skip_dag.py
[2022-11-08T14:51:35.645+0000] {processor.py:756} INFO - Processing file /home/airflow/.local/lib/python3.7/site-packages/airflow/example_dags/example_skip_dag.py for tasks to queue
[2022-11-08T14:51:35.646+0000] {logging_mixin.py:120} INFO - [2022-11-08T14:51:35.645+0000] {dagbag.py:537} INFO - Filling up the DagBag from /home/airflow/.local/lib/python3.7/site-packages/airflow/example_dags/example_skip_dag.py
[2022-11-08T14:51:35.660+0000] {processor.py:766} INFO - DAG(s) dict_keys(['example_skip_dag']) retrieved from /home/airflow/.local/lib/python3.7/site-packages/airflow/example_dags/example_skip_dag.py
[2022-11-08T14:51:35.699+0000] {logging_mixin.py:120} INFO - [2022-11-08T14:51:35.698+0000] {dag.py:2585} INFO - Sync 1 DAGs
[2022-11-08T14:51:35.733+0000] {logging_mixin.py:120} INFO - [2022-11-08T14:51:35.733+0000] {dag.py:3340} INFO - Setting next_dagrun for example_skip_dag to 2022-11-07T14:51:35.733129+00:00, run_after=2022-11-08T14:51:35.733129+00:00
[2022-11-08T14:51:35.760+0000] {processor.py:176} INFO - Processing /home/airflow/.local/lib/python3.7/site-packages/airflow/example_dags/example_skip_dag.py took 0.123 seconds
[2022-11-08T14:52:05.844+0000] {processor.py:154} INFO - Started process (PID=8072) to work on /home/airflow/.local/lib/python3.7/site-packages/airflow/example_dags/example_skip_dag.py
[2022-11-08T14:52:05.845+0000] {processor.py:756} INFO - Processing file /home/airflow/.local/lib/python3.7/site-packages/airflow/example_dags/example_skip_dag.py for tasks to queue
[2022-11-08T14:52:05.846+0000] {logging_mixin.py:120} INFO - [2022-11-08T14:52:05.846+0000] {dagbag.py:537} INFO - Filling up the DagBag from /home/airflow/.local/lib/python3.7/site-packages/airflow/example_dags/example_skip_dag.py
[2022-11-08T14:52:05.861+0000] {processor.py:766} INFO - DAG(s) dict_keys(['example_skip_dag']) retrieved from /home/airflow/.local/lib/python3.7/site-packages/airflow/example_dags/example_skip_dag.py
[2022-11-08T14:52:05.905+0000] {logging_mixin.py:120} INFO - [2022-11-08T14:52:05.905+0000] {dag.py:2585} INFO - Sync 1 DAGs
[2022-11-08T14:52:05.928+0000] {logging_mixin.py:120} INFO - [2022-11-08T14:52:05.928+0000] {dag.py:3340} INFO - Setting next_dagrun for example_skip_dag to 2022-11-07T14:52:05.927973+00:00, run_after=2022-11-08T14:52:05.927973+00:00
[2022-11-08T14:52:05.946+0000] {processor.py:176} INFO - Processing /home/airflow/.local/lib/python3.7/site-packages/airflow/example_dags/example_skip_dag.py took 0.106 seconds
[2022-11-08T14:52:36.272+0000] {processor.py:154} INFO - Started process (PID=8279) to work on /home/airflow/.local/lib/python3.7/site-packages/airflow/example_dags/example_skip_dag.py
[2022-11-08T14:52:36.273+0000] {processor.py:756} INFO - Processing file /home/airflow/.local/lib/python3.7/site-packages/airflow/example_dags/example_skip_dag.py for tasks to queue
[2022-11-08T14:52:36.274+0000] {logging_mixin.py:120} INFO - [2022-11-08T14:52:36.274+0000] {dagbag.py:537} INFO - Filling up the DagBag from /home/airflow/.local/lib/python3.7/site-packages/airflow/example_dags/example_skip_dag.py
[2022-11-08T14:52:36.292+0000] {processor.py:766} INFO - DAG(s) dict_keys(['example_skip_dag']) retrieved from /home/airflow/.local/lib/python3.7/site-packages/airflow/example_dags/example_skip_dag.py
[2022-11-08T14:52:36.348+0000] {logging_mixin.py:120} INFO - [2022-11-08T14:52:36.348+0000] {dag.py:2585} INFO - Sync 1 DAGs
[2022-11-08T14:52:36.377+0000] {logging_mixin.py:120} INFO - [2022-11-08T14:52:36.377+0000] {dag.py:3340} INFO - Setting next_dagrun for example_skip_dag to 2022-11-07T14:52:36.377462+00:00, run_after=2022-11-08T14:52:36.377462+00:00
[2022-11-08T14:52:36.397+0000] {processor.py:176} INFO - Processing /home/airflow/.local/lib/python3.7/site-packages/airflow/example_dags/example_skip_dag.py took 0.130 seconds
[2022-11-08T14:53:06.627+0000] {processor.py:154} INFO - Started process (PID=8480) to work on /home/airflow/.local/lib/python3.7/site-packages/airflow/example_dags/example_skip_dag.py
[2022-11-08T14:53:06.627+0000] {processor.py:756} INFO - Processing file /home/airflow/.local/lib/python3.7/site-packages/airflow/example_dags/example_skip_dag.py for tasks to queue
[2022-11-08T14:53:06.628+0000] {logging_mixin.py:120} INFO - [2022-11-08T14:53:06.628+0000] {dagbag.py:537} INFO - Filling up the DagBag from /home/airflow/.local/lib/python3.7/site-packages/airflow/example_dags/example_skip_dag.py
[2022-11-08T14:53:06.644+0000] {processor.py:766} INFO - DAG(s) dict_keys(['example_skip_dag']) retrieved from /home/airflow/.local/lib/python3.7/site-packages/airflow/example_dags/example_skip_dag.py
[2022-11-08T14:53:06.685+0000] {logging_mixin.py:120} INFO - [2022-11-08T14:53:06.685+0000] {dag.py:2585} INFO - Sync 1 DAGs
[2022-11-08T14:53:06.710+0000] {logging_mixin.py:120} INFO - [2022-11-08T14:53:06.710+0000] {dag.py:3340} INFO - Setting next_dagrun for example_skip_dag to 2022-11-07T14:53:06.709766+00:00, run_after=2022-11-08T14:53:06.709766+00:00
[2022-11-08T14:53:06.729+0000] {processor.py:176} INFO - Processing /home/airflow/.local/lib/python3.7/site-packages/airflow/example_dags/example_skip_dag.py took 0.105 seconds
[2022-11-08T14:53:36.807+0000] {processor.py:154} INFO - Started process (PID=8686) to work on /home/airflow/.local/lib/python3.7/site-packages/airflow/example_dags/example_skip_dag.py
[2022-11-08T14:53:36.808+0000] {processor.py:756} INFO - Processing file /home/airflow/.local/lib/python3.7/site-packages/airflow/example_dags/example_skip_dag.py for tasks to queue
[2022-11-08T14:53:36.809+0000] {logging_mixin.py:120} INFO - [2022-11-08T14:53:36.809+0000] {dagbag.py:537} INFO - Filling up the DagBag from /home/airflow/.local/lib/python3.7/site-packages/airflow/example_dags/example_skip_dag.py
[2022-11-08T14:53:36.824+0000] {processor.py:766} INFO - DAG(s) dict_keys(['example_skip_dag']) retrieved from /home/airflow/.local/lib/python3.7/site-packages/airflow/example_dags/example_skip_dag.py
[2022-11-08T14:53:36.867+0000] {logging_mixin.py:120} INFO - [2022-11-08T14:53:36.866+0000] {dag.py:2585} INFO - Sync 1 DAGs
[2022-11-08T14:53:36.897+0000] {logging_mixin.py:120} INFO - [2022-11-08T14:53:36.897+0000] {dag.py:3340} INFO - Setting next_dagrun for example_skip_dag to 2022-11-07T14:53:36.896811+00:00, run_after=2022-11-08T14:53:36.896811+00:00
[2022-11-08T14:53:36.922+0000] {processor.py:176} INFO - Processing /home/airflow/.local/lib/python3.7/site-packages/airflow/example_dags/example_skip_dag.py took 0.119 seconds
[2022-11-08T14:54:07.237+0000] {processor.py:154} INFO - Started process (PID=8895) to work on /home/airflow/.local/lib/python3.7/site-packages/airflow/example_dags/example_skip_dag.py
[2022-11-08T14:54:07.238+0000] {processor.py:756} INFO - Processing file /home/airflow/.local/lib/python3.7/site-packages/airflow/example_dags/example_skip_dag.py for tasks to queue
[2022-11-08T14:54:07.239+0000] {logging_mixin.py:120} INFO - [2022-11-08T14:54:07.239+0000] {dagbag.py:537} INFO - Filling up the DagBag from /home/airflow/.local/lib/python3.7/site-packages/airflow/example_dags/example_skip_dag.py
[2022-11-08T14:54:07.255+0000] {processor.py:766} INFO - DAG(s) dict_keys(['example_skip_dag']) retrieved from /home/airflow/.local/lib/python3.7/site-packages/airflow/example_dags/example_skip_dag.py
[2022-11-08T14:54:07.298+0000] {logging_mixin.py:120} INFO - [2022-11-08T14:54:07.298+0000] {dag.py:2585} INFO - Sync 1 DAGs
[2022-11-08T14:54:07.325+0000] {logging_mixin.py:120} INFO - [2022-11-08T14:54:07.325+0000] {dag.py:3340} INFO - Setting next_dagrun for example_skip_dag to 2022-11-07T14:54:07.324777+00:00, run_after=2022-11-08T14:54:07.324777+00:00
[2022-11-08T14:54:07.346+0000] {processor.py:176} INFO - Processing /home/airflow/.local/lib/python3.7/site-packages/airflow/example_dags/example_skip_dag.py took 0.113 seconds
[2022-11-08T14:54:37.932+0000] {processor.py:154} INFO - Started process (PID=9100) to work on /home/airflow/.local/lib/python3.7/site-packages/airflow/example_dags/example_skip_dag.py
[2022-11-08T14:54:37.934+0000] {processor.py:756} INFO - Processing file /home/airflow/.local/lib/python3.7/site-packages/airflow/example_dags/example_skip_dag.py for tasks to queue
[2022-11-08T14:54:37.936+0000] {logging_mixin.py:120} INFO - [2022-11-08T14:54:37.935+0000] {dagbag.py:537} INFO - Filling up the DagBag from /home/airflow/.local/lib/python3.7/site-packages/airflow/example_dags/example_skip_dag.py
[2022-11-08T14:54:37.963+0000] {processor.py:766} INFO - DAG(s) dict_keys(['example_skip_dag']) retrieved from /home/airflow/.local/lib/python3.7/site-packages/airflow/example_dags/example_skip_dag.py
[2022-11-08T14:54:38.043+0000] {logging_mixin.py:120} INFO - [2022-11-08T14:54:38.043+0000] {dag.py:2585} INFO - Sync 1 DAGs
[2022-11-08T14:54:38.087+0000] {logging_mixin.py:120} INFO - [2022-11-08T14:54:38.087+0000] {dag.py:3340} INFO - Setting next_dagrun for example_skip_dag to 2022-11-07T14:54:38.086590+00:00, run_after=2022-11-08T14:54:38.086590+00:00
[2022-11-08T14:54:38.125+0000] {processor.py:176} INFO - Processing /home/airflow/.local/lib/python3.7/site-packages/airflow/example_dags/example_skip_dag.py took 0.199 seconds
[2022-11-08T14:55:08.264+0000] {processor.py:154} INFO - Started process (PID=9298) to work on /home/airflow/.local/lib/python3.7/site-packages/airflow/example_dags/example_skip_dag.py
[2022-11-08T14:55:08.265+0000] {processor.py:756} INFO - Processing file /home/airflow/.local/lib/python3.7/site-packages/airflow/example_dags/example_skip_dag.py for tasks to queue
[2022-11-08T14:55:08.266+0000] {logging_mixin.py:120} INFO - [2022-11-08T14:55:08.266+0000] {dagbag.py:537} INFO - Filling up the DagBag from /home/airflow/.local/lib/python3.7/site-packages/airflow/example_dags/example_skip_dag.py
[2022-11-08T14:55:08.284+0000] {processor.py:766} INFO - DAG(s) dict_keys(['example_skip_dag']) retrieved from /home/airflow/.local/lib/python3.7/site-packages/airflow/example_dags/example_skip_dag.py
[2022-11-08T14:55:08.328+0000] {logging_mixin.py:120} INFO - [2022-11-08T14:55:08.328+0000] {dag.py:2585} INFO - Sync 1 DAGs
[2022-11-08T14:55:08.356+0000] {logging_mixin.py:120} INFO - [2022-11-08T14:55:08.356+0000] {dag.py:3340} INFO - Setting next_dagrun for example_skip_dag to 2022-11-07T14:55:08.356281+00:00, run_after=2022-11-08T14:55:08.356281+00:00
[2022-11-08T14:55:08.381+0000] {processor.py:176} INFO - Processing /home/airflow/.local/lib/python3.7/site-packages/airflow/example_dags/example_skip_dag.py took 0.121 seconds
[2022-11-08T14:55:38.528+0000] {processor.py:154} INFO - Started process (PID=9507) to work on /home/airflow/.local/lib/python3.7/site-packages/airflow/example_dags/example_skip_dag.py
[2022-11-08T14:55:38.529+0000] {processor.py:756} INFO - Processing file /home/airflow/.local/lib/python3.7/site-packages/airflow/example_dags/example_skip_dag.py for tasks to queue
[2022-11-08T14:55:38.529+0000] {logging_mixin.py:120} INFO - [2022-11-08T14:55:38.529+0000] {dagbag.py:537} INFO - Filling up the DagBag from /home/airflow/.local/lib/python3.7/site-packages/airflow/example_dags/example_skip_dag.py
[2022-11-08T14:55:38.546+0000] {processor.py:766} INFO - DAG(s) dict_keys(['example_skip_dag']) retrieved from /home/airflow/.local/lib/python3.7/site-packages/airflow/example_dags/example_skip_dag.py
[2022-11-08T14:55:38.590+0000] {logging_mixin.py:120} INFO - [2022-11-08T14:55:38.589+0000] {dag.py:2585} INFO - Sync 1 DAGs
[2022-11-08T14:55:38.613+0000] {logging_mixin.py:120} INFO - [2022-11-08T14:55:38.613+0000] {dag.py:3340} INFO - Setting next_dagrun for example_skip_dag to 2022-11-07T14:55:38.613106+00:00, run_after=2022-11-08T14:55:38.613106+00:00
[2022-11-08T14:55:38.637+0000] {processor.py:176} INFO - Processing /home/airflow/.local/lib/python3.7/site-packages/airflow/example_dags/example_skip_dag.py took 0.113 seconds
[2022-11-08T14:56:09.047+0000] {processor.py:154} INFO - Started process (PID=9714) to work on /home/airflow/.local/lib/python3.7/site-packages/airflow/example_dags/example_skip_dag.py
[2022-11-08T14:56:09.048+0000] {processor.py:756} INFO - Processing file /home/airflow/.local/lib/python3.7/site-packages/airflow/example_dags/example_skip_dag.py for tasks to queue
[2022-11-08T14:56:09.048+0000] {logging_mixin.py:120} INFO - [2022-11-08T14:56:09.048+0000] {dagbag.py:537} INFO - Filling up the DagBag from /home/airflow/.local/lib/python3.7/site-packages/airflow/example_dags/example_skip_dag.py
[2022-11-08T14:56:09.065+0000] {processor.py:766} INFO - DAG(s) dict_keys(['example_skip_dag']) retrieved from /home/airflow/.local/lib/python3.7/site-packages/airflow/example_dags/example_skip_dag.py
[2022-11-08T14:56:09.109+0000] {logging_mixin.py:120} INFO - [2022-11-08T14:56:09.109+0000] {dag.py:2585} INFO - Sync 1 DAGs
[2022-11-08T14:56:09.138+0000] {logging_mixin.py:120} INFO - [2022-11-08T14:56:09.137+0000] {dag.py:3340} INFO - Setting next_dagrun for example_skip_dag to 2022-11-07T14:56:09.137448+00:00, run_after=2022-11-08T14:56:09.137448+00:00
[2022-11-08T14:56:09.158+0000] {processor.py:176} INFO - Processing /home/airflow/.local/lib/python3.7/site-packages/airflow/example_dags/example_skip_dag.py took 0.114 seconds
[2022-11-08T14:56:40.425+0000] {processor.py:154} INFO - Started process (PID=9922) to work on /home/airflow/.local/lib/python3.7/site-packages/airflow/example_dags/example_skip_dag.py
[2022-11-08T14:56:40.426+0000] {processor.py:756} INFO - Processing file /home/airflow/.local/lib/python3.7/site-packages/airflow/example_dags/example_skip_dag.py for tasks to queue
[2022-11-08T14:56:40.427+0000] {logging_mixin.py:120} INFO - [2022-11-08T14:56:40.427+0000] {dagbag.py:537} INFO - Filling up the DagBag from /home/airflow/.local/lib/python3.7/site-packages/airflow/example_dags/example_skip_dag.py
[2022-11-08T14:56:40.452+0000] {processor.py:766} INFO - DAG(s) dict_keys(['example_skip_dag']) retrieved from /home/airflow/.local/lib/python3.7/site-packages/airflow/example_dags/example_skip_dag.py
[2022-11-08T14:56:40.512+0000] {logging_mixin.py:120} INFO - [2022-11-08T14:56:40.512+0000] {dag.py:2585} INFO - Sync 1 DAGs
[2022-11-08T14:56:40.548+0000] {logging_mixin.py:120} INFO - [2022-11-08T14:56:40.548+0000] {dag.py:3340} INFO - Setting next_dagrun for example_skip_dag to 2022-11-07T14:56:40.547648+00:00, run_after=2022-11-08T14:56:40.547648+00:00
[2022-11-08T14:56:40.572+0000] {processor.py:176} INFO - Processing /home/airflow/.local/lib/python3.7/site-packages/airflow/example_dags/example_skip_dag.py took 0.152 seconds
[2022-11-08T14:57:10.817+0000] {processor.py:154} INFO - Started process (PID=10123) to work on /home/airflow/.local/lib/python3.7/site-packages/airflow/example_dags/example_skip_dag.py
[2022-11-08T14:57:10.818+0000] {processor.py:756} INFO - Processing file /home/airflow/.local/lib/python3.7/site-packages/airflow/example_dags/example_skip_dag.py for tasks to queue
[2022-11-08T14:57:10.819+0000] {logging_mixin.py:120} INFO - [2022-11-08T14:57:10.819+0000] {dagbag.py:537} INFO - Filling up the DagBag from /home/airflow/.local/lib/python3.7/site-packages/airflow/example_dags/example_skip_dag.py
[2022-11-08T14:57:10.840+0000] {processor.py:766} INFO - DAG(s) dict_keys(['example_skip_dag']) retrieved from /home/airflow/.local/lib/python3.7/site-packages/airflow/example_dags/example_skip_dag.py
[2022-11-08T14:57:10.886+0000] {logging_mixin.py:120} INFO - [2022-11-08T14:57:10.885+0000] {dag.py:2585} INFO - Sync 1 DAGs
[2022-11-08T14:57:10.912+0000] {logging_mixin.py:120} INFO - [2022-11-08T14:57:10.912+0000] {dag.py:3340} INFO - Setting next_dagrun for example_skip_dag to 2022-11-07T14:57:10.911685+00:00, run_after=2022-11-08T14:57:10.911685+00:00
[2022-11-08T14:57:10.935+0000] {processor.py:176} INFO - Processing /home/airflow/.local/lib/python3.7/site-packages/airflow/example_dags/example_skip_dag.py took 0.122 seconds
[2022-11-08T14:57:41.935+0000] {processor.py:154} INFO - Started process (PID=10330) to work on /home/airflow/.local/lib/python3.7/site-packages/airflow/example_dags/example_skip_dag.py
[2022-11-08T14:57:41.936+0000] {processor.py:756} INFO - Processing file /home/airflow/.local/lib/python3.7/site-packages/airflow/example_dags/example_skip_dag.py for tasks to queue
[2022-11-08T14:57:41.937+0000] {logging_mixin.py:120} INFO - [2022-11-08T14:57:41.937+0000] {dagbag.py:537} INFO - Filling up the DagBag from /home/airflow/.local/lib/python3.7/site-packages/airflow/example_dags/example_skip_dag.py
[2022-11-08T14:57:41.952+0000] {processor.py:766} INFO - DAG(s) dict_keys(['example_skip_dag']) retrieved from /home/airflow/.local/lib/python3.7/site-packages/airflow/example_dags/example_skip_dag.py
[2022-11-08T14:57:42.006+0000] {logging_mixin.py:120} INFO - [2022-11-08T14:57:42.005+0000] {dag.py:2585} INFO - Sync 1 DAGs
[2022-11-08T14:57:42.035+0000] {logging_mixin.py:120} INFO - [2022-11-08T14:57:42.034+0000] {dag.py:3340} INFO - Setting next_dagrun for example_skip_dag to 2022-11-07T14:57:42.034504+00:00, run_after=2022-11-08T14:57:42.034504+00:00
[2022-11-08T14:57:42.054+0000] {processor.py:176} INFO - Processing /home/airflow/.local/lib/python3.7/site-packages/airflow/example_dags/example_skip_dag.py took 0.124 seconds
[2022-11-08T14:58:12.241+0000] {processor.py:154} INFO - Started process (PID=10537) to work on /home/airflow/.local/lib/python3.7/site-packages/airflow/example_dags/example_skip_dag.py
[2022-11-08T14:58:12.242+0000] {processor.py:756} INFO - Processing file /home/airflow/.local/lib/python3.7/site-packages/airflow/example_dags/example_skip_dag.py for tasks to queue
[2022-11-08T14:58:12.242+0000] {logging_mixin.py:120} INFO - [2022-11-08T14:58:12.242+0000] {dagbag.py:537} INFO - Filling up the DagBag from /home/airflow/.local/lib/python3.7/site-packages/airflow/example_dags/example_skip_dag.py
[2022-11-08T14:58:12.257+0000] {processor.py:766} INFO - DAG(s) dict_keys(['example_skip_dag']) retrieved from /home/airflow/.local/lib/python3.7/site-packages/airflow/example_dags/example_skip_dag.py
[2022-11-08T14:58:12.299+0000] {logging_mixin.py:120} INFO - [2022-11-08T14:58:12.298+0000] {dag.py:2585} INFO - Sync 1 DAGs
[2022-11-08T14:58:12.322+0000] {logging_mixin.py:120} INFO - [2022-11-08T14:58:12.322+0000] {dag.py:3340} INFO - Setting next_dagrun for example_skip_dag to 2022-11-07T14:58:12.321759+00:00, run_after=2022-11-08T14:58:12.321759+00:00
[2022-11-08T14:58:12.342+0000] {processor.py:176} INFO - Processing /home/airflow/.local/lib/python3.7/site-packages/airflow/example_dags/example_skip_dag.py took 0.104 seconds
[2022-11-08T14:58:42.438+0000] {processor.py:154} INFO - Started process (PID=10735) to work on /home/airflow/.local/lib/python3.7/site-packages/airflow/example_dags/example_skip_dag.py
[2022-11-08T14:58:42.439+0000] {processor.py:756} INFO - Processing file /home/airflow/.local/lib/python3.7/site-packages/airflow/example_dags/example_skip_dag.py for tasks to queue
[2022-11-08T14:58:42.440+0000] {logging_mixin.py:120} INFO - [2022-11-08T14:58:42.439+0000] {dagbag.py:537} INFO - Filling up the DagBag from /home/airflow/.local/lib/python3.7/site-packages/airflow/example_dags/example_skip_dag.py
[2022-11-08T14:58:42.455+0000] {processor.py:766} INFO - DAG(s) dict_keys(['example_skip_dag']) retrieved from /home/airflow/.local/lib/python3.7/site-packages/airflow/example_dags/example_skip_dag.py
[2022-11-08T14:58:42.506+0000] {logging_mixin.py:120} INFO - [2022-11-08T14:58:42.506+0000] {dag.py:2585} INFO - Sync 1 DAGs
[2022-11-08T14:58:42.534+0000] {logging_mixin.py:120} INFO - [2022-11-08T14:58:42.534+0000] {dag.py:3340} INFO - Setting next_dagrun for example_skip_dag to 2022-11-07T14:58:42.534154+00:00, run_after=2022-11-08T14:58:42.534154+00:00
[2022-11-08T14:58:42.554+0000] {processor.py:176} INFO - Processing /home/airflow/.local/lib/python3.7/site-packages/airflow/example_dags/example_skip_dag.py took 0.119 seconds
[2022-11-08T14:59:12.812+0000] {processor.py:154} INFO - Started process (PID=10942) to work on /home/airflow/.local/lib/python3.7/site-packages/airflow/example_dags/example_skip_dag.py
[2022-11-08T14:59:12.814+0000] {processor.py:756} INFO - Processing file /home/airflow/.local/lib/python3.7/site-packages/airflow/example_dags/example_skip_dag.py for tasks to queue
[2022-11-08T14:59:12.814+0000] {logging_mixin.py:120} INFO - [2022-11-08T14:59:12.814+0000] {dagbag.py:537} INFO - Filling up the DagBag from /home/airflow/.local/lib/python3.7/site-packages/airflow/example_dags/example_skip_dag.py
[2022-11-08T14:59:12.830+0000] {processor.py:766} INFO - DAG(s) dict_keys(['example_skip_dag']) retrieved from /home/airflow/.local/lib/python3.7/site-packages/airflow/example_dags/example_skip_dag.py
[2022-11-08T14:59:12.875+0000] {logging_mixin.py:120} INFO - [2022-11-08T14:59:12.875+0000] {dag.py:2585} INFO - Sync 1 DAGs
[2022-11-08T14:59:12.906+0000] {logging_mixin.py:120} INFO - [2022-11-08T14:59:12.906+0000] {dag.py:3340} INFO - Setting next_dagrun for example_skip_dag to 2022-11-07T14:59:12.905783+00:00, run_after=2022-11-08T14:59:12.905783+00:00
[2022-11-08T14:59:12.928+0000] {processor.py:176} INFO - Processing /home/airflow/.local/lib/python3.7/site-packages/airflow/example_dags/example_skip_dag.py took 0.120 seconds
[2022-11-08T14:59:43.038+0000] {processor.py:154} INFO - Started process (PID=11149) to work on /home/airflow/.local/lib/python3.7/site-packages/airflow/example_dags/example_skip_dag.py
[2022-11-08T14:59:43.039+0000] {processor.py:756} INFO - Processing file /home/airflow/.local/lib/python3.7/site-packages/airflow/example_dags/example_skip_dag.py for tasks to queue
[2022-11-08T14:59:43.040+0000] {logging_mixin.py:120} INFO - [2022-11-08T14:59:43.039+0000] {dagbag.py:537} INFO - Filling up the DagBag from /home/airflow/.local/lib/python3.7/site-packages/airflow/example_dags/example_skip_dag.py
[2022-11-08T14:59:43.053+0000] {processor.py:766} INFO - DAG(s) dict_keys(['example_skip_dag']) retrieved from /home/airflow/.local/lib/python3.7/site-packages/airflow/example_dags/example_skip_dag.py
[2022-11-08T14:59:43.095+0000] {logging_mixin.py:120} INFO - [2022-11-08T14:59:43.094+0000] {dag.py:2585} INFO - Sync 1 DAGs
[2022-11-08T14:59:43.120+0000] {logging_mixin.py:120} INFO - [2022-11-08T14:59:43.119+0000] {dag.py:3340} INFO - Setting next_dagrun for example_skip_dag to 2022-11-07T14:59:43.119561+00:00, run_after=2022-11-08T14:59:43.119561+00:00
[2022-11-08T14:59:43.142+0000] {processor.py:176} INFO - Processing /home/airflow/.local/lib/python3.7/site-packages/airflow/example_dags/example_skip_dag.py took 0.107 seconds
[2022-11-08T15:00:13.443+0000] {processor.py:154} INFO - Started process (PID=11356) to work on /home/airflow/.local/lib/python3.7/site-packages/airflow/example_dags/example_skip_dag.py
[2022-11-08T15:00:13.444+0000] {processor.py:756} INFO - Processing file /home/airflow/.local/lib/python3.7/site-packages/airflow/example_dags/example_skip_dag.py for tasks to queue
[2022-11-08T15:00:13.445+0000] {logging_mixin.py:120} INFO - [2022-11-08T15:00:13.445+0000] {dagbag.py:537} INFO - Filling up the DagBag from /home/airflow/.local/lib/python3.7/site-packages/airflow/example_dags/example_skip_dag.py
[2022-11-08T15:00:13.467+0000] {processor.py:766} INFO - DAG(s) dict_keys(['example_skip_dag']) retrieved from /home/airflow/.local/lib/python3.7/site-packages/airflow/example_dags/example_skip_dag.py
[2022-11-08T15:00:13.529+0000] {logging_mixin.py:120} INFO - [2022-11-08T15:00:13.529+0000] {dag.py:2585} INFO - Sync 1 DAGs
[2022-11-08T15:00:13.562+0000] {logging_mixin.py:120} INFO - [2022-11-08T15:00:13.562+0000] {dag.py:3340} INFO - Setting next_dagrun for example_skip_dag to 2022-11-07T15:00:13.562039+00:00, run_after=2022-11-08T15:00:13.562039+00:00
[2022-11-08T15:00:13.587+0000] {processor.py:176} INFO - Processing /home/airflow/.local/lib/python3.7/site-packages/airflow/example_dags/example_skip_dag.py took 0.148 seconds
[2022-11-08T15:00:43.660+0000] {processor.py:154} INFO - Started process (PID=11554) to work on /home/airflow/.local/lib/python3.7/site-packages/airflow/example_dags/example_skip_dag.py
[2022-11-08T15:00:43.661+0000] {processor.py:756} INFO - Processing file /home/airflow/.local/lib/python3.7/site-packages/airflow/example_dags/example_skip_dag.py for tasks to queue
[2022-11-08T15:00:43.662+0000] {logging_mixin.py:120} INFO - [2022-11-08T15:00:43.662+0000] {dagbag.py:537} INFO - Filling up the DagBag from /home/airflow/.local/lib/python3.7/site-packages/airflow/example_dags/example_skip_dag.py
[2022-11-08T15:00:43.677+0000] {processor.py:766} INFO - DAG(s) dict_keys(['example_skip_dag']) retrieved from /home/airflow/.local/lib/python3.7/site-packages/airflow/example_dags/example_skip_dag.py
[2022-11-08T15:00:43.721+0000] {logging_mixin.py:120} INFO - [2022-11-08T15:00:43.720+0000] {dag.py:2585} INFO - Sync 1 DAGs
[2022-11-08T15:00:43.746+0000] {logging_mixin.py:120} INFO - [2022-11-08T15:00:43.746+0000] {dag.py:3340} INFO - Setting next_dagrun for example_skip_dag to 2022-11-07T15:00:43.745760+00:00, run_after=2022-11-08T15:00:43.745760+00:00
[2022-11-08T15:00:43.769+0000] {processor.py:176} INFO - Processing /home/airflow/.local/lib/python3.7/site-packages/airflow/example_dags/example_skip_dag.py took 0.113 seconds
[2022-11-08T15:01:13.841+0000] {processor.py:154} INFO - Started process (PID=11757) to work on /home/airflow/.local/lib/python3.7/site-packages/airflow/example_dags/example_skip_dag.py
[2022-11-08T15:01:13.842+0000] {processor.py:756} INFO - Processing file /home/airflow/.local/lib/python3.7/site-packages/airflow/example_dags/example_skip_dag.py for tasks to queue
[2022-11-08T15:01:13.842+0000] {logging_mixin.py:120} INFO - [2022-11-08T15:01:13.842+0000] {dagbag.py:537} INFO - Filling up the DagBag from /home/airflow/.local/lib/python3.7/site-packages/airflow/example_dags/example_skip_dag.py
[2022-11-08T15:01:13.858+0000] {processor.py:766} INFO - DAG(s) dict_keys(['example_skip_dag']) retrieved from /home/airflow/.local/lib/python3.7/site-packages/airflow/example_dags/example_skip_dag.py
[2022-11-08T15:01:13.904+0000] {logging_mixin.py:120} INFO - [2022-11-08T15:01:13.904+0000] {dag.py:2585} INFO - Sync 1 DAGs
[2022-11-08T15:01:13.935+0000] {logging_mixin.py:120} INFO - [2022-11-08T15:01:13.935+0000] {dag.py:3340} INFO - Setting next_dagrun for example_skip_dag to 2022-11-07T15:01:13.935247+00:00, run_after=2022-11-08T15:01:13.935247+00:00
[2022-11-08T15:01:13.961+0000] {processor.py:176} INFO - Processing /home/airflow/.local/lib/python3.7/site-packages/airflow/example_dags/example_skip_dag.py took 0.124 seconds
