[2022-11-08T14:25:00.445+0000] {processor.py:154} INFO - Started process (PID=58) to work on /home/airflow/.local/lib/python3.7/site-packages/airflow/example_dags/tutorial_dag.py
[2022-11-08T14:25:00.446+0000] {processor.py:756} INFO - Processing file /home/airflow/.local/lib/python3.7/site-packages/airflow/example_dags/tutorial_dag.py for tasks to queue
[2022-11-08T14:25:00.447+0000] {logging_mixin.py:120} INFO - [2022-11-08T14:25:00.447+0000] {dagbag.py:537} INFO - Filling up the DagBag from /home/airflow/.local/lib/python3.7/site-packages/airflow/example_dags/tutorial_dag.py
[2022-11-08T14:25:00.462+0000] {processor.py:766} INFO - DAG(s) dict_keys(['tutorial_dag']) retrieved from /home/airflow/.local/lib/python3.7/site-packages/airflow/example_dags/tutorial_dag.py
[2022-11-08T14:25:00.482+0000] {logging_mixin.py:120} INFO - [2022-11-08T14:25:00.482+0000] {dag.py:2585} INFO - Sync 1 DAGs
[2022-11-08T14:25:00.504+0000] {logging_mixin.py:120} INFO - [2022-11-08T14:25:00.503+0000] {dag.py:3340} INFO - Setting next_dagrun for tutorial_dag to None, run_after=None
[2022-11-08T14:25:00.521+0000] {processor.py:176} INFO - Processing /home/airflow/.local/lib/python3.7/site-packages/airflow/example_dags/tutorial_dag.py took 0.079 seconds
[2022-11-08T14:25:31.221+0000] {processor.py:154} INFO - Started process (PID=121) to work on /home/airflow/.local/lib/python3.7/site-packages/airflow/example_dags/tutorial_dag.py
[2022-11-08T14:25:31.222+0000] {processor.py:756} INFO - Processing file /home/airflow/.local/lib/python3.7/site-packages/airflow/example_dags/tutorial_dag.py for tasks to queue
[2022-11-08T14:25:31.222+0000] {logging_mixin.py:120} INFO - [2022-11-08T14:25:31.222+0000] {dagbag.py:537} INFO - Filling up the DagBag from /home/airflow/.local/lib/python3.7/site-packages/airflow/example_dags/tutorial_dag.py
[2022-11-08T14:25:31.234+0000] {processor.py:766} INFO - DAG(s) dict_keys(['tutorial_dag']) retrieved from /home/airflow/.local/lib/python3.7/site-packages/airflow/example_dags/tutorial_dag.py
[2022-11-08T14:25:31.274+0000] {logging_mixin.py:120} INFO - [2022-11-08T14:25:31.274+0000] {dag.py:2585} INFO - Sync 1 DAGs
[2022-11-08T14:25:31.297+0000] {logging_mixin.py:120} INFO - [2022-11-08T14:25:31.296+0000] {dag.py:3340} INFO - Setting next_dagrun for tutorial_dag to None, run_after=None
[2022-11-08T14:25:31.314+0000] {processor.py:176} INFO - Processing /home/airflow/.local/lib/python3.7/site-packages/airflow/example_dags/tutorial_dag.py took 0.098 seconds
[2022-11-08T14:26:02.003+0000] {processor.py:154} INFO - Started process (PID=185) to work on /home/airflow/.local/lib/python3.7/site-packages/airflow/example_dags/tutorial_dag.py
[2022-11-08T14:26:02.004+0000] {processor.py:756} INFO - Processing file /home/airflow/.local/lib/python3.7/site-packages/airflow/example_dags/tutorial_dag.py for tasks to queue
[2022-11-08T14:26:02.005+0000] {logging_mixin.py:120} INFO - [2022-11-08T14:26:02.005+0000] {dagbag.py:537} INFO - Filling up the DagBag from /home/airflow/.local/lib/python3.7/site-packages/airflow/example_dags/tutorial_dag.py
[2022-11-08T14:26:02.017+0000] {processor.py:766} INFO - DAG(s) dict_keys(['tutorial_dag']) retrieved from /home/airflow/.local/lib/python3.7/site-packages/airflow/example_dags/tutorial_dag.py
[2022-11-08T14:26:02.058+0000] {logging_mixin.py:120} INFO - [2022-11-08T14:26:02.058+0000] {dag.py:2585} INFO - Sync 1 DAGs
[2022-11-08T14:26:02.079+0000] {logging_mixin.py:120} INFO - [2022-11-08T14:26:02.079+0000] {dag.py:3340} INFO - Setting next_dagrun for tutorial_dag to None, run_after=None
[2022-11-08T14:26:02.098+0000] {processor.py:176} INFO - Processing /home/airflow/.local/lib/python3.7/site-packages/airflow/example_dags/tutorial_dag.py took 0.098 seconds
[2022-11-08T14:26:32.613+0000] {processor.py:154} INFO - Started process (PID=248) to work on /home/airflow/.local/lib/python3.7/site-packages/airflow/example_dags/tutorial_dag.py
[2022-11-08T14:26:32.614+0000] {processor.py:756} INFO - Processing file /home/airflow/.local/lib/python3.7/site-packages/airflow/example_dags/tutorial_dag.py for tasks to queue
[2022-11-08T14:26:32.615+0000] {logging_mixin.py:120} INFO - [2022-11-08T14:26:32.615+0000] {dagbag.py:537} INFO - Filling up the DagBag from /home/airflow/.local/lib/python3.7/site-packages/airflow/example_dags/tutorial_dag.py
[2022-11-08T14:26:32.629+0000] {processor.py:766} INFO - DAG(s) dict_keys(['tutorial_dag']) retrieved from /home/airflow/.local/lib/python3.7/site-packages/airflow/example_dags/tutorial_dag.py
[2022-11-08T14:26:32.667+0000] {logging_mixin.py:120} INFO - [2022-11-08T14:26:32.667+0000] {dag.py:2585} INFO - Sync 1 DAGs
[2022-11-08T14:26:32.689+0000] {logging_mixin.py:120} INFO - [2022-11-08T14:26:32.689+0000] {dag.py:3340} INFO - Setting next_dagrun for tutorial_dag to None, run_after=None
[2022-11-08T14:26:32.706+0000] {processor.py:176} INFO - Processing /home/airflow/.local/lib/python3.7/site-packages/airflow/example_dags/tutorial_dag.py took 0.096 seconds
[2022-11-08T14:27:03.351+0000] {processor.py:154} INFO - Started process (PID=302) to work on /home/airflow/.local/lib/python3.7/site-packages/airflow/example_dags/tutorial_dag.py
[2022-11-08T14:27:03.352+0000] {processor.py:756} INFO - Processing file /home/airflow/.local/lib/python3.7/site-packages/airflow/example_dags/tutorial_dag.py for tasks to queue
[2022-11-08T14:27:03.352+0000] {logging_mixin.py:120} INFO - [2022-11-08T14:27:03.352+0000] {dagbag.py:537} INFO - Filling up the DagBag from /home/airflow/.local/lib/python3.7/site-packages/airflow/example_dags/tutorial_dag.py
[2022-11-08T14:27:03.366+0000] {processor.py:766} INFO - DAG(s) dict_keys(['tutorial_dag']) retrieved from /home/airflow/.local/lib/python3.7/site-packages/airflow/example_dags/tutorial_dag.py
[2022-11-08T14:27:03.416+0000] {logging_mixin.py:120} INFO - [2022-11-08T14:27:03.416+0000] {dag.py:2585} INFO - Sync 1 DAGs
[2022-11-08T14:27:03.449+0000] {logging_mixin.py:120} INFO - [2022-11-08T14:27:03.449+0000] {dag.py:3340} INFO - Setting next_dagrun for tutorial_dag to None, run_after=None
[2022-11-08T14:27:03.476+0000] {processor.py:176} INFO - Processing /home/airflow/.local/lib/python3.7/site-packages/airflow/example_dags/tutorial_dag.py took 0.128 seconds
[2022-11-08T14:27:34.362+0000] {processor.py:154} INFO - Started process (PID=365) to work on /home/airflow/.local/lib/python3.7/site-packages/airflow/example_dags/tutorial_dag.py
[2022-11-08T14:27:34.362+0000] {processor.py:756} INFO - Processing file /home/airflow/.local/lib/python3.7/site-packages/airflow/example_dags/tutorial_dag.py for tasks to queue
[2022-11-08T14:27:34.363+0000] {logging_mixin.py:120} INFO - [2022-11-08T14:27:34.363+0000] {dagbag.py:537} INFO - Filling up the DagBag from /home/airflow/.local/lib/python3.7/site-packages/airflow/example_dags/tutorial_dag.py
[2022-11-08T14:27:34.377+0000] {processor.py:766} INFO - DAG(s) dict_keys(['tutorial_dag']) retrieved from /home/airflow/.local/lib/python3.7/site-packages/airflow/example_dags/tutorial_dag.py
[2022-11-08T14:27:34.413+0000] {logging_mixin.py:120} INFO - [2022-11-08T14:27:34.413+0000] {dag.py:2585} INFO - Sync 1 DAGs
[2022-11-08T14:27:34.435+0000] {logging_mixin.py:120} INFO - [2022-11-08T14:27:34.434+0000] {dag.py:3340} INFO - Setting next_dagrun for tutorial_dag to None, run_after=None
[2022-11-08T14:27:34.451+0000] {processor.py:176} INFO - Processing /home/airflow/.local/lib/python3.7/site-packages/airflow/example_dags/tutorial_dag.py took 0.092 seconds
[2022-11-08T14:28:04.894+0000] {processor.py:154} INFO - Started process (PID=429) to work on /home/airflow/.local/lib/python3.7/site-packages/airflow/example_dags/tutorial_dag.py
[2022-11-08T14:28:04.895+0000] {processor.py:756} INFO - Processing file /home/airflow/.local/lib/python3.7/site-packages/airflow/example_dags/tutorial_dag.py for tasks to queue
[2022-11-08T14:28:04.896+0000] {logging_mixin.py:120} INFO - [2022-11-08T14:28:04.896+0000] {dagbag.py:537} INFO - Filling up the DagBag from /home/airflow/.local/lib/python3.7/site-packages/airflow/example_dags/tutorial_dag.py
[2022-11-08T14:28:04.912+0000] {processor.py:766} INFO - DAG(s) dict_keys(['tutorial_dag']) retrieved from /home/airflow/.local/lib/python3.7/site-packages/airflow/example_dags/tutorial_dag.py
[2022-11-08T14:28:04.956+0000] {logging_mixin.py:120} INFO - [2022-11-08T14:28:04.956+0000] {dag.py:2585} INFO - Sync 1 DAGs
[2022-11-08T14:28:04.979+0000] {logging_mixin.py:120} INFO - [2022-11-08T14:28:04.979+0000] {dag.py:3340} INFO - Setting next_dagrun for tutorial_dag to None, run_after=None
[2022-11-08T14:28:05.001+0000] {processor.py:176} INFO - Processing /home/airflow/.local/lib/python3.7/site-packages/airflow/example_dags/tutorial_dag.py took 0.110 seconds
[2022-11-08T14:28:35.826+0000] {processor.py:154} INFO - Started process (PID=492) to work on /home/airflow/.local/lib/python3.7/site-packages/airflow/example_dags/tutorial_dag.py
[2022-11-08T14:28:35.827+0000] {processor.py:756} INFO - Processing file /home/airflow/.local/lib/python3.7/site-packages/airflow/example_dags/tutorial_dag.py for tasks to queue
[2022-11-08T14:28:35.828+0000] {logging_mixin.py:120} INFO - [2022-11-08T14:28:35.828+0000] {dagbag.py:537} INFO - Filling up the DagBag from /home/airflow/.local/lib/python3.7/site-packages/airflow/example_dags/tutorial_dag.py
[2022-11-08T14:28:35.841+0000] {processor.py:766} INFO - DAG(s) dict_keys(['tutorial_dag']) retrieved from /home/airflow/.local/lib/python3.7/site-packages/airflow/example_dags/tutorial_dag.py
[2022-11-08T14:28:35.883+0000] {logging_mixin.py:120} INFO - [2022-11-08T14:28:35.883+0000] {dag.py:2585} INFO - Sync 1 DAGs
[2022-11-08T14:28:35.909+0000] {logging_mixin.py:120} INFO - [2022-11-08T14:28:35.909+0000] {dag.py:3340} INFO - Setting next_dagrun for tutorial_dag to None, run_after=None
[2022-11-08T14:28:35.933+0000] {processor.py:176} INFO - Processing /home/airflow/.local/lib/python3.7/site-packages/airflow/example_dags/tutorial_dag.py took 0.111 seconds
[2022-11-08T14:29:06.423+0000] {processor.py:154} INFO - Started process (PID=555) to work on /home/airflow/.local/lib/python3.7/site-packages/airflow/example_dags/tutorial_dag.py
[2022-11-08T14:29:06.424+0000] {processor.py:756} INFO - Processing file /home/airflow/.local/lib/python3.7/site-packages/airflow/example_dags/tutorial_dag.py for tasks to queue
[2022-11-08T14:29:06.425+0000] {logging_mixin.py:120} INFO - [2022-11-08T14:29:06.424+0000] {dagbag.py:537} INFO - Filling up the DagBag from /home/airflow/.local/lib/python3.7/site-packages/airflow/example_dags/tutorial_dag.py
[2022-11-08T14:29:06.436+0000] {processor.py:766} INFO - DAG(s) dict_keys(['tutorial_dag']) retrieved from /home/airflow/.local/lib/python3.7/site-packages/airflow/example_dags/tutorial_dag.py
[2022-11-08T14:29:06.472+0000] {logging_mixin.py:120} INFO - [2022-11-08T14:29:06.472+0000] {dag.py:2585} INFO - Sync 1 DAGs
[2022-11-08T14:29:06.493+0000] {logging_mixin.py:120} INFO - [2022-11-08T14:29:06.492+0000] {dag.py:3340} INFO - Setting next_dagrun for tutorial_dag to None, run_after=None
[2022-11-08T14:29:06.512+0000] {processor.py:176} INFO - Processing /home/airflow/.local/lib/python3.7/site-packages/airflow/example_dags/tutorial_dag.py took 0.092 seconds
[2022-11-08T14:29:36.975+0000] {processor.py:154} INFO - Started process (PID=609) to work on /home/airflow/.local/lib/python3.7/site-packages/airflow/example_dags/tutorial_dag.py
[2022-11-08T14:29:36.976+0000] {processor.py:756} INFO - Processing file /home/airflow/.local/lib/python3.7/site-packages/airflow/example_dags/tutorial_dag.py for tasks to queue
[2022-11-08T14:29:36.977+0000] {logging_mixin.py:120} INFO - [2022-11-08T14:29:36.977+0000] {dagbag.py:537} INFO - Filling up the DagBag from /home/airflow/.local/lib/python3.7/site-packages/airflow/example_dags/tutorial_dag.py
[2022-11-08T14:29:36.988+0000] {processor.py:766} INFO - DAG(s) dict_keys(['tutorial_dag']) retrieved from /home/airflow/.local/lib/python3.7/site-packages/airflow/example_dags/tutorial_dag.py
[2022-11-08T14:29:37.021+0000] {logging_mixin.py:120} INFO - [2022-11-08T14:29:37.021+0000] {dag.py:2585} INFO - Sync 1 DAGs
[2022-11-08T14:29:37.042+0000] {logging_mixin.py:120} INFO - [2022-11-08T14:29:37.042+0000] {dag.py:3340} INFO - Setting next_dagrun for tutorial_dag to None, run_after=None
[2022-11-08T14:29:37.059+0000] {processor.py:176} INFO - Processing /home/airflow/.local/lib/python3.7/site-packages/airflow/example_dags/tutorial_dag.py took 0.088 seconds
[2022-11-08T14:30:07.468+0000] {processor.py:154} INFO - Started process (PID=672) to work on /home/airflow/.local/lib/python3.7/site-packages/airflow/example_dags/tutorial_dag.py
[2022-11-08T14:30:07.469+0000] {processor.py:756} INFO - Processing file /home/airflow/.local/lib/python3.7/site-packages/airflow/example_dags/tutorial_dag.py for tasks to queue
[2022-11-08T14:30:07.469+0000] {logging_mixin.py:120} INFO - [2022-11-08T14:30:07.469+0000] {dagbag.py:537} INFO - Filling up the DagBag from /home/airflow/.local/lib/python3.7/site-packages/airflow/example_dags/tutorial_dag.py
[2022-11-08T14:30:07.482+0000] {processor.py:766} INFO - DAG(s) dict_keys(['tutorial_dag']) retrieved from /home/airflow/.local/lib/python3.7/site-packages/airflow/example_dags/tutorial_dag.py
[2022-11-08T14:30:07.520+0000] {logging_mixin.py:120} INFO - [2022-11-08T14:30:07.520+0000] {dag.py:2585} INFO - Sync 1 DAGs
[2022-11-08T14:30:07.541+0000] {logging_mixin.py:120} INFO - [2022-11-08T14:30:07.540+0000] {dag.py:3340} INFO - Setting next_dagrun for tutorial_dag to None, run_after=None
[2022-11-08T14:30:07.558+0000] {processor.py:176} INFO - Processing /home/airflow/.local/lib/python3.7/site-packages/airflow/example_dags/tutorial_dag.py took 0.093 seconds
[2022-11-08T14:30:37.893+0000] {processor.py:154} INFO - Started process (PID=736) to work on /home/airflow/.local/lib/python3.7/site-packages/airflow/example_dags/tutorial_dag.py
[2022-11-08T14:30:37.894+0000] {processor.py:756} INFO - Processing file /home/airflow/.local/lib/python3.7/site-packages/airflow/example_dags/tutorial_dag.py for tasks to queue
[2022-11-08T14:30:37.894+0000] {logging_mixin.py:120} INFO - [2022-11-08T14:30:37.894+0000] {dagbag.py:537} INFO - Filling up the DagBag from /home/airflow/.local/lib/python3.7/site-packages/airflow/example_dags/tutorial_dag.py
[2022-11-08T14:30:37.906+0000] {processor.py:766} INFO - DAG(s) dict_keys(['tutorial_dag']) retrieved from /home/airflow/.local/lib/python3.7/site-packages/airflow/example_dags/tutorial_dag.py
[2022-11-08T14:30:37.943+0000] {logging_mixin.py:120} INFO - [2022-11-08T14:30:37.943+0000] {dag.py:2585} INFO - Sync 1 DAGs
[2022-11-08T14:30:37.964+0000] {logging_mixin.py:120} INFO - [2022-11-08T14:30:37.964+0000] {dag.py:3340} INFO - Setting next_dagrun for tutorial_dag to None, run_after=None
[2022-11-08T14:30:37.985+0000] {processor.py:176} INFO - Processing /home/airflow/.local/lib/python3.7/site-packages/airflow/example_dags/tutorial_dag.py took 0.096 seconds
[2022-11-08T14:31:08.970+0000] {processor.py:154} INFO - Started process (PID=799) to work on /home/airflow/.local/lib/python3.7/site-packages/airflow/example_dags/tutorial_dag.py
[2022-11-08T14:31:08.971+0000] {processor.py:756} INFO - Processing file /home/airflow/.local/lib/python3.7/site-packages/airflow/example_dags/tutorial_dag.py for tasks to queue
[2022-11-08T14:31:08.971+0000] {logging_mixin.py:120} INFO - [2022-11-08T14:31:08.971+0000] {dagbag.py:537} INFO - Filling up the DagBag from /home/airflow/.local/lib/python3.7/site-packages/airflow/example_dags/tutorial_dag.py
[2022-11-08T14:31:08.983+0000] {processor.py:766} INFO - DAG(s) dict_keys(['tutorial_dag']) retrieved from /home/airflow/.local/lib/python3.7/site-packages/airflow/example_dags/tutorial_dag.py
[2022-11-08T14:31:09.021+0000] {logging_mixin.py:120} INFO - [2022-11-08T14:31:09.020+0000] {dag.py:2585} INFO - Sync 1 DAGs
[2022-11-08T14:31:09.043+0000] {logging_mixin.py:120} INFO - [2022-11-08T14:31:09.043+0000] {dag.py:3340} INFO - Setting next_dagrun for tutorial_dag to None, run_after=None
[2022-11-08T14:31:09.063+0000] {processor.py:176} INFO - Processing /home/airflow/.local/lib/python3.7/site-packages/airflow/example_dags/tutorial_dag.py took 0.097 seconds
[2022-11-08T14:31:39.200+0000] {processor.py:154} INFO - Started process (PID=852) to work on /home/airflow/.local/lib/python3.7/site-packages/airflow/example_dags/tutorial_dag.py
[2022-11-08T14:31:39.201+0000] {processor.py:756} INFO - Processing file /home/airflow/.local/lib/python3.7/site-packages/airflow/example_dags/tutorial_dag.py for tasks to queue
[2022-11-08T14:31:39.201+0000] {logging_mixin.py:120} INFO - [2022-11-08T14:31:39.201+0000] {dagbag.py:537} INFO - Filling up the DagBag from /home/airflow/.local/lib/python3.7/site-packages/airflow/example_dags/tutorial_dag.py
[2022-11-08T14:31:39.213+0000] {processor.py:766} INFO - DAG(s) dict_keys(['tutorial_dag']) retrieved from /home/airflow/.local/lib/python3.7/site-packages/airflow/example_dags/tutorial_dag.py
[2022-11-08T14:31:39.237+0000] {logging_mixin.py:120} INFO - [2022-11-08T14:31:39.237+0000] {dag.py:2585} INFO - Sync 1 DAGs
[2022-11-08T14:31:39.262+0000] {logging_mixin.py:120} INFO - [2022-11-08T14:31:39.262+0000] {dag.py:3340} INFO - Setting next_dagrun for tutorial_dag to None, run_after=None
[2022-11-08T14:31:39.280+0000] {processor.py:176} INFO - Processing /home/airflow/.local/lib/python3.7/site-packages/airflow/example_dags/tutorial_dag.py took 0.083 seconds
[2022-11-08T14:32:09.684+0000] {processor.py:154} INFO - Started process (PID=915) to work on /home/airflow/.local/lib/python3.7/site-packages/airflow/example_dags/tutorial_dag.py
[2022-11-08T14:32:09.685+0000] {processor.py:756} INFO - Processing file /home/airflow/.local/lib/python3.7/site-packages/airflow/example_dags/tutorial_dag.py for tasks to queue
[2022-11-08T14:32:09.686+0000] {logging_mixin.py:120} INFO - [2022-11-08T14:32:09.685+0000] {dagbag.py:537} INFO - Filling up the DagBag from /home/airflow/.local/lib/python3.7/site-packages/airflow/example_dags/tutorial_dag.py
[2022-11-08T14:32:09.697+0000] {processor.py:766} INFO - DAG(s) dict_keys(['tutorial_dag']) retrieved from /home/airflow/.local/lib/python3.7/site-packages/airflow/example_dags/tutorial_dag.py
[2022-11-08T14:32:09.730+0000] {logging_mixin.py:120} INFO - [2022-11-08T14:32:09.730+0000] {dag.py:2585} INFO - Sync 1 DAGs
[2022-11-08T14:32:09.750+0000] {logging_mixin.py:120} INFO - [2022-11-08T14:32:09.750+0000] {dag.py:3340} INFO - Setting next_dagrun for tutorial_dag to None, run_after=None
[2022-11-08T14:32:09.765+0000] {processor.py:176} INFO - Processing /home/airflow/.local/lib/python3.7/site-packages/airflow/example_dags/tutorial_dag.py took 0.084 seconds
[2022-11-08T14:32:39.913+0000] {processor.py:154} INFO - Started process (PID=277) to work on /home/airflow/.local/lib/python3.7/site-packages/airflow/example_dags/tutorial_dag.py
[2022-11-08T14:32:39.914+0000] {processor.py:756} INFO - Processing file /home/airflow/.local/lib/python3.7/site-packages/airflow/example_dags/tutorial_dag.py for tasks to queue
[2022-11-08T14:32:39.914+0000] {logging_mixin.py:120} INFO - [2022-11-08T14:32:39.914+0000] {dagbag.py:537} INFO - Filling up the DagBag from /home/airflow/.local/lib/python3.7/site-packages/airflow/example_dags/tutorial_dag.py
[2022-11-08T14:32:39.931+0000] {processor.py:766} INFO - DAG(s) dict_keys(['tutorial_dag']) retrieved from /home/airflow/.local/lib/python3.7/site-packages/airflow/example_dags/tutorial_dag.py
[2022-11-08T14:32:39.953+0000] {logging_mixin.py:120} INFO - [2022-11-08T14:32:39.953+0000] {dag.py:2585} INFO - Sync 1 DAGs
[2022-11-08T14:32:39.975+0000] {logging_mixin.py:120} INFO - [2022-11-08T14:32:39.975+0000] {dag.py:3340} INFO - Setting next_dagrun for tutorial_dag to None, run_after=None
[2022-11-08T14:32:39.994+0000] {processor.py:176} INFO - Processing /home/airflow/.local/lib/python3.7/site-packages/airflow/example_dags/tutorial_dag.py took 0.085 seconds
[2022-11-08T14:33:11.620+0000] {processor.py:154} INFO - Started process (PID=483) to work on /home/airflow/.local/lib/python3.7/site-packages/airflow/example_dags/tutorial_dag.py
[2022-11-08T14:33:11.621+0000] {processor.py:756} INFO - Processing file /home/airflow/.local/lib/python3.7/site-packages/airflow/example_dags/tutorial_dag.py for tasks to queue
[2022-11-08T14:33:11.621+0000] {logging_mixin.py:120} INFO - [2022-11-08T14:33:11.621+0000] {dagbag.py:537} INFO - Filling up the DagBag from /home/airflow/.local/lib/python3.7/site-packages/airflow/example_dags/tutorial_dag.py
[2022-11-08T14:33:11.632+0000] {processor.py:766} INFO - DAG(s) dict_keys(['tutorial_dag']) retrieved from /home/airflow/.local/lib/python3.7/site-packages/airflow/example_dags/tutorial_dag.py
[2022-11-08T14:33:11.666+0000] {logging_mixin.py:120} INFO - [2022-11-08T14:33:11.666+0000] {dag.py:2585} INFO - Sync 1 DAGs
[2022-11-08T14:33:11.686+0000] {logging_mixin.py:120} INFO - [2022-11-08T14:33:11.686+0000] {dag.py:3340} INFO - Setting next_dagrun for tutorial_dag to None, run_after=None
[2022-11-08T14:33:11.702+0000] {processor.py:176} INFO - Processing /home/airflow/.local/lib/python3.7/site-packages/airflow/example_dags/tutorial_dag.py took 0.086 seconds
[2022-11-08T14:33:42.259+0000] {processor.py:154} INFO - Started process (PID=692) to work on /home/airflow/.local/lib/python3.7/site-packages/airflow/example_dags/tutorial_dag.py
[2022-11-08T14:33:42.260+0000] {processor.py:756} INFO - Processing file /home/airflow/.local/lib/python3.7/site-packages/airflow/example_dags/tutorial_dag.py for tasks to queue
[2022-11-08T14:33:42.261+0000] {logging_mixin.py:120} INFO - [2022-11-08T14:33:42.261+0000] {dagbag.py:537} INFO - Filling up the DagBag from /home/airflow/.local/lib/python3.7/site-packages/airflow/example_dags/tutorial_dag.py
[2022-11-08T14:33:42.274+0000] {processor.py:766} INFO - DAG(s) dict_keys(['tutorial_dag']) retrieved from /home/airflow/.local/lib/python3.7/site-packages/airflow/example_dags/tutorial_dag.py
[2022-11-08T14:33:42.297+0000] {logging_mixin.py:120} INFO - [2022-11-08T14:33:42.297+0000] {dag.py:2585} INFO - Sync 1 DAGs
[2022-11-08T14:33:42.326+0000] {logging_mixin.py:120} INFO - [2022-11-08T14:33:42.326+0000] {dag.py:3340} INFO - Setting next_dagrun for tutorial_dag to None, run_after=None
[2022-11-08T14:33:42.344+0000] {processor.py:176} INFO - Processing /home/airflow/.local/lib/python3.7/site-packages/airflow/example_dags/tutorial_dag.py took 0.088 seconds
[2022-11-08T14:34:13.233+0000] {processor.py:154} INFO - Started process (PID=898) to work on /home/airflow/.local/lib/python3.7/site-packages/airflow/example_dags/tutorial_dag.py
[2022-11-08T14:34:13.234+0000] {processor.py:756} INFO - Processing file /home/airflow/.local/lib/python3.7/site-packages/airflow/example_dags/tutorial_dag.py for tasks to queue
[2022-11-08T14:34:13.235+0000] {logging_mixin.py:120} INFO - [2022-11-08T14:34:13.234+0000] {dagbag.py:537} INFO - Filling up the DagBag from /home/airflow/.local/lib/python3.7/site-packages/airflow/example_dags/tutorial_dag.py
[2022-11-08T14:34:13.248+0000] {processor.py:766} INFO - DAG(s) dict_keys(['tutorial_dag']) retrieved from /home/airflow/.local/lib/python3.7/site-packages/airflow/example_dags/tutorial_dag.py
[2022-11-08T14:34:13.285+0000] {logging_mixin.py:120} INFO - [2022-11-08T14:34:13.285+0000] {dag.py:2585} INFO - Sync 1 DAGs
[2022-11-08T14:34:13.308+0000] {logging_mixin.py:120} INFO - [2022-11-08T14:34:13.308+0000] {dag.py:3340} INFO - Setting next_dagrun for tutorial_dag to None, run_after=None
[2022-11-08T14:34:13.329+0000] {processor.py:176} INFO - Processing /home/airflow/.local/lib/python3.7/site-packages/airflow/example_dags/tutorial_dag.py took 0.100 seconds
[2022-11-08T14:34:44.249+0000] {processor.py:154} INFO - Started process (PID=1103) to work on /home/airflow/.local/lib/python3.7/site-packages/airflow/example_dags/tutorial_dag.py
[2022-11-08T14:34:44.250+0000] {processor.py:756} INFO - Processing file /home/airflow/.local/lib/python3.7/site-packages/airflow/example_dags/tutorial_dag.py for tasks to queue
[2022-11-08T14:34:44.250+0000] {logging_mixin.py:120} INFO - [2022-11-08T14:34:44.250+0000] {dagbag.py:537} INFO - Filling up the DagBag from /home/airflow/.local/lib/python3.7/site-packages/airflow/example_dags/tutorial_dag.py
[2022-11-08T14:34:44.264+0000] {processor.py:766} INFO - DAG(s) dict_keys(['tutorial_dag']) retrieved from /home/airflow/.local/lib/python3.7/site-packages/airflow/example_dags/tutorial_dag.py
[2022-11-08T14:34:44.303+0000] {logging_mixin.py:120} INFO - [2022-11-08T14:34:44.303+0000] {dag.py:2585} INFO - Sync 1 DAGs
[2022-11-08T14:34:44.327+0000] {logging_mixin.py:120} INFO - [2022-11-08T14:34:44.327+0000] {dag.py:3340} INFO - Setting next_dagrun for tutorial_dag to None, run_after=None
[2022-11-08T14:34:44.346+0000] {processor.py:176} INFO - Processing /home/airflow/.local/lib/python3.7/site-packages/airflow/example_dags/tutorial_dag.py took 0.101 seconds
[2022-11-08T14:35:15.179+0000] {processor.py:154} INFO - Started process (PID=1303) to work on /home/airflow/.local/lib/python3.7/site-packages/airflow/example_dags/tutorial_dag.py
[2022-11-08T14:35:15.180+0000] {processor.py:756} INFO - Processing file /home/airflow/.local/lib/python3.7/site-packages/airflow/example_dags/tutorial_dag.py for tasks to queue
[2022-11-08T14:35:15.181+0000] {logging_mixin.py:120} INFO - [2022-11-08T14:35:15.181+0000] {dagbag.py:537} INFO - Filling up the DagBag from /home/airflow/.local/lib/python3.7/site-packages/airflow/example_dags/tutorial_dag.py
[2022-11-08T14:35:15.194+0000] {processor.py:766} INFO - DAG(s) dict_keys(['tutorial_dag']) retrieved from /home/airflow/.local/lib/python3.7/site-packages/airflow/example_dags/tutorial_dag.py
[2022-11-08T14:35:15.233+0000] {logging_mixin.py:120} INFO - [2022-11-08T14:35:15.233+0000] {dag.py:2585} INFO - Sync 1 DAGs
[2022-11-08T14:35:15.259+0000] {logging_mixin.py:120} INFO - [2022-11-08T14:35:15.258+0000] {dag.py:3340} INFO - Setting next_dagrun for tutorial_dag to None, run_after=None
[2022-11-08T14:35:15.278+0000] {processor.py:176} INFO - Processing /home/airflow/.local/lib/python3.7/site-packages/airflow/example_dags/tutorial_dag.py took 0.102 seconds
[2022-11-08T14:35:45.739+0000] {processor.py:154} INFO - Started process (PID=1510) to work on /home/airflow/.local/lib/python3.7/site-packages/airflow/example_dags/tutorial_dag.py
[2022-11-08T14:35:45.740+0000] {processor.py:756} INFO - Processing file /home/airflow/.local/lib/python3.7/site-packages/airflow/example_dags/tutorial_dag.py for tasks to queue
[2022-11-08T14:35:45.740+0000] {logging_mixin.py:120} INFO - [2022-11-08T14:35:45.740+0000] {dagbag.py:537} INFO - Filling up the DagBag from /home/airflow/.local/lib/python3.7/site-packages/airflow/example_dags/tutorial_dag.py
[2022-11-08T14:35:45.754+0000] {processor.py:766} INFO - DAG(s) dict_keys(['tutorial_dag']) retrieved from /home/airflow/.local/lib/python3.7/site-packages/airflow/example_dags/tutorial_dag.py
[2022-11-08T14:35:45.798+0000] {logging_mixin.py:120} INFO - [2022-11-08T14:35:45.798+0000] {dag.py:2585} INFO - Sync 1 DAGs
[2022-11-08T14:35:45.822+0000] {logging_mixin.py:120} INFO - [2022-11-08T14:35:45.822+0000] {dag.py:3340} INFO - Setting next_dagrun for tutorial_dag to None, run_after=None
[2022-11-08T14:35:45.842+0000] {processor.py:176} INFO - Processing /home/airflow/.local/lib/python3.7/site-packages/airflow/example_dags/tutorial_dag.py took 0.107 seconds
[2022-11-08T14:36:16.531+0000] {processor.py:154} INFO - Started process (PID=1717) to work on /home/airflow/.local/lib/python3.7/site-packages/airflow/example_dags/tutorial_dag.py
[2022-11-08T14:36:16.532+0000] {processor.py:756} INFO - Processing file /home/airflow/.local/lib/python3.7/site-packages/airflow/example_dags/tutorial_dag.py for tasks to queue
[2022-11-08T14:36:16.533+0000] {logging_mixin.py:120} INFO - [2022-11-08T14:36:16.533+0000] {dagbag.py:537} INFO - Filling up the DagBag from /home/airflow/.local/lib/python3.7/site-packages/airflow/example_dags/tutorial_dag.py
[2022-11-08T14:36:16.546+0000] {processor.py:766} INFO - DAG(s) dict_keys(['tutorial_dag']) retrieved from /home/airflow/.local/lib/python3.7/site-packages/airflow/example_dags/tutorial_dag.py
[2022-11-08T14:36:16.582+0000] {logging_mixin.py:120} INFO - [2022-11-08T14:36:16.582+0000] {dag.py:2585} INFO - Sync 1 DAGs
[2022-11-08T14:36:16.612+0000] {logging_mixin.py:120} INFO - [2022-11-08T14:36:16.612+0000] {dag.py:3340} INFO - Setting next_dagrun for tutorial_dag to None, run_after=None
[2022-11-08T14:36:16.635+0000] {processor.py:176} INFO - Processing /home/airflow/.local/lib/python3.7/site-packages/airflow/example_dags/tutorial_dag.py took 0.107 seconds
[2022-11-08T14:36:47.179+0000] {processor.py:154} INFO - Started process (PID=1924) to work on /home/airflow/.local/lib/python3.7/site-packages/airflow/example_dags/tutorial_dag.py
[2022-11-08T14:36:47.180+0000] {processor.py:756} INFO - Processing file /home/airflow/.local/lib/python3.7/site-packages/airflow/example_dags/tutorial_dag.py for tasks to queue
[2022-11-08T14:36:47.180+0000] {logging_mixin.py:120} INFO - [2022-11-08T14:36:47.180+0000] {dagbag.py:537} INFO - Filling up the DagBag from /home/airflow/.local/lib/python3.7/site-packages/airflow/example_dags/tutorial_dag.py
[2022-11-08T14:36:47.193+0000] {processor.py:766} INFO - DAG(s) dict_keys(['tutorial_dag']) retrieved from /home/airflow/.local/lib/python3.7/site-packages/airflow/example_dags/tutorial_dag.py
[2022-11-08T14:36:47.231+0000] {logging_mixin.py:120} INFO - [2022-11-08T14:36:47.231+0000] {dag.py:2585} INFO - Sync 1 DAGs
[2022-11-08T14:36:47.255+0000] {logging_mixin.py:120} INFO - [2022-11-08T14:36:47.255+0000] {dag.py:3340} INFO - Setting next_dagrun for tutorial_dag to None, run_after=None
[2022-11-08T14:36:47.274+0000] {processor.py:176} INFO - Processing /home/airflow/.local/lib/python3.7/site-packages/airflow/example_dags/tutorial_dag.py took 0.099 seconds
[2022-11-08T14:37:18.111+0000] {processor.py:154} INFO - Started process (PID=2122) to work on /home/airflow/.local/lib/python3.7/site-packages/airflow/example_dags/tutorial_dag.py
[2022-11-08T14:37:18.112+0000] {processor.py:756} INFO - Processing file /home/airflow/.local/lib/python3.7/site-packages/airflow/example_dags/tutorial_dag.py for tasks to queue
[2022-11-08T14:37:18.113+0000] {logging_mixin.py:120} INFO - [2022-11-08T14:37:18.113+0000] {dagbag.py:537} INFO - Filling up the DagBag from /home/airflow/.local/lib/python3.7/site-packages/airflow/example_dags/tutorial_dag.py
[2022-11-08T14:37:18.126+0000] {processor.py:766} INFO - DAG(s) dict_keys(['tutorial_dag']) retrieved from /home/airflow/.local/lib/python3.7/site-packages/airflow/example_dags/tutorial_dag.py
[2022-11-08T14:37:18.165+0000] {logging_mixin.py:120} INFO - [2022-11-08T14:37:18.165+0000] {dag.py:2585} INFO - Sync 1 DAGs
[2022-11-08T14:37:18.188+0000] {logging_mixin.py:120} INFO - [2022-11-08T14:37:18.187+0000] {dag.py:3340} INFO - Setting next_dagrun for tutorial_dag to None, run_after=None
[2022-11-08T14:37:18.204+0000] {processor.py:176} INFO - Processing /home/airflow/.local/lib/python3.7/site-packages/airflow/example_dags/tutorial_dag.py took 0.095 seconds
[2022-11-08T14:37:48.690+0000] {processor.py:154} INFO - Started process (PID=2329) to work on /home/airflow/.local/lib/python3.7/site-packages/airflow/example_dags/tutorial_dag.py
[2022-11-08T14:37:48.691+0000] {processor.py:756} INFO - Processing file /home/airflow/.local/lib/python3.7/site-packages/airflow/example_dags/tutorial_dag.py for tasks to queue
[2022-11-08T14:37:48.692+0000] {logging_mixin.py:120} INFO - [2022-11-08T14:37:48.692+0000] {dagbag.py:537} INFO - Filling up the DagBag from /home/airflow/.local/lib/python3.7/site-packages/airflow/example_dags/tutorial_dag.py
[2022-11-08T14:37:48.708+0000] {processor.py:766} INFO - DAG(s) dict_keys(['tutorial_dag']) retrieved from /home/airflow/.local/lib/python3.7/site-packages/airflow/example_dags/tutorial_dag.py
[2022-11-08T14:37:48.735+0000] {logging_mixin.py:120} INFO - [2022-11-08T14:37:48.735+0000] {dag.py:2585} INFO - Sync 1 DAGs
[2022-11-08T14:37:48.778+0000] {logging_mixin.py:120} INFO - [2022-11-08T14:37:48.778+0000] {dag.py:3340} INFO - Setting next_dagrun for tutorial_dag to None, run_after=None
[2022-11-08T14:37:48.795+0000] {processor.py:176} INFO - Processing /home/airflow/.local/lib/python3.7/site-packages/airflow/example_dags/tutorial_dag.py took 0.093 seconds
[2022-11-08T14:38:19.440+0000] {processor.py:154} INFO - Started process (PID=2535) to work on /home/airflow/.local/lib/python3.7/site-packages/airflow/example_dags/tutorial_dag.py
[2022-11-08T14:38:19.441+0000] {processor.py:756} INFO - Processing file /home/airflow/.local/lib/python3.7/site-packages/airflow/example_dags/tutorial_dag.py for tasks to queue
[2022-11-08T14:38:19.442+0000] {logging_mixin.py:120} INFO - [2022-11-08T14:38:19.442+0000] {dagbag.py:537} INFO - Filling up the DagBag from /home/airflow/.local/lib/python3.7/site-packages/airflow/example_dags/tutorial_dag.py
[2022-11-08T14:38:19.455+0000] {processor.py:766} INFO - DAG(s) dict_keys(['tutorial_dag']) retrieved from /home/airflow/.local/lib/python3.7/site-packages/airflow/example_dags/tutorial_dag.py
[2022-11-08T14:38:19.481+0000] {logging_mixin.py:120} INFO - [2022-11-08T14:38:19.481+0000] {dag.py:2585} INFO - Sync 1 DAGs
[2022-11-08T14:38:19.507+0000] {logging_mixin.py:120} INFO - [2022-11-08T14:38:19.506+0000] {dag.py:3340} INFO - Setting next_dagrun for tutorial_dag to None, run_after=None
[2022-11-08T14:38:19.523+0000] {processor.py:176} INFO - Processing /home/airflow/.local/lib/python3.7/site-packages/airflow/example_dags/tutorial_dag.py took 0.088 seconds
[2022-11-08T14:38:49.876+0000] {processor.py:154} INFO - Started process (PID=2742) to work on /home/airflow/.local/lib/python3.7/site-packages/airflow/example_dags/tutorial_dag.py
[2022-11-08T14:38:49.877+0000] {processor.py:756} INFO - Processing file /home/airflow/.local/lib/python3.7/site-packages/airflow/example_dags/tutorial_dag.py for tasks to queue
[2022-11-08T14:38:49.877+0000] {logging_mixin.py:120} INFO - [2022-11-08T14:38:49.877+0000] {dagbag.py:537} INFO - Filling up the DagBag from /home/airflow/.local/lib/python3.7/site-packages/airflow/example_dags/tutorial_dag.py
[2022-11-08T14:38:49.890+0000] {processor.py:766} INFO - DAG(s) dict_keys(['tutorial_dag']) retrieved from /home/airflow/.local/lib/python3.7/site-packages/airflow/example_dags/tutorial_dag.py
[2022-11-08T14:38:49.928+0000] {logging_mixin.py:120} INFO - [2022-11-08T14:38:49.927+0000] {dag.py:2585} INFO - Sync 1 DAGs
[2022-11-08T14:38:49.950+0000] {logging_mixin.py:120} INFO - [2022-11-08T14:38:49.950+0000] {dag.py:3340} INFO - Setting next_dagrun for tutorial_dag to None, run_after=None
[2022-11-08T14:38:49.968+0000] {processor.py:176} INFO - Processing /home/airflow/.local/lib/python3.7/site-packages/airflow/example_dags/tutorial_dag.py took 0.095 seconds
[2022-11-08T14:39:20.636+0000] {processor.py:154} INFO - Started process (PID=2949) to work on /home/airflow/.local/lib/python3.7/site-packages/airflow/example_dags/tutorial_dag.py
[2022-11-08T14:39:20.637+0000] {processor.py:756} INFO - Processing file /home/airflow/.local/lib/python3.7/site-packages/airflow/example_dags/tutorial_dag.py for tasks to queue
[2022-11-08T14:39:20.638+0000] {logging_mixin.py:120} INFO - [2022-11-08T14:39:20.638+0000] {dagbag.py:537} INFO - Filling up the DagBag from /home/airflow/.local/lib/python3.7/site-packages/airflow/example_dags/tutorial_dag.py
[2022-11-08T14:39:20.651+0000] {processor.py:766} INFO - DAG(s) dict_keys(['tutorial_dag']) retrieved from /home/airflow/.local/lib/python3.7/site-packages/airflow/example_dags/tutorial_dag.py
[2022-11-08T14:39:20.697+0000] {logging_mixin.py:120} INFO - [2022-11-08T14:39:20.697+0000] {dag.py:2585} INFO - Sync 1 DAGs
[2022-11-08T14:39:20.722+0000] {logging_mixin.py:120} INFO - [2022-11-08T14:39:20.722+0000] {dag.py:3340} INFO - Setting next_dagrun for tutorial_dag to None, run_after=None
[2022-11-08T14:39:20.742+0000] {processor.py:176} INFO - Processing /home/airflow/.local/lib/python3.7/site-packages/airflow/example_dags/tutorial_dag.py took 0.110 seconds
[2022-11-08T14:39:51.545+0000] {processor.py:154} INFO - Started process (PID=3147) to work on /home/airflow/.local/lib/python3.7/site-packages/airflow/example_dags/tutorial_dag.py
[2022-11-08T14:39:51.546+0000] {processor.py:756} INFO - Processing file /home/airflow/.local/lib/python3.7/site-packages/airflow/example_dags/tutorial_dag.py for tasks to queue
[2022-11-08T14:39:51.547+0000] {logging_mixin.py:120} INFO - [2022-11-08T14:39:51.547+0000] {dagbag.py:537} INFO - Filling up the DagBag from /home/airflow/.local/lib/python3.7/site-packages/airflow/example_dags/tutorial_dag.py
[2022-11-08T14:39:51.563+0000] {processor.py:766} INFO - DAG(s) dict_keys(['tutorial_dag']) retrieved from /home/airflow/.local/lib/python3.7/site-packages/airflow/example_dags/tutorial_dag.py
[2022-11-08T14:39:51.621+0000] {logging_mixin.py:120} INFO - [2022-11-08T14:39:51.620+0000] {dag.py:2585} INFO - Sync 1 DAGs
[2022-11-08T14:39:51.657+0000] {logging_mixin.py:120} INFO - [2022-11-08T14:39:51.656+0000] {dag.py:3340} INFO - Setting next_dagrun for tutorial_dag to None, run_after=None
[2022-11-08T14:39:51.687+0000] {processor.py:176} INFO - Processing /home/airflow/.local/lib/python3.7/site-packages/airflow/example_dags/tutorial_dag.py took 0.146 seconds
[2022-11-08T14:40:22.849+0000] {processor.py:154} INFO - Started process (PID=3354) to work on /home/airflow/.local/lib/python3.7/site-packages/airflow/example_dags/tutorial_dag.py
[2022-11-08T14:40:22.851+0000] {processor.py:756} INFO - Processing file /home/airflow/.local/lib/python3.7/site-packages/airflow/example_dags/tutorial_dag.py for tasks to queue
[2022-11-08T14:40:22.852+0000] {logging_mixin.py:120} INFO - [2022-11-08T14:40:22.851+0000] {dagbag.py:537} INFO - Filling up the DagBag from /home/airflow/.local/lib/python3.7/site-packages/airflow/example_dags/tutorial_dag.py
[2022-11-08T14:40:22.868+0000] {processor.py:766} INFO - DAG(s) dict_keys(['tutorial_dag']) retrieved from /home/airflow/.local/lib/python3.7/site-packages/airflow/example_dags/tutorial_dag.py
[2022-11-08T14:40:22.910+0000] {logging_mixin.py:120} INFO - [2022-11-08T14:40:22.910+0000] {dag.py:2585} INFO - Sync 1 DAGs
[2022-11-08T14:40:22.937+0000] {logging_mixin.py:120} INFO - [2022-11-08T14:40:22.937+0000] {dag.py:3340} INFO - Setting next_dagrun for tutorial_dag to None, run_after=None
[2022-11-08T14:40:22.968+0000] {processor.py:176} INFO - Processing /home/airflow/.local/lib/python3.7/site-packages/airflow/example_dags/tutorial_dag.py took 0.123 seconds
[2022-11-08T14:40:53.116+0000] {processor.py:154} INFO - Started process (PID=3561) to work on /home/airflow/.local/lib/python3.7/site-packages/airflow/example_dags/tutorial_dag.py
[2022-11-08T14:40:53.117+0000] {processor.py:756} INFO - Processing file /home/airflow/.local/lib/python3.7/site-packages/airflow/example_dags/tutorial_dag.py for tasks to queue
[2022-11-08T14:40:53.118+0000] {logging_mixin.py:120} INFO - [2022-11-08T14:40:53.118+0000] {dagbag.py:537} INFO - Filling up the DagBag from /home/airflow/.local/lib/python3.7/site-packages/airflow/example_dags/tutorial_dag.py
[2022-11-08T14:40:53.133+0000] {processor.py:766} INFO - DAG(s) dict_keys(['tutorial_dag']) retrieved from /home/airflow/.local/lib/python3.7/site-packages/airflow/example_dags/tutorial_dag.py
[2022-11-08T14:40:53.177+0000] {logging_mixin.py:120} INFO - [2022-11-08T14:40:53.177+0000] {dag.py:2585} INFO - Sync 1 DAGs
[2022-11-08T14:40:53.202+0000] {logging_mixin.py:120} INFO - [2022-11-08T14:40:53.202+0000] {dag.py:3340} INFO - Setting next_dagrun for tutorial_dag to None, run_after=None
[2022-11-08T14:40:53.223+0000] {processor.py:176} INFO - Processing /home/airflow/.local/lib/python3.7/site-packages/airflow/example_dags/tutorial_dag.py took 0.110 seconds
[2022-11-08T14:41:23.446+0000] {processor.py:154} INFO - Started process (PID=3768) to work on /home/airflow/.local/lib/python3.7/site-packages/airflow/example_dags/tutorial_dag.py
[2022-11-08T14:41:23.447+0000] {processor.py:756} INFO - Processing file /home/airflow/.local/lib/python3.7/site-packages/airflow/example_dags/tutorial_dag.py for tasks to queue
[2022-11-08T14:41:23.448+0000] {logging_mixin.py:120} INFO - [2022-11-08T14:41:23.447+0000] {dagbag.py:537} INFO - Filling up the DagBag from /home/airflow/.local/lib/python3.7/site-packages/airflow/example_dags/tutorial_dag.py
[2022-11-08T14:41:23.459+0000] {processor.py:766} INFO - DAG(s) dict_keys(['tutorial_dag']) retrieved from /home/airflow/.local/lib/python3.7/site-packages/airflow/example_dags/tutorial_dag.py
[2022-11-08T14:41:23.504+0000] {logging_mixin.py:120} INFO - [2022-11-08T14:41:23.503+0000] {dag.py:2585} INFO - Sync 1 DAGs
[2022-11-08T14:41:23.527+0000] {logging_mixin.py:120} INFO - [2022-11-08T14:41:23.527+0000] {dag.py:3340} INFO - Setting next_dagrun for tutorial_dag to None, run_after=None
[2022-11-08T14:41:23.547+0000] {processor.py:176} INFO - Processing /home/airflow/.local/lib/python3.7/site-packages/airflow/example_dags/tutorial_dag.py took 0.104 seconds
[2022-11-08T14:41:53.573+0000] {processor.py:154} INFO - Started process (PID=3961) to work on /home/airflow/.local/lib/python3.7/site-packages/airflow/example_dags/tutorial_dag.py
[2022-11-08T14:41:53.574+0000] {processor.py:756} INFO - Processing file /home/airflow/.local/lib/python3.7/site-packages/airflow/example_dags/tutorial_dag.py for tasks to queue
[2022-11-08T14:41:53.574+0000] {logging_mixin.py:120} INFO - [2022-11-08T14:41:53.574+0000] {dagbag.py:537} INFO - Filling up the DagBag from /home/airflow/.local/lib/python3.7/site-packages/airflow/example_dags/tutorial_dag.py
[2022-11-08T14:41:53.589+0000] {processor.py:766} INFO - DAG(s) dict_keys(['tutorial_dag']) retrieved from /home/airflow/.local/lib/python3.7/site-packages/airflow/example_dags/tutorial_dag.py
[2022-11-08T14:41:53.636+0000] {logging_mixin.py:120} INFO - [2022-11-08T14:41:53.635+0000] {dag.py:2585} INFO - Sync 1 DAGs
[2022-11-08T14:41:53.665+0000] {logging_mixin.py:120} INFO - [2022-11-08T14:41:53.665+0000] {dag.py:3340} INFO - Setting next_dagrun for tutorial_dag to None, run_after=None
[2022-11-08T14:41:53.695+0000] {processor.py:176} INFO - Processing /home/airflow/.local/lib/python3.7/site-packages/airflow/example_dags/tutorial_dag.py took 0.125 seconds
[2022-11-08T14:42:23.854+0000] {processor.py:154} INFO - Started process (PID=4170) to work on /home/airflow/.local/lib/python3.7/site-packages/airflow/example_dags/tutorial_dag.py
[2022-11-08T14:42:23.855+0000] {processor.py:756} INFO - Processing file /home/airflow/.local/lib/python3.7/site-packages/airflow/example_dags/tutorial_dag.py for tasks to queue
[2022-11-08T14:42:23.855+0000] {logging_mixin.py:120} INFO - [2022-11-08T14:42:23.855+0000] {dagbag.py:537} INFO - Filling up the DagBag from /home/airflow/.local/lib/python3.7/site-packages/airflow/example_dags/tutorial_dag.py
[2022-11-08T14:42:23.867+0000] {processor.py:766} INFO - DAG(s) dict_keys(['tutorial_dag']) retrieved from /home/airflow/.local/lib/python3.7/site-packages/airflow/example_dags/tutorial_dag.py
[2022-11-08T14:42:23.889+0000] {logging_mixin.py:120} INFO - [2022-11-08T14:42:23.889+0000] {dag.py:2585} INFO - Sync 1 DAGs
[2022-11-08T14:42:23.911+0000] {logging_mixin.py:120} INFO - [2022-11-08T14:42:23.911+0000] {dag.py:3340} INFO - Setting next_dagrun for tutorial_dag to None, run_after=None
[2022-11-08T14:42:23.928+0000] {processor.py:176} INFO - Processing /home/airflow/.local/lib/python3.7/site-packages/airflow/example_dags/tutorial_dag.py took 0.077 seconds
[2022-11-08T14:42:54.330+0000] {processor.py:154} INFO - Started process (PID=4375) to work on /home/airflow/.local/lib/python3.7/site-packages/airflow/example_dags/tutorial_dag.py
[2022-11-08T14:42:54.331+0000] {processor.py:756} INFO - Processing file /home/airflow/.local/lib/python3.7/site-packages/airflow/example_dags/tutorial_dag.py for tasks to queue
[2022-11-08T14:42:54.331+0000] {logging_mixin.py:120} INFO - [2022-11-08T14:42:54.331+0000] {dagbag.py:537} INFO - Filling up the DagBag from /home/airflow/.local/lib/python3.7/site-packages/airflow/example_dags/tutorial_dag.py
[2022-11-08T14:42:54.346+0000] {processor.py:766} INFO - DAG(s) dict_keys(['tutorial_dag']) retrieved from /home/airflow/.local/lib/python3.7/site-packages/airflow/example_dags/tutorial_dag.py
[2022-11-08T14:42:54.387+0000] {logging_mixin.py:120} INFO - [2022-11-08T14:42:54.386+0000] {dag.py:2585} INFO - Sync 1 DAGs
[2022-11-08T14:42:54.408+0000] {logging_mixin.py:120} INFO - [2022-11-08T14:42:54.408+0000] {dag.py:3340} INFO - Setting next_dagrun for tutorial_dag to None, run_after=None
[2022-11-08T14:42:54.427+0000] {processor.py:176} INFO - Processing /home/airflow/.local/lib/python3.7/site-packages/airflow/example_dags/tutorial_dag.py took 0.100 seconds
[2022-11-08T14:43:24.901+0000] {processor.py:154} INFO - Started process (PID=4582) to work on /home/airflow/.local/lib/python3.7/site-packages/airflow/example_dags/tutorial_dag.py
[2022-11-08T14:43:24.902+0000] {processor.py:756} INFO - Processing file /home/airflow/.local/lib/python3.7/site-packages/airflow/example_dags/tutorial_dag.py for tasks to queue
[2022-11-08T14:43:24.902+0000] {logging_mixin.py:120} INFO - [2022-11-08T14:43:24.902+0000] {dagbag.py:537} INFO - Filling up the DagBag from /home/airflow/.local/lib/python3.7/site-packages/airflow/example_dags/tutorial_dag.py
[2022-11-08T14:43:24.913+0000] {processor.py:766} INFO - DAG(s) dict_keys(['tutorial_dag']) retrieved from /home/airflow/.local/lib/python3.7/site-packages/airflow/example_dags/tutorial_dag.py
[2022-11-08T14:43:24.952+0000] {logging_mixin.py:120} INFO - [2022-11-08T14:43:24.952+0000] {dag.py:2585} INFO - Sync 1 DAGs
[2022-11-08T14:43:24.977+0000] {logging_mixin.py:120} INFO - [2022-11-08T14:43:24.977+0000] {dag.py:3340} INFO - Setting next_dagrun for tutorial_dag to None, run_after=None
[2022-11-08T14:43:24.994+0000] {processor.py:176} INFO - Processing /home/airflow/.local/lib/python3.7/site-packages/airflow/example_dags/tutorial_dag.py took 0.096 seconds
[2022-11-08T14:43:55.532+0000] {processor.py:154} INFO - Started process (PID=4794) to work on /home/airflow/.local/lib/python3.7/site-packages/airflow/example_dags/tutorial_dag.py
[2022-11-08T14:43:55.533+0000] {processor.py:756} INFO - Processing file /home/airflow/.local/lib/python3.7/site-packages/airflow/example_dags/tutorial_dag.py for tasks to queue
[2022-11-08T14:43:55.534+0000] {logging_mixin.py:120} INFO - [2022-11-08T14:43:55.534+0000] {dagbag.py:537} INFO - Filling up the DagBag from /home/airflow/.local/lib/python3.7/site-packages/airflow/example_dags/tutorial_dag.py
[2022-11-08T14:43:55.549+0000] {processor.py:766} INFO - DAG(s) dict_keys(['tutorial_dag']) retrieved from /home/airflow/.local/lib/python3.7/site-packages/airflow/example_dags/tutorial_dag.py
[2022-11-08T14:43:55.588+0000] {logging_mixin.py:120} INFO - [2022-11-08T14:43:55.588+0000] {dag.py:2585} INFO - Sync 1 DAGs
[2022-11-08T14:43:55.611+0000] {logging_mixin.py:120} INFO - [2022-11-08T14:43:55.611+0000] {dag.py:3340} INFO - Setting next_dagrun for tutorial_dag to None, run_after=None
[2022-11-08T14:43:55.635+0000] {processor.py:176} INFO - Processing /home/airflow/.local/lib/python3.7/site-packages/airflow/example_dags/tutorial_dag.py took 0.107 seconds
[2022-11-08T14:44:26.362+0000] {processor.py:154} INFO - Started process (PID=4992) to work on /home/airflow/.local/lib/python3.7/site-packages/airflow/example_dags/tutorial_dag.py
[2022-11-08T14:44:26.363+0000] {processor.py:756} INFO - Processing file /home/airflow/.local/lib/python3.7/site-packages/airflow/example_dags/tutorial_dag.py for tasks to queue
[2022-11-08T14:44:26.363+0000] {logging_mixin.py:120} INFO - [2022-11-08T14:44:26.363+0000] {dagbag.py:537} INFO - Filling up the DagBag from /home/airflow/.local/lib/python3.7/site-packages/airflow/example_dags/tutorial_dag.py
[2022-11-08T14:44:26.376+0000] {processor.py:766} INFO - DAG(s) dict_keys(['tutorial_dag']) retrieved from /home/airflow/.local/lib/python3.7/site-packages/airflow/example_dags/tutorial_dag.py
[2022-11-08T14:44:26.416+0000] {logging_mixin.py:120} INFO - [2022-11-08T14:44:26.416+0000] {dag.py:2585} INFO - Sync 1 DAGs
[2022-11-08T14:44:26.438+0000] {logging_mixin.py:120} INFO - [2022-11-08T14:44:26.438+0000] {dag.py:3340} INFO - Setting next_dagrun for tutorial_dag to None, run_after=None
[2022-11-08T14:44:26.456+0000] {processor.py:176} INFO - Processing /home/airflow/.local/lib/python3.7/site-packages/airflow/example_dags/tutorial_dag.py took 0.098 seconds
[2022-11-08T14:44:56.881+0000] {processor.py:154} INFO - Started process (PID=5198) to work on /home/airflow/.local/lib/python3.7/site-packages/airflow/example_dags/tutorial_dag.py
[2022-11-08T14:44:56.882+0000] {processor.py:756} INFO - Processing file /home/airflow/.local/lib/python3.7/site-packages/airflow/example_dags/tutorial_dag.py for tasks to queue
[2022-11-08T14:44:56.882+0000] {logging_mixin.py:120} INFO - [2022-11-08T14:44:56.882+0000] {dagbag.py:537} INFO - Filling up the DagBag from /home/airflow/.local/lib/python3.7/site-packages/airflow/example_dags/tutorial_dag.py
[2022-11-08T14:44:56.894+0000] {processor.py:766} INFO - DAG(s) dict_keys(['tutorial_dag']) retrieved from /home/airflow/.local/lib/python3.7/site-packages/airflow/example_dags/tutorial_dag.py
[2022-11-08T14:44:56.928+0000] {logging_mixin.py:120} INFO - [2022-11-08T14:44:56.928+0000] {dag.py:2585} INFO - Sync 1 DAGs
[2022-11-08T14:44:56.947+0000] {logging_mixin.py:120} INFO - [2022-11-08T14:44:56.947+0000] {dag.py:3340} INFO - Setting next_dagrun for tutorial_dag to None, run_after=None
[2022-11-08T14:44:56.963+0000] {processor.py:176} INFO - Processing /home/airflow/.local/lib/python3.7/site-packages/airflow/example_dags/tutorial_dag.py took 0.086 seconds
[2022-11-08T14:45:27.341+0000] {processor.py:154} INFO - Started process (PID=5405) to work on /home/airflow/.local/lib/python3.7/site-packages/airflow/example_dags/tutorial_dag.py
[2022-11-08T14:45:27.342+0000] {processor.py:756} INFO - Processing file /home/airflow/.local/lib/python3.7/site-packages/airflow/example_dags/tutorial_dag.py for tasks to queue
[2022-11-08T14:45:27.342+0000] {logging_mixin.py:120} INFO - [2022-11-08T14:45:27.342+0000] {dagbag.py:537} INFO - Filling up the DagBag from /home/airflow/.local/lib/python3.7/site-packages/airflow/example_dags/tutorial_dag.py
[2022-11-08T14:45:27.353+0000] {processor.py:766} INFO - DAG(s) dict_keys(['tutorial_dag']) retrieved from /home/airflow/.local/lib/python3.7/site-packages/airflow/example_dags/tutorial_dag.py
[2022-11-08T14:45:27.393+0000] {logging_mixin.py:120} INFO - [2022-11-08T14:45:27.393+0000] {dag.py:2585} INFO - Sync 1 DAGs
[2022-11-08T14:45:27.413+0000] {logging_mixin.py:120} INFO - [2022-11-08T14:45:27.413+0000] {dag.py:3340} INFO - Setting next_dagrun for tutorial_dag to None, run_after=None
[2022-11-08T14:45:27.429+0000] {processor.py:176} INFO - Processing /home/airflow/.local/lib/python3.7/site-packages/airflow/example_dags/tutorial_dag.py took 0.092 seconds
[2022-11-08T14:45:57.688+0000] {processor.py:154} INFO - Started process (PID=5612) to work on /home/airflow/.local/lib/python3.7/site-packages/airflow/example_dags/tutorial_dag.py
[2022-11-08T14:45:57.689+0000] {processor.py:756} INFO - Processing file /home/airflow/.local/lib/python3.7/site-packages/airflow/example_dags/tutorial_dag.py for tasks to queue
[2022-11-08T14:45:57.690+0000] {logging_mixin.py:120} INFO - [2022-11-08T14:45:57.690+0000] {dagbag.py:537} INFO - Filling up the DagBag from /home/airflow/.local/lib/python3.7/site-packages/airflow/example_dags/tutorial_dag.py
[2022-11-08T14:45:57.701+0000] {processor.py:766} INFO - DAG(s) dict_keys(['tutorial_dag']) retrieved from /home/airflow/.local/lib/python3.7/site-packages/airflow/example_dags/tutorial_dag.py
[2022-11-08T14:45:57.737+0000] {logging_mixin.py:120} INFO - [2022-11-08T14:45:57.736+0000] {dag.py:2585} INFO - Sync 1 DAGs
[2022-11-08T14:45:57.756+0000] {logging_mixin.py:120} INFO - [2022-11-08T14:45:57.756+0000] {dag.py:3340} INFO - Setting next_dagrun for tutorial_dag to None, run_after=None
[2022-11-08T14:45:57.771+0000] {processor.py:176} INFO - Processing /home/airflow/.local/lib/python3.7/site-packages/airflow/example_dags/tutorial_dag.py took 0.087 seconds
[2022-11-08T14:46:28.578+0000] {processor.py:154} INFO - Started process (PID=5818) to work on /home/airflow/.local/lib/python3.7/site-packages/airflow/example_dags/tutorial_dag.py
[2022-11-08T14:46:28.579+0000] {processor.py:756} INFO - Processing file /home/airflow/.local/lib/python3.7/site-packages/airflow/example_dags/tutorial_dag.py for tasks to queue
[2022-11-08T14:46:28.580+0000] {logging_mixin.py:120} INFO - [2022-11-08T14:46:28.579+0000] {dagbag.py:537} INFO - Filling up the DagBag from /home/airflow/.local/lib/python3.7/site-packages/airflow/example_dags/tutorial_dag.py
[2022-11-08T14:46:28.592+0000] {processor.py:766} INFO - DAG(s) dict_keys(['tutorial_dag']) retrieved from /home/airflow/.local/lib/python3.7/site-packages/airflow/example_dags/tutorial_dag.py
[2022-11-08T14:46:28.632+0000] {logging_mixin.py:120} INFO - [2022-11-08T14:46:28.631+0000] {dag.py:2585} INFO - Sync 1 DAGs
[2022-11-08T14:46:28.653+0000] {logging_mixin.py:120} INFO - [2022-11-08T14:46:28.653+0000] {dag.py:3340} INFO - Setting next_dagrun for tutorial_dag to None, run_after=None
[2022-11-08T14:46:28.672+0000] {processor.py:176} INFO - Processing /home/airflow/.local/lib/python3.7/site-packages/airflow/example_dags/tutorial_dag.py took 0.098 seconds
[2022-11-08T14:46:58.743+0000] {processor.py:154} INFO - Started process (PID=6014) to work on /home/airflow/.local/lib/python3.7/site-packages/airflow/example_dags/tutorial_dag.py
[2022-11-08T14:46:58.744+0000] {processor.py:756} INFO - Processing file /home/airflow/.local/lib/python3.7/site-packages/airflow/example_dags/tutorial_dag.py for tasks to queue
[2022-11-08T14:46:58.745+0000] {logging_mixin.py:120} INFO - [2022-11-08T14:46:58.745+0000] {dagbag.py:537} INFO - Filling up the DagBag from /home/airflow/.local/lib/python3.7/site-packages/airflow/example_dags/tutorial_dag.py
[2022-11-08T14:46:58.756+0000] {processor.py:766} INFO - DAG(s) dict_keys(['tutorial_dag']) retrieved from /home/airflow/.local/lib/python3.7/site-packages/airflow/example_dags/tutorial_dag.py
[2022-11-08T14:46:58.776+0000] {logging_mixin.py:120} INFO - [2022-11-08T14:46:58.775+0000] {dag.py:2585} INFO - Sync 1 DAGs
[2022-11-08T14:46:58.794+0000] {logging_mixin.py:120} INFO - [2022-11-08T14:46:58.794+0000] {dag.py:3340} INFO - Setting next_dagrun for tutorial_dag to None, run_after=None
[2022-11-08T14:46:58.810+0000] {processor.py:176} INFO - Processing /home/airflow/.local/lib/python3.7/site-packages/airflow/example_dags/tutorial_dag.py took 0.069 seconds
[2022-11-08T14:47:29.502+0000] {processor.py:154} INFO - Started process (PID=6224) to work on /home/airflow/.local/lib/python3.7/site-packages/airflow/example_dags/tutorial_dag.py
[2022-11-08T14:47:29.503+0000] {processor.py:756} INFO - Processing file /home/airflow/.local/lib/python3.7/site-packages/airflow/example_dags/tutorial_dag.py for tasks to queue
[2022-11-08T14:47:29.503+0000] {logging_mixin.py:120} INFO - [2022-11-08T14:47:29.503+0000] {dagbag.py:537} INFO - Filling up the DagBag from /home/airflow/.local/lib/python3.7/site-packages/airflow/example_dags/tutorial_dag.py
[2022-11-08T14:47:29.518+0000] {processor.py:766} INFO - DAG(s) dict_keys(['tutorial_dag']) retrieved from /home/airflow/.local/lib/python3.7/site-packages/airflow/example_dags/tutorial_dag.py
[2022-11-08T14:47:29.553+0000] {logging_mixin.py:120} INFO - [2022-11-08T14:47:29.553+0000] {dag.py:2585} INFO - Sync 1 DAGs
[2022-11-08T14:47:29.575+0000] {logging_mixin.py:120} INFO - [2022-11-08T14:47:29.575+0000] {dag.py:3340} INFO - Setting next_dagrun for tutorial_dag to None, run_after=None
[2022-11-08T14:47:29.594+0000] {processor.py:176} INFO - Processing /home/airflow/.local/lib/python3.7/site-packages/airflow/example_dags/tutorial_dag.py took 0.095 seconds
[2022-11-08T14:48:00.421+0000] {processor.py:154} INFO - Started process (PID=6431) to work on /home/airflow/.local/lib/python3.7/site-packages/airflow/example_dags/tutorial_dag.py
[2022-11-08T14:48:00.422+0000] {processor.py:756} INFO - Processing file /home/airflow/.local/lib/python3.7/site-packages/airflow/example_dags/tutorial_dag.py for tasks to queue
[2022-11-08T14:48:00.422+0000] {logging_mixin.py:120} INFO - [2022-11-08T14:48:00.422+0000] {dagbag.py:537} INFO - Filling up the DagBag from /home/airflow/.local/lib/python3.7/site-packages/airflow/example_dags/tutorial_dag.py
[2022-11-08T14:48:00.434+0000] {processor.py:766} INFO - DAG(s) dict_keys(['tutorial_dag']) retrieved from /home/airflow/.local/lib/python3.7/site-packages/airflow/example_dags/tutorial_dag.py
[2022-11-08T14:48:00.469+0000] {logging_mixin.py:120} INFO - [2022-11-08T14:48:00.469+0000] {dag.py:2585} INFO - Sync 1 DAGs
[2022-11-08T14:48:00.489+0000] {logging_mixin.py:120} INFO - [2022-11-08T14:48:00.489+0000] {dag.py:3340} INFO - Setting next_dagrun for tutorial_dag to None, run_after=None
[2022-11-08T14:48:00.506+0000] {processor.py:176} INFO - Processing /home/airflow/.local/lib/python3.7/site-packages/airflow/example_dags/tutorial_dag.py took 0.088 seconds
[2022-11-08T14:48:31.480+0000] {processor.py:154} INFO - Started process (PID=6638) to work on /home/airflow/.local/lib/python3.7/site-packages/airflow/example_dags/tutorial_dag.py
[2022-11-08T14:48:31.482+0000] {processor.py:756} INFO - Processing file /home/airflow/.local/lib/python3.7/site-packages/airflow/example_dags/tutorial_dag.py for tasks to queue
[2022-11-08T14:48:31.483+0000] {logging_mixin.py:120} INFO - [2022-11-08T14:48:31.482+0000] {dagbag.py:537} INFO - Filling up the DagBag from /home/airflow/.local/lib/python3.7/site-packages/airflow/example_dags/tutorial_dag.py
[2022-11-08T14:48:31.505+0000] {processor.py:766} INFO - DAG(s) dict_keys(['tutorial_dag']) retrieved from /home/airflow/.local/lib/python3.7/site-packages/airflow/example_dags/tutorial_dag.py
[2022-11-08T14:48:31.556+0000] {logging_mixin.py:120} INFO - [2022-11-08T14:48:31.556+0000] {dag.py:2585} INFO - Sync 1 DAGs
[2022-11-08T14:48:31.583+0000] {logging_mixin.py:120} INFO - [2022-11-08T14:48:31.583+0000] {dag.py:3340} INFO - Setting next_dagrun for tutorial_dag to None, run_after=None
[2022-11-08T14:48:31.610+0000] {processor.py:176} INFO - Processing /home/airflow/.local/lib/python3.7/site-packages/airflow/example_dags/tutorial_dag.py took 0.136 seconds
[2022-11-08T14:49:01.687+0000] {processor.py:154} INFO - Started process (PID=6837) to work on /home/airflow/.local/lib/python3.7/site-packages/airflow/example_dags/tutorial_dag.py
[2022-11-08T14:49:01.688+0000] {processor.py:756} INFO - Processing file /home/airflow/.local/lib/python3.7/site-packages/airflow/example_dags/tutorial_dag.py for tasks to queue
[2022-11-08T14:49:01.688+0000] {logging_mixin.py:120} INFO - [2022-11-08T14:49:01.688+0000] {dagbag.py:537} INFO - Filling up the DagBag from /home/airflow/.local/lib/python3.7/site-packages/airflow/example_dags/tutorial_dag.py
[2022-11-08T14:49:01.703+0000] {processor.py:766} INFO - DAG(s) dict_keys(['tutorial_dag']) retrieved from /home/airflow/.local/lib/python3.7/site-packages/airflow/example_dags/tutorial_dag.py
[2022-11-08T14:49:01.748+0000] {logging_mixin.py:120} INFO - [2022-11-08T14:49:01.748+0000] {dag.py:2585} INFO - Sync 1 DAGs
[2022-11-08T14:49:01.772+0000] {logging_mixin.py:120} INFO - [2022-11-08T14:49:01.771+0000] {dag.py:3340} INFO - Setting next_dagrun for tutorial_dag to None, run_after=None
[2022-11-08T14:49:01.789+0000] {processor.py:176} INFO - Processing /home/airflow/.local/lib/python3.7/site-packages/airflow/example_dags/tutorial_dag.py took 0.106 seconds
[2022-11-08T14:49:31.829+0000] {processor.py:154} INFO - Started process (PID=7041) to work on /home/airflow/.local/lib/python3.7/site-packages/airflow/example_dags/tutorial_dag.py
[2022-11-08T14:49:31.830+0000] {processor.py:756} INFO - Processing file /home/airflow/.local/lib/python3.7/site-packages/airflow/example_dags/tutorial_dag.py for tasks to queue
[2022-11-08T14:49:31.830+0000] {logging_mixin.py:120} INFO - [2022-11-08T14:49:31.830+0000] {dagbag.py:537} INFO - Filling up the DagBag from /home/airflow/.local/lib/python3.7/site-packages/airflow/example_dags/tutorial_dag.py
[2022-11-08T14:49:31.841+0000] {processor.py:766} INFO - DAG(s) dict_keys(['tutorial_dag']) retrieved from /home/airflow/.local/lib/python3.7/site-packages/airflow/example_dags/tutorial_dag.py
[2022-11-08T14:49:31.873+0000] {logging_mixin.py:120} INFO - [2022-11-08T14:49:31.873+0000] {dag.py:2585} INFO - Sync 1 DAGs
[2022-11-08T14:49:31.891+0000] {logging_mixin.py:120} INFO - [2022-11-08T14:49:31.891+0000] {dag.py:3340} INFO - Setting next_dagrun for tutorial_dag to None, run_after=None
[2022-11-08T14:49:31.907+0000] {processor.py:176} INFO - Processing /home/airflow/.local/lib/python3.7/site-packages/airflow/example_dags/tutorial_dag.py took 0.080 seconds
[2022-11-08T14:50:02.202+0000] {processor.py:154} INFO - Started process (PID=7246) to work on /home/airflow/.local/lib/python3.7/site-packages/airflow/example_dags/tutorial_dag.py
[2022-11-08T14:50:02.202+0000] {processor.py:756} INFO - Processing file /home/airflow/.local/lib/python3.7/site-packages/airflow/example_dags/tutorial_dag.py for tasks to queue
[2022-11-08T14:50:02.203+0000] {logging_mixin.py:120} INFO - [2022-11-08T14:50:02.203+0000] {dagbag.py:537} INFO - Filling up the DagBag from /home/airflow/.local/lib/python3.7/site-packages/airflow/example_dags/tutorial_dag.py
[2022-11-08T14:50:02.214+0000] {processor.py:766} INFO - DAG(s) dict_keys(['tutorial_dag']) retrieved from /home/airflow/.local/lib/python3.7/site-packages/airflow/example_dags/tutorial_dag.py
[2022-11-08T14:50:02.247+0000] {logging_mixin.py:120} INFO - [2022-11-08T14:50:02.247+0000] {dag.py:2585} INFO - Sync 1 DAGs
[2022-11-08T14:50:02.266+0000] {logging_mixin.py:120} INFO - [2022-11-08T14:50:02.266+0000] {dag.py:3340} INFO - Setting next_dagrun for tutorial_dag to None, run_after=None
[2022-11-08T14:50:02.281+0000] {processor.py:176} INFO - Processing /home/airflow/.local/lib/python3.7/site-packages/airflow/example_dags/tutorial_dag.py took 0.083 seconds
[2022-11-08T14:50:32.898+0000] {processor.py:154} INFO - Started process (PID=7454) to work on /home/airflow/.local/lib/python3.7/site-packages/airflow/example_dags/tutorial_dag.py
[2022-11-08T14:50:32.898+0000] {processor.py:756} INFO - Processing file /home/airflow/.local/lib/python3.7/site-packages/airflow/example_dags/tutorial_dag.py for tasks to queue
[2022-11-08T14:50:32.899+0000] {logging_mixin.py:120} INFO - [2022-11-08T14:50:32.899+0000] {dagbag.py:537} INFO - Filling up the DagBag from /home/airflow/.local/lib/python3.7/site-packages/airflow/example_dags/tutorial_dag.py
[2022-11-08T14:50:32.910+0000] {processor.py:766} INFO - DAG(s) dict_keys(['tutorial_dag']) retrieved from /home/airflow/.local/lib/python3.7/site-packages/airflow/example_dags/tutorial_dag.py
[2022-11-08T14:50:32.941+0000] {logging_mixin.py:120} INFO - [2022-11-08T14:50:32.941+0000] {dag.py:2585} INFO - Sync 1 DAGs
[2022-11-08T14:50:32.958+0000] {logging_mixin.py:120} INFO - [2022-11-08T14:50:32.957+0000] {dag.py:3340} INFO - Setting next_dagrun for tutorial_dag to None, run_after=None
[2022-11-08T14:50:32.972+0000] {processor.py:176} INFO - Processing /home/airflow/.local/lib/python3.7/site-packages/airflow/example_dags/tutorial_dag.py took 0.077 seconds
[2022-11-08T14:51:03.605+0000] {processor.py:154} INFO - Started process (PID=7650) to work on /home/airflow/.local/lib/python3.7/site-packages/airflow/example_dags/tutorial_dag.py
[2022-11-08T14:51:03.606+0000] {processor.py:756} INFO - Processing file /home/airflow/.local/lib/python3.7/site-packages/airflow/example_dags/tutorial_dag.py for tasks to queue
[2022-11-08T14:51:03.607+0000] {logging_mixin.py:120} INFO - [2022-11-08T14:51:03.607+0000] {dagbag.py:537} INFO - Filling up the DagBag from /home/airflow/.local/lib/python3.7/site-packages/airflow/example_dags/tutorial_dag.py
[2022-11-08T14:51:03.621+0000] {processor.py:766} INFO - DAG(s) dict_keys(['tutorial_dag']) retrieved from /home/airflow/.local/lib/python3.7/site-packages/airflow/example_dags/tutorial_dag.py
[2022-11-08T14:51:03.660+0000] {logging_mixin.py:120} INFO - [2022-11-08T14:51:03.660+0000] {dag.py:2585} INFO - Sync 1 DAGs
[2022-11-08T14:51:03.681+0000] {logging_mixin.py:120} INFO - [2022-11-08T14:51:03.681+0000] {dag.py:3340} INFO - Setting next_dagrun for tutorial_dag to None, run_after=None
[2022-11-08T14:51:03.696+0000] {processor.py:176} INFO - Processing /home/airflow/.local/lib/python3.7/site-packages/airflow/example_dags/tutorial_dag.py took 0.095 seconds
[2022-11-08T14:51:34.527+0000] {processor.py:154} INFO - Started process (PID=7860) to work on /home/airflow/.local/lib/python3.7/site-packages/airflow/example_dags/tutorial_dag.py
[2022-11-08T14:51:34.528+0000] {processor.py:756} INFO - Processing file /home/airflow/.local/lib/python3.7/site-packages/airflow/example_dags/tutorial_dag.py for tasks to queue
[2022-11-08T14:51:34.528+0000] {logging_mixin.py:120} INFO - [2022-11-08T14:51:34.528+0000] {dagbag.py:537} INFO - Filling up the DagBag from /home/airflow/.local/lib/python3.7/site-packages/airflow/example_dags/tutorial_dag.py
[2022-11-08T14:51:34.543+0000] {processor.py:766} INFO - DAG(s) dict_keys(['tutorial_dag']) retrieved from /home/airflow/.local/lib/python3.7/site-packages/airflow/example_dags/tutorial_dag.py
[2022-11-08T14:51:34.586+0000] {logging_mixin.py:120} INFO - [2022-11-08T14:51:34.586+0000] {dag.py:2585} INFO - Sync 1 DAGs
[2022-11-08T14:51:34.612+0000] {logging_mixin.py:120} INFO - [2022-11-08T14:51:34.611+0000] {dag.py:3340} INFO - Setting next_dagrun for tutorial_dag to None, run_after=None
[2022-11-08T14:51:34.630+0000] {processor.py:176} INFO - Processing /home/airflow/.local/lib/python3.7/site-packages/airflow/example_dags/tutorial_dag.py took 0.107 seconds
[2022-11-08T14:52:05.758+0000] {processor.py:154} INFO - Started process (PID=8067) to work on /home/airflow/.local/lib/python3.7/site-packages/airflow/example_dags/tutorial_dag.py
[2022-11-08T14:52:05.759+0000] {processor.py:756} INFO - Processing file /home/airflow/.local/lib/python3.7/site-packages/airflow/example_dags/tutorial_dag.py for tasks to queue
[2022-11-08T14:52:05.759+0000] {logging_mixin.py:120} INFO - [2022-11-08T14:52:05.759+0000] {dagbag.py:537} INFO - Filling up the DagBag from /home/airflow/.local/lib/python3.7/site-packages/airflow/example_dags/tutorial_dag.py
[2022-11-08T14:52:05.775+0000] {processor.py:766} INFO - DAG(s) dict_keys(['tutorial_dag']) retrieved from /home/airflow/.local/lib/python3.7/site-packages/airflow/example_dags/tutorial_dag.py
[2022-11-08T14:52:05.818+0000] {logging_mixin.py:120} INFO - [2022-11-08T14:52:05.818+0000] {dag.py:2585} INFO - Sync 1 DAGs
[2022-11-08T14:52:05.846+0000] {logging_mixin.py:120} INFO - [2022-11-08T14:52:05.845+0000] {dag.py:3340} INFO - Setting next_dagrun for tutorial_dag to None, run_after=None
[2022-11-08T14:52:05.864+0000] {processor.py:176} INFO - Processing /home/airflow/.local/lib/python3.7/site-packages/airflow/example_dags/tutorial_dag.py took 0.112 seconds
[2022-11-08T14:52:36.171+0000] {processor.py:154} INFO - Started process (PID=8274) to work on /home/airflow/.local/lib/python3.7/site-packages/airflow/example_dags/tutorial_dag.py
[2022-11-08T14:52:36.172+0000] {processor.py:756} INFO - Processing file /home/airflow/.local/lib/python3.7/site-packages/airflow/example_dags/tutorial_dag.py for tasks to queue
[2022-11-08T14:52:36.173+0000] {logging_mixin.py:120} INFO - [2022-11-08T14:52:36.173+0000] {dagbag.py:537} INFO - Filling up the DagBag from /home/airflow/.local/lib/python3.7/site-packages/airflow/example_dags/tutorial_dag.py
[2022-11-08T14:52:36.187+0000] {processor.py:766} INFO - DAG(s) dict_keys(['tutorial_dag']) retrieved from /home/airflow/.local/lib/python3.7/site-packages/airflow/example_dags/tutorial_dag.py
[2022-11-08T14:52:36.233+0000] {logging_mixin.py:120} INFO - [2022-11-08T14:52:36.232+0000] {dag.py:2585} INFO - Sync 1 DAGs
[2022-11-08T14:52:36.258+0000] {logging_mixin.py:120} INFO - [2022-11-08T14:52:36.258+0000] {dag.py:3340} INFO - Setting next_dagrun for tutorial_dag to None, run_after=None
[2022-11-08T14:52:36.281+0000] {processor.py:176} INFO - Processing /home/airflow/.local/lib/python3.7/site-packages/airflow/example_dags/tutorial_dag.py took 0.114 seconds
[2022-11-08T14:53:06.509+0000] {processor.py:154} INFO - Started process (PID=8473) to work on /home/airflow/.local/lib/python3.7/site-packages/airflow/example_dags/tutorial_dag.py
[2022-11-08T14:53:06.509+0000] {processor.py:756} INFO - Processing file /home/airflow/.local/lib/python3.7/site-packages/airflow/example_dags/tutorial_dag.py for tasks to queue
[2022-11-08T14:53:06.510+0000] {logging_mixin.py:120} INFO - [2022-11-08T14:53:06.510+0000] {dagbag.py:537} INFO - Filling up the DagBag from /home/airflow/.local/lib/python3.7/site-packages/airflow/example_dags/tutorial_dag.py
[2022-11-08T14:53:06.527+0000] {processor.py:766} INFO - DAG(s) dict_keys(['tutorial_dag']) retrieved from /home/airflow/.local/lib/python3.7/site-packages/airflow/example_dags/tutorial_dag.py
[2022-11-08T14:53:06.567+0000] {logging_mixin.py:120} INFO - [2022-11-08T14:53:06.567+0000] {dag.py:2585} INFO - Sync 1 DAGs
[2022-11-08T14:53:06.594+0000] {logging_mixin.py:120} INFO - [2022-11-08T14:53:06.593+0000] {dag.py:3340} INFO - Setting next_dagrun for tutorial_dag to None, run_after=None
[2022-11-08T14:53:06.612+0000] {processor.py:176} INFO - Processing /home/airflow/.local/lib/python3.7/site-packages/airflow/example_dags/tutorial_dag.py took 0.106 seconds
[2022-11-08T14:53:36.756+0000] {processor.py:154} INFO - Started process (PID=8681) to work on /home/airflow/.local/lib/python3.7/site-packages/airflow/example_dags/tutorial_dag.py
[2022-11-08T14:53:36.757+0000] {processor.py:756} INFO - Processing file /home/airflow/.local/lib/python3.7/site-packages/airflow/example_dags/tutorial_dag.py for tasks to queue
[2022-11-08T14:53:36.758+0000] {logging_mixin.py:120} INFO - [2022-11-08T14:53:36.758+0000] {dagbag.py:537} INFO - Filling up the DagBag from /home/airflow/.local/lib/python3.7/site-packages/airflow/example_dags/tutorial_dag.py
[2022-11-08T14:53:36.771+0000] {processor.py:766} INFO - DAG(s) dict_keys(['tutorial_dag']) retrieved from /home/airflow/.local/lib/python3.7/site-packages/airflow/example_dags/tutorial_dag.py
[2022-11-08T14:53:36.815+0000] {logging_mixin.py:120} INFO - [2022-11-08T14:53:36.815+0000] {dag.py:2585} INFO - Sync 1 DAGs
[2022-11-08T14:53:36.839+0000] {logging_mixin.py:120} INFO - [2022-11-08T14:53:36.839+0000] {dag.py:3340} INFO - Setting next_dagrun for tutorial_dag to None, run_after=None
[2022-11-08T14:53:36.860+0000] {processor.py:176} INFO - Processing /home/airflow/.local/lib/python3.7/site-packages/airflow/example_dags/tutorial_dag.py took 0.108 seconds
[2022-11-08T14:54:07.091+0000] {processor.py:154} INFO - Started process (PID=8888) to work on /home/airflow/.local/lib/python3.7/site-packages/airflow/example_dags/tutorial_dag.py
[2022-11-08T14:54:07.092+0000] {processor.py:756} INFO - Processing file /home/airflow/.local/lib/python3.7/site-packages/airflow/example_dags/tutorial_dag.py for tasks to queue
[2022-11-08T14:54:07.093+0000] {logging_mixin.py:120} INFO - [2022-11-08T14:54:07.093+0000] {dagbag.py:537} INFO - Filling up the DagBag from /home/airflow/.local/lib/python3.7/site-packages/airflow/example_dags/tutorial_dag.py
[2022-11-08T14:54:07.108+0000] {processor.py:766} INFO - DAG(s) dict_keys(['tutorial_dag']) retrieved from /home/airflow/.local/lib/python3.7/site-packages/airflow/example_dags/tutorial_dag.py
[2022-11-08T14:54:07.158+0000] {logging_mixin.py:120} INFO - [2022-11-08T14:54:07.158+0000] {dag.py:2585} INFO - Sync 1 DAGs
[2022-11-08T14:54:07.183+0000] {logging_mixin.py:120} INFO - [2022-11-08T14:54:07.183+0000] {dag.py:3340} INFO - Setting next_dagrun for tutorial_dag to None, run_after=None
[2022-11-08T14:54:07.205+0000] {processor.py:176} INFO - Processing /home/airflow/.local/lib/python3.7/site-packages/airflow/example_dags/tutorial_dag.py took 0.118 seconds
[2022-11-08T14:54:37.738+0000] {processor.py:154} INFO - Started process (PID=9095) to work on /home/airflow/.local/lib/python3.7/site-packages/airflow/example_dags/tutorial_dag.py
[2022-11-08T14:54:37.739+0000] {processor.py:756} INFO - Processing file /home/airflow/.local/lib/python3.7/site-packages/airflow/example_dags/tutorial_dag.py for tasks to queue
[2022-11-08T14:54:37.740+0000] {logging_mixin.py:120} INFO - [2022-11-08T14:54:37.739+0000] {dagbag.py:537} INFO - Filling up the DagBag from /home/airflow/.local/lib/python3.7/site-packages/airflow/example_dags/tutorial_dag.py
[2022-11-08T14:54:37.759+0000] {processor.py:766} INFO - DAG(s) dict_keys(['tutorial_dag']) retrieved from /home/airflow/.local/lib/python3.7/site-packages/airflow/example_dags/tutorial_dag.py
[2022-11-08T14:54:37.814+0000] {logging_mixin.py:120} INFO - [2022-11-08T14:54:37.813+0000] {dag.py:2585} INFO - Sync 1 DAGs
[2022-11-08T14:54:37.844+0000] {logging_mixin.py:120} INFO - [2022-11-08T14:54:37.844+0000] {dag.py:3340} INFO - Setting next_dagrun for tutorial_dag to None, run_after=None
[2022-11-08T14:54:37.884+0000] {processor.py:176} INFO - Processing /home/airflow/.local/lib/python3.7/site-packages/airflow/example_dags/tutorial_dag.py took 0.151 seconds
[2022-11-08T14:55:08.150+0000] {processor.py:154} INFO - Started process (PID=9293) to work on /home/airflow/.local/lib/python3.7/site-packages/airflow/example_dags/tutorial_dag.py
[2022-11-08T14:55:08.151+0000] {processor.py:756} INFO - Processing file /home/airflow/.local/lib/python3.7/site-packages/airflow/example_dags/tutorial_dag.py for tasks to queue
[2022-11-08T14:55:08.152+0000] {logging_mixin.py:120} INFO - [2022-11-08T14:55:08.152+0000] {dagbag.py:537} INFO - Filling up the DagBag from /home/airflow/.local/lib/python3.7/site-packages/airflow/example_dags/tutorial_dag.py
[2022-11-08T14:55:08.167+0000] {processor.py:766} INFO - DAG(s) dict_keys(['tutorial_dag']) retrieved from /home/airflow/.local/lib/python3.7/site-packages/airflow/example_dags/tutorial_dag.py
[2022-11-08T14:55:08.215+0000] {logging_mixin.py:120} INFO - [2022-11-08T14:55:08.214+0000] {dag.py:2585} INFO - Sync 1 DAGs
[2022-11-08T14:55:08.244+0000] {logging_mixin.py:120} INFO - [2022-11-08T14:55:08.244+0000] {dag.py:3340} INFO - Setting next_dagrun for tutorial_dag to None, run_after=None
[2022-11-08T14:55:08.268+0000] {processor.py:176} INFO - Processing /home/airflow/.local/lib/python3.7/site-packages/airflow/example_dags/tutorial_dag.py took 0.122 seconds
[2022-11-08T14:55:38.381+0000] {processor.py:154} INFO - Started process (PID=9500) to work on /home/airflow/.local/lib/python3.7/site-packages/airflow/example_dags/tutorial_dag.py
[2022-11-08T14:55:38.382+0000] {processor.py:756} INFO - Processing file /home/airflow/.local/lib/python3.7/site-packages/airflow/example_dags/tutorial_dag.py for tasks to queue
[2022-11-08T14:55:38.383+0000] {logging_mixin.py:120} INFO - [2022-11-08T14:55:38.383+0000] {dagbag.py:537} INFO - Filling up the DagBag from /home/airflow/.local/lib/python3.7/site-packages/airflow/example_dags/tutorial_dag.py
[2022-11-08T14:55:38.398+0000] {processor.py:766} INFO - DAG(s) dict_keys(['tutorial_dag']) retrieved from /home/airflow/.local/lib/python3.7/site-packages/airflow/example_dags/tutorial_dag.py
[2022-11-08T14:55:38.444+0000] {logging_mixin.py:120} INFO - [2022-11-08T14:55:38.444+0000] {dag.py:2585} INFO - Sync 1 DAGs
[2022-11-08T14:55:38.471+0000] {logging_mixin.py:120} INFO - [2022-11-08T14:55:38.471+0000] {dag.py:3340} INFO - Setting next_dagrun for tutorial_dag to None, run_after=None
[2022-11-08T14:55:38.492+0000] {processor.py:176} INFO - Processing /home/airflow/.local/lib/python3.7/site-packages/airflow/example_dags/tutorial_dag.py took 0.115 seconds
[2022-11-08T14:56:08.929+0000] {processor.py:154} INFO - Started process (PID=9707) to work on /home/airflow/.local/lib/python3.7/site-packages/airflow/example_dags/tutorial_dag.py
[2022-11-08T14:56:08.930+0000] {processor.py:756} INFO - Processing file /home/airflow/.local/lib/python3.7/site-packages/airflow/example_dags/tutorial_dag.py for tasks to queue
[2022-11-08T14:56:08.931+0000] {logging_mixin.py:120} INFO - [2022-11-08T14:56:08.930+0000] {dagbag.py:537} INFO - Filling up the DagBag from /home/airflow/.local/lib/python3.7/site-packages/airflow/example_dags/tutorial_dag.py
[2022-11-08T14:56:08.945+0000] {processor.py:766} INFO - DAG(s) dict_keys(['tutorial_dag']) retrieved from /home/airflow/.local/lib/python3.7/site-packages/airflow/example_dags/tutorial_dag.py
[2022-11-08T14:56:08.987+0000] {logging_mixin.py:120} INFO - [2022-11-08T14:56:08.986+0000] {dag.py:2585} INFO - Sync 1 DAGs
[2022-11-08T14:56:09.009+0000] {logging_mixin.py:120} INFO - [2022-11-08T14:56:09.009+0000] {dag.py:3340} INFO - Setting next_dagrun for tutorial_dag to None, run_after=None
[2022-11-08T14:56:09.033+0000] {processor.py:176} INFO - Processing /home/airflow/.local/lib/python3.7/site-packages/airflow/example_dags/tutorial_dag.py took 0.109 seconds
[2022-11-08T14:56:40.168+0000] {processor.py:154} INFO - Started process (PID=9910) to work on /home/airflow/.local/lib/python3.7/site-packages/airflow/example_dags/tutorial_dag.py
[2022-11-08T14:56:40.169+0000] {processor.py:756} INFO - Processing file /home/airflow/.local/lib/python3.7/site-packages/airflow/example_dags/tutorial_dag.py for tasks to queue
[2022-11-08T14:56:40.170+0000] {logging_mixin.py:120} INFO - [2022-11-08T14:56:40.169+0000] {dagbag.py:537} INFO - Filling up the DagBag from /home/airflow/.local/lib/python3.7/site-packages/airflow/example_dags/tutorial_dag.py
[2022-11-08T14:56:40.191+0000] {processor.py:766} INFO - DAG(s) dict_keys(['tutorial_dag']) retrieved from /home/airflow/.local/lib/python3.7/site-packages/airflow/example_dags/tutorial_dag.py
[2022-11-08T14:56:40.262+0000] {logging_mixin.py:120} INFO - [2022-11-08T14:56:40.262+0000] {dag.py:2585} INFO - Sync 1 DAGs
[2022-11-08T14:56:40.317+0000] {logging_mixin.py:120} INFO - [2022-11-08T14:56:40.317+0000] {dag.py:3340} INFO - Setting next_dagrun for tutorial_dag to None, run_after=None
[2022-11-08T14:56:40.370+0000] {processor.py:176} INFO - Processing /home/airflow/.local/lib/python3.7/site-packages/airflow/example_dags/tutorial_dag.py took 0.206 seconds
[2022-11-08T14:57:10.655+0000] {processor.py:154} INFO - Started process (PID=10118) to work on /home/airflow/.local/lib/python3.7/site-packages/airflow/example_dags/tutorial_dag.py
[2022-11-08T14:57:10.656+0000] {processor.py:756} INFO - Processing file /home/airflow/.local/lib/python3.7/site-packages/airflow/example_dags/tutorial_dag.py for tasks to queue
[2022-11-08T14:57:10.657+0000] {logging_mixin.py:120} INFO - [2022-11-08T14:57:10.657+0000] {dagbag.py:537} INFO - Filling up the DagBag from /home/airflow/.local/lib/python3.7/site-packages/airflow/example_dags/tutorial_dag.py
[2022-11-08T14:57:10.673+0000] {processor.py:766} INFO - DAG(s) dict_keys(['tutorial_dag']) retrieved from /home/airflow/.local/lib/python3.7/site-packages/airflow/example_dags/tutorial_dag.py
[2022-11-08T14:57:10.729+0000] {logging_mixin.py:120} INFO - [2022-11-08T14:57:10.729+0000] {dag.py:2585} INFO - Sync 1 DAGs
[2022-11-08T14:57:10.765+0000] {logging_mixin.py:120} INFO - [2022-11-08T14:57:10.764+0000] {dag.py:3340} INFO - Setting next_dagrun for tutorial_dag to None, run_after=None
[2022-11-08T14:57:10.784+0000] {processor.py:176} INFO - Processing /home/airflow/.local/lib/python3.7/site-packages/airflow/example_dags/tutorial_dag.py took 0.134 seconds
[2022-11-08T14:57:41.801+0000] {processor.py:154} INFO - Started process (PID=10325) to work on /home/airflow/.local/lib/python3.7/site-packages/airflow/example_dags/tutorial_dag.py
[2022-11-08T14:57:41.801+0000] {processor.py:756} INFO - Processing file /home/airflow/.local/lib/python3.7/site-packages/airflow/example_dags/tutorial_dag.py for tasks to queue
[2022-11-08T14:57:41.802+0000] {logging_mixin.py:120} INFO - [2022-11-08T14:57:41.802+0000] {dagbag.py:537} INFO - Filling up the DagBag from /home/airflow/.local/lib/python3.7/site-packages/airflow/example_dags/tutorial_dag.py
[2022-11-08T14:57:41.818+0000] {processor.py:766} INFO - DAG(s) dict_keys(['tutorial_dag']) retrieved from /home/airflow/.local/lib/python3.7/site-packages/airflow/example_dags/tutorial_dag.py
[2022-11-08T14:57:41.858+0000] {logging_mixin.py:120} INFO - [2022-11-08T14:57:41.858+0000] {dag.py:2585} INFO - Sync 1 DAGs
[2022-11-08T14:57:41.884+0000] {logging_mixin.py:120} INFO - [2022-11-08T14:57:41.884+0000] {dag.py:3340} INFO - Setting next_dagrun for tutorial_dag to None, run_after=None
[2022-11-08T14:57:41.902+0000] {processor.py:176} INFO - Processing /home/airflow/.local/lib/python3.7/site-packages/airflow/example_dags/tutorial_dag.py took 0.105 seconds
[2022-11-08T14:58:12.114+0000] {processor.py:154} INFO - Started process (PID=10532) to work on /home/airflow/.local/lib/python3.7/site-packages/airflow/example_dags/tutorial_dag.py
[2022-11-08T14:58:12.115+0000] {processor.py:756} INFO - Processing file /home/airflow/.local/lib/python3.7/site-packages/airflow/example_dags/tutorial_dag.py for tasks to queue
[2022-11-08T14:58:12.115+0000] {logging_mixin.py:120} INFO - [2022-11-08T14:58:12.115+0000] {dagbag.py:537} INFO - Filling up the DagBag from /home/airflow/.local/lib/python3.7/site-packages/airflow/example_dags/tutorial_dag.py
[2022-11-08T14:58:12.129+0000] {processor.py:766} INFO - DAG(s) dict_keys(['tutorial_dag']) retrieved from /home/airflow/.local/lib/python3.7/site-packages/airflow/example_dags/tutorial_dag.py
[2022-11-08T14:58:12.171+0000] {logging_mixin.py:120} INFO - [2022-11-08T14:58:12.171+0000] {dag.py:2585} INFO - Sync 1 DAGs
[2022-11-08T14:58:12.195+0000] {logging_mixin.py:120} INFO - [2022-11-08T14:58:12.194+0000] {dag.py:3340} INFO - Setting next_dagrun for tutorial_dag to None, run_after=None
[2022-11-08T14:58:12.213+0000] {processor.py:176} INFO - Processing /home/airflow/.local/lib/python3.7/site-packages/airflow/example_dags/tutorial_dag.py took 0.103 seconds
[2022-11-08T14:58:42.294+0000] {processor.py:154} INFO - Started process (PID=10727) to work on /home/airflow/.local/lib/python3.7/site-packages/airflow/example_dags/tutorial_dag.py
[2022-11-08T14:58:42.296+0000] {processor.py:756} INFO - Processing file /home/airflow/.local/lib/python3.7/site-packages/airflow/example_dags/tutorial_dag.py for tasks to queue
[2022-11-08T14:58:42.297+0000] {logging_mixin.py:120} INFO - [2022-11-08T14:58:42.296+0000] {dagbag.py:537} INFO - Filling up the DagBag from /home/airflow/.local/lib/python3.7/site-packages/airflow/example_dags/tutorial_dag.py
[2022-11-08T14:58:42.311+0000] {processor.py:766} INFO - DAG(s) dict_keys(['tutorial_dag']) retrieved from /home/airflow/.local/lib/python3.7/site-packages/airflow/example_dags/tutorial_dag.py
[2022-11-08T14:58:42.354+0000] {logging_mixin.py:120} INFO - [2022-11-08T14:58:42.354+0000] {dag.py:2585} INFO - Sync 1 DAGs
[2022-11-08T14:58:42.380+0000] {logging_mixin.py:120} INFO - [2022-11-08T14:58:42.380+0000] {dag.py:3340} INFO - Setting next_dagrun for tutorial_dag to None, run_after=None
[2022-11-08T14:58:42.405+0000] {processor.py:176} INFO - Processing /home/airflow/.local/lib/python3.7/site-packages/airflow/example_dags/tutorial_dag.py took 0.114 seconds
[2022-11-08T14:59:12.686+0000] {processor.py:154} INFO - Started process (PID=10937) to work on /home/airflow/.local/lib/python3.7/site-packages/airflow/example_dags/tutorial_dag.py
[2022-11-08T14:59:12.687+0000] {processor.py:756} INFO - Processing file /home/airflow/.local/lib/python3.7/site-packages/airflow/example_dags/tutorial_dag.py for tasks to queue
[2022-11-08T14:59:12.687+0000] {logging_mixin.py:120} INFO - [2022-11-08T14:59:12.687+0000] {dagbag.py:537} INFO - Filling up the DagBag from /home/airflow/.local/lib/python3.7/site-packages/airflow/example_dags/tutorial_dag.py
[2022-11-08T14:59:12.700+0000] {processor.py:766} INFO - DAG(s) dict_keys(['tutorial_dag']) retrieved from /home/airflow/.local/lib/python3.7/site-packages/airflow/example_dags/tutorial_dag.py
[2022-11-08T14:59:12.741+0000] {logging_mixin.py:120} INFO - [2022-11-08T14:59:12.741+0000] {dag.py:2585} INFO - Sync 1 DAGs
[2022-11-08T14:59:12.765+0000] {logging_mixin.py:120} INFO - [2022-11-08T14:59:12.765+0000] {dag.py:3340} INFO - Setting next_dagrun for tutorial_dag to None, run_after=None
[2022-11-08T14:59:12.782+0000] {processor.py:176} INFO - Processing /home/airflow/.local/lib/python3.7/site-packages/airflow/example_dags/tutorial_dag.py took 0.101 seconds
[2022-11-08T14:59:42.904+0000] {processor.py:154} INFO - Started process (PID=11141) to work on /home/airflow/.local/lib/python3.7/site-packages/airflow/example_dags/tutorial_dag.py
[2022-11-08T14:59:42.905+0000] {processor.py:756} INFO - Processing file /home/airflow/.local/lib/python3.7/site-packages/airflow/example_dags/tutorial_dag.py for tasks to queue
[2022-11-08T14:59:42.906+0000] {logging_mixin.py:120} INFO - [2022-11-08T14:59:42.906+0000] {dagbag.py:537} INFO - Filling up the DagBag from /home/airflow/.local/lib/python3.7/site-packages/airflow/example_dags/tutorial_dag.py
[2022-11-08T14:59:42.919+0000] {processor.py:766} INFO - DAG(s) dict_keys(['tutorial_dag']) retrieved from /home/airflow/.local/lib/python3.7/site-packages/airflow/example_dags/tutorial_dag.py
[2022-11-08T14:59:42.965+0000] {logging_mixin.py:120} INFO - [2022-11-08T14:59:42.964+0000] {dag.py:2585} INFO - Sync 1 DAGs
[2022-11-08T14:59:42.988+0000] {logging_mixin.py:120} INFO - [2022-11-08T14:59:42.987+0000] {dag.py:3340} INFO - Setting next_dagrun for tutorial_dag to None, run_after=None
[2022-11-08T14:59:43.006+0000] {processor.py:176} INFO - Processing /home/airflow/.local/lib/python3.7/site-packages/airflow/example_dags/tutorial_dag.py took 0.106 seconds
[2022-11-08T15:00:13.266+0000] {processor.py:154} INFO - Started process (PID=11351) to work on /home/airflow/.local/lib/python3.7/site-packages/airflow/example_dags/tutorial_dag.py
[2022-11-08T15:00:13.267+0000] {processor.py:756} INFO - Processing file /home/airflow/.local/lib/python3.7/site-packages/airflow/example_dags/tutorial_dag.py for tasks to queue
[2022-11-08T15:00:13.268+0000] {logging_mixin.py:120} INFO - [2022-11-08T15:00:13.268+0000] {dagbag.py:537} INFO - Filling up the DagBag from /home/airflow/.local/lib/python3.7/site-packages/airflow/example_dags/tutorial_dag.py
[2022-11-08T15:00:13.283+0000] {processor.py:766} INFO - DAG(s) dict_keys(['tutorial_dag']) retrieved from /home/airflow/.local/lib/python3.7/site-packages/airflow/example_dags/tutorial_dag.py
[2022-11-08T15:00:13.340+0000] {logging_mixin.py:120} INFO - [2022-11-08T15:00:13.339+0000] {dag.py:2585} INFO - Sync 1 DAGs
[2022-11-08T15:00:13.380+0000] {logging_mixin.py:120} INFO - [2022-11-08T15:00:13.380+0000] {dag.py:3340} INFO - Setting next_dagrun for tutorial_dag to None, run_after=None
[2022-11-08T15:00:13.408+0000] {processor.py:176} INFO - Processing /home/airflow/.local/lib/python3.7/site-packages/airflow/example_dags/tutorial_dag.py took 0.146 seconds
[2022-11-08T15:00:43.523+0000] {processor.py:154} INFO - Started process (PID=11546) to work on /home/airflow/.local/lib/python3.7/site-packages/airflow/example_dags/tutorial_dag.py
[2022-11-08T15:00:43.524+0000] {processor.py:756} INFO - Processing file /home/airflow/.local/lib/python3.7/site-packages/airflow/example_dags/tutorial_dag.py for tasks to queue
[2022-11-08T15:00:43.524+0000] {logging_mixin.py:120} INFO - [2022-11-08T15:00:43.524+0000] {dagbag.py:537} INFO - Filling up the DagBag from /home/airflow/.local/lib/python3.7/site-packages/airflow/example_dags/tutorial_dag.py
[2022-11-08T15:00:43.537+0000] {processor.py:766} INFO - DAG(s) dict_keys(['tutorial_dag']) retrieved from /home/airflow/.local/lib/python3.7/site-packages/airflow/example_dags/tutorial_dag.py
[2022-11-08T15:00:43.580+0000] {logging_mixin.py:120} INFO - [2022-11-08T15:00:43.580+0000] {dag.py:2585} INFO - Sync 1 DAGs
[2022-11-08T15:00:43.601+0000] {logging_mixin.py:120} INFO - [2022-11-08T15:00:43.601+0000] {dag.py:3340} INFO - Setting next_dagrun for tutorial_dag to None, run_after=None
[2022-11-08T15:00:43.623+0000] {processor.py:176} INFO - Processing /home/airflow/.local/lib/python3.7/site-packages/airflow/example_dags/tutorial_dag.py took 0.105 seconds
[2022-11-08T15:01:13.786+0000] {processor.py:154} INFO - Started process (PID=11754) to work on /home/airflow/.local/lib/python3.7/site-packages/airflow/example_dags/tutorial_dag.py
[2022-11-08T15:01:13.787+0000] {processor.py:756} INFO - Processing file /home/airflow/.local/lib/python3.7/site-packages/airflow/example_dags/tutorial_dag.py for tasks to queue
[2022-11-08T15:01:13.788+0000] {logging_mixin.py:120} INFO - [2022-11-08T15:01:13.787+0000] {dagbag.py:537} INFO - Filling up the DagBag from /home/airflow/.local/lib/python3.7/site-packages/airflow/example_dags/tutorial_dag.py
[2022-11-08T15:01:13.805+0000] {processor.py:766} INFO - DAG(s) dict_keys(['tutorial_dag']) retrieved from /home/airflow/.local/lib/python3.7/site-packages/airflow/example_dags/tutorial_dag.py
[2022-11-08T15:01:13.847+0000] {logging_mixin.py:120} INFO - [2022-11-08T15:01:13.846+0000] {dag.py:2585} INFO - Sync 1 DAGs
[2022-11-08T15:01:13.874+0000] {logging_mixin.py:120} INFO - [2022-11-08T15:01:13.874+0000] {dag.py:3340} INFO - Setting next_dagrun for tutorial_dag to None, run_after=None
[2022-11-08T15:01:13.894+0000] {processor.py:176} INFO - Processing /home/airflow/.local/lib/python3.7/site-packages/airflow/example_dags/tutorial_dag.py took 0.113 seconds
