[2022-11-08T14:25:00.826+0000] {processor.py:154} INFO - Started process (PID=64) to work on /home/airflow/.local/lib/python3.7/site-packages/airflow/example_dags/tutorial.py
[2022-11-08T14:25:00.827+0000] {processor.py:756} INFO - Processing file /home/airflow/.local/lib/python3.7/site-packages/airflow/example_dags/tutorial.py for tasks to queue
[2022-11-08T14:25:00.827+0000] {logging_mixin.py:120} INFO - [2022-11-08T14:25:00.827+0000] {dagbag.py:537} INFO - Filling up the DagBag from /home/airflow/.local/lib/python3.7/site-packages/airflow/example_dags/tutorial.py
[2022-11-08T14:25:00.844+0000] {processor.py:766} INFO - DAG(s) dict_keys(['tutorial']) retrieved from /home/airflow/.local/lib/python3.7/site-packages/airflow/example_dags/tutorial.py
[2022-11-08T14:25:00.868+0000] {logging_mixin.py:120} INFO - [2022-11-08T14:25:00.868+0000] {dag.py:2585} INFO - Sync 1 DAGs
[2022-11-08T14:25:00.890+0000] {logging_mixin.py:120} INFO - [2022-11-08T14:25:00.890+0000] {dag.py:3340} INFO - Setting next_dagrun for tutorial to 2022-11-07T14:25:00.890485+00:00, run_after=2022-11-08T14:25:00.890485+00:00
[2022-11-08T14:25:00.909+0000] {processor.py:176} INFO - Processing /home/airflow/.local/lib/python3.7/site-packages/airflow/example_dags/tutorial.py took 0.088 seconds
[2022-11-08T14:25:31.723+0000] {processor.py:154} INFO - Started process (PID=127) to work on /home/airflow/.local/lib/python3.7/site-packages/airflow/example_dags/tutorial.py
[2022-11-08T14:25:31.726+0000] {processor.py:756} INFO - Processing file /home/airflow/.local/lib/python3.7/site-packages/airflow/example_dags/tutorial.py for tasks to queue
[2022-11-08T14:25:31.729+0000] {logging_mixin.py:120} INFO - [2022-11-08T14:25:31.728+0000] {dagbag.py:537} INFO - Filling up the DagBag from /home/airflow/.local/lib/python3.7/site-packages/airflow/example_dags/tutorial.py
[2022-11-08T14:25:31.749+0000] {processor.py:766} INFO - DAG(s) dict_keys(['tutorial']) retrieved from /home/airflow/.local/lib/python3.7/site-packages/airflow/example_dags/tutorial.py
[2022-11-08T14:25:31.791+0000] {logging_mixin.py:120} INFO - [2022-11-08T14:25:31.791+0000] {dag.py:2585} INFO - Sync 1 DAGs
[2022-11-08T14:25:31.817+0000] {logging_mixin.py:120} INFO - [2022-11-08T14:25:31.817+0000] {dag.py:3340} INFO - Setting next_dagrun for tutorial to 2022-11-07T14:25:31.817103+00:00, run_after=2022-11-08T14:25:31.817103+00:00
[2022-11-08T14:25:31.839+0000] {processor.py:176} INFO - Processing /home/airflow/.local/lib/python3.7/site-packages/airflow/example_dags/tutorial.py took 0.126 seconds
[2022-11-08T14:26:02.400+0000] {processor.py:154} INFO - Started process (PID=191) to work on /home/airflow/.local/lib/python3.7/site-packages/airflow/example_dags/tutorial.py
[2022-11-08T14:26:02.401+0000] {processor.py:756} INFO - Processing file /home/airflow/.local/lib/python3.7/site-packages/airflow/example_dags/tutorial.py for tasks to queue
[2022-11-08T14:26:02.402+0000] {logging_mixin.py:120} INFO - [2022-11-08T14:26:02.402+0000] {dagbag.py:537} INFO - Filling up the DagBag from /home/airflow/.local/lib/python3.7/site-packages/airflow/example_dags/tutorial.py
[2022-11-08T14:26:02.416+0000] {processor.py:766} INFO - DAG(s) dict_keys(['tutorial']) retrieved from /home/airflow/.local/lib/python3.7/site-packages/airflow/example_dags/tutorial.py
[2022-11-08T14:26:02.454+0000] {logging_mixin.py:120} INFO - [2022-11-08T14:26:02.454+0000] {dag.py:2585} INFO - Sync 1 DAGs
[2022-11-08T14:26:02.477+0000] {logging_mixin.py:120} INFO - [2022-11-08T14:26:02.477+0000] {dag.py:3340} INFO - Setting next_dagrun for tutorial to 2022-11-07T14:26:02.477479+00:00, run_after=2022-11-08T14:26:02.477479+00:00
[2022-11-08T14:26:02.495+0000] {processor.py:176} INFO - Processing /home/airflow/.local/lib/python3.7/site-packages/airflow/example_dags/tutorial.py took 0.097 seconds
[2022-11-08T14:26:33.081+0000] {processor.py:154} INFO - Started process (PID=254) to work on /home/airflow/.local/lib/python3.7/site-packages/airflow/example_dags/tutorial.py
[2022-11-08T14:26:33.082+0000] {processor.py:756} INFO - Processing file /home/airflow/.local/lib/python3.7/site-packages/airflow/example_dags/tutorial.py for tasks to queue
[2022-11-08T14:26:33.083+0000] {logging_mixin.py:120} INFO - [2022-11-08T14:26:33.082+0000] {dagbag.py:537} INFO - Filling up the DagBag from /home/airflow/.local/lib/python3.7/site-packages/airflow/example_dags/tutorial.py
[2022-11-08T14:26:33.099+0000] {processor.py:766} INFO - DAG(s) dict_keys(['tutorial']) retrieved from /home/airflow/.local/lib/python3.7/site-packages/airflow/example_dags/tutorial.py
[2022-11-08T14:26:33.141+0000] {logging_mixin.py:120} INFO - [2022-11-08T14:26:33.140+0000] {dag.py:2585} INFO - Sync 1 DAGs
[2022-11-08T14:26:33.163+0000] {logging_mixin.py:120} INFO - [2022-11-08T14:26:33.163+0000] {dag.py:3340} INFO - Setting next_dagrun for tutorial to 2022-11-07T14:26:33.163164+00:00, run_after=2022-11-08T14:26:33.163164+00:00
[2022-11-08T14:26:33.183+0000] {processor.py:176} INFO - Processing /home/airflow/.local/lib/python3.7/site-packages/airflow/example_dags/tutorial.py took 0.106 seconds
[2022-11-08T14:27:03.811+0000] {processor.py:154} INFO - Started process (PID=317) to work on /home/airflow/.local/lib/python3.7/site-packages/airflow/example_dags/tutorial.py
[2022-11-08T14:27:03.813+0000] {processor.py:756} INFO - Processing file /home/airflow/.local/lib/python3.7/site-packages/airflow/example_dags/tutorial.py for tasks to queue
[2022-11-08T14:27:03.814+0000] {logging_mixin.py:120} INFO - [2022-11-08T14:27:03.814+0000] {dagbag.py:537} INFO - Filling up the DagBag from /home/airflow/.local/lib/python3.7/site-packages/airflow/example_dags/tutorial.py
[2022-11-08T14:27:03.833+0000] {processor.py:766} INFO - DAG(s) dict_keys(['tutorial']) retrieved from /home/airflow/.local/lib/python3.7/site-packages/airflow/example_dags/tutorial.py
[2022-11-08T14:27:03.879+0000] {logging_mixin.py:120} INFO - [2022-11-08T14:27:03.879+0000] {dag.py:2585} INFO - Sync 1 DAGs
[2022-11-08T14:27:03.911+0000] {logging_mixin.py:120} INFO - [2022-11-08T14:27:03.911+0000] {dag.py:3340} INFO - Setting next_dagrun for tutorial to 2022-11-07T14:27:03.910911+00:00, run_after=2022-11-08T14:27:03.910911+00:00
[2022-11-08T14:27:03.934+0000] {processor.py:176} INFO - Processing /home/airflow/.local/lib/python3.7/site-packages/airflow/example_dags/tutorial.py took 0.128 seconds
[2022-11-08T14:27:34.823+0000] {processor.py:154} INFO - Started process (PID=371) to work on /home/airflow/.local/lib/python3.7/site-packages/airflow/example_dags/tutorial.py
[2022-11-08T14:27:34.824+0000] {processor.py:756} INFO - Processing file /home/airflow/.local/lib/python3.7/site-packages/airflow/example_dags/tutorial.py for tasks to queue
[2022-11-08T14:27:34.825+0000] {logging_mixin.py:120} INFO - [2022-11-08T14:27:34.825+0000] {dagbag.py:537} INFO - Filling up the DagBag from /home/airflow/.local/lib/python3.7/site-packages/airflow/example_dags/tutorial.py
[2022-11-08T14:27:34.840+0000] {processor.py:766} INFO - DAG(s) dict_keys(['tutorial']) retrieved from /home/airflow/.local/lib/python3.7/site-packages/airflow/example_dags/tutorial.py
[2022-11-08T14:27:34.876+0000] {logging_mixin.py:120} INFO - [2022-11-08T14:27:34.875+0000] {dag.py:2585} INFO - Sync 1 DAGs
[2022-11-08T14:27:34.897+0000] {logging_mixin.py:120} INFO - [2022-11-08T14:27:34.897+0000] {dag.py:3340} INFO - Setting next_dagrun for tutorial to 2022-11-07T14:27:34.897539+00:00, run_after=2022-11-08T14:27:34.897539+00:00
[2022-11-08T14:27:34.914+0000] {processor.py:176} INFO - Processing /home/airflow/.local/lib/python3.7/site-packages/airflow/example_dags/tutorial.py took 0.098 seconds
[2022-11-08T14:28:05.376+0000] {processor.py:154} INFO - Started process (PID=435) to work on /home/airflow/.local/lib/python3.7/site-packages/airflow/example_dags/tutorial.py
[2022-11-08T14:28:05.377+0000] {processor.py:756} INFO - Processing file /home/airflow/.local/lib/python3.7/site-packages/airflow/example_dags/tutorial.py for tasks to queue
[2022-11-08T14:28:05.378+0000] {logging_mixin.py:120} INFO - [2022-11-08T14:28:05.378+0000] {dagbag.py:537} INFO - Filling up the DagBag from /home/airflow/.local/lib/python3.7/site-packages/airflow/example_dags/tutorial.py
[2022-11-08T14:28:05.391+0000] {processor.py:766} INFO - DAG(s) dict_keys(['tutorial']) retrieved from /home/airflow/.local/lib/python3.7/site-packages/airflow/example_dags/tutorial.py
[2022-11-08T14:28:05.427+0000] {logging_mixin.py:120} INFO - [2022-11-08T14:28:05.427+0000] {dag.py:2585} INFO - Sync 1 DAGs
[2022-11-08T14:28:05.448+0000] {logging_mixin.py:120} INFO - [2022-11-08T14:28:05.448+0000] {dag.py:3340} INFO - Setting next_dagrun for tutorial to 2022-11-07T14:28:05.448511+00:00, run_after=2022-11-08T14:28:05.448511+00:00
[2022-11-08T14:28:05.465+0000] {processor.py:176} INFO - Processing /home/airflow/.local/lib/python3.7/site-packages/airflow/example_dags/tutorial.py took 0.093 seconds
[2022-11-08T14:28:36.250+0000] {processor.py:154} INFO - Started process (PID=498) to work on /home/airflow/.local/lib/python3.7/site-packages/airflow/example_dags/tutorial.py
[2022-11-08T14:28:36.251+0000] {processor.py:756} INFO - Processing file /home/airflow/.local/lib/python3.7/site-packages/airflow/example_dags/tutorial.py for tasks to queue
[2022-11-08T14:28:36.252+0000] {logging_mixin.py:120} INFO - [2022-11-08T14:28:36.252+0000] {dagbag.py:537} INFO - Filling up the DagBag from /home/airflow/.local/lib/python3.7/site-packages/airflow/example_dags/tutorial.py
[2022-11-08T14:28:36.264+0000] {processor.py:766} INFO - DAG(s) dict_keys(['tutorial']) retrieved from /home/airflow/.local/lib/python3.7/site-packages/airflow/example_dags/tutorial.py
[2022-11-08T14:28:36.298+0000] {logging_mixin.py:120} INFO - [2022-11-08T14:28:36.298+0000] {dag.py:2585} INFO - Sync 1 DAGs
[2022-11-08T14:28:36.329+0000] {logging_mixin.py:120} INFO - [2022-11-08T14:28:36.329+0000] {dag.py:3340} INFO - Setting next_dagrun for tutorial to 2022-11-07T14:28:36.328777+00:00, run_after=2022-11-08T14:28:36.328777+00:00
[2022-11-08T14:28:36.373+0000] {processor.py:176} INFO - Processing /home/airflow/.local/lib/python3.7/site-packages/airflow/example_dags/tutorial.py took 0.127 seconds
[2022-11-08T14:29:06.818+0000] {processor.py:154} INFO - Started process (PID=561) to work on /home/airflow/.local/lib/python3.7/site-packages/airflow/example_dags/tutorial.py
[2022-11-08T14:29:06.819+0000] {processor.py:756} INFO - Processing file /home/airflow/.local/lib/python3.7/site-packages/airflow/example_dags/tutorial.py for tasks to queue
[2022-11-08T14:29:06.820+0000] {logging_mixin.py:120} INFO - [2022-11-08T14:29:06.820+0000] {dagbag.py:537} INFO - Filling up the DagBag from /home/airflow/.local/lib/python3.7/site-packages/airflow/example_dags/tutorial.py
[2022-11-08T14:29:06.836+0000] {processor.py:766} INFO - DAG(s) dict_keys(['tutorial']) retrieved from /home/airflow/.local/lib/python3.7/site-packages/airflow/example_dags/tutorial.py
[2022-11-08T14:29:06.869+0000] {logging_mixin.py:120} INFO - [2022-11-08T14:29:06.869+0000] {dag.py:2585} INFO - Sync 1 DAGs
[2022-11-08T14:29:06.889+0000] {logging_mixin.py:120} INFO - [2022-11-08T14:29:06.889+0000] {dag.py:3340} INFO - Setting next_dagrun for tutorial to 2022-11-07T14:29:06.889032+00:00, run_after=2022-11-08T14:29:06.889032+00:00
[2022-11-08T14:29:06.904+0000] {processor.py:176} INFO - Processing /home/airflow/.local/lib/python3.7/site-packages/airflow/example_dags/tutorial.py took 0.089 seconds
[2022-11-08T14:29:37.384+0000] {processor.py:154} INFO - Started process (PID=615) to work on /home/airflow/.local/lib/python3.7/site-packages/airflow/example_dags/tutorial.py
[2022-11-08T14:29:37.385+0000] {processor.py:756} INFO - Processing file /home/airflow/.local/lib/python3.7/site-packages/airflow/example_dags/tutorial.py for tasks to queue
[2022-11-08T14:29:37.386+0000] {logging_mixin.py:120} INFO - [2022-11-08T14:29:37.386+0000] {dagbag.py:537} INFO - Filling up the DagBag from /home/airflow/.local/lib/python3.7/site-packages/airflow/example_dags/tutorial.py
[2022-11-08T14:29:37.401+0000] {processor.py:766} INFO - DAG(s) dict_keys(['tutorial']) retrieved from /home/airflow/.local/lib/python3.7/site-packages/airflow/example_dags/tutorial.py
[2022-11-08T14:29:37.435+0000] {logging_mixin.py:120} INFO - [2022-11-08T14:29:37.435+0000] {dag.py:2585} INFO - Sync 1 DAGs
[2022-11-08T14:29:37.456+0000] {logging_mixin.py:120} INFO - [2022-11-08T14:29:37.456+0000] {dag.py:3340} INFO - Setting next_dagrun for tutorial to 2022-11-07T14:29:37.456291+00:00, run_after=2022-11-08T14:29:37.456291+00:00
[2022-11-08T14:29:37.473+0000] {processor.py:176} INFO - Processing /home/airflow/.local/lib/python3.7/site-packages/airflow/example_dags/tutorial.py took 0.092 seconds
[2022-11-08T14:30:07.842+0000] {processor.py:154} INFO - Started process (PID=678) to work on /home/airflow/.local/lib/python3.7/site-packages/airflow/example_dags/tutorial.py
[2022-11-08T14:30:07.843+0000] {processor.py:756} INFO - Processing file /home/airflow/.local/lib/python3.7/site-packages/airflow/example_dags/tutorial.py for tasks to queue
[2022-11-08T14:30:07.844+0000] {logging_mixin.py:120} INFO - [2022-11-08T14:30:07.844+0000] {dagbag.py:537} INFO - Filling up the DagBag from /home/airflow/.local/lib/python3.7/site-packages/airflow/example_dags/tutorial.py
[2022-11-08T14:30:07.857+0000] {processor.py:766} INFO - DAG(s) dict_keys(['tutorial']) retrieved from /home/airflow/.local/lib/python3.7/site-packages/airflow/example_dags/tutorial.py
[2022-11-08T14:30:07.894+0000] {logging_mixin.py:120} INFO - [2022-11-08T14:30:07.893+0000] {dag.py:2585} INFO - Sync 1 DAGs
[2022-11-08T14:30:07.915+0000] {logging_mixin.py:120} INFO - [2022-11-08T14:30:07.915+0000] {dag.py:3340} INFO - Setting next_dagrun for tutorial to 2022-11-07T14:30:07.915285+00:00, run_after=2022-11-08T14:30:07.915285+00:00
[2022-11-08T14:30:07.932+0000] {processor.py:176} INFO - Processing /home/airflow/.local/lib/python3.7/site-packages/airflow/example_dags/tutorial.py took 0.093 seconds
[2022-11-08T14:30:38.504+0000] {processor.py:154} INFO - Started process (PID=742) to work on /home/airflow/.local/lib/python3.7/site-packages/airflow/example_dags/tutorial.py
[2022-11-08T14:30:38.505+0000] {processor.py:756} INFO - Processing file /home/airflow/.local/lib/python3.7/site-packages/airflow/example_dags/tutorial.py for tasks to queue
[2022-11-08T14:30:38.506+0000] {logging_mixin.py:120} INFO - [2022-11-08T14:30:38.505+0000] {dagbag.py:537} INFO - Filling up the DagBag from /home/airflow/.local/lib/python3.7/site-packages/airflow/example_dags/tutorial.py
[2022-11-08T14:30:38.524+0000] {processor.py:766} INFO - DAG(s) dict_keys(['tutorial']) retrieved from /home/airflow/.local/lib/python3.7/site-packages/airflow/example_dags/tutorial.py
[2022-11-08T14:30:38.576+0000] {logging_mixin.py:120} INFO - [2022-11-08T14:30:38.576+0000] {dag.py:2585} INFO - Sync 1 DAGs
[2022-11-08T14:30:38.612+0000] {logging_mixin.py:120} INFO - [2022-11-08T14:30:38.612+0000] {dag.py:3340} INFO - Setting next_dagrun for tutorial to 2022-11-07T14:30:38.611602+00:00, run_after=2022-11-08T14:30:38.611602+00:00
[2022-11-08T14:30:38.640+0000] {processor.py:176} INFO - Processing /home/airflow/.local/lib/python3.7/site-packages/airflow/example_dags/tutorial.py took 0.140 seconds
[2022-11-08T14:31:09.444+0000] {processor.py:154} INFO - Started process (PID=805) to work on /home/airflow/.local/lib/python3.7/site-packages/airflow/example_dags/tutorial.py
[2022-11-08T14:31:09.445+0000] {processor.py:756} INFO - Processing file /home/airflow/.local/lib/python3.7/site-packages/airflow/example_dags/tutorial.py for tasks to queue
[2022-11-08T14:31:09.446+0000] {logging_mixin.py:120} INFO - [2022-11-08T14:31:09.445+0000] {dagbag.py:537} INFO - Filling up the DagBag from /home/airflow/.local/lib/python3.7/site-packages/airflow/example_dags/tutorial.py
[2022-11-08T14:31:09.462+0000] {processor.py:766} INFO - DAG(s) dict_keys(['tutorial']) retrieved from /home/airflow/.local/lib/python3.7/site-packages/airflow/example_dags/tutorial.py
[2022-11-08T14:31:09.509+0000] {logging_mixin.py:120} INFO - [2022-11-08T14:31:09.509+0000] {dag.py:2585} INFO - Sync 1 DAGs
[2022-11-08T14:31:09.536+0000] {logging_mixin.py:120} INFO - [2022-11-08T14:31:09.535+0000] {dag.py:3340} INFO - Setting next_dagrun for tutorial to 2022-11-07T14:31:09.535524+00:00, run_after=2022-11-08T14:31:09.535524+00:00
[2022-11-08T14:31:09.556+0000] {processor.py:176} INFO - Processing /home/airflow/.local/lib/python3.7/site-packages/airflow/example_dags/tutorial.py took 0.115 seconds
[2022-11-08T14:31:39.621+0000] {processor.py:154} INFO - Started process (PID=866) to work on /home/airflow/.local/lib/python3.7/site-packages/airflow/example_dags/tutorial.py
[2022-11-08T14:31:39.622+0000] {processor.py:756} INFO - Processing file /home/airflow/.local/lib/python3.7/site-packages/airflow/example_dags/tutorial.py for tasks to queue
[2022-11-08T14:31:39.623+0000] {logging_mixin.py:120} INFO - [2022-11-08T14:31:39.623+0000] {dagbag.py:537} INFO - Filling up the DagBag from /home/airflow/.local/lib/python3.7/site-packages/airflow/example_dags/tutorial.py
[2022-11-08T14:31:39.642+0000] {processor.py:766} INFO - DAG(s) dict_keys(['tutorial']) retrieved from /home/airflow/.local/lib/python3.7/site-packages/airflow/example_dags/tutorial.py
[2022-11-08T14:31:39.672+0000] {logging_mixin.py:120} INFO - [2022-11-08T14:31:39.671+0000] {dag.py:2585} INFO - Sync 1 DAGs
[2022-11-08T14:31:39.693+0000] {logging_mixin.py:120} INFO - [2022-11-08T14:31:39.693+0000] {dag.py:3340} INFO - Setting next_dagrun for tutorial to 2022-11-07T14:31:39.693427+00:00, run_after=2022-11-08T14:31:39.693427+00:00
[2022-11-08T14:31:39.710+0000] {processor.py:176} INFO - Processing /home/airflow/.local/lib/python3.7/site-packages/airflow/example_dags/tutorial.py took 0.092 seconds
[2022-11-08T14:32:10.086+0000] {processor.py:154} INFO - Started process (PID=921) to work on /home/airflow/.local/lib/python3.7/site-packages/airflow/example_dags/tutorial.py
[2022-11-08T14:32:10.087+0000] {processor.py:756} INFO - Processing file /home/airflow/.local/lib/python3.7/site-packages/airflow/example_dags/tutorial.py for tasks to queue
[2022-11-08T14:32:10.088+0000] {logging_mixin.py:120} INFO - [2022-11-08T14:32:10.088+0000] {dagbag.py:537} INFO - Filling up the DagBag from /home/airflow/.local/lib/python3.7/site-packages/airflow/example_dags/tutorial.py
[2022-11-08T14:32:10.100+0000] {processor.py:766} INFO - DAG(s) dict_keys(['tutorial']) retrieved from /home/airflow/.local/lib/python3.7/site-packages/airflow/example_dags/tutorial.py
[2022-11-08T14:32:10.135+0000] {logging_mixin.py:120} INFO - [2022-11-08T14:32:10.135+0000] {dag.py:2585} INFO - Sync 1 DAGs
[2022-11-08T14:32:10.153+0000] {logging_mixin.py:120} INFO - [2022-11-08T14:32:10.153+0000] {dag.py:3340} INFO - Setting next_dagrun for tutorial to 2022-11-07T14:32:10.153489+00:00, run_after=2022-11-08T14:32:10.153489+00:00
[2022-11-08T14:32:10.170+0000] {processor.py:176} INFO - Processing /home/airflow/.local/lib/python3.7/site-packages/airflow/example_dags/tutorial.py took 0.088 seconds
[2022-11-08T14:32:40.259+0000] {processor.py:154} INFO - Started process (PID=307) to work on /home/airflow/.local/lib/python3.7/site-packages/airflow/example_dags/tutorial.py
[2022-11-08T14:32:40.260+0000] {processor.py:756} INFO - Processing file /home/airflow/.local/lib/python3.7/site-packages/airflow/example_dags/tutorial.py for tasks to queue
[2022-11-08T14:32:40.260+0000] {logging_mixin.py:120} INFO - [2022-11-08T14:32:40.260+0000] {dagbag.py:537} INFO - Filling up the DagBag from /home/airflow/.local/lib/python3.7/site-packages/airflow/example_dags/tutorial.py
[2022-11-08T14:32:40.285+0000] {processor.py:766} INFO - DAG(s) dict_keys(['tutorial']) retrieved from /home/airflow/.local/lib/python3.7/site-packages/airflow/example_dags/tutorial.py
[2022-11-08T14:32:40.310+0000] {logging_mixin.py:120} INFO - [2022-11-08T14:32:40.310+0000] {dag.py:2585} INFO - Sync 1 DAGs
[2022-11-08T14:32:40.333+0000] {logging_mixin.py:120} INFO - [2022-11-08T14:32:40.333+0000] {dag.py:3340} INFO - Setting next_dagrun for tutorial to 2022-11-07T14:32:40.333328+00:00, run_after=2022-11-08T14:32:40.333328+00:00
[2022-11-08T14:32:40.351+0000] {processor.py:176} INFO - Processing /home/airflow/.local/lib/python3.7/site-packages/airflow/example_dags/tutorial.py took 0.096 seconds
[2022-11-08T14:33:12.098+0000] {processor.py:154} INFO - Started process (PID=513) to work on /home/airflow/.local/lib/python3.7/site-packages/airflow/example_dags/tutorial.py
[2022-11-08T14:33:12.099+0000] {processor.py:756} INFO - Processing file /home/airflow/.local/lib/python3.7/site-packages/airflow/example_dags/tutorial.py for tasks to queue
[2022-11-08T14:33:12.100+0000] {logging_mixin.py:120} INFO - [2022-11-08T14:33:12.100+0000] {dagbag.py:537} INFO - Filling up the DagBag from /home/airflow/.local/lib/python3.7/site-packages/airflow/example_dags/tutorial.py
[2022-11-08T14:33:12.113+0000] {processor.py:766} INFO - DAG(s) dict_keys(['tutorial']) retrieved from /home/airflow/.local/lib/python3.7/site-packages/airflow/example_dags/tutorial.py
[2022-11-08T14:33:12.149+0000] {logging_mixin.py:120} INFO - [2022-11-08T14:33:12.149+0000] {dag.py:2585} INFO - Sync 1 DAGs
[2022-11-08T14:33:12.173+0000] {logging_mixin.py:120} INFO - [2022-11-08T14:33:12.173+0000] {dag.py:3340} INFO - Setting next_dagrun for tutorial to 2022-11-07T14:33:12.173355+00:00, run_after=2022-11-08T14:33:12.173355+00:00
[2022-11-08T14:33:12.202+0000] {processor.py:176} INFO - Processing /home/airflow/.local/lib/python3.7/site-packages/airflow/example_dags/tutorial.py took 0.107 seconds
[2022-11-08T14:33:42.719+0000] {processor.py:154} INFO - Started process (PID=722) to work on /home/airflow/.local/lib/python3.7/site-packages/airflow/example_dags/tutorial.py
[2022-11-08T14:33:42.720+0000] {processor.py:756} INFO - Processing file /home/airflow/.local/lib/python3.7/site-packages/airflow/example_dags/tutorial.py for tasks to queue
[2022-11-08T14:33:42.721+0000] {logging_mixin.py:120} INFO - [2022-11-08T14:33:42.720+0000] {dagbag.py:537} INFO - Filling up the DagBag from /home/airflow/.local/lib/python3.7/site-packages/airflow/example_dags/tutorial.py
[2022-11-08T14:33:42.736+0000] {processor.py:766} INFO - DAG(s) dict_keys(['tutorial']) retrieved from /home/airflow/.local/lib/python3.7/site-packages/airflow/example_dags/tutorial.py
[2022-11-08T14:33:42.758+0000] {logging_mixin.py:120} INFO - [2022-11-08T14:33:42.757+0000] {dag.py:2585} INFO - Sync 1 DAGs
[2022-11-08T14:33:42.780+0000] {logging_mixin.py:120} INFO - [2022-11-08T14:33:42.780+0000] {dag.py:3340} INFO - Setting next_dagrun for tutorial to 2022-11-07T14:33:42.780327+00:00, run_after=2022-11-08T14:33:42.780327+00:00
[2022-11-08T14:33:42.801+0000] {processor.py:176} INFO - Processing /home/airflow/.local/lib/python3.7/site-packages/airflow/example_dags/tutorial.py took 0.087 seconds
[2022-11-08T14:34:13.760+0000] {processor.py:154} INFO - Started process (PID=930) to work on /home/airflow/.local/lib/python3.7/site-packages/airflow/example_dags/tutorial.py
[2022-11-08T14:34:13.761+0000] {processor.py:756} INFO - Processing file /home/airflow/.local/lib/python3.7/site-packages/airflow/example_dags/tutorial.py for tasks to queue
[2022-11-08T14:34:13.762+0000] {logging_mixin.py:120} INFO - [2022-11-08T14:34:13.761+0000] {dagbag.py:537} INFO - Filling up the DagBag from /home/airflow/.local/lib/python3.7/site-packages/airflow/example_dags/tutorial.py
[2022-11-08T14:34:13.776+0000] {processor.py:766} INFO - DAG(s) dict_keys(['tutorial']) retrieved from /home/airflow/.local/lib/python3.7/site-packages/airflow/example_dags/tutorial.py
[2022-11-08T14:34:13.810+0000] {logging_mixin.py:120} INFO - [2022-11-08T14:34:13.810+0000] {dag.py:2585} INFO - Sync 1 DAGs
[2022-11-08T14:34:13.829+0000] {logging_mixin.py:120} INFO - [2022-11-08T14:34:13.829+0000] {dag.py:3340} INFO - Setting next_dagrun for tutorial to 2022-11-07T14:34:13.828890+00:00, run_after=2022-11-08T14:34:13.828890+00:00
[2022-11-08T14:34:13.843+0000] {processor.py:176} INFO - Processing /home/airflow/.local/lib/python3.7/site-packages/airflow/example_dags/tutorial.py took 0.087 seconds
[2022-11-08T14:34:44.780+0000] {processor.py:154} INFO - Started process (PID=1135) to work on /home/airflow/.local/lib/python3.7/site-packages/airflow/example_dags/tutorial.py
[2022-11-08T14:34:44.781+0000] {processor.py:756} INFO - Processing file /home/airflow/.local/lib/python3.7/site-packages/airflow/example_dags/tutorial.py for tasks to queue
[2022-11-08T14:34:44.782+0000] {logging_mixin.py:120} INFO - [2022-11-08T14:34:44.782+0000] {dagbag.py:537} INFO - Filling up the DagBag from /home/airflow/.local/lib/python3.7/site-packages/airflow/example_dags/tutorial.py
[2022-11-08T14:34:44.799+0000] {processor.py:766} INFO - DAG(s) dict_keys(['tutorial']) retrieved from /home/airflow/.local/lib/python3.7/site-packages/airflow/example_dags/tutorial.py
[2022-11-08T14:34:44.842+0000] {logging_mixin.py:120} INFO - [2022-11-08T14:34:44.842+0000] {dag.py:2585} INFO - Sync 1 DAGs
[2022-11-08T14:34:44.868+0000] {logging_mixin.py:120} INFO - [2022-11-08T14:34:44.867+0000] {dag.py:3340} INFO - Setting next_dagrun for tutorial to 2022-11-07T14:34:44.867547+00:00, run_after=2022-11-08T14:34:44.867547+00:00
[2022-11-08T14:34:44.889+0000] {processor.py:176} INFO - Processing /home/airflow/.local/lib/python3.7/site-packages/airflow/example_dags/tutorial.py took 0.115 seconds
[2022-11-08T14:35:15.674+0000] {processor.py:154} INFO - Started process (PID=1333) to work on /home/airflow/.local/lib/python3.7/site-packages/airflow/example_dags/tutorial.py
[2022-11-08T14:35:15.675+0000] {processor.py:756} INFO - Processing file /home/airflow/.local/lib/python3.7/site-packages/airflow/example_dags/tutorial.py for tasks to queue
[2022-11-08T14:35:15.676+0000] {logging_mixin.py:120} INFO - [2022-11-08T14:35:15.676+0000] {dagbag.py:537} INFO - Filling up the DagBag from /home/airflow/.local/lib/python3.7/site-packages/airflow/example_dags/tutorial.py
[2022-11-08T14:35:15.689+0000] {processor.py:766} INFO - DAG(s) dict_keys(['tutorial']) retrieved from /home/airflow/.local/lib/python3.7/site-packages/airflow/example_dags/tutorial.py
[2022-11-08T14:35:15.728+0000] {logging_mixin.py:120} INFO - [2022-11-08T14:35:15.728+0000] {dag.py:2585} INFO - Sync 1 DAGs
[2022-11-08T14:35:15.749+0000] {logging_mixin.py:120} INFO - [2022-11-08T14:35:15.749+0000] {dag.py:3340} INFO - Setting next_dagrun for tutorial to 2022-11-07T14:35:15.749483+00:00, run_after=2022-11-08T14:35:15.749483+00:00
[2022-11-08T14:35:15.767+0000] {processor.py:176} INFO - Processing /home/airflow/.local/lib/python3.7/site-packages/airflow/example_dags/tutorial.py took 0.097 seconds
[2022-11-08T14:35:46.134+0000] {processor.py:154} INFO - Started process (PID=1540) to work on /home/airflow/.local/lib/python3.7/site-packages/airflow/example_dags/tutorial.py
[2022-11-08T14:35:46.135+0000] {processor.py:756} INFO - Processing file /home/airflow/.local/lib/python3.7/site-packages/airflow/example_dags/tutorial.py for tasks to queue
[2022-11-08T14:35:46.135+0000] {logging_mixin.py:120} INFO - [2022-11-08T14:35:46.135+0000] {dagbag.py:537} INFO - Filling up the DagBag from /home/airflow/.local/lib/python3.7/site-packages/airflow/example_dags/tutorial.py
[2022-11-08T14:35:46.148+0000] {processor.py:766} INFO - DAG(s) dict_keys(['tutorial']) retrieved from /home/airflow/.local/lib/python3.7/site-packages/airflow/example_dags/tutorial.py
[2022-11-08T14:35:46.185+0000] {logging_mixin.py:120} INFO - [2022-11-08T14:35:46.185+0000] {dag.py:2585} INFO - Sync 1 DAGs
[2022-11-08T14:35:46.209+0000] {logging_mixin.py:120} INFO - [2022-11-08T14:35:46.209+0000] {dag.py:3340} INFO - Setting next_dagrun for tutorial to 2022-11-07T14:35:46.209414+00:00, run_after=2022-11-08T14:35:46.209414+00:00
[2022-11-08T14:35:46.230+0000] {processor.py:176} INFO - Processing /home/airflow/.local/lib/python3.7/site-packages/airflow/example_dags/tutorial.py took 0.099 seconds
[2022-11-08T14:36:17.033+0000] {processor.py:154} INFO - Started process (PID=1749) to work on /home/airflow/.local/lib/python3.7/site-packages/airflow/example_dags/tutorial.py
[2022-11-08T14:36:17.034+0000] {processor.py:756} INFO - Processing file /home/airflow/.local/lib/python3.7/site-packages/airflow/example_dags/tutorial.py for tasks to queue
[2022-11-08T14:36:17.034+0000] {logging_mixin.py:120} INFO - [2022-11-08T14:36:17.034+0000] {dagbag.py:537} INFO - Filling up the DagBag from /home/airflow/.local/lib/python3.7/site-packages/airflow/example_dags/tutorial.py
[2022-11-08T14:36:17.053+0000] {processor.py:766} INFO - DAG(s) dict_keys(['tutorial']) retrieved from /home/airflow/.local/lib/python3.7/site-packages/airflow/example_dags/tutorial.py
[2022-11-08T14:36:17.090+0000] {logging_mixin.py:120} INFO - [2022-11-08T14:36:17.089+0000] {dag.py:2585} INFO - Sync 1 DAGs
[2022-11-08T14:36:17.108+0000] {logging_mixin.py:120} INFO - [2022-11-08T14:36:17.108+0000] {dag.py:3340} INFO - Setting next_dagrun for tutorial to 2022-11-07T14:36:17.108063+00:00, run_after=2022-11-08T14:36:17.108063+00:00
[2022-11-08T14:36:17.124+0000] {processor.py:176} INFO - Processing /home/airflow/.local/lib/python3.7/site-packages/airflow/example_dags/tutorial.py took 0.094 seconds
[2022-11-08T14:36:47.747+0000] {processor.py:154} INFO - Started process (PID=1954) to work on /home/airflow/.local/lib/python3.7/site-packages/airflow/example_dags/tutorial.py
[2022-11-08T14:36:47.748+0000] {processor.py:756} INFO - Processing file /home/airflow/.local/lib/python3.7/site-packages/airflow/example_dags/tutorial.py for tasks to queue
[2022-11-08T14:36:47.749+0000] {logging_mixin.py:120} INFO - [2022-11-08T14:36:47.749+0000] {dagbag.py:537} INFO - Filling up the DagBag from /home/airflow/.local/lib/python3.7/site-packages/airflow/example_dags/tutorial.py
[2022-11-08T14:36:47.769+0000] {processor.py:766} INFO - DAG(s) dict_keys(['tutorial']) retrieved from /home/airflow/.local/lib/python3.7/site-packages/airflow/example_dags/tutorial.py
[2022-11-08T14:36:47.820+0000] {logging_mixin.py:120} INFO - [2022-11-08T14:36:47.820+0000] {dag.py:2585} INFO - Sync 1 DAGs
[2022-11-08T14:36:47.851+0000] {logging_mixin.py:120} INFO - [2022-11-08T14:36:47.851+0000] {dag.py:3340} INFO - Setting next_dagrun for tutorial to 2022-11-07T14:36:47.851230+00:00, run_after=2022-11-08T14:36:47.851230+00:00
[2022-11-08T14:36:47.880+0000] {processor.py:176} INFO - Processing /home/airflow/.local/lib/python3.7/site-packages/airflow/example_dags/tutorial.py took 0.138 seconds
[2022-11-08T14:37:18.569+0000] {processor.py:154} INFO - Started process (PID=2152) to work on /home/airflow/.local/lib/python3.7/site-packages/airflow/example_dags/tutorial.py
[2022-11-08T14:37:18.570+0000] {processor.py:756} INFO - Processing file /home/airflow/.local/lib/python3.7/site-packages/airflow/example_dags/tutorial.py for tasks to queue
[2022-11-08T14:37:18.570+0000] {logging_mixin.py:120} INFO - [2022-11-08T14:37:18.570+0000] {dagbag.py:537} INFO - Filling up the DagBag from /home/airflow/.local/lib/python3.7/site-packages/airflow/example_dags/tutorial.py
[2022-11-08T14:37:18.584+0000] {processor.py:766} INFO - DAG(s) dict_keys(['tutorial']) retrieved from /home/airflow/.local/lib/python3.7/site-packages/airflow/example_dags/tutorial.py
[2022-11-08T14:37:18.623+0000] {logging_mixin.py:120} INFO - [2022-11-08T14:37:18.623+0000] {dag.py:2585} INFO - Sync 1 DAGs
[2022-11-08T14:37:18.645+0000] {logging_mixin.py:120} INFO - [2022-11-08T14:37:18.645+0000] {dag.py:3340} INFO - Setting next_dagrun for tutorial to 2022-11-07T14:37:18.645391+00:00, run_after=2022-11-08T14:37:18.645391+00:00
[2022-11-08T14:37:18.665+0000] {processor.py:176} INFO - Processing /home/airflow/.local/lib/python3.7/site-packages/airflow/example_dags/tutorial.py took 0.100 seconds
[2022-11-08T14:37:49.065+0000] {processor.py:154} INFO - Started process (PID=2359) to work on /home/airflow/.local/lib/python3.7/site-packages/airflow/example_dags/tutorial.py
[2022-11-08T14:37:49.066+0000] {processor.py:756} INFO - Processing file /home/airflow/.local/lib/python3.7/site-packages/airflow/example_dags/tutorial.py for tasks to queue
[2022-11-08T14:37:49.067+0000] {logging_mixin.py:120} INFO - [2022-11-08T14:37:49.067+0000] {dagbag.py:537} INFO - Filling up the DagBag from /home/airflow/.local/lib/python3.7/site-packages/airflow/example_dags/tutorial.py
[2022-11-08T14:37:49.081+0000] {processor.py:766} INFO - DAG(s) dict_keys(['tutorial']) retrieved from /home/airflow/.local/lib/python3.7/site-packages/airflow/example_dags/tutorial.py
[2022-11-08T14:37:49.108+0000] {logging_mixin.py:120} INFO - [2022-11-08T14:37:49.108+0000] {dag.py:2585} INFO - Sync 1 DAGs
[2022-11-08T14:37:49.134+0000] {logging_mixin.py:120} INFO - [2022-11-08T14:37:49.134+0000] {dag.py:3340} INFO - Setting next_dagrun for tutorial to 2022-11-07T14:37:49.133760+00:00, run_after=2022-11-08T14:37:49.133760+00:00
[2022-11-08T14:37:49.150+0000] {processor.py:176} INFO - Processing /home/airflow/.local/lib/python3.7/site-packages/airflow/example_dags/tutorial.py took 0.088 seconds
[2022-11-08T14:38:19.824+0000] {processor.py:154} INFO - Started process (PID=2565) to work on /home/airflow/.local/lib/python3.7/site-packages/airflow/example_dags/tutorial.py
[2022-11-08T14:38:19.825+0000] {processor.py:756} INFO - Processing file /home/airflow/.local/lib/python3.7/site-packages/airflow/example_dags/tutorial.py for tasks to queue
[2022-11-08T14:38:19.826+0000] {logging_mixin.py:120} INFO - [2022-11-08T14:38:19.825+0000] {dagbag.py:537} INFO - Filling up the DagBag from /home/airflow/.local/lib/python3.7/site-packages/airflow/example_dags/tutorial.py
[2022-11-08T14:38:19.839+0000] {processor.py:766} INFO - DAG(s) dict_keys(['tutorial']) retrieved from /home/airflow/.local/lib/python3.7/site-packages/airflow/example_dags/tutorial.py
[2022-11-08T14:38:19.864+0000] {logging_mixin.py:120} INFO - [2022-11-08T14:38:19.864+0000] {dag.py:2585} INFO - Sync 1 DAGs
[2022-11-08T14:38:19.887+0000] {logging_mixin.py:120} INFO - [2022-11-08T14:38:19.887+0000] {dag.py:3340} INFO - Setting next_dagrun for tutorial to 2022-11-07T14:38:19.887061+00:00, run_after=2022-11-08T14:38:19.887061+00:00
[2022-11-08T14:38:19.906+0000] {processor.py:176} INFO - Processing /home/airflow/.local/lib/python3.7/site-packages/airflow/example_dags/tutorial.py took 0.085 seconds
[2022-11-08T14:38:50.332+0000] {processor.py:154} INFO - Started process (PID=2772) to work on /home/airflow/.local/lib/python3.7/site-packages/airflow/example_dags/tutorial.py
[2022-11-08T14:38:50.333+0000] {processor.py:756} INFO - Processing file /home/airflow/.local/lib/python3.7/site-packages/airflow/example_dags/tutorial.py for tasks to queue
[2022-11-08T14:38:50.334+0000] {logging_mixin.py:120} INFO - [2022-11-08T14:38:50.333+0000] {dagbag.py:537} INFO - Filling up the DagBag from /home/airflow/.local/lib/python3.7/site-packages/airflow/example_dags/tutorial.py
[2022-11-08T14:38:50.347+0000] {processor.py:766} INFO - DAG(s) dict_keys(['tutorial']) retrieved from /home/airflow/.local/lib/python3.7/site-packages/airflow/example_dags/tutorial.py
[2022-11-08T14:38:50.389+0000] {logging_mixin.py:120} INFO - [2022-11-08T14:38:50.389+0000] {dag.py:2585} INFO - Sync 1 DAGs
[2022-11-08T14:38:50.414+0000] {logging_mixin.py:120} INFO - [2022-11-08T14:38:50.414+0000] {dag.py:3340} INFO - Setting next_dagrun for tutorial to 2022-11-07T14:38:50.414097+00:00, run_after=2022-11-08T14:38:50.414097+00:00
[2022-11-08T14:38:50.432+0000] {processor.py:176} INFO - Processing /home/airflow/.local/lib/python3.7/site-packages/airflow/example_dags/tutorial.py took 0.104 seconds
[2022-11-08T14:39:21.192+0000] {processor.py:154} INFO - Started process (PID=2979) to work on /home/airflow/.local/lib/python3.7/site-packages/airflow/example_dags/tutorial.py
[2022-11-08T14:39:21.193+0000] {processor.py:756} INFO - Processing file /home/airflow/.local/lib/python3.7/site-packages/airflow/example_dags/tutorial.py for tasks to queue
[2022-11-08T14:39:21.194+0000] {logging_mixin.py:120} INFO - [2022-11-08T14:39:21.194+0000] {dagbag.py:537} INFO - Filling up the DagBag from /home/airflow/.local/lib/python3.7/site-packages/airflow/example_dags/tutorial.py
[2022-11-08T14:39:21.212+0000] {processor.py:766} INFO - DAG(s) dict_keys(['tutorial']) retrieved from /home/airflow/.local/lib/python3.7/site-packages/airflow/example_dags/tutorial.py
[2022-11-08T14:39:21.252+0000] {logging_mixin.py:120} INFO - [2022-11-08T14:39:21.251+0000] {dag.py:2585} INFO - Sync 1 DAGs
[2022-11-08T14:39:21.275+0000] {logging_mixin.py:120} INFO - [2022-11-08T14:39:21.275+0000] {dag.py:3340} INFO - Setting next_dagrun for tutorial to 2022-11-07T14:39:21.274745+00:00, run_after=2022-11-08T14:39:21.274745+00:00
[2022-11-08T14:39:21.293+0000] {processor.py:176} INFO - Processing /home/airflow/.local/lib/python3.7/site-packages/airflow/example_dags/tutorial.py took 0.106 seconds
[2022-11-08T14:39:52.196+0000] {processor.py:154} INFO - Started process (PID=3179) to work on /home/airflow/.local/lib/python3.7/site-packages/airflow/example_dags/tutorial.py
[2022-11-08T14:39:52.197+0000] {processor.py:756} INFO - Processing file /home/airflow/.local/lib/python3.7/site-packages/airflow/example_dags/tutorial.py for tasks to queue
[2022-11-08T14:39:52.198+0000] {logging_mixin.py:120} INFO - [2022-11-08T14:39:52.198+0000] {dagbag.py:537} INFO - Filling up the DagBag from /home/airflow/.local/lib/python3.7/site-packages/airflow/example_dags/tutorial.py
[2022-11-08T14:39:52.214+0000] {processor.py:766} INFO - DAG(s) dict_keys(['tutorial']) retrieved from /home/airflow/.local/lib/python3.7/site-packages/airflow/example_dags/tutorial.py
[2022-11-08T14:39:52.261+0000] {logging_mixin.py:120} INFO - [2022-11-08T14:39:52.261+0000] {dag.py:2585} INFO - Sync 1 DAGs
[2022-11-08T14:39:52.290+0000] {logging_mixin.py:120} INFO - [2022-11-08T14:39:52.290+0000] {dag.py:3340} INFO - Setting next_dagrun for tutorial to 2022-11-07T14:39:52.289731+00:00, run_after=2022-11-08T14:39:52.289731+00:00
[2022-11-08T14:39:52.310+0000] {processor.py:176} INFO - Processing /home/airflow/.local/lib/python3.7/site-packages/airflow/example_dags/tutorial.py took 0.119 seconds
[2022-11-08T14:40:23.361+0000] {processor.py:154} INFO - Started process (PID=3384) to work on /home/airflow/.local/lib/python3.7/site-packages/airflow/example_dags/tutorial.py
[2022-11-08T14:40:23.362+0000] {processor.py:756} INFO - Processing file /home/airflow/.local/lib/python3.7/site-packages/airflow/example_dags/tutorial.py for tasks to queue
[2022-11-08T14:40:23.362+0000] {logging_mixin.py:120} INFO - [2022-11-08T14:40:23.362+0000] {dagbag.py:537} INFO - Filling up the DagBag from /home/airflow/.local/lib/python3.7/site-packages/airflow/example_dags/tutorial.py
[2022-11-08T14:40:23.378+0000] {processor.py:766} INFO - DAG(s) dict_keys(['tutorial']) retrieved from /home/airflow/.local/lib/python3.7/site-packages/airflow/example_dags/tutorial.py
[2022-11-08T14:40:23.422+0000] {logging_mixin.py:120} INFO - [2022-11-08T14:40:23.421+0000] {dag.py:2585} INFO - Sync 1 DAGs
[2022-11-08T14:40:23.450+0000] {logging_mixin.py:120} INFO - [2022-11-08T14:40:23.450+0000] {dag.py:3340} INFO - Setting next_dagrun for tutorial to 2022-11-07T14:40:23.449856+00:00, run_after=2022-11-08T14:40:23.449856+00:00
[2022-11-08T14:40:23.470+0000] {processor.py:176} INFO - Processing /home/airflow/.local/lib/python3.7/site-packages/airflow/example_dags/tutorial.py took 0.114 seconds
[2022-11-08T14:40:53.839+0000] {processor.py:154} INFO - Started process (PID=3593) to work on /home/airflow/.local/lib/python3.7/site-packages/airflow/example_dags/tutorial.py
[2022-11-08T14:40:53.840+0000] {processor.py:756} INFO - Processing file /home/airflow/.local/lib/python3.7/site-packages/airflow/example_dags/tutorial.py for tasks to queue
[2022-11-08T14:40:53.840+0000] {logging_mixin.py:120} INFO - [2022-11-08T14:40:53.840+0000] {dagbag.py:537} INFO - Filling up the DagBag from /home/airflow/.local/lib/python3.7/site-packages/airflow/example_dags/tutorial.py
[2022-11-08T14:40:53.857+0000] {processor.py:766} INFO - DAG(s) dict_keys(['tutorial']) retrieved from /home/airflow/.local/lib/python3.7/site-packages/airflow/example_dags/tutorial.py
[2022-11-08T14:40:53.901+0000] {logging_mixin.py:120} INFO - [2022-11-08T14:40:53.901+0000] {dag.py:2585} INFO - Sync 1 DAGs
[2022-11-08T14:40:53.926+0000] {logging_mixin.py:120} INFO - [2022-11-08T14:40:53.926+0000] {dag.py:3340} INFO - Setting next_dagrun for tutorial to 2022-11-07T14:40:53.926124+00:00, run_after=2022-11-08T14:40:53.926124+00:00
[2022-11-08T14:40:53.946+0000] {processor.py:176} INFO - Processing /home/airflow/.local/lib/python3.7/site-packages/airflow/example_dags/tutorial.py took 0.112 seconds
[2022-11-08T14:41:24.048+0000] {processor.py:154} INFO - Started process (PID=3800) to work on /home/airflow/.local/lib/python3.7/site-packages/airflow/example_dags/tutorial.py
[2022-11-08T14:41:24.050+0000] {processor.py:756} INFO - Processing file /home/airflow/.local/lib/python3.7/site-packages/airflow/example_dags/tutorial.py for tasks to queue
[2022-11-08T14:41:24.051+0000] {logging_mixin.py:120} INFO - [2022-11-08T14:41:24.050+0000] {dagbag.py:537} INFO - Filling up the DagBag from /home/airflow/.local/lib/python3.7/site-packages/airflow/example_dags/tutorial.py
[2022-11-08T14:41:24.070+0000] {processor.py:766} INFO - DAG(s) dict_keys(['tutorial']) retrieved from /home/airflow/.local/lib/python3.7/site-packages/airflow/example_dags/tutorial.py
[2022-11-08T14:41:24.113+0000] {logging_mixin.py:120} INFO - [2022-11-08T14:41:24.112+0000] {dag.py:2585} INFO - Sync 1 DAGs
[2022-11-08T14:41:24.137+0000] {logging_mixin.py:120} INFO - [2022-11-08T14:41:24.136+0000] {dag.py:3340} INFO - Setting next_dagrun for tutorial to 2022-11-07T14:41:24.136613+00:00, run_after=2022-11-08T14:41:24.136613+00:00
[2022-11-08T14:41:24.158+0000] {processor.py:176} INFO - Processing /home/airflow/.local/lib/python3.7/site-packages/airflow/example_dags/tutorial.py took 0.113 seconds
[2022-11-08T14:41:54.235+0000] {processor.py:154} INFO - Started process (PID=3996) to work on /home/airflow/.local/lib/python3.7/site-packages/airflow/example_dags/tutorial.py
[2022-11-08T14:41:54.236+0000] {processor.py:756} INFO - Processing file /home/airflow/.local/lib/python3.7/site-packages/airflow/example_dags/tutorial.py for tasks to queue
[2022-11-08T14:41:54.237+0000] {logging_mixin.py:120} INFO - [2022-11-08T14:41:54.237+0000] {dagbag.py:537} INFO - Filling up the DagBag from /home/airflow/.local/lib/python3.7/site-packages/airflow/example_dags/tutorial.py
[2022-11-08T14:41:54.256+0000] {processor.py:766} INFO - DAG(s) dict_keys(['tutorial']) retrieved from /home/airflow/.local/lib/python3.7/site-packages/airflow/example_dags/tutorial.py
[2022-11-08T14:41:54.306+0000] {logging_mixin.py:120} INFO - [2022-11-08T14:41:54.306+0000] {dag.py:2585} INFO - Sync 1 DAGs
[2022-11-08T14:41:54.333+0000] {logging_mixin.py:120} INFO - [2022-11-08T14:41:54.333+0000] {dag.py:3340} INFO - Setting next_dagrun for tutorial to 2022-11-07T14:41:54.332685+00:00, run_after=2022-11-08T14:41:54.332685+00:00
[2022-11-08T14:41:54.356+0000] {processor.py:176} INFO - Processing /home/airflow/.local/lib/python3.7/site-packages/airflow/example_dags/tutorial.py took 0.125 seconds
[2022-11-08T14:42:24.407+0000] {processor.py:154} INFO - Started process (PID=4203) to work on /home/airflow/.local/lib/python3.7/site-packages/airflow/example_dags/tutorial.py
[2022-11-08T14:42:24.408+0000] {processor.py:756} INFO - Processing file /home/airflow/.local/lib/python3.7/site-packages/airflow/example_dags/tutorial.py for tasks to queue
[2022-11-08T14:42:24.408+0000] {logging_mixin.py:120} INFO - [2022-11-08T14:42:24.408+0000] {dagbag.py:537} INFO - Filling up the DagBag from /home/airflow/.local/lib/python3.7/site-packages/airflow/example_dags/tutorial.py
[2022-11-08T14:42:24.421+0000] {processor.py:766} INFO - DAG(s) dict_keys(['tutorial']) retrieved from /home/airflow/.local/lib/python3.7/site-packages/airflow/example_dags/tutorial.py
[2022-11-08T14:42:24.445+0000] {logging_mixin.py:120} INFO - [2022-11-08T14:42:24.445+0000] {dag.py:2585} INFO - Sync 1 DAGs
[2022-11-08T14:42:24.469+0000] {logging_mixin.py:120} INFO - [2022-11-08T14:42:24.468+0000] {dag.py:3340} INFO - Setting next_dagrun for tutorial to 2022-11-07T14:42:24.468592+00:00, run_after=2022-11-08T14:42:24.468592+00:00
[2022-11-08T14:42:24.486+0000] {processor.py:176} INFO - Processing /home/airflow/.local/lib/python3.7/site-packages/airflow/example_dags/tutorial.py took 0.082 seconds
[2022-11-08T14:42:54.967+0000] {processor.py:154} INFO - Started process (PID=4410) to work on /home/airflow/.local/lib/python3.7/site-packages/airflow/example_dags/tutorial.py
[2022-11-08T14:42:54.967+0000] {processor.py:756} INFO - Processing file /home/airflow/.local/lib/python3.7/site-packages/airflow/example_dags/tutorial.py for tasks to queue
[2022-11-08T14:42:54.968+0000] {logging_mixin.py:120} INFO - [2022-11-08T14:42:54.968+0000] {dagbag.py:537} INFO - Filling up the DagBag from /home/airflow/.local/lib/python3.7/site-packages/airflow/example_dags/tutorial.py
[2022-11-08T14:42:54.982+0000] {processor.py:766} INFO - DAG(s) dict_keys(['tutorial']) retrieved from /home/airflow/.local/lib/python3.7/site-packages/airflow/example_dags/tutorial.py
[2022-11-08T14:42:55.015+0000] {logging_mixin.py:120} INFO - [2022-11-08T14:42:55.015+0000] {dag.py:2585} INFO - Sync 1 DAGs
[2022-11-08T14:42:55.035+0000] {logging_mixin.py:120} INFO - [2022-11-08T14:42:55.035+0000] {dag.py:3340} INFO - Setting next_dagrun for tutorial to 2022-11-07T14:42:55.035124+00:00, run_after=2022-11-08T14:42:55.035124+00:00
[2022-11-08T14:42:55.050+0000] {processor.py:176} INFO - Processing /home/airflow/.local/lib/python3.7/site-packages/airflow/example_dags/tutorial.py took 0.088 seconds
[2022-11-08T14:43:25.443+0000] {processor.py:154} INFO - Started process (PID=4617) to work on /home/airflow/.local/lib/python3.7/site-packages/airflow/example_dags/tutorial.py
[2022-11-08T14:43:25.444+0000] {processor.py:756} INFO - Processing file /home/airflow/.local/lib/python3.7/site-packages/airflow/example_dags/tutorial.py for tasks to queue
[2022-11-08T14:43:25.444+0000] {logging_mixin.py:120} INFO - [2022-11-08T14:43:25.444+0000] {dagbag.py:537} INFO - Filling up the DagBag from /home/airflow/.local/lib/python3.7/site-packages/airflow/example_dags/tutorial.py
[2022-11-08T14:43:25.456+0000] {processor.py:766} INFO - DAG(s) dict_keys(['tutorial']) retrieved from /home/airflow/.local/lib/python3.7/site-packages/airflow/example_dags/tutorial.py
[2022-11-08T14:43:25.487+0000] {logging_mixin.py:120} INFO - [2022-11-08T14:43:25.487+0000] {dag.py:2585} INFO - Sync 1 DAGs
[2022-11-08T14:43:25.505+0000] {logging_mixin.py:120} INFO - [2022-11-08T14:43:25.505+0000] {dag.py:3340} INFO - Setting next_dagrun for tutorial to 2022-11-07T14:43:25.505281+00:00, run_after=2022-11-08T14:43:25.505281+00:00
[2022-11-08T14:43:25.520+0000] {processor.py:176} INFO - Processing /home/airflow/.local/lib/python3.7/site-packages/airflow/example_dags/tutorial.py took 0.081 seconds
[2022-11-08T14:43:56.010+0000] {processor.py:154} INFO - Started process (PID=4824) to work on /home/airflow/.local/lib/python3.7/site-packages/airflow/example_dags/tutorial.py
[2022-11-08T14:43:56.010+0000] {processor.py:756} INFO - Processing file /home/airflow/.local/lib/python3.7/site-packages/airflow/example_dags/tutorial.py for tasks to queue
[2022-11-08T14:43:56.011+0000] {logging_mixin.py:120} INFO - [2022-11-08T14:43:56.011+0000] {dagbag.py:537} INFO - Filling up the DagBag from /home/airflow/.local/lib/python3.7/site-packages/airflow/example_dags/tutorial.py
[2022-11-08T14:43:56.025+0000] {processor.py:766} INFO - DAG(s) dict_keys(['tutorial']) retrieved from /home/airflow/.local/lib/python3.7/site-packages/airflow/example_dags/tutorial.py
[2022-11-08T14:43:56.062+0000] {logging_mixin.py:120} INFO - [2022-11-08T14:43:56.062+0000] {dag.py:2585} INFO - Sync 1 DAGs
[2022-11-08T14:43:56.082+0000] {logging_mixin.py:120} INFO - [2022-11-08T14:43:56.081+0000] {dag.py:3340} INFO - Setting next_dagrun for tutorial to 2022-11-07T14:43:56.081657+00:00, run_after=2022-11-08T14:43:56.081657+00:00
[2022-11-08T14:43:56.097+0000] {processor.py:176} INFO - Processing /home/airflow/.local/lib/python3.7/site-packages/airflow/example_dags/tutorial.py took 0.091 seconds
[2022-11-08T14:44:26.824+0000] {processor.py:154} INFO - Started process (PID=5022) to work on /home/airflow/.local/lib/python3.7/site-packages/airflow/example_dags/tutorial.py
[2022-11-08T14:44:26.825+0000] {processor.py:756} INFO - Processing file /home/airflow/.local/lib/python3.7/site-packages/airflow/example_dags/tutorial.py for tasks to queue
[2022-11-08T14:44:26.825+0000] {logging_mixin.py:120} INFO - [2022-11-08T14:44:26.825+0000] {dagbag.py:537} INFO - Filling up the DagBag from /home/airflow/.local/lib/python3.7/site-packages/airflow/example_dags/tutorial.py
[2022-11-08T14:44:26.839+0000] {processor.py:766} INFO - DAG(s) dict_keys(['tutorial']) retrieved from /home/airflow/.local/lib/python3.7/site-packages/airflow/example_dags/tutorial.py
[2022-11-08T14:44:26.878+0000] {logging_mixin.py:120} INFO - [2022-11-08T14:44:26.878+0000] {dag.py:2585} INFO - Sync 1 DAGs
[2022-11-08T14:44:26.898+0000] {logging_mixin.py:120} INFO - [2022-11-08T14:44:26.898+0000] {dag.py:3340} INFO - Setting next_dagrun for tutorial to 2022-11-07T14:44:26.897939+00:00, run_after=2022-11-08T14:44:26.897939+00:00
[2022-11-08T14:44:26.914+0000] {processor.py:176} INFO - Processing /home/airflow/.local/lib/python3.7/site-packages/airflow/example_dags/tutorial.py took 0.094 seconds
[2022-11-08T14:44:57.322+0000] {processor.py:154} INFO - Started process (PID=5228) to work on /home/airflow/.local/lib/python3.7/site-packages/airflow/example_dags/tutorial.py
[2022-11-08T14:44:57.322+0000] {processor.py:756} INFO - Processing file /home/airflow/.local/lib/python3.7/site-packages/airflow/example_dags/tutorial.py for tasks to queue
[2022-11-08T14:44:57.323+0000] {logging_mixin.py:120} INFO - [2022-11-08T14:44:57.323+0000] {dagbag.py:537} INFO - Filling up the DagBag from /home/airflow/.local/lib/python3.7/site-packages/airflow/example_dags/tutorial.py
[2022-11-08T14:44:57.336+0000] {processor.py:766} INFO - DAG(s) dict_keys(['tutorial']) retrieved from /home/airflow/.local/lib/python3.7/site-packages/airflow/example_dags/tutorial.py
[2022-11-08T14:44:57.369+0000] {logging_mixin.py:120} INFO - [2022-11-08T14:44:57.369+0000] {dag.py:2585} INFO - Sync 1 DAGs
[2022-11-08T14:44:57.389+0000] {logging_mixin.py:120} INFO - [2022-11-08T14:44:57.389+0000] {dag.py:3340} INFO - Setting next_dagrun for tutorial to 2022-11-07T14:44:57.389523+00:00, run_after=2022-11-08T14:44:57.389523+00:00
[2022-11-08T14:44:57.408+0000] {processor.py:176} INFO - Processing /home/airflow/.local/lib/python3.7/site-packages/airflow/example_dags/tutorial.py took 0.089 seconds
[2022-11-08T14:45:27.708+0000] {processor.py:154} INFO - Started process (PID=5435) to work on /home/airflow/.local/lib/python3.7/site-packages/airflow/example_dags/tutorial.py
[2022-11-08T14:45:27.708+0000] {processor.py:756} INFO - Processing file /home/airflow/.local/lib/python3.7/site-packages/airflow/example_dags/tutorial.py for tasks to queue
[2022-11-08T14:45:27.709+0000] {logging_mixin.py:120} INFO - [2022-11-08T14:45:27.709+0000] {dagbag.py:537} INFO - Filling up the DagBag from /home/airflow/.local/lib/python3.7/site-packages/airflow/example_dags/tutorial.py
[2022-11-08T14:45:27.722+0000] {processor.py:766} INFO - DAG(s) dict_keys(['tutorial']) retrieved from /home/airflow/.local/lib/python3.7/site-packages/airflow/example_dags/tutorial.py
[2022-11-08T14:45:27.753+0000] {logging_mixin.py:120} INFO - [2022-11-08T14:45:27.753+0000] {dag.py:2585} INFO - Sync 1 DAGs
[2022-11-08T14:45:27.773+0000] {logging_mixin.py:120} INFO - [2022-11-08T14:45:27.773+0000] {dag.py:3340} INFO - Setting next_dagrun for tutorial to 2022-11-07T14:45:27.773549+00:00, run_after=2022-11-08T14:45:27.773549+00:00
[2022-11-08T14:45:27.789+0000] {processor.py:176} INFO - Processing /home/airflow/.local/lib/python3.7/site-packages/airflow/example_dags/tutorial.py took 0.085 seconds
[2022-11-08T14:45:58.065+0000] {processor.py:154} INFO - Started process (PID=5642) to work on /home/airflow/.local/lib/python3.7/site-packages/airflow/example_dags/tutorial.py
[2022-11-08T14:45:58.066+0000] {processor.py:756} INFO - Processing file /home/airflow/.local/lib/python3.7/site-packages/airflow/example_dags/tutorial.py for tasks to queue
[2022-11-08T14:45:58.067+0000] {logging_mixin.py:120} INFO - [2022-11-08T14:45:58.066+0000] {dagbag.py:537} INFO - Filling up the DagBag from /home/airflow/.local/lib/python3.7/site-packages/airflow/example_dags/tutorial.py
[2022-11-08T14:45:58.079+0000] {processor.py:766} INFO - DAG(s) dict_keys(['tutorial']) retrieved from /home/airflow/.local/lib/python3.7/site-packages/airflow/example_dags/tutorial.py
[2022-11-08T14:45:58.112+0000] {logging_mixin.py:120} INFO - [2022-11-08T14:45:58.112+0000] {dag.py:2585} INFO - Sync 1 DAGs
[2022-11-08T14:45:58.131+0000] {logging_mixin.py:120} INFO - [2022-11-08T14:45:58.131+0000] {dag.py:3340} INFO - Setting next_dagrun for tutorial to 2022-11-07T14:45:58.130964+00:00, run_after=2022-11-08T14:45:58.130964+00:00
[2022-11-08T14:45:58.149+0000] {processor.py:176} INFO - Processing /home/airflow/.local/lib/python3.7/site-packages/airflow/example_dags/tutorial.py took 0.087 seconds
[2022-11-08T14:46:29.086+0000] {processor.py:154} INFO - Started process (PID=5848) to work on /home/airflow/.local/lib/python3.7/site-packages/airflow/example_dags/tutorial.py
[2022-11-08T14:46:29.088+0000] {processor.py:756} INFO - Processing file /home/airflow/.local/lib/python3.7/site-packages/airflow/example_dags/tutorial.py for tasks to queue
[2022-11-08T14:46:29.088+0000] {logging_mixin.py:120} INFO - [2022-11-08T14:46:29.088+0000] {dagbag.py:537} INFO - Filling up the DagBag from /home/airflow/.local/lib/python3.7/site-packages/airflow/example_dags/tutorial.py
[2022-11-08T14:46:29.102+0000] {processor.py:766} INFO - DAG(s) dict_keys(['tutorial']) retrieved from /home/airflow/.local/lib/python3.7/site-packages/airflow/example_dags/tutorial.py
[2022-11-08T14:46:29.136+0000] {logging_mixin.py:120} INFO - [2022-11-08T14:46:29.135+0000] {dag.py:2585} INFO - Sync 1 DAGs
[2022-11-08T14:46:29.155+0000] {logging_mixin.py:120} INFO - [2022-11-08T14:46:29.155+0000] {dag.py:3340} INFO - Setting next_dagrun for tutorial to 2022-11-07T14:46:29.155254+00:00, run_after=2022-11-08T14:46:29.155254+00:00
[2022-11-08T14:46:29.171+0000] {processor.py:176} INFO - Processing /home/airflow/.local/lib/python3.7/site-packages/airflow/example_dags/tutorial.py took 0.088 seconds
[2022-11-08T14:46:59.226+0000] {processor.py:154} INFO - Started process (PID=6049) to work on /home/airflow/.local/lib/python3.7/site-packages/airflow/example_dags/tutorial.py
[2022-11-08T14:46:59.227+0000] {processor.py:756} INFO - Processing file /home/airflow/.local/lib/python3.7/site-packages/airflow/example_dags/tutorial.py for tasks to queue
[2022-11-08T14:46:59.228+0000] {logging_mixin.py:120} INFO - [2022-11-08T14:46:59.228+0000] {dagbag.py:537} INFO - Filling up the DagBag from /home/airflow/.local/lib/python3.7/site-packages/airflow/example_dags/tutorial.py
[2022-11-08T14:46:59.240+0000] {processor.py:766} INFO - DAG(s) dict_keys(['tutorial']) retrieved from /home/airflow/.local/lib/python3.7/site-packages/airflow/example_dags/tutorial.py
[2022-11-08T14:46:59.259+0000] {logging_mixin.py:120} INFO - [2022-11-08T14:46:59.259+0000] {dag.py:2585} INFO - Sync 1 DAGs
[2022-11-08T14:46:59.279+0000] {logging_mixin.py:120} INFO - [2022-11-08T14:46:59.278+0000] {dag.py:3340} INFO - Setting next_dagrun for tutorial to 2022-11-07T14:46:59.278748+00:00, run_after=2022-11-08T14:46:59.278748+00:00
[2022-11-08T14:46:59.294+0000] {processor.py:176} INFO - Processing /home/airflow/.local/lib/python3.7/site-packages/airflow/example_dags/tutorial.py took 0.071 seconds
[2022-11-08T14:47:30.147+0000] {processor.py:154} INFO - Started process (PID=6256) to work on /home/airflow/.local/lib/python3.7/site-packages/airflow/example_dags/tutorial.py
[2022-11-08T14:47:30.148+0000] {processor.py:756} INFO - Processing file /home/airflow/.local/lib/python3.7/site-packages/airflow/example_dags/tutorial.py for tasks to queue
[2022-11-08T14:47:30.149+0000] {logging_mixin.py:120} INFO - [2022-11-08T14:47:30.149+0000] {dagbag.py:537} INFO - Filling up the DagBag from /home/airflow/.local/lib/python3.7/site-packages/airflow/example_dags/tutorial.py
[2022-11-08T14:47:30.166+0000] {processor.py:766} INFO - DAG(s) dict_keys(['tutorial']) retrieved from /home/airflow/.local/lib/python3.7/site-packages/airflow/example_dags/tutorial.py
[2022-11-08T14:47:30.215+0000] {logging_mixin.py:120} INFO - [2022-11-08T14:47:30.215+0000] {dag.py:2585} INFO - Sync 1 DAGs
[2022-11-08T14:47:30.256+0000] {logging_mixin.py:120} INFO - [2022-11-08T14:47:30.256+0000] {dag.py:3340} INFO - Setting next_dagrun for tutorial to 2022-11-07T14:47:30.255492+00:00, run_after=2022-11-08T14:47:30.255492+00:00
[2022-11-08T14:47:30.293+0000] {processor.py:176} INFO - Processing /home/airflow/.local/lib/python3.7/site-packages/airflow/example_dags/tutorial.py took 0.151 seconds
[2022-11-08T14:48:00.886+0000] {processor.py:154} INFO - Started process (PID=6463) to work on /home/airflow/.local/lib/python3.7/site-packages/airflow/example_dags/tutorial.py
[2022-11-08T14:48:00.887+0000] {processor.py:756} INFO - Processing file /home/airflow/.local/lib/python3.7/site-packages/airflow/example_dags/tutorial.py for tasks to queue
[2022-11-08T14:48:00.888+0000] {logging_mixin.py:120} INFO - [2022-11-08T14:48:00.888+0000] {dagbag.py:537} INFO - Filling up the DagBag from /home/airflow/.local/lib/python3.7/site-packages/airflow/example_dags/tutorial.py
[2022-11-08T14:48:00.902+0000] {processor.py:766} INFO - DAG(s) dict_keys(['tutorial']) retrieved from /home/airflow/.local/lib/python3.7/site-packages/airflow/example_dags/tutorial.py
[2022-11-08T14:48:00.939+0000] {logging_mixin.py:120} INFO - [2022-11-08T14:48:00.939+0000] {dag.py:2585} INFO - Sync 1 DAGs
[2022-11-08T14:48:00.961+0000] {logging_mixin.py:120} INFO - [2022-11-08T14:48:00.961+0000] {dag.py:3340} INFO - Setting next_dagrun for tutorial to 2022-11-07T14:48:00.961173+00:00, run_after=2022-11-08T14:48:00.961173+00:00
[2022-11-08T14:48:00.980+0000] {processor.py:176} INFO - Processing /home/airflow/.local/lib/python3.7/site-packages/airflow/example_dags/tutorial.py took 0.097 seconds
[2022-11-08T14:48:32.128+0000] {processor.py:154} INFO - Started process (PID=6670) to work on /home/airflow/.local/lib/python3.7/site-packages/airflow/example_dags/tutorial.py
[2022-11-08T14:48:32.128+0000] {processor.py:756} INFO - Processing file /home/airflow/.local/lib/python3.7/site-packages/airflow/example_dags/tutorial.py for tasks to queue
[2022-11-08T14:48:32.129+0000] {logging_mixin.py:120} INFO - [2022-11-08T14:48:32.129+0000] {dagbag.py:537} INFO - Filling up the DagBag from /home/airflow/.local/lib/python3.7/site-packages/airflow/example_dags/tutorial.py
[2022-11-08T14:48:32.149+0000] {processor.py:766} INFO - DAG(s) dict_keys(['tutorial']) retrieved from /home/airflow/.local/lib/python3.7/site-packages/airflow/example_dags/tutorial.py
[2022-11-08T14:48:32.197+0000] {logging_mixin.py:120} INFO - [2022-11-08T14:48:32.196+0000] {dag.py:2585} INFO - Sync 1 DAGs
[2022-11-08T14:48:32.225+0000] {logging_mixin.py:120} INFO - [2022-11-08T14:48:32.225+0000] {dag.py:3340} INFO - Setting next_dagrun for tutorial to 2022-11-07T14:48:32.224689+00:00, run_after=2022-11-08T14:48:32.224689+00:00
[2022-11-08T14:48:32.255+0000] {processor.py:176} INFO - Processing /home/airflow/.local/lib/python3.7/site-packages/airflow/example_dags/tutorial.py took 0.133 seconds
[2022-11-08T14:49:02.416+0000] {processor.py:154} INFO - Started process (PID=6869) to work on /home/airflow/.local/lib/python3.7/site-packages/airflow/example_dags/tutorial.py
[2022-11-08T14:49:02.417+0000] {processor.py:756} INFO - Processing file /home/airflow/.local/lib/python3.7/site-packages/airflow/example_dags/tutorial.py for tasks to queue
[2022-11-08T14:49:02.418+0000] {logging_mixin.py:120} INFO - [2022-11-08T14:49:02.418+0000] {dagbag.py:537} INFO - Filling up the DagBag from /home/airflow/.local/lib/python3.7/site-packages/airflow/example_dags/tutorial.py
[2022-11-08T14:49:02.441+0000] {processor.py:766} INFO - DAG(s) dict_keys(['tutorial']) retrieved from /home/airflow/.local/lib/python3.7/site-packages/airflow/example_dags/tutorial.py
[2022-11-08T14:49:02.485+0000] {logging_mixin.py:120} INFO - [2022-11-08T14:49:02.485+0000] {dag.py:2585} INFO - Sync 1 DAGs
[2022-11-08T14:49:02.521+0000] {logging_mixin.py:120} INFO - [2022-11-08T14:49:02.521+0000] {dag.py:3340} INFO - Setting next_dagrun for tutorial to 2022-11-07T14:49:02.521014+00:00, run_after=2022-11-08T14:49:02.521014+00:00
[2022-11-08T14:49:02.553+0000] {processor.py:176} INFO - Processing /home/airflow/.local/lib/python3.7/site-packages/airflow/example_dags/tutorial.py took 0.142 seconds
[2022-11-08T14:49:33.201+0000] {processor.py:154} INFO - Started process (PID=7074) to work on /home/airflow/.local/lib/python3.7/site-packages/airflow/example_dags/tutorial.py
[2022-11-08T14:49:33.202+0000] {processor.py:756} INFO - Processing file /home/airflow/.local/lib/python3.7/site-packages/airflow/example_dags/tutorial.py for tasks to queue
[2022-11-08T14:49:33.202+0000] {logging_mixin.py:120} INFO - [2022-11-08T14:49:33.202+0000] {dagbag.py:537} INFO - Filling up the DagBag from /home/airflow/.local/lib/python3.7/site-packages/airflow/example_dags/tutorial.py
[2022-11-08T14:49:33.214+0000] {processor.py:766} INFO - DAG(s) dict_keys(['tutorial']) retrieved from /home/airflow/.local/lib/python3.7/site-packages/airflow/example_dags/tutorial.py
[2022-11-08T14:49:33.249+0000] {logging_mixin.py:120} INFO - [2022-11-08T14:49:33.248+0000] {dag.py:2585} INFO - Sync 1 DAGs
[2022-11-08T14:49:33.270+0000] {logging_mixin.py:120} INFO - [2022-11-08T14:49:33.270+0000] {dag.py:3340} INFO - Setting next_dagrun for tutorial to 2022-11-07T14:49:33.270065+00:00, run_after=2022-11-08T14:49:33.270065+00:00
[2022-11-08T14:49:33.286+0000] {processor.py:176} INFO - Processing /home/airflow/.local/lib/python3.7/site-packages/airflow/example_dags/tutorial.py took 0.088 seconds
[2022-11-08T14:50:03.667+0000] {processor.py:154} INFO - Started process (PID=7281) to work on /home/airflow/.local/lib/python3.7/site-packages/airflow/example_dags/tutorial.py
[2022-11-08T14:50:03.668+0000] {processor.py:756} INFO - Processing file /home/airflow/.local/lib/python3.7/site-packages/airflow/example_dags/tutorial.py for tasks to queue
[2022-11-08T14:50:03.669+0000] {logging_mixin.py:120} INFO - [2022-11-08T14:50:03.669+0000] {dagbag.py:537} INFO - Filling up the DagBag from /home/airflow/.local/lib/python3.7/site-packages/airflow/example_dags/tutorial.py
[2022-11-08T14:50:03.681+0000] {processor.py:766} INFO - DAG(s) dict_keys(['tutorial']) retrieved from /home/airflow/.local/lib/python3.7/site-packages/airflow/example_dags/tutorial.py
[2022-11-08T14:50:03.713+0000] {logging_mixin.py:120} INFO - [2022-11-08T14:50:03.713+0000] {dag.py:2585} INFO - Sync 1 DAGs
[2022-11-08T14:50:03.732+0000] {logging_mixin.py:120} INFO - [2022-11-08T14:50:03.732+0000] {dag.py:3340} INFO - Setting next_dagrun for tutorial to 2022-11-07T14:50:03.732617+00:00, run_after=2022-11-08T14:50:03.732617+00:00
[2022-11-08T14:50:03.748+0000] {processor.py:176} INFO - Processing /home/airflow/.local/lib/python3.7/site-packages/airflow/example_dags/tutorial.py took 0.084 seconds
[2022-11-08T14:50:34.375+0000] {processor.py:154} INFO - Started process (PID=7487) to work on /home/airflow/.local/lib/python3.7/site-packages/airflow/example_dags/tutorial.py
[2022-11-08T14:50:34.376+0000] {processor.py:756} INFO - Processing file /home/airflow/.local/lib/python3.7/site-packages/airflow/example_dags/tutorial.py for tasks to queue
[2022-11-08T14:50:34.377+0000] {logging_mixin.py:120} INFO - [2022-11-08T14:50:34.377+0000] {dagbag.py:537} INFO - Filling up the DagBag from /home/airflow/.local/lib/python3.7/site-packages/airflow/example_dags/tutorial.py
[2022-11-08T14:50:34.394+0000] {processor.py:766} INFO - DAG(s) dict_keys(['tutorial']) retrieved from /home/airflow/.local/lib/python3.7/site-packages/airflow/example_dags/tutorial.py
[2022-11-08T14:50:34.438+0000] {logging_mixin.py:120} INFO - [2022-11-08T14:50:34.438+0000] {dag.py:2585} INFO - Sync 1 DAGs
[2022-11-08T14:50:34.470+0000] {logging_mixin.py:120} INFO - [2022-11-08T14:50:34.470+0000] {dag.py:3340} INFO - Setting next_dagrun for tutorial to 2022-11-07T14:50:34.470343+00:00, run_after=2022-11-08T14:50:34.470343+00:00
[2022-11-08T14:50:34.498+0000] {processor.py:176} INFO - Processing /home/airflow/.local/lib/python3.7/site-packages/airflow/example_dags/tutorial.py took 0.126 seconds
[2022-11-08T14:51:05.227+0000] {processor.py:154} INFO - Started process (PID=7694) to work on /home/airflow/.local/lib/python3.7/site-packages/airflow/example_dags/tutorial.py
[2022-11-08T14:51:05.228+0000] {processor.py:756} INFO - Processing file /home/airflow/.local/lib/python3.7/site-packages/airflow/example_dags/tutorial.py for tasks to queue
[2022-11-08T14:51:05.229+0000] {logging_mixin.py:120} INFO - [2022-11-08T14:51:05.229+0000] {dagbag.py:537} INFO - Filling up the DagBag from /home/airflow/.local/lib/python3.7/site-packages/airflow/example_dags/tutorial.py
[2022-11-08T14:51:05.244+0000] {processor.py:766} INFO - DAG(s) dict_keys(['tutorial']) retrieved from /home/airflow/.local/lib/python3.7/site-packages/airflow/example_dags/tutorial.py
[2022-11-08T14:51:05.281+0000] {logging_mixin.py:120} INFO - [2022-11-08T14:51:05.281+0000] {dag.py:2585} INFO - Sync 1 DAGs
[2022-11-08T14:51:05.305+0000] {logging_mixin.py:120} INFO - [2022-11-08T14:51:05.305+0000] {dag.py:3340} INFO - Setting next_dagrun for tutorial to 2022-11-07T14:51:05.305509+00:00, run_after=2022-11-08T14:51:05.305509+00:00
[2022-11-08T14:51:05.324+0000] {processor.py:176} INFO - Processing /home/airflow/.local/lib/python3.7/site-packages/airflow/example_dags/tutorial.py took 0.100 seconds
[2022-11-08T14:51:36.172+0000] {processor.py:154} INFO - Started process (PID=7895) to work on /home/airflow/.local/lib/python3.7/site-packages/airflow/example_dags/tutorial.py
[2022-11-08T14:51:36.173+0000] {processor.py:756} INFO - Processing file /home/airflow/.local/lib/python3.7/site-packages/airflow/example_dags/tutorial.py for tasks to queue
[2022-11-08T14:51:36.174+0000] {logging_mixin.py:120} INFO - [2022-11-08T14:51:36.174+0000] {dagbag.py:537} INFO - Filling up the DagBag from /home/airflow/.local/lib/python3.7/site-packages/airflow/example_dags/tutorial.py
[2022-11-08T14:51:36.194+0000] {processor.py:766} INFO - DAG(s) dict_keys(['tutorial']) retrieved from /home/airflow/.local/lib/python3.7/site-packages/airflow/example_dags/tutorial.py
[2022-11-08T14:51:36.242+0000] {logging_mixin.py:120} INFO - [2022-11-08T14:51:36.241+0000] {dag.py:2585} INFO - Sync 1 DAGs
[2022-11-08T14:51:36.278+0000] {logging_mixin.py:120} INFO - [2022-11-08T14:51:36.277+0000] {dag.py:3340} INFO - Setting next_dagrun for tutorial to 2022-11-07T14:51:36.277466+00:00, run_after=2022-11-08T14:51:36.277466+00:00
[2022-11-08T14:51:36.311+0000] {processor.py:176} INFO - Processing /home/airflow/.local/lib/python3.7/site-packages/airflow/example_dags/tutorial.py took 0.144 seconds
[2022-11-08T14:52:06.404+0000] {processor.py:154} INFO - Started process (PID=8104) to work on /home/airflow/.local/lib/python3.7/site-packages/airflow/example_dags/tutorial.py
[2022-11-08T14:52:06.405+0000] {processor.py:756} INFO - Processing file /home/airflow/.local/lib/python3.7/site-packages/airflow/example_dags/tutorial.py for tasks to queue
[2022-11-08T14:52:06.405+0000] {logging_mixin.py:120} INFO - [2022-11-08T14:52:06.405+0000] {dagbag.py:537} INFO - Filling up the DagBag from /home/airflow/.local/lib/python3.7/site-packages/airflow/example_dags/tutorial.py
[2022-11-08T14:52:06.421+0000] {processor.py:766} INFO - DAG(s) dict_keys(['tutorial']) retrieved from /home/airflow/.local/lib/python3.7/site-packages/airflow/example_dags/tutorial.py
[2022-11-08T14:52:06.460+0000] {logging_mixin.py:120} INFO - [2022-11-08T14:52:06.460+0000] {dag.py:2585} INFO - Sync 1 DAGs
[2022-11-08T14:52:06.483+0000] {logging_mixin.py:120} INFO - [2022-11-08T14:52:06.483+0000] {dag.py:3340} INFO - Setting next_dagrun for tutorial to 2022-11-07T14:52:06.483203+00:00, run_after=2022-11-08T14:52:06.483203+00:00
[2022-11-08T14:52:06.500+0000] {processor.py:176} INFO - Processing /home/airflow/.local/lib/python3.7/site-packages/airflow/example_dags/tutorial.py took 0.101 seconds
[2022-11-08T14:52:36.791+0000] {processor.py:154} INFO - Started process (PID=8309) to work on /home/airflow/.local/lib/python3.7/site-packages/airflow/example_dags/tutorial.py
[2022-11-08T14:52:36.792+0000] {processor.py:756} INFO - Processing file /home/airflow/.local/lib/python3.7/site-packages/airflow/example_dags/tutorial.py for tasks to queue
[2022-11-08T14:52:36.793+0000] {logging_mixin.py:120} INFO - [2022-11-08T14:52:36.793+0000] {dagbag.py:537} INFO - Filling up the DagBag from /home/airflow/.local/lib/python3.7/site-packages/airflow/example_dags/tutorial.py
[2022-11-08T14:52:36.813+0000] {processor.py:766} INFO - DAG(s) dict_keys(['tutorial']) retrieved from /home/airflow/.local/lib/python3.7/site-packages/airflow/example_dags/tutorial.py
[2022-11-08T14:52:36.858+0000] {logging_mixin.py:120} INFO - [2022-11-08T14:52:36.858+0000] {dag.py:2585} INFO - Sync 1 DAGs
[2022-11-08T14:52:36.886+0000] {logging_mixin.py:120} INFO - [2022-11-08T14:52:36.886+0000] {dag.py:3340} INFO - Setting next_dagrun for tutorial to 2022-11-07T14:52:36.886071+00:00, run_after=2022-11-08T14:52:36.886071+00:00
[2022-11-08T14:52:36.908+0000] {processor.py:176} INFO - Processing /home/airflow/.local/lib/python3.7/site-packages/airflow/example_dags/tutorial.py took 0.120 seconds
[2022-11-08T14:53:07.079+0000] {processor.py:154} INFO - Started process (PID=8508) to work on /home/airflow/.local/lib/python3.7/site-packages/airflow/example_dags/tutorial.py
[2022-11-08T14:53:07.080+0000] {processor.py:756} INFO - Processing file /home/airflow/.local/lib/python3.7/site-packages/airflow/example_dags/tutorial.py for tasks to queue
[2022-11-08T14:53:07.081+0000] {logging_mixin.py:120} INFO - [2022-11-08T14:53:07.081+0000] {dagbag.py:537} INFO - Filling up the DagBag from /home/airflow/.local/lib/python3.7/site-packages/airflow/example_dags/tutorial.py
[2022-11-08T14:53:07.097+0000] {processor.py:766} INFO - DAG(s) dict_keys(['tutorial']) retrieved from /home/airflow/.local/lib/python3.7/site-packages/airflow/example_dags/tutorial.py
[2022-11-08T14:53:07.139+0000] {logging_mixin.py:120} INFO - [2022-11-08T14:53:07.139+0000] {dag.py:2585} INFO - Sync 1 DAGs
[2022-11-08T14:53:07.163+0000] {logging_mixin.py:120} INFO - [2022-11-08T14:53:07.163+0000] {dag.py:3340} INFO - Setting next_dagrun for tutorial to 2022-11-07T14:53:07.163135+00:00, run_after=2022-11-08T14:53:07.163135+00:00
[2022-11-08T14:53:07.189+0000] {processor.py:176} INFO - Processing /home/airflow/.local/lib/python3.7/site-packages/airflow/example_dags/tutorial.py took 0.113 seconds
[2022-11-08T14:53:37.311+0000] {processor.py:154} INFO - Started process (PID=8716) to work on /home/airflow/.local/lib/python3.7/site-packages/airflow/example_dags/tutorial.py
[2022-11-08T14:53:37.312+0000] {processor.py:756} INFO - Processing file /home/airflow/.local/lib/python3.7/site-packages/airflow/example_dags/tutorial.py for tasks to queue
[2022-11-08T14:53:37.313+0000] {logging_mixin.py:120} INFO - [2022-11-08T14:53:37.313+0000] {dagbag.py:537} INFO - Filling up the DagBag from /home/airflow/.local/lib/python3.7/site-packages/airflow/example_dags/tutorial.py
[2022-11-08T14:53:37.336+0000] {processor.py:766} INFO - DAG(s) dict_keys(['tutorial']) retrieved from /home/airflow/.local/lib/python3.7/site-packages/airflow/example_dags/tutorial.py
[2022-11-08T14:53:37.383+0000] {logging_mixin.py:120} INFO - [2022-11-08T14:53:37.383+0000] {dag.py:2585} INFO - Sync 1 DAGs
[2022-11-08T14:53:37.407+0000] {logging_mixin.py:120} INFO - [2022-11-08T14:53:37.407+0000] {dag.py:3340} INFO - Setting next_dagrun for tutorial to 2022-11-07T14:53:37.406747+00:00, run_after=2022-11-08T14:53:37.406747+00:00
[2022-11-08T14:53:37.429+0000] {processor.py:176} INFO - Processing /home/airflow/.local/lib/python3.7/site-packages/airflow/example_dags/tutorial.py took 0.122 seconds
[2022-11-08T14:54:07.997+0000] {processor.py:154} INFO - Started process (PID=8925) to work on /home/airflow/.local/lib/python3.7/site-packages/airflow/example_dags/tutorial.py
[2022-11-08T14:54:07.998+0000] {processor.py:756} INFO - Processing file /home/airflow/.local/lib/python3.7/site-packages/airflow/example_dags/tutorial.py for tasks to queue
[2022-11-08T14:54:07.999+0000] {logging_mixin.py:120} INFO - [2022-11-08T14:54:07.998+0000] {dagbag.py:537} INFO - Filling up the DagBag from /home/airflow/.local/lib/python3.7/site-packages/airflow/example_dags/tutorial.py
[2022-11-08T14:54:08.017+0000] {processor.py:766} INFO - DAG(s) dict_keys(['tutorial']) retrieved from /home/airflow/.local/lib/python3.7/site-packages/airflow/example_dags/tutorial.py
[2022-11-08T14:54:08.064+0000] {logging_mixin.py:120} INFO - [2022-11-08T14:54:08.064+0000] {dag.py:2585} INFO - Sync 1 DAGs
[2022-11-08T14:54:08.092+0000] {logging_mixin.py:120} INFO - [2022-11-08T14:54:08.092+0000] {dag.py:3340} INFO - Setting next_dagrun for tutorial to 2022-11-07T14:54:08.092434+00:00, run_after=2022-11-08T14:54:08.092434+00:00
[2022-11-08T14:54:08.116+0000] {processor.py:176} INFO - Processing /home/airflow/.local/lib/python3.7/site-packages/airflow/example_dags/tutorial.py took 0.122 seconds
[2022-11-08T14:54:38.585+0000] {processor.py:154} INFO - Started process (PID=9130) to work on /home/airflow/.local/lib/python3.7/site-packages/airflow/example_dags/tutorial.py
[2022-11-08T14:54:38.586+0000] {processor.py:756} INFO - Processing file /home/airflow/.local/lib/python3.7/site-packages/airflow/example_dags/tutorial.py for tasks to queue
[2022-11-08T14:54:38.587+0000] {logging_mixin.py:120} INFO - [2022-11-08T14:54:38.587+0000] {dagbag.py:537} INFO - Filling up the DagBag from /home/airflow/.local/lib/python3.7/site-packages/airflow/example_dags/tutorial.py
[2022-11-08T14:54:38.605+0000] {processor.py:766} INFO - DAG(s) dict_keys(['tutorial']) retrieved from /home/airflow/.local/lib/python3.7/site-packages/airflow/example_dags/tutorial.py
[2022-11-08T14:54:38.658+0000] {logging_mixin.py:120} INFO - [2022-11-08T14:54:38.658+0000] {dag.py:2585} INFO - Sync 1 DAGs
[2022-11-08T14:54:38.695+0000] {logging_mixin.py:120} INFO - [2022-11-08T14:54:38.694+0000] {dag.py:3340} INFO - Setting next_dagrun for tutorial to 2022-11-07T14:54:38.694601+00:00, run_after=2022-11-08T14:54:38.694601+00:00
[2022-11-08T14:54:38.720+0000] {processor.py:176} INFO - Processing /home/airflow/.local/lib/python3.7/site-packages/airflow/example_dags/tutorial.py took 0.140 seconds
[2022-11-08T14:55:08.780+0000] {processor.py:154} INFO - Started process (PID=9328) to work on /home/airflow/.local/lib/python3.7/site-packages/airflow/example_dags/tutorial.py
[2022-11-08T14:55:08.781+0000] {processor.py:756} INFO - Processing file /home/airflow/.local/lib/python3.7/site-packages/airflow/example_dags/tutorial.py for tasks to queue
[2022-11-08T14:55:08.782+0000] {logging_mixin.py:120} INFO - [2022-11-08T14:55:08.782+0000] {dagbag.py:537} INFO - Filling up the DagBag from /home/airflow/.local/lib/python3.7/site-packages/airflow/example_dags/tutorial.py
[2022-11-08T14:55:08.798+0000] {processor.py:766} INFO - DAG(s) dict_keys(['tutorial']) retrieved from /home/airflow/.local/lib/python3.7/site-packages/airflow/example_dags/tutorial.py
[2022-11-08T14:55:08.839+0000] {logging_mixin.py:120} INFO - [2022-11-08T14:55:08.839+0000] {dag.py:2585} INFO - Sync 1 DAGs
[2022-11-08T14:55:08.864+0000] {logging_mixin.py:120} INFO - [2022-11-08T14:55:08.864+0000] {dag.py:3340} INFO - Setting next_dagrun for tutorial to 2022-11-07T14:55:08.864014+00:00, run_after=2022-11-08T14:55:08.864014+00:00
[2022-11-08T14:55:08.884+0000] {processor.py:176} INFO - Processing /home/airflow/.local/lib/python3.7/site-packages/airflow/example_dags/tutorial.py took 0.108 seconds
[2022-11-08T14:55:39.181+0000] {processor.py:154} INFO - Started process (PID=9535) to work on /home/airflow/.local/lib/python3.7/site-packages/airflow/example_dags/tutorial.py
[2022-11-08T14:55:39.182+0000] {processor.py:756} INFO - Processing file /home/airflow/.local/lib/python3.7/site-packages/airflow/example_dags/tutorial.py for tasks to queue
[2022-11-08T14:55:39.183+0000] {logging_mixin.py:120} INFO - [2022-11-08T14:55:39.182+0000] {dagbag.py:537} INFO - Filling up the DagBag from /home/airflow/.local/lib/python3.7/site-packages/airflow/example_dags/tutorial.py
[2022-11-08T14:55:39.200+0000] {processor.py:766} INFO - DAG(s) dict_keys(['tutorial']) retrieved from /home/airflow/.local/lib/python3.7/site-packages/airflow/example_dags/tutorial.py
[2022-11-08T14:55:39.247+0000] {logging_mixin.py:120} INFO - [2022-11-08T14:55:39.246+0000] {dag.py:2585} INFO - Sync 1 DAGs
[2022-11-08T14:55:39.275+0000] {logging_mixin.py:120} INFO - [2022-11-08T14:55:39.274+0000] {dag.py:3340} INFO - Setting next_dagrun for tutorial to 2022-11-07T14:55:39.274356+00:00, run_after=2022-11-08T14:55:39.274356+00:00
[2022-11-08T14:55:39.298+0000] {processor.py:176} INFO - Processing /home/airflow/.local/lib/python3.7/site-packages/airflow/example_dags/tutorial.py took 0.122 seconds
[2022-11-08T14:56:09.530+0000] {processor.py:154} INFO - Started process (PID=9742) to work on /home/airflow/.local/lib/python3.7/site-packages/airflow/example_dags/tutorial.py
[2022-11-08T14:56:09.532+0000] {processor.py:756} INFO - Processing file /home/airflow/.local/lib/python3.7/site-packages/airflow/example_dags/tutorial.py for tasks to queue
[2022-11-08T14:56:09.533+0000] {logging_mixin.py:120} INFO - [2022-11-08T14:56:09.533+0000] {dagbag.py:537} INFO - Filling up the DagBag from /home/airflow/.local/lib/python3.7/site-packages/airflow/example_dags/tutorial.py
[2022-11-08T14:56:09.552+0000] {processor.py:766} INFO - DAG(s) dict_keys(['tutorial']) retrieved from /home/airflow/.local/lib/python3.7/site-packages/airflow/example_dags/tutorial.py
[2022-11-08T14:56:09.594+0000] {logging_mixin.py:120} INFO - [2022-11-08T14:56:09.594+0000] {dag.py:2585} INFO - Sync 1 DAGs
[2022-11-08T14:56:09.616+0000] {logging_mixin.py:120} INFO - [2022-11-08T14:56:09.616+0000] {dag.py:3340} INFO - Setting next_dagrun for tutorial to 2022-11-07T14:56:09.616357+00:00, run_after=2022-11-08T14:56:09.616357+00:00
[2022-11-08T14:56:09.645+0000] {processor.py:176} INFO - Processing /home/airflow/.local/lib/python3.7/site-packages/airflow/example_dags/tutorial.py took 0.120 seconds
[2022-11-08T14:56:40.991+0000] {processor.py:154} INFO - Started process (PID=9950) to work on /home/airflow/.local/lib/python3.7/site-packages/airflow/example_dags/tutorial.py
[2022-11-08T14:56:40.992+0000] {processor.py:756} INFO - Processing file /home/airflow/.local/lib/python3.7/site-packages/airflow/example_dags/tutorial.py for tasks to queue
[2022-11-08T14:56:40.993+0000] {logging_mixin.py:120} INFO - [2022-11-08T14:56:40.993+0000] {dagbag.py:537} INFO - Filling up the DagBag from /home/airflow/.local/lib/python3.7/site-packages/airflow/example_dags/tutorial.py
[2022-11-08T14:56:41.015+0000] {processor.py:766} INFO - DAG(s) dict_keys(['tutorial']) retrieved from /home/airflow/.local/lib/python3.7/site-packages/airflow/example_dags/tutorial.py
[2022-11-08T14:56:41.080+0000] {logging_mixin.py:120} INFO - [2022-11-08T14:56:41.079+0000] {dag.py:2585} INFO - Sync 1 DAGs
[2022-11-08T14:56:41.122+0000] {logging_mixin.py:120} INFO - [2022-11-08T14:56:41.122+0000] {dag.py:3340} INFO - Setting next_dagrun for tutorial to 2022-11-07T14:56:41.122175+00:00, run_after=2022-11-08T14:56:41.122175+00:00
[2022-11-08T14:56:41.156+0000] {processor.py:176} INFO - Processing /home/airflow/.local/lib/python3.7/site-packages/airflow/example_dags/tutorial.py took 0.171 seconds
[2022-11-08T14:57:11.268+0000] {processor.py:154} INFO - Started process (PID=10150) to work on /home/airflow/.local/lib/python3.7/site-packages/airflow/example_dags/tutorial.py
[2022-11-08T14:57:11.269+0000] {processor.py:756} INFO - Processing file /home/airflow/.local/lib/python3.7/site-packages/airflow/example_dags/tutorial.py for tasks to queue
[2022-11-08T14:57:11.270+0000] {logging_mixin.py:120} INFO - [2022-11-08T14:57:11.269+0000] {dagbag.py:537} INFO - Filling up the DagBag from /home/airflow/.local/lib/python3.7/site-packages/airflow/example_dags/tutorial.py
[2022-11-08T14:57:11.285+0000] {processor.py:766} INFO - DAG(s) dict_keys(['tutorial']) retrieved from /home/airflow/.local/lib/python3.7/site-packages/airflow/example_dags/tutorial.py
[2022-11-08T14:57:11.328+0000] {logging_mixin.py:120} INFO - [2022-11-08T14:57:11.327+0000] {dag.py:2585} INFO - Sync 1 DAGs
[2022-11-08T14:57:11.353+0000] {logging_mixin.py:120} INFO - [2022-11-08T14:57:11.353+0000] {dag.py:3340} INFO - Setting next_dagrun for tutorial to 2022-11-07T14:57:11.352982+00:00, run_after=2022-11-08T14:57:11.352982+00:00
[2022-11-08T14:57:11.374+0000] {processor.py:176} INFO - Processing /home/airflow/.local/lib/python3.7/site-packages/airflow/example_dags/tutorial.py took 0.109 seconds
[2022-11-08T14:57:42.398+0000] {processor.py:154} INFO - Started process (PID=10357) to work on /home/airflow/.local/lib/python3.7/site-packages/airflow/example_dags/tutorial.py
[2022-11-08T14:57:42.399+0000] {processor.py:756} INFO - Processing file /home/airflow/.local/lib/python3.7/site-packages/airflow/example_dags/tutorial.py for tasks to queue
[2022-11-08T14:57:42.399+0000] {logging_mixin.py:120} INFO - [2022-11-08T14:57:42.399+0000] {dagbag.py:537} INFO - Filling up the DagBag from /home/airflow/.local/lib/python3.7/site-packages/airflow/example_dags/tutorial.py
[2022-11-08T14:57:42.414+0000] {processor.py:766} INFO - DAG(s) dict_keys(['tutorial']) retrieved from /home/airflow/.local/lib/python3.7/site-packages/airflow/example_dags/tutorial.py
[2022-11-08T14:57:42.456+0000] {logging_mixin.py:120} INFO - [2022-11-08T14:57:42.456+0000] {dag.py:2585} INFO - Sync 1 DAGs
[2022-11-08T14:57:42.478+0000] {logging_mixin.py:120} INFO - [2022-11-08T14:57:42.478+0000] {dag.py:3340} INFO - Setting next_dagrun for tutorial to 2022-11-07T14:57:42.478289+00:00, run_after=2022-11-08T14:57:42.478289+00:00
[2022-11-08T14:57:42.496+0000] {processor.py:176} INFO - Processing /home/airflow/.local/lib/python3.7/site-packages/airflow/example_dags/tutorial.py took 0.102 seconds
[2022-11-08T14:58:12.653+0000] {processor.py:154} INFO - Started process (PID=10564) to work on /home/airflow/.local/lib/python3.7/site-packages/airflow/example_dags/tutorial.py
[2022-11-08T14:58:12.654+0000] {processor.py:756} INFO - Processing file /home/airflow/.local/lib/python3.7/site-packages/airflow/example_dags/tutorial.py for tasks to queue
[2022-11-08T14:58:12.655+0000] {logging_mixin.py:120} INFO - [2022-11-08T14:58:12.655+0000] {dagbag.py:537} INFO - Filling up the DagBag from /home/airflow/.local/lib/python3.7/site-packages/airflow/example_dags/tutorial.py
[2022-11-08T14:58:12.671+0000] {processor.py:766} INFO - DAG(s) dict_keys(['tutorial']) retrieved from /home/airflow/.local/lib/python3.7/site-packages/airflow/example_dags/tutorial.py
[2022-11-08T14:58:12.712+0000] {logging_mixin.py:120} INFO - [2022-11-08T14:58:12.711+0000] {dag.py:2585} INFO - Sync 1 DAGs
[2022-11-08T14:58:12.733+0000] {logging_mixin.py:120} INFO - [2022-11-08T14:58:12.733+0000] {dag.py:3340} INFO - Setting next_dagrun for tutorial to 2022-11-07T14:58:12.732953+00:00, run_after=2022-11-08T14:58:12.732953+00:00
[2022-11-08T14:58:12.752+0000] {processor.py:176} INFO - Processing /home/airflow/.local/lib/python3.7/site-packages/airflow/example_dags/tutorial.py took 0.102 seconds
[2022-11-08T14:58:42.916+0000] {processor.py:154} INFO - Started process (PID=10760) to work on /home/airflow/.local/lib/python3.7/site-packages/airflow/example_dags/tutorial.py
[2022-11-08T14:58:42.917+0000] {processor.py:756} INFO - Processing file /home/airflow/.local/lib/python3.7/site-packages/airflow/example_dags/tutorial.py for tasks to queue
[2022-11-08T14:58:42.918+0000] {logging_mixin.py:120} INFO - [2022-11-08T14:58:42.918+0000] {dagbag.py:537} INFO - Filling up the DagBag from /home/airflow/.local/lib/python3.7/site-packages/airflow/example_dags/tutorial.py
[2022-11-08T14:58:42.941+0000] {processor.py:766} INFO - DAG(s) dict_keys(['tutorial']) retrieved from /home/airflow/.local/lib/python3.7/site-packages/airflow/example_dags/tutorial.py
[2022-11-08T14:58:42.986+0000] {logging_mixin.py:120} INFO - [2022-11-08T14:58:42.985+0000] {dag.py:2585} INFO - Sync 1 DAGs
[2022-11-08T14:58:43.012+0000] {logging_mixin.py:120} INFO - [2022-11-08T14:58:43.012+0000] {dag.py:3340} INFO - Setting next_dagrun for tutorial to 2022-11-07T14:58:43.012108+00:00, run_after=2022-11-08T14:58:43.012108+00:00
[2022-11-08T14:58:43.036+0000] {processor.py:176} INFO - Processing /home/airflow/.local/lib/python3.7/site-packages/airflow/example_dags/tutorial.py took 0.126 seconds
[2022-11-08T14:59:13.252+0000] {processor.py:154} INFO - Started process (PID=10969) to work on /home/airflow/.local/lib/python3.7/site-packages/airflow/example_dags/tutorial.py
[2022-11-08T14:59:13.253+0000] {processor.py:756} INFO - Processing file /home/airflow/.local/lib/python3.7/site-packages/airflow/example_dags/tutorial.py for tasks to queue
[2022-11-08T14:59:13.254+0000] {logging_mixin.py:120} INFO - [2022-11-08T14:59:13.254+0000] {dagbag.py:537} INFO - Filling up the DagBag from /home/airflow/.local/lib/python3.7/site-packages/airflow/example_dags/tutorial.py
[2022-11-08T14:59:13.269+0000] {processor.py:766} INFO - DAG(s) dict_keys(['tutorial']) retrieved from /home/airflow/.local/lib/python3.7/site-packages/airflow/example_dags/tutorial.py
[2022-11-08T14:59:13.318+0000] {logging_mixin.py:120} INFO - [2022-11-08T14:59:13.318+0000] {dag.py:2585} INFO - Sync 1 DAGs
[2022-11-08T14:59:13.351+0000] {logging_mixin.py:120} INFO - [2022-11-08T14:59:13.351+0000] {dag.py:3340} INFO - Setting next_dagrun for tutorial to 2022-11-07T14:59:13.351216+00:00, run_after=2022-11-08T14:59:13.351216+00:00
[2022-11-08T14:59:13.373+0000] {processor.py:176} INFO - Processing /home/airflow/.local/lib/python3.7/site-packages/airflow/example_dags/tutorial.py took 0.125 seconds
[2022-11-08T14:59:43.479+0000] {processor.py:154} INFO - Started process (PID=11176) to work on /home/airflow/.local/lib/python3.7/site-packages/airflow/example_dags/tutorial.py
[2022-11-08T14:59:43.480+0000] {processor.py:756} INFO - Processing file /home/airflow/.local/lib/python3.7/site-packages/airflow/example_dags/tutorial.py for tasks to queue
[2022-11-08T14:59:43.481+0000] {logging_mixin.py:120} INFO - [2022-11-08T14:59:43.481+0000] {dagbag.py:537} INFO - Filling up the DagBag from /home/airflow/.local/lib/python3.7/site-packages/airflow/example_dags/tutorial.py
[2022-11-08T14:59:43.496+0000] {processor.py:766} INFO - DAG(s) dict_keys(['tutorial']) retrieved from /home/airflow/.local/lib/python3.7/site-packages/airflow/example_dags/tutorial.py
[2022-11-08T14:59:43.536+0000] {logging_mixin.py:120} INFO - [2022-11-08T14:59:43.536+0000] {dag.py:2585} INFO - Sync 1 DAGs
[2022-11-08T14:59:43.558+0000] {logging_mixin.py:120} INFO - [2022-11-08T14:59:43.558+0000] {dag.py:3340} INFO - Setting next_dagrun for tutorial to 2022-11-07T14:59:43.558403+00:00, run_after=2022-11-08T14:59:43.558403+00:00
[2022-11-08T14:59:43.577+0000] {processor.py:176} INFO - Processing /home/airflow/.local/lib/python3.7/site-packages/airflow/example_dags/tutorial.py took 0.101 seconds
[2022-11-08T15:00:13.927+0000] {processor.py:154} INFO - Started process (PID=11381) to work on /home/airflow/.local/lib/python3.7/site-packages/airflow/example_dags/tutorial.py
[2022-11-08T15:00:13.928+0000] {processor.py:756} INFO - Processing file /home/airflow/.local/lib/python3.7/site-packages/airflow/example_dags/tutorial.py for tasks to queue
[2022-11-08T15:00:13.929+0000] {logging_mixin.py:120} INFO - [2022-11-08T15:00:13.929+0000] {dagbag.py:537} INFO - Filling up the DagBag from /home/airflow/.local/lib/python3.7/site-packages/airflow/example_dags/tutorial.py
[2022-11-08T15:00:13.947+0000] {processor.py:766} INFO - DAG(s) dict_keys(['tutorial']) retrieved from /home/airflow/.local/lib/python3.7/site-packages/airflow/example_dags/tutorial.py
[2022-11-08T15:00:13.994+0000] {logging_mixin.py:120} INFO - [2022-11-08T15:00:13.994+0000] {dag.py:2585} INFO - Sync 1 DAGs
[2022-11-08T15:00:14.025+0000] {logging_mixin.py:120} INFO - [2022-11-08T15:00:14.024+0000] {dag.py:3340} INFO - Setting next_dagrun for tutorial to 2022-11-07T15:00:14.024210+00:00, run_after=2022-11-08T15:00:14.024210+00:00
[2022-11-08T15:00:14.050+0000] {processor.py:176} INFO - Processing /home/airflow/.local/lib/python3.7/site-packages/airflow/example_dags/tutorial.py took 0.128 seconds
[2022-11-08T15:00:44.176+0000] {processor.py:154} INFO - Started process (PID=11579) to work on /home/airflow/.local/lib/python3.7/site-packages/airflow/example_dags/tutorial.py
[2022-11-08T15:00:44.177+0000] {processor.py:756} INFO - Processing file /home/airflow/.local/lib/python3.7/site-packages/airflow/example_dags/tutorial.py for tasks to queue
[2022-11-08T15:00:44.177+0000] {logging_mixin.py:120} INFO - [2022-11-08T15:00:44.177+0000] {dagbag.py:537} INFO - Filling up the DagBag from /home/airflow/.local/lib/python3.7/site-packages/airflow/example_dags/tutorial.py
[2022-11-08T15:00:44.195+0000] {processor.py:766} INFO - DAG(s) dict_keys(['tutorial']) retrieved from /home/airflow/.local/lib/python3.7/site-packages/airflow/example_dags/tutorial.py
[2022-11-08T15:00:44.240+0000] {logging_mixin.py:120} INFO - [2022-11-08T15:00:44.240+0000] {dag.py:2585} INFO - Sync 1 DAGs
[2022-11-08T15:00:44.265+0000] {logging_mixin.py:120} INFO - [2022-11-08T15:00:44.265+0000] {dag.py:3340} INFO - Setting next_dagrun for tutorial to 2022-11-07T15:00:44.265018+00:00, run_after=2022-11-08T15:00:44.265018+00:00
[2022-11-08T15:00:44.289+0000] {processor.py:176} INFO - Processing /home/airflow/.local/lib/python3.7/site-packages/airflow/example_dags/tutorial.py took 0.117 seconds
[2022-11-08T15:01:14.468+0000] {processor.py:154} INFO - Started process (PID=11787) to work on /home/airflow/.local/lib/python3.7/site-packages/airflow/example_dags/tutorial.py
[2022-11-08T15:01:14.469+0000] {processor.py:756} INFO - Processing file /home/airflow/.local/lib/python3.7/site-packages/airflow/example_dags/tutorial.py for tasks to queue
[2022-11-08T15:01:14.470+0000] {logging_mixin.py:120} INFO - [2022-11-08T15:01:14.470+0000] {dagbag.py:537} INFO - Filling up the DagBag from /home/airflow/.local/lib/python3.7/site-packages/airflow/example_dags/tutorial.py
[2022-11-08T15:01:14.493+0000] {processor.py:766} INFO - DAG(s) dict_keys(['tutorial']) retrieved from /home/airflow/.local/lib/python3.7/site-packages/airflow/example_dags/tutorial.py
[2022-11-08T15:01:14.546+0000] {logging_mixin.py:120} INFO - [2022-11-08T15:01:14.546+0000] {dag.py:2585} INFO - Sync 1 DAGs
[2022-11-08T15:01:14.580+0000] {logging_mixin.py:120} INFO - [2022-11-08T15:01:14.580+0000] {dag.py:3340} INFO - Setting next_dagrun for tutorial to 2022-11-07T15:01:14.579929+00:00, run_after=2022-11-08T15:01:14.579929+00:00
[2022-11-08T15:01:14.608+0000] {processor.py:176} INFO - Processing /home/airflow/.local/lib/python3.7/site-packages/airflow/example_dags/tutorial.py took 0.144 seconds
