[2022-11-08T14:25:00.544+0000] {processor.py:154} INFO - Started process (PID=60) to work on /home/airflow/.local/lib/python3.7/site-packages/airflow/example_dags/tutorial_taskflow_api.py
[2022-11-08T14:25:00.545+0000] {processor.py:756} INFO - Processing file /home/airflow/.local/lib/python3.7/site-packages/airflow/example_dags/tutorial_taskflow_api.py for tasks to queue
[2022-11-08T14:25:00.545+0000] {logging_mixin.py:120} INFO - [2022-11-08T14:25:00.545+0000] {dagbag.py:537} INFO - Filling up the DagBag from /home/airflow/.local/lib/python3.7/site-packages/airflow/example_dags/tutorial_taskflow_api.py
[2022-11-08T14:25:00.567+0000] {processor.py:766} INFO - DAG(s) dict_keys(['tutorial_taskflow_api']) retrieved from /home/airflow/.local/lib/python3.7/site-packages/airflow/example_dags/tutorial_taskflow_api.py
[2022-11-08T14:25:00.589+0000] {logging_mixin.py:120} INFO - [2022-11-08T14:25:00.588+0000] {dag.py:2585} INFO - Sync 1 DAGs
[2022-11-08T14:25:00.609+0000] {logging_mixin.py:120} INFO - [2022-11-08T14:25:00.609+0000] {dag.py:3340} INFO - Setting next_dagrun for tutorial_taskflow_api to None, run_after=None
[2022-11-08T14:25:00.625+0000] {processor.py:176} INFO - Processing /home/airflow/.local/lib/python3.7/site-packages/airflow/example_dags/tutorial_taskflow_api.py took 0.084 seconds
[2022-11-08T14:25:31.387+0000] {processor.py:154} INFO - Started process (PID=123) to work on /home/airflow/.local/lib/python3.7/site-packages/airflow/example_dags/tutorial_taskflow_api.py
[2022-11-08T14:25:31.388+0000] {processor.py:756} INFO - Processing file /home/airflow/.local/lib/python3.7/site-packages/airflow/example_dags/tutorial_taskflow_api.py for tasks to queue
[2022-11-08T14:25:31.389+0000] {logging_mixin.py:120} INFO - [2022-11-08T14:25:31.389+0000] {dagbag.py:537} INFO - Filling up the DagBag from /home/airflow/.local/lib/python3.7/site-packages/airflow/example_dags/tutorial_taskflow_api.py
[2022-11-08T14:25:31.415+0000] {processor.py:766} INFO - DAG(s) dict_keys(['tutorial_taskflow_api']) retrieved from /home/airflow/.local/lib/python3.7/site-packages/airflow/example_dags/tutorial_taskflow_api.py
[2022-11-08T14:25:31.458+0000] {logging_mixin.py:120} INFO - [2022-11-08T14:25:31.458+0000] {dag.py:2585} INFO - Sync 1 DAGs
[2022-11-08T14:25:31.480+0000] {logging_mixin.py:120} INFO - [2022-11-08T14:25:31.480+0000] {dag.py:3340} INFO - Setting next_dagrun for tutorial_taskflow_api to None, run_after=None
[2022-11-08T14:25:31.498+0000] {processor.py:176} INFO - Processing /home/airflow/.local/lib/python3.7/site-packages/airflow/example_dags/tutorial_taskflow_api.py took 0.116 seconds
[2022-11-08T14:26:02.132+0000] {processor.py:154} INFO - Started process (PID=187) to work on /home/airflow/.local/lib/python3.7/site-packages/airflow/example_dags/tutorial_taskflow_api.py
[2022-11-08T14:26:02.133+0000] {processor.py:756} INFO - Processing file /home/airflow/.local/lib/python3.7/site-packages/airflow/example_dags/tutorial_taskflow_api.py for tasks to queue
[2022-11-08T14:26:02.133+0000] {logging_mixin.py:120} INFO - [2022-11-08T14:26:02.133+0000] {dagbag.py:537} INFO - Filling up the DagBag from /home/airflow/.local/lib/python3.7/site-packages/airflow/example_dags/tutorial_taskflow_api.py
[2022-11-08T14:26:02.152+0000] {processor.py:766} INFO - DAG(s) dict_keys(['tutorial_taskflow_api']) retrieved from /home/airflow/.local/lib/python3.7/site-packages/airflow/example_dags/tutorial_taskflow_api.py
[2022-11-08T14:26:02.190+0000] {logging_mixin.py:120} INFO - [2022-11-08T14:26:02.190+0000] {dag.py:2585} INFO - Sync 1 DAGs
[2022-11-08T14:26:02.210+0000] {logging_mixin.py:120} INFO - [2022-11-08T14:26:02.210+0000] {dag.py:3340} INFO - Setting next_dagrun for tutorial_taskflow_api to None, run_after=None
[2022-11-08T14:26:02.229+0000] {processor.py:176} INFO - Processing /home/airflow/.local/lib/python3.7/site-packages/airflow/example_dags/tutorial_taskflow_api.py took 0.102 seconds
[2022-11-08T14:26:32.748+0000] {processor.py:154} INFO - Started process (PID=250) to work on /home/airflow/.local/lib/python3.7/site-packages/airflow/example_dags/tutorial_taskflow_api.py
[2022-11-08T14:26:32.749+0000] {processor.py:756} INFO - Processing file /home/airflow/.local/lib/python3.7/site-packages/airflow/example_dags/tutorial_taskflow_api.py for tasks to queue
[2022-11-08T14:26:32.750+0000] {logging_mixin.py:120} INFO - [2022-11-08T14:26:32.750+0000] {dagbag.py:537} INFO - Filling up the DagBag from /home/airflow/.local/lib/python3.7/site-packages/airflow/example_dags/tutorial_taskflow_api.py
[2022-11-08T14:26:32.770+0000] {processor.py:766} INFO - DAG(s) dict_keys(['tutorial_taskflow_api']) retrieved from /home/airflow/.local/lib/python3.7/site-packages/airflow/example_dags/tutorial_taskflow_api.py
[2022-11-08T14:26:32.815+0000] {logging_mixin.py:120} INFO - [2022-11-08T14:26:32.815+0000] {dag.py:2585} INFO - Sync 1 DAGs
[2022-11-08T14:26:32.837+0000] {logging_mixin.py:120} INFO - [2022-11-08T14:26:32.837+0000] {dag.py:3340} INFO - Setting next_dagrun for tutorial_taskflow_api to None, run_after=None
[2022-11-08T14:26:32.862+0000] {processor.py:176} INFO - Processing /home/airflow/.local/lib/python3.7/site-packages/airflow/example_dags/tutorial_taskflow_api.py took 0.117 seconds
[2022-11-08T14:27:03.503+0000] {processor.py:154} INFO - Started process (PID=311) to work on /home/airflow/.local/lib/python3.7/site-packages/airflow/example_dags/tutorial_taskflow_api.py
[2022-11-08T14:27:03.504+0000] {processor.py:756} INFO - Processing file /home/airflow/.local/lib/python3.7/site-packages/airflow/example_dags/tutorial_taskflow_api.py for tasks to queue
[2022-11-08T14:27:03.505+0000] {logging_mixin.py:120} INFO - [2022-11-08T14:27:03.505+0000] {dagbag.py:537} INFO - Filling up the DagBag from /home/airflow/.local/lib/python3.7/site-packages/airflow/example_dags/tutorial_taskflow_api.py
[2022-11-08T14:27:03.524+0000] {processor.py:766} INFO - DAG(s) dict_keys(['tutorial_taskflow_api']) retrieved from /home/airflow/.local/lib/python3.7/site-packages/airflow/example_dags/tutorial_taskflow_api.py
[2022-11-08T14:27:03.563+0000] {logging_mixin.py:120} INFO - [2022-11-08T14:27:03.563+0000] {dag.py:2585} INFO - Sync 1 DAGs
[2022-11-08T14:27:03.587+0000] {logging_mixin.py:120} INFO - [2022-11-08T14:27:03.586+0000] {dag.py:3340} INFO - Setting next_dagrun for tutorial_taskflow_api to None, run_after=None
[2022-11-08T14:27:03.607+0000] {processor.py:176} INFO - Processing /home/airflow/.local/lib/python3.7/site-packages/airflow/example_dags/tutorial_taskflow_api.py took 0.108 seconds
[2022-11-08T14:27:34.551+0000] {processor.py:154} INFO - Started process (PID=367) to work on /home/airflow/.local/lib/python3.7/site-packages/airflow/example_dags/tutorial_taskflow_api.py
[2022-11-08T14:27:34.552+0000] {processor.py:756} INFO - Processing file /home/airflow/.local/lib/python3.7/site-packages/airflow/example_dags/tutorial_taskflow_api.py for tasks to queue
[2022-11-08T14:27:34.553+0000] {logging_mixin.py:120} INFO - [2022-11-08T14:27:34.553+0000] {dagbag.py:537} INFO - Filling up the DagBag from /home/airflow/.local/lib/python3.7/site-packages/airflow/example_dags/tutorial_taskflow_api.py
[2022-11-08T14:27:34.572+0000] {processor.py:766} INFO - DAG(s) dict_keys(['tutorial_taskflow_api']) retrieved from /home/airflow/.local/lib/python3.7/site-packages/airflow/example_dags/tutorial_taskflow_api.py
[2022-11-08T14:27:34.609+0000] {logging_mixin.py:120} INFO - [2022-11-08T14:27:34.608+0000] {dag.py:2585} INFO - Sync 1 DAGs
[2022-11-08T14:27:34.629+0000] {logging_mixin.py:120} INFO - [2022-11-08T14:27:34.629+0000] {dag.py:3340} INFO - Setting next_dagrun for tutorial_taskflow_api to None, run_after=None
[2022-11-08T14:27:34.646+0000] {processor.py:176} INFO - Processing /home/airflow/.local/lib/python3.7/site-packages/airflow/example_dags/tutorial_taskflow_api.py took 0.098 seconds
[2022-11-08T14:28:05.123+0000] {processor.py:154} INFO - Started process (PID=431) to work on /home/airflow/.local/lib/python3.7/site-packages/airflow/example_dags/tutorial_taskflow_api.py
[2022-11-08T14:28:05.124+0000] {processor.py:756} INFO - Processing file /home/airflow/.local/lib/python3.7/site-packages/airflow/example_dags/tutorial_taskflow_api.py for tasks to queue
[2022-11-08T14:28:05.125+0000] {logging_mixin.py:120} INFO - [2022-11-08T14:28:05.125+0000] {dagbag.py:537} INFO - Filling up the DagBag from /home/airflow/.local/lib/python3.7/site-packages/airflow/example_dags/tutorial_taskflow_api.py
[2022-11-08T14:28:05.142+0000] {processor.py:766} INFO - DAG(s) dict_keys(['tutorial_taskflow_api']) retrieved from /home/airflow/.local/lib/python3.7/site-packages/airflow/example_dags/tutorial_taskflow_api.py
[2022-11-08T14:28:05.179+0000] {logging_mixin.py:120} INFO - [2022-11-08T14:28:05.179+0000] {dag.py:2585} INFO - Sync 1 DAGs
[2022-11-08T14:28:05.200+0000] {logging_mixin.py:120} INFO - [2022-11-08T14:28:05.200+0000] {dag.py:3340} INFO - Setting next_dagrun for tutorial_taskflow_api to None, run_after=None
[2022-11-08T14:28:05.217+0000] {processor.py:176} INFO - Processing /home/airflow/.local/lib/python3.7/site-packages/airflow/example_dags/tutorial_taskflow_api.py took 0.097 seconds
[2022-11-08T14:28:35.983+0000] {processor.py:154} INFO - Started process (PID=494) to work on /home/airflow/.local/lib/python3.7/site-packages/airflow/example_dags/tutorial_taskflow_api.py
[2022-11-08T14:28:35.984+0000] {processor.py:756} INFO - Processing file /home/airflow/.local/lib/python3.7/site-packages/airflow/example_dags/tutorial_taskflow_api.py for tasks to queue
[2022-11-08T14:28:35.985+0000] {logging_mixin.py:120} INFO - [2022-11-08T14:28:35.985+0000] {dagbag.py:537} INFO - Filling up the DagBag from /home/airflow/.local/lib/python3.7/site-packages/airflow/example_dags/tutorial_taskflow_api.py
[2022-11-08T14:28:36.002+0000] {processor.py:766} INFO - DAG(s) dict_keys(['tutorial_taskflow_api']) retrieved from /home/airflow/.local/lib/python3.7/site-packages/airflow/example_dags/tutorial_taskflow_api.py
[2022-11-08T14:28:36.037+0000] {logging_mixin.py:120} INFO - [2022-11-08T14:28:36.037+0000] {dag.py:2585} INFO - Sync 1 DAGs
[2022-11-08T14:28:36.058+0000] {logging_mixin.py:120} INFO - [2022-11-08T14:28:36.058+0000] {dag.py:3340} INFO - Setting next_dagrun for tutorial_taskflow_api to None, run_after=None
[2022-11-08T14:28:36.076+0000] {processor.py:176} INFO - Processing /home/airflow/.local/lib/python3.7/site-packages/airflow/example_dags/tutorial_taskflow_api.py took 0.096 seconds
[2022-11-08T14:29:06.545+0000] {processor.py:154} INFO - Started process (PID=557) to work on /home/airflow/.local/lib/python3.7/site-packages/airflow/example_dags/tutorial_taskflow_api.py
[2022-11-08T14:29:06.546+0000] {processor.py:756} INFO - Processing file /home/airflow/.local/lib/python3.7/site-packages/airflow/example_dags/tutorial_taskflow_api.py for tasks to queue
[2022-11-08T14:29:06.547+0000] {logging_mixin.py:120} INFO - [2022-11-08T14:29:06.547+0000] {dagbag.py:537} INFO - Filling up the DagBag from /home/airflow/.local/lib/python3.7/site-packages/airflow/example_dags/tutorial_taskflow_api.py
[2022-11-08T14:29:06.564+0000] {processor.py:766} INFO - DAG(s) dict_keys(['tutorial_taskflow_api']) retrieved from /home/airflow/.local/lib/python3.7/site-packages/airflow/example_dags/tutorial_taskflow_api.py
[2022-11-08T14:29:06.599+0000] {logging_mixin.py:120} INFO - [2022-11-08T14:29:06.599+0000] {dag.py:2585} INFO - Sync 1 DAGs
[2022-11-08T14:29:06.622+0000] {logging_mixin.py:120} INFO - [2022-11-08T14:29:06.621+0000] {dag.py:3340} INFO - Setting next_dagrun for tutorial_taskflow_api to None, run_after=None
[2022-11-08T14:29:06.640+0000] {processor.py:176} INFO - Processing /home/airflow/.local/lib/python3.7/site-packages/airflow/example_dags/tutorial_taskflow_api.py took 0.098 seconds
[2022-11-08T14:29:37.126+0000] {processor.py:154} INFO - Started process (PID=611) to work on /home/airflow/.local/lib/python3.7/site-packages/airflow/example_dags/tutorial_taskflow_api.py
[2022-11-08T14:29:37.127+0000] {processor.py:756} INFO - Processing file /home/airflow/.local/lib/python3.7/site-packages/airflow/example_dags/tutorial_taskflow_api.py for tasks to queue
[2022-11-08T14:29:37.128+0000] {logging_mixin.py:120} INFO - [2022-11-08T14:29:37.128+0000] {dagbag.py:537} INFO - Filling up the DagBag from /home/airflow/.local/lib/python3.7/site-packages/airflow/example_dags/tutorial_taskflow_api.py
[2022-11-08T14:29:37.145+0000] {processor.py:766} INFO - DAG(s) dict_keys(['tutorial_taskflow_api']) retrieved from /home/airflow/.local/lib/python3.7/site-packages/airflow/example_dags/tutorial_taskflow_api.py
[2022-11-08T14:29:37.180+0000] {logging_mixin.py:120} INFO - [2022-11-08T14:29:37.180+0000] {dag.py:2585} INFO - Sync 1 DAGs
[2022-11-08T14:29:37.201+0000] {logging_mixin.py:120} INFO - [2022-11-08T14:29:37.201+0000] {dag.py:3340} INFO - Setting next_dagrun for tutorial_taskflow_api to None, run_after=None
[2022-11-08T14:29:37.217+0000] {processor.py:176} INFO - Processing /home/airflow/.local/lib/python3.7/site-packages/airflow/example_dags/tutorial_taskflow_api.py took 0.094 seconds
[2022-11-08T14:30:07.584+0000] {processor.py:154} INFO - Started process (PID=674) to work on /home/airflow/.local/lib/python3.7/site-packages/airflow/example_dags/tutorial_taskflow_api.py
[2022-11-08T14:30:07.585+0000] {processor.py:756} INFO - Processing file /home/airflow/.local/lib/python3.7/site-packages/airflow/example_dags/tutorial_taskflow_api.py for tasks to queue
[2022-11-08T14:30:07.585+0000] {logging_mixin.py:120} INFO - [2022-11-08T14:30:07.585+0000] {dagbag.py:537} INFO - Filling up the DagBag from /home/airflow/.local/lib/python3.7/site-packages/airflow/example_dags/tutorial_taskflow_api.py
[2022-11-08T14:30:07.603+0000] {processor.py:766} INFO - DAG(s) dict_keys(['tutorial_taskflow_api']) retrieved from /home/airflow/.local/lib/python3.7/site-packages/airflow/example_dags/tutorial_taskflow_api.py
[2022-11-08T14:30:07.640+0000] {logging_mixin.py:120} INFO - [2022-11-08T14:30:07.639+0000] {dag.py:2585} INFO - Sync 1 DAGs
[2022-11-08T14:30:07.658+0000] {logging_mixin.py:120} INFO - [2022-11-08T14:30:07.658+0000] {dag.py:3340} INFO - Setting next_dagrun for tutorial_taskflow_api to None, run_after=None
[2022-11-08T14:30:07.676+0000] {processor.py:176} INFO - Processing /home/airflow/.local/lib/python3.7/site-packages/airflow/example_dags/tutorial_taskflow_api.py took 0.095 seconds
[2022-11-08T14:30:38.149+0000] {processor.py:154} INFO - Started process (PID=738) to work on /home/airflow/.local/lib/python3.7/site-packages/airflow/example_dags/tutorial_taskflow_api.py
[2022-11-08T14:30:38.150+0000] {processor.py:756} INFO - Processing file /home/airflow/.local/lib/python3.7/site-packages/airflow/example_dags/tutorial_taskflow_api.py for tasks to queue
[2022-11-08T14:30:38.150+0000] {logging_mixin.py:120} INFO - [2022-11-08T14:30:38.150+0000] {dagbag.py:537} INFO - Filling up the DagBag from /home/airflow/.local/lib/python3.7/site-packages/airflow/example_dags/tutorial_taskflow_api.py
[2022-11-08T14:30:38.174+0000] {processor.py:766} INFO - DAG(s) dict_keys(['tutorial_taskflow_api']) retrieved from /home/airflow/.local/lib/python3.7/site-packages/airflow/example_dags/tutorial_taskflow_api.py
[2022-11-08T14:30:38.221+0000] {logging_mixin.py:120} INFO - [2022-11-08T14:30:38.221+0000] {dag.py:2585} INFO - Sync 1 DAGs
[2022-11-08T14:30:38.248+0000] {logging_mixin.py:120} INFO - [2022-11-08T14:30:38.248+0000] {dag.py:3340} INFO - Setting next_dagrun for tutorial_taskflow_api to None, run_after=None
[2022-11-08T14:30:38.276+0000] {processor.py:176} INFO - Processing /home/airflow/.local/lib/python3.7/site-packages/airflow/example_dags/tutorial_taskflow_api.py took 0.132 seconds
[2022-11-08T14:31:09.181+0000] {processor.py:154} INFO - Started process (PID=801) to work on /home/airflow/.local/lib/python3.7/site-packages/airflow/example_dags/tutorial_taskflow_api.py
[2022-11-08T14:31:09.181+0000] {processor.py:756} INFO - Processing file /home/airflow/.local/lib/python3.7/site-packages/airflow/example_dags/tutorial_taskflow_api.py for tasks to queue
[2022-11-08T14:31:09.182+0000] {logging_mixin.py:120} INFO - [2022-11-08T14:31:09.182+0000] {dagbag.py:537} INFO - Filling up the DagBag from /home/airflow/.local/lib/python3.7/site-packages/airflow/example_dags/tutorial_taskflow_api.py
[2022-11-08T14:31:09.200+0000] {processor.py:766} INFO - DAG(s) dict_keys(['tutorial_taskflow_api']) retrieved from /home/airflow/.local/lib/python3.7/site-packages/airflow/example_dags/tutorial_taskflow_api.py
[2022-11-08T14:31:09.235+0000] {logging_mixin.py:120} INFO - [2022-11-08T14:31:09.235+0000] {dag.py:2585} INFO - Sync 1 DAGs
[2022-11-08T14:31:09.258+0000] {logging_mixin.py:120} INFO - [2022-11-08T14:31:09.257+0000] {dag.py:3340} INFO - Setting next_dagrun for tutorial_taskflow_api to None, run_after=None
[2022-11-08T14:31:09.276+0000] {processor.py:176} INFO - Processing /home/airflow/.local/lib/python3.7/site-packages/airflow/example_dags/tutorial_taskflow_api.py took 0.099 seconds
[2022-11-08T14:31:39.366+0000] {processor.py:154} INFO - Started process (PID=855) to work on /home/airflow/.local/lib/python3.7/site-packages/airflow/example_dags/tutorial_taskflow_api.py
[2022-11-08T14:31:39.367+0000] {processor.py:756} INFO - Processing file /home/airflow/.local/lib/python3.7/site-packages/airflow/example_dags/tutorial_taskflow_api.py for tasks to queue
[2022-11-08T14:31:39.368+0000] {logging_mixin.py:120} INFO - [2022-11-08T14:31:39.368+0000] {dagbag.py:537} INFO - Filling up the DagBag from /home/airflow/.local/lib/python3.7/site-packages/airflow/example_dags/tutorial_taskflow_api.py
[2022-11-08T14:31:39.385+0000] {processor.py:766} INFO - DAG(s) dict_keys(['tutorial_taskflow_api']) retrieved from /home/airflow/.local/lib/python3.7/site-packages/airflow/example_dags/tutorial_taskflow_api.py
[2022-11-08T14:31:39.408+0000] {logging_mixin.py:120} INFO - [2022-11-08T14:31:39.408+0000] {dag.py:2585} INFO - Sync 1 DAGs
[2022-11-08T14:31:39.441+0000] {logging_mixin.py:120} INFO - [2022-11-08T14:31:39.441+0000] {dag.py:3340} INFO - Setting next_dagrun for tutorial_taskflow_api to None, run_after=None
[2022-11-08T14:31:39.460+0000] {processor.py:176} INFO - Processing /home/airflow/.local/lib/python3.7/site-packages/airflow/example_dags/tutorial_taskflow_api.py took 0.097 seconds
[2022-11-08T14:32:09.797+0000] {processor.py:154} INFO - Started process (PID=917) to work on /home/airflow/.local/lib/python3.7/site-packages/airflow/example_dags/tutorial_taskflow_api.py
[2022-11-08T14:32:09.798+0000] {processor.py:756} INFO - Processing file /home/airflow/.local/lib/python3.7/site-packages/airflow/example_dags/tutorial_taskflow_api.py for tasks to queue
[2022-11-08T14:32:09.798+0000] {logging_mixin.py:120} INFO - [2022-11-08T14:32:09.798+0000] {dagbag.py:537} INFO - Filling up the DagBag from /home/airflow/.local/lib/python3.7/site-packages/airflow/example_dags/tutorial_taskflow_api.py
[2022-11-08T14:32:09.815+0000] {processor.py:766} INFO - DAG(s) dict_keys(['tutorial_taskflow_api']) retrieved from /home/airflow/.local/lib/python3.7/site-packages/airflow/example_dags/tutorial_taskflow_api.py
[2022-11-08T14:32:09.849+0000] {logging_mixin.py:120} INFO - [2022-11-08T14:32:09.848+0000] {dag.py:2585} INFO - Sync 1 DAGs
[2022-11-08T14:32:09.868+0000] {logging_mixin.py:120} INFO - [2022-11-08T14:32:09.868+0000] {dag.py:3340} INFO - Setting next_dagrun for tutorial_taskflow_api to None, run_after=None
[2022-11-08T14:32:09.888+0000] {processor.py:176} INFO - Processing /home/airflow/.local/lib/python3.7/site-packages/airflow/example_dags/tutorial_taskflow_api.py took 0.094 seconds
[2022-11-08T14:32:40.020+0000] {processor.py:154} INFO - Started process (PID=287) to work on /home/airflow/.local/lib/python3.7/site-packages/airflow/example_dags/tutorial_taskflow_api.py
[2022-11-08T14:32:40.021+0000] {processor.py:756} INFO - Processing file /home/airflow/.local/lib/python3.7/site-packages/airflow/example_dags/tutorial_taskflow_api.py for tasks to queue
[2022-11-08T14:32:40.022+0000] {logging_mixin.py:120} INFO - [2022-11-08T14:32:40.022+0000] {dagbag.py:537} INFO - Filling up the DagBag from /home/airflow/.local/lib/python3.7/site-packages/airflow/example_dags/tutorial_taskflow_api.py
[2022-11-08T14:32:40.044+0000] {processor.py:766} INFO - DAG(s) dict_keys(['tutorial_taskflow_api']) retrieved from /home/airflow/.local/lib/python3.7/site-packages/airflow/example_dags/tutorial_taskflow_api.py
[2022-11-08T14:32:40.066+0000] {logging_mixin.py:120} INFO - [2022-11-08T14:32:40.066+0000] {dag.py:2585} INFO - Sync 1 DAGs
[2022-11-08T14:32:40.088+0000] {logging_mixin.py:120} INFO - [2022-11-08T14:32:40.088+0000] {dag.py:3340} INFO - Setting next_dagrun for tutorial_taskflow_api to None, run_after=None
[2022-11-08T14:32:40.105+0000] {processor.py:176} INFO - Processing /home/airflow/.local/lib/python3.7/site-packages/airflow/example_dags/tutorial_taskflow_api.py took 0.089 seconds
[2022-11-08T14:33:11.813+0000] {processor.py:154} INFO - Started process (PID=493) to work on /home/airflow/.local/lib/python3.7/site-packages/airflow/example_dags/tutorial_taskflow_api.py
[2022-11-08T14:33:11.814+0000] {processor.py:756} INFO - Processing file /home/airflow/.local/lib/python3.7/site-packages/airflow/example_dags/tutorial_taskflow_api.py for tasks to queue
[2022-11-08T14:33:11.815+0000] {logging_mixin.py:120} INFO - [2022-11-08T14:33:11.815+0000] {dagbag.py:537} INFO - Filling up the DagBag from /home/airflow/.local/lib/python3.7/site-packages/airflow/example_dags/tutorial_taskflow_api.py
[2022-11-08T14:33:11.835+0000] {processor.py:766} INFO - DAG(s) dict_keys(['tutorial_taskflow_api']) retrieved from /home/airflow/.local/lib/python3.7/site-packages/airflow/example_dags/tutorial_taskflow_api.py
[2022-11-08T14:33:11.869+0000] {logging_mixin.py:120} INFO - [2022-11-08T14:33:11.869+0000] {dag.py:2585} INFO - Sync 1 DAGs
[2022-11-08T14:33:11.888+0000] {logging_mixin.py:120} INFO - [2022-11-08T14:33:11.888+0000] {dag.py:3340} INFO - Setting next_dagrun for tutorial_taskflow_api to None, run_after=None
[2022-11-08T14:33:11.904+0000] {processor.py:176} INFO - Processing /home/airflow/.local/lib/python3.7/site-packages/airflow/example_dags/tutorial_taskflow_api.py took 0.094 seconds
[2022-11-08T14:33:42.378+0000] {processor.py:154} INFO - Started process (PID=700) to work on /home/airflow/.local/lib/python3.7/site-packages/airflow/example_dags/tutorial_taskflow_api.py
[2022-11-08T14:33:42.380+0000] {processor.py:756} INFO - Processing file /home/airflow/.local/lib/python3.7/site-packages/airflow/example_dags/tutorial_taskflow_api.py for tasks to queue
[2022-11-08T14:33:42.380+0000] {logging_mixin.py:120} INFO - [2022-11-08T14:33:42.380+0000] {dagbag.py:537} INFO - Filling up the DagBag from /home/airflow/.local/lib/python3.7/site-packages/airflow/example_dags/tutorial_taskflow_api.py
[2022-11-08T14:33:42.405+0000] {processor.py:766} INFO - DAG(s) dict_keys(['tutorial_taskflow_api']) retrieved from /home/airflow/.local/lib/python3.7/site-packages/airflow/example_dags/tutorial_taskflow_api.py
[2022-11-08T14:33:42.429+0000] {logging_mixin.py:120} INFO - [2022-11-08T14:33:42.429+0000] {dag.py:2585} INFO - Sync 1 DAGs
[2022-11-08T14:33:42.454+0000] {logging_mixin.py:120} INFO - [2022-11-08T14:33:42.454+0000] {dag.py:3340} INFO - Setting next_dagrun for tutorial_taskflow_api to None, run_after=None
[2022-11-08T14:33:42.472+0000] {processor.py:176} INFO - Processing /home/airflow/.local/lib/python3.7/site-packages/airflow/example_dags/tutorial_taskflow_api.py took 0.099 seconds
[2022-11-08T14:34:13.379+0000] {processor.py:154} INFO - Started process (PID=908) to work on /home/airflow/.local/lib/python3.7/site-packages/airflow/example_dags/tutorial_taskflow_api.py
[2022-11-08T14:34:13.380+0000] {processor.py:756} INFO - Processing file /home/airflow/.local/lib/python3.7/site-packages/airflow/example_dags/tutorial_taskflow_api.py for tasks to queue
[2022-11-08T14:34:13.381+0000] {logging_mixin.py:120} INFO - [2022-11-08T14:34:13.380+0000] {dagbag.py:537} INFO - Filling up the DagBag from /home/airflow/.local/lib/python3.7/site-packages/airflow/example_dags/tutorial_taskflow_api.py
[2022-11-08T14:34:13.405+0000] {processor.py:766} INFO - DAG(s) dict_keys(['tutorial_taskflow_api']) retrieved from /home/airflow/.local/lib/python3.7/site-packages/airflow/example_dags/tutorial_taskflow_api.py
[2022-11-08T14:34:13.449+0000] {logging_mixin.py:120} INFO - [2022-11-08T14:34:13.449+0000] {dag.py:2585} INFO - Sync 1 DAGs
[2022-11-08T14:34:13.474+0000] {logging_mixin.py:120} INFO - [2022-11-08T14:34:13.474+0000] {dag.py:3340} INFO - Setting next_dagrun for tutorial_taskflow_api to None, run_after=None
[2022-11-08T14:34:13.501+0000] {processor.py:176} INFO - Processing /home/airflow/.local/lib/python3.7/site-packages/airflow/example_dags/tutorial_taskflow_api.py took 0.126 seconds
[2022-11-08T14:34:44.442+0000] {processor.py:154} INFO - Started process (PID=1115) to work on /home/airflow/.local/lib/python3.7/site-packages/airflow/example_dags/tutorial_taskflow_api.py
[2022-11-08T14:34:44.443+0000] {processor.py:756} INFO - Processing file /home/airflow/.local/lib/python3.7/site-packages/airflow/example_dags/tutorial_taskflow_api.py for tasks to queue
[2022-11-08T14:34:44.444+0000] {logging_mixin.py:120} INFO - [2022-11-08T14:34:44.444+0000] {dagbag.py:537} INFO - Filling up the DagBag from /home/airflow/.local/lib/python3.7/site-packages/airflow/example_dags/tutorial_taskflow_api.py
[2022-11-08T14:34:44.463+0000] {processor.py:766} INFO - DAG(s) dict_keys(['tutorial_taskflow_api']) retrieved from /home/airflow/.local/lib/python3.7/site-packages/airflow/example_dags/tutorial_taskflow_api.py
[2022-11-08T14:34:44.505+0000] {logging_mixin.py:120} INFO - [2022-11-08T14:34:44.505+0000] {dag.py:2585} INFO - Sync 1 DAGs
[2022-11-08T14:34:44.528+0000] {logging_mixin.py:120} INFO - [2022-11-08T14:34:44.528+0000] {dag.py:3340} INFO - Setting next_dagrun for tutorial_taskflow_api to None, run_after=None
[2022-11-08T14:34:44.544+0000] {processor.py:176} INFO - Processing /home/airflow/.local/lib/python3.7/site-packages/airflow/example_dags/tutorial_taskflow_api.py took 0.105 seconds
[2022-11-08T14:35:15.308+0000] {processor.py:154} INFO - Started process (PID=1313) to work on /home/airflow/.local/lib/python3.7/site-packages/airflow/example_dags/tutorial_taskflow_api.py
[2022-11-08T14:35:15.309+0000] {processor.py:756} INFO - Processing file /home/airflow/.local/lib/python3.7/site-packages/airflow/example_dags/tutorial_taskflow_api.py for tasks to queue
[2022-11-08T14:35:15.310+0000] {logging_mixin.py:120} INFO - [2022-11-08T14:35:15.310+0000] {dagbag.py:537} INFO - Filling up the DagBag from /home/airflow/.local/lib/python3.7/site-packages/airflow/example_dags/tutorial_taskflow_api.py
[2022-11-08T14:35:15.330+0000] {processor.py:766} INFO - DAG(s) dict_keys(['tutorial_taskflow_api']) retrieved from /home/airflow/.local/lib/python3.7/site-packages/airflow/example_dags/tutorial_taskflow_api.py
[2022-11-08T14:35:15.376+0000] {logging_mixin.py:120} INFO - [2022-11-08T14:35:15.376+0000] {dag.py:2585} INFO - Sync 1 DAGs
[2022-11-08T14:35:15.408+0000] {logging_mixin.py:120} INFO - [2022-11-08T14:35:15.407+0000] {dag.py:3340} INFO - Setting next_dagrun for tutorial_taskflow_api to None, run_after=None
[2022-11-08T14:35:15.436+0000] {processor.py:176} INFO - Processing /home/airflow/.local/lib/python3.7/site-packages/airflow/example_dags/tutorial_taskflow_api.py took 0.131 seconds
[2022-11-08T14:35:45.884+0000] {processor.py:154} INFO - Started process (PID=1520) to work on /home/airflow/.local/lib/python3.7/site-packages/airflow/example_dags/tutorial_taskflow_api.py
[2022-11-08T14:35:45.885+0000] {processor.py:756} INFO - Processing file /home/airflow/.local/lib/python3.7/site-packages/airflow/example_dags/tutorial_taskflow_api.py for tasks to queue
[2022-11-08T14:35:45.885+0000] {logging_mixin.py:120} INFO - [2022-11-08T14:35:45.885+0000] {dagbag.py:537} INFO - Filling up the DagBag from /home/airflow/.local/lib/python3.7/site-packages/airflow/example_dags/tutorial_taskflow_api.py
[2022-11-08T14:35:45.903+0000] {processor.py:766} INFO - DAG(s) dict_keys(['tutorial_taskflow_api']) retrieved from /home/airflow/.local/lib/python3.7/site-packages/airflow/example_dags/tutorial_taskflow_api.py
[2022-11-08T14:35:45.936+0000] {logging_mixin.py:120} INFO - [2022-11-08T14:35:45.936+0000] {dag.py:2585} INFO - Sync 1 DAGs
[2022-11-08T14:35:45.957+0000] {logging_mixin.py:120} INFO - [2022-11-08T14:35:45.956+0000] {dag.py:3340} INFO - Setting next_dagrun for tutorial_taskflow_api to None, run_after=None
[2022-11-08T14:35:45.974+0000] {processor.py:176} INFO - Processing /home/airflow/.local/lib/python3.7/site-packages/airflow/example_dags/tutorial_taskflow_api.py took 0.094 seconds
[2022-11-08T14:36:16.762+0000] {processor.py:154} INFO - Started process (PID=1727) to work on /home/airflow/.local/lib/python3.7/site-packages/airflow/example_dags/tutorial_taskflow_api.py
[2022-11-08T14:36:16.763+0000] {processor.py:756} INFO - Processing file /home/airflow/.local/lib/python3.7/site-packages/airflow/example_dags/tutorial_taskflow_api.py for tasks to queue
[2022-11-08T14:36:16.764+0000] {logging_mixin.py:120} INFO - [2022-11-08T14:36:16.763+0000] {dagbag.py:537} INFO - Filling up the DagBag from /home/airflow/.local/lib/python3.7/site-packages/airflow/example_dags/tutorial_taskflow_api.py
[2022-11-08T14:36:16.786+0000] {processor.py:766} INFO - DAG(s) dict_keys(['tutorial_taskflow_api']) retrieved from /home/airflow/.local/lib/python3.7/site-packages/airflow/example_dags/tutorial_taskflow_api.py
[2022-11-08T14:36:16.827+0000] {logging_mixin.py:120} INFO - [2022-11-08T14:36:16.827+0000] {dag.py:2585} INFO - Sync 1 DAGs
[2022-11-08T14:36:16.852+0000] {logging_mixin.py:120} INFO - [2022-11-08T14:36:16.852+0000] {dag.py:3340} INFO - Setting next_dagrun for tutorial_taskflow_api to None, run_after=None
[2022-11-08T14:36:16.873+0000] {processor.py:176} INFO - Processing /home/airflow/.local/lib/python3.7/site-packages/airflow/example_dags/tutorial_taskflow_api.py took 0.114 seconds
[2022-11-08T14:36:47.331+0000] {processor.py:154} INFO - Started process (PID=1934) to work on /home/airflow/.local/lib/python3.7/site-packages/airflow/example_dags/tutorial_taskflow_api.py
[2022-11-08T14:36:47.332+0000] {processor.py:756} INFO - Processing file /home/airflow/.local/lib/python3.7/site-packages/airflow/example_dags/tutorial_taskflow_api.py for tasks to queue
[2022-11-08T14:36:47.333+0000] {logging_mixin.py:120} INFO - [2022-11-08T14:36:47.333+0000] {dagbag.py:537} INFO - Filling up the DagBag from /home/airflow/.local/lib/python3.7/site-packages/airflow/example_dags/tutorial_taskflow_api.py
[2022-11-08T14:36:47.367+0000] {processor.py:766} INFO - DAG(s) dict_keys(['tutorial_taskflow_api']) retrieved from /home/airflow/.local/lib/python3.7/site-packages/airflow/example_dags/tutorial_taskflow_api.py
[2022-11-08T14:36:47.436+0000] {logging_mixin.py:120} INFO - [2022-11-08T14:36:47.435+0000] {dag.py:2585} INFO - Sync 1 DAGs
[2022-11-08T14:36:47.461+0000] {logging_mixin.py:120} INFO - [2022-11-08T14:36:47.461+0000] {dag.py:3340} INFO - Setting next_dagrun for tutorial_taskflow_api to None, run_after=None
[2022-11-08T14:36:47.485+0000] {processor.py:176} INFO - Processing /home/airflow/.local/lib/python3.7/site-packages/airflow/example_dags/tutorial_taskflow_api.py took 0.158 seconds
[2022-11-08T14:37:18.287+0000] {processor.py:154} INFO - Started process (PID=2132) to work on /home/airflow/.local/lib/python3.7/site-packages/airflow/example_dags/tutorial_taskflow_api.py
[2022-11-08T14:37:18.288+0000] {processor.py:756} INFO - Processing file /home/airflow/.local/lib/python3.7/site-packages/airflow/example_dags/tutorial_taskflow_api.py for tasks to queue
[2022-11-08T14:37:18.289+0000] {logging_mixin.py:120} INFO - [2022-11-08T14:37:18.289+0000] {dagbag.py:537} INFO - Filling up the DagBag from /home/airflow/.local/lib/python3.7/site-packages/airflow/example_dags/tutorial_taskflow_api.py
[2022-11-08T14:37:18.307+0000] {processor.py:766} INFO - DAG(s) dict_keys(['tutorial_taskflow_api']) retrieved from /home/airflow/.local/lib/python3.7/site-packages/airflow/example_dags/tutorial_taskflow_api.py
[2022-11-08T14:37:18.343+0000] {logging_mixin.py:120} INFO - [2022-11-08T14:37:18.343+0000] {dag.py:2585} INFO - Sync 1 DAGs
[2022-11-08T14:37:18.364+0000] {logging_mixin.py:120} INFO - [2022-11-08T14:37:18.364+0000] {dag.py:3340} INFO - Setting next_dagrun for tutorial_taskflow_api to None, run_after=None
[2022-11-08T14:37:18.382+0000] {processor.py:176} INFO - Processing /home/airflow/.local/lib/python3.7/site-packages/airflow/example_dags/tutorial_taskflow_api.py took 0.098 seconds
[2022-11-08T14:37:48.826+0000] {processor.py:154} INFO - Started process (PID=2339) to work on /home/airflow/.local/lib/python3.7/site-packages/airflow/example_dags/tutorial_taskflow_api.py
[2022-11-08T14:37:48.827+0000] {processor.py:756} INFO - Processing file /home/airflow/.local/lib/python3.7/site-packages/airflow/example_dags/tutorial_taskflow_api.py for tasks to queue
[2022-11-08T14:37:48.827+0000] {logging_mixin.py:120} INFO - [2022-11-08T14:37:48.827+0000] {dagbag.py:537} INFO - Filling up the DagBag from /home/airflow/.local/lib/python3.7/site-packages/airflow/example_dags/tutorial_taskflow_api.py
[2022-11-08T14:37:48.845+0000] {processor.py:766} INFO - DAG(s) dict_keys(['tutorial_taskflow_api']) retrieved from /home/airflow/.local/lib/python3.7/site-packages/airflow/example_dags/tutorial_taskflow_api.py
[2022-11-08T14:37:48.871+0000] {logging_mixin.py:120} INFO - [2022-11-08T14:37:48.871+0000] {dag.py:2585} INFO - Sync 1 DAGs
[2022-11-08T14:37:48.896+0000] {logging_mixin.py:120} INFO - [2022-11-08T14:37:48.896+0000] {dag.py:3340} INFO - Setting next_dagrun for tutorial_taskflow_api to None, run_after=None
[2022-11-08T14:37:48.914+0000] {processor.py:176} INFO - Processing /home/airflow/.local/lib/python3.7/site-packages/airflow/example_dags/tutorial_taskflow_api.py took 0.092 seconds
[2022-11-08T14:38:19.555+0000] {processor.py:154} INFO - Started process (PID=2545) to work on /home/airflow/.local/lib/python3.7/site-packages/airflow/example_dags/tutorial_taskflow_api.py
[2022-11-08T14:38:19.556+0000] {processor.py:756} INFO - Processing file /home/airflow/.local/lib/python3.7/site-packages/airflow/example_dags/tutorial_taskflow_api.py for tasks to queue
[2022-11-08T14:38:19.557+0000] {logging_mixin.py:120} INFO - [2022-11-08T14:38:19.557+0000] {dagbag.py:537} INFO - Filling up the DagBag from /home/airflow/.local/lib/python3.7/site-packages/airflow/example_dags/tutorial_taskflow_api.py
[2022-11-08T14:38:19.575+0000] {processor.py:766} INFO - DAG(s) dict_keys(['tutorial_taskflow_api']) retrieved from /home/airflow/.local/lib/python3.7/site-packages/airflow/example_dags/tutorial_taskflow_api.py
[2022-11-08T14:38:19.600+0000] {logging_mixin.py:120} INFO - [2022-11-08T14:38:19.600+0000] {dag.py:2585} INFO - Sync 1 DAGs
[2022-11-08T14:38:19.628+0000] {logging_mixin.py:120} INFO - [2022-11-08T14:38:19.628+0000] {dag.py:3340} INFO - Setting next_dagrun for tutorial_taskflow_api to None, run_after=None
[2022-11-08T14:38:19.654+0000] {processor.py:176} INFO - Processing /home/airflow/.local/lib/python3.7/site-packages/airflow/example_dags/tutorial_taskflow_api.py took 0.103 seconds
[2022-11-08T14:38:50.018+0000] {processor.py:154} INFO - Started process (PID=2752) to work on /home/airflow/.local/lib/python3.7/site-packages/airflow/example_dags/tutorial_taskflow_api.py
[2022-11-08T14:38:50.018+0000] {processor.py:756} INFO - Processing file /home/airflow/.local/lib/python3.7/site-packages/airflow/example_dags/tutorial_taskflow_api.py for tasks to queue
[2022-11-08T14:38:50.019+0000] {logging_mixin.py:120} INFO - [2022-11-08T14:38:50.019+0000] {dagbag.py:537} INFO - Filling up the DagBag from /home/airflow/.local/lib/python3.7/site-packages/airflow/example_dags/tutorial_taskflow_api.py
[2022-11-08T14:38:50.040+0000] {processor.py:766} INFO - DAG(s) dict_keys(['tutorial_taskflow_api']) retrieved from /home/airflow/.local/lib/python3.7/site-packages/airflow/example_dags/tutorial_taskflow_api.py
[2022-11-08T14:38:50.074+0000] {logging_mixin.py:120} INFO - [2022-11-08T14:38:50.074+0000] {dag.py:2585} INFO - Sync 1 DAGs
[2022-11-08T14:38:50.096+0000] {logging_mixin.py:120} INFO - [2022-11-08T14:38:50.096+0000] {dag.py:3340} INFO - Setting next_dagrun for tutorial_taskflow_api to None, run_after=None
[2022-11-08T14:38:50.115+0000] {processor.py:176} INFO - Processing /home/airflow/.local/lib/python3.7/site-packages/airflow/example_dags/tutorial_taskflow_api.py took 0.100 seconds
[2022-11-08T14:39:20.826+0000] {processor.py:154} INFO - Started process (PID=2959) to work on /home/airflow/.local/lib/python3.7/site-packages/airflow/example_dags/tutorial_taskflow_api.py
[2022-11-08T14:39:20.827+0000] {processor.py:756} INFO - Processing file /home/airflow/.local/lib/python3.7/site-packages/airflow/example_dags/tutorial_taskflow_api.py for tasks to queue
[2022-11-08T14:39:20.828+0000] {logging_mixin.py:120} INFO - [2022-11-08T14:39:20.828+0000] {dagbag.py:537} INFO - Filling up the DagBag from /home/airflow/.local/lib/python3.7/site-packages/airflow/example_dags/tutorial_taskflow_api.py
[2022-11-08T14:39:20.847+0000] {processor.py:766} INFO - DAG(s) dict_keys(['tutorial_taskflow_api']) retrieved from /home/airflow/.local/lib/python3.7/site-packages/airflow/example_dags/tutorial_taskflow_api.py
[2022-11-08T14:39:20.885+0000] {logging_mixin.py:120} INFO - [2022-11-08T14:39:20.885+0000] {dag.py:2585} INFO - Sync 1 DAGs
[2022-11-08T14:39:20.918+0000] {logging_mixin.py:120} INFO - [2022-11-08T14:39:20.917+0000] {dag.py:3340} INFO - Setting next_dagrun for tutorial_taskflow_api to None, run_after=None
[2022-11-08T14:39:20.945+0000] {processor.py:176} INFO - Processing /home/airflow/.local/lib/python3.7/site-packages/airflow/example_dags/tutorial_taskflow_api.py took 0.121 seconds
[2022-11-08T14:39:51.878+0000] {processor.py:154} INFO - Started process (PID=3159) to work on /home/airflow/.local/lib/python3.7/site-packages/airflow/example_dags/tutorial_taskflow_api.py
[2022-11-08T14:39:51.879+0000] {processor.py:756} INFO - Processing file /home/airflow/.local/lib/python3.7/site-packages/airflow/example_dags/tutorial_taskflow_api.py for tasks to queue
[2022-11-08T14:39:51.880+0000] {logging_mixin.py:120} INFO - [2022-11-08T14:39:51.879+0000] {dagbag.py:537} INFO - Filling up the DagBag from /home/airflow/.local/lib/python3.7/site-packages/airflow/example_dags/tutorial_taskflow_api.py
[2022-11-08T14:39:51.902+0000] {processor.py:766} INFO - DAG(s) dict_keys(['tutorial_taskflow_api']) retrieved from /home/airflow/.local/lib/python3.7/site-packages/airflow/example_dags/tutorial_taskflow_api.py
[2022-11-08T14:39:51.947+0000] {logging_mixin.py:120} INFO - [2022-11-08T14:39:51.947+0000] {dag.py:2585} INFO - Sync 1 DAGs
[2022-11-08T14:39:51.972+0000] {logging_mixin.py:120} INFO - [2022-11-08T14:39:51.972+0000] {dag.py:3340} INFO - Setting next_dagrun for tutorial_taskflow_api to None, run_after=None
[2022-11-08T14:39:51.993+0000] {processor.py:176} INFO - Processing /home/airflow/.local/lib/python3.7/site-packages/airflow/example_dags/tutorial_taskflow_api.py took 0.120 seconds
[2022-11-08T14:40:23.022+0000] {processor.py:154} INFO - Started process (PID=3364) to work on /home/airflow/.local/lib/python3.7/site-packages/airflow/example_dags/tutorial_taskflow_api.py
[2022-11-08T14:40:23.023+0000] {processor.py:756} INFO - Processing file /home/airflow/.local/lib/python3.7/site-packages/airflow/example_dags/tutorial_taskflow_api.py for tasks to queue
[2022-11-08T14:40:23.023+0000] {logging_mixin.py:120} INFO - [2022-11-08T14:40:23.023+0000] {dagbag.py:537} INFO - Filling up the DagBag from /home/airflow/.local/lib/python3.7/site-packages/airflow/example_dags/tutorial_taskflow_api.py
[2022-11-08T14:40:23.046+0000] {processor.py:766} INFO - DAG(s) dict_keys(['tutorial_taskflow_api']) retrieved from /home/airflow/.local/lib/python3.7/site-packages/airflow/example_dags/tutorial_taskflow_api.py
[2022-11-08T14:40:23.092+0000] {logging_mixin.py:120} INFO - [2022-11-08T14:40:23.091+0000] {dag.py:2585} INFO - Sync 1 DAGs
[2022-11-08T14:40:23.118+0000] {logging_mixin.py:120} INFO - [2022-11-08T14:40:23.118+0000] {dag.py:3340} INFO - Setting next_dagrun for tutorial_taskflow_api to None, run_after=None
[2022-11-08T14:40:23.142+0000] {processor.py:176} INFO - Processing /home/airflow/.local/lib/python3.7/site-packages/airflow/example_dags/tutorial_taskflow_api.py took 0.124 seconds
[2022-11-08T14:40:53.425+0000] {processor.py:154} INFO - Started process (PID=3571) to work on /home/airflow/.local/lib/python3.7/site-packages/airflow/example_dags/tutorial_taskflow_api.py
[2022-11-08T14:40:53.428+0000] {processor.py:756} INFO - Processing file /home/airflow/.local/lib/python3.7/site-packages/airflow/example_dags/tutorial_taskflow_api.py for tasks to queue
[2022-11-08T14:40:53.432+0000] {logging_mixin.py:120} INFO - [2022-11-08T14:40:53.431+0000] {dagbag.py:537} INFO - Filling up the DagBag from /home/airflow/.local/lib/python3.7/site-packages/airflow/example_dags/tutorial_taskflow_api.py
[2022-11-08T14:40:53.466+0000] {processor.py:766} INFO - DAG(s) dict_keys(['tutorial_taskflow_api']) retrieved from /home/airflow/.local/lib/python3.7/site-packages/airflow/example_dags/tutorial_taskflow_api.py
[2022-11-08T14:40:53.526+0000] {logging_mixin.py:120} INFO - [2022-11-08T14:40:53.526+0000] {dag.py:2585} INFO - Sync 1 DAGs
[2022-11-08T14:40:53.561+0000] {logging_mixin.py:120} INFO - [2022-11-08T14:40:53.561+0000] {dag.py:3340} INFO - Setting next_dagrun for tutorial_taskflow_api to None, run_after=None
[2022-11-08T14:40:53.591+0000] {processor.py:176} INFO - Processing /home/airflow/.local/lib/python3.7/site-packages/airflow/example_dags/tutorial_taskflow_api.py took 0.175 seconds
[2022-11-08T14:41:23.700+0000] {processor.py:154} INFO - Started process (PID=3780) to work on /home/airflow/.local/lib/python3.7/site-packages/airflow/example_dags/tutorial_taskflow_api.py
[2022-11-08T14:41:23.701+0000] {processor.py:756} INFO - Processing file /home/airflow/.local/lib/python3.7/site-packages/airflow/example_dags/tutorial_taskflow_api.py for tasks to queue
[2022-11-08T14:41:23.701+0000] {logging_mixin.py:120} INFO - [2022-11-08T14:41:23.701+0000] {dagbag.py:537} INFO - Filling up the DagBag from /home/airflow/.local/lib/python3.7/site-packages/airflow/example_dags/tutorial_taskflow_api.py
[2022-11-08T14:41:23.732+0000] {processor.py:766} INFO - DAG(s) dict_keys(['tutorial_taskflow_api']) retrieved from /home/airflow/.local/lib/python3.7/site-packages/airflow/example_dags/tutorial_taskflow_api.py
[2022-11-08T14:41:23.778+0000] {logging_mixin.py:120} INFO - [2022-11-08T14:41:23.778+0000] {dag.py:2585} INFO - Sync 1 DAGs
[2022-11-08T14:41:23.806+0000] {logging_mixin.py:120} INFO - [2022-11-08T14:41:23.806+0000] {dag.py:3340} INFO - Setting next_dagrun for tutorial_taskflow_api to None, run_after=None
[2022-11-08T14:41:23.831+0000] {processor.py:176} INFO - Processing /home/airflow/.local/lib/python3.7/site-packages/airflow/example_dags/tutorial_taskflow_api.py took 0.136 seconds
[2022-11-08T14:41:53.909+0000] {processor.py:154} INFO - Started process (PID=3976) to work on /home/airflow/.local/lib/python3.7/site-packages/airflow/example_dags/tutorial_taskflow_api.py
[2022-11-08T14:41:53.910+0000] {processor.py:756} INFO - Processing file /home/airflow/.local/lib/python3.7/site-packages/airflow/example_dags/tutorial_taskflow_api.py for tasks to queue
[2022-11-08T14:41:53.911+0000] {logging_mixin.py:120} INFO - [2022-11-08T14:41:53.911+0000] {dagbag.py:537} INFO - Filling up the DagBag from /home/airflow/.local/lib/python3.7/site-packages/airflow/example_dags/tutorial_taskflow_api.py
[2022-11-08T14:41:53.935+0000] {processor.py:766} INFO - DAG(s) dict_keys(['tutorial_taskflow_api']) retrieved from /home/airflow/.local/lib/python3.7/site-packages/airflow/example_dags/tutorial_taskflow_api.py
[2022-11-08T14:41:53.976+0000] {logging_mixin.py:120} INFO - [2022-11-08T14:41:53.976+0000] {dag.py:2585} INFO - Sync 1 DAGs
[2022-11-08T14:41:54.000+0000] {logging_mixin.py:120} INFO - [2022-11-08T14:41:54.000+0000] {dag.py:3340} INFO - Setting next_dagrun for tutorial_taskflow_api to None, run_after=None
[2022-11-08T14:41:54.019+0000] {processor.py:176} INFO - Processing /home/airflow/.local/lib/python3.7/site-packages/airflow/example_dags/tutorial_taskflow_api.py took 0.114 seconds
[2022-11-08T14:42:24.070+0000] {processor.py:154} INFO - Started process (PID=4183) to work on /home/airflow/.local/lib/python3.7/site-packages/airflow/example_dags/tutorial_taskflow_api.py
[2022-11-08T14:42:24.071+0000] {processor.py:756} INFO - Processing file /home/airflow/.local/lib/python3.7/site-packages/airflow/example_dags/tutorial_taskflow_api.py for tasks to queue
[2022-11-08T14:42:24.072+0000] {logging_mixin.py:120} INFO - [2022-11-08T14:42:24.072+0000] {dagbag.py:537} INFO - Filling up the DagBag from /home/airflow/.local/lib/python3.7/site-packages/airflow/example_dags/tutorial_taskflow_api.py
[2022-11-08T14:42:24.094+0000] {processor.py:766} INFO - DAG(s) dict_keys(['tutorial_taskflow_api']) retrieved from /home/airflow/.local/lib/python3.7/site-packages/airflow/example_dags/tutorial_taskflow_api.py
[2022-11-08T14:42:24.116+0000] {logging_mixin.py:120} INFO - [2022-11-08T14:42:24.116+0000] {dag.py:2585} INFO - Sync 1 DAGs
[2022-11-08T14:42:24.137+0000] {logging_mixin.py:120} INFO - [2022-11-08T14:42:24.137+0000] {dag.py:3340} INFO - Setting next_dagrun for tutorial_taskflow_api to None, run_after=None
[2022-11-08T14:42:24.156+0000] {processor.py:176} INFO - Processing /home/airflow/.local/lib/python3.7/site-packages/airflow/example_dags/tutorial_taskflow_api.py took 0.091 seconds
[2022-11-08T14:42:54.574+0000] {processor.py:154} INFO - Started process (PID=4390) to work on /home/airflow/.local/lib/python3.7/site-packages/airflow/example_dags/tutorial_taskflow_api.py
[2022-11-08T14:42:54.575+0000] {processor.py:756} INFO - Processing file /home/airflow/.local/lib/python3.7/site-packages/airflow/example_dags/tutorial_taskflow_api.py for tasks to queue
[2022-11-08T14:42:54.576+0000] {logging_mixin.py:120} INFO - [2022-11-08T14:42:54.575+0000] {dagbag.py:537} INFO - Filling up the DagBag from /home/airflow/.local/lib/python3.7/site-packages/airflow/example_dags/tutorial_taskflow_api.py
[2022-11-08T14:42:54.595+0000] {processor.py:766} INFO - DAG(s) dict_keys(['tutorial_taskflow_api']) retrieved from /home/airflow/.local/lib/python3.7/site-packages/airflow/example_dags/tutorial_taskflow_api.py
[2022-11-08T14:42:54.639+0000] {logging_mixin.py:120} INFO - [2022-11-08T14:42:54.639+0000] {dag.py:2585} INFO - Sync 1 DAGs
[2022-11-08T14:42:54.671+0000] {logging_mixin.py:120} INFO - [2022-11-08T14:42:54.671+0000] {dag.py:3340} INFO - Setting next_dagrun for tutorial_taskflow_api to None, run_after=None
[2022-11-08T14:42:54.695+0000] {processor.py:176} INFO - Processing /home/airflow/.local/lib/python3.7/site-packages/airflow/example_dags/tutorial_taskflow_api.py took 0.124 seconds
[2022-11-08T14:43:25.112+0000] {processor.py:154} INFO - Started process (PID=4597) to work on /home/airflow/.local/lib/python3.7/site-packages/airflow/example_dags/tutorial_taskflow_api.py
[2022-11-08T14:43:25.113+0000] {processor.py:756} INFO - Processing file /home/airflow/.local/lib/python3.7/site-packages/airflow/example_dags/tutorial_taskflow_api.py for tasks to queue
[2022-11-08T14:43:25.114+0000] {logging_mixin.py:120} INFO - [2022-11-08T14:43:25.114+0000] {dagbag.py:537} INFO - Filling up the DagBag from /home/airflow/.local/lib/python3.7/site-packages/airflow/example_dags/tutorial_taskflow_api.py
[2022-11-08T14:43:25.131+0000] {processor.py:766} INFO - DAG(s) dict_keys(['tutorial_taskflow_api']) retrieved from /home/airflow/.local/lib/python3.7/site-packages/airflow/example_dags/tutorial_taskflow_api.py
[2022-11-08T14:43:25.164+0000] {logging_mixin.py:120} INFO - [2022-11-08T14:43:25.164+0000] {dag.py:2585} INFO - Sync 1 DAGs
[2022-11-08T14:43:25.182+0000] {logging_mixin.py:120} INFO - [2022-11-08T14:43:25.182+0000] {dag.py:3340} INFO - Setting next_dagrun for tutorial_taskflow_api to None, run_after=None
[2022-11-08T14:43:25.198+0000] {processor.py:176} INFO - Processing /home/airflow/.local/lib/python3.7/site-packages/airflow/example_dags/tutorial_taskflow_api.py took 0.089 seconds
[2022-11-08T14:43:55.719+0000] {processor.py:154} INFO - Started process (PID=4804) to work on /home/airflow/.local/lib/python3.7/site-packages/airflow/example_dags/tutorial_taskflow_api.py
[2022-11-08T14:43:55.720+0000] {processor.py:756} INFO - Processing file /home/airflow/.local/lib/python3.7/site-packages/airflow/example_dags/tutorial_taskflow_api.py for tasks to queue
[2022-11-08T14:43:55.720+0000] {logging_mixin.py:120} INFO - [2022-11-08T14:43:55.720+0000] {dagbag.py:537} INFO - Filling up the DagBag from /home/airflow/.local/lib/python3.7/site-packages/airflow/example_dags/tutorial_taskflow_api.py
[2022-11-08T14:43:55.739+0000] {processor.py:766} INFO - DAG(s) dict_keys(['tutorial_taskflow_api']) retrieved from /home/airflow/.local/lib/python3.7/site-packages/airflow/example_dags/tutorial_taskflow_api.py
[2022-11-08T14:43:55.777+0000] {logging_mixin.py:120} INFO - [2022-11-08T14:43:55.776+0000] {dag.py:2585} INFO - Sync 1 DAGs
[2022-11-08T14:43:55.799+0000] {logging_mixin.py:120} INFO - [2022-11-08T14:43:55.799+0000] {dag.py:3340} INFO - Setting next_dagrun for tutorial_taskflow_api to None, run_after=None
[2022-11-08T14:43:55.821+0000] {processor.py:176} INFO - Processing /home/airflow/.local/lib/python3.7/site-packages/airflow/example_dags/tutorial_taskflow_api.py took 0.106 seconds
[2022-11-08T14:44:26.513+0000] {processor.py:154} INFO - Started process (PID=5002) to work on /home/airflow/.local/lib/python3.7/site-packages/airflow/example_dags/tutorial_taskflow_api.py
[2022-11-08T14:44:26.514+0000] {processor.py:756} INFO - Processing file /home/airflow/.local/lib/python3.7/site-packages/airflow/example_dags/tutorial_taskflow_api.py for tasks to queue
[2022-11-08T14:44:26.515+0000] {logging_mixin.py:120} INFO - [2022-11-08T14:44:26.514+0000] {dagbag.py:537} INFO - Filling up the DagBag from /home/airflow/.local/lib/python3.7/site-packages/airflow/example_dags/tutorial_taskflow_api.py
[2022-11-08T14:44:26.537+0000] {processor.py:766} INFO - DAG(s) dict_keys(['tutorial_taskflow_api']) retrieved from /home/airflow/.local/lib/python3.7/site-packages/airflow/example_dags/tutorial_taskflow_api.py
[2022-11-08T14:44:26.589+0000] {logging_mixin.py:120} INFO - [2022-11-08T14:44:26.588+0000] {dag.py:2585} INFO - Sync 1 DAGs
[2022-11-08T14:44:26.617+0000] {logging_mixin.py:120} INFO - [2022-11-08T14:44:26.617+0000] {dag.py:3340} INFO - Setting next_dagrun for tutorial_taskflow_api to None, run_after=None
[2022-11-08T14:44:26.639+0000] {processor.py:176} INFO - Processing /home/airflow/.local/lib/python3.7/site-packages/airflow/example_dags/tutorial_taskflow_api.py took 0.129 seconds
[2022-11-08T14:44:57.083+0000] {processor.py:154} INFO - Started process (PID=5210) to work on /home/airflow/.local/lib/python3.7/site-packages/airflow/example_dags/tutorial_taskflow_api.py
[2022-11-08T14:44:57.084+0000] {processor.py:756} INFO - Processing file /home/airflow/.local/lib/python3.7/site-packages/airflow/example_dags/tutorial_taskflow_api.py for tasks to queue
[2022-11-08T14:44:57.084+0000] {logging_mixin.py:120} INFO - [2022-11-08T14:44:57.084+0000] {dagbag.py:537} INFO - Filling up the DagBag from /home/airflow/.local/lib/python3.7/site-packages/airflow/example_dags/tutorial_taskflow_api.py
[2022-11-08T14:44:57.101+0000] {processor.py:766} INFO - DAG(s) dict_keys(['tutorial_taskflow_api']) retrieved from /home/airflow/.local/lib/python3.7/site-packages/airflow/example_dags/tutorial_taskflow_api.py
[2022-11-08T14:44:57.133+0000] {logging_mixin.py:120} INFO - [2022-11-08T14:44:57.133+0000] {dag.py:2585} INFO - Sync 1 DAGs
[2022-11-08T14:44:57.153+0000] {logging_mixin.py:120} INFO - [2022-11-08T14:44:57.153+0000] {dag.py:3340} INFO - Setting next_dagrun for tutorial_taskflow_api to None, run_after=None
[2022-11-08T14:44:57.167+0000] {processor.py:176} INFO - Processing /home/airflow/.local/lib/python3.7/site-packages/airflow/example_dags/tutorial_taskflow_api.py took 0.087 seconds
[2022-11-08T14:45:27.459+0000] {processor.py:154} INFO - Started process (PID=5415) to work on /home/airflow/.local/lib/python3.7/site-packages/airflow/example_dags/tutorial_taskflow_api.py
[2022-11-08T14:45:27.459+0000] {processor.py:756} INFO - Processing file /home/airflow/.local/lib/python3.7/site-packages/airflow/example_dags/tutorial_taskflow_api.py for tasks to queue
[2022-11-08T14:45:27.460+0000] {logging_mixin.py:120} INFO - [2022-11-08T14:45:27.460+0000] {dagbag.py:537} INFO - Filling up the DagBag from /home/airflow/.local/lib/python3.7/site-packages/airflow/example_dags/tutorial_taskflow_api.py
[2022-11-08T14:45:27.476+0000] {processor.py:766} INFO - DAG(s) dict_keys(['tutorial_taskflow_api']) retrieved from /home/airflow/.local/lib/python3.7/site-packages/airflow/example_dags/tutorial_taskflow_api.py
[2022-11-08T14:45:27.510+0000] {logging_mixin.py:120} INFO - [2022-11-08T14:45:27.509+0000] {dag.py:2585} INFO - Sync 1 DAGs
[2022-11-08T14:45:27.529+0000] {logging_mixin.py:120} INFO - [2022-11-08T14:45:27.529+0000] {dag.py:3340} INFO - Setting next_dagrun for tutorial_taskflow_api to None, run_after=None
[2022-11-08T14:45:27.545+0000] {processor.py:176} INFO - Processing /home/airflow/.local/lib/python3.7/site-packages/airflow/example_dags/tutorial_taskflow_api.py took 0.090 seconds
[2022-11-08T14:45:57.817+0000] {processor.py:154} INFO - Started process (PID=5622) to work on /home/airflow/.local/lib/python3.7/site-packages/airflow/example_dags/tutorial_taskflow_api.py
[2022-11-08T14:45:57.818+0000] {processor.py:756} INFO - Processing file /home/airflow/.local/lib/python3.7/site-packages/airflow/example_dags/tutorial_taskflow_api.py for tasks to queue
[2022-11-08T14:45:57.819+0000] {logging_mixin.py:120} INFO - [2022-11-08T14:45:57.819+0000] {dagbag.py:537} INFO - Filling up the DagBag from /home/airflow/.local/lib/python3.7/site-packages/airflow/example_dags/tutorial_taskflow_api.py
[2022-11-08T14:45:57.835+0000] {processor.py:766} INFO - DAG(s) dict_keys(['tutorial_taskflow_api']) retrieved from /home/airflow/.local/lib/python3.7/site-packages/airflow/example_dags/tutorial_taskflow_api.py
[2022-11-08T14:45:57.868+0000] {logging_mixin.py:120} INFO - [2022-11-08T14:45:57.868+0000] {dag.py:2585} INFO - Sync 1 DAGs
[2022-11-08T14:45:57.887+0000] {logging_mixin.py:120} INFO - [2022-11-08T14:45:57.887+0000] {dag.py:3340} INFO - Setting next_dagrun for tutorial_taskflow_api to None, run_after=None
[2022-11-08T14:45:57.903+0000] {processor.py:176} INFO - Processing /home/airflow/.local/lib/python3.7/site-packages/airflow/example_dags/tutorial_taskflow_api.py took 0.089 seconds
[2022-11-08T14:46:28.786+0000] {processor.py:154} INFO - Started process (PID=5828) to work on /home/airflow/.local/lib/python3.7/site-packages/airflow/example_dags/tutorial_taskflow_api.py
[2022-11-08T14:46:28.786+0000] {processor.py:756} INFO - Processing file /home/airflow/.local/lib/python3.7/site-packages/airflow/example_dags/tutorial_taskflow_api.py for tasks to queue
[2022-11-08T14:46:28.787+0000] {logging_mixin.py:120} INFO - [2022-11-08T14:46:28.787+0000] {dagbag.py:537} INFO - Filling up the DagBag from /home/airflow/.local/lib/python3.7/site-packages/airflow/example_dags/tutorial_taskflow_api.py
[2022-11-08T14:46:28.807+0000] {processor.py:766} INFO - DAG(s) dict_keys(['tutorial_taskflow_api']) retrieved from /home/airflow/.local/lib/python3.7/site-packages/airflow/example_dags/tutorial_taskflow_api.py
[2022-11-08T14:46:28.852+0000] {logging_mixin.py:120} INFO - [2022-11-08T14:46:28.852+0000] {dag.py:2585} INFO - Sync 1 DAGs
[2022-11-08T14:46:28.882+0000] {logging_mixin.py:120} INFO - [2022-11-08T14:46:28.881+0000] {dag.py:3340} INFO - Setting next_dagrun for tutorial_taskflow_api to None, run_after=None
[2022-11-08T14:46:28.898+0000] {processor.py:176} INFO - Processing /home/airflow/.local/lib/python3.7/site-packages/airflow/example_dags/tutorial_taskflow_api.py took 0.115 seconds
[2022-11-08T14:46:58.932+0000] {processor.py:154} INFO - Started process (PID=6027) to work on /home/airflow/.local/lib/python3.7/site-packages/airflow/example_dags/tutorial_taskflow_api.py
[2022-11-08T14:46:58.933+0000] {processor.py:756} INFO - Processing file /home/airflow/.local/lib/python3.7/site-packages/airflow/example_dags/tutorial_taskflow_api.py for tasks to queue
[2022-11-08T14:46:58.934+0000] {logging_mixin.py:120} INFO - [2022-11-08T14:46:58.934+0000] {dagbag.py:537} INFO - Filling up the DagBag from /home/airflow/.local/lib/python3.7/site-packages/airflow/example_dags/tutorial_taskflow_api.py
[2022-11-08T14:46:58.956+0000] {processor.py:766} INFO - DAG(s) dict_keys(['tutorial_taskflow_api']) retrieved from /home/airflow/.local/lib/python3.7/site-packages/airflow/example_dags/tutorial_taskflow_api.py
[2022-11-08T14:46:58.976+0000] {logging_mixin.py:120} INFO - [2022-11-08T14:46:58.976+0000] {dag.py:2585} INFO - Sync 1 DAGs
[2022-11-08T14:46:58.996+0000] {logging_mixin.py:120} INFO - [2022-11-08T14:46:58.996+0000] {dag.py:3340} INFO - Setting next_dagrun for tutorial_taskflow_api to None, run_after=None
[2022-11-08T14:46:59.013+0000] {processor.py:176} INFO - Processing /home/airflow/.local/lib/python3.7/site-packages/airflow/example_dags/tutorial_taskflow_api.py took 0.085 seconds
[2022-11-08T14:47:29.657+0000] {processor.py:154} INFO - Started process (PID=6234) to work on /home/airflow/.local/lib/python3.7/site-packages/airflow/example_dags/tutorial_taskflow_api.py
[2022-11-08T14:47:29.659+0000] {processor.py:756} INFO - Processing file /home/airflow/.local/lib/python3.7/site-packages/airflow/example_dags/tutorial_taskflow_api.py for tasks to queue
[2022-11-08T14:47:29.660+0000] {logging_mixin.py:120} INFO - [2022-11-08T14:47:29.660+0000] {dagbag.py:537} INFO - Filling up the DagBag from /home/airflow/.local/lib/python3.7/site-packages/airflow/example_dags/tutorial_taskflow_api.py
[2022-11-08T14:47:29.690+0000] {processor.py:766} INFO - DAG(s) dict_keys(['tutorial_taskflow_api']) retrieved from /home/airflow/.local/lib/python3.7/site-packages/airflow/example_dags/tutorial_taskflow_api.py
[2022-11-08T14:47:29.748+0000] {logging_mixin.py:120} INFO - [2022-11-08T14:47:29.748+0000] {dag.py:2585} INFO - Sync 1 DAGs
[2022-11-08T14:47:29.776+0000] {logging_mixin.py:120} INFO - [2022-11-08T14:47:29.775+0000] {dag.py:3340} INFO - Setting next_dagrun for tutorial_taskflow_api to None, run_after=None
[2022-11-08T14:47:29.802+0000] {processor.py:176} INFO - Processing /home/airflow/.local/lib/python3.7/site-packages/airflow/example_dags/tutorial_taskflow_api.py took 0.149 seconds
[2022-11-08T14:48:00.631+0000] {processor.py:154} INFO - Started process (PID=6443) to work on /home/airflow/.local/lib/python3.7/site-packages/airflow/example_dags/tutorial_taskflow_api.py
[2022-11-08T14:48:00.632+0000] {processor.py:756} INFO - Processing file /home/airflow/.local/lib/python3.7/site-packages/airflow/example_dags/tutorial_taskflow_api.py for tasks to queue
[2022-11-08T14:48:00.633+0000] {logging_mixin.py:120} INFO - [2022-11-08T14:48:00.633+0000] {dagbag.py:537} INFO - Filling up the DagBag from /home/airflow/.local/lib/python3.7/site-packages/airflow/example_dags/tutorial_taskflow_api.py
[2022-11-08T14:48:00.651+0000] {processor.py:766} INFO - DAG(s) dict_keys(['tutorial_taskflow_api']) retrieved from /home/airflow/.local/lib/python3.7/site-packages/airflow/example_dags/tutorial_taskflow_api.py
[2022-11-08T14:48:00.687+0000] {logging_mixin.py:120} INFO - [2022-11-08T14:48:00.687+0000] {dag.py:2585} INFO - Sync 1 DAGs
[2022-11-08T14:48:00.708+0000] {logging_mixin.py:120} INFO - [2022-11-08T14:48:00.708+0000] {dag.py:3340} INFO - Setting next_dagrun for tutorial_taskflow_api to None, run_after=None
[2022-11-08T14:48:00.724+0000] {processor.py:176} INFO - Processing /home/airflow/.local/lib/python3.7/site-packages/airflow/example_dags/tutorial_taskflow_api.py took 0.096 seconds
[2022-11-08T14:48:31.773+0000] {processor.py:154} INFO - Started process (PID=6650) to work on /home/airflow/.local/lib/python3.7/site-packages/airflow/example_dags/tutorial_taskflow_api.py
[2022-11-08T14:48:31.774+0000] {processor.py:756} INFO - Processing file /home/airflow/.local/lib/python3.7/site-packages/airflow/example_dags/tutorial_taskflow_api.py for tasks to queue
[2022-11-08T14:48:31.775+0000] {logging_mixin.py:120} INFO - [2022-11-08T14:48:31.774+0000] {dagbag.py:537} INFO - Filling up the DagBag from /home/airflow/.local/lib/python3.7/site-packages/airflow/example_dags/tutorial_taskflow_api.py
[2022-11-08T14:48:31.797+0000] {processor.py:766} INFO - DAG(s) dict_keys(['tutorial_taskflow_api']) retrieved from /home/airflow/.local/lib/python3.7/site-packages/airflow/example_dags/tutorial_taskflow_api.py
[2022-11-08T14:48:31.841+0000] {logging_mixin.py:120} INFO - [2022-11-08T14:48:31.841+0000] {dag.py:2585} INFO - Sync 1 DAGs
[2022-11-08T14:48:31.868+0000] {logging_mixin.py:120} INFO - [2022-11-08T14:48:31.867+0000] {dag.py:3340} INFO - Setting next_dagrun for tutorial_taskflow_api to None, run_after=None
[2022-11-08T14:48:31.895+0000] {processor.py:176} INFO - Processing /home/airflow/.local/lib/python3.7/site-packages/airflow/example_dags/tutorial_taskflow_api.py took 0.126 seconds
[2022-11-08T14:49:01.950+0000] {processor.py:154} INFO - Started process (PID=6847) to work on /home/airflow/.local/lib/python3.7/site-packages/airflow/example_dags/tutorial_taskflow_api.py
[2022-11-08T14:49:01.951+0000] {processor.py:756} INFO - Processing file /home/airflow/.local/lib/python3.7/site-packages/airflow/example_dags/tutorial_taskflow_api.py for tasks to queue
[2022-11-08T14:49:01.952+0000] {logging_mixin.py:120} INFO - [2022-11-08T14:49:01.952+0000] {dagbag.py:537} INFO - Filling up the DagBag from /home/airflow/.local/lib/python3.7/site-packages/airflow/example_dags/tutorial_taskflow_api.py
[2022-11-08T14:49:01.986+0000] {processor.py:766} INFO - DAG(s) dict_keys(['tutorial_taskflow_api']) retrieved from /home/airflow/.local/lib/python3.7/site-packages/airflow/example_dags/tutorial_taskflow_api.py
[2022-11-08T14:49:02.046+0000] {logging_mixin.py:120} INFO - [2022-11-08T14:49:02.045+0000] {dag.py:2585} INFO - Sync 1 DAGs
[2022-11-08T14:49:02.080+0000] {logging_mixin.py:120} INFO - [2022-11-08T14:49:02.079+0000] {dag.py:3340} INFO - Setting next_dagrun for tutorial_taskflow_api to None, run_after=None
[2022-11-08T14:49:02.107+0000] {processor.py:176} INFO - Processing /home/airflow/.local/lib/python3.7/site-packages/airflow/example_dags/tutorial_taskflow_api.py took 0.162 seconds
[2022-11-08T14:49:32.953+0000] {processor.py:154} INFO - Started process (PID=7054) to work on /home/airflow/.local/lib/python3.7/site-packages/airflow/example_dags/tutorial_taskflow_api.py
[2022-11-08T14:49:32.954+0000] {processor.py:756} INFO - Processing file /home/airflow/.local/lib/python3.7/site-packages/airflow/example_dags/tutorial_taskflow_api.py for tasks to queue
[2022-11-08T14:49:32.955+0000] {logging_mixin.py:120} INFO - [2022-11-08T14:49:32.954+0000] {dagbag.py:537} INFO - Filling up the DagBag from /home/airflow/.local/lib/python3.7/site-packages/airflow/example_dags/tutorial_taskflow_api.py
[2022-11-08T14:49:32.971+0000] {processor.py:766} INFO - DAG(s) dict_keys(['tutorial_taskflow_api']) retrieved from /home/airflow/.local/lib/python3.7/site-packages/airflow/example_dags/tutorial_taskflow_api.py
[2022-11-08T14:49:33.005+0000] {logging_mixin.py:120} INFO - [2022-11-08T14:49:33.005+0000] {dag.py:2585} INFO - Sync 1 DAGs
[2022-11-08T14:49:33.024+0000] {logging_mixin.py:120} INFO - [2022-11-08T14:49:33.024+0000] {dag.py:3340} INFO - Setting next_dagrun for tutorial_taskflow_api to None, run_after=None
[2022-11-08T14:49:33.039+0000] {processor.py:176} INFO - Processing /home/airflow/.local/lib/python3.7/site-packages/airflow/example_dags/tutorial_taskflow_api.py took 0.089 seconds
[2022-11-08T14:50:03.424+0000] {processor.py:154} INFO - Started process (PID=7261) to work on /home/airflow/.local/lib/python3.7/site-packages/airflow/example_dags/tutorial_taskflow_api.py
[2022-11-08T14:50:03.425+0000] {processor.py:756} INFO - Processing file /home/airflow/.local/lib/python3.7/site-packages/airflow/example_dags/tutorial_taskflow_api.py for tasks to queue
[2022-11-08T14:50:03.425+0000] {logging_mixin.py:120} INFO - [2022-11-08T14:50:03.425+0000] {dagbag.py:537} INFO - Filling up the DagBag from /home/airflow/.local/lib/python3.7/site-packages/airflow/example_dags/tutorial_taskflow_api.py
[2022-11-08T14:50:03.442+0000] {processor.py:766} INFO - DAG(s) dict_keys(['tutorial_taskflow_api']) retrieved from /home/airflow/.local/lib/python3.7/site-packages/airflow/example_dags/tutorial_taskflow_api.py
[2022-11-08T14:50:03.475+0000] {logging_mixin.py:120} INFO - [2022-11-08T14:50:03.475+0000] {dag.py:2585} INFO - Sync 1 DAGs
[2022-11-08T14:50:03.494+0000] {logging_mixin.py:120} INFO - [2022-11-08T14:50:03.494+0000] {dag.py:3340} INFO - Setting next_dagrun for tutorial_taskflow_api to None, run_after=None
[2022-11-08T14:50:03.509+0000] {processor.py:176} INFO - Processing /home/airflow/.local/lib/python3.7/site-packages/airflow/example_dags/tutorial_taskflow_api.py took 0.089 seconds
[2022-11-08T14:50:34.052+0000] {processor.py:154} INFO - Started process (PID=7467) to work on /home/airflow/.local/lib/python3.7/site-packages/airflow/example_dags/tutorial_taskflow_api.py
[2022-11-08T14:50:34.053+0000] {processor.py:756} INFO - Processing file /home/airflow/.local/lib/python3.7/site-packages/airflow/example_dags/tutorial_taskflow_api.py for tasks to queue
[2022-11-08T14:50:34.053+0000] {logging_mixin.py:120} INFO - [2022-11-08T14:50:34.053+0000] {dagbag.py:537} INFO - Filling up the DagBag from /home/airflow/.local/lib/python3.7/site-packages/airflow/example_dags/tutorial_taskflow_api.py
[2022-11-08T14:50:34.073+0000] {processor.py:766} INFO - DAG(s) dict_keys(['tutorial_taskflow_api']) retrieved from /home/airflow/.local/lib/python3.7/site-packages/airflow/example_dags/tutorial_taskflow_api.py
[2022-11-08T14:50:34.112+0000] {logging_mixin.py:120} INFO - [2022-11-08T14:50:34.111+0000] {dag.py:2585} INFO - Sync 1 DAGs
[2022-11-08T14:50:34.135+0000] {logging_mixin.py:120} INFO - [2022-11-08T14:50:34.135+0000] {dag.py:3340} INFO - Setting next_dagrun for tutorial_taskflow_api to None, run_after=None
[2022-11-08T14:50:34.154+0000] {processor.py:176} INFO - Processing /home/airflow/.local/lib/python3.7/site-packages/airflow/example_dags/tutorial_taskflow_api.py took 0.106 seconds
[2022-11-08T14:51:04.812+0000] {processor.py:154} INFO - Started process (PID=7674) to work on /home/airflow/.local/lib/python3.7/site-packages/airflow/example_dags/tutorial_taskflow_api.py
[2022-11-08T14:51:04.813+0000] {processor.py:756} INFO - Processing file /home/airflow/.local/lib/python3.7/site-packages/airflow/example_dags/tutorial_taskflow_api.py for tasks to queue
[2022-11-08T14:51:04.814+0000] {logging_mixin.py:120} INFO - [2022-11-08T14:51:04.813+0000] {dagbag.py:537} INFO - Filling up the DagBag from /home/airflow/.local/lib/python3.7/site-packages/airflow/example_dags/tutorial_taskflow_api.py
[2022-11-08T14:51:04.832+0000] {processor.py:766} INFO - DAG(s) dict_keys(['tutorial_taskflow_api']) retrieved from /home/airflow/.local/lib/python3.7/site-packages/airflow/example_dags/tutorial_taskflow_api.py
[2022-11-08T14:51:04.872+0000] {logging_mixin.py:120} INFO - [2022-11-08T14:51:04.871+0000] {dag.py:2585} INFO - Sync 1 DAGs
[2022-11-08T14:51:04.896+0000] {logging_mixin.py:120} INFO - [2022-11-08T14:51:04.896+0000] {dag.py:3340} INFO - Setting next_dagrun for tutorial_taskflow_api to None, run_after=None
[2022-11-08T14:51:04.917+0000] {processor.py:176} INFO - Processing /home/airflow/.local/lib/python3.7/site-packages/airflow/example_dags/tutorial_taskflow_api.py took 0.110 seconds
[2022-11-08T14:51:35.796+0000] {processor.py:154} INFO - Started process (PID=7875) to work on /home/airflow/.local/lib/python3.7/site-packages/airflow/example_dags/tutorial_taskflow_api.py
[2022-11-08T14:51:35.797+0000] {processor.py:756} INFO - Processing file /home/airflow/.local/lib/python3.7/site-packages/airflow/example_dags/tutorial_taskflow_api.py for tasks to queue
[2022-11-08T14:51:35.798+0000] {logging_mixin.py:120} INFO - [2022-11-08T14:51:35.798+0000] {dagbag.py:537} INFO - Filling up the DagBag from /home/airflow/.local/lib/python3.7/site-packages/airflow/example_dags/tutorial_taskflow_api.py
[2022-11-08T14:51:35.826+0000] {processor.py:766} INFO - DAG(s) dict_keys(['tutorial_taskflow_api']) retrieved from /home/airflow/.local/lib/python3.7/site-packages/airflow/example_dags/tutorial_taskflow_api.py
[2022-11-08T14:51:35.874+0000] {logging_mixin.py:120} INFO - [2022-11-08T14:51:35.874+0000] {dag.py:2585} INFO - Sync 1 DAGs
[2022-11-08T14:51:35.897+0000] {logging_mixin.py:120} INFO - [2022-11-08T14:51:35.897+0000] {dag.py:3340} INFO - Setting next_dagrun for tutorial_taskflow_api to None, run_after=None
[2022-11-08T14:51:35.918+0000] {processor.py:176} INFO - Processing /home/airflow/.local/lib/python3.7/site-packages/airflow/example_dags/tutorial_taskflow_api.py took 0.127 seconds
[2022-11-08T14:52:05.982+0000] {processor.py:154} INFO - Started process (PID=8082) to work on /home/airflow/.local/lib/python3.7/site-packages/airflow/example_dags/tutorial_taskflow_api.py
[2022-11-08T14:52:05.983+0000] {processor.py:756} INFO - Processing file /home/airflow/.local/lib/python3.7/site-packages/airflow/example_dags/tutorial_taskflow_api.py for tasks to queue
[2022-11-08T14:52:05.984+0000] {logging_mixin.py:120} INFO - [2022-11-08T14:52:05.984+0000] {dagbag.py:537} INFO - Filling up the DagBag from /home/airflow/.local/lib/python3.7/site-packages/airflow/example_dags/tutorial_taskflow_api.py
[2022-11-08T14:52:06.005+0000] {processor.py:766} INFO - DAG(s) dict_keys(['tutorial_taskflow_api']) retrieved from /home/airflow/.local/lib/python3.7/site-packages/airflow/example_dags/tutorial_taskflow_api.py
[2022-11-08T14:52:06.049+0000] {logging_mixin.py:120} INFO - [2022-11-08T14:52:06.049+0000] {dag.py:2585} INFO - Sync 1 DAGs
[2022-11-08T14:52:06.073+0000] {logging_mixin.py:120} INFO - [2022-11-08T14:52:06.073+0000] {dag.py:3340} INFO - Setting next_dagrun for tutorial_taskflow_api to None, run_after=None
[2022-11-08T14:52:06.092+0000] {processor.py:176} INFO - Processing /home/airflow/.local/lib/python3.7/site-packages/airflow/example_dags/tutorial_taskflow_api.py took 0.115 seconds
[2022-11-08T14:52:36.322+0000] {processor.py:154} INFO - Started process (PID=8284) to work on /home/airflow/.local/lib/python3.7/site-packages/airflow/example_dags/tutorial_taskflow_api.py
[2022-11-08T14:52:36.324+0000] {processor.py:756} INFO - Processing file /home/airflow/.local/lib/python3.7/site-packages/airflow/example_dags/tutorial_taskflow_api.py for tasks to queue
[2022-11-08T14:52:36.324+0000] {logging_mixin.py:120} INFO - [2022-11-08T14:52:36.324+0000] {dagbag.py:537} INFO - Filling up the DagBag from /home/airflow/.local/lib/python3.7/site-packages/airflow/example_dags/tutorial_taskflow_api.py
[2022-11-08T14:52:36.353+0000] {processor.py:766} INFO - DAG(s) dict_keys(['tutorial_taskflow_api']) retrieved from /home/airflow/.local/lib/python3.7/site-packages/airflow/example_dags/tutorial_taskflow_api.py
[2022-11-08T14:52:36.397+0000] {logging_mixin.py:120} INFO - [2022-11-08T14:52:36.397+0000] {dag.py:2585} INFO - Sync 1 DAGs
[2022-11-08T14:52:36.423+0000] {logging_mixin.py:120} INFO - [2022-11-08T14:52:36.422+0000] {dag.py:3340} INFO - Setting next_dagrun for tutorial_taskflow_api to None, run_after=None
[2022-11-08T14:52:36.442+0000] {processor.py:176} INFO - Processing /home/airflow/.local/lib/python3.7/site-packages/airflow/example_dags/tutorial_taskflow_api.py took 0.126 seconds
[2022-11-08T14:53:06.645+0000] {processor.py:154} INFO - Started process (PID=8483) to work on /home/airflow/.local/lib/python3.7/site-packages/airflow/example_dags/tutorial_taskflow_api.py
[2022-11-08T14:53:06.646+0000] {processor.py:756} INFO - Processing file /home/airflow/.local/lib/python3.7/site-packages/airflow/example_dags/tutorial_taskflow_api.py for tasks to queue
[2022-11-08T14:53:06.647+0000] {logging_mixin.py:120} INFO - [2022-11-08T14:53:06.646+0000] {dagbag.py:537} INFO - Filling up the DagBag from /home/airflow/.local/lib/python3.7/site-packages/airflow/example_dags/tutorial_taskflow_api.py
[2022-11-08T14:53:06.669+0000] {processor.py:766} INFO - DAG(s) dict_keys(['tutorial_taskflow_api']) retrieved from /home/airflow/.local/lib/python3.7/site-packages/airflow/example_dags/tutorial_taskflow_api.py
[2022-11-08T14:53:06.709+0000] {logging_mixin.py:120} INFO - [2022-11-08T14:53:06.709+0000] {dag.py:2585} INFO - Sync 1 DAGs
[2022-11-08T14:53:06.734+0000] {logging_mixin.py:120} INFO - [2022-11-08T14:53:06.734+0000] {dag.py:3340} INFO - Setting next_dagrun for tutorial_taskflow_api to None, run_after=None
[2022-11-08T14:53:06.758+0000] {processor.py:176} INFO - Processing /home/airflow/.local/lib/python3.7/site-packages/airflow/example_dags/tutorial_taskflow_api.py took 0.117 seconds
[2022-11-08T14:53:36.893+0000] {processor.py:154} INFO - Started process (PID=8691) to work on /home/airflow/.local/lib/python3.7/site-packages/airflow/example_dags/tutorial_taskflow_api.py
[2022-11-08T14:53:36.894+0000] {processor.py:756} INFO - Processing file /home/airflow/.local/lib/python3.7/site-packages/airflow/example_dags/tutorial_taskflow_api.py for tasks to queue
[2022-11-08T14:53:36.895+0000] {logging_mixin.py:120} INFO - [2022-11-08T14:53:36.895+0000] {dagbag.py:537} INFO - Filling up the DagBag from /home/airflow/.local/lib/python3.7/site-packages/airflow/example_dags/tutorial_taskflow_api.py
[2022-11-08T14:53:36.922+0000] {processor.py:766} INFO - DAG(s) dict_keys(['tutorial_taskflow_api']) retrieved from /home/airflow/.local/lib/python3.7/site-packages/airflow/example_dags/tutorial_taskflow_api.py
[2022-11-08T14:53:36.971+0000] {logging_mixin.py:120} INFO - [2022-11-08T14:53:36.971+0000] {dag.py:2585} INFO - Sync 1 DAGs
[2022-11-08T14:53:36.994+0000] {logging_mixin.py:120} INFO - [2022-11-08T14:53:36.994+0000] {dag.py:3340} INFO - Setting next_dagrun for tutorial_taskflow_api to None, run_after=None
[2022-11-08T14:53:37.019+0000] {processor.py:176} INFO - Processing /home/airflow/.local/lib/python3.7/site-packages/airflow/example_dags/tutorial_taskflow_api.py took 0.130 seconds
[2022-11-08T14:54:07.383+0000] {processor.py:154} INFO - Started process (PID=8900) to work on /home/airflow/.local/lib/python3.7/site-packages/airflow/example_dags/tutorial_taskflow_api.py
[2022-11-08T14:54:07.384+0000] {processor.py:756} INFO - Processing file /home/airflow/.local/lib/python3.7/site-packages/airflow/example_dags/tutorial_taskflow_api.py for tasks to queue
[2022-11-08T14:54:07.385+0000] {logging_mixin.py:120} INFO - [2022-11-08T14:54:07.385+0000] {dagbag.py:537} INFO - Filling up the DagBag from /home/airflow/.local/lib/python3.7/site-packages/airflow/example_dags/tutorial_taskflow_api.py
[2022-11-08T14:54:07.407+0000] {processor.py:766} INFO - DAG(s) dict_keys(['tutorial_taskflow_api']) retrieved from /home/airflow/.local/lib/python3.7/site-packages/airflow/example_dags/tutorial_taskflow_api.py
[2022-11-08T14:54:07.452+0000] {logging_mixin.py:120} INFO - [2022-11-08T14:54:07.452+0000] {dag.py:2585} INFO - Sync 1 DAGs
[2022-11-08T14:54:07.478+0000] {logging_mixin.py:120} INFO - [2022-11-08T14:54:07.477+0000] {dag.py:3340} INFO - Setting next_dagrun for tutorial_taskflow_api to None, run_after=None
[2022-11-08T14:54:07.498+0000] {processor.py:176} INFO - Processing /home/airflow/.local/lib/python3.7/site-packages/airflow/example_dags/tutorial_taskflow_api.py took 0.119 seconds
[2022-11-08T14:54:37.977+0000] {processor.py:154} INFO - Started process (PID=9105) to work on /home/airflow/.local/lib/python3.7/site-packages/airflow/example_dags/tutorial_taskflow_api.py
[2022-11-08T14:54:37.978+0000] {processor.py:756} INFO - Processing file /home/airflow/.local/lib/python3.7/site-packages/airflow/example_dags/tutorial_taskflow_api.py for tasks to queue
[2022-11-08T14:54:37.979+0000] {logging_mixin.py:120} INFO - [2022-11-08T14:54:37.979+0000] {dagbag.py:537} INFO - Filling up the DagBag from /home/airflow/.local/lib/python3.7/site-packages/airflow/example_dags/tutorial_taskflow_api.py
[2022-11-08T14:54:38.007+0000] {processor.py:766} INFO - DAG(s) dict_keys(['tutorial_taskflow_api']) retrieved from /home/airflow/.local/lib/python3.7/site-packages/airflow/example_dags/tutorial_taskflow_api.py
[2022-11-08T14:54:38.075+0000] {logging_mixin.py:120} INFO - [2022-11-08T14:54:38.075+0000] {dag.py:2585} INFO - Sync 1 DAGs
[2022-11-08T14:54:38.117+0000] {logging_mixin.py:120} INFO - [2022-11-08T14:54:38.117+0000] {dag.py:3340} INFO - Setting next_dagrun for tutorial_taskflow_api to None, run_after=None
[2022-11-08T14:54:38.153+0000] {processor.py:176} INFO - Processing /home/airflow/.local/lib/python3.7/site-packages/airflow/example_dags/tutorial_taskflow_api.py took 0.181 seconds
[2022-11-08T14:55:08.303+0000] {processor.py:154} INFO - Started process (PID=9303) to work on /home/airflow/.local/lib/python3.7/site-packages/airflow/example_dags/tutorial_taskflow_api.py
[2022-11-08T14:55:08.305+0000] {processor.py:756} INFO - Processing file /home/airflow/.local/lib/python3.7/site-packages/airflow/example_dags/tutorial_taskflow_api.py for tasks to queue
[2022-11-08T14:55:08.305+0000] {logging_mixin.py:120} INFO - [2022-11-08T14:55:08.305+0000] {dagbag.py:537} INFO - Filling up the DagBag from /home/airflow/.local/lib/python3.7/site-packages/airflow/example_dags/tutorial_taskflow_api.py
[2022-11-08T14:55:08.327+0000] {processor.py:766} INFO - DAG(s) dict_keys(['tutorial_taskflow_api']) retrieved from /home/airflow/.local/lib/python3.7/site-packages/airflow/example_dags/tutorial_taskflow_api.py
[2022-11-08T14:55:08.373+0000] {logging_mixin.py:120} INFO - [2022-11-08T14:55:08.373+0000] {dag.py:2585} INFO - Sync 1 DAGs
[2022-11-08T14:55:08.411+0000] {logging_mixin.py:120} INFO - [2022-11-08T14:55:08.411+0000] {dag.py:3340} INFO - Setting next_dagrun for tutorial_taskflow_api to None, run_after=None
[2022-11-08T14:55:08.448+0000] {processor.py:176} INFO - Processing /home/airflow/.local/lib/python3.7/site-packages/airflow/example_dags/tutorial_taskflow_api.py took 0.149 seconds
[2022-11-08T14:55:38.674+0000] {processor.py:154} INFO - Started process (PID=9512) to work on /home/airflow/.local/lib/python3.7/site-packages/airflow/example_dags/tutorial_taskflow_api.py
[2022-11-08T14:55:38.675+0000] {processor.py:756} INFO - Processing file /home/airflow/.local/lib/python3.7/site-packages/airflow/example_dags/tutorial_taskflow_api.py for tasks to queue
[2022-11-08T14:55:38.676+0000] {logging_mixin.py:120} INFO - [2022-11-08T14:55:38.676+0000] {dagbag.py:537} INFO - Filling up the DagBag from /home/airflow/.local/lib/python3.7/site-packages/airflow/example_dags/tutorial_taskflow_api.py
[2022-11-08T14:55:38.698+0000] {processor.py:766} INFO - DAG(s) dict_keys(['tutorial_taskflow_api']) retrieved from /home/airflow/.local/lib/python3.7/site-packages/airflow/example_dags/tutorial_taskflow_api.py
[2022-11-08T14:55:38.743+0000] {logging_mixin.py:120} INFO - [2022-11-08T14:55:38.742+0000] {dag.py:2585} INFO - Sync 1 DAGs
[2022-11-08T14:55:38.774+0000] {logging_mixin.py:120} INFO - [2022-11-08T14:55:38.774+0000] {dag.py:3340} INFO - Setting next_dagrun for tutorial_taskflow_api to None, run_after=None
[2022-11-08T14:55:38.798+0000] {processor.py:176} INFO - Processing /home/airflow/.local/lib/python3.7/site-packages/airflow/example_dags/tutorial_taskflow_api.py took 0.128 seconds
[2022-11-08T14:56:09.069+0000] {processor.py:154} INFO - Started process (PID=9717) to work on /home/airflow/.local/lib/python3.7/site-packages/airflow/example_dags/tutorial_taskflow_api.py
[2022-11-08T14:56:09.070+0000] {processor.py:756} INFO - Processing file /home/airflow/.local/lib/python3.7/site-packages/airflow/example_dags/tutorial_taskflow_api.py for tasks to queue
[2022-11-08T14:56:09.071+0000] {logging_mixin.py:120} INFO - [2022-11-08T14:56:09.071+0000] {dagbag.py:537} INFO - Filling up the DagBag from /home/airflow/.local/lib/python3.7/site-packages/airflow/example_dags/tutorial_taskflow_api.py
[2022-11-08T14:56:09.097+0000] {processor.py:766} INFO - DAG(s) dict_keys(['tutorial_taskflow_api']) retrieved from /home/airflow/.local/lib/python3.7/site-packages/airflow/example_dags/tutorial_taskflow_api.py
[2022-11-08T14:56:09.143+0000] {logging_mixin.py:120} INFO - [2022-11-08T14:56:09.142+0000] {dag.py:2585} INFO - Sync 1 DAGs
[2022-11-08T14:56:09.168+0000] {logging_mixin.py:120} INFO - [2022-11-08T14:56:09.168+0000] {dag.py:3340} INFO - Setting next_dagrun for tutorial_taskflow_api to None, run_after=None
[2022-11-08T14:56:09.190+0000] {processor.py:176} INFO - Processing /home/airflow/.local/lib/python3.7/site-packages/airflow/example_dags/tutorial_taskflow_api.py took 0.125 seconds
[2022-11-08T14:56:40.523+0000] {processor.py:154} INFO - Started process (PID=9928) to work on /home/airflow/.local/lib/python3.7/site-packages/airflow/example_dags/tutorial_taskflow_api.py
[2022-11-08T14:56:40.525+0000] {processor.py:756} INFO - Processing file /home/airflow/.local/lib/python3.7/site-packages/airflow/example_dags/tutorial_taskflow_api.py for tasks to queue
[2022-11-08T14:56:40.526+0000] {logging_mixin.py:120} INFO - [2022-11-08T14:56:40.526+0000] {dagbag.py:537} INFO - Filling up the DagBag from /home/airflow/.local/lib/python3.7/site-packages/airflow/example_dags/tutorial_taskflow_api.py
[2022-11-08T14:56:40.556+0000] {processor.py:766} INFO - DAG(s) dict_keys(['tutorial_taskflow_api']) retrieved from /home/airflow/.local/lib/python3.7/site-packages/airflow/example_dags/tutorial_taskflow_api.py
[2022-11-08T14:56:40.604+0000] {logging_mixin.py:120} INFO - [2022-11-08T14:56:40.604+0000] {dag.py:2585} INFO - Sync 1 DAGs
[2022-11-08T14:56:40.640+0000] {logging_mixin.py:120} INFO - [2022-11-08T14:56:40.640+0000] {dag.py:3340} INFO - Setting next_dagrun for tutorial_taskflow_api to None, run_after=None
[2022-11-08T14:56:40.679+0000] {processor.py:176} INFO - Processing /home/airflow/.local/lib/python3.7/site-packages/airflow/example_dags/tutorial_taskflow_api.py took 0.160 seconds
[2022-11-08T14:57:10.846+0000] {processor.py:154} INFO - Started process (PID=10128) to work on /home/airflow/.local/lib/python3.7/site-packages/airflow/example_dags/tutorial_taskflow_api.py
[2022-11-08T14:57:10.847+0000] {processor.py:756} INFO - Processing file /home/airflow/.local/lib/python3.7/site-packages/airflow/example_dags/tutorial_taskflow_api.py for tasks to queue
[2022-11-08T14:57:10.848+0000] {logging_mixin.py:120} INFO - [2022-11-08T14:57:10.848+0000] {dagbag.py:537} INFO - Filling up the DagBag from /home/airflow/.local/lib/python3.7/site-packages/airflow/example_dags/tutorial_taskflow_api.py
[2022-11-08T14:57:10.873+0000] {processor.py:766} INFO - DAG(s) dict_keys(['tutorial_taskflow_api']) retrieved from /home/airflow/.local/lib/python3.7/site-packages/airflow/example_dags/tutorial_taskflow_api.py
[2022-11-08T14:57:10.916+0000] {logging_mixin.py:120} INFO - [2022-11-08T14:57:10.916+0000] {dag.py:2585} INFO - Sync 1 DAGs
[2022-11-08T14:57:10.955+0000] {logging_mixin.py:120} INFO - [2022-11-08T14:57:10.955+0000] {dag.py:3340} INFO - Setting next_dagrun for tutorial_taskflow_api to None, run_after=None
[2022-11-08T14:57:10.978+0000] {processor.py:176} INFO - Processing /home/airflow/.local/lib/python3.7/site-packages/airflow/example_dags/tutorial_taskflow_api.py took 0.135 seconds
[2022-11-08T14:57:42.060+0000] {processor.py:154} INFO - Started process (PID=10335) to work on /home/airflow/.local/lib/python3.7/site-packages/airflow/example_dags/tutorial_taskflow_api.py
[2022-11-08T14:57:42.061+0000] {processor.py:756} INFO - Processing file /home/airflow/.local/lib/python3.7/site-packages/airflow/example_dags/tutorial_taskflow_api.py for tasks to queue
[2022-11-08T14:57:42.062+0000] {logging_mixin.py:120} INFO - [2022-11-08T14:57:42.062+0000] {dagbag.py:537} INFO - Filling up the DagBag from /home/airflow/.local/lib/python3.7/site-packages/airflow/example_dags/tutorial_taskflow_api.py
[2022-11-08T14:57:42.083+0000] {processor.py:766} INFO - DAG(s) dict_keys(['tutorial_taskflow_api']) retrieved from /home/airflow/.local/lib/python3.7/site-packages/airflow/example_dags/tutorial_taskflow_api.py
[2022-11-08T14:57:42.126+0000] {logging_mixin.py:120} INFO - [2022-11-08T14:57:42.126+0000] {dag.py:2585} INFO - Sync 1 DAGs
[2022-11-08T14:57:42.151+0000] {logging_mixin.py:120} INFO - [2022-11-08T14:57:42.150+0000] {dag.py:3340} INFO - Setting next_dagrun for tutorial_taskflow_api to None, run_after=None
[2022-11-08T14:57:42.170+0000] {processor.py:176} INFO - Processing /home/airflow/.local/lib/python3.7/site-packages/airflow/example_dags/tutorial_taskflow_api.py took 0.115 seconds
[2022-11-08T14:58:12.351+0000] {processor.py:154} INFO - Started process (PID=10542) to work on /home/airflow/.local/lib/python3.7/site-packages/airflow/example_dags/tutorial_taskflow_api.py
[2022-11-08T14:58:12.352+0000] {processor.py:756} INFO - Processing file /home/airflow/.local/lib/python3.7/site-packages/airflow/example_dags/tutorial_taskflow_api.py for tasks to queue
[2022-11-08T14:58:12.352+0000] {logging_mixin.py:120} INFO - [2022-11-08T14:58:12.352+0000] {dagbag.py:537} INFO - Filling up the DagBag from /home/airflow/.local/lib/python3.7/site-packages/airflow/example_dags/tutorial_taskflow_api.py
[2022-11-08T14:58:12.374+0000] {processor.py:766} INFO - DAG(s) dict_keys(['tutorial_taskflow_api']) retrieved from /home/airflow/.local/lib/python3.7/site-packages/airflow/example_dags/tutorial_taskflow_api.py
[2022-11-08T14:58:12.413+0000] {logging_mixin.py:120} INFO - [2022-11-08T14:58:12.413+0000] {dag.py:2585} INFO - Sync 1 DAGs
[2022-11-08T14:58:12.437+0000] {logging_mixin.py:120} INFO - [2022-11-08T14:58:12.437+0000] {dag.py:3340} INFO - Setting next_dagrun for tutorial_taskflow_api to None, run_after=None
[2022-11-08T14:58:12.455+0000] {processor.py:176} INFO - Processing /home/airflow/.local/lib/python3.7/site-packages/airflow/example_dags/tutorial_taskflow_api.py took 0.108 seconds
[2022-11-08T14:58:42.585+0000] {processor.py:154} INFO - Started process (PID=10740) to work on /home/airflow/.local/lib/python3.7/site-packages/airflow/example_dags/tutorial_taskflow_api.py
[2022-11-08T14:58:42.586+0000] {processor.py:756} INFO - Processing file /home/airflow/.local/lib/python3.7/site-packages/airflow/example_dags/tutorial_taskflow_api.py for tasks to queue
[2022-11-08T14:58:42.587+0000] {logging_mixin.py:120} INFO - [2022-11-08T14:58:42.587+0000] {dagbag.py:537} INFO - Filling up the DagBag from /home/airflow/.local/lib/python3.7/site-packages/airflow/example_dags/tutorial_taskflow_api.py
[2022-11-08T14:58:42.612+0000] {processor.py:766} INFO - DAG(s) dict_keys(['tutorial_taskflow_api']) retrieved from /home/airflow/.local/lib/python3.7/site-packages/airflow/example_dags/tutorial_taskflow_api.py
[2022-11-08T14:58:42.657+0000] {logging_mixin.py:120} INFO - [2022-11-08T14:58:42.657+0000] {dag.py:2585} INFO - Sync 1 DAGs
[2022-11-08T14:58:42.684+0000] {logging_mixin.py:120} INFO - [2022-11-08T14:58:42.684+0000] {dag.py:3340} INFO - Setting next_dagrun for tutorial_taskflow_api to None, run_after=None
[2022-11-08T14:58:42.705+0000] {processor.py:176} INFO - Processing /home/airflow/.local/lib/python3.7/site-packages/airflow/example_dags/tutorial_taskflow_api.py took 0.123 seconds
[2022-11-08T14:59:12.925+0000] {processor.py:154} INFO - Started process (PID=10947) to work on /home/airflow/.local/lib/python3.7/site-packages/airflow/example_dags/tutorial_taskflow_api.py
[2022-11-08T14:59:12.926+0000] {processor.py:756} INFO - Processing file /home/airflow/.local/lib/python3.7/site-packages/airflow/example_dags/tutorial_taskflow_api.py for tasks to queue
[2022-11-08T14:59:12.926+0000] {logging_mixin.py:120} INFO - [2022-11-08T14:59:12.926+0000] {dagbag.py:537} INFO - Filling up the DagBag from /home/airflow/.local/lib/python3.7/site-packages/airflow/example_dags/tutorial_taskflow_api.py
[2022-11-08T14:59:12.951+0000] {processor.py:766} INFO - DAG(s) dict_keys(['tutorial_taskflow_api']) retrieved from /home/airflow/.local/lib/python3.7/site-packages/airflow/example_dags/tutorial_taskflow_api.py
[2022-11-08T14:59:12.994+0000] {logging_mixin.py:120} INFO - [2022-11-08T14:59:12.994+0000] {dag.py:2585} INFO - Sync 1 DAGs
[2022-11-08T14:59:13.020+0000] {logging_mixin.py:120} INFO - [2022-11-08T14:59:13.020+0000] {dag.py:3340} INFO - Setting next_dagrun for tutorial_taskflow_api to None, run_after=None
[2022-11-08T14:59:13.041+0000] {processor.py:176} INFO - Processing /home/airflow/.local/lib/python3.7/site-packages/airflow/example_dags/tutorial_taskflow_api.py took 0.121 seconds
[2022-11-08T14:59:43.174+0000] {processor.py:154} INFO - Started process (PID=11156) to work on /home/airflow/.local/lib/python3.7/site-packages/airflow/example_dags/tutorial_taskflow_api.py
[2022-11-08T14:59:43.175+0000] {processor.py:756} INFO - Processing file /home/airflow/.local/lib/python3.7/site-packages/airflow/example_dags/tutorial_taskflow_api.py for tasks to queue
[2022-11-08T14:59:43.175+0000] {logging_mixin.py:120} INFO - [2022-11-08T14:59:43.175+0000] {dagbag.py:537} INFO - Filling up the DagBag from /home/airflow/.local/lib/python3.7/site-packages/airflow/example_dags/tutorial_taskflow_api.py
[2022-11-08T14:59:43.195+0000] {processor.py:766} INFO - DAG(s) dict_keys(['tutorial_taskflow_api']) retrieved from /home/airflow/.local/lib/python3.7/site-packages/airflow/example_dags/tutorial_taskflow_api.py
[2022-11-08T14:59:43.238+0000] {logging_mixin.py:120} INFO - [2022-11-08T14:59:43.238+0000] {dag.py:2585} INFO - Sync 1 DAGs
[2022-11-08T14:59:43.261+0000] {logging_mixin.py:120} INFO - [2022-11-08T14:59:43.261+0000] {dag.py:3340} INFO - Setting next_dagrun for tutorial_taskflow_api to None, run_after=None
[2022-11-08T14:59:43.279+0000] {processor.py:176} INFO - Processing /home/airflow/.local/lib/python3.7/site-packages/airflow/example_dags/tutorial_taskflow_api.py took 0.109 seconds
[2022-11-08T15:00:13.561+0000] {processor.py:154} INFO - Started process (PID=11361) to work on /home/airflow/.local/lib/python3.7/site-packages/airflow/example_dags/tutorial_taskflow_api.py
[2022-11-08T15:00:13.562+0000] {processor.py:756} INFO - Processing file /home/airflow/.local/lib/python3.7/site-packages/airflow/example_dags/tutorial_taskflow_api.py for tasks to queue
[2022-11-08T15:00:13.563+0000] {logging_mixin.py:120} INFO - [2022-11-08T15:00:13.563+0000] {dagbag.py:537} INFO - Filling up the DagBag from /home/airflow/.local/lib/python3.7/site-packages/airflow/example_dags/tutorial_taskflow_api.py
[2022-11-08T15:00:13.588+0000] {processor.py:766} INFO - DAG(s) dict_keys(['tutorial_taskflow_api']) retrieved from /home/airflow/.local/lib/python3.7/site-packages/airflow/example_dags/tutorial_taskflow_api.py
[2022-11-08T15:00:13.643+0000] {logging_mixin.py:120} INFO - [2022-11-08T15:00:13.643+0000] {dag.py:2585} INFO - Sync 1 DAGs
[2022-11-08T15:00:13.675+0000] {logging_mixin.py:120} INFO - [2022-11-08T15:00:13.674+0000] {dag.py:3340} INFO - Setting next_dagrun for tutorial_taskflow_api to None, run_after=None
[2022-11-08T15:00:13.696+0000] {processor.py:176} INFO - Processing /home/airflow/.local/lib/python3.7/site-packages/airflow/example_dags/tutorial_taskflow_api.py took 0.139 seconds
[2022-11-08T15:00:43.806+0000] {processor.py:154} INFO - Started process (PID=11559) to work on /home/airflow/.local/lib/python3.7/site-packages/airflow/example_dags/tutorial_taskflow_api.py
[2022-11-08T15:00:43.807+0000] {processor.py:756} INFO - Processing file /home/airflow/.local/lib/python3.7/site-packages/airflow/example_dags/tutorial_taskflow_api.py for tasks to queue
[2022-11-08T15:00:43.808+0000] {logging_mixin.py:120} INFO - [2022-11-08T15:00:43.808+0000] {dagbag.py:537} INFO - Filling up the DagBag from /home/airflow/.local/lib/python3.7/site-packages/airflow/example_dags/tutorial_taskflow_api.py
[2022-11-08T15:00:43.832+0000] {processor.py:766} INFO - DAG(s) dict_keys(['tutorial_taskflow_api']) retrieved from /home/airflow/.local/lib/python3.7/site-packages/airflow/example_dags/tutorial_taskflow_api.py
[2022-11-08T15:00:43.878+0000] {logging_mixin.py:120} INFO - [2022-11-08T15:00:43.878+0000] {dag.py:2585} INFO - Sync 1 DAGs
[2022-11-08T15:00:43.906+0000] {logging_mixin.py:120} INFO - [2022-11-08T15:00:43.906+0000] {dag.py:3340} INFO - Setting next_dagrun for tutorial_taskflow_api to None, run_after=None
[2022-11-08T15:00:43.931+0000] {processor.py:176} INFO - Processing /home/airflow/.local/lib/python3.7/site-packages/airflow/example_dags/tutorial_taskflow_api.py took 0.130 seconds
[2022-11-08T15:01:14.007+0000] {processor.py:154} INFO - Started process (PID=11767) to work on /home/airflow/.local/lib/python3.7/site-packages/airflow/example_dags/tutorial_taskflow_api.py
[2022-11-08T15:01:14.008+0000] {processor.py:756} INFO - Processing file /home/airflow/.local/lib/python3.7/site-packages/airflow/example_dags/tutorial_taskflow_api.py for tasks to queue
[2022-11-08T15:01:14.009+0000] {logging_mixin.py:120} INFO - [2022-11-08T15:01:14.009+0000] {dagbag.py:537} INFO - Filling up the DagBag from /home/airflow/.local/lib/python3.7/site-packages/airflow/example_dags/tutorial_taskflow_api.py
[2022-11-08T15:01:14.030+0000] {processor.py:766} INFO - DAG(s) dict_keys(['tutorial_taskflow_api']) retrieved from /home/airflow/.local/lib/python3.7/site-packages/airflow/example_dags/tutorial_taskflow_api.py
[2022-11-08T15:01:14.079+0000] {logging_mixin.py:120} INFO - [2022-11-08T15:01:14.079+0000] {dag.py:2585} INFO - Sync 1 DAGs
[2022-11-08T15:01:14.110+0000] {logging_mixin.py:120} INFO - [2022-11-08T15:01:14.110+0000] {dag.py:3340} INFO - Setting next_dagrun for tutorial_taskflow_api to None, run_after=None
[2022-11-08T15:01:14.140+0000] {processor.py:176} INFO - Processing /home/airflow/.local/lib/python3.7/site-packages/airflow/example_dags/tutorial_taskflow_api.py took 0.136 seconds
