[2022-11-08T15:27:48.914+0000] {taskinstance.py:1165} INFO - Dependencies all met for <TaskInstance: our_first_dag_v2.first_task scheduled__2022-09-25T00:00:00+00:00 [queued]>
[2022-11-08T15:27:48.949+0000] {taskinstance.py:1165} INFO - Dependencies all met for <TaskInstance: our_first_dag_v2.first_task scheduled__2022-09-25T00:00:00+00:00 [queued]>
[2022-11-08T15:27:48.958+0000] {taskinstance.py:1362} INFO - 
--------------------------------------------------------------------------------
[2022-11-08T15:27:48.963+0000] {taskinstance.py:1363} INFO - Starting attempt 1 of 6
[2022-11-08T15:27:48.964+0000] {taskinstance.py:1364} INFO - 
--------------------------------------------------------------------------------
[2022-11-08T15:27:49.020+0000] {taskinstance.py:1383} INFO - Executing <Task(BashOperator): first_task> on 2022-09-25 00:00:00+00:00
[2022-11-08T15:27:49.050+0000] {standard_task_runner.py:55} INFO - Started process 6815 to run task
[2022-11-08T15:27:49.064+0000] {standard_task_runner.py:82} INFO - Running: ['***', 'tasks', 'run', 'our_first_dag_v2', 'first_task', 'scheduled__2022-09-25T00:00:00+00:00', '--job-id', '1791', '--raw', '--subdir', 'DAGS_FOLDER/first_dag.py', '--cfg-path', '/tmp/tmpw3jaxzeu']
[2022-11-08T15:27:49.088+0000] {standard_task_runner.py:83} INFO - Job 1791: Subtask first_task
[2022-11-08T15:27:49.256+0000] {task_command.py:376} INFO - Running <TaskInstance: our_first_dag_v2.first_task scheduled__2022-09-25T00:00:00+00:00 [running]> on host ade0f1f4f3fb
[2022-11-08T15:27:49.429+0000] {taskinstance.py:1592} INFO - Exporting the following env vars:
AIRFLOW_CTX_DAG_OWNER=kshama
AIRFLOW_CTX_DAG_ID=our_first_dag_v2
AIRFLOW_CTX_TASK_ID=first_task
AIRFLOW_CTX_EXECUTION_DATE=2022-09-25T00:00:00+00:00
AIRFLOW_CTX_TRY_NUMBER=1
AIRFLOW_CTX_DAG_RUN_ID=scheduled__2022-09-25T00:00:00+00:00
[2022-11-08T15:27:49.432+0000] {subprocess.py:63} INFO - Tmp dir root location: 
 /tmp
[2022-11-08T15:27:49.433+0000] {subprocess.py:75} INFO - Running command: ['/bin/bash', '-c', 'echo hello world, this is the first task!']
[2022-11-08T15:27:49.460+0000] {subprocess.py:86} INFO - Output:
[2022-11-08T15:27:49.463+0000] {subprocess.py:93} INFO - hello world, this is the first task!
[2022-11-08T15:27:49.464+0000] {subprocess.py:97} INFO - Command exited with return code 0
[2022-11-08T15:27:49.517+0000] {taskinstance.py:1406} INFO - Marking task as SUCCESS. dag_id=our_first_dag_v2, task_id=first_task, execution_date=20220925T000000, start_date=20221108T152748, end_date=20221108T152749
[2022-11-08T15:27:49.607+0000] {local_task_job.py:164} INFO - Task exited with return code 0
[2022-11-08T15:27:49.783+0000] {local_task_job.py:273} INFO - 0 downstream tasks scheduled from follow-on schedule check
