[2022-11-08T15:45:05.222+0000] {taskinstance.py:1165} INFO - Dependencies all met for <TaskInstance: our_dag_with_python_operator_v07.get_name manual__2022-11-08T15:45:04.694357+00:00 [queued]>
[2022-11-08T15:45:05.234+0000] {taskinstance.py:1165} INFO - Dependencies all met for <TaskInstance: our_dag_with_python_operator_v07.get_name manual__2022-11-08T15:45:04.694357+00:00 [queued]>
[2022-11-08T15:45:05.234+0000] {taskinstance.py:1362} INFO - 
--------------------------------------------------------------------------------
[2022-11-08T15:45:05.235+0000] {taskinstance.py:1363} INFO - Starting attempt 1 of 6
[2022-11-08T15:45:05.235+0000] {taskinstance.py:1364} INFO - 
--------------------------------------------------------------------------------
[2022-11-08T15:45:05.266+0000] {taskinstance.py:1383} INFO - Executing <Task(PythonOperator): get_name> on 2022-11-08 15:45:04.694357+00:00
[2022-11-08T15:45:05.278+0000] {standard_task_runner.py:55} INFO - Started process 8254 to run task
[2022-11-08T15:45:05.283+0000] {standard_task_runner.py:82} INFO - Running: ['***', 'tasks', 'run', 'our_dag_with_python_operator_v07', 'get_name', 'manual__2022-11-08T15:45:04.694357+00:00', '--job-id', '1929', '--raw', '--subdir', 'DAGS_FOLDER/dag_with_python_operator.py', '--cfg-path', '/tmp/tmp4xhlnco2']
[2022-11-08T15:45:05.293+0000] {standard_task_runner.py:83} INFO - Job 1929: Subtask get_name
[2022-11-08T15:45:05.391+0000] {task_command.py:376} INFO - Running <TaskInstance: our_dag_with_python_operator_v07.get_name manual__2022-11-08T15:45:04.694357+00:00 [running]> on host ade0f1f4f3fb
[2022-11-08T15:45:05.490+0000] {taskinstance.py:1592} INFO - Exporting the following env vars:
AIRFLOW_CTX_DAG_OWNER=kshama
AIRFLOW_CTX_DAG_ID=our_dag_with_python_operator_v07
AIRFLOW_CTX_TASK_ID=get_name
AIRFLOW_CTX_EXECUTION_DATE=2022-11-08T15:45:04.694357+00:00
AIRFLOW_CTX_TRY_NUMBER=1
AIRFLOW_CTX_DAG_RUN_ID=manual__2022-11-08T15:45:04.694357+00:00
[2022-11-08T15:45:05.541+0000] {python.py:177} INFO - Done. Returned value was: None
[2022-11-08T15:45:05.555+0000] {taskinstance.py:1406} INFO - Marking task as SUCCESS. dag_id=our_dag_with_python_operator_v07, task_id=get_name, execution_date=20221108T154504, start_date=20221108T154505, end_date=20221108T154505
[2022-11-08T15:45:05.620+0000] {local_task_job.py:164} INFO - Task exited with return code 0
[2022-11-08T15:45:05.648+0000] {local_task_job.py:273} INFO - 1 downstream tasks scheduled from follow-on schedule check
