[2022-11-08T15:28:16.925+0000] {taskinstance.py:1165} INFO - Dependencies all met for <TaskInstance: our_first_dag_v2.first_task scheduled__2022-11-02T00:00:00+00:00 [queued]>
[2022-11-08T15:28:17.081+0000] {taskinstance.py:1165} INFO - Dependencies all met for <TaskInstance: our_first_dag_v2.first_task scheduled__2022-11-02T00:00:00+00:00 [queued]>
[2022-11-08T15:28:17.094+0000] {taskinstance.py:1362} INFO - 
--------------------------------------------------------------------------------
[2022-11-08T15:28:17.095+0000] {taskinstance.py:1363} INFO - Starting attempt 1 of 6
[2022-11-08T15:28:17.096+0000] {taskinstance.py:1364} INFO - 
--------------------------------------------------------------------------------
[2022-11-08T15:28:17.251+0000] {taskinstance.py:1383} INFO - Executing <Task(BashOperator): first_task> on 2022-11-02 00:00:00+00:00
[2022-11-08T15:28:17.264+0000] {standard_task_runner.py:55} INFO - Started process 7204 to run task
[2022-11-08T15:28:17.308+0000] {standard_task_runner.py:82} INFO - Running: ['***', 'tasks', 'run', 'our_first_dag_v2', 'first_task', 'scheduled__2022-11-02T00:00:00+00:00', '--job-id', '1909', '--raw', '--subdir', 'DAGS_FOLDER/first_dag.py', '--cfg-path', '/tmp/tmp7blcwv9g']
[2022-11-08T15:28:17.332+0000] {standard_task_runner.py:83} INFO - Job 1909: Subtask first_task
[2022-11-08T15:28:17.543+0000] {task_command.py:376} INFO - Running <TaskInstance: our_first_dag_v2.first_task scheduled__2022-11-02T00:00:00+00:00 [running]> on host ade0f1f4f3fb
[2022-11-08T15:28:17.778+0000] {taskinstance.py:1592} INFO - Exporting the following env vars:
AIRFLOW_CTX_DAG_OWNER=kshama
AIRFLOW_CTX_DAG_ID=our_first_dag_v2
AIRFLOW_CTX_TASK_ID=first_task
AIRFLOW_CTX_EXECUTION_DATE=2022-11-02T00:00:00+00:00
AIRFLOW_CTX_TRY_NUMBER=1
AIRFLOW_CTX_DAG_RUN_ID=scheduled__2022-11-02T00:00:00+00:00
[2022-11-08T15:28:17.783+0000] {subprocess.py:63} INFO - Tmp dir root location: 
 /tmp
[2022-11-08T15:28:17.784+0000] {subprocess.py:75} INFO - Running command: ['/bin/bash', '-c', 'echo hello world, this is the first task!']
[2022-11-08T15:28:17.828+0000] {subprocess.py:86} INFO - Output:
[2022-11-08T15:28:17.832+0000] {subprocess.py:93} INFO - hello world, this is the first task!
[2022-11-08T15:28:17.833+0000] {subprocess.py:97} INFO - Command exited with return code 0
[2022-11-08T15:28:17.916+0000] {taskinstance.py:1406} INFO - Marking task as SUCCESS. dag_id=our_first_dag_v2, task_id=first_task, execution_date=20221102T000000, start_date=20221108T152816, end_date=20221108T152817
[2022-11-08T15:28:18.080+0000] {local_task_job.py:164} INFO - Task exited with return code 0
[2022-11-08T15:28:18.414+0000] {local_task_job.py:273} INFO - 0 downstream tasks scheduled from follow-on schedule check
