[2022-11-08T15:26:30.095+0000] {taskinstance.py:1165} INFO - Dependencies all met for <TaskInstance: our_first_dag_v2.second_task scheduled__2022-06-08T00:00:00+00:00 [queued]>
[2022-11-08T15:26:30.134+0000] {taskinstance.py:1165} INFO - Dependencies all met for <TaskInstance: our_first_dag_v2.second_task scheduled__2022-06-08T00:00:00+00:00 [queued]>
[2022-11-08T15:26:30.135+0000] {taskinstance.py:1362} INFO - 
--------------------------------------------------------------------------------
[2022-11-08T15:26:30.135+0000] {taskinstance.py:1363} INFO - Starting attempt 1 of 6
[2022-11-08T15:26:30.135+0000] {taskinstance.py:1364} INFO - 
--------------------------------------------------------------------------------
[2022-11-08T15:26:30.273+0000] {taskinstance.py:1383} INFO - Executing <Task(BashOperator): second_task> on 2022-06-08 00:00:00+00:00
[2022-11-08T15:26:30.289+0000] {standard_task_runner.py:55} INFO - Started process 5809 to run task
[2022-11-08T15:26:30.306+0000] {standard_task_runner.py:82} INFO - Running: ['***', 'tasks', 'run', 'our_first_dag_v2', 'second_task', 'scheduled__2022-06-08T00:00:00+00:00', '--job-id', '1477', '--raw', '--subdir', 'DAGS_FOLDER/first_dag.py', '--cfg-path', '/tmp/tmp6uh_pver']
[2022-11-08T15:26:30.321+0000] {standard_task_runner.py:83} INFO - Job 1477: Subtask second_task
[2022-11-08T15:26:30.532+0000] {task_command.py:376} INFO - Running <TaskInstance: our_first_dag_v2.second_task scheduled__2022-06-08T00:00:00+00:00 [running]> on host ade0f1f4f3fb
[2022-11-08T15:26:30.700+0000] {taskinstance.py:1592} INFO - Exporting the following env vars:
AIRFLOW_CTX_DAG_OWNER=kshama
AIRFLOW_CTX_DAG_ID=our_first_dag_v2
AIRFLOW_CTX_TASK_ID=second_task
AIRFLOW_CTX_EXECUTION_DATE=2022-06-08T00:00:00+00:00
AIRFLOW_CTX_TRY_NUMBER=1
AIRFLOW_CTX_DAG_RUN_ID=scheduled__2022-06-08T00:00:00+00:00
[2022-11-08T15:26:30.708+0000] {subprocess.py:63} INFO - Tmp dir root location: 
 /tmp
[2022-11-08T15:26:30.710+0000] {subprocess.py:75} INFO - Running command: ['/bin/bash', '-c', 'echo hey, I am task2 and will be running after task1!']
[2022-11-08T15:26:30.776+0000] {subprocess.py:86} INFO - Output:
[2022-11-08T15:26:30.778+0000] {subprocess.py:93} INFO - hey, I am task2 and will be running after task1!
[2022-11-08T15:26:30.779+0000] {subprocess.py:97} INFO - Command exited with return code 0
[2022-11-08T15:26:30.864+0000] {taskinstance.py:1406} INFO - Marking task as SUCCESS. dag_id=our_first_dag_v2, task_id=second_task, execution_date=20220608T000000, start_date=20221108T152630, end_date=20221108T152630
[2022-11-08T15:26:30.940+0000] {local_task_job.py:164} INFO - Task exited with return code 0
[2022-11-08T15:26:30.994+0000] {local_task_job.py:273} INFO - 0 downstream tasks scheduled from follow-on schedule check
