[2022-11-08T15:27:03.456+0000] {taskinstance.py:1165} INFO - Dependencies all met for <TaskInstance: our_first_dag_v2.first_task scheduled__2022-07-23T00:00:00+00:00 [queued]>
[2022-11-08T15:27:03.491+0000] {taskinstance.py:1165} INFO - Dependencies all met for <TaskInstance: our_first_dag_v2.first_task scheduled__2022-07-23T00:00:00+00:00 [queued]>
[2022-11-08T15:27:03.492+0000] {taskinstance.py:1362} INFO - 
--------------------------------------------------------------------------------
[2022-11-08T15:27:03.492+0000] {taskinstance.py:1363} INFO - Starting attempt 1 of 6
[2022-11-08T15:27:03.492+0000] {taskinstance.py:1364} INFO - 
--------------------------------------------------------------------------------
[2022-11-08T15:27:03.596+0000] {taskinstance.py:1383} INFO - Executing <Task(BashOperator): first_task> on 2022-07-23 00:00:00+00:00
[2022-11-08T15:27:03.607+0000] {standard_task_runner.py:55} INFO - Started process 6217 to run task
[2022-11-08T15:27:03.619+0000] {standard_task_runner.py:82} INFO - Running: ['***', 'tasks', 'run', 'our_first_dag_v2', 'first_task', 'scheduled__2022-07-23T00:00:00+00:00', '--job-id', '1604', '--raw', '--subdir', 'DAGS_FOLDER/first_dag.py', '--cfg-path', '/tmp/tmp6pyx2zv4']
[2022-11-08T15:27:03.625+0000] {standard_task_runner.py:83} INFO - Job 1604: Subtask first_task
[2022-11-08T15:27:03.783+0000] {task_command.py:376} INFO - Running <TaskInstance: our_first_dag_v2.first_task scheduled__2022-07-23T00:00:00+00:00 [running]> on host ade0f1f4f3fb
[2022-11-08T15:27:03.962+0000] {taskinstance.py:1592} INFO - Exporting the following env vars:
AIRFLOW_CTX_DAG_OWNER=kshama
AIRFLOW_CTX_DAG_ID=our_first_dag_v2
AIRFLOW_CTX_TASK_ID=first_task
AIRFLOW_CTX_EXECUTION_DATE=2022-07-23T00:00:00+00:00
AIRFLOW_CTX_TRY_NUMBER=1
AIRFLOW_CTX_DAG_RUN_ID=scheduled__2022-07-23T00:00:00+00:00
[2022-11-08T15:27:03.964+0000] {subprocess.py:63} INFO - Tmp dir root location: 
 /tmp
[2022-11-08T15:27:03.967+0000] {subprocess.py:75} INFO - Running command: ['/bin/bash', '-c', 'echo hello world, this is the first task!']
[2022-11-08T15:27:04.025+0000] {subprocess.py:86} INFO - Output:
[2022-11-08T15:27:04.031+0000] {subprocess.py:93} INFO - hello world, this is the first task!
[2022-11-08T15:27:04.034+0000] {subprocess.py:97} INFO - Command exited with return code 0
[2022-11-08T15:27:04.086+0000] {taskinstance.py:1406} INFO - Marking task as SUCCESS. dag_id=our_first_dag_v2, task_id=first_task, execution_date=20220723T000000, start_date=20221108T152703, end_date=20221108T152704
[2022-11-08T15:27:04.194+0000] {local_task_job.py:164} INFO - Task exited with return code 0
[2022-11-08T15:27:04.244+0000] {local_task_job.py:273} INFO - 1 downstream tasks scheduled from follow-on schedule check
