[2022-11-08T15:25:50.533+0000] {taskinstance.py:1165} INFO - Dependencies all met for <TaskInstance: our_first_dag_v2.thrid_task scheduled__2022-04-25T00:00:00+00:00 [queued]>
[2022-11-08T15:25:50.572+0000] {taskinstance.py:1165} INFO - Dependencies all met for <TaskInstance: our_first_dag_v2.thrid_task scheduled__2022-04-25T00:00:00+00:00 [queued]>
[2022-11-08T15:25:50.574+0000] {taskinstance.py:1362} INFO - 
--------------------------------------------------------------------------------
[2022-11-08T15:25:50.575+0000] {taskinstance.py:1363} INFO - Starting attempt 1 of 6
[2022-11-08T15:25:50.576+0000] {taskinstance.py:1364} INFO - 
--------------------------------------------------------------------------------
[2022-11-08T15:25:50.760+0000] {taskinstance.py:1383} INFO - Executing <Task(BashOperator): thrid_task> on 2022-04-25 00:00:00+00:00
[2022-11-08T15:25:50.782+0000] {standard_task_runner.py:55} INFO - Started process 5348 to run task
[2022-11-08T15:25:50.803+0000] {standard_task_runner.py:82} INFO - Running: ['***', 'tasks', 'run', 'our_first_dag_v2', 'thrid_task', 'scheduled__2022-04-25T00:00:00+00:00', '--job-id', '1334', '--raw', '--subdir', 'DAGS_FOLDER/first_dag.py', '--cfg-path', '/tmp/tmp_wk5vpy3']
[2022-11-08T15:25:50.813+0000] {standard_task_runner.py:83} INFO - Job 1334: Subtask thrid_task
[2022-11-08T15:25:51.093+0000] {task_command.py:376} INFO - Running <TaskInstance: our_first_dag_v2.thrid_task scheduled__2022-04-25T00:00:00+00:00 [running]> on host ade0f1f4f3fb
[2022-11-08T15:25:51.281+0000] {taskinstance.py:1592} INFO - Exporting the following env vars:
AIRFLOW_CTX_DAG_OWNER=kshama
AIRFLOW_CTX_DAG_ID=our_first_dag_v2
AIRFLOW_CTX_TASK_ID=thrid_task
AIRFLOW_CTX_EXECUTION_DATE=2022-04-25T00:00:00+00:00
AIRFLOW_CTX_TRY_NUMBER=1
AIRFLOW_CTX_DAG_RUN_ID=scheduled__2022-04-25T00:00:00+00:00
[2022-11-08T15:25:51.284+0000] {subprocess.py:63} INFO - Tmp dir root location: 
 /tmp
[2022-11-08T15:25:51.285+0000] {subprocess.py:75} INFO - Running command: ['/bin/bash', '-c', 'echo hey, I am task3 and will be running after task1 at the same time as task2!']
[2022-11-08T15:25:51.327+0000] {subprocess.py:86} INFO - Output:
[2022-11-08T15:25:51.333+0000] {subprocess.py:93} INFO - hey, I am task3 and will be running after task1 at the same time as task2!
[2022-11-08T15:25:51.335+0000] {subprocess.py:97} INFO - Command exited with return code 0
[2022-11-08T15:25:51.451+0000] {taskinstance.py:1406} INFO - Marking task as SUCCESS. dag_id=our_first_dag_v2, task_id=thrid_task, execution_date=20220425T000000, start_date=20221108T152550, end_date=20221108T152551
[2022-11-08T15:25:51.594+0000] {local_task_job.py:164} INFO - Task exited with return code 0
[2022-11-08T15:25:51.674+0000] {local_task_job.py:273} INFO - 0 downstream tasks scheduled from follow-on schedule check
