[2022-11-08T15:22:24.124+0000] {taskinstance.py:1165} INFO - Dependencies all met for <TaskInstance: our_first_dag_v2.first_task scheduled__2021-12-30T00:00:00+00:00 [queued]>
[2022-11-08T15:22:24.245+0000] {taskinstance.py:1165} INFO - Dependencies all met for <TaskInstance: our_first_dag_v2.first_task scheduled__2021-12-30T00:00:00+00:00 [queued]>
[2022-11-08T15:22:24.246+0000] {taskinstance.py:1362} INFO - 
--------------------------------------------------------------------------------
[2022-11-08T15:22:24.247+0000] {taskinstance.py:1363} INFO - Starting attempt 1 of 6
[2022-11-08T15:22:24.262+0000] {taskinstance.py:1364} INFO - 
--------------------------------------------------------------------------------
[2022-11-08T15:22:24.361+0000] {taskinstance.py:1383} INFO - Executing <Task(BashOperator): first_task> on 2021-12-30 00:00:00+00:00
[2022-11-08T15:22:24.409+0000] {standard_task_runner.py:55} INFO - Started process 4117 to run task
[2022-11-08T15:22:24.431+0000] {standard_task_runner.py:82} INFO - Running: ['***', 'tasks', 'run', 'our_first_dag_v2', 'first_task', 'scheduled__2021-12-30T00:00:00+00:00', '--job-id', '986', '--raw', '--subdir', 'DAGS_FOLDER/first_dag.py', '--cfg-path', '/tmp/tmpph208se9']
[2022-11-08T15:22:24.435+0000] {standard_task_runner.py:83} INFO - Job 986: Subtask first_task
[2022-11-08T15:22:24.801+0000] {task_command.py:376} INFO - Running <TaskInstance: our_first_dag_v2.first_task scheduled__2021-12-30T00:00:00+00:00 [running]> on host ade0f1f4f3fb
[2022-11-08T15:22:25.230+0000] {taskinstance.py:1592} INFO - Exporting the following env vars:
AIRFLOW_CTX_DAG_OWNER=kshama
AIRFLOW_CTX_DAG_ID=our_first_dag_v2
AIRFLOW_CTX_TASK_ID=first_task
AIRFLOW_CTX_EXECUTION_DATE=2021-12-30T00:00:00+00:00
AIRFLOW_CTX_TRY_NUMBER=1
AIRFLOW_CTX_DAG_RUN_ID=scheduled__2021-12-30T00:00:00+00:00
[2022-11-08T15:22:25.233+0000] {subprocess.py:63} INFO - Tmp dir root location: 
 /tmp
[2022-11-08T15:22:25.234+0000] {subprocess.py:75} INFO - Running command: ['/bin/bash', '-c', 'echo hello world, this is the first task!']
[2022-11-08T15:22:25.328+0000] {subprocess.py:86} INFO - Output:
[2022-11-08T15:22:25.336+0000] {subprocess.py:93} INFO - hello world, this is the first task!
[2022-11-08T15:22:25.341+0000] {subprocess.py:97} INFO - Command exited with return code 0
[2022-11-08T15:22:25.460+0000] {taskinstance.py:1406} INFO - Marking task as SUCCESS. dag_id=our_first_dag_v2, task_id=first_task, execution_date=20211230T000000, start_date=20221108T152224, end_date=20221108T152225
[2022-11-08T15:22:25.599+0000] {local_task_job.py:164} INFO - Task exited with return code 0
[2022-11-08T15:22:25.756+0000] {local_task_job.py:273} INFO - 1 downstream tasks scheduled from follow-on schedule check
