[2022-11-08T15:20:58.768+0000] {taskinstance.py:1165} INFO - Dependencies all met for <TaskInstance: our_first_dag_v2.first_task scheduled__2021-08-31T00:00:00+00:00 [queued]>
[2022-11-08T15:20:58.785+0000] {taskinstance.py:1165} INFO - Dependencies all met for <TaskInstance: our_first_dag_v2.first_task scheduled__2021-08-31T00:00:00+00:00 [queued]>
[2022-11-08T15:20:58.786+0000] {taskinstance.py:1362} INFO - 
--------------------------------------------------------------------------------
[2022-11-08T15:20:58.786+0000] {taskinstance.py:1363} INFO - Starting attempt 1 of 6
[2022-11-08T15:20:58.786+0000] {taskinstance.py:1364} INFO - 
--------------------------------------------------------------------------------
[2022-11-08T15:20:58.814+0000] {taskinstance.py:1383} INFO - Executing <Task(BashOperator): first_task> on 2021-08-31 00:00:00+00:00
[2022-11-08T15:20:58.824+0000] {standard_task_runner.py:55} INFO - Started process 2953 to run task
[2022-11-08T15:20:58.829+0000] {standard_task_runner.py:82} INFO - Running: ['***', 'tasks', 'run', 'our_first_dag_v2', 'first_task', 'scheduled__2021-08-31T00:00:00+00:00', '--job-id', '625', '--raw', '--subdir', 'DAGS_FOLDER/first_dag.py', '--cfg-path', '/tmp/tmpirwfcohg']
[2022-11-08T15:20:58.839+0000] {standard_task_runner.py:83} INFO - Job 625: Subtask first_task
[2022-11-08T15:20:58.950+0000] {task_command.py:376} INFO - Running <TaskInstance: our_first_dag_v2.first_task scheduled__2021-08-31T00:00:00+00:00 [running]> on host ade0f1f4f3fb
[2022-11-08T15:20:59.120+0000] {taskinstance.py:1592} INFO - Exporting the following env vars:
AIRFLOW_CTX_DAG_OWNER=kshama
AIRFLOW_CTX_DAG_ID=our_first_dag_v2
AIRFLOW_CTX_TASK_ID=first_task
AIRFLOW_CTX_EXECUTION_DATE=2021-08-31T00:00:00+00:00
AIRFLOW_CTX_TRY_NUMBER=1
AIRFLOW_CTX_DAG_RUN_ID=scheduled__2021-08-31T00:00:00+00:00
[2022-11-08T15:20:59.122+0000] {subprocess.py:63} INFO - Tmp dir root location: 
 /tmp
[2022-11-08T15:20:59.123+0000] {subprocess.py:75} INFO - Running command: ['/bin/bash', '-c', 'echo hello world, this is the first task!']
[2022-11-08T15:20:59.141+0000] {subprocess.py:86} INFO - Output:
[2022-11-08T15:20:59.142+0000] {subprocess.py:93} INFO - hello world, this is the first task!
[2022-11-08T15:20:59.143+0000] {subprocess.py:97} INFO - Command exited with return code 0
[2022-11-08T15:20:59.178+0000] {taskinstance.py:1406} INFO - Marking task as SUCCESS. dag_id=our_first_dag_v2, task_id=first_task, execution_date=20210831T000000, start_date=20221108T152058, end_date=20221108T152059
[2022-11-08T15:20:59.217+0000] {local_task_job.py:164} INFO - Task exited with return code 0
[2022-11-08T15:20:59.243+0000] {local_task_job.py:273} INFO - 1 downstream tasks scheduled from follow-on schedule check
