[2022-11-08T15:18:53.323+0000] {taskinstance.py:1165} INFO - Dependencies all met for <TaskInstance: our_first_dag_v5.first_task scheduled__2021-12-02T00:00:00+00:00 [queued]>
[2022-11-08T15:18:53.343+0000] {taskinstance.py:1165} INFO - Dependencies all met for <TaskInstance: our_first_dag_v5.first_task scheduled__2021-12-02T00:00:00+00:00 [queued]>
[2022-11-08T15:18:53.344+0000] {taskinstance.py:1362} INFO - 
--------------------------------------------------------------------------------
[2022-11-08T15:18:53.345+0000] {taskinstance.py:1363} INFO - Starting attempt 1 of 6
[2022-11-08T15:18:53.345+0000] {taskinstance.py:1364} INFO - 
--------------------------------------------------------------------------------
[2022-11-08T15:18:53.499+0000] {taskinstance.py:1383} INFO - Executing <Task(BashOperator): first_task> on 2021-12-02 00:00:00+00:00
[2022-11-08T15:18:53.511+0000] {standard_task_runner.py:55} INFO - Started process 2073 to run task
[2022-11-08T15:18:53.521+0000] {standard_task_runner.py:82} INFO - Running: ['***', 'tasks', 'run', 'our_first_dag_v5', 'first_task', 'scheduled__2021-12-02T00:00:00+00:00', '--job-id', '383', '--raw', '--subdir', 'DAGS_FOLDER/first_dag.py', '--cfg-path', '/tmp/tmp7xxo8p01']
[2022-11-08T15:18:53.533+0000] {standard_task_runner.py:83} INFO - Job 383: Subtask first_task
[2022-11-08T15:18:53.763+0000] {task_command.py:376} INFO - Running <TaskInstance: our_first_dag_v5.first_task scheduled__2021-12-02T00:00:00+00:00 [running]> on host ade0f1f4f3fb
[2022-11-08T15:18:54.047+0000] {taskinstance.py:1592} INFO - Exporting the following env vars:
AIRFLOW_CTX_DAG_OWNER=kshama
AIRFLOW_CTX_DAG_ID=our_first_dag_v5
AIRFLOW_CTX_TASK_ID=first_task
AIRFLOW_CTX_EXECUTION_DATE=2021-12-02T00:00:00+00:00
AIRFLOW_CTX_TRY_NUMBER=1
AIRFLOW_CTX_DAG_RUN_ID=scheduled__2021-12-02T00:00:00+00:00
[2022-11-08T15:18:54.049+0000] {subprocess.py:63} INFO - Tmp dir root location: 
 /tmp
[2022-11-08T15:18:54.049+0000] {subprocess.py:75} INFO - Running command: ['/bin/bash', '-c', 'echo hello world, this is the first task!']
[2022-11-08T15:18:54.115+0000] {subprocess.py:86} INFO - Output:
[2022-11-08T15:18:54.117+0000] {subprocess.py:93} INFO - hello world, this is the first task!
[2022-11-08T15:18:54.117+0000] {subprocess.py:97} INFO - Command exited with return code 0
[2022-11-08T15:18:54.177+0000] {taskinstance.py:1406} INFO - Marking task as SUCCESS. dag_id=our_first_dag_v5, task_id=first_task, execution_date=20211202T000000, start_date=20221108T151853, end_date=20221108T151854
[2022-11-08T15:18:54.303+0000] {local_task_job.py:164} INFO - Task exited with return code 0
[2022-11-08T15:18:54.372+0000] {local_task_job.py:273} INFO - 1 downstream tasks scheduled from follow-on schedule check
