[2022-11-08T15:18:27.621+0000] {taskinstance.py:1165} INFO - Dependencies all met for <TaskInstance: our_first_dag_v5.first_task scheduled__2021-10-27T00:00:00+00:00 [queued]>
[2022-11-08T15:18:27.643+0000] {taskinstance.py:1165} INFO - Dependencies all met for <TaskInstance: our_first_dag_v5.first_task scheduled__2021-10-27T00:00:00+00:00 [queued]>
[2022-11-08T15:18:27.644+0000] {taskinstance.py:1362} INFO - 
--------------------------------------------------------------------------------
[2022-11-08T15:18:27.644+0000] {taskinstance.py:1363} INFO - Starting attempt 1 of 6
[2022-11-08T15:18:27.644+0000] {taskinstance.py:1364} INFO - 
--------------------------------------------------------------------------------
[2022-11-08T15:18:27.660+0000] {taskinstance.py:1383} INFO - Executing <Task(BashOperator): first_task> on 2021-10-27 00:00:00+00:00
[2022-11-08T15:18:27.671+0000] {standard_task_runner.py:55} INFO - Started process 1720 to run task
[2022-11-08T15:18:27.680+0000] {standard_task_runner.py:82} INFO - Running: ['***', 'tasks', 'run', 'our_first_dag_v5', 'first_task', 'scheduled__2021-10-27T00:00:00+00:00', '--job-id', '273', '--raw', '--subdir', 'DAGS_FOLDER/first_dag.py', '--cfg-path', '/tmp/tmpy40010ii']
[2022-11-08T15:18:27.683+0000] {standard_task_runner.py:83} INFO - Job 273: Subtask first_task
[2022-11-08T15:18:27.844+0000] {task_command.py:376} INFO - Running <TaskInstance: our_first_dag_v5.first_task scheduled__2021-10-27T00:00:00+00:00 [running]> on host ade0f1f4f3fb
[2022-11-08T15:18:28.059+0000] {taskinstance.py:1592} INFO - Exporting the following env vars:
AIRFLOW_CTX_DAG_OWNER=kshama
AIRFLOW_CTX_DAG_ID=our_first_dag_v5
AIRFLOW_CTX_TASK_ID=first_task
AIRFLOW_CTX_EXECUTION_DATE=2021-10-27T00:00:00+00:00
AIRFLOW_CTX_TRY_NUMBER=1
AIRFLOW_CTX_DAG_RUN_ID=scheduled__2021-10-27T00:00:00+00:00
[2022-11-08T15:18:28.065+0000] {subprocess.py:63} INFO - Tmp dir root location: 
 /tmp
[2022-11-08T15:18:28.068+0000] {subprocess.py:75} INFO - Running command: ['/bin/bash', '-c', 'echo hello world, this is the first task!']
[2022-11-08T15:18:28.112+0000] {subprocess.py:86} INFO - Output:
[2022-11-08T15:18:28.141+0000] {subprocess.py:93} INFO - hello world, this is the first task!
[2022-11-08T15:18:28.148+0000] {subprocess.py:97} INFO - Command exited with return code 0
[2022-11-08T15:18:28.237+0000] {taskinstance.py:1406} INFO - Marking task as SUCCESS. dag_id=our_first_dag_v5, task_id=first_task, execution_date=20211027T000000, start_date=20221108T151827, end_date=20221108T151828
[2022-11-08T15:18:28.337+0000] {local_task_job.py:164} INFO - Task exited with return code 0
[2022-11-08T15:18:28.408+0000] {local_task_job.py:273} INFO - 1 downstream tasks scheduled from follow-on schedule check
