[2022-11-08T15:18:58.892+0000] {taskinstance.py:1165} INFO - Dependencies all met for <TaskInstance: our_first_dag_v5.second_task scheduled__2021-12-09T00:00:00+00:00 [queued]>
[2022-11-08T15:18:58.905+0000] {taskinstance.py:1165} INFO - Dependencies all met for <TaskInstance: our_first_dag_v5.second_task scheduled__2021-12-09T00:00:00+00:00 [queued]>
[2022-11-08T15:18:58.906+0000] {taskinstance.py:1362} INFO - 
--------------------------------------------------------------------------------
[2022-11-08T15:18:58.906+0000] {taskinstance.py:1363} INFO - Starting attempt 1 of 6
[2022-11-08T15:18:58.906+0000] {taskinstance.py:1364} INFO - 
--------------------------------------------------------------------------------
[2022-11-08T15:18:58.929+0000] {taskinstance.py:1383} INFO - Executing <Task(BashOperator): second_task> on 2021-12-09 00:00:00+00:00
[2022-11-08T15:18:58.936+0000] {standard_task_runner.py:55} INFO - Started process 2153 to run task
[2022-11-08T15:18:58.942+0000] {standard_task_runner.py:82} INFO - Running: ['***', 'tasks', 'run', 'our_first_dag_v5', 'second_task', 'scheduled__2021-12-09T00:00:00+00:00', '--job-id', '410', '--raw', '--subdir', 'DAGS_FOLDER/first_dag.py', '--cfg-path', '/tmp/tmpx21dzc2w']
[2022-11-08T15:18:58.944+0000] {standard_task_runner.py:83} INFO - Job 410: Subtask second_task
[2022-11-08T15:18:59.049+0000] {task_command.py:376} INFO - Running <TaskInstance: our_first_dag_v5.second_task scheduled__2021-12-09T00:00:00+00:00 [running]> on host ade0f1f4f3fb
[2022-11-08T15:18:59.168+0000] {taskinstance.py:1592} INFO - Exporting the following env vars:
AIRFLOW_CTX_DAG_OWNER=kshama
AIRFLOW_CTX_DAG_ID=our_first_dag_v5
AIRFLOW_CTX_TASK_ID=second_task
AIRFLOW_CTX_EXECUTION_DATE=2021-12-09T00:00:00+00:00
AIRFLOW_CTX_TRY_NUMBER=1
AIRFLOW_CTX_DAG_RUN_ID=scheduled__2021-12-09T00:00:00+00:00
[2022-11-08T15:18:59.170+0000] {subprocess.py:63} INFO - Tmp dir root location: 
 /tmp
[2022-11-08T15:18:59.170+0000] {subprocess.py:75} INFO - Running command: ['/bin/bash', '-c', 'echo hey, I am task2 and will be running after task1!']
[2022-11-08T15:18:59.184+0000] {subprocess.py:86} INFO - Output:
[2022-11-08T15:18:59.186+0000] {subprocess.py:93} INFO - hey, I am task2 and will be running after task1!
[2022-11-08T15:18:59.186+0000] {subprocess.py:97} INFO - Command exited with return code 0
[2022-11-08T15:18:59.213+0000] {taskinstance.py:1406} INFO - Marking task as SUCCESS. dag_id=our_first_dag_v5, task_id=second_task, execution_date=20211209T000000, start_date=20221108T151858, end_date=20221108T151859
[2022-11-08T15:18:59.274+0000] {local_task_job.py:164} INFO - Task exited with return code 0
[2022-11-08T15:18:59.294+0000] {local_task_job.py:273} INFO - 0 downstream tasks scheduled from follow-on schedule check
