[2022-11-08T15:17:55.197+0000] {taskinstance.py:1165} INFO - Dependencies all met for <TaskInstance: our_first_dag_v5.second_task scheduled__2021-09-09T00:00:00+00:00 [queued]>
[2022-11-08T15:17:55.244+0000] {taskinstance.py:1165} INFO - Dependencies all met for <TaskInstance: our_first_dag_v5.second_task scheduled__2021-09-09T00:00:00+00:00 [queued]>
[2022-11-08T15:17:55.244+0000] {taskinstance.py:1362} INFO - 
--------------------------------------------------------------------------------
[2022-11-08T15:17:55.244+0000] {taskinstance.py:1363} INFO - Starting attempt 1 of 6
[2022-11-08T15:17:55.244+0000] {taskinstance.py:1364} INFO - 
--------------------------------------------------------------------------------
[2022-11-08T15:17:55.343+0000] {taskinstance.py:1383} INFO - Executing <Task(BashOperator): second_task> on 2021-09-09 00:00:00+00:00
[2022-11-08T15:17:55.373+0000] {standard_task_runner.py:55} INFO - Started process 1299 to run task
[2022-11-08T15:17:55.397+0000] {standard_task_runner.py:82} INFO - Running: ['***', 'tasks', 'run', 'our_first_dag_v5', 'second_task', 'scheduled__2021-09-09T00:00:00+00:00', '--job-id', '143', '--raw', '--subdir', 'DAGS_FOLDER/first_dag.py', '--cfg-path', '/tmp/tmppu61laft']
[2022-11-08T15:17:55.399+0000] {standard_task_runner.py:83} INFO - Job 143: Subtask second_task
[2022-11-08T15:17:55.794+0000] {task_command.py:376} INFO - Running <TaskInstance: our_first_dag_v5.second_task scheduled__2021-09-09T00:00:00+00:00 [running]> on host ade0f1f4f3fb
[2022-11-08T15:17:56.295+0000] {taskinstance.py:1592} INFO - Exporting the following env vars:
AIRFLOW_CTX_DAG_OWNER=kshama
AIRFLOW_CTX_DAG_ID=our_first_dag_v5
AIRFLOW_CTX_TASK_ID=second_task
AIRFLOW_CTX_EXECUTION_DATE=2021-09-09T00:00:00+00:00
AIRFLOW_CTX_TRY_NUMBER=1
AIRFLOW_CTX_DAG_RUN_ID=scheduled__2021-09-09T00:00:00+00:00
[2022-11-08T15:17:56.296+0000] {subprocess.py:63} INFO - Tmp dir root location: 
 /tmp
[2022-11-08T15:17:56.297+0000] {subprocess.py:75} INFO - Running command: ['/bin/bash', '-c', 'echo hey, I am task2 and will be running after task1!']
[2022-11-08T15:17:56.336+0000] {subprocess.py:86} INFO - Output:
[2022-11-08T15:17:56.340+0000] {subprocess.py:93} INFO - hey, I am task2 and will be running after task1!
[2022-11-08T15:17:56.343+0000] {subprocess.py:97} INFO - Command exited with return code 0
[2022-11-08T15:17:56.424+0000] {taskinstance.py:1406} INFO - Marking task as SUCCESS. dag_id=our_first_dag_v5, task_id=second_task, execution_date=20210909T000000, start_date=20221108T151755, end_date=20221108T151756
[2022-11-08T15:17:56.507+0000] {local_task_job.py:164} INFO - Task exited with return code 0
[2022-11-08T15:17:56.616+0000] {local_task_job.py:273} INFO - 0 downstream tasks scheduled from follow-on schedule check
