[2022-11-08T15:19:17.082+0000] {taskinstance.py:1165} INFO - Dependencies all met for <TaskInstance: our_first_dag_v5.thrid_task scheduled__2022-01-08T00:00:00+00:00 [queued]>
[2022-11-08T15:19:17.102+0000] {taskinstance.py:1165} INFO - Dependencies all met for <TaskInstance: our_first_dag_v5.thrid_task scheduled__2022-01-08T00:00:00+00:00 [queued]>
[2022-11-08T15:19:17.103+0000] {taskinstance.py:1362} INFO - 
--------------------------------------------------------------------------------
[2022-11-08T15:19:17.103+0000] {taskinstance.py:1363} INFO - Starting attempt 1 of 6
[2022-11-08T15:19:17.103+0000] {taskinstance.py:1364} INFO - 
--------------------------------------------------------------------------------
[2022-11-08T15:19:17.162+0000] {taskinstance.py:1383} INFO - Executing <Task(BashOperator): thrid_task> on 2022-01-08 00:00:00+00:00
[2022-11-08T15:19:17.188+0000] {standard_task_runner.py:55} INFO - Started process 2417 to run task
[2022-11-08T15:19:17.207+0000] {standard_task_runner.py:82} INFO - Running: ['***', 'tasks', 'run', 'our_first_dag_v5', 'thrid_task', 'scheduled__2022-01-08T00:00:00+00:00', '--job-id', '491', '--raw', '--subdir', 'DAGS_FOLDER/first_dag.py', '--cfg-path', '/tmp/tmpgbk4zpue']
[2022-11-08T15:19:17.242+0000] {standard_task_runner.py:83} INFO - Job 491: Subtask thrid_task
[2022-11-08T15:19:17.435+0000] {task_command.py:376} INFO - Running <TaskInstance: our_first_dag_v5.thrid_task scheduled__2022-01-08T00:00:00+00:00 [running]> on host ade0f1f4f3fb
[2022-11-08T15:19:17.605+0000] {taskinstance.py:1592} INFO - Exporting the following env vars:
AIRFLOW_CTX_DAG_OWNER=kshama
AIRFLOW_CTX_DAG_ID=our_first_dag_v5
AIRFLOW_CTX_TASK_ID=thrid_task
AIRFLOW_CTX_EXECUTION_DATE=2022-01-08T00:00:00+00:00
AIRFLOW_CTX_TRY_NUMBER=1
AIRFLOW_CTX_DAG_RUN_ID=scheduled__2022-01-08T00:00:00+00:00
[2022-11-08T15:19:17.608+0000] {subprocess.py:63} INFO - Tmp dir root location: 
 /tmp
[2022-11-08T15:19:17.609+0000] {subprocess.py:75} INFO - Running command: ['/bin/bash', '-c', 'echo hey, I am task3 and will be running after task1 at the same time as task2!']
[2022-11-08T15:19:17.645+0000] {subprocess.py:86} INFO - Output:
[2022-11-08T15:19:17.647+0000] {subprocess.py:93} INFO - hey, I am task3 and will be running after task1 at the same time as task2!
[2022-11-08T15:19:17.648+0000] {subprocess.py:97} INFO - Command exited with return code 0
[2022-11-08T15:19:17.739+0000] {taskinstance.py:1406} INFO - Marking task as SUCCESS. dag_id=our_first_dag_v5, task_id=thrid_task, execution_date=20220108T000000, start_date=20221108T151917, end_date=20221108T151917
[2022-11-08T15:19:17.884+0000] {local_task_job.py:164} INFO - Task exited with return code 0
[2022-11-08T15:19:17.953+0000] {local_task_job.py:273} INFO - 0 downstream tasks scheduled from follow-on schedule check
