[2022-11-08T15:26:21.857+0000] {taskinstance.py:1165} INFO - Dependencies all met for <TaskInstance: our_first_dag_v2.second_task scheduled__2022-05-27T00:00:00+00:00 [queued]>
[2022-11-08T15:26:21.939+0000] {taskinstance.py:1165} INFO - Dependencies all met for <TaskInstance: our_first_dag_v2.second_task scheduled__2022-05-27T00:00:00+00:00 [queued]>
[2022-11-08T15:26:21.941+0000] {taskinstance.py:1362} INFO - 
--------------------------------------------------------------------------------
[2022-11-08T15:26:21.943+0000] {taskinstance.py:1363} INFO - Starting attempt 1 of 6
[2022-11-08T15:26:21.944+0000] {taskinstance.py:1364} INFO - 
--------------------------------------------------------------------------------
[2022-11-08T15:26:22.237+0000] {taskinstance.py:1383} INFO - Executing <Task(BashOperator): second_task> on 2022-05-27 00:00:00+00:00
[2022-11-08T15:26:22.247+0000] {standard_task_runner.py:55} INFO - Started process 5695 to run task
[2022-11-08T15:26:22.263+0000] {standard_task_runner.py:82} INFO - Running: ['***', 'tasks', 'run', 'our_first_dag_v2', 'second_task', 'scheduled__2022-05-27T00:00:00+00:00', '--job-id', '1443', '--raw', '--subdir', 'DAGS_FOLDER/first_dag.py', '--cfg-path', '/tmp/tmp5pvais9i']
[2022-11-08T15:26:22.278+0000] {standard_task_runner.py:83} INFO - Job 1443: Subtask second_task
[2022-11-08T15:26:22.583+0000] {task_command.py:376} INFO - Running <TaskInstance: our_first_dag_v2.second_task scheduled__2022-05-27T00:00:00+00:00 [running]> on host ade0f1f4f3fb
[2022-11-08T15:26:22.879+0000] {taskinstance.py:1592} INFO - Exporting the following env vars:
AIRFLOW_CTX_DAG_OWNER=kshama
AIRFLOW_CTX_DAG_ID=our_first_dag_v2
AIRFLOW_CTX_TASK_ID=second_task
AIRFLOW_CTX_EXECUTION_DATE=2022-05-27T00:00:00+00:00
AIRFLOW_CTX_TRY_NUMBER=1
AIRFLOW_CTX_DAG_RUN_ID=scheduled__2022-05-27T00:00:00+00:00
[2022-11-08T15:26:22.884+0000] {subprocess.py:63} INFO - Tmp dir root location: 
 /tmp
[2022-11-08T15:26:22.885+0000] {subprocess.py:75} INFO - Running command: ['/bin/bash', '-c', 'echo hey, I am task2 and will be running after task1!']
[2022-11-08T15:26:22.914+0000] {subprocess.py:86} INFO - Output:
[2022-11-08T15:26:22.916+0000] {subprocess.py:93} INFO - hey, I am task2 and will be running after task1!
[2022-11-08T15:26:22.917+0000] {subprocess.py:97} INFO - Command exited with return code 0
[2022-11-08T15:26:22.965+0000] {taskinstance.py:1406} INFO - Marking task as SUCCESS. dag_id=our_first_dag_v2, task_id=second_task, execution_date=20220527T000000, start_date=20221108T152621, end_date=20221108T152622
[2022-11-08T15:26:23.046+0000] {local_task_job.py:164} INFO - Task exited with return code 0
[2022-11-08T15:26:23.111+0000] {local_task_job.py:273} INFO - 0 downstream tasks scheduled from follow-on schedule check
