[2022-11-08T15:18:38.204+0000] {taskinstance.py:1165} INFO - Dependencies all met for <TaskInstance: our_first_dag_v5.second_task scheduled__2021-11-08T00:00:00+00:00 [queued]>
[2022-11-08T15:18:38.235+0000] {taskinstance.py:1165} INFO - Dependencies all met for <TaskInstance: our_first_dag_v5.second_task scheduled__2021-11-08T00:00:00+00:00 [queued]>
[2022-11-08T15:18:38.235+0000] {taskinstance.py:1362} INFO - 
--------------------------------------------------------------------------------
[2022-11-08T15:18:38.235+0000] {taskinstance.py:1363} INFO - Starting attempt 1 of 6
[2022-11-08T15:18:38.236+0000] {taskinstance.py:1364} INFO - 
--------------------------------------------------------------------------------
[2022-11-08T15:18:38.500+0000] {taskinstance.py:1383} INFO - Executing <Task(BashOperator): second_task> on 2021-11-08 00:00:00+00:00
[2022-11-08T15:18:38.512+0000] {standard_task_runner.py:55} INFO - Started process 1872 to run task
[2022-11-08T15:18:38.531+0000] {standard_task_runner.py:82} INFO - Running: ['***', 'tasks', 'run', 'our_first_dag_v5', 'second_task', 'scheduled__2021-11-08T00:00:00+00:00', '--job-id', '319', '--raw', '--subdir', 'DAGS_FOLDER/first_dag.py', '--cfg-path', '/tmp/tmp_wkm3fcw']
[2022-11-08T15:18:38.551+0000] {standard_task_runner.py:83} INFO - Job 319: Subtask second_task
[2022-11-08T15:18:38.779+0000] {task_command.py:376} INFO - Running <TaskInstance: our_first_dag_v5.second_task scheduled__2021-11-08T00:00:00+00:00 [running]> on host ade0f1f4f3fb
[2022-11-08T15:18:39.029+0000] {taskinstance.py:1592} INFO - Exporting the following env vars:
AIRFLOW_CTX_DAG_OWNER=kshama
AIRFLOW_CTX_DAG_ID=our_first_dag_v5
AIRFLOW_CTX_TASK_ID=second_task
AIRFLOW_CTX_EXECUTION_DATE=2021-11-08T00:00:00+00:00
AIRFLOW_CTX_TRY_NUMBER=1
AIRFLOW_CTX_DAG_RUN_ID=scheduled__2021-11-08T00:00:00+00:00
[2022-11-08T15:18:39.037+0000] {subprocess.py:63} INFO - Tmp dir root location: 
 /tmp
[2022-11-08T15:18:39.038+0000] {subprocess.py:75} INFO - Running command: ['/bin/bash', '-c', 'echo hey, I am task2 and will be running after task1!']
[2022-11-08T15:18:39.128+0000] {subprocess.py:86} INFO - Output:
[2022-11-08T15:18:39.156+0000] {subprocess.py:93} INFO - hey, I am task2 and will be running after task1!
[2022-11-08T15:18:39.164+0000] {subprocess.py:97} INFO - Command exited with return code 0
[2022-11-08T15:18:39.273+0000] {taskinstance.py:1406} INFO - Marking task as SUCCESS. dag_id=our_first_dag_v5, task_id=second_task, execution_date=20211108T000000, start_date=20221108T151838, end_date=20221108T151839
[2022-11-08T15:18:39.442+0000] {local_task_job.py:164} INFO - Task exited with return code 0
[2022-11-08T15:18:39.755+0000] {local_task_job.py:273} INFO - 0 downstream tasks scheduled from follow-on schedule check
