[2022-11-08T15:26:34.716+0000] {taskinstance.py:1165} INFO - Dependencies all met for <TaskInstance: our_first_dag_v2.thrid_task scheduled__2022-06-19T00:00:00+00:00 [queued]>
[2022-11-08T15:26:34.740+0000] {taskinstance.py:1165} INFO - Dependencies all met for <TaskInstance: our_first_dag_v2.thrid_task scheduled__2022-06-19T00:00:00+00:00 [queued]>
[2022-11-08T15:26:34.740+0000] {taskinstance.py:1362} INFO - 
--------------------------------------------------------------------------------
[2022-11-08T15:26:34.741+0000] {taskinstance.py:1363} INFO - Starting attempt 1 of 6
[2022-11-08T15:26:34.743+0000] {taskinstance.py:1364} INFO - 
--------------------------------------------------------------------------------
[2022-11-08T15:26:34.762+0000] {taskinstance.py:1383} INFO - Executing <Task(BashOperator): thrid_task> on 2022-06-19 00:00:00+00:00
[2022-11-08T15:26:34.781+0000] {standard_task_runner.py:55} INFO - Started process 5874 to run task
[2022-11-08T15:26:34.793+0000] {standard_task_runner.py:82} INFO - Running: ['***', 'tasks', 'run', 'our_first_dag_v2', 'thrid_task', 'scheduled__2022-06-19T00:00:00+00:00', '--job-id', '1500', '--raw', '--subdir', 'DAGS_FOLDER/first_dag.py', '--cfg-path', '/tmp/tmpjwlxk38u']
[2022-11-08T15:26:34.797+0000] {standard_task_runner.py:83} INFO - Job 1500: Subtask thrid_task
[2022-11-08T15:26:34.927+0000] {task_command.py:376} INFO - Running <TaskInstance: our_first_dag_v2.thrid_task scheduled__2022-06-19T00:00:00+00:00 [running]> on host ade0f1f4f3fb
[2022-11-08T15:26:35.018+0000] {taskinstance.py:1592} INFO - Exporting the following env vars:
AIRFLOW_CTX_DAG_OWNER=kshama
AIRFLOW_CTX_DAG_ID=our_first_dag_v2
AIRFLOW_CTX_TASK_ID=thrid_task
AIRFLOW_CTX_EXECUTION_DATE=2022-06-19T00:00:00+00:00
AIRFLOW_CTX_TRY_NUMBER=1
AIRFLOW_CTX_DAG_RUN_ID=scheduled__2022-06-19T00:00:00+00:00
[2022-11-08T15:26:35.019+0000] {subprocess.py:63} INFO - Tmp dir root location: 
 /tmp
[2022-11-08T15:26:35.020+0000] {subprocess.py:75} INFO - Running command: ['/bin/bash', '-c', 'echo hey, I am task3 and will be running after task1 at the same time as task2!']
[2022-11-08T15:26:35.034+0000] {subprocess.py:86} INFO - Output:
[2022-11-08T15:26:35.036+0000] {subprocess.py:93} INFO - hey, I am task3 and will be running after task1 at the same time as task2!
[2022-11-08T15:26:35.037+0000] {subprocess.py:97} INFO - Command exited with return code 0
[2022-11-08T15:26:35.071+0000] {taskinstance.py:1406} INFO - Marking task as SUCCESS. dag_id=our_first_dag_v2, task_id=thrid_task, execution_date=20220619T000000, start_date=20221108T152634, end_date=20221108T152635
[2022-11-08T15:26:35.128+0000] {local_task_job.py:164} INFO - Task exited with return code 0
[2022-11-08T15:26:35.148+0000] {local_task_job.py:273} INFO - 0 downstream tasks scheduled from follow-on schedule check
