[2022-11-08T15:18:44.817+0000] {taskinstance.py:1165} INFO - Dependencies all met for <TaskInstance: our_first_dag_v5.thrid_task scheduled__2021-11-20T00:00:00+00:00 [queued]>
[2022-11-08T15:18:44.869+0000] {taskinstance.py:1165} INFO - Dependencies all met for <TaskInstance: our_first_dag_v5.thrid_task scheduled__2021-11-20T00:00:00+00:00 [queued]>
[2022-11-08T15:18:44.870+0000] {taskinstance.py:1362} INFO - 
--------------------------------------------------------------------------------
[2022-11-08T15:18:44.874+0000] {taskinstance.py:1363} INFO - Starting attempt 1 of 6
[2022-11-08T15:18:44.878+0000] {taskinstance.py:1364} INFO - 
--------------------------------------------------------------------------------
[2022-11-08T15:18:44.926+0000] {taskinstance.py:1383} INFO - Executing <Task(BashOperator): thrid_task> on 2021-11-20 00:00:00+00:00
[2022-11-08T15:18:44.941+0000] {standard_task_runner.py:55} INFO - Started process 1947 to run task
[2022-11-08T15:18:44.975+0000] {standard_task_runner.py:82} INFO - Running: ['***', 'tasks', 'run', 'our_first_dag_v5', 'thrid_task', 'scheduled__2021-11-20T00:00:00+00:00', '--job-id', '346', '--raw', '--subdir', 'DAGS_FOLDER/first_dag.py', '--cfg-path', '/tmp/tmpm12ycyc6']
[2022-11-08T15:18:44.989+0000] {standard_task_runner.py:83} INFO - Job 346: Subtask thrid_task
[2022-11-08T15:18:45.205+0000] {task_command.py:376} INFO - Running <TaskInstance: our_first_dag_v5.thrid_task scheduled__2021-11-20T00:00:00+00:00 [running]> on host ade0f1f4f3fb
[2022-11-08T15:18:45.503+0000] {taskinstance.py:1592} INFO - Exporting the following env vars:
AIRFLOW_CTX_DAG_OWNER=kshama
AIRFLOW_CTX_DAG_ID=our_first_dag_v5
AIRFLOW_CTX_TASK_ID=thrid_task
AIRFLOW_CTX_EXECUTION_DATE=2021-11-20T00:00:00+00:00
AIRFLOW_CTX_TRY_NUMBER=1
AIRFLOW_CTX_DAG_RUN_ID=scheduled__2021-11-20T00:00:00+00:00
[2022-11-08T15:18:45.505+0000] {subprocess.py:63} INFO - Tmp dir root location: 
 /tmp
[2022-11-08T15:18:45.506+0000] {subprocess.py:75} INFO - Running command: ['/bin/bash', '-c', 'echo hey, I am task3 and will be running after task1 at the same time as task2!']
[2022-11-08T15:18:45.542+0000] {subprocess.py:86} INFO - Output:
[2022-11-08T15:18:45.556+0000] {subprocess.py:93} INFO - hey, I am task3 and will be running after task1 at the same time as task2!
[2022-11-08T15:18:45.566+0000] {subprocess.py:97} INFO - Command exited with return code 0
[2022-11-08T15:18:45.638+0000] {taskinstance.py:1406} INFO - Marking task as SUCCESS. dag_id=our_first_dag_v5, task_id=thrid_task, execution_date=20211120T000000, start_date=20221108T151844, end_date=20221108T151845
[2022-11-08T15:18:45.769+0000] {local_task_job.py:164} INFO - Task exited with return code 0
[2022-11-08T15:18:45.834+0000] {local_task_job.py:273} INFO - 0 downstream tasks scheduled from follow-on schedule check
