[2022-11-08T15:21:36.212+0000] {taskinstance.py:1165} INFO - Dependencies all met for <TaskInstance: our_first_dag_v2.second_task scheduled__2021-10-16T00:00:00+00:00 [queued]>
[2022-11-08T15:21:36.258+0000] {taskinstance.py:1165} INFO - Dependencies all met for <TaskInstance: our_first_dag_v2.second_task scheduled__2021-10-16T00:00:00+00:00 [queued]>
[2022-11-08T15:21:36.260+0000] {taskinstance.py:1362} INFO - 
--------------------------------------------------------------------------------
[2022-11-08T15:21:36.261+0000] {taskinstance.py:1363} INFO - Starting attempt 1 of 6
[2022-11-08T15:21:36.261+0000] {taskinstance.py:1364} INFO - 
--------------------------------------------------------------------------------
[2022-11-08T15:21:36.318+0000] {taskinstance.py:1383} INFO - Executing <Task(BashOperator): second_task> on 2021-10-16 00:00:00+00:00
[2022-11-08T15:21:36.349+0000] {standard_task_runner.py:55} INFO - Started process 3438 to run task
[2022-11-08T15:21:36.356+0000] {standard_task_runner.py:82} INFO - Running: ['***', 'tasks', 'run', 'our_first_dag_v2', 'second_task', 'scheduled__2021-10-16T00:00:00+00:00', '--job-id', '774', '--raw', '--subdir', 'DAGS_FOLDER/first_dag.py', '--cfg-path', '/tmp/tmps7ycp82n']
[2022-11-08T15:21:36.369+0000] {standard_task_runner.py:83} INFO - Job 774: Subtask second_task
[2022-11-08T15:21:36.565+0000] {task_command.py:376} INFO - Running <TaskInstance: our_first_dag_v2.second_task scheduled__2021-10-16T00:00:00+00:00 [running]> on host ade0f1f4f3fb
[2022-11-08T15:21:36.801+0000] {taskinstance.py:1592} INFO - Exporting the following env vars:
AIRFLOW_CTX_DAG_OWNER=kshama
AIRFLOW_CTX_DAG_ID=our_first_dag_v2
AIRFLOW_CTX_TASK_ID=second_task
AIRFLOW_CTX_EXECUTION_DATE=2021-10-16T00:00:00+00:00
AIRFLOW_CTX_TRY_NUMBER=1
AIRFLOW_CTX_DAG_RUN_ID=scheduled__2021-10-16T00:00:00+00:00
[2022-11-08T15:21:36.804+0000] {subprocess.py:63} INFO - Tmp dir root location: 
 /tmp
[2022-11-08T15:21:36.805+0000] {subprocess.py:75} INFO - Running command: ['/bin/bash', '-c', 'echo hey, I am task2 and will be running after task1!']
[2022-11-08T15:21:36.849+0000] {subprocess.py:86} INFO - Output:
[2022-11-08T15:21:36.854+0000] {subprocess.py:93} INFO - hey, I am task2 and will be running after task1!
[2022-11-08T15:21:36.854+0000] {subprocess.py:97} INFO - Command exited with return code 0
[2022-11-08T15:21:36.943+0000] {taskinstance.py:1406} INFO - Marking task as SUCCESS. dag_id=our_first_dag_v2, task_id=second_task, execution_date=20211016T000000, start_date=20221108T152136, end_date=20221108T152136
[2022-11-08T15:21:37.434+0000] {local_task_job.py:164} INFO - Task exited with return code 0
[2022-11-08T15:21:37.502+0000] {local_task_job.py:273} INFO - 0 downstream tasks scheduled from follow-on schedule check
