[2022-11-08T15:17:42.509+0000] {taskinstance.py:1165} INFO - Dependencies all met for <TaskInstance: our_first_dag_v5.first_task scheduled__2021-08-27T00:00:00+00:00 [queued]>
[2022-11-08T15:17:42.563+0000] {taskinstance.py:1165} INFO - Dependencies all met for <TaskInstance: our_first_dag_v5.first_task scheduled__2021-08-27T00:00:00+00:00 [queued]>
[2022-11-08T15:17:42.564+0000] {taskinstance.py:1362} INFO - 
--------------------------------------------------------------------------------
[2022-11-08T15:17:42.564+0000] {taskinstance.py:1363} INFO - Starting attempt 1 of 6
[2022-11-08T15:17:42.566+0000] {taskinstance.py:1364} INFO - 
--------------------------------------------------------------------------------
[2022-11-08T15:17:42.937+0000] {taskinstance.py:1383} INFO - Executing <Task(BashOperator): first_task> on 2021-08-27 00:00:00+00:00
[2022-11-08T15:17:42.946+0000] {standard_task_runner.py:55} INFO - Started process 1133 to run task
[2022-11-08T15:17:42.958+0000] {standard_task_runner.py:82} INFO - Running: ['***', 'tasks', 'run', 'our_first_dag_v5', 'first_task', 'scheduled__2021-08-27T00:00:00+00:00', '--job-id', '89', '--raw', '--subdir', 'DAGS_FOLDER/first_dag.py', '--cfg-path', '/tmp/tmpztptagrl']
[2022-11-08T15:17:42.968+0000] {standard_task_runner.py:83} INFO - Job 89: Subtask first_task
[2022-11-08T15:17:43.251+0000] {task_command.py:376} INFO - Running <TaskInstance: our_first_dag_v5.first_task scheduled__2021-08-27T00:00:00+00:00 [running]> on host ade0f1f4f3fb
[2022-11-08T15:17:43.539+0000] {taskinstance.py:1592} INFO - Exporting the following env vars:
AIRFLOW_CTX_DAG_OWNER=kshama
AIRFLOW_CTX_DAG_ID=our_first_dag_v5
AIRFLOW_CTX_TASK_ID=first_task
AIRFLOW_CTX_EXECUTION_DATE=2021-08-27T00:00:00+00:00
AIRFLOW_CTX_TRY_NUMBER=1
AIRFLOW_CTX_DAG_RUN_ID=scheduled__2021-08-27T00:00:00+00:00
[2022-11-08T15:17:43.542+0000] {subprocess.py:63} INFO - Tmp dir root location: 
 /tmp
[2022-11-08T15:17:43.545+0000] {subprocess.py:75} INFO - Running command: ['/bin/bash', '-c', 'echo hello world, this is the first task!']
[2022-11-08T15:17:43.625+0000] {subprocess.py:86} INFO - Output:
[2022-11-08T15:17:43.647+0000] {subprocess.py:93} INFO - hello world, this is the first task!
[2022-11-08T15:17:43.653+0000] {subprocess.py:97} INFO - Command exited with return code 0
[2022-11-08T15:17:43.747+0000] {taskinstance.py:1406} INFO - Marking task as SUCCESS. dag_id=our_first_dag_v5, task_id=first_task, execution_date=20210827T000000, start_date=20221108T151742, end_date=20221108T151743
[2022-11-08T15:17:43.858+0000] {local_task_job.py:164} INFO - Task exited with return code 0
[2022-11-08T15:17:44.016+0000] {local_task_job.py:273} INFO - 0 downstream tasks scheduled from follow-on schedule check
