[2022-11-08T15:18:07.588+0000] {taskinstance.py:1165} INFO - Dependencies all met for <TaskInstance: our_first_dag_v5.second_task scheduled__2021-09-30T00:00:00+00:00 [queued]>
[2022-11-08T15:18:07.602+0000] {taskinstance.py:1165} INFO - Dependencies all met for <TaskInstance: our_first_dag_v5.second_task scheduled__2021-09-30T00:00:00+00:00 [queued]>
[2022-11-08T15:18:07.603+0000] {taskinstance.py:1362} INFO - 
--------------------------------------------------------------------------------
[2022-11-08T15:18:07.603+0000] {taskinstance.py:1363} INFO - Starting attempt 1 of 6
[2022-11-08T15:18:07.603+0000] {taskinstance.py:1364} INFO - 
--------------------------------------------------------------------------------
[2022-11-08T15:18:07.618+0000] {taskinstance.py:1383} INFO - Executing <Task(BashOperator): second_task> on 2021-09-30 00:00:00+00:00
[2022-11-08T15:18:07.622+0000] {standard_task_runner.py:55} INFO - Started process 1463 to run task
[2022-11-08T15:18:07.626+0000] {standard_task_runner.py:82} INFO - Running: ['***', 'tasks', 'run', 'our_first_dag_v5', 'second_task', 'scheduled__2021-09-30T00:00:00+00:00', '--job-id', '196', '--raw', '--subdir', 'DAGS_FOLDER/first_dag.py', '--cfg-path', '/tmp/tmpy0f6p6wt']
[2022-11-08T15:18:07.629+0000] {standard_task_runner.py:83} INFO - Job 196: Subtask second_task
[2022-11-08T15:18:07.696+0000] {task_command.py:376} INFO - Running <TaskInstance: our_first_dag_v5.second_task scheduled__2021-09-30T00:00:00+00:00 [running]> on host ade0f1f4f3fb
[2022-11-08T15:18:07.768+0000] {taskinstance.py:1592} INFO - Exporting the following env vars:
AIRFLOW_CTX_DAG_OWNER=kshama
AIRFLOW_CTX_DAG_ID=our_first_dag_v5
AIRFLOW_CTX_TASK_ID=second_task
AIRFLOW_CTX_EXECUTION_DATE=2021-09-30T00:00:00+00:00
AIRFLOW_CTX_TRY_NUMBER=1
AIRFLOW_CTX_DAG_RUN_ID=scheduled__2021-09-30T00:00:00+00:00
[2022-11-08T15:18:07.769+0000] {subprocess.py:63} INFO - Tmp dir root location: 
 /tmp
[2022-11-08T15:18:07.769+0000] {subprocess.py:75} INFO - Running command: ['/bin/bash', '-c', 'echo hey, I am task2 and will be running after task1!']
[2022-11-08T15:18:07.783+0000] {subprocess.py:86} INFO - Output:
[2022-11-08T15:18:07.784+0000] {subprocess.py:93} INFO - hey, I am task2 and will be running after task1!
[2022-11-08T15:18:07.785+0000] {subprocess.py:97} INFO - Command exited with return code 0
[2022-11-08T15:18:07.811+0000] {taskinstance.py:1406} INFO - Marking task as SUCCESS. dag_id=our_first_dag_v5, task_id=second_task, execution_date=20210930T000000, start_date=20221108T151807, end_date=20221108T151807
[2022-11-08T15:18:07.837+0000] {local_task_job.py:164} INFO - Task exited with return code 0
[2022-11-08T15:18:07.857+0000] {local_task_job.py:273} INFO - 0 downstream tasks scheduled from follow-on schedule check
