[2022-11-08T15:21:28.438+0000] {taskinstance.py:1165} INFO - Dependencies all met for <TaskInstance: our_first_dag_v2.thrid_task scheduled__2021-10-06T00:00:00+00:00 [queued]>
[2022-11-08T15:21:28.467+0000] {taskinstance.py:1165} INFO - Dependencies all met for <TaskInstance: our_first_dag_v2.thrid_task scheduled__2021-10-06T00:00:00+00:00 [queued]>
[2022-11-08T15:21:28.468+0000] {taskinstance.py:1362} INFO - 
--------------------------------------------------------------------------------
[2022-11-08T15:21:28.472+0000] {taskinstance.py:1363} INFO - Starting attempt 1 of 6
[2022-11-08T15:21:28.473+0000] {taskinstance.py:1364} INFO - 
--------------------------------------------------------------------------------
[2022-11-08T15:21:28.525+0000] {taskinstance.py:1383} INFO - Executing <Task(BashOperator): thrid_task> on 2021-10-06 00:00:00+00:00
[2022-11-08T15:21:28.532+0000] {standard_task_runner.py:55} INFO - Started process 3311 to run task
[2022-11-08T15:21:28.543+0000] {standard_task_runner.py:82} INFO - Running: ['***', 'tasks', 'run', 'our_first_dag_v2', 'thrid_task', 'scheduled__2021-10-06T00:00:00+00:00', '--job-id', '734', '--raw', '--subdir', 'DAGS_FOLDER/first_dag.py', '--cfg-path', '/tmp/tmpotrv8qfz']
[2022-11-08T15:21:28.557+0000] {standard_task_runner.py:83} INFO - Job 734: Subtask thrid_task
[2022-11-08T15:21:28.764+0000] {task_command.py:376} INFO - Running <TaskInstance: our_first_dag_v2.thrid_task scheduled__2021-10-06T00:00:00+00:00 [running]> on host ade0f1f4f3fb
[2022-11-08T15:21:28.982+0000] {taskinstance.py:1592} INFO - Exporting the following env vars:
AIRFLOW_CTX_DAG_OWNER=kshama
AIRFLOW_CTX_DAG_ID=our_first_dag_v2
AIRFLOW_CTX_TASK_ID=thrid_task
AIRFLOW_CTX_EXECUTION_DATE=2021-10-06T00:00:00+00:00
AIRFLOW_CTX_TRY_NUMBER=1
AIRFLOW_CTX_DAG_RUN_ID=scheduled__2021-10-06T00:00:00+00:00
[2022-11-08T15:21:28.984+0000] {subprocess.py:63} INFO - Tmp dir root location: 
 /tmp
[2022-11-08T15:21:28.987+0000] {subprocess.py:75} INFO - Running command: ['/bin/bash', '-c', 'echo hey, I am task3 and will be running after task1 at the same time as task2!']
[2022-11-08T15:21:29.018+0000] {subprocess.py:86} INFO - Output:
[2022-11-08T15:21:29.020+0000] {subprocess.py:93} INFO - hey, I am task3 and will be running after task1 at the same time as task2!
[2022-11-08T15:21:29.021+0000] {subprocess.py:97} INFO - Command exited with return code 0
[2022-11-08T15:21:29.077+0000] {taskinstance.py:1406} INFO - Marking task as SUCCESS. dag_id=our_first_dag_v2, task_id=thrid_task, execution_date=20211006T000000, start_date=20221108T152128, end_date=20221108T152129
[2022-11-08T15:21:29.159+0000] {local_task_job.py:164} INFO - Task exited with return code 0
[2022-11-08T15:21:29.222+0000] {local_task_job.py:273} INFO - 0 downstream tasks scheduled from follow-on schedule check
