[2022-11-08T15:25:24.219+0000] {taskinstance.py:1165} INFO - Dependencies all met for <TaskInstance: our_first_dag_v2.first_task scheduled__2022-03-25T00:00:00+00:00 [queued]>
[2022-11-08T15:25:24.237+0000] {taskinstance.py:1165} INFO - Dependencies all met for <TaskInstance: our_first_dag_v2.first_task scheduled__2022-03-25T00:00:00+00:00 [queued]>
[2022-11-08T15:25:24.238+0000] {taskinstance.py:1362} INFO - 
--------------------------------------------------------------------------------
[2022-11-08T15:25:24.242+0000] {taskinstance.py:1363} INFO - Starting attempt 1 of 6
[2022-11-08T15:25:24.242+0000] {taskinstance.py:1364} INFO - 
--------------------------------------------------------------------------------
[2022-11-08T15:25:24.276+0000] {taskinstance.py:1383} INFO - Executing <Task(BashOperator): first_task> on 2022-03-25 00:00:00+00:00
[2022-11-08T15:25:24.287+0000] {standard_task_runner.py:55} INFO - Started process 5042 to run task
[2022-11-08T15:25:24.320+0000] {standard_task_runner.py:82} INFO - Running: ['***', 'tasks', 'run', 'our_first_dag_v2', 'first_task', 'scheduled__2022-03-25T00:00:00+00:00', '--job-id', '1242', '--raw', '--subdir', 'DAGS_FOLDER/first_dag.py', '--cfg-path', '/tmp/tmp56r_2wvz']
[2022-11-08T15:25:24.325+0000] {standard_task_runner.py:83} INFO - Job 1242: Subtask first_task
[2022-11-08T15:25:24.572+0000] {task_command.py:376} INFO - Running <TaskInstance: our_first_dag_v2.first_task scheduled__2022-03-25T00:00:00+00:00 [running]> on host ade0f1f4f3fb
[2022-11-08T15:25:24.799+0000] {taskinstance.py:1592} INFO - Exporting the following env vars:
AIRFLOW_CTX_DAG_OWNER=kshama
AIRFLOW_CTX_DAG_ID=our_first_dag_v2
AIRFLOW_CTX_TASK_ID=first_task
AIRFLOW_CTX_EXECUTION_DATE=2022-03-25T00:00:00+00:00
AIRFLOW_CTX_TRY_NUMBER=1
AIRFLOW_CTX_DAG_RUN_ID=scheduled__2022-03-25T00:00:00+00:00
[2022-11-08T15:25:24.801+0000] {subprocess.py:63} INFO - Tmp dir root location: 
 /tmp
[2022-11-08T15:25:24.802+0000] {subprocess.py:75} INFO - Running command: ['/bin/bash', '-c', 'echo hello world, this is the first task!']
[2022-11-08T15:25:24.854+0000] {subprocess.py:86} INFO - Output:
[2022-11-08T15:25:24.858+0000] {subprocess.py:93} INFO - hello world, this is the first task!
[2022-11-08T15:25:24.859+0000] {subprocess.py:97} INFO - Command exited with return code 0
[2022-11-08T15:25:24.907+0000] {taskinstance.py:1406} INFO - Marking task as SUCCESS. dag_id=our_first_dag_v2, task_id=first_task, execution_date=20220325T000000, start_date=20221108T152524, end_date=20221108T152524
[2022-11-08T15:25:24.991+0000] {local_task_job.py:164} INFO - Task exited with return code 0
[2022-11-08T15:25:25.072+0000] {local_task_job.py:273} INFO - 1 downstream tasks scheduled from follow-on schedule check
