[2022-11-08T15:21:56.884+0000] {taskinstance.py:1165} INFO - Dependencies all met for <TaskInstance: our_first_dag_v2.thrid_task scheduled__2021-11-17T00:00:00+00:00 [queued]>
[2022-11-08T15:21:56.933+0000] {taskinstance.py:1165} INFO - Dependencies all met for <TaskInstance: our_first_dag_v2.thrid_task scheduled__2021-11-17T00:00:00+00:00 [queued]>
[2022-11-08T15:21:56.934+0000] {taskinstance.py:1362} INFO - 
--------------------------------------------------------------------------------
[2022-11-08T15:21:56.935+0000] {taskinstance.py:1363} INFO - Starting attempt 1 of 6
[2022-11-08T15:21:56.936+0000] {taskinstance.py:1364} INFO - 
--------------------------------------------------------------------------------
[2022-11-08T15:21:56.986+0000] {taskinstance.py:1383} INFO - Executing <Task(BashOperator): thrid_task> on 2021-11-17 00:00:00+00:00
[2022-11-08T15:21:56.995+0000] {standard_task_runner.py:55} INFO - Started process 3702 to run task
[2022-11-08T15:21:57.025+0000] {standard_task_runner.py:82} INFO - Running: ['***', 'tasks', 'run', 'our_first_dag_v2', 'thrid_task', 'scheduled__2021-11-17T00:00:00+00:00', '--job-id', '857', '--raw', '--subdir', 'DAGS_FOLDER/first_dag.py', '--cfg-path', '/tmp/tmpt9rdbb8x']
[2022-11-08T15:21:57.033+0000] {standard_task_runner.py:83} INFO - Job 857: Subtask thrid_task
[2022-11-08T15:21:57.233+0000] {task_command.py:376} INFO - Running <TaskInstance: our_first_dag_v2.thrid_task scheduled__2021-11-17T00:00:00+00:00 [running]> on host ade0f1f4f3fb
[2022-11-08T15:21:57.461+0000] {taskinstance.py:1592} INFO - Exporting the following env vars:
AIRFLOW_CTX_DAG_OWNER=kshama
AIRFLOW_CTX_DAG_ID=our_first_dag_v2
AIRFLOW_CTX_TASK_ID=thrid_task
AIRFLOW_CTX_EXECUTION_DATE=2021-11-17T00:00:00+00:00
AIRFLOW_CTX_TRY_NUMBER=1
AIRFLOW_CTX_DAG_RUN_ID=scheduled__2021-11-17T00:00:00+00:00
[2022-11-08T15:21:57.463+0000] {subprocess.py:63} INFO - Tmp dir root location: 
 /tmp
[2022-11-08T15:21:57.463+0000] {subprocess.py:75} INFO - Running command: ['/bin/bash', '-c', 'echo hey, I am task3 and will be running after task1 at the same time as task2!']
[2022-11-08T15:21:57.504+0000] {subprocess.py:86} INFO - Output:
[2022-11-08T15:21:57.511+0000] {subprocess.py:93} INFO - hey, I am task3 and will be running after task1 at the same time as task2!
[2022-11-08T15:21:57.522+0000] {subprocess.py:97} INFO - Command exited with return code 0
[2022-11-08T15:21:57.597+0000] {taskinstance.py:1406} INFO - Marking task as SUCCESS. dag_id=our_first_dag_v2, task_id=thrid_task, execution_date=20211117T000000, start_date=20221108T152156, end_date=20221108T152157
[2022-11-08T15:21:57.677+0000] {local_task_job.py:164} INFO - Task exited with return code 0
[2022-11-08T15:21:57.718+0000] {local_task_job.py:273} INFO - 0 downstream tasks scheduled from follow-on schedule check
