[2022-11-08T15:27:30.302+0000] {taskinstance.py:1165} INFO - Dependencies all met for <TaskInstance: our_first_dag_v2.thrid_task scheduled__2022-08-31T00:00:00+00:00 [queued]>
[2022-11-08T15:27:30.378+0000] {taskinstance.py:1165} INFO - Dependencies all met for <TaskInstance: our_first_dag_v2.thrid_task scheduled__2022-08-31T00:00:00+00:00 [queued]>
[2022-11-08T15:27:30.380+0000] {taskinstance.py:1362} INFO - 
--------------------------------------------------------------------------------
[2022-11-08T15:27:30.385+0000] {taskinstance.py:1363} INFO - Starting attempt 1 of 6
[2022-11-08T15:27:30.389+0000] {taskinstance.py:1364} INFO - 
--------------------------------------------------------------------------------
[2022-11-08T15:27:30.490+0000] {taskinstance.py:1383} INFO - Executing <Task(BashOperator): thrid_task> on 2022-08-31 00:00:00+00:00
[2022-11-08T15:27:30.505+0000] {standard_task_runner.py:55} INFO - Started process 6586 to run task
[2022-11-08T15:27:30.522+0000] {standard_task_runner.py:82} INFO - Running: ['***', 'tasks', 'run', 'our_first_dag_v2', 'thrid_task', 'scheduled__2022-08-31T00:00:00+00:00', '--job-id', '1718', '--raw', '--subdir', 'DAGS_FOLDER/first_dag.py', '--cfg-path', '/tmp/tmpm8x6_lqs']
[2022-11-08T15:27:30.527+0000] {standard_task_runner.py:83} INFO - Job 1718: Subtask thrid_task
[2022-11-08T15:27:30.879+0000] {task_command.py:376} INFO - Running <TaskInstance: our_first_dag_v2.thrid_task scheduled__2022-08-31T00:00:00+00:00 [running]> on host ade0f1f4f3fb
[2022-11-08T15:27:31.220+0000] {taskinstance.py:1592} INFO - Exporting the following env vars:
AIRFLOW_CTX_DAG_OWNER=kshama
AIRFLOW_CTX_DAG_ID=our_first_dag_v2
AIRFLOW_CTX_TASK_ID=thrid_task
AIRFLOW_CTX_EXECUTION_DATE=2022-08-31T00:00:00+00:00
AIRFLOW_CTX_TRY_NUMBER=1
AIRFLOW_CTX_DAG_RUN_ID=scheduled__2022-08-31T00:00:00+00:00
[2022-11-08T15:27:31.227+0000] {subprocess.py:63} INFO - Tmp dir root location: 
 /tmp
[2022-11-08T15:27:31.229+0000] {subprocess.py:75} INFO - Running command: ['/bin/bash', '-c', 'echo hey, I am task3 and will be running after task1 at the same time as task2!']
[2022-11-08T15:27:31.300+0000] {subprocess.py:86} INFO - Output:
[2022-11-08T15:27:31.304+0000] {subprocess.py:93} INFO - hey, I am task3 and will be running after task1 at the same time as task2!
[2022-11-08T15:27:31.305+0000] {subprocess.py:97} INFO - Command exited with return code 0
[2022-11-08T15:27:31.398+0000] {taskinstance.py:1406} INFO - Marking task as SUCCESS. dag_id=our_first_dag_v2, task_id=thrid_task, execution_date=20220831T000000, start_date=20221108T152730, end_date=20221108T152731
[2022-11-08T15:27:31.523+0000] {local_task_job.py:164} INFO - Task exited with return code 0
[2022-11-08T15:27:31.566+0000] {local_task_job.py:273} INFO - 0 downstream tasks scheduled from follow-on schedule check
