[2022-11-08T15:18:40.497+0000] {taskinstance.py:1165} INFO - Dependencies all met for <TaskInstance: our_first_dag_v5.first_task scheduled__2021-11-16T00:00:00+00:00 [queued]>
[2022-11-08T15:18:40.549+0000] {taskinstance.py:1165} INFO - Dependencies all met for <TaskInstance: our_first_dag_v5.first_task scheduled__2021-11-16T00:00:00+00:00 [queued]>
[2022-11-08T15:18:40.551+0000] {taskinstance.py:1362} INFO - 
--------------------------------------------------------------------------------
[2022-11-08T15:18:40.552+0000] {taskinstance.py:1363} INFO - Starting attempt 1 of 6
[2022-11-08T15:18:40.552+0000] {taskinstance.py:1364} INFO - 
--------------------------------------------------------------------------------
[2022-11-08T15:18:40.651+0000] {taskinstance.py:1383} INFO - Executing <Task(BashOperator): first_task> on 2021-11-16 00:00:00+00:00
[2022-11-08T15:18:40.681+0000] {standard_task_runner.py:55} INFO - Started process 1904 to run task
[2022-11-08T15:18:40.704+0000] {standard_task_runner.py:82} INFO - Running: ['***', 'tasks', 'run', 'our_first_dag_v5', 'first_task', 'scheduled__2021-11-16T00:00:00+00:00', '--job-id', '332', '--raw', '--subdir', 'DAGS_FOLDER/first_dag.py', '--cfg-path', '/tmp/tmp84t2og9y']
[2022-11-08T15:18:40.711+0000] {standard_task_runner.py:83} INFO - Job 332: Subtask first_task
[2022-11-08T15:18:40.912+0000] {task_command.py:376} INFO - Running <TaskInstance: our_first_dag_v5.first_task scheduled__2021-11-16T00:00:00+00:00 [running]> on host ade0f1f4f3fb
[2022-11-08T15:18:41.123+0000] {taskinstance.py:1592} INFO - Exporting the following env vars:
AIRFLOW_CTX_DAG_OWNER=kshama
AIRFLOW_CTX_DAG_ID=our_first_dag_v5
AIRFLOW_CTX_TASK_ID=first_task
AIRFLOW_CTX_EXECUTION_DATE=2021-11-16T00:00:00+00:00
AIRFLOW_CTX_TRY_NUMBER=1
AIRFLOW_CTX_DAG_RUN_ID=scheduled__2021-11-16T00:00:00+00:00
[2022-11-08T15:18:41.126+0000] {subprocess.py:63} INFO - Tmp dir root location: 
 /tmp
[2022-11-08T15:18:41.130+0000] {subprocess.py:75} INFO - Running command: ['/bin/bash', '-c', 'echo hello world, this is the first task!']
[2022-11-08T15:18:41.184+0000] {subprocess.py:86} INFO - Output:
[2022-11-08T15:18:41.190+0000] {subprocess.py:93} INFO - hello world, this is the first task!
[2022-11-08T15:18:41.195+0000] {subprocess.py:97} INFO - Command exited with return code 0
[2022-11-08T15:18:41.313+0000] {taskinstance.py:1406} INFO - Marking task as SUCCESS. dag_id=our_first_dag_v5, task_id=first_task, execution_date=20211116T000000, start_date=20221108T151840, end_date=20221108T151841
[2022-11-08T15:18:41.418+0000] {local_task_job.py:164} INFO - Task exited with return code 0
[2022-11-08T15:18:41.480+0000] {local_task_job.py:273} INFO - 1 downstream tasks scheduled from follow-on schedule check
