[2022-11-08T15:18:54.572+0000] {taskinstance.py:1165} INFO - Dependencies all met for <TaskInstance: our_first_dag_v5.first_task scheduled__2021-12-05T00:00:00+00:00 [queued]>
[2022-11-08T15:18:54.587+0000] {taskinstance.py:1165} INFO - Dependencies all met for <TaskInstance: our_first_dag_v5.first_task scheduled__2021-12-05T00:00:00+00:00 [queued]>
[2022-11-08T15:18:54.588+0000] {taskinstance.py:1362} INFO - 
--------------------------------------------------------------------------------
[2022-11-08T15:18:54.588+0000] {taskinstance.py:1363} INFO - Starting attempt 1 of 6
[2022-11-08T15:18:54.588+0000] {taskinstance.py:1364} INFO - 
--------------------------------------------------------------------------------
[2022-11-08T15:18:54.818+0000] {taskinstance.py:1383} INFO - Executing <Task(BashOperator): first_task> on 2021-12-05 00:00:00+00:00
[2022-11-08T15:18:54.909+0000] {standard_task_runner.py:55} INFO - Started process 2096 to run task
[2022-11-08T15:18:54.956+0000] {standard_task_runner.py:82} INFO - Running: ['***', 'tasks', 'run', 'our_first_dag_v5', 'first_task', 'scheduled__2021-12-05T00:00:00+00:00', '--job-id', '388', '--raw', '--subdir', 'DAGS_FOLDER/first_dag.py', '--cfg-path', '/tmp/tmp7wsyorfq']
[2022-11-08T15:18:54.981+0000] {standard_task_runner.py:83} INFO - Job 388: Subtask first_task
[2022-11-08T15:18:55.361+0000] {task_command.py:376} INFO - Running <TaskInstance: our_first_dag_v5.first_task scheduled__2021-12-05T00:00:00+00:00 [running]> on host ade0f1f4f3fb
[2022-11-08T15:18:55.681+0000] {taskinstance.py:1592} INFO - Exporting the following env vars:
AIRFLOW_CTX_DAG_OWNER=kshama
AIRFLOW_CTX_DAG_ID=our_first_dag_v5
AIRFLOW_CTX_TASK_ID=first_task
AIRFLOW_CTX_EXECUTION_DATE=2021-12-05T00:00:00+00:00
AIRFLOW_CTX_TRY_NUMBER=1
AIRFLOW_CTX_DAG_RUN_ID=scheduled__2021-12-05T00:00:00+00:00
[2022-11-08T15:18:55.684+0000] {subprocess.py:63} INFO - Tmp dir root location: 
 /tmp
[2022-11-08T15:18:55.685+0000] {subprocess.py:75} INFO - Running command: ['/bin/bash', '-c', 'echo hello world, this is the first task!']
[2022-11-08T15:18:55.752+0000] {subprocess.py:86} INFO - Output:
[2022-11-08T15:18:55.766+0000] {subprocess.py:93} INFO - hello world, this is the first task!
[2022-11-08T15:18:55.774+0000] {subprocess.py:97} INFO - Command exited with return code 0
[2022-11-08T15:18:55.832+0000] {taskinstance.py:1406} INFO - Marking task as SUCCESS. dag_id=our_first_dag_v5, task_id=first_task, execution_date=20211205T000000, start_date=20221108T151854, end_date=20221108T151855
[2022-11-08T15:18:56.207+0000] {local_task_job.py:164} INFO - Task exited with return code 0
[2022-11-08T15:18:56.266+0000] {local_task_job.py:273} INFO - 1 downstream tasks scheduled from follow-on schedule check
