[2022-11-08T15:21:34.523+0000] {taskinstance.py:1165} INFO - Dependencies all met for <TaskInstance: our_first_dag_v2.thrid_task scheduled__2021-10-15T00:00:00+00:00 [queued]>
[2022-11-08T15:21:34.533+0000] {taskinstance.py:1165} INFO - Dependencies all met for <TaskInstance: our_first_dag_v2.thrid_task scheduled__2021-10-15T00:00:00+00:00 [queued]>
[2022-11-08T15:21:34.534+0000] {taskinstance.py:1362} INFO - 
--------------------------------------------------------------------------------
[2022-11-08T15:21:34.534+0000] {taskinstance.py:1363} INFO - Starting attempt 1 of 6
[2022-11-08T15:21:34.534+0000] {taskinstance.py:1364} INFO - 
--------------------------------------------------------------------------------
[2022-11-08T15:21:34.556+0000] {taskinstance.py:1383} INFO - Executing <Task(BashOperator): thrid_task> on 2021-10-15 00:00:00+00:00
[2022-11-08T15:21:34.561+0000] {standard_task_runner.py:55} INFO - Started process 3397 to run task
[2022-11-08T15:21:34.568+0000] {standard_task_runner.py:82} INFO - Running: ['***', 'tasks', 'run', 'our_first_dag_v2', 'thrid_task', 'scheduled__2021-10-15T00:00:00+00:00', '--job-id', '762', '--raw', '--subdir', 'DAGS_FOLDER/first_dag.py', '--cfg-path', '/tmp/tmp74aemyhy']
[2022-11-08T15:21:34.575+0000] {standard_task_runner.py:83} INFO - Job 762: Subtask thrid_task
[2022-11-08T15:21:34.709+0000] {task_command.py:376} INFO - Running <TaskInstance: our_first_dag_v2.thrid_task scheduled__2021-10-15T00:00:00+00:00 [running]> on host ade0f1f4f3fb
[2022-11-08T15:21:34.881+0000] {taskinstance.py:1592} INFO - Exporting the following env vars:
AIRFLOW_CTX_DAG_OWNER=kshama
AIRFLOW_CTX_DAG_ID=our_first_dag_v2
AIRFLOW_CTX_TASK_ID=thrid_task
AIRFLOW_CTX_EXECUTION_DATE=2021-10-15T00:00:00+00:00
AIRFLOW_CTX_TRY_NUMBER=1
AIRFLOW_CTX_DAG_RUN_ID=scheduled__2021-10-15T00:00:00+00:00
[2022-11-08T15:21:34.885+0000] {subprocess.py:63} INFO - Tmp dir root location: 
 /tmp
[2022-11-08T15:21:34.894+0000] {subprocess.py:75} INFO - Running command: ['/bin/bash', '-c', 'echo hey, I am task3 and will be running after task1 at the same time as task2!']
[2022-11-08T15:21:34.938+0000] {subprocess.py:86} INFO - Output:
[2022-11-08T15:21:34.957+0000] {subprocess.py:93} INFO - hey, I am task3 and will be running after task1 at the same time as task2!
[2022-11-08T15:21:34.958+0000] {subprocess.py:97} INFO - Command exited with return code 0
[2022-11-08T15:21:35.009+0000] {taskinstance.py:1406} INFO - Marking task as SUCCESS. dag_id=our_first_dag_v2, task_id=thrid_task, execution_date=20211015T000000, start_date=20221108T152134, end_date=20221108T152135
[2022-11-08T15:21:35.190+0000] {local_task_job.py:164} INFO - Task exited with return code 0
[2022-11-08T15:21:35.259+0000] {local_task_job.py:273} INFO - 0 downstream tasks scheduled from follow-on schedule check
