[2022-11-08T15:25:45.684+0000] {taskinstance.py:1165} INFO - Dependencies all met for <TaskInstance: our_first_dag_v2.second_task scheduled__2022-04-17T00:00:00+00:00 [queued]>
[2022-11-08T15:25:45.699+0000] {taskinstance.py:1165} INFO - Dependencies all met for <TaskInstance: our_first_dag_v2.second_task scheduled__2022-04-17T00:00:00+00:00 [queued]>
[2022-11-08T15:25:45.700+0000] {taskinstance.py:1362} INFO - 
--------------------------------------------------------------------------------
[2022-11-08T15:25:45.700+0000] {taskinstance.py:1363} INFO - Starting attempt 1 of 6
[2022-11-08T15:25:45.700+0000] {taskinstance.py:1364} INFO - 
--------------------------------------------------------------------------------
[2022-11-08T15:25:45.737+0000] {taskinstance.py:1383} INFO - Executing <Task(BashOperator): second_task> on 2022-04-17 00:00:00+00:00
[2022-11-08T15:25:45.751+0000] {standard_task_runner.py:55} INFO - Started process 5301 to run task
[2022-11-08T15:25:45.765+0000] {standard_task_runner.py:82} INFO - Running: ['***', 'tasks', 'run', 'our_first_dag_v2', 'second_task', 'scheduled__2022-04-17T00:00:00+00:00', '--job-id', '1320', '--raw', '--subdir', 'DAGS_FOLDER/first_dag.py', '--cfg-path', '/tmp/tmpo0vqp4ib']
[2022-11-08T15:25:45.769+0000] {standard_task_runner.py:83} INFO - Job 1320: Subtask second_task
[2022-11-08T15:25:45.888+0000] {task_command.py:376} INFO - Running <TaskInstance: our_first_dag_v2.second_task scheduled__2022-04-17T00:00:00+00:00 [running]> on host ade0f1f4f3fb
[2022-11-08T15:25:46.028+0000] {taskinstance.py:1592} INFO - Exporting the following env vars:
AIRFLOW_CTX_DAG_OWNER=kshama
AIRFLOW_CTX_DAG_ID=our_first_dag_v2
AIRFLOW_CTX_TASK_ID=second_task
AIRFLOW_CTX_EXECUTION_DATE=2022-04-17T00:00:00+00:00
AIRFLOW_CTX_TRY_NUMBER=1
AIRFLOW_CTX_DAG_RUN_ID=scheduled__2022-04-17T00:00:00+00:00
[2022-11-08T15:25:46.034+0000] {subprocess.py:63} INFO - Tmp dir root location: 
 /tmp
[2022-11-08T15:25:46.035+0000] {subprocess.py:75} INFO - Running command: ['/bin/bash', '-c', 'echo hey, I am task2 and will be running after task1!']
[2022-11-08T15:25:46.057+0000] {subprocess.py:86} INFO - Output:
[2022-11-08T15:25:46.059+0000] {subprocess.py:93} INFO - hey, I am task2 and will be running after task1!
[2022-11-08T15:25:46.060+0000] {subprocess.py:97} INFO - Command exited with return code 0
[2022-11-08T15:25:46.107+0000] {taskinstance.py:1406} INFO - Marking task as SUCCESS. dag_id=our_first_dag_v2, task_id=second_task, execution_date=20220417T000000, start_date=20221108T152545, end_date=20221108T152546
[2022-11-08T15:25:46.177+0000] {local_task_job.py:164} INFO - Task exited with return code 0
[2022-11-08T15:25:46.214+0000] {local_task_job.py:273} INFO - 0 downstream tasks scheduled from follow-on schedule check
