[2022-11-08T15:19:10.561+0000] {taskinstance.py:1165} INFO - Dependencies all met for <TaskInstance: our_first_dag_v5.first_task scheduled__2021-12-30T00:00:00+00:00 [queued]>
[2022-11-08T15:19:10.591+0000] {taskinstance.py:1165} INFO - Dependencies all met for <TaskInstance: our_first_dag_v5.first_task scheduled__2021-12-30T00:00:00+00:00 [queued]>
[2022-11-08T15:19:10.596+0000] {taskinstance.py:1362} INFO - 
--------------------------------------------------------------------------------
[2022-11-08T15:19:10.598+0000] {taskinstance.py:1363} INFO - Starting attempt 1 of 6
[2022-11-08T15:19:10.602+0000] {taskinstance.py:1364} INFO - 
--------------------------------------------------------------------------------
[2022-11-08T15:19:10.829+0000] {taskinstance.py:1383} INFO - Executing <Task(BashOperator): first_task> on 2021-12-30 00:00:00+00:00
[2022-11-08T15:19:10.849+0000] {standard_task_runner.py:55} INFO - Started process 2325 to run task
[2022-11-08T15:19:10.864+0000] {standard_task_runner.py:82} INFO - Running: ['***', 'tasks', 'run', 'our_first_dag_v5', 'first_task', 'scheduled__2021-12-30T00:00:00+00:00', '--job-id', '462', '--raw', '--subdir', 'DAGS_FOLDER/first_dag.py', '--cfg-path', '/tmp/tmpmuprn4hu']
[2022-11-08T15:19:10.879+0000] {standard_task_runner.py:83} INFO - Job 462: Subtask first_task
[2022-11-08T15:19:11.112+0000] {task_command.py:376} INFO - Running <TaskInstance: our_first_dag_v5.first_task scheduled__2021-12-30T00:00:00+00:00 [running]> on host ade0f1f4f3fb
[2022-11-08T15:19:11.462+0000] {taskinstance.py:1592} INFO - Exporting the following env vars:
AIRFLOW_CTX_DAG_OWNER=kshama
AIRFLOW_CTX_DAG_ID=our_first_dag_v5
AIRFLOW_CTX_TASK_ID=first_task
AIRFLOW_CTX_EXECUTION_DATE=2021-12-30T00:00:00+00:00
AIRFLOW_CTX_TRY_NUMBER=1
AIRFLOW_CTX_DAG_RUN_ID=scheduled__2021-12-30T00:00:00+00:00
[2022-11-08T15:19:11.466+0000] {subprocess.py:63} INFO - Tmp dir root location: 
 /tmp
[2022-11-08T15:19:11.469+0000] {subprocess.py:75} INFO - Running command: ['/bin/bash', '-c', 'echo hello world, this is the first task!']
[2022-11-08T15:19:11.500+0000] {subprocess.py:86} INFO - Output:
[2022-11-08T15:19:11.516+0000] {subprocess.py:93} INFO - hello world, this is the first task!
[2022-11-08T15:19:11.517+0000] {subprocess.py:97} INFO - Command exited with return code 0
[2022-11-08T15:19:11.604+0000] {taskinstance.py:1406} INFO - Marking task as SUCCESS. dag_id=our_first_dag_v5, task_id=first_task, execution_date=20211230T000000, start_date=20221108T151910, end_date=20221108T151911
[2022-11-08T15:19:11.774+0000] {local_task_job.py:164} INFO - Task exited with return code 0
[2022-11-08T15:19:11.838+0000] {local_task_job.py:273} INFO - 1 downstream tasks scheduled from follow-on schedule check
