[2022-11-08T15:24:57.071+0000] {taskinstance.py:1165} INFO - Dependencies all met for <TaskInstance: our_first_dag_v2.first_task scheduled__2022-02-22T00:00:00+00:00 [queued]>
[2022-11-08T15:24:57.120+0000] {taskinstance.py:1165} INFO - Dependencies all met for <TaskInstance: our_first_dag_v2.first_task scheduled__2022-02-22T00:00:00+00:00 [queued]>
[2022-11-08T15:24:57.122+0000] {taskinstance.py:1362} INFO - 
--------------------------------------------------------------------------------
[2022-11-08T15:24:57.123+0000] {taskinstance.py:1363} INFO - Starting attempt 1 of 6
[2022-11-08T15:24:57.123+0000] {taskinstance.py:1364} INFO - 
--------------------------------------------------------------------------------
[2022-11-08T15:24:57.159+0000] {taskinstance.py:1383} INFO - Executing <Task(BashOperator): first_task> on 2022-02-22 00:00:00+00:00
[2022-11-08T15:24:57.172+0000] {standard_task_runner.py:55} INFO - Started process 4737 to run task
[2022-11-08T15:24:57.180+0000] {standard_task_runner.py:82} INFO - Running: ['***', 'tasks', 'run', 'our_first_dag_v2', 'first_task', 'scheduled__2022-02-22T00:00:00+00:00', '--job-id', '1146', '--raw', '--subdir', 'DAGS_FOLDER/first_dag.py', '--cfg-path', '/tmp/tmp21__jvzy']
[2022-11-08T15:24:57.192+0000] {standard_task_runner.py:83} INFO - Job 1146: Subtask first_task
[2022-11-08T15:24:57.338+0000] {task_command.py:376} INFO - Running <TaskInstance: our_first_dag_v2.first_task scheduled__2022-02-22T00:00:00+00:00 [running]> on host ade0f1f4f3fb
[2022-11-08T15:24:57.443+0000] {taskinstance.py:1592} INFO - Exporting the following env vars:
AIRFLOW_CTX_DAG_OWNER=kshama
AIRFLOW_CTX_DAG_ID=our_first_dag_v2
AIRFLOW_CTX_TASK_ID=first_task
AIRFLOW_CTX_EXECUTION_DATE=2022-02-22T00:00:00+00:00
AIRFLOW_CTX_TRY_NUMBER=1
AIRFLOW_CTX_DAG_RUN_ID=scheduled__2022-02-22T00:00:00+00:00
[2022-11-08T15:24:57.448+0000] {subprocess.py:63} INFO - Tmp dir root location: 
 /tmp
[2022-11-08T15:24:57.450+0000] {subprocess.py:75} INFO - Running command: ['/bin/bash', '-c', 'echo hello world, this is the first task!']
[2022-11-08T15:24:57.474+0000] {subprocess.py:86} INFO - Output:
[2022-11-08T15:24:57.476+0000] {subprocess.py:93} INFO - hello world, this is the first task!
[2022-11-08T15:24:57.476+0000] {subprocess.py:97} INFO - Command exited with return code 0
[2022-11-08T15:24:57.504+0000] {taskinstance.py:1406} INFO - Marking task as SUCCESS. dag_id=our_first_dag_v2, task_id=first_task, execution_date=20220222T000000, start_date=20221108T152457, end_date=20221108T152457
[2022-11-08T15:24:57.559+0000] {local_task_job.py:164} INFO - Task exited with return code 0
[2022-11-08T15:24:57.582+0000] {local_task_job.py:273} INFO - 1 downstream tasks scheduled from follow-on schedule check
