[2022-11-08T15:21:45.189+0000] {taskinstance.py:1165} INFO - Dependencies all met for <TaskInstance: our_first_dag_v2.thrid_task scheduled__2021-10-29T00:00:00+00:00 [queued]>
[2022-11-08T15:21:45.211+0000] {taskinstance.py:1165} INFO - Dependencies all met for <TaskInstance: our_first_dag_v2.thrid_task scheduled__2021-10-29T00:00:00+00:00 [queued]>
[2022-11-08T15:21:45.211+0000] {taskinstance.py:1362} INFO - 
--------------------------------------------------------------------------------
[2022-11-08T15:21:45.211+0000] {taskinstance.py:1363} INFO - Starting attempt 1 of 6
[2022-11-08T15:21:45.211+0000] {taskinstance.py:1364} INFO - 
--------------------------------------------------------------------------------
[2022-11-08T15:21:45.235+0000] {taskinstance.py:1383} INFO - Executing <Task(BashOperator): thrid_task> on 2021-10-29 00:00:00+00:00
[2022-11-08T15:21:45.249+0000] {standard_task_runner.py:55} INFO - Started process 3526 to run task
[2022-11-08T15:21:45.265+0000] {standard_task_runner.py:82} INFO - Running: ['***', 'tasks', 'run', 'our_first_dag_v2', 'thrid_task', 'scheduled__2021-10-29T00:00:00+00:00', '--job-id', '802', '--raw', '--subdir', 'DAGS_FOLDER/first_dag.py', '--cfg-path', '/tmp/tmpkpu7dvdd']
[2022-11-08T15:21:45.283+0000] {standard_task_runner.py:83} INFO - Job 802: Subtask thrid_task
[2022-11-08T15:21:45.460+0000] {task_command.py:376} INFO - Running <TaskInstance: our_first_dag_v2.thrid_task scheduled__2021-10-29T00:00:00+00:00 [running]> on host ade0f1f4f3fb
[2022-11-08T15:21:45.657+0000] {taskinstance.py:1592} INFO - Exporting the following env vars:
AIRFLOW_CTX_DAG_OWNER=kshama
AIRFLOW_CTX_DAG_ID=our_first_dag_v2
AIRFLOW_CTX_TASK_ID=thrid_task
AIRFLOW_CTX_EXECUTION_DATE=2021-10-29T00:00:00+00:00
AIRFLOW_CTX_TRY_NUMBER=1
AIRFLOW_CTX_DAG_RUN_ID=scheduled__2021-10-29T00:00:00+00:00
[2022-11-08T15:21:45.658+0000] {subprocess.py:63} INFO - Tmp dir root location: 
 /tmp
[2022-11-08T15:21:45.659+0000] {subprocess.py:75} INFO - Running command: ['/bin/bash', '-c', 'echo hey, I am task3 and will be running after task1 at the same time as task2!']
[2022-11-08T15:21:45.694+0000] {subprocess.py:86} INFO - Output:
[2022-11-08T15:21:45.696+0000] {subprocess.py:93} INFO - hey, I am task3 and will be running after task1 at the same time as task2!
[2022-11-08T15:21:45.704+0000] {subprocess.py:97} INFO - Command exited with return code 0
[2022-11-08T15:21:45.760+0000] {taskinstance.py:1406} INFO - Marking task as SUCCESS. dag_id=our_first_dag_v2, task_id=thrid_task, execution_date=20211029T000000, start_date=20221108T152145, end_date=20221108T152145
[2022-11-08T15:21:45.952+0000] {local_task_job.py:164} INFO - Task exited with return code 0
[2022-11-08T15:21:45.994+0000] {local_task_job.py:273} INFO - 0 downstream tasks scheduled from follow-on schedule check
