[2022-11-08T15:21:38.380+0000] {taskinstance.py:1165} INFO - Dependencies all met for <TaskInstance: our_first_dag_v2.first_task scheduled__2021-10-24T00:00:00+00:00 [queued]>
[2022-11-08T15:21:38.450+0000] {taskinstance.py:1165} INFO - Dependencies all met for <TaskInstance: our_first_dag_v2.first_task scheduled__2021-10-24T00:00:00+00:00 [queued]>
[2022-11-08T15:21:38.450+0000] {taskinstance.py:1362} INFO - 
--------------------------------------------------------------------------------
[2022-11-08T15:21:38.451+0000] {taskinstance.py:1363} INFO - Starting attempt 1 of 6
[2022-11-08T15:21:38.451+0000] {taskinstance.py:1364} INFO - 
--------------------------------------------------------------------------------
[2022-11-08T15:21:38.794+0000] {taskinstance.py:1383} INFO - Executing <Task(BashOperator): first_task> on 2021-10-24 00:00:00+00:00
[2022-11-08T15:21:38.892+0000] {standard_task_runner.py:55} INFO - Started process 3467 to run task
[2022-11-08T15:21:38.921+0000] {standard_task_runner.py:82} INFO - Running: ['***', 'tasks', 'run', 'our_first_dag_v2', 'first_task', 'scheduled__2021-10-24T00:00:00+00:00', '--job-id', '784', '--raw', '--subdir', 'DAGS_FOLDER/first_dag.py', '--cfg-path', '/tmp/tmpt_4xl0au']
[2022-11-08T15:21:38.937+0000] {standard_task_runner.py:83} INFO - Job 784: Subtask first_task
[2022-11-08T15:21:39.221+0000] {task_command.py:376} INFO - Running <TaskInstance: our_first_dag_v2.first_task scheduled__2021-10-24T00:00:00+00:00 [running]> on host ade0f1f4f3fb
[2022-11-08T15:21:39.397+0000] {taskinstance.py:1592} INFO - Exporting the following env vars:
AIRFLOW_CTX_DAG_OWNER=kshama
AIRFLOW_CTX_DAG_ID=our_first_dag_v2
AIRFLOW_CTX_TASK_ID=first_task
AIRFLOW_CTX_EXECUTION_DATE=2021-10-24T00:00:00+00:00
AIRFLOW_CTX_TRY_NUMBER=1
AIRFLOW_CTX_DAG_RUN_ID=scheduled__2021-10-24T00:00:00+00:00
[2022-11-08T15:21:39.398+0000] {subprocess.py:63} INFO - Tmp dir root location: 
 /tmp
[2022-11-08T15:21:39.398+0000] {subprocess.py:75} INFO - Running command: ['/bin/bash', '-c', 'echo hello world, this is the first task!']
[2022-11-08T15:21:39.411+0000] {subprocess.py:86} INFO - Output:
[2022-11-08T15:21:39.414+0000] {subprocess.py:93} INFO - hello world, this is the first task!
[2022-11-08T15:21:39.414+0000] {subprocess.py:97} INFO - Command exited with return code 0
[2022-11-08T15:21:39.462+0000] {taskinstance.py:1406} INFO - Marking task as SUCCESS. dag_id=our_first_dag_v2, task_id=first_task, execution_date=20211024T000000, start_date=20221108T152138, end_date=20221108T152139
[2022-11-08T15:21:39.537+0000] {local_task_job.py:164} INFO - Task exited with return code 0
[2022-11-08T15:21:39.596+0000] {local_task_job.py:273} INFO - 1 downstream tasks scheduled from follow-on schedule check
