[2022-11-08T15:21:59.958+0000] {taskinstance.py:1165} INFO - Dependencies all met for <TaskInstance: our_first_dag_v2.thrid_task scheduled__2021-11-23T00:00:00+00:00 [queued]>
[2022-11-08T15:21:59.981+0000] {taskinstance.py:1165} INFO - Dependencies all met for <TaskInstance: our_first_dag_v2.thrid_task scheduled__2021-11-23T00:00:00+00:00 [queued]>
[2022-11-08T15:21:59.982+0000] {taskinstance.py:1362} INFO - 
--------------------------------------------------------------------------------
[2022-11-08T15:21:59.982+0000] {taskinstance.py:1363} INFO - Starting attempt 1 of 6
[2022-11-08T15:21:59.983+0000] {taskinstance.py:1364} INFO - 
--------------------------------------------------------------------------------
[2022-11-08T15:22:00.060+0000] {taskinstance.py:1383} INFO - Executing <Task(BashOperator): thrid_task> on 2021-11-23 00:00:00+00:00
[2022-11-08T15:22:00.083+0000] {standard_task_runner.py:55} INFO - Started process 3762 to run task
[2022-11-08T15:22:00.106+0000] {standard_task_runner.py:82} INFO - Running: ['***', 'tasks', 'run', 'our_first_dag_v2', 'thrid_task', 'scheduled__2021-11-23T00:00:00+00:00', '--job-id', '878', '--raw', '--subdir', 'DAGS_FOLDER/first_dag.py', '--cfg-path', '/tmp/tmp4m77qjrf']
[2022-11-08T15:22:00.114+0000] {standard_task_runner.py:83} INFO - Job 878: Subtask thrid_task
[2022-11-08T15:22:00.447+0000] {task_command.py:376} INFO - Running <TaskInstance: our_first_dag_v2.thrid_task scheduled__2021-11-23T00:00:00+00:00 [running]> on host ade0f1f4f3fb
[2022-11-08T15:22:00.623+0000] {taskinstance.py:1592} INFO - Exporting the following env vars:
AIRFLOW_CTX_DAG_OWNER=kshama
AIRFLOW_CTX_DAG_ID=our_first_dag_v2
AIRFLOW_CTX_TASK_ID=thrid_task
AIRFLOW_CTX_EXECUTION_DATE=2021-11-23T00:00:00+00:00
AIRFLOW_CTX_TRY_NUMBER=1
AIRFLOW_CTX_DAG_RUN_ID=scheduled__2021-11-23T00:00:00+00:00
[2022-11-08T15:22:00.625+0000] {subprocess.py:63} INFO - Tmp dir root location: 
 /tmp
[2022-11-08T15:22:00.626+0000] {subprocess.py:75} INFO - Running command: ['/bin/bash', '-c', 'echo hey, I am task3 and will be running after task1 at the same time as task2!']
[2022-11-08T15:22:00.651+0000] {subprocess.py:86} INFO - Output:
[2022-11-08T15:22:00.653+0000] {subprocess.py:93} INFO - hey, I am task3 and will be running after task1 at the same time as task2!
[2022-11-08T15:22:00.654+0000] {subprocess.py:97} INFO - Command exited with return code 0
[2022-11-08T15:22:00.705+0000] {taskinstance.py:1406} INFO - Marking task as SUCCESS. dag_id=our_first_dag_v2, task_id=thrid_task, execution_date=20211123T000000, start_date=20221108T152159, end_date=20221108T152200
[2022-11-08T15:22:00.778+0000] {local_task_job.py:164} INFO - Task exited with return code 0
[2022-11-08T15:22:00.802+0000] {local_task_job.py:273} INFO - 0 downstream tasks scheduled from follow-on schedule check
