[2022-11-08T15:26:34.471+0000] {taskinstance.py:1165} INFO - Dependencies all met for <TaskInstance: our_first_dag_v2.thrid_task scheduled__2022-06-18T00:00:00+00:00 [queued]>
[2022-11-08T15:26:34.509+0000] {taskinstance.py:1165} INFO - Dependencies all met for <TaskInstance: our_first_dag_v2.thrid_task scheduled__2022-06-18T00:00:00+00:00 [queued]>
[2022-11-08T15:26:34.515+0000] {taskinstance.py:1362} INFO - 
--------------------------------------------------------------------------------
[2022-11-08T15:26:34.520+0000] {taskinstance.py:1363} INFO - Starting attempt 1 of 6
[2022-11-08T15:26:34.526+0000] {taskinstance.py:1364} INFO - 
--------------------------------------------------------------------------------
[2022-11-08T15:26:34.569+0000] {taskinstance.py:1383} INFO - Executing <Task(BashOperator): thrid_task> on 2022-06-18 00:00:00+00:00
[2022-11-08T15:26:34.580+0000] {standard_task_runner.py:55} INFO - Started process 5867 to run task
[2022-11-08T15:26:34.596+0000] {standard_task_runner.py:82} INFO - Running: ['***', 'tasks', 'run', 'our_first_dag_v2', 'thrid_task', 'scheduled__2022-06-18T00:00:00+00:00', '--job-id', '1497', '--raw', '--subdir', 'DAGS_FOLDER/first_dag.py', '--cfg-path', '/tmp/tmpjstq5xhg']
[2022-11-08T15:26:34.600+0000] {standard_task_runner.py:83} INFO - Job 1497: Subtask thrid_task
[2022-11-08T15:26:34.734+0000] {task_command.py:376} INFO - Running <TaskInstance: our_first_dag_v2.thrid_task scheduled__2022-06-18T00:00:00+00:00 [running]> on host ade0f1f4f3fb
[2022-11-08T15:26:34.891+0000] {taskinstance.py:1592} INFO - Exporting the following env vars:
AIRFLOW_CTX_DAG_OWNER=kshama
AIRFLOW_CTX_DAG_ID=our_first_dag_v2
AIRFLOW_CTX_TASK_ID=thrid_task
AIRFLOW_CTX_EXECUTION_DATE=2022-06-18T00:00:00+00:00
AIRFLOW_CTX_TRY_NUMBER=1
AIRFLOW_CTX_DAG_RUN_ID=scheduled__2022-06-18T00:00:00+00:00
[2022-11-08T15:26:34.893+0000] {subprocess.py:63} INFO - Tmp dir root location: 
 /tmp
[2022-11-08T15:26:34.894+0000] {subprocess.py:75} INFO - Running command: ['/bin/bash', '-c', 'echo hey, I am task3 and will be running after task1 at the same time as task2!']
[2022-11-08T15:26:34.913+0000] {subprocess.py:86} INFO - Output:
[2022-11-08T15:26:34.915+0000] {subprocess.py:93} INFO - hey, I am task3 and will be running after task1 at the same time as task2!
[2022-11-08T15:26:34.916+0000] {subprocess.py:97} INFO - Command exited with return code 0
[2022-11-08T15:26:34.959+0000] {taskinstance.py:1406} INFO - Marking task as SUCCESS. dag_id=our_first_dag_v2, task_id=thrid_task, execution_date=20220618T000000, start_date=20221108T152634, end_date=20221108T152634
[2022-11-08T15:26:35.006+0000] {local_task_job.py:164} INFO - Task exited with return code 0
[2022-11-08T15:26:35.028+0000] {local_task_job.py:273} INFO - 0 downstream tasks scheduled from follow-on schedule check
