[2022-11-08T15:25:55.344+0000] {taskinstance.py:1165} INFO - Dependencies all met for <TaskInstance: our_first_dag_v2.second_task scheduled__2022-04-28T00:00:00+00:00 [queued]>
[2022-11-08T15:25:55.359+0000] {taskinstance.py:1165} INFO - Dependencies all met for <TaskInstance: our_first_dag_v2.second_task scheduled__2022-04-28T00:00:00+00:00 [queued]>
[2022-11-08T15:25:55.360+0000] {taskinstance.py:1362} INFO - 
--------------------------------------------------------------------------------
[2022-11-08T15:25:55.360+0000] {taskinstance.py:1363} INFO - Starting attempt 1 of 6
[2022-11-08T15:25:55.360+0000] {taskinstance.py:1364} INFO - 
--------------------------------------------------------------------------------
[2022-11-08T15:25:55.382+0000] {taskinstance.py:1383} INFO - Executing <Task(BashOperator): second_task> on 2022-04-28 00:00:00+00:00
[2022-11-08T15:25:55.390+0000] {standard_task_runner.py:55} INFO - Started process 5408 to run task
[2022-11-08T15:25:55.396+0000] {standard_task_runner.py:82} INFO - Running: ['***', 'tasks', 'run', 'our_first_dag_v2', 'second_task', 'scheduled__2022-04-28T00:00:00+00:00', '--job-id', '1355', '--raw', '--subdir', 'DAGS_FOLDER/first_dag.py', '--cfg-path', '/tmp/tmppbrfq9zb']
[2022-11-08T15:25:55.398+0000] {standard_task_runner.py:83} INFO - Job 1355: Subtask second_task
[2022-11-08T15:25:55.489+0000] {task_command.py:376} INFO - Running <TaskInstance: our_first_dag_v2.second_task scheduled__2022-04-28T00:00:00+00:00 [running]> on host ade0f1f4f3fb
[2022-11-08T15:25:55.585+0000] {taskinstance.py:1592} INFO - Exporting the following env vars:
AIRFLOW_CTX_DAG_OWNER=kshama
AIRFLOW_CTX_DAG_ID=our_first_dag_v2
AIRFLOW_CTX_TASK_ID=second_task
AIRFLOW_CTX_EXECUTION_DATE=2022-04-28T00:00:00+00:00
AIRFLOW_CTX_TRY_NUMBER=1
AIRFLOW_CTX_DAG_RUN_ID=scheduled__2022-04-28T00:00:00+00:00
[2022-11-08T15:25:55.587+0000] {subprocess.py:63} INFO - Tmp dir root location: 
 /tmp
[2022-11-08T15:25:55.588+0000] {subprocess.py:75} INFO - Running command: ['/bin/bash', '-c', 'echo hey, I am task2 and will be running after task1!']
[2022-11-08T15:25:55.605+0000] {subprocess.py:86} INFO - Output:
[2022-11-08T15:25:55.607+0000] {subprocess.py:93} INFO - hey, I am task2 and will be running after task1!
[2022-11-08T15:25:55.608+0000] {subprocess.py:97} INFO - Command exited with return code 0
[2022-11-08T15:25:55.645+0000] {taskinstance.py:1406} INFO - Marking task as SUCCESS. dag_id=our_first_dag_v2, task_id=second_task, execution_date=20220428T000000, start_date=20221108T152555, end_date=20221108T152555
[2022-11-08T15:25:55.688+0000] {local_task_job.py:164} INFO - Task exited with return code 0
[2022-11-08T15:25:55.713+0000] {local_task_job.py:273} INFO - 0 downstream tasks scheduled from follow-on schedule check
