[2022-11-08T15:27:03.287+0000] {taskinstance.py:1165} INFO - Dependencies all met for <TaskInstance: our_first_dag_v2.second_task scheduled__2022-07-21T00:00:00+00:00 [queued]>
[2022-11-08T15:27:03.335+0000] {taskinstance.py:1165} INFO - Dependencies all met for <TaskInstance: our_first_dag_v2.second_task scheduled__2022-07-21T00:00:00+00:00 [queued]>
[2022-11-08T15:27:03.343+0000] {taskinstance.py:1362} INFO - 
--------------------------------------------------------------------------------
[2022-11-08T15:27:03.344+0000] {taskinstance.py:1363} INFO - Starting attempt 1 of 6
[2022-11-08T15:27:03.345+0000] {taskinstance.py:1364} INFO - 
--------------------------------------------------------------------------------
[2022-11-08T15:27:03.383+0000] {taskinstance.py:1383} INFO - Executing <Task(BashOperator): second_task> on 2022-07-21 00:00:00+00:00
[2022-11-08T15:27:03.406+0000] {standard_task_runner.py:55} INFO - Started process 6215 to run task
[2022-11-08T15:27:03.431+0000] {standard_task_runner.py:82} INFO - Running: ['***', 'tasks', 'run', 'our_first_dag_v2', 'second_task', 'scheduled__2022-07-21T00:00:00+00:00', '--job-id', '1601', '--raw', '--subdir', 'DAGS_FOLDER/first_dag.py', '--cfg-path', '/tmp/tmpx6z33wtm']
[2022-11-08T15:27:03.436+0000] {standard_task_runner.py:83} INFO - Job 1601: Subtask second_task
[2022-11-08T15:27:03.622+0000] {task_command.py:376} INFO - Running <TaskInstance: our_first_dag_v2.second_task scheduled__2022-07-21T00:00:00+00:00 [running]> on host ade0f1f4f3fb
[2022-11-08T15:27:03.877+0000] {taskinstance.py:1592} INFO - Exporting the following env vars:
AIRFLOW_CTX_DAG_OWNER=kshama
AIRFLOW_CTX_DAG_ID=our_first_dag_v2
AIRFLOW_CTX_TASK_ID=second_task
AIRFLOW_CTX_EXECUTION_DATE=2022-07-21T00:00:00+00:00
AIRFLOW_CTX_TRY_NUMBER=1
AIRFLOW_CTX_DAG_RUN_ID=scheduled__2022-07-21T00:00:00+00:00
[2022-11-08T15:27:03.879+0000] {subprocess.py:63} INFO - Tmp dir root location: 
 /tmp
[2022-11-08T15:27:03.882+0000] {subprocess.py:75} INFO - Running command: ['/bin/bash', '-c', 'echo hey, I am task2 and will be running after task1!']
[2022-11-08T15:27:03.910+0000] {subprocess.py:86} INFO - Output:
[2022-11-08T15:27:03.912+0000] {subprocess.py:93} INFO - hey, I am task2 and will be running after task1!
[2022-11-08T15:27:03.913+0000] {subprocess.py:97} INFO - Command exited with return code 0
[2022-11-08T15:27:03.981+0000] {taskinstance.py:1406} INFO - Marking task as SUCCESS. dag_id=our_first_dag_v2, task_id=second_task, execution_date=20220721T000000, start_date=20221108T152703, end_date=20221108T152703
[2022-11-08T15:27:04.073+0000] {local_task_job.py:164} INFO - Task exited with return code 0
[2022-11-08T15:27:04.120+0000] {local_task_job.py:273} INFO - 0 downstream tasks scheduled from follow-on schedule check
