[2022-11-08T15:20:47.511+0000] {taskinstance.py:1165} INFO - Dependencies all met for <TaskInstance: our_first_dag_v2.second_task scheduled__2021-08-18T00:00:00+00:00 [queued]>
[2022-11-08T15:20:47.526+0000] {taskinstance.py:1165} INFO - Dependencies all met for <TaskInstance: our_first_dag_v2.second_task scheduled__2021-08-18T00:00:00+00:00 [queued]>
[2022-11-08T15:20:47.528+0000] {taskinstance.py:1362} INFO - 
--------------------------------------------------------------------------------
[2022-11-08T15:20:47.528+0000] {taskinstance.py:1363} INFO - Starting attempt 1 of 6
[2022-11-08T15:20:47.528+0000] {taskinstance.py:1364} INFO - 
--------------------------------------------------------------------------------
[2022-11-08T15:20:47.548+0000] {taskinstance.py:1383} INFO - Executing <Task(BashOperator): second_task> on 2021-08-18 00:00:00+00:00
[2022-11-08T15:20:47.556+0000] {standard_task_runner.py:55} INFO - Started process 2858 to run task
[2022-11-08T15:20:47.563+0000] {standard_task_runner.py:82} INFO - Running: ['***', 'tasks', 'run', 'our_first_dag_v2', 'second_task', 'scheduled__2021-08-18T00:00:00+00:00', '--job-id', '597', '--raw', '--subdir', 'DAGS_FOLDER/first_dag.py', '--cfg-path', '/tmp/tmp7g0yqqxe']
[2022-11-08T15:20:47.568+0000] {standard_task_runner.py:83} INFO - Job 597: Subtask second_task
[2022-11-08T15:20:47.687+0000] {task_command.py:376} INFO - Running <TaskInstance: our_first_dag_v2.second_task scheduled__2021-08-18T00:00:00+00:00 [running]> on host ade0f1f4f3fb
[2022-11-08T15:20:47.806+0000] {taskinstance.py:1592} INFO - Exporting the following env vars:
AIRFLOW_CTX_DAG_OWNER=kshama
AIRFLOW_CTX_DAG_ID=our_first_dag_v2
AIRFLOW_CTX_TASK_ID=second_task
AIRFLOW_CTX_EXECUTION_DATE=2021-08-18T00:00:00+00:00
AIRFLOW_CTX_TRY_NUMBER=1
AIRFLOW_CTX_DAG_RUN_ID=scheduled__2021-08-18T00:00:00+00:00
[2022-11-08T15:20:47.811+0000] {subprocess.py:63} INFO - Tmp dir root location: 
 /tmp
[2022-11-08T15:20:47.813+0000] {subprocess.py:75} INFO - Running command: ['/bin/bash', '-c', 'echo hey, I am task2 and will be running after task1!']
[2022-11-08T15:20:47.844+0000] {subprocess.py:86} INFO - Output:
[2022-11-08T15:20:47.848+0000] {subprocess.py:93} INFO - hey, I am task2 and will be running after task1!
[2022-11-08T15:20:47.858+0000] {subprocess.py:97} INFO - Command exited with return code 0
[2022-11-08T15:20:47.908+0000] {taskinstance.py:1406} INFO - Marking task as SUCCESS. dag_id=our_first_dag_v2, task_id=second_task, execution_date=20210818T000000, start_date=20221108T152047, end_date=20221108T152047
[2022-11-08T15:20:48.102+0000] {local_task_job.py:164} INFO - Task exited with return code 0
[2022-11-08T15:20:48.135+0000] {local_task_job.py:273} INFO - 0 downstream tasks scheduled from follow-on schedule check
