[2022-11-08T15:25:29.239+0000] {taskinstance.py:1165} INFO - Dependencies all met for <TaskInstance: our_first_dag_v2.first_task scheduled__2022-03-31T00:00:00+00:00 [queued]>
[2022-11-08T15:25:29.304+0000] {taskinstance.py:1165} INFO - Dependencies all met for <TaskInstance: our_first_dag_v2.first_task scheduled__2022-03-31T00:00:00+00:00 [queued]>
[2022-11-08T15:25:29.311+0000] {taskinstance.py:1362} INFO - 
--------------------------------------------------------------------------------
[2022-11-08T15:25:29.314+0000] {taskinstance.py:1363} INFO - Starting attempt 1 of 6
[2022-11-08T15:25:29.314+0000] {taskinstance.py:1364} INFO - 
--------------------------------------------------------------------------------
[2022-11-08T15:25:29.381+0000] {taskinstance.py:1383} INFO - Executing <Task(BashOperator): first_task> on 2022-03-31 00:00:00+00:00
[2022-11-08T15:25:29.393+0000] {standard_task_runner.py:55} INFO - Started process 5102 to run task
[2022-11-08T15:25:29.419+0000] {standard_task_runner.py:82} INFO - Running: ['***', 'tasks', 'run', 'our_first_dag_v2', 'first_task', 'scheduled__2022-03-31T00:00:00+00:00', '--job-id', '1260', '--raw', '--subdir', 'DAGS_FOLDER/first_dag.py', '--cfg-path', '/tmp/tmpbcid4i01']
[2022-11-08T15:25:29.425+0000] {standard_task_runner.py:83} INFO - Job 1260: Subtask first_task
[2022-11-08T15:25:29.750+0000] {task_command.py:376} INFO - Running <TaskInstance: our_first_dag_v2.first_task scheduled__2022-03-31T00:00:00+00:00 [running]> on host ade0f1f4f3fb
[2022-11-08T15:25:30.058+0000] {taskinstance.py:1592} INFO - Exporting the following env vars:
AIRFLOW_CTX_DAG_OWNER=kshama
AIRFLOW_CTX_DAG_ID=our_first_dag_v2
AIRFLOW_CTX_TASK_ID=first_task
AIRFLOW_CTX_EXECUTION_DATE=2022-03-31T00:00:00+00:00
AIRFLOW_CTX_TRY_NUMBER=1
AIRFLOW_CTX_DAG_RUN_ID=scheduled__2022-03-31T00:00:00+00:00
[2022-11-08T15:25:30.060+0000] {subprocess.py:63} INFO - Tmp dir root location: 
 /tmp
[2022-11-08T15:25:30.061+0000] {subprocess.py:75} INFO - Running command: ['/bin/bash', '-c', 'echo hello world, this is the first task!']
[2022-11-08T15:25:30.167+0000] {subprocess.py:86} INFO - Output:
[2022-11-08T15:25:30.170+0000] {subprocess.py:93} INFO - hello world, this is the first task!
[2022-11-08T15:25:30.171+0000] {subprocess.py:97} INFO - Command exited with return code 0
[2022-11-08T15:25:30.273+0000] {taskinstance.py:1406} INFO - Marking task as SUCCESS. dag_id=our_first_dag_v2, task_id=first_task, execution_date=20220331T000000, start_date=20221108T152529, end_date=20221108T152530
[2022-11-08T15:25:30.496+0000] {local_task_job.py:164} INFO - Task exited with return code 0
[2022-11-08T15:25:30.578+0000] {local_task_job.py:273} INFO - 1 downstream tasks scheduled from follow-on schedule check
