[2022-11-08T15:19:09.906+0000] {taskinstance.py:1165} INFO - Dependencies all met for <TaskInstance: our_first_dag_v5.first_task scheduled__2021-12-29T00:00:00+00:00 [queued]>
[2022-11-08T15:19:09.967+0000] {taskinstance.py:1165} INFO - Dependencies all met for <TaskInstance: our_first_dag_v5.first_task scheduled__2021-12-29T00:00:00+00:00 [queued]>
[2022-11-08T15:19:09.968+0000] {taskinstance.py:1362} INFO - 
--------------------------------------------------------------------------------
[2022-11-08T15:19:09.969+0000] {taskinstance.py:1363} INFO - Starting attempt 1 of 6
[2022-11-08T15:19:09.969+0000] {taskinstance.py:1364} INFO - 
--------------------------------------------------------------------------------
[2022-11-08T15:19:10.028+0000] {taskinstance.py:1383} INFO - Executing <Task(BashOperator): first_task> on 2021-12-29 00:00:00+00:00
[2022-11-08T15:19:10.060+0000] {standard_task_runner.py:55} INFO - Started process 2313 to run task
[2022-11-08T15:19:10.067+0000] {standard_task_runner.py:82} INFO - Running: ['***', 'tasks', 'run', 'our_first_dag_v5', 'first_task', 'scheduled__2021-12-29T00:00:00+00:00', '--job-id', '459', '--raw', '--subdir', 'DAGS_FOLDER/first_dag.py', '--cfg-path', '/tmp/tmpi5_86um8']
[2022-11-08T15:19:10.075+0000] {standard_task_runner.py:83} INFO - Job 459: Subtask first_task
[2022-11-08T15:19:10.356+0000] {task_command.py:376} INFO - Running <TaskInstance: our_first_dag_v5.first_task scheduled__2021-12-29T00:00:00+00:00 [running]> on host ade0f1f4f3fb
[2022-11-08T15:19:10.629+0000] {taskinstance.py:1592} INFO - Exporting the following env vars:
AIRFLOW_CTX_DAG_OWNER=kshama
AIRFLOW_CTX_DAG_ID=our_first_dag_v5
AIRFLOW_CTX_TASK_ID=first_task
AIRFLOW_CTX_EXECUTION_DATE=2021-12-29T00:00:00+00:00
AIRFLOW_CTX_TRY_NUMBER=1
AIRFLOW_CTX_DAG_RUN_ID=scheduled__2021-12-29T00:00:00+00:00
[2022-11-08T15:19:10.631+0000] {subprocess.py:63} INFO - Tmp dir root location: 
 /tmp
[2022-11-08T15:19:10.632+0000] {subprocess.py:75} INFO - Running command: ['/bin/bash', '-c', 'echo hello world, this is the first task!']
[2022-11-08T15:19:10.657+0000] {subprocess.py:86} INFO - Output:
[2022-11-08T15:19:10.659+0000] {subprocess.py:93} INFO - hello world, this is the first task!
[2022-11-08T15:19:10.660+0000] {subprocess.py:97} INFO - Command exited with return code 0
[2022-11-08T15:19:10.723+0000] {taskinstance.py:1406} INFO - Marking task as SUCCESS. dag_id=our_first_dag_v5, task_id=first_task, execution_date=20211229T000000, start_date=20221108T151909, end_date=20221108T151910
[2022-11-08T15:19:10.868+0000] {local_task_job.py:164} INFO - Task exited with return code 0
[2022-11-08T15:19:10.909+0000] {local_task_job.py:273} INFO - 1 downstream tasks scheduled from follow-on schedule check
