[2022-11-08T15:18:01.274+0000] {taskinstance.py:1165} INFO - Dependencies all met for <TaskInstance: our_first_dag_v5.first_task scheduled__2021-09-19T00:00:00+00:00 [queued]>
[2022-11-08T15:18:01.331+0000] {taskinstance.py:1165} INFO - Dependencies all met for <TaskInstance: our_first_dag_v5.first_task scheduled__2021-09-19T00:00:00+00:00 [queued]>
[2022-11-08T15:18:01.331+0000] {taskinstance.py:1362} INFO - 
--------------------------------------------------------------------------------
[2022-11-08T15:18:01.331+0000] {taskinstance.py:1363} INFO - Starting attempt 1 of 6
[2022-11-08T15:18:01.332+0000] {taskinstance.py:1364} INFO - 
--------------------------------------------------------------------------------
[2022-11-08T15:18:01.399+0000] {taskinstance.py:1383} INFO - Executing <Task(BashOperator): first_task> on 2021-09-19 00:00:00+00:00
[2022-11-08T15:18:01.410+0000] {standard_task_runner.py:55} INFO - Started process 1362 to run task
[2022-11-08T15:18:01.429+0000] {standard_task_runner.py:82} INFO - Running: ['***', 'tasks', 'run', 'our_first_dag_v5', 'first_task', 'scheduled__2021-09-19T00:00:00+00:00', '--job-id', '161', '--raw', '--subdir', 'DAGS_FOLDER/first_dag.py', '--cfg-path', '/tmp/tmpyc07eeqf']
[2022-11-08T15:18:01.441+0000] {standard_task_runner.py:83} INFO - Job 161: Subtask first_task
[2022-11-08T15:18:01.846+0000] {task_command.py:376} INFO - Running <TaskInstance: our_first_dag_v5.first_task scheduled__2021-09-19T00:00:00+00:00 [running]> on host ade0f1f4f3fb
[2022-11-08T15:18:02.358+0000] {taskinstance.py:1592} INFO - Exporting the following env vars:
AIRFLOW_CTX_DAG_OWNER=kshama
AIRFLOW_CTX_DAG_ID=our_first_dag_v5
AIRFLOW_CTX_TASK_ID=first_task
AIRFLOW_CTX_EXECUTION_DATE=2021-09-19T00:00:00+00:00
AIRFLOW_CTX_TRY_NUMBER=1
AIRFLOW_CTX_DAG_RUN_ID=scheduled__2021-09-19T00:00:00+00:00
[2022-11-08T15:18:02.363+0000] {subprocess.py:63} INFO - Tmp dir root location: 
 /tmp
[2022-11-08T15:18:02.365+0000] {subprocess.py:75} INFO - Running command: ['/bin/bash', '-c', 'echo hello world, this is the first task!']
[2022-11-08T15:18:02.433+0000] {subprocess.py:86} INFO - Output:
[2022-11-08T15:18:02.448+0000] {subprocess.py:93} INFO - hello world, this is the first task!
[2022-11-08T15:18:02.449+0000] {subprocess.py:97} INFO - Command exited with return code 0
[2022-11-08T15:18:02.519+0000] {taskinstance.py:1406} INFO - Marking task as SUCCESS. dag_id=our_first_dag_v5, task_id=first_task, execution_date=20210919T000000, start_date=20221108T151801, end_date=20221108T151802
[2022-11-08T15:18:02.622+0000] {local_task_job.py:164} INFO - Task exited with return code 0
[2022-11-08T15:18:02.696+0000] {local_task_job.py:273} INFO - 1 downstream tasks scheduled from follow-on schedule check
