[2022-11-08T15:27:09.726+0000] {taskinstance.py:1165} INFO - Dependencies all met for <TaskInstance: our_first_dag_v2.first_task scheduled__2022-07-31T00:00:00+00:00 [queued]>
[2022-11-08T15:27:09.768+0000] {taskinstance.py:1165} INFO - Dependencies all met for <TaskInstance: our_first_dag_v2.first_task scheduled__2022-07-31T00:00:00+00:00 [queued]>
[2022-11-08T15:27:09.769+0000] {taskinstance.py:1362} INFO - 
--------------------------------------------------------------------------------
[2022-11-08T15:27:09.769+0000] {taskinstance.py:1363} INFO - Starting attempt 1 of 6
[2022-11-08T15:27:09.769+0000] {taskinstance.py:1364} INFO - 
--------------------------------------------------------------------------------
[2022-11-08T15:27:09.811+0000] {taskinstance.py:1383} INFO - Executing <Task(BashOperator): first_task> on 2022-07-31 00:00:00+00:00
[2022-11-08T15:27:09.819+0000] {standard_task_runner.py:55} INFO - Started process 6300 to run task
[2022-11-08T15:27:09.824+0000] {standard_task_runner.py:82} INFO - Running: ['***', 'tasks', 'run', 'our_first_dag_v2', 'first_task', 'scheduled__2022-07-31T00:00:00+00:00', '--job-id', '1629', '--raw', '--subdir', 'DAGS_FOLDER/first_dag.py', '--cfg-path', '/tmp/tmpvhhcyl_v']
[2022-11-08T15:27:09.847+0000] {standard_task_runner.py:83} INFO - Job 1629: Subtask first_task
[2022-11-08T15:27:10.082+0000] {task_command.py:376} INFO - Running <TaskInstance: our_first_dag_v2.first_task scheduled__2022-07-31T00:00:00+00:00 [running]> on host ade0f1f4f3fb
[2022-11-08T15:27:10.259+0000] {taskinstance.py:1592} INFO - Exporting the following env vars:
AIRFLOW_CTX_DAG_OWNER=kshama
AIRFLOW_CTX_DAG_ID=our_first_dag_v2
AIRFLOW_CTX_TASK_ID=first_task
AIRFLOW_CTX_EXECUTION_DATE=2022-07-31T00:00:00+00:00
AIRFLOW_CTX_TRY_NUMBER=1
AIRFLOW_CTX_DAG_RUN_ID=scheduled__2022-07-31T00:00:00+00:00
[2022-11-08T15:27:10.261+0000] {subprocess.py:63} INFO - Tmp dir root location: 
 /tmp
[2022-11-08T15:27:10.262+0000] {subprocess.py:75} INFO - Running command: ['/bin/bash', '-c', 'echo hello world, this is the first task!']
[2022-11-08T15:27:10.305+0000] {subprocess.py:86} INFO - Output:
[2022-11-08T15:27:10.314+0000] {subprocess.py:93} INFO - hello world, this is the first task!
[2022-11-08T15:27:10.315+0000] {subprocess.py:97} INFO - Command exited with return code 0
[2022-11-08T15:27:10.375+0000] {taskinstance.py:1406} INFO - Marking task as SUCCESS. dag_id=our_first_dag_v2, task_id=first_task, execution_date=20220731T000000, start_date=20221108T152709, end_date=20221108T152710
[2022-11-08T15:27:10.494+0000] {local_task_job.py:164} INFO - Task exited with return code 0
[2022-11-08T15:27:10.678+0000] {local_task_job.py:273} INFO - 1 downstream tasks scheduled from follow-on schedule check
