[2022-11-08T15:27:09.962+0000] {taskinstance.py:1165} INFO - Dependencies all met for <TaskInstance: our_first_dag_v2.first_task scheduled__2022-08-01T00:00:00+00:00 [queued]>
[2022-11-08T15:27:09.990+0000] {taskinstance.py:1165} INFO - Dependencies all met for <TaskInstance: our_first_dag_v2.first_task scheduled__2022-08-01T00:00:00+00:00 [queued]>
[2022-11-08T15:27:09.991+0000] {taskinstance.py:1362} INFO - 
--------------------------------------------------------------------------------
[2022-11-08T15:27:09.996+0000] {taskinstance.py:1363} INFO - Starting attempt 1 of 6
[2022-11-08T15:27:09.996+0000] {taskinstance.py:1364} INFO - 
--------------------------------------------------------------------------------
[2022-11-08T15:27:10.036+0000] {taskinstance.py:1383} INFO - Executing <Task(BashOperator): first_task> on 2022-08-01 00:00:00+00:00
[2022-11-08T15:27:10.052+0000] {standard_task_runner.py:55} INFO - Started process 6302 to run task
[2022-11-08T15:27:10.075+0000] {standard_task_runner.py:82} INFO - Running: ['***', 'tasks', 'run', 'our_first_dag_v2', 'first_task', 'scheduled__2022-08-01T00:00:00+00:00', '--job-id', '1631', '--raw', '--subdir', 'DAGS_FOLDER/first_dag.py', '--cfg-path', '/tmp/tmpbtmzcvp6']
[2022-11-08T15:27:10.081+0000] {standard_task_runner.py:83} INFO - Job 1631: Subtask first_task
[2022-11-08T15:27:10.298+0000] {task_command.py:376} INFO - Running <TaskInstance: our_first_dag_v2.first_task scheduled__2022-08-01T00:00:00+00:00 [running]> on host ade0f1f4f3fb
[2022-11-08T15:27:10.798+0000] {taskinstance.py:1592} INFO - Exporting the following env vars:
AIRFLOW_CTX_DAG_OWNER=kshama
AIRFLOW_CTX_DAG_ID=our_first_dag_v2
AIRFLOW_CTX_TASK_ID=first_task
AIRFLOW_CTX_EXECUTION_DATE=2022-08-01T00:00:00+00:00
AIRFLOW_CTX_TRY_NUMBER=1
AIRFLOW_CTX_DAG_RUN_ID=scheduled__2022-08-01T00:00:00+00:00
[2022-11-08T15:27:10.802+0000] {subprocess.py:63} INFO - Tmp dir root location: 
 /tmp
[2022-11-08T15:27:10.804+0000] {subprocess.py:75} INFO - Running command: ['/bin/bash', '-c', 'echo hello world, this is the first task!']
[2022-11-08T15:27:10.956+0000] {subprocess.py:86} INFO - Output:
[2022-11-08T15:27:10.977+0000] {subprocess.py:93} INFO - hello world, this is the first task!
[2022-11-08T15:27:10.979+0000] {subprocess.py:97} INFO - Command exited with return code 0
[2022-11-08T15:27:11.132+0000] {taskinstance.py:1406} INFO - Marking task as SUCCESS. dag_id=our_first_dag_v2, task_id=first_task, execution_date=20220801T000000, start_date=20221108T152709, end_date=20221108T152711
[2022-11-08T15:27:11.291+0000] {local_task_job.py:164} INFO - Task exited with return code 0
[2022-11-08T15:27:11.395+0000] {local_task_job.py:273} INFO - 1 downstream tasks scheduled from follow-on schedule check
