[2022-11-08T14:51:22.639+0000] {taskinstance.py:1165} INFO - Dependencies all met for <TaskInstance: dataset_consumes_1.consuming_1 manual__2022-11-08T14:51:22.189404+00:00 [queued]>
[2022-11-08T14:51:22.657+0000] {taskinstance.py:1165} INFO - Dependencies all met for <TaskInstance: dataset_consumes_1.consuming_1 manual__2022-11-08T14:51:22.189404+00:00 [queued]>
[2022-11-08T14:51:22.657+0000] {taskinstance.py:1362} INFO - 
--------------------------------------------------------------------------------
[2022-11-08T14:51:22.658+0000] {taskinstance.py:1363} INFO - Starting attempt 1 of 1
[2022-11-08T14:51:22.658+0000] {taskinstance.py:1364} INFO - 
--------------------------------------------------------------------------------
[2022-11-08T14:51:22.671+0000] {taskinstance.py:1383} INFO - Executing <Task(BashOperator): consuming_1> on 2022-11-08 14:51:22.189404+00:00
[2022-11-08T14:51:22.677+0000] {standard_task_runner.py:55} INFO - Started process 7746 to run task
[2022-11-08T14:51:22.681+0000] {standard_task_runner.py:82} INFO - Running: ['***', 'tasks', 'run', 'dataset_consumes_1', 'consuming_1', 'manual__2022-11-08T14:51:22.189404+00:00', '--job-id', '5', '--raw', '--subdir', '/home/***/.local/lib/python3.7/site-packages/***/example_dags/example_datasets.py', '--cfg-path', '/tmp/tmpk6svld60']
[2022-11-08T14:51:22.685+0000] {standard_task_runner.py:83} INFO - Job 5: Subtask consuming_1
[2022-11-08T14:51:22.761+0000] {task_command.py:376} INFO - Running <TaskInstance: dataset_consumes_1.consuming_1 manual__2022-11-08T14:51:22.189404+00:00 [running]> on host d8f9775101e5
[2022-11-08T14:51:22.852+0000] {taskinstance.py:1592} INFO - Exporting the following env vars:
AIRFLOW_CTX_DAG_OWNER=***
AIRFLOW_CTX_DAG_ID=dataset_consumes_1
AIRFLOW_CTX_TASK_ID=consuming_1
AIRFLOW_CTX_EXECUTION_DATE=2022-11-08T14:51:22.189404+00:00
AIRFLOW_CTX_TRY_NUMBER=1
AIRFLOW_CTX_DAG_RUN_ID=manual__2022-11-08T14:51:22.189404+00:00
[2022-11-08T14:51:22.854+0000] {subprocess.py:63} INFO - Tmp dir root location: 
 /tmp
[2022-11-08T14:51:22.855+0000] {subprocess.py:75} INFO - Running command: ['/bin/bash', '-c', 'sleep 5']
[2022-11-08T14:51:22.872+0000] {subprocess.py:86} INFO - Output:
[2022-11-08T14:51:27.878+0000] {subprocess.py:97} INFO - Command exited with return code 0
[2022-11-08T14:51:27.907+0000] {logging_mixin.py:120} WARNING - /home/***/.local/lib/python3.7/site-packages/***/models/baseoperator.py:1390 RemovedInAirflow3Warning: Passing 'execution_date' to 'TaskInstance.xcom_push()' is deprecated.
[2022-11-08T14:51:27.934+0000] {taskinstance.py:1406} INFO - Marking task as SUCCESS. dag_id=dataset_consumes_1, task_id=consuming_1, execution_date=20221108T145122, start_date=20221108T145122, end_date=20221108T145127
[2022-11-08T14:51:27.966+0000] {local_task_job.py:164} INFO - Task exited with return code 0
[2022-11-08T14:51:27.988+0000] {local_task_job.py:273} INFO - 0 downstream tasks scheduled from follow-on schedule check
