[2022-11-08T15:17:30.917+0000] {taskinstance.py:1165} INFO - Dependencies all met for <TaskInstance: our_first_dag_v5.second_task scheduled__2021-08-07T00:00:00+00:00 [queued]>
[2022-11-08T15:17:30.948+0000] {taskinstance.py:1165} INFO - Dependencies all met for <TaskInstance: our_first_dag_v5.second_task scheduled__2021-08-07T00:00:00+00:00 [queued]>
[2022-11-08T15:17:30.950+0000] {taskinstance.py:1362} INFO - 
--------------------------------------------------------------------------------
[2022-11-08T15:17:30.954+0000] {taskinstance.py:1363} INFO - Starting attempt 1 of 6
[2022-11-08T15:17:30.954+0000] {taskinstance.py:1364} INFO - 
--------------------------------------------------------------------------------
[2022-11-08T15:17:31.008+0000] {taskinstance.py:1383} INFO - Executing <Task(BashOperator): second_task> on 2021-08-07 00:00:00+00:00
[2022-11-08T15:17:31.014+0000] {standard_task_runner.py:55} INFO - Started process 973 to run task
[2022-11-08T15:17:31.019+0000] {standard_task_runner.py:82} INFO - Running: ['***', 'tasks', 'run', 'our_first_dag_v5', 'second_task', 'scheduled__2021-08-07T00:00:00+00:00', '--job-id', '41', '--raw', '--subdir', 'DAGS_FOLDER/first_dag.py', '--cfg-path', '/tmp/tmpyrbra57g']
[2022-11-08T15:17:31.029+0000] {standard_task_runner.py:83} INFO - Job 41: Subtask second_task
[2022-11-08T15:17:31.205+0000] {task_command.py:376} INFO - Running <TaskInstance: our_first_dag_v5.second_task scheduled__2021-08-07T00:00:00+00:00 [running]> on host ade0f1f4f3fb
[2022-11-08T15:17:31.382+0000] {taskinstance.py:1592} INFO - Exporting the following env vars:
AIRFLOW_CTX_DAG_OWNER=kshama
AIRFLOW_CTX_DAG_ID=our_first_dag_v5
AIRFLOW_CTX_TASK_ID=second_task
AIRFLOW_CTX_EXECUTION_DATE=2021-08-07T00:00:00+00:00
AIRFLOW_CTX_TRY_NUMBER=1
AIRFLOW_CTX_DAG_RUN_ID=scheduled__2021-08-07T00:00:00+00:00
[2022-11-08T15:17:31.394+0000] {subprocess.py:63} INFO - Tmp dir root location: 
 /tmp
[2022-11-08T15:17:31.396+0000] {subprocess.py:75} INFO - Running command: ['/bin/bash', '-c', 'echo hey, I am task2 and will be running after task1!']
[2022-11-08T15:17:31.421+0000] {subprocess.py:86} INFO - Output:
[2022-11-08T15:17:31.423+0000] {subprocess.py:93} INFO - hey, I am task2 and will be running after task1!
[2022-11-08T15:17:31.424+0000] {subprocess.py:97} INFO - Command exited with return code 0
[2022-11-08T15:17:31.470+0000] {taskinstance.py:1406} INFO - Marking task as SUCCESS. dag_id=our_first_dag_v5, task_id=second_task, execution_date=20210807T000000, start_date=20221108T151730, end_date=20221108T151731
[2022-11-08T15:17:31.527+0000] {local_task_job.py:164} INFO - Task exited with return code 0
[2022-11-08T15:17:31.560+0000] {local_task_job.py:273} INFO - 0 downstream tasks scheduled from follow-on schedule check
