[2022-11-08T15:27:29.872+0000] {taskinstance.py:1165} INFO - Dependencies all met for <TaskInstance: our_first_dag_v2.second_task scheduled__2022-08-26T00:00:00+00:00 [queued]>
[2022-11-08T15:27:29.915+0000] {taskinstance.py:1165} INFO - Dependencies all met for <TaskInstance: our_first_dag_v2.second_task scheduled__2022-08-26T00:00:00+00:00 [queued]>
[2022-11-08T15:27:29.915+0000] {taskinstance.py:1362} INFO - 
--------------------------------------------------------------------------------
[2022-11-08T15:27:29.916+0000] {taskinstance.py:1363} INFO - Starting attempt 1 of 6
[2022-11-08T15:27:29.916+0000] {taskinstance.py:1364} INFO - 
--------------------------------------------------------------------------------
[2022-11-08T15:27:29.987+0000] {taskinstance.py:1383} INFO - Executing <Task(BashOperator): second_task> on 2022-08-26 00:00:00+00:00
[2022-11-08T15:27:30.004+0000] {standard_task_runner.py:55} INFO - Started process 6579 to run task
[2022-11-08T15:27:30.037+0000] {standard_task_runner.py:82} INFO - Running: ['***', 'tasks', 'run', 'our_first_dag_v2', 'second_task', 'scheduled__2022-08-26T00:00:00+00:00', '--job-id', '1717', '--raw', '--subdir', 'DAGS_FOLDER/first_dag.py', '--cfg-path', '/tmp/tmpgju7l7rb']
[2022-11-08T15:27:30.042+0000] {standard_task_runner.py:83} INFO - Job 1717: Subtask second_task
[2022-11-08T15:27:30.369+0000] {task_command.py:376} INFO - Running <TaskInstance: our_first_dag_v2.second_task scheduled__2022-08-26T00:00:00+00:00 [running]> on host ade0f1f4f3fb
[2022-11-08T15:27:30.717+0000] {taskinstance.py:1592} INFO - Exporting the following env vars:
AIRFLOW_CTX_DAG_OWNER=kshama
AIRFLOW_CTX_DAG_ID=our_first_dag_v2
AIRFLOW_CTX_TASK_ID=second_task
AIRFLOW_CTX_EXECUTION_DATE=2022-08-26T00:00:00+00:00
AIRFLOW_CTX_TRY_NUMBER=1
AIRFLOW_CTX_DAG_RUN_ID=scheduled__2022-08-26T00:00:00+00:00
[2022-11-08T15:27:30.738+0000] {subprocess.py:63} INFO - Tmp dir root location: 
 /tmp
[2022-11-08T15:27:30.742+0000] {subprocess.py:75} INFO - Running command: ['/bin/bash', '-c', 'echo hey, I am task2 and will be running after task1!']
[2022-11-08T15:27:30.817+0000] {subprocess.py:86} INFO - Output:
[2022-11-08T15:27:30.825+0000] {subprocess.py:93} INFO - hey, I am task2 and will be running after task1!
[2022-11-08T15:27:30.827+0000] {subprocess.py:97} INFO - Command exited with return code 0
[2022-11-08T15:27:30.934+0000] {taskinstance.py:1406} INFO - Marking task as SUCCESS. dag_id=our_first_dag_v2, task_id=second_task, execution_date=20220826T000000, start_date=20221108T152729, end_date=20221108T152730
[2022-11-08T15:27:31.063+0000] {local_task_job.py:164} INFO - Task exited with return code 0
[2022-11-08T15:27:31.556+0000] {local_task_job.py:273} INFO - 0 downstream tasks scheduled from follow-on schedule check
