[2022-11-08T15:28:05.127+0000] {taskinstance.py:1165} INFO - Dependencies all met for <TaskInstance: our_first_dag_v2.first_task scheduled__2022-10-19T00:00:00+00:00 [queued]>
[2022-11-08T15:28:05.164+0000] {taskinstance.py:1165} INFO - Dependencies all met for <TaskInstance: our_first_dag_v2.first_task scheduled__2022-10-19T00:00:00+00:00 [queued]>
[2022-11-08T15:28:05.167+0000] {taskinstance.py:1362} INFO - 
--------------------------------------------------------------------------------
[2022-11-08T15:28:05.168+0000] {taskinstance.py:1363} INFO - Starting attempt 1 of 6
[2022-11-08T15:28:05.168+0000] {taskinstance.py:1364} INFO - 
--------------------------------------------------------------------------------
[2022-11-08T15:28:05.312+0000] {taskinstance.py:1383} INFO - Executing <Task(BashOperator): first_task> on 2022-10-19 00:00:00+00:00
[2022-11-08T15:28:05.325+0000] {standard_task_runner.py:55} INFO - Started process 7060 to run task
[2022-11-08T15:28:05.341+0000] {standard_task_runner.py:82} INFO - Running: ['***', 'tasks', 'run', 'our_first_dag_v2', 'first_task', 'scheduled__2022-10-19T00:00:00+00:00', '--job-id', '1867', '--raw', '--subdir', 'DAGS_FOLDER/first_dag.py', '--cfg-path', '/tmp/tmp0xr26yi0']
[2022-11-08T15:28:05.355+0000] {standard_task_runner.py:83} INFO - Job 1867: Subtask first_task
[2022-11-08T15:28:05.547+0000] {task_command.py:376} INFO - Running <TaskInstance: our_first_dag_v2.first_task scheduled__2022-10-19T00:00:00+00:00 [running]> on host ade0f1f4f3fb
[2022-11-08T15:28:05.761+0000] {taskinstance.py:1592} INFO - Exporting the following env vars:
AIRFLOW_CTX_DAG_OWNER=kshama
AIRFLOW_CTX_DAG_ID=our_first_dag_v2
AIRFLOW_CTX_TASK_ID=first_task
AIRFLOW_CTX_EXECUTION_DATE=2022-10-19T00:00:00+00:00
AIRFLOW_CTX_TRY_NUMBER=1
AIRFLOW_CTX_DAG_RUN_ID=scheduled__2022-10-19T00:00:00+00:00
[2022-11-08T15:28:05.762+0000] {subprocess.py:63} INFO - Tmp dir root location: 
 /tmp
[2022-11-08T15:28:05.763+0000] {subprocess.py:75} INFO - Running command: ['/bin/bash', '-c', 'echo hello world, this is the first task!']
[2022-11-08T15:28:05.803+0000] {subprocess.py:86} INFO - Output:
[2022-11-08T15:28:05.806+0000] {subprocess.py:93} INFO - hello world, this is the first task!
[2022-11-08T15:28:05.813+0000] {subprocess.py:97} INFO - Command exited with return code 0
[2022-11-08T15:28:05.865+0000] {taskinstance.py:1406} INFO - Marking task as SUCCESS. dag_id=our_first_dag_v2, task_id=first_task, execution_date=20221019T000000, start_date=20221108T152805, end_date=20221108T152805
[2022-11-08T15:28:05.922+0000] {local_task_job.py:164} INFO - Task exited with return code 0
[2022-11-08T15:28:05.972+0000] {local_task_job.py:273} INFO - 1 downstream tasks scheduled from follow-on schedule check
