[2022-11-08T15:25:03.707+0000] {taskinstance.py:1165} INFO - Dependencies all met for <TaskInstance: our_first_dag_v2.thrid_task scheduled__2022-02-24T00:00:00+00:00 [queued]>
[2022-11-08T15:25:03.757+0000] {taskinstance.py:1165} INFO - Dependencies all met for <TaskInstance: our_first_dag_v2.thrid_task scheduled__2022-02-24T00:00:00+00:00 [queued]>
[2022-11-08T15:25:03.760+0000] {taskinstance.py:1362} INFO - 
--------------------------------------------------------------------------------
[2022-11-08T15:25:03.761+0000] {taskinstance.py:1363} INFO - Starting attempt 1 of 6
[2022-11-08T15:25:03.761+0000] {taskinstance.py:1364} INFO - 
--------------------------------------------------------------------------------
[2022-11-08T15:25:03.820+0000] {taskinstance.py:1383} INFO - Executing <Task(BashOperator): thrid_task> on 2022-02-24 00:00:00+00:00
[2022-11-08T15:25:03.828+0000] {standard_task_runner.py:55} INFO - Started process 4786 to run task
[2022-11-08T15:25:03.849+0000] {standard_task_runner.py:82} INFO - Running: ['***', 'tasks', 'run', 'our_first_dag_v2', 'thrid_task', 'scheduled__2022-02-24T00:00:00+00:00', '--job-id', '1158', '--raw', '--subdir', 'DAGS_FOLDER/first_dag.py', '--cfg-path', '/tmp/tmp9h6sd_hm']
[2022-11-08T15:25:03.856+0000] {standard_task_runner.py:83} INFO - Job 1158: Subtask thrid_task
[2022-11-08T15:25:03.999+0000] {task_command.py:376} INFO - Running <TaskInstance: our_first_dag_v2.thrid_task scheduled__2022-02-24T00:00:00+00:00 [running]> on host ade0f1f4f3fb
[2022-11-08T15:25:04.239+0000] {taskinstance.py:1592} INFO - Exporting the following env vars:
AIRFLOW_CTX_DAG_OWNER=kshama
AIRFLOW_CTX_DAG_ID=our_first_dag_v2
AIRFLOW_CTX_TASK_ID=thrid_task
AIRFLOW_CTX_EXECUTION_DATE=2022-02-24T00:00:00+00:00
AIRFLOW_CTX_TRY_NUMBER=1
AIRFLOW_CTX_DAG_RUN_ID=scheduled__2022-02-24T00:00:00+00:00
[2022-11-08T15:25:04.243+0000] {subprocess.py:63} INFO - Tmp dir root location: 
 /tmp
[2022-11-08T15:25:04.244+0000] {subprocess.py:75} INFO - Running command: ['/bin/bash', '-c', 'echo hey, I am task3 and will be running after task1 at the same time as task2!']
[2022-11-08T15:25:04.293+0000] {subprocess.py:86} INFO - Output:
[2022-11-08T15:25:04.296+0000] {subprocess.py:93} INFO - hey, I am task3 and will be running after task1 at the same time as task2!
[2022-11-08T15:25:04.298+0000] {subprocess.py:97} INFO - Command exited with return code 0
[2022-11-08T15:25:04.363+0000] {taskinstance.py:1406} INFO - Marking task as SUCCESS. dag_id=our_first_dag_v2, task_id=thrid_task, execution_date=20220224T000000, start_date=20221108T152503, end_date=20221108T152504
[2022-11-08T15:25:04.467+0000] {local_task_job.py:164} INFO - Task exited with return code 0
[2022-11-08T15:25:04.508+0000] {local_task_job.py:273} INFO - 0 downstream tasks scheduled from follow-on schedule check
