[2022-11-08T15:27:38.235+0000] {taskinstance.py:1165} INFO - Dependencies all met for <TaskInstance: our_first_dag_v2.first_task scheduled__2022-09-07T00:00:00+00:00 [queued]>
[2022-11-08T15:27:38.263+0000] {taskinstance.py:1165} INFO - Dependencies all met for <TaskInstance: our_first_dag_v2.first_task scheduled__2022-09-07T00:00:00+00:00 [queued]>
[2022-11-08T15:27:38.264+0000] {taskinstance.py:1362} INFO - 
--------------------------------------------------------------------------------
[2022-11-08T15:27:38.264+0000] {taskinstance.py:1363} INFO - Starting attempt 1 of 6
[2022-11-08T15:27:38.265+0000] {taskinstance.py:1364} INFO - 
--------------------------------------------------------------------------------
[2022-11-08T15:27:38.318+0000] {taskinstance.py:1383} INFO - Executing <Task(BashOperator): first_task> on 2022-09-07 00:00:00+00:00
[2022-11-08T15:27:38.347+0000] {standard_task_runner.py:55} INFO - Started process 6670 to run task
[2022-11-08T15:27:38.357+0000] {standard_task_runner.py:82} INFO - Running: ['***', 'tasks', 'run', 'our_first_dag_v2', 'first_task', 'scheduled__2022-09-07T00:00:00+00:00', '--job-id', '1743', '--raw', '--subdir', 'DAGS_FOLDER/first_dag.py', '--cfg-path', '/tmp/tmpwapqjdsb']
[2022-11-08T15:27:38.361+0000] {standard_task_runner.py:83} INFO - Job 1743: Subtask first_task
[2022-11-08T15:27:38.626+0000] {task_command.py:376} INFO - Running <TaskInstance: our_first_dag_v2.first_task scheduled__2022-09-07T00:00:00+00:00 [running]> on host ade0f1f4f3fb
[2022-11-08T15:27:38.915+0000] {taskinstance.py:1592} INFO - Exporting the following env vars:
AIRFLOW_CTX_DAG_OWNER=kshama
AIRFLOW_CTX_DAG_ID=our_first_dag_v2
AIRFLOW_CTX_TASK_ID=first_task
AIRFLOW_CTX_EXECUTION_DATE=2022-09-07T00:00:00+00:00
AIRFLOW_CTX_TRY_NUMBER=1
AIRFLOW_CTX_DAG_RUN_ID=scheduled__2022-09-07T00:00:00+00:00
[2022-11-08T15:27:38.921+0000] {subprocess.py:63} INFO - Tmp dir root location: 
 /tmp
[2022-11-08T15:27:38.930+0000] {subprocess.py:75} INFO - Running command: ['/bin/bash', '-c', 'echo hello world, this is the first task!']
[2022-11-08T15:27:38.974+0000] {subprocess.py:86} INFO - Output:
[2022-11-08T15:27:38.994+0000] {subprocess.py:93} INFO - hello world, this is the first task!
[2022-11-08T15:27:38.994+0000] {subprocess.py:97} INFO - Command exited with return code 0
[2022-11-08T15:27:39.085+0000] {taskinstance.py:1406} INFO - Marking task as SUCCESS. dag_id=our_first_dag_v2, task_id=first_task, execution_date=20220907T000000, start_date=20221108T152738, end_date=20221108T152739
[2022-11-08T15:27:39.193+0000] {local_task_job.py:164} INFO - Task exited with return code 0
[2022-11-08T15:27:39.335+0000] {local_task_job.py:273} INFO - 0 downstream tasks scheduled from follow-on schedule check
