[2022-11-08T15:28:18.798+0000] {taskinstance.py:1165} INFO - Dependencies all met for <TaskInstance: our_first_dag_v2.second_task scheduled__2022-10-31T00:00:00+00:00 [queued]>
[2022-11-08T15:28:18.825+0000] {taskinstance.py:1165} INFO - Dependencies all met for <TaskInstance: our_first_dag_v2.second_task scheduled__2022-10-31T00:00:00+00:00 [queued]>
[2022-11-08T15:28:18.827+0000] {taskinstance.py:1362} INFO - 
--------------------------------------------------------------------------------
[2022-11-08T15:28:18.839+0000] {taskinstance.py:1363} INFO - Starting attempt 1 of 6
[2022-11-08T15:28:18.840+0000] {taskinstance.py:1364} INFO - 
--------------------------------------------------------------------------------
[2022-11-08T15:28:18.982+0000] {taskinstance.py:1383} INFO - Executing <Task(BashOperator): second_task> on 2022-10-31 00:00:00+00:00
[2022-11-08T15:28:19.002+0000] {standard_task_runner.py:55} INFO - Started process 7228 to run task
[2022-11-08T15:28:19.013+0000] {standard_task_runner.py:82} INFO - Running: ['***', 'tasks', 'run', 'our_first_dag_v2', 'second_task', 'scheduled__2022-10-31T00:00:00+00:00', '--job-id', '1918', '--raw', '--subdir', 'DAGS_FOLDER/first_dag.py', '--cfg-path', '/tmp/tmpiwoaz9p2']
[2022-11-08T15:28:19.052+0000] {standard_task_runner.py:83} INFO - Job 1918: Subtask second_task
[2022-11-08T15:28:19.360+0000] {task_command.py:376} INFO - Running <TaskInstance: our_first_dag_v2.second_task scheduled__2022-10-31T00:00:00+00:00 [running]> on host ade0f1f4f3fb
[2022-11-08T15:28:19.682+0000] {taskinstance.py:1592} INFO - Exporting the following env vars:
AIRFLOW_CTX_DAG_OWNER=kshama
AIRFLOW_CTX_DAG_ID=our_first_dag_v2
AIRFLOW_CTX_TASK_ID=second_task
AIRFLOW_CTX_EXECUTION_DATE=2022-10-31T00:00:00+00:00
AIRFLOW_CTX_TRY_NUMBER=1
AIRFLOW_CTX_DAG_RUN_ID=scheduled__2022-10-31T00:00:00+00:00
[2022-11-08T15:28:19.684+0000] {subprocess.py:63} INFO - Tmp dir root location: 
 /tmp
[2022-11-08T15:28:19.686+0000] {subprocess.py:75} INFO - Running command: ['/bin/bash', '-c', 'echo hey, I am task2 and will be running after task1!']
[2022-11-08T15:28:19.762+0000] {subprocess.py:86} INFO - Output:
[2022-11-08T15:28:19.773+0000] {subprocess.py:93} INFO - hey, I am task2 and will be running after task1!
[2022-11-08T15:28:19.777+0000] {subprocess.py:97} INFO - Command exited with return code 0
[2022-11-08T15:28:19.863+0000] {taskinstance.py:1406} INFO - Marking task as SUCCESS. dag_id=our_first_dag_v2, task_id=second_task, execution_date=20221031T000000, start_date=20221108T152818, end_date=20221108T152819
[2022-11-08T15:28:20.005+0000] {local_task_job.py:164} INFO - Task exited with return code 0
[2022-11-08T15:28:20.069+0000] {local_task_job.py:273} INFO - 0 downstream tasks scheduled from follow-on schedule check
