[2022-11-08T15:17:57.696+0000] {taskinstance.py:1165} INFO - Dependencies all met for <TaskInstance: our_first_dag_v5.second_task scheduled__2021-09-15T00:00:00+00:00 [queued]>
[2022-11-08T15:17:57.714+0000] {taskinstance.py:1165} INFO - Dependencies all met for <TaskInstance: our_first_dag_v5.second_task scheduled__2021-09-15T00:00:00+00:00 [queued]>
[2022-11-08T15:17:57.714+0000] {taskinstance.py:1362} INFO - 
--------------------------------------------------------------------------------
[2022-11-08T15:17:57.715+0000] {taskinstance.py:1363} INFO - Starting attempt 1 of 6
[2022-11-08T15:17:57.715+0000] {taskinstance.py:1364} INFO - 
--------------------------------------------------------------------------------
[2022-11-08T15:17:57.741+0000] {taskinstance.py:1383} INFO - Executing <Task(BashOperator): second_task> on 2021-09-15 00:00:00+00:00
[2022-11-08T15:17:57.749+0000] {standard_task_runner.py:55} INFO - Started process 1337 to run task
[2022-11-08T15:17:57.754+0000] {standard_task_runner.py:82} INFO - Running: ['***', 'tasks', 'run', 'our_first_dag_v5', 'second_task', 'scheduled__2021-09-15T00:00:00+00:00', '--job-id', '155', '--raw', '--subdir', 'DAGS_FOLDER/first_dag.py', '--cfg-path', '/tmp/tmps3ip5lp0']
[2022-11-08T15:17:57.757+0000] {standard_task_runner.py:83} INFO - Job 155: Subtask second_task
[2022-11-08T15:17:57.861+0000] {task_command.py:376} INFO - Running <TaskInstance: our_first_dag_v5.second_task scheduled__2021-09-15T00:00:00+00:00 [running]> on host ade0f1f4f3fb
[2022-11-08T15:17:57.993+0000] {taskinstance.py:1592} INFO - Exporting the following env vars:
AIRFLOW_CTX_DAG_OWNER=kshama
AIRFLOW_CTX_DAG_ID=our_first_dag_v5
AIRFLOW_CTX_TASK_ID=second_task
AIRFLOW_CTX_EXECUTION_DATE=2021-09-15T00:00:00+00:00
AIRFLOW_CTX_TRY_NUMBER=1
AIRFLOW_CTX_DAG_RUN_ID=scheduled__2021-09-15T00:00:00+00:00
[2022-11-08T15:17:57.994+0000] {subprocess.py:63} INFO - Tmp dir root location: 
 /tmp
[2022-11-08T15:17:57.995+0000] {subprocess.py:75} INFO - Running command: ['/bin/bash', '-c', 'echo hey, I am task2 and will be running after task1!']
[2022-11-08T15:17:58.016+0000] {subprocess.py:86} INFO - Output:
[2022-11-08T15:17:58.018+0000] {subprocess.py:93} INFO - hey, I am task2 and will be running after task1!
[2022-11-08T15:17:58.020+0000] {subprocess.py:97} INFO - Command exited with return code 0
[2022-11-08T15:17:58.060+0000] {taskinstance.py:1406} INFO - Marking task as SUCCESS. dag_id=our_first_dag_v5, task_id=second_task, execution_date=20210915T000000, start_date=20221108T151757, end_date=20221108T151758
[2022-11-08T15:17:58.092+0000] {local_task_job.py:164} INFO - Task exited with return code 0
[2022-11-08T15:17:58.128+0000] {local_task_job.py:273} INFO - 0 downstream tasks scheduled from follow-on schedule check
