[2022-11-08T15:21:09.401+0000] {taskinstance.py:1165} INFO - Dependencies all met for <TaskInstance: our_first_dag_v2.second_task scheduled__2021-09-09T00:00:00+00:00 [queued]>
[2022-11-08T15:21:09.430+0000] {taskinstance.py:1165} INFO - Dependencies all met for <TaskInstance: our_first_dag_v2.second_task scheduled__2021-09-09T00:00:00+00:00 [queued]>
[2022-11-08T15:21:09.432+0000] {taskinstance.py:1362} INFO - 
--------------------------------------------------------------------------------
[2022-11-08T15:21:09.433+0000] {taskinstance.py:1363} INFO - Starting attempt 1 of 6
[2022-11-08T15:21:09.433+0000] {taskinstance.py:1364} INFO - 
--------------------------------------------------------------------------------
[2022-11-08T15:21:09.479+0000] {taskinstance.py:1383} INFO - Executing <Task(BashOperator): second_task> on 2021-09-09 00:00:00+00:00
[2022-11-08T15:21:09.503+0000] {standard_task_runner.py:55} INFO - Started process 3087 to run task
[2022-11-08T15:21:09.526+0000] {standard_task_runner.py:82} INFO - Running: ['***', 'tasks', 'run', 'our_first_dag_v2', 'second_task', 'scheduled__2021-09-09T00:00:00+00:00', '--job-id', '666', '--raw', '--subdir', 'DAGS_FOLDER/first_dag.py', '--cfg-path', '/tmp/tmprw227ot8']
[2022-11-08T15:21:09.544+0000] {standard_task_runner.py:83} INFO - Job 666: Subtask second_task
[2022-11-08T15:21:09.763+0000] {task_command.py:376} INFO - Running <TaskInstance: our_first_dag_v2.second_task scheduled__2021-09-09T00:00:00+00:00 [running]> on host ade0f1f4f3fb
[2022-11-08T15:21:09.957+0000] {taskinstance.py:1592} INFO - Exporting the following env vars:
AIRFLOW_CTX_DAG_OWNER=kshama
AIRFLOW_CTX_DAG_ID=our_first_dag_v2
AIRFLOW_CTX_TASK_ID=second_task
AIRFLOW_CTX_EXECUTION_DATE=2021-09-09T00:00:00+00:00
AIRFLOW_CTX_TRY_NUMBER=1
AIRFLOW_CTX_DAG_RUN_ID=scheduled__2021-09-09T00:00:00+00:00
[2022-11-08T15:21:09.962+0000] {subprocess.py:63} INFO - Tmp dir root location: 
 /tmp
[2022-11-08T15:21:09.967+0000] {subprocess.py:75} INFO - Running command: ['/bin/bash', '-c', 'echo hey, I am task2 and will be running after task1!']
[2022-11-08T15:21:10.045+0000] {subprocess.py:86} INFO - Output:
[2022-11-08T15:21:10.048+0000] {subprocess.py:93} INFO - hey, I am task2 and will be running after task1!
[2022-11-08T15:21:10.049+0000] {subprocess.py:97} INFO - Command exited with return code 0
[2022-11-08T15:21:10.121+0000] {taskinstance.py:1406} INFO - Marking task as SUCCESS. dag_id=our_first_dag_v2, task_id=second_task, execution_date=20210909T000000, start_date=20221108T152109, end_date=20221108T152110
[2022-11-08T15:21:10.474+0000] {local_task_job.py:164} INFO - Task exited with return code 0
[2022-11-08T15:21:10.548+0000] {local_task_job.py:273} INFO - 0 downstream tasks scheduled from follow-on schedule check
