[2022-11-08T15:22:12.187+0000] {taskinstance.py:1165} INFO - Dependencies all met for <TaskInstance: our_first_dag_v2.first_task scheduled__2021-12-09T00:00:00+00:00 [queued]>
[2022-11-08T15:22:12.248+0000] {taskinstance.py:1165} INFO - Dependencies all met for <TaskInstance: our_first_dag_v2.first_task scheduled__2021-12-09T00:00:00+00:00 [queued]>
[2022-11-08T15:22:12.251+0000] {taskinstance.py:1362} INFO - 
--------------------------------------------------------------------------------
[2022-11-08T15:22:12.254+0000] {taskinstance.py:1363} INFO - Starting attempt 1 of 6
[2022-11-08T15:22:12.254+0000] {taskinstance.py:1364} INFO - 
--------------------------------------------------------------------------------
[2022-11-08T15:22:12.328+0000] {taskinstance.py:1383} INFO - Executing <Task(BashOperator): first_task> on 2021-12-09 00:00:00+00:00
[2022-11-08T15:22:12.381+0000] {standard_task_runner.py:55} INFO - Started process 3925 to run task
[2022-11-08T15:22:12.387+0000] {standard_task_runner.py:82} INFO - Running: ['***', 'tasks', 'run', 'our_first_dag_v2', 'first_task', 'scheduled__2021-12-09T00:00:00+00:00', '--job-id', '926', '--raw', '--subdir', 'DAGS_FOLDER/first_dag.py', '--cfg-path', '/tmp/tmphhz4611a']
[2022-11-08T15:22:12.395+0000] {standard_task_runner.py:83} INFO - Job 926: Subtask first_task
[2022-11-08T15:22:12.770+0000] {task_command.py:376} INFO - Running <TaskInstance: our_first_dag_v2.first_task scheduled__2021-12-09T00:00:00+00:00 [running]> on host ade0f1f4f3fb
[2022-11-08T15:22:13.140+0000] {taskinstance.py:1592} INFO - Exporting the following env vars:
AIRFLOW_CTX_DAG_OWNER=kshama
AIRFLOW_CTX_DAG_ID=our_first_dag_v2
AIRFLOW_CTX_TASK_ID=first_task
AIRFLOW_CTX_EXECUTION_DATE=2021-12-09T00:00:00+00:00
AIRFLOW_CTX_TRY_NUMBER=1
AIRFLOW_CTX_DAG_RUN_ID=scheduled__2021-12-09T00:00:00+00:00
[2022-11-08T15:22:13.144+0000] {subprocess.py:63} INFO - Tmp dir root location: 
 /tmp
[2022-11-08T15:22:13.145+0000] {subprocess.py:75} INFO - Running command: ['/bin/bash', '-c', 'echo hello world, this is the first task!']
[2022-11-08T15:22:13.254+0000] {subprocess.py:86} INFO - Output:
[2022-11-08T15:22:13.274+0000] {subprocess.py:93} INFO - hello world, this is the first task!
[2022-11-08T15:22:13.281+0000] {subprocess.py:97} INFO - Command exited with return code 0
[2022-11-08T15:22:13.394+0000] {taskinstance.py:1406} INFO - Marking task as SUCCESS. dag_id=our_first_dag_v2, task_id=first_task, execution_date=20211209T000000, start_date=20221108T152212, end_date=20221108T152213
[2022-11-08T15:22:13.462+0000] {local_task_job.py:164} INFO - Task exited with return code 0
[2022-11-08T15:22:13.565+0000] {local_task_job.py:273} INFO - 1 downstream tasks scheduled from follow-on schedule check
