[2022-11-08T15:21:56.300+0000] {taskinstance.py:1165} INFO - Dependencies all met for <TaskInstance: our_first_dag_v2.first_task scheduled__2021-11-15T00:00:00+00:00 [queued]>
[2022-11-08T15:21:56.328+0000] {taskinstance.py:1165} INFO - Dependencies all met for <TaskInstance: our_first_dag_v2.first_task scheduled__2021-11-15T00:00:00+00:00 [queued]>
[2022-11-08T15:21:56.329+0000] {taskinstance.py:1362} INFO - 
--------------------------------------------------------------------------------
[2022-11-08T15:21:56.332+0000] {taskinstance.py:1363} INFO - Starting attempt 1 of 6
[2022-11-08T15:21:56.333+0000] {taskinstance.py:1364} INFO - 
--------------------------------------------------------------------------------
[2022-11-08T15:21:56.428+0000] {taskinstance.py:1383} INFO - Executing <Task(BashOperator): first_task> on 2021-11-15 00:00:00+00:00
[2022-11-08T15:21:56.453+0000] {standard_task_runner.py:55} INFO - Started process 3691 to run task
[2022-11-08T15:21:56.468+0000] {standard_task_runner.py:82} INFO - Running: ['***', 'tasks', 'run', 'our_first_dag_v2', 'first_task', 'scheduled__2021-11-15T00:00:00+00:00', '--job-id', '853', '--raw', '--subdir', 'DAGS_FOLDER/first_dag.py', '--cfg-path', '/tmp/tmpcqy3b0a7']
[2022-11-08T15:21:56.476+0000] {standard_task_runner.py:83} INFO - Job 853: Subtask first_task
[2022-11-08T15:21:56.692+0000] {task_command.py:376} INFO - Running <TaskInstance: our_first_dag_v2.first_task scheduled__2021-11-15T00:00:00+00:00 [running]> on host ade0f1f4f3fb
[2022-11-08T15:21:56.867+0000] {taskinstance.py:1592} INFO - Exporting the following env vars:
AIRFLOW_CTX_DAG_OWNER=kshama
AIRFLOW_CTX_DAG_ID=our_first_dag_v2
AIRFLOW_CTX_TASK_ID=first_task
AIRFLOW_CTX_EXECUTION_DATE=2021-11-15T00:00:00+00:00
AIRFLOW_CTX_TRY_NUMBER=1
AIRFLOW_CTX_DAG_RUN_ID=scheduled__2021-11-15T00:00:00+00:00
[2022-11-08T15:21:56.873+0000] {subprocess.py:63} INFO - Tmp dir root location: 
 /tmp
[2022-11-08T15:21:56.875+0000] {subprocess.py:75} INFO - Running command: ['/bin/bash', '-c', 'echo hello world, this is the first task!']
[2022-11-08T15:21:56.898+0000] {subprocess.py:86} INFO - Output:
[2022-11-08T15:21:56.901+0000] {subprocess.py:93} INFO - hello world, this is the first task!
[2022-11-08T15:21:56.905+0000] {subprocess.py:97} INFO - Command exited with return code 0
[2022-11-08T15:21:56.977+0000] {taskinstance.py:1406} INFO - Marking task as SUCCESS. dag_id=our_first_dag_v2, task_id=first_task, execution_date=20211115T000000, start_date=20221108T152156, end_date=20221108T152156
[2022-11-08T15:21:57.180+0000] {local_task_job.py:164} INFO - Task exited with return code 0
[2022-11-08T15:21:57.242+0000] {local_task_job.py:273} INFO - 1 downstream tasks scheduled from follow-on schedule check
