[2022-11-08T15:18:58.247+0000] {taskinstance.py:1165} INFO - Dependencies all met for <TaskInstance: our_first_dag_v5.thrid_task scheduled__2021-12-11T00:00:00+00:00 [queued]>
[2022-11-08T15:18:58.279+0000] {taskinstance.py:1165} INFO - Dependencies all met for <TaskInstance: our_first_dag_v5.thrid_task scheduled__2021-12-11T00:00:00+00:00 [queued]>
[2022-11-08T15:18:58.280+0000] {taskinstance.py:1362} INFO - 
--------------------------------------------------------------------------------
[2022-11-08T15:18:58.280+0000] {taskinstance.py:1363} INFO - Starting attempt 1 of 6
[2022-11-08T15:18:58.280+0000] {taskinstance.py:1364} INFO - 
--------------------------------------------------------------------------------
[2022-11-08T15:18:58.341+0000] {taskinstance.py:1383} INFO - Executing <Task(BashOperator): thrid_task> on 2021-12-11 00:00:00+00:00
[2022-11-08T15:18:58.364+0000] {standard_task_runner.py:55} INFO - Started process 2144 to run task
[2022-11-08T15:18:58.376+0000] {standard_task_runner.py:82} INFO - Running: ['***', 'tasks', 'run', 'our_first_dag_v5', 'thrid_task', 'scheduled__2021-12-11T00:00:00+00:00', '--job-id', '406', '--raw', '--subdir', 'DAGS_FOLDER/first_dag.py', '--cfg-path', '/tmp/tmp62bfshuk']
[2022-11-08T15:18:58.383+0000] {standard_task_runner.py:83} INFO - Job 406: Subtask thrid_task
[2022-11-08T15:18:58.530+0000] {task_command.py:376} INFO - Running <TaskInstance: our_first_dag_v5.thrid_task scheduled__2021-12-11T00:00:00+00:00 [running]> on host ade0f1f4f3fb
[2022-11-08T15:18:58.672+0000] {taskinstance.py:1592} INFO - Exporting the following env vars:
AIRFLOW_CTX_DAG_OWNER=kshama
AIRFLOW_CTX_DAG_ID=our_first_dag_v5
AIRFLOW_CTX_TASK_ID=thrid_task
AIRFLOW_CTX_EXECUTION_DATE=2021-12-11T00:00:00+00:00
AIRFLOW_CTX_TRY_NUMBER=1
AIRFLOW_CTX_DAG_RUN_ID=scheduled__2021-12-11T00:00:00+00:00
[2022-11-08T15:18:58.674+0000] {subprocess.py:63} INFO - Tmp dir root location: 
 /tmp
[2022-11-08T15:18:58.677+0000] {subprocess.py:75} INFO - Running command: ['/bin/bash', '-c', 'echo hey, I am task3 and will be running after task1 at the same time as task2!']
[2022-11-08T15:18:58.709+0000] {subprocess.py:86} INFO - Output:
[2022-11-08T15:18:58.712+0000] {subprocess.py:93} INFO - hey, I am task3 and will be running after task1 at the same time as task2!
[2022-11-08T15:18:58.712+0000] {subprocess.py:97} INFO - Command exited with return code 0
[2022-11-08T15:18:58.754+0000] {taskinstance.py:1406} INFO - Marking task as SUCCESS. dag_id=our_first_dag_v5, task_id=thrid_task, execution_date=20211211T000000, start_date=20221108T151858, end_date=20221108T151858
[2022-11-08T15:18:58.788+0000] {local_task_job.py:164} INFO - Task exited with return code 0
[2022-11-08T15:18:58.838+0000] {local_task_job.py:273} INFO - 0 downstream tasks scheduled from follow-on schedule check
