[2022-11-08T15:19:21.462+0000] {taskinstance.py:1165} INFO - Dependencies all met for <TaskInstance: our_first_dag_v5.second_task scheduled__2022-01-14T00:00:00+00:00 [queued]>
[2022-11-08T15:19:21.477+0000] {taskinstance.py:1165} INFO - Dependencies all met for <TaskInstance: our_first_dag_v5.second_task scheduled__2022-01-14T00:00:00+00:00 [queued]>
[2022-11-08T15:19:21.477+0000] {taskinstance.py:1362} INFO - 
--------------------------------------------------------------------------------
[2022-11-08T15:19:21.478+0000] {taskinstance.py:1363} INFO - Starting attempt 1 of 6
[2022-11-08T15:19:21.478+0000] {taskinstance.py:1364} INFO - 
--------------------------------------------------------------------------------
[2022-11-08T15:19:21.498+0000] {taskinstance.py:1383} INFO - Executing <Task(BashOperator): second_task> on 2022-01-14 00:00:00+00:00
[2022-11-08T15:19:21.510+0000] {standard_task_runner.py:55} INFO - Started process 2491 to run task
[2022-11-08T15:19:21.521+0000] {standard_task_runner.py:82} INFO - Running: ['***', 'tasks', 'run', 'our_first_dag_v5', 'second_task', 'scheduled__2022-01-14T00:00:00+00:00', '--job-id', '517', '--raw', '--subdir', 'DAGS_FOLDER/first_dag.py', '--cfg-path', '/tmp/tmp2hn55ltd']
[2022-11-08T15:19:21.524+0000] {standard_task_runner.py:83} INFO - Job 517: Subtask second_task
[2022-11-08T15:19:21.682+0000] {task_command.py:376} INFO - Running <TaskInstance: our_first_dag_v5.second_task scheduled__2022-01-14T00:00:00+00:00 [running]> on host ade0f1f4f3fb
[2022-11-08T15:19:21.827+0000] {taskinstance.py:1592} INFO - Exporting the following env vars:
AIRFLOW_CTX_DAG_OWNER=kshama
AIRFLOW_CTX_DAG_ID=our_first_dag_v5
AIRFLOW_CTX_TASK_ID=second_task
AIRFLOW_CTX_EXECUTION_DATE=2022-01-14T00:00:00+00:00
AIRFLOW_CTX_TRY_NUMBER=1
AIRFLOW_CTX_DAG_RUN_ID=scheduled__2022-01-14T00:00:00+00:00
[2022-11-08T15:19:21.829+0000] {subprocess.py:63} INFO - Tmp dir root location: 
 /tmp
[2022-11-08T15:19:21.830+0000] {subprocess.py:75} INFO - Running command: ['/bin/bash', '-c', 'echo hey, I am task2 and will be running after task1!']
[2022-11-08T15:19:21.848+0000] {subprocess.py:86} INFO - Output:
[2022-11-08T15:19:21.850+0000] {subprocess.py:93} INFO - hey, I am task2 and will be running after task1!
[2022-11-08T15:19:21.851+0000] {subprocess.py:97} INFO - Command exited with return code 0
[2022-11-08T15:19:21.877+0000] {taskinstance.py:1406} INFO - Marking task as SUCCESS. dag_id=our_first_dag_v5, task_id=second_task, execution_date=20220114T000000, start_date=20221108T151921, end_date=20221108T151921
[2022-11-08T15:19:21.928+0000] {local_task_job.py:164} INFO - Task exited with return code 0
[2022-11-08T15:19:21.945+0000] {local_task_job.py:273} INFO - 0 downstream tasks scheduled from follow-on schedule check
