[2022-11-08T15:26:00.990+0000] {taskinstance.py:1165} INFO - Dependencies all met for <TaskInstance: our_first_dag_v2.thrid_task scheduled__2022-05-09T00:00:00+00:00 [queued]>
[2022-11-08T15:26:01.043+0000] {taskinstance.py:1165} INFO - Dependencies all met for <TaskInstance: our_first_dag_v2.thrid_task scheduled__2022-05-09T00:00:00+00:00 [queued]>
[2022-11-08T15:26:01.045+0000] {taskinstance.py:1362} INFO - 
--------------------------------------------------------------------------------
[2022-11-08T15:26:01.048+0000] {taskinstance.py:1363} INFO - Starting attempt 1 of 6
[2022-11-08T15:26:01.051+0000] {taskinstance.py:1364} INFO - 
--------------------------------------------------------------------------------
[2022-11-08T15:26:01.118+0000] {taskinstance.py:1383} INFO - Executing <Task(BashOperator): thrid_task> on 2022-05-09 00:00:00+00:00
[2022-11-08T15:26:01.152+0000] {standard_task_runner.py:55} INFO - Started process 5485 to run task
[2022-11-08T15:26:01.193+0000] {standard_task_runner.py:82} INFO - Running: ['***', 'tasks', 'run', 'our_first_dag_v2', 'thrid_task', 'scheduled__2022-05-09T00:00:00+00:00', '--job-id', '1377', '--raw', '--subdir', 'DAGS_FOLDER/first_dag.py', '--cfg-path', '/tmp/tmph3a67wf3']
[2022-11-08T15:26:01.197+0000] {standard_task_runner.py:83} INFO - Job 1377: Subtask thrid_task
[2022-11-08T15:26:01.438+0000] {task_command.py:376} INFO - Running <TaskInstance: our_first_dag_v2.thrid_task scheduled__2022-05-09T00:00:00+00:00 [running]> on host ade0f1f4f3fb
[2022-11-08T15:26:01.725+0000] {taskinstance.py:1592} INFO - Exporting the following env vars:
AIRFLOW_CTX_DAG_OWNER=kshama
AIRFLOW_CTX_DAG_ID=our_first_dag_v2
AIRFLOW_CTX_TASK_ID=thrid_task
AIRFLOW_CTX_EXECUTION_DATE=2022-05-09T00:00:00+00:00
AIRFLOW_CTX_TRY_NUMBER=1
AIRFLOW_CTX_DAG_RUN_ID=scheduled__2022-05-09T00:00:00+00:00
[2022-11-08T15:26:01.730+0000] {subprocess.py:63} INFO - Tmp dir root location: 
 /tmp
[2022-11-08T15:26:01.731+0000] {subprocess.py:75} INFO - Running command: ['/bin/bash', '-c', 'echo hey, I am task3 and will be running after task1 at the same time as task2!']
[2022-11-08T15:26:01.756+0000] {subprocess.py:86} INFO - Output:
[2022-11-08T15:26:01.760+0000] {subprocess.py:93} INFO - hey, I am task3 and will be running after task1 at the same time as task2!
[2022-11-08T15:26:01.761+0000] {subprocess.py:97} INFO - Command exited with return code 0
[2022-11-08T15:26:01.807+0000] {taskinstance.py:1406} INFO - Marking task as SUCCESS. dag_id=our_first_dag_v2, task_id=thrid_task, execution_date=20220509T000000, start_date=20221108T152601, end_date=20221108T152601
[2022-11-08T15:26:01.873+0000] {local_task_job.py:164} INFO - Task exited with return code 0
[2022-11-08T15:26:01.927+0000] {local_task_job.py:273} INFO - 0 downstream tasks scheduled from follow-on schedule check
