[2022-11-08T15:28:19.587+0000] {taskinstance.py:1165} INFO - Dependencies all met for <TaskInstance: our_first_dag_v2.first_task scheduled__2022-11-07T00:00:00+00:00 [queued]>
[2022-11-08T15:28:19.657+0000] {taskinstance.py:1165} INFO - Dependencies all met for <TaskInstance: our_first_dag_v2.first_task scheduled__2022-11-07T00:00:00+00:00 [queued]>
[2022-11-08T15:28:19.658+0000] {taskinstance.py:1362} INFO - 
--------------------------------------------------------------------------------
[2022-11-08T15:28:19.659+0000] {taskinstance.py:1363} INFO - Starting attempt 1 of 6
[2022-11-08T15:28:19.666+0000] {taskinstance.py:1364} INFO - 
--------------------------------------------------------------------------------
[2022-11-08T15:28:19.803+0000] {taskinstance.py:1383} INFO - Executing <Task(BashOperator): first_task> on 2022-11-07 00:00:00+00:00
[2022-11-08T15:28:19.844+0000] {standard_task_runner.py:55} INFO - Started process 7240 to run task
[2022-11-08T15:28:19.871+0000] {standard_task_runner.py:82} INFO - Running: ['***', 'tasks', 'run', 'our_first_dag_v2', 'first_task', 'scheduled__2022-11-07T00:00:00+00:00', '--job-id', '1921', '--raw', '--subdir', 'DAGS_FOLDER/first_dag.py', '--cfg-path', '/tmp/tmp1a_kwr5j']
[2022-11-08T15:28:19.880+0000] {standard_task_runner.py:83} INFO - Job 1921: Subtask first_task
[2022-11-08T15:28:20.170+0000] {task_command.py:376} INFO - Running <TaskInstance: our_first_dag_v2.first_task scheduled__2022-11-07T00:00:00+00:00 [running]> on host ade0f1f4f3fb
[2022-11-08T15:28:20.454+0000] {taskinstance.py:1592} INFO - Exporting the following env vars:
AIRFLOW_CTX_DAG_OWNER=kshama
AIRFLOW_CTX_DAG_ID=our_first_dag_v2
AIRFLOW_CTX_TASK_ID=first_task
AIRFLOW_CTX_EXECUTION_DATE=2022-11-07T00:00:00+00:00
AIRFLOW_CTX_TRY_NUMBER=1
AIRFLOW_CTX_DAG_RUN_ID=scheduled__2022-11-07T00:00:00+00:00
[2022-11-08T15:28:20.455+0000] {subprocess.py:63} INFO - Tmp dir root location: 
 /tmp
[2022-11-08T15:28:20.460+0000] {subprocess.py:75} INFO - Running command: ['/bin/bash', '-c', 'echo hello world, this is the first task!']
[2022-11-08T15:28:20.510+0000] {subprocess.py:86} INFO - Output:
[2022-11-08T15:28:20.515+0000] {subprocess.py:93} INFO - hello world, this is the first task!
[2022-11-08T15:28:20.516+0000] {subprocess.py:97} INFO - Command exited with return code 0
[2022-11-08T15:28:20.615+0000] {taskinstance.py:1406} INFO - Marking task as SUCCESS. dag_id=our_first_dag_v2, task_id=first_task, execution_date=20221107T000000, start_date=20221108T152819, end_date=20221108T152820
[2022-11-08T15:28:20.696+0000] {local_task_job.py:164} INFO - Task exited with return code 0
[2022-11-08T15:28:20.778+0000] {local_task_job.py:273} INFO - 1 downstream tasks scheduled from follow-on schedule check
