[2022-11-08T15:24:41.919+0000] {taskinstance.py:1165} INFO - Dependencies all met for <TaskInstance: our_first_dag_v2.second_task scheduled__2022-01-29T00:00:00+00:00 [queued]>
[2022-11-08T15:24:41.951+0000] {taskinstance.py:1165} INFO - Dependencies all met for <TaskInstance: our_first_dag_v2.second_task scheduled__2022-01-29T00:00:00+00:00 [queued]>
[2022-11-08T15:24:41.953+0000] {taskinstance.py:1362} INFO - 
--------------------------------------------------------------------------------
[2022-11-08T15:24:41.955+0000] {taskinstance.py:1363} INFO - Starting attempt 1 of 6
[2022-11-08T15:24:41.957+0000] {taskinstance.py:1364} INFO - 
--------------------------------------------------------------------------------
[2022-11-08T15:24:42.025+0000] {taskinstance.py:1383} INFO - Executing <Task(BashOperator): second_task> on 2022-01-29 00:00:00+00:00
[2022-11-08T15:24:42.038+0000] {standard_task_runner.py:55} INFO - Started process 4562 to run task
[2022-11-08T15:24:42.066+0000] {standard_task_runner.py:82} INFO - Running: ['***', 'tasks', 'run', 'our_first_dag_v2', 'second_task', 'scheduled__2022-01-29T00:00:00+00:00', '--job-id', '1092', '--raw', '--subdir', 'DAGS_FOLDER/first_dag.py', '--cfg-path', '/tmp/tmpnhgp2nqp']
[2022-11-08T15:24:42.070+0000] {standard_task_runner.py:83} INFO - Job 1092: Subtask second_task
[2022-11-08T15:24:42.263+0000] {task_command.py:376} INFO - Running <TaskInstance: our_first_dag_v2.second_task scheduled__2022-01-29T00:00:00+00:00 [running]> on host ade0f1f4f3fb
[2022-11-08T15:24:42.433+0000] {taskinstance.py:1592} INFO - Exporting the following env vars:
AIRFLOW_CTX_DAG_OWNER=kshama
AIRFLOW_CTX_DAG_ID=our_first_dag_v2
AIRFLOW_CTX_TASK_ID=second_task
AIRFLOW_CTX_EXECUTION_DATE=2022-01-29T00:00:00+00:00
AIRFLOW_CTX_TRY_NUMBER=1
AIRFLOW_CTX_DAG_RUN_ID=scheduled__2022-01-29T00:00:00+00:00
[2022-11-08T15:24:42.435+0000] {subprocess.py:63} INFO - Tmp dir root location: 
 /tmp
[2022-11-08T15:24:42.436+0000] {subprocess.py:75} INFO - Running command: ['/bin/bash', '-c', 'echo hey, I am task2 and will be running after task1!']
[2022-11-08T15:24:42.479+0000] {subprocess.py:86} INFO - Output:
[2022-11-08T15:24:42.483+0000] {subprocess.py:93} INFO - hey, I am task2 and will be running after task1!
[2022-11-08T15:24:42.484+0000] {subprocess.py:97} INFO - Command exited with return code 0
[2022-11-08T15:24:42.563+0000] {taskinstance.py:1406} INFO - Marking task as SUCCESS. dag_id=our_first_dag_v2, task_id=second_task, execution_date=20220129T000000, start_date=20221108T152441, end_date=20221108T152442
[2022-11-08T15:24:42.692+0000] {local_task_job.py:164} INFO - Task exited with return code 0
[2022-11-08T15:24:42.730+0000] {local_task_job.py:273} INFO - 0 downstream tasks scheduled from follow-on schedule check
